[0.103s] Invoking command in '/workspaces/diffbot/ros2_ws/build/ros2_control_demo_description': CMAKE_PREFIX_PATH=${CMAKE_PREFIX_PATH}:/workspaces/diffbot/ros2_ws/install/rqt_controller_manager:/workspaces/diffbot/ros2_ws/install/ros2controlcli:/workspaces/diffbot/ros2_ws/install/ros2_controllers_test_nodes:/workspaces/diffbot/ros2_ws/install/controller:/opt/ros/humble /usr/bin/cmake /workspaces/diffbot/ros2_ws/src/ros2_control_demos/ros2_control_demo_description -DCMAKE_INSTALL_PREFIX=/workspaces/diffbot/ros2_ws/install/ros2_control_demo_description
[1.587s] -- The C compiler identification is GNU 11.4.0
[1.587s] -- The CXX compiler identification is GNU 11.4.0
[1.588s] -- Detecting C compiler ABI info
[1.588s] -- Detecting C compiler ABI info - done
[1.588s] -- Check for working C compiler: /usr/bin/cc - skipped
[1.588s] -- Detecting C compile features
[1.588s] -- Detecting C compile features - done
[1.589s] -- Detecting CXX compiler ABI info
[1.589s] -- Detecting CXX compiler ABI info - done
[1.589s] -- Check for working CXX compiler: /usr/bin/c++ - skipped
[1.589s] -- Detecting CXX compile features
[1.589s] -- Detecting CXX compile features - done
[1.589s] -- Found ament_cmake: 1.3.5 (/opt/ros/humble/share/ament_cmake/cmake)
[1.705s] -- Found Python3: /usr/bin/python3.10 (found version "3.10.12") found components: Interpreter 
[2.575s] -- Configuring done
[2.576s] -- Generating done
[2.585s] -- Build files have been written to: /workspaces/diffbot/ros2_ws/build/ros2_control_demo_description
[2.612s] Invoked command in '/workspaces/diffbot/ros2_ws/build/ros2_control_demo_description' returned '0': CMAKE_PREFIX_PATH=${CMAKE_PREFIX_PATH}:/workspaces/diffbot/ros2_ws/install/rqt_controller_manager:/workspaces/diffbot/ros2_ws/install/ros2controlcli:/workspaces/diffbot/ros2_ws/install/ros2_controllers_test_nodes:/workspaces/diffbot/ros2_ws/install/controller:/opt/ros/humble /usr/bin/cmake /workspaces/diffbot/ros2_ws/src/ros2_control_demos/ros2_control_demo_description -DCMAKE_INSTALL_PREFIX=/workspaces/diffbot/ros2_ws/install/ros2_control_demo_description
[2.614s] Invoking command in '/workspaces/diffbot/ros2_ws/build/ros2_control_demo_description': CMAKE_PREFIX_PATH=${CMAKE_PREFIX_PATH}:/workspaces/diffbot/ros2_ws/install/rqt_controller_manager:/workspaces/diffbot/ros2_ws/install/ros2controlcli:/workspaces/diffbot/ros2_ws/install/ros2_controllers_test_nodes:/workspaces/diffbot/ros2_ws/install/controller:/opt/ros/humble /usr/bin/cmake --build /workspaces/diffbot/ros2_ws/build/ros2_control_demo_description -- -j8 -l8
[2.848s] Invoked command in '/workspaces/diffbot/ros2_ws/build/ros2_control_demo_description' returned '0': CMAKE_PREFIX_PATH=${CMAKE_PREFIX_PATH}:/workspaces/diffbot/ros2_ws/install/rqt_controller_manager:/workspaces/diffbot/ros2_ws/install/ros2controlcli:/workspaces/diffbot/ros2_ws/install/ros2_controllers_test_nodes:/workspaces/diffbot/ros2_ws/install/controller:/opt/ros/humble /usr/bin/cmake --build /workspaces/diffbot/ros2_ws/build/ros2_control_demo_description -- -j8 -l8
[3.107s] Invoking command in '/workspaces/diffbot/ros2_ws/build/ros2_control_demo_description': CMAKE_PREFIX_PATH=${CMAKE_PREFIX_PATH}:/workspaces/diffbot/ros2_ws/install/rqt_controller_manager:/workspaces/diffbot/ros2_ws/install/ros2controlcli:/workspaces/diffbot/ros2_ws/install/ros2_controllers_test_nodes:/workspaces/diffbot/ros2_ws/install/controller:/opt/ros/humble /usr/bin/cmake --install /workspaces/diffbot/ros2_ws/build/ros2_control_demo_description
[3.979s] -- Install configuration: ""
[3.979s] -- Installing: /workspaces/diffbot/ros2_ws/install/ros2_control_demo_description/share/ros2_control_demo_description/diffbot/urdf
[3.980s] -- Installing: /workspaces/diffbot/ros2_ws/install/ros2_control_demo_description/share/ros2_control_demo_description/diffbot/urdf/diffbot_description.urdf.xacro
[3.980s] -- Installing: /workspaces/diffbot/ros2_ws/install/ros2_control_demo_description/share/ros2_control_demo_description/diffbot/urdf/diffbot.materials.xacro
[3.980s] -- Installing: /workspaces/diffbot/ros2_ws/install/ros2_control_demo_description/share/ros2_control_demo_description/diffbot/rviz
[3.980s] -- Installing: /workspaces/diffbot/ros2_ws/install/ros2_control_demo_description/share/ros2_control_demo_description/diffbot/rviz/diffbot_view.rviz
[3.980s] -- Installing: /workspaces/diffbot/ros2_ws/install/ros2_control_demo_description/share/ros2_control_demo_description/diffbot/rviz/diffbot.rviz
[3.980s] -- Installing: /workspaces/diffbot/ros2_ws/install/ros2_control_demo_description/share/ament_index/resource_index/package_run_dependencies/ros2_control_demo_description
[3.981s] -- Installing: /workspaces/diffbot/ros2_ws/install/ros2_control_demo_description/share/ament_index/resource_index/parent_prefix_path/ros2_control_demo_description
[3.981s] -- Installing: /workspaces/diffbot/ros2_ws/install/ros2_control_demo_description/share/ros2_control_demo_description/environment/ament_prefix_path.sh
[3.981s] -- Installing: /workspaces/diffbot/ros2_ws/install/ros2_control_demo_description/share/ros2_control_demo_description/environment/ament_prefix_path.dsv
[3.981s] -- Installing: /workspaces/diffbot/ros2_ws/install/ros2_control_demo_description/share/ros2_control_demo_description/environment/path.sh
[3.981s] -- Installing: /workspaces/diffbot/ros2_ws/install/ros2_control_demo_description/share/ros2_control_demo_description/environment/path.dsv
[3.981s] -- Installing: /workspaces/diffbot/ros2_ws/install/ros2_control_demo_description/share/ros2_control_demo_description/local_setup.bash
[3.981s] -- Installing: /workspaces/diffbot/ros2_ws/install/ros2_control_demo_description/share/ros2_control_demo_description/local_setup.sh
[3.982s] -- Installing: /workspaces/diffbot/ros2_ws/install/ros2_control_demo_description/share/ros2_control_demo_description/local_setup.zsh
[3.982s] -- Installing: /workspaces/diffbot/ros2_ws/install/ros2_control_demo_description/share/ros2_control_demo_description/local_setup.dsv
[3.982s] -- Installing: /workspaces/diffbot/ros2_ws/install/ros2_control_demo_description/share/ros2_control_demo_description/package.dsv
[3.982s] -- Installing: /workspaces/diffbot/ros2_ws/install/ros2_control_demo_description/share/ament_index/resource_index/packages/ros2_control_demo_description
[3.982s] -- Installing: /workspaces/diffbot/ros2_ws/install/ros2_control_demo_description/share/ros2_control_demo_description/cmake/ros2_control_demo_descriptionConfig.cmake
[3.982s] -- Installing: /workspaces/diffbot/ros2_ws/install/ros2_control_demo_description/share/ros2_control_demo_description/cmake/ros2_control_demo_descriptionConfig-version.cmake
[3.982s] -- Installing: /workspaces/diffbot/ros2_ws/install/ros2_control_demo_description/share/ros2_control_demo_description/package.xml
[3.983s] Invoked command in '/workspaces/diffbot/ros2_ws/build/ros2_control_demo_description' returned '0': CMAKE_PREFIX_PATH=${CMAKE_PREFIX_PATH}:/workspaces/diffbot/ros2_ws/install/rqt_controller_manager:/workspaces/diffbot/ros2_ws/install/ros2controlcli:/workspaces/diffbot/ros2_ws/install/ros2_controllers_test_nodes:/workspaces/diffbot/ros2_ws/install/controller:/opt/ros/humble /usr/bin/cmake --install /workspaces/diffbot/ros2_ws/build/ros2_control_demo_description
