[0.143s] Invoking command in '/workspaces/diffbot/ros2_ws/build/realtime_tools': CMAKE_PREFIX_PATH=${CMAKE_PREFIX_PATH}:/workspaces/diffbot/ros2_ws/install/rqt_controller_manager:/workspaces/diffbot/ros2_ws/install/ros2controlcli:/workspaces/diffbot/ros2_ws/install/ros2_controllers_test_nodes:/workspaces/diffbot/ros2_ws/install/controller:/opt/ros/humble /usr/bin/cmake --build /workspaces/diffbot/ros2_ws/build/realtime_tools -- -j8 -l8
[1.813s] [  9%] Built target gmock_main
[1.813s] [ 23%] Built target gmock
[1.813s] [ 33%] Built target thread_priority
[1.813s] [ 42%] Built target realtime_tools
[1.814s] [ 52%] Built target realtime_publisher_tests_non_polling
[1.814s] [ 61%] Built target realtime_box_tests
[1.818s] [ 71%] Built target realtime_server_goal_handle_tests
[1.818s] [ 80%] Built target realtime_buffer_tests
[1.819s] [ 90%] Built target realtime_clock_tests
[1.819s] [100%] Built target realtime_publisher_tests
[1.823s] Invoked command in '/workspaces/diffbot/ros2_ws/build/realtime_tools' returned '0': CMAKE_PREFIX_PATH=${CMAKE_PREFIX_PATH}:/workspaces/diffbot/ros2_ws/install/rqt_controller_manager:/workspaces/diffbot/ros2_ws/install/ros2controlcli:/workspaces/diffbot/ros2_ws/install/ros2_controllers_test_nodes:/workspaces/diffbot/ros2_ws/install/controller:/opt/ros/humble /usr/bin/cmake --build /workspaces/diffbot/ros2_ws/build/realtime_tools -- -j8 -l8
[2.384s] Invoking command in '/workspaces/diffbot/ros2_ws/build/realtime_tools': CMAKE_PREFIX_PATH=${CMAKE_PREFIX_PATH}:/workspaces/diffbot/ros2_ws/install/rqt_controller_manager:/workspaces/diffbot/ros2_ws/install/ros2controlcli:/workspaces/diffbot/ros2_ws/install/ros2_controllers_test_nodes:/workspaces/diffbot/ros2_ws/install/controller:/opt/ros/humble /usr/bin/cmake --install /workspaces/diffbot/ros2_ws/build/realtime_tools
[2.430s] -- Install configuration: ""
[2.430s] -- Up-to-date: /workspaces/diffbot/ros2_ws/install/realtime_tools/include/realtime_tools
[2.431s] -- Up-to-date: /workspaces/diffbot/ros2_ws/install/realtime_tools/include/realtime_tools/realtime_tools
[2.431s] -- Up-to-date: /workspaces/diffbot/ros2_ws/install/realtime_tools/include/realtime_tools/realtime_tools/realtime_clock.h
[2.431s] -- Up-to-date: /workspaces/diffbot/ros2_ws/install/realtime_tools/include/realtime_tools/realtime_tools/thread_priority.hpp
[2.431s] -- Up-to-date: /workspaces/diffbot/ros2_ws/install/realtime_tools/include/realtime_tools/realtime_tools/realtime_buffer.h
[2.431s] -- Up-to-date: /workspaces/diffbot/ros2_ws/install/realtime_tools/include/realtime_tools/realtime_tools/realtime_box.h
[2.431s] -- Up-to-date: /workspaces/diffbot/ros2_ws/install/realtime_tools/include/realtime_tools/realtime_tools/realtime_server_goal_handle.h
[2.432s] -- Up-to-date: /workspaces/diffbot/ros2_ws/install/realtime_tools/include/realtime_tools/realtime_tools/realtime_publisher.h
[2.432s] -- Up-to-date: /workspaces/diffbot/ros2_ws/install/realtime_tools/lib/librealtime_tools.so
[2.432s] -- Up-to-date: /workspaces/diffbot/ros2_ws/install/realtime_tools/lib/libthread_priority.so
[2.432s] -- Up-to-date: /workspaces/diffbot/ros2_ws/install/realtime_tools/share/realtime_tools/environment/library_path.sh
[2.432s] -- Up-to-date: /workspaces/diffbot/ros2_ws/install/realtime_tools/share/realtime_tools/environment/library_path.dsv
[2.432s] -- Up-to-date: /workspaces/diffbot/ros2_ws/install/realtime_tools/share/ament_index/resource_index/package_run_dependencies/realtime_tools
[2.433s] -- Up-to-date: /workspaces/diffbot/ros2_ws/install/realtime_tools/share/ament_index/resource_index/parent_prefix_path/realtime_tools
[2.433s] -- Up-to-date: /workspaces/diffbot/ros2_ws/install/realtime_tools/share/realtime_tools/environment/ament_prefix_path.sh
[2.433s] -- Up-to-date: /workspaces/diffbot/ros2_ws/install/realtime_tools/share/realtime_tools/environment/ament_prefix_path.dsv
[2.433s] -- Up-to-date: /workspaces/diffbot/ros2_ws/install/realtime_tools/share/realtime_tools/environment/path.sh
[2.433s] -- Up-to-date: /workspaces/diffbot/ros2_ws/install/realtime_tools/share/realtime_tools/environment/path.dsv
[2.433s] -- Up-to-date: /workspaces/diffbot/ros2_ws/install/realtime_tools/share/realtime_tools/local_setup.bash
[2.434s] -- Up-to-date: /workspaces/diffbot/ros2_ws/install/realtime_tools/share/realtime_tools/local_setup.sh
[2.434s] -- Up-to-date: /workspaces/diffbot/ros2_ws/install/realtime_tools/share/realtime_tools/local_setup.zsh
[2.434s] -- Up-to-date: /workspaces/diffbot/ros2_ws/install/realtime_tools/share/realtime_tools/local_setup.dsv
[2.438s] -- Installing: /workspaces/diffbot/ros2_ws/install/realtime_tools/share/realtime_tools/package.dsv
[2.438s] -- Up-to-date: /workspaces/diffbot/ros2_ws/install/realtime_tools/share/ament_index/resource_index/packages/realtime_tools
[2.439s] -- Up-to-date: /workspaces/diffbot/ros2_ws/install/realtime_tools/share/realtime_tools/cmake/export_realtime_toolsExport.cmake
[2.439s] -- Up-to-date: /workspaces/diffbot/ros2_ws/install/realtime_tools/share/realtime_tools/cmake/export_realtime_toolsExport-noconfig.cmake
[2.439s] -- Up-to-date: /workspaces/diffbot/ros2_ws/install/realtime_tools/share/realtime_tools/cmake/ament_cmake_export_targets-extras.cmake
[2.439s] -- Up-to-date: /workspaces/diffbot/ros2_ws/install/realtime_tools/share/realtime_tools/cmake/ament_cmake_export_dependencies-extras.cmake
[2.439s] -- Up-to-date: /workspaces/diffbot/ros2_ws/install/realtime_tools/share/realtime_tools/cmake/realtime_toolsConfig.cmake
[2.439s] -- Up-to-date: /workspaces/diffbot/ros2_ws/install/realtime_tools/share/realtime_tools/cmake/realtime_toolsConfig-version.cmake
[2.440s] -- Up-to-date: /workspaces/diffbot/ros2_ws/install/realtime_tools/share/realtime_tools/package.xml
[3.215s] Invoked command in '/workspaces/diffbot/ros2_ws/build/realtime_tools' returned '0': CMAKE_PREFIX_PATH=${CMAKE_PREFIX_PATH}:/workspaces/diffbot/ros2_ws/install/rqt_controller_manager:/workspaces/diffbot/ros2_ws/install/ros2controlcli:/workspaces/diffbot/ros2_ws/install/ros2_controllers_test_nodes:/workspaces/diffbot/ros2_ws/install/controller:/opt/ros/humble /usr/bin/cmake --install /workspaces/diffbot/ros2_ws/build/realtime_tools
