[0.018s] Invoking command in '/home/lulav/ros2_ws/build/transmission_interface': AMENT_PREFIX_PATH=/home/lulav/ros2_ws/install/hardware_interface:/home/lulav/ros2_ws/install/control_msgs:${AMENT_PREFIX_PATH} CMAKE_PREFIX_PATH=/home/lulav/ros2_ws/install/hardware_interface:/home/lulav/ros2_ws/install/control_msgs:/opt/ros/humble LD_LIBRARY_PATH=/home/lulav/ros2_ws/install/hardware_interface/lib:/home/lulav/ros2_ws/install/control_msgs/lib:${LD_LIBRARY_PATH} PYTHONPATH=/home/lulav/ros2_ws/install/control_msgs/local/lib/python3.10/dist-packages:${PYTHONPATH} /usr/bin/cmake /home/lulav/ros2_ws/src/ros2_control/transmission_interface -DAMENT_CMAKE_SYMLINK_INSTALL=1 -DCMAKE_INSTALL_PREFIX=/home/lulav/ros2_ws/install/transmission_interface
[0.101s] -- The C compiler identification is GNU 11.4.0
[0.190s] -- The CXX compiler identification is GNU 11.4.0
[0.201s] -- Detecting C compiler ABI info
[0.303s] -- Detecting C compiler ABI info - done
[0.326s] -- Check for working C compiler: /usr/bin/cc - skipped
[0.327s] -- Detecting C compile features
[0.328s] -- Detecting C compile features - done
[0.336s] -- Detecting CXX compiler ABI info
[0.467s] -- Detecting CXX compiler ABI info - done
[0.492s] -- Check for working CXX compiler: /usr/bin/c++ - skipped
[0.492s] -- Detecting CXX compile features
[0.493s] -- Detecting CXX compile features - done
[0.498s] -- Found ament_cmake: 1.3.5 (/opt/ros/humble/share/ament_cmake/cmake)
[0.830s] -- Found Python3: /usr/bin/python3.10 (found version "3.10.12") found components: Interpreter 
[0.934s] -- Override CMake install command with custom implementation using symlinks instead of copying resources
[0.973s] -- Found hardware_interface: 2.29.0 (/home/lulav/ros2_ws/install/hardware_interface/share/hardware_interface/cmake)
[1.040s] -- Found rosidl_generator_c: 3.1.5 (/opt/ros/humble/share/rosidl_generator_c/cmake)
[1.049s] -- Found rosidl_adapter: 3.1.5 (/opt/ros/humble/share/rosidl_adapter/cmake)
[1.063s] -- Found rosidl_generator_cpp: 3.1.5 (/opt/ros/humble/share/rosidl_generator_cpp/cmake)
[1.086s] -- Using all available rosidl_typesupport_c: rosidl_typesupport_fastrtps_c;rosidl_typesupport_introspection_c
[1.122s] -- Using all available rosidl_typesupport_cpp: rosidl_typesupport_fastrtps_cpp;rosidl_typesupport_introspection_cpp
[2.232s] -- Found rmw_implementation_cmake: 6.1.1 (/opt/ros/humble/share/rmw_implementation_cmake/cmake)
[2.236s] -- Found rmw_fastrtps_cpp: 6.2.3 (/opt/ros/humble/share/rmw_fastrtps_cpp/cmake)
[2.390s] -- Found OpenSSL: /usr/lib/x86_64-linux-gnu/libcrypto.so (found version "3.0.2")  
[2.436s] -- Found FastRTPS: /opt/ros/humble/include  
[2.518s] -- Using RMW implementation 'rmw_fastrtps_cpp' as default
[2.532s] -- Looking for pthread.h
[2.640s] -- Looking for pthread.h - found
[2.640s] -- Performing Test CMAKE_HAVE_LIBC_PTHREAD
[2.751s] -- Performing Test CMAKE_HAVE_LIBC_PTHREAD - Success
[2.753s] -- Found Threads: TRUE  
[3.134s] -- Found ament_cmake_gmock: 1.3.5 (/opt/ros/humble/share/ament_cmake_gmock/cmake)
[3.137s] -- Found gmock sources under '/opt/ros/humble/src/gmock_vendor': C++ tests using 'Google Mock' will be built
[3.143s] -- Found ament_cmake_gtest: 1.3.5 (/opt/ros/humble/share/ament_cmake_gtest/cmake)
[3.145s] -- Found gtest sources under '/opt/ros/humble/src/gtest_vendor': C++ tests using 'Google Test' will be built
[3.980s] -- Configuring done
[4.470s] -- Generating done
[4.477s] -- Build files have been written to: /home/lulav/ros2_ws/build/transmission_interface
[4.509s] Invoked command in '/home/lulav/ros2_ws/build/transmission_interface' returned '0': AMENT_PREFIX_PATH=/home/lulav/ros2_ws/install/hardware_interface:/home/lulav/ros2_ws/install/control_msgs:${AMENT_PREFIX_PATH} CMAKE_PREFIX_PATH=/home/lulav/ros2_ws/install/hardware_interface:/home/lulav/ros2_ws/install/control_msgs:/opt/ros/humble LD_LIBRARY_PATH=/home/lulav/ros2_ws/install/hardware_interface/lib:/home/lulav/ros2_ws/install/control_msgs/lib:${LD_LIBRARY_PATH} PYTHONPATH=/home/lulav/ros2_ws/install/control_msgs/local/lib/python3.10/dist-packages:${PYTHONPATH} /usr/bin/cmake /home/lulav/ros2_ws/src/ros2_control/transmission_interface -DAMENT_CMAKE_SYMLINK_INSTALL=1 -DCMAKE_INSTALL_PREFIX=/home/lulav/ros2_ws/install/transmission_interface
[4.510s] Invoking command in '/home/lulav/ros2_ws/build/transmission_interface': AMENT_PREFIX_PATH=/home/lulav/ros2_ws/install/hardware_interface:/home/lulav/ros2_ws/install/control_msgs:${AMENT_PREFIX_PATH} CMAKE_PREFIX_PATH=/home/lulav/ros2_ws/install/hardware_interface:/home/lulav/ros2_ws/install/control_msgs:/opt/ros/humble LD_LIBRARY_PATH=/home/lulav/ros2_ws/install/hardware_interface/lib:/home/lulav/ros2_ws/install/control_msgs/lib:${LD_LIBRARY_PATH} PYTHONPATH=/home/lulav/ros2_ws/install/control_msgs/local/lib/python3.10/dist-packages:${PYTHONPATH} /usr/bin/cmake --build /home/lulav/ros2_ws/build/transmission_interface -- -j8 -l8
[4.687s] [  4%] [32mBuilding CXX object gmock/CMakeFiles/gmock_main.dir/src/gmock_main.cc.o[0m
[4.807s] [  8%] [32mBuilding CXX object gmock/CMakeFiles/gmock.dir/opt/ros/humble/src/gtest_vendor/src/gtest-all.cc.o[0m
[4.816s] [ 13%] [32mBuilding CXX object CMakeFiles/transmission_interface.dir/src/simple_transmission_loader.cpp.o[0m
[4.834s] [ 21%] [32mBuilding CXX object gmock/CMakeFiles/gmock.dir/src/gmock-all.cc.o[0m
[4.835s] [ 21%] [32mBuilding CXX object CMakeFiles/transmission_interface.dir/src/four_bar_linkage_transmission_loader.cpp.o[0m
[4.839s] [ 26%] [32mBuilding CXX object CMakeFiles/transmission_interface.dir/src/differential_transmission_loader.cpp.o[0m
[10.777s] [ 30%] [32m[1mLinking CXX static library libgmock_main.a[0m
[11.159s] [ 30%] Built target gmock_main
[17.381s] [ 34%] [32m[1mLinking CXX static library libgmock.a[0m
[17.760s] [ 34%] Built target gmock
[17.945s] [ 39%] [32mBuilding CXX object CMakeFiles/test_four_bar_linkage_transmission.dir/test/four_bar_linkage_transmission_test.cpp.o[0m
[17.952s] [ 43%] [32mBuilding CXX object CMakeFiles/test_simple_transmission_loader.dir/test/simple_transmission_loader_test.cpp.o[0m
[17.954s] [ 47%] [32mBuilding CXX object CMakeFiles/test_differential_transmission.dir/test/differential_transmission_test.cpp.o[0m
[17.964s] [ 52%] [32mBuilding CXX object CMakeFiles/test_simple_transmission.dir/test/simple_transmission_test.cpp.o[0m
[18.006s] [ 56%] [32mBuilding CXX object CMakeFiles/test_four_bar_linkage_transmission_loader.dir/test/four_bar_linkage_transmission_loader_test.cpp.o[0m
[18.033s] [ 60%] [32mBuilding CXX object CMakeFiles/test_differential_transmission_loader.dir/test/differential_transmission_loader_test.cpp.o[0m
[18.049s] [ 65%] [32m[1mLinking CXX shared library libtransmission_interface.so[0m
[18.057s] [ 69%] [32mBuilding CXX object CMakeFiles/test_utils.dir/test/utils_test.cpp.o[0m
[18.507s] [ 69%] Built target transmission_interface
[26.988s] [ 73%] [32m[1mLinking CXX executable test_simple_transmission[0m
[27.185s] [ 78%] [32m[1mLinking CXX executable test_utils[0m
[28.441s] [ 78%] Built target test_utils
[29.050s] [ 78%] Built target test_simple_transmission
[29.732s] [ 82%] [32m[1mLinking CXX executable test_four_bar_linkage_transmission[0m
[29.853s] [ 86%] [32m[1mLinking CXX executable test_differential_transmission[0m
[31.245s] [ 86%] Built target test_four_bar_linkage_transmission
[31.366s] [ 86%] Built target test_differential_transmission
[35.255s] [ 91%] [32m[1mLinking CXX executable test_differential_transmission_loader[0m
[35.593s] [ 95%] [32m[1mLinking CXX executable test_simple_transmission_loader[0m
[35.636s] [100%] [32m[1mLinking CXX executable test_four_bar_linkage_transmission_loader[0m
[36.294s] [100%] Built target test_differential_transmission_loader
[36.416s] [100%] Built target test_simple_transmission_loader
[36.634s] [100%] Built target test_four_bar_linkage_transmission_loader
[36.651s] Invoked command in '/home/lulav/ros2_ws/build/transmission_interface' returned '0': AMENT_PREFIX_PATH=/home/lulav/ros2_ws/install/hardware_interface:/home/lulav/ros2_ws/install/control_msgs:${AMENT_PREFIX_PATH} CMAKE_PREFIX_PATH=/home/lulav/ros2_ws/install/hardware_interface:/home/lulav/ros2_ws/install/control_msgs:/opt/ros/humble LD_LIBRARY_PATH=/home/lulav/ros2_ws/install/hardware_interface/lib:/home/lulav/ros2_ws/install/control_msgs/lib:${LD_LIBRARY_PATH} PYTHONPATH=/home/lulav/ros2_ws/install/control_msgs/local/lib/python3.10/dist-packages:${PYTHONPATH} /usr/bin/cmake --build /home/lulav/ros2_ws/build/transmission_interface -- -j8 -l8
[36.725s] Invoking command in '/home/lulav/ros2_ws/build/transmission_interface': AMENT_PREFIX_PATH=/home/lulav/ros2_ws/install/hardware_interface:/home/lulav/ros2_ws/install/control_msgs:${AMENT_PREFIX_PATH} CMAKE_PREFIX_PATH=/home/lulav/ros2_ws/install/hardware_interface:/home/lulav/ros2_ws/install/control_msgs:/opt/ros/humble LD_LIBRARY_PATH=/home/lulav/ros2_ws/install/hardware_interface/lib:/home/lulav/ros2_ws/install/control_msgs/lib:${LD_LIBRARY_PATH} PYTHONPATH=/home/lulav/ros2_ws/install/control_msgs/local/lib/python3.10/dist-packages:${PYTHONPATH} /usr/bin/cmake --install /home/lulav/ros2_ws/build/transmission_interface
[36.736s] -- Install configuration: ""
[36.737s] -- Execute custom install script
[36.738s] -- Up-to-date symlink: /home/lulav/ros2_ws/install/transmission_interface/include/transmission_interface/accessor.hpp
[36.738s] -- Up-to-date symlink: /home/lulav/ros2_ws/install/transmission_interface/include/transmission_interface/differential_transmission.hpp
[36.738s] -- Up-to-date symlink: /home/lulav/ros2_ws/install/transmission_interface/include/transmission_interface/differential_transmission_loader.hpp
[36.739s] -- Up-to-date symlink: /home/lulav/ros2_ws/install/transmission_interface/include/transmission_interface/exception.hpp
[36.739s] -- Up-to-date symlink: /home/lulav/ros2_ws/install/transmission_interface/include/transmission_interface/four_bar_linkage_transmission.hpp
[36.739s] -- Up-to-date symlink: /home/lulav/ros2_ws/install/transmission_interface/include/transmission_interface/four_bar_linkage_transmission_loader.hpp
[36.739s] -- Up-to-date symlink: /home/lulav/ros2_ws/install/transmission_interface/include/transmission_interface/handle.hpp
[36.740s] -- Up-to-date symlink: /home/lulav/ros2_ws/install/transmission_interface/include/transmission_interface/simple_transmission.hpp
[36.740s] -- Up-to-date symlink: /home/lulav/ros2_ws/install/transmission_interface/include/transmission_interface/simple_transmission_loader.hpp
[36.740s] -- Up-to-date symlink: /home/lulav/ros2_ws/install/transmission_interface/include/transmission_interface/transmission.hpp
[36.740s] -- Up-to-date symlink: /home/lulav/ros2_ws/install/transmission_interface/include/transmission_interface/transmission_interface_exception.hpp
[36.741s] -- Up-to-date symlink: /home/lulav/ros2_ws/install/transmission_interface/include/transmission_interface/transmission_loader.hpp
[36.741s] -- Up-to-date symlink: /home/lulav/ros2_ws/install/transmission_interface/include/transmission_interface/visibility_control.h
[36.741s] -- Up-to-date symlink: /home/lulav/ros2_ws/install/transmission_interface/share/transmission_interface//ros2_control_plugins.xml
[36.742s] -- Up-to-date symlink: /home/lulav/ros2_ws/install/transmission_interface/share/transmission_interface/environment/library_path.sh
[36.742s] -- Up-to-date symlink: /home/lulav/ros2_ws/install/transmission_interface/share/transmission_interface/environment/library_path.dsv
[36.742s] -- Up-to-date symlink: /home/lulav/ros2_ws/install/transmission_interface/share/ament_index/resource_index/package_run_dependencies/transmission_interface
[36.743s] -- Up-to-date symlink: /home/lulav/ros2_ws/install/transmission_interface/share/ament_index/resource_index/parent_prefix_path/transmission_interface
[36.743s] -- Up-to-date symlink: /home/lulav/ros2_ws/install/transmission_interface/share/transmission_interface/environment/ament_prefix_path.sh
[36.743s] -- Up-to-date symlink: /home/lulav/ros2_ws/install/transmission_interface/share/transmission_interface/environment/ament_prefix_path.dsv
[36.744s] -- Up-to-date symlink: /home/lulav/ros2_ws/install/transmission_interface/share/transmission_interface/environment/path.sh
[36.744s] -- Up-to-date symlink: /home/lulav/ros2_ws/install/transmission_interface/share/transmission_interface/environment/path.dsv
[36.744s] -- Up-to-date symlink: /home/lulav/ros2_ws/install/transmission_interface/share/transmission_interface/local_setup.bash
[36.745s] -- Up-to-date symlink: /home/lulav/ros2_ws/install/transmission_interface/share/transmission_interface/local_setup.sh
[36.745s] -- Up-to-date symlink: /home/lulav/ros2_ws/install/transmission_interface/share/transmission_interface/local_setup.zsh
[36.745s] -- Up-to-date symlink: /home/lulav/ros2_ws/install/transmission_interface/share/transmission_interface/local_setup.dsv
[36.746s] -- Symlinking: /home/lulav/ros2_ws/install/transmission_interface/share/transmission_interface/package.dsv
[36.761s] -- Up-to-date symlink: /home/lulav/ros2_ws/install/transmission_interface/share/ament_index/resource_index/packages/transmission_interface
[36.761s] -- Up-to-date symlink: /home/lulav/ros2_ws/install/transmission_interface/share/ament_index/resource_index/transmission_interface__pluginlib__plugin/transmission_interface
[36.761s] -- Up-to-date symlink: /home/lulav/ros2_ws/install/transmission_interface/share/transmission_interface/cmake/ament_cmake_export_include_directories-extras.cmake
[36.762s] -- Up-to-date symlink: /home/lulav/ros2_ws/install/transmission_interface/share/transmission_interface/cmake/ament_cmake_export_dependencies-extras.cmake
[36.762s] -- Up-to-date symlink: /home/lulav/ros2_ws/install/transmission_interface/share/transmission_interface/cmake/ament_cmake_export_libraries-extras.cmake
[36.762s] -- Up-to-date symlink: /home/lulav/ros2_ws/install/transmission_interface/share/transmission_interface/cmake/transmission_interfaceConfig.cmake
[36.763s] -- Up-to-date symlink: /home/lulav/ros2_ws/install/transmission_interface/share/transmission_interface/cmake/transmission_interfaceConfig-version.cmake
[36.763s] -- Up-to-date symlink: /home/lulav/ros2_ws/install/transmission_interface/share/transmission_interface/package.xml
[36.764s] -- Installing: /home/lulav/ros2_ws/install/transmission_interface/lib/libtransmission_interface.so
[36.766s] -- Set runtime path of "/home/lulav/ros2_ws/install/transmission_interface/lib/libtransmission_interface.so" to ""
[36.775s] Invoked command in '/home/lulav/ros2_ws/build/transmission_interface' returned '0': AMENT_PREFIX_PATH=/home/lulav/ros2_ws/install/hardware_interface:/home/lulav/ros2_ws/install/control_msgs:${AMENT_PREFIX_PATH} CMAKE_PREFIX_PATH=/home/lulav/ros2_ws/install/hardware_interface:/home/lulav/ros2_ws/install/control_msgs:/opt/ros/humble LD_LIBRARY_PATH=/home/lulav/ros2_ws/install/hardware_interface/lib:/home/lulav/ros2_ws/install/control_msgs/lib:${LD_LIBRARY_PATH} PYTHONPATH=/home/lulav/ros2_ws/install/control_msgs/local/lib/python3.10/dist-packages:${PYTHONPATH} /usr/bin/cmake --install /home/lulav/ros2_ws/build/transmission_interface
