[0.197s] Invoking command in '/home/lulav/ros2_ws/build/bicycle_steering_controller': AMENT_PREFIX_PATH=/home/lulav/ros2_ws/install/steering_controllers_library:/home/lulav/ros2_ws/install/controller_manager:/home/lulav/ros2_ws/install/controller_interface:/home/lulav/ros2_ws/install/hardware_interface:/home/lulav/ros2_ws/install/ros2_control_test_assets:/home/lulav/ros2_ws/install/realtime_tools:/home/lulav/ros2_ws/install/controller_manager_msgs:/home/lulav/ros2_ws/install/control_msgs:${AMENT_PREFIX_PATH} CMAKE_PREFIX_PATH=/home/lulav/ros2_ws/install/steering_controllers_library:/home/lulav/ros2_ws/install/controller_manager:/home/lulav/ros2_ws/install/controller_interface:/home/lulav/ros2_ws/install/hardware_interface:/home/lulav/ros2_ws/install/ros2_control_test_assets:/home/lulav/ros2_ws/install/realtime_tools:/home/lulav/ros2_ws/install/controller_manager_msgs:/home/lulav/ros2_ws/install/control_msgs:/opt/ros/humble LD_LIBRARY_PATH=/home/lulav/ros2_ws/install/steering_controllers_library/lib:/home/lulav/ros2_ws/install/controller_manager/lib:/home/lulav/ros2_ws/install/controller_interface/lib:/home/lulav/ros2_ws/install/hardware_interface/lib:/home/lulav/ros2_ws/install/realtime_tools/lib:/home/lulav/ros2_ws/install/controller_manager_msgs/lib:/home/lulav/ros2_ws/install/control_msgs/lib:${LD_LIBRARY_PATH} PYTHONPATH=/home/lulav/ros2_ws/install/controller_manager/local/lib/python3.10/dist-packages:/home/lulav/ros2_ws/install/controller_manager_msgs/local/lib/python3.10/dist-packages:/home/lulav/ros2_ws/install/control_msgs/local/lib/python3.10/dist-packages:${PYTHONPATH} /usr/bin/cmake --build /home/lulav/ros2_ws/build/bicycle_steering_controller -- -j8 -l8
[0.409s] [ 25%] Built target gmock
[0.442s] [ 33%] Built target bicycle_steering_controller_parameters
[0.556s] [ 50%] Built target test_load_bicycle_steering_controller
[0.569s] [ 66%] Built target bicycle_steering_controller
[0.708s] [ 83%] Built target test_bicycle_steering_controller
[0.734s] [100%] Built target test_bicycle_steering_controller_preceeding
[0.775s] Invoked command in '/home/lulav/ros2_ws/build/bicycle_steering_controller' returned '0': AMENT_PREFIX_PATH=/home/lulav/ros2_ws/install/steering_controllers_library:/home/lulav/ros2_ws/install/controller_manager:/home/lulav/ros2_ws/install/controller_interface:/home/lulav/ros2_ws/install/hardware_interface:/home/lulav/ros2_ws/install/ros2_control_test_assets:/home/lulav/ros2_ws/install/realtime_tools:/home/lulav/ros2_ws/install/controller_manager_msgs:/home/lulav/ros2_ws/install/control_msgs:${AMENT_PREFIX_PATH} CMAKE_PREFIX_PATH=/home/lulav/ros2_ws/install/steering_controllers_library:/home/lulav/ros2_ws/install/controller_manager:/home/lulav/ros2_ws/install/controller_interface:/home/lulav/ros2_ws/install/hardware_interface:/home/lulav/ros2_ws/install/ros2_control_test_assets:/home/lulav/ros2_ws/install/realtime_tools:/home/lulav/ros2_ws/install/controller_manager_msgs:/home/lulav/ros2_ws/install/control_msgs:/opt/ros/humble LD_LIBRARY_PATH=/home/lulav/ros2_ws/install/steering_controllers_library/lib:/home/lulav/ros2_ws/install/controller_manager/lib:/home/lulav/ros2_ws/install/controller_interface/lib:/home/lulav/ros2_ws/install/hardware_interface/lib:/home/lulav/ros2_ws/install/realtime_tools/lib:/home/lulav/ros2_ws/install/controller_manager_msgs/lib:/home/lulav/ros2_ws/install/control_msgs/lib:${LD_LIBRARY_PATH} PYTHONPATH=/home/lulav/ros2_ws/install/controller_manager/local/lib/python3.10/dist-packages:/home/lulav/ros2_ws/install/controller_manager_msgs/local/lib/python3.10/dist-packages:/home/lulav/ros2_ws/install/control_msgs/local/lib/python3.10/dist-packages:${PYTHONPATH} /usr/bin/cmake --build /home/lulav/ros2_ws/build/bicycle_steering_controller -- -j8 -l8
[1.085s] Invoking command in '/home/lulav/ros2_ws/build/bicycle_steering_controller': AMENT_PREFIX_PATH=/home/lulav/ros2_ws/install/steering_controllers_library:/home/lulav/ros2_ws/install/controller_manager:/home/lulav/ros2_ws/install/controller_interface:/home/lulav/ros2_ws/install/hardware_interface:/home/lulav/ros2_ws/install/ros2_control_test_assets:/home/lulav/ros2_ws/install/realtime_tools:/home/lulav/ros2_ws/install/controller_manager_msgs:/home/lulav/ros2_ws/install/control_msgs:${AMENT_PREFIX_PATH} CMAKE_PREFIX_PATH=/home/lulav/ros2_ws/install/steering_controllers_library:/home/lulav/ros2_ws/install/controller_manager:/home/lulav/ros2_ws/install/controller_interface:/home/lulav/ros2_ws/install/hardware_interface:/home/lulav/ros2_ws/install/ros2_control_test_assets:/home/lulav/ros2_ws/install/realtime_tools:/home/lulav/ros2_ws/install/controller_manager_msgs:/home/lulav/ros2_ws/install/control_msgs:/opt/ros/humble LD_LIBRARY_PATH=/home/lulav/ros2_ws/install/steering_controllers_library/lib:/home/lulav/ros2_ws/install/controller_manager/lib:/home/lulav/ros2_ws/install/controller_interface/lib:/home/lulav/ros2_ws/install/hardware_interface/lib:/home/lulav/ros2_ws/install/realtime_tools/lib:/home/lulav/ros2_ws/install/controller_manager_msgs/lib:/home/lulav/ros2_ws/install/control_msgs/lib:${LD_LIBRARY_PATH} PYTHONPATH=/home/lulav/ros2_ws/install/controller_manager/local/lib/python3.10/dist-packages:/home/lulav/ros2_ws/install/controller_manager_msgs/local/lib/python3.10/dist-packages:/home/lulav/ros2_ws/install/control_msgs/local/lib/python3.10/dist-packages:${PYTHONPATH} /usr/bin/cmake --install /home/lulav/ros2_ws/build/bicycle_steering_controller
[1.164s] -- Install configuration: ""
[1.164s] -- Execute custom install script
[1.164s] -- Up-to-date symlink: /home/lulav/ros2_ws/install/bicycle_steering_controller/include/bicycle_steering_controller_parameters/bicycle_steering_controller_parameters.hpp
[1.164s] -- Up-to-date symlink: /home/lulav/ros2_ws/install/bicycle_steering_controller/share/bicycle_steering_controller//bicycle_steering_controller.xml
[1.164s] -- Up-to-date symlink: /home/lulav/ros2_ws/install/bicycle_steering_controller/include/bicycle_steering_controller/bicycle_steering_controller/bicycle_steering_controller.hpp
[1.164s] -- Up-to-date symlink: /home/lulav/ros2_ws/install/bicycle_steering_controller/include/bicycle_steering_controller/bicycle_steering_controller/visibility_control.h
[1.165s] -- Up-to-date symlink: /home/lulav/ros2_ws/install/bicycle_steering_controller/share/bicycle_steering_controller/environment/library_path.sh
[1.165s] -- Up-to-date symlink: /home/lulav/ros2_ws/install/bicycle_steering_controller/share/bicycle_steering_controller/environment/library_path.dsv
[1.165s] -- Up-to-date symlink: /home/lulav/ros2_ws/install/bicycle_steering_controller/share/ament_index/resource_index/package_run_dependencies/bicycle_steering_controller
[1.165s] -- Up-to-date symlink: /home/lulav/ros2_ws/install/bicycle_steering_controller/share/ament_index/resource_index/parent_prefix_path/bicycle_steering_controller
[1.165s] -- Up-to-date symlink: /home/lulav/ros2_ws/install/bicycle_steering_controller/share/bicycle_steering_controller/environment/ament_prefix_path.sh
[1.165s] -- Up-to-date symlink: /home/lulav/ros2_ws/install/bicycle_steering_controller/share/bicycle_steering_controller/environment/ament_prefix_path.dsv
[1.166s] -- Up-to-date symlink: /home/lulav/ros2_ws/install/bicycle_steering_controller/share/bicycle_steering_controller/environment/path.sh
[1.166s] -- Up-to-date symlink: /home/lulav/ros2_ws/install/bicycle_steering_controller/share/bicycle_steering_controller/environment/path.dsv
[1.166s] -- Up-to-date symlink: /home/lulav/ros2_ws/install/bicycle_steering_controller/share/bicycle_steering_controller/local_setup.bash
[1.166s] -- Up-to-date symlink: /home/lulav/ros2_ws/install/bicycle_steering_controller/share/bicycle_steering_controller/local_setup.sh
[1.166s] -- Up-to-date symlink: /home/lulav/ros2_ws/install/bicycle_steering_controller/share/bicycle_steering_controller/local_setup.zsh
[1.166s] -- Up-to-date symlink: /home/lulav/ros2_ws/install/bicycle_steering_controller/share/bicycle_steering_controller/local_setup.dsv
[1.166s] -- Symlinking: /home/lulav/ros2_ws/install/bicycle_steering_controller/share/bicycle_steering_controller/package.dsv
[1.167s] -- Up-to-date symlink: /home/lulav/ros2_ws/install/bicycle_steering_controller/share/ament_index/resource_index/packages/bicycle_steering_controller
[1.167s] -- Up-to-date symlink: /home/lulav/ros2_ws/install/bicycle_steering_controller/share/ament_index/resource_index/controller_interface__pluginlib__plugin/bicycle_steering_controller
[1.167s] -- Up-to-date symlink: /home/lulav/ros2_ws/install/bicycle_steering_controller/share/bicycle_steering_controller/cmake/ament_cmake_export_targets-extras.cmake
[1.167s] -- Up-to-date symlink: /home/lulav/ros2_ws/install/bicycle_steering_controller/share/bicycle_steering_controller/cmake/ament_cmake_export_dependencies-extras.cmake
[1.168s] -- Up-to-date symlink: /home/lulav/ros2_ws/install/bicycle_steering_controller/share/bicycle_steering_controller/cmake/bicycle_steering_controllerConfig.cmake
[1.168s] -- Up-to-date symlink: /home/lulav/ros2_ws/install/bicycle_steering_controller/share/bicycle_steering_controller/cmake/bicycle_steering_controllerConfig-version.cmake
[1.174s] -- Up-to-date symlink: /home/lulav/ros2_ws/install/bicycle_steering_controller/share/bicycle_steering_controller/package.xml
[1.174s] -- Up-to-date: /home/lulav/ros2_ws/install/bicycle_steering_controller/lib/libbicycle_steering_controller.so
[1.175s] -- Up-to-date: /home/lulav/ros2_ws/install/bicycle_steering_controller/share/bicycle_steering_controller/cmake/export_bicycle_steering_controllerExport.cmake
[1.175s] -- Up-to-date: /home/lulav/ros2_ws/install/bicycle_steering_controller/share/bicycle_steering_controller/cmake/export_bicycle_steering_controllerExport-noconfig.cmake
[1.281s] Invoked command in '/home/lulav/ros2_ws/build/bicycle_steering_controller' returned '0': AMENT_PREFIX_PATH=/home/lulav/ros2_ws/install/steering_controllers_library:/home/lulav/ros2_ws/install/controller_manager:/home/lulav/ros2_ws/install/controller_interface:/home/lulav/ros2_ws/install/hardware_interface:/home/lulav/ros2_ws/install/ros2_control_test_assets:/home/lulav/ros2_ws/install/realtime_tools:/home/lulav/ros2_ws/install/controller_manager_msgs:/home/lulav/ros2_ws/install/control_msgs:${AMENT_PREFIX_PATH} CMAKE_PREFIX_PATH=/home/lulav/ros2_ws/install/steering_controllers_library:/home/lulav/ros2_ws/install/controller_manager:/home/lulav/ros2_ws/install/controller_interface:/home/lulav/ros2_ws/install/hardware_interface:/home/lulav/ros2_ws/install/ros2_control_test_assets:/home/lulav/ros2_ws/install/realtime_tools:/home/lulav/ros2_ws/install/controller_manager_msgs:/home/lulav/ros2_ws/install/control_msgs:/opt/ros/humble LD_LIBRARY_PATH=/home/lulav/ros2_ws/install/steering_controllers_library/lib:/home/lulav/ros2_ws/install/controller_manager/lib:/home/lulav/ros2_ws/install/controller_interface/lib:/home/lulav/ros2_ws/install/hardware_interface/lib:/home/lulav/ros2_ws/install/realtime_tools/lib:/home/lulav/ros2_ws/install/controller_manager_msgs/lib:/home/lulav/ros2_ws/install/control_msgs/lib:${LD_LIBRARY_PATH} PYTHONPATH=/home/lulav/ros2_ws/install/controller_manager/local/lib/python3.10/dist-packages:/home/lulav/ros2_ws/install/controller_manager_msgs/local/lib/python3.10/dist-packages:/home/lulav/ros2_ws/install/control_msgs/local/lib/python3.10/dist-packages:${PYTHONPATH} /usr/bin/cmake --install /home/lulav/ros2_ws/build/bicycle_steering_controller
