[0.033s] Invoking command in '/workspaces/diffbot/ros2_ws/build/hardware_interface': AMENT_PREFIX_PATH=/workspaces/diffbot/ros2_ws/install/ros2_control_test_assets:/workspaces/diffbot/ros2_ws/install/control_msgs:${AMENT_PREFIX_PATH} CMAKE_PREFIX_PATH=/workspaces/diffbot/ros2_ws/install/ros2_control_test_assets:/workspaces/diffbot/ros2_ws/install/control_msgs:/workspaces/diffbot/ros2_ws/install/gazebo_ros2_control_demos:/workspaces/diffbot/ros2_ws/install/ros2_control:/workspaces/diffbot/ros2_ws/install/transmission_interface:/workspaces/diffbot/ros2_ws/install/ros2_controllers:/workspaces/diffbot/ros2_ws/install/steering_controllers_library:/workspaces/diffbot/ros2_ws/install/ros2_control_demos:/workspaces/diffbot/ros2_ws/install/ros2_control_demo_example_2:/workspaces/diffbot/ros2_ws/install/gazebo_ros2_control:/workspaces/diffbot/ros2_ws/install/diffbot_bringup:/workspaces/diffbot/ros2_ws/install/controller_manager:/workspaces/diffbot/ros2_ws/install/ros2_control_demo_description:/workspaces/diffbot/ros2_ws/install/joint_state_broadcaster:/workspaces/diffbot/ros2_ws/install/diff_drive_controller:/workspaces/diffbot/ros2_ws/install/realtime_tools:/workspaces/diffbot/ros2_ws/install/position_controllers:/workspaces/diffbot/ros2_ws/install/joint_limits:/workspaces/diffbot/ros2_ws/install/controller_interface:/workspaces/diffbot/ros2_ws/install/hardware_interface:/workspaces/diffbot/ros2_ws/install/controller_manager_msgs:/workspaces/diffbot/ros2_ws/install/rqt_controller_manager:/workspaces/diffbot/ros2_ws/install/ros2controlcli:/workspaces/diffbot/ros2_ws/install/ros2_controllers_test_nodes:/workspaces/diffbot/ros2_ws/install/controller:/opt/ros/humble LD_LIBRARY_PATH=/workspaces/diffbot/ros2_ws/install/control_msgs/lib:/workspaces/diffbot/ros2_ws/install/transmission_interface/lib:/workspaces/diffbot/ros2_ws/install/steering_controllers_library/lib:/workspaces/diffbot/ros2_ws/install/ros2_control_demo_example_2/lib:/workspaces/diffbot/ros2_ws/install/gazebo_ros2_control/lib:/workspaces/diffbot/ros2_ws/install/controller_manager/lib:/workspaces/diffbot/ros2_ws/install/joint_state_broadcaster/lib:/workspaces/diffbot/ros2_ws/install/diff_drive_controller/lib:/workspaces/diffbot/ros2_ws/install/realtime_tools/lib:/workspaces/diffbot/ros2_ws/install/position_controllers/lib:/workspaces/diffbot/ros2_ws/install/controller_interface/lib:/workspaces/diffbot/ros2_ws/install/hardware_interface/lib:/workspaces/diffbot/ros2_ws/install/controller_manager_msgs/lib:/opt/ros/humble/opt/rviz_ogre_vendor/lib:/opt/ros/humble/lib/x86_64-linux-gnu:/opt/ros/humble/lib PYTHONPATH=/workspaces/diffbot/ros2_ws/install/control_msgs/local/lib/python3.10/dist-packages:${PYTHONPATH} /usr/bin/cmake /workspaces/diffbot/ros2_ws/src/ros2_control/hardware_interface -DCMAKE_INSTALL_PREFIX=/workspaces/diffbot/ros2_ws/install/hardware_interface
[0.170s] -- The C compiler identification is GNU 11.4.0
[0.278s] -- The CXX compiler identification is GNU 11.4.0
[0.292s] -- Detecting C compiler ABI info
[0.448s] -- Detecting C compiler ABI info - done
[0.462s] -- Check for working C compiler: /usr/bin/cc - skipped
[0.462s] -- Detecting C compile features
[0.463s] -- Detecting C compile features - done
[0.471s] -- Detecting CXX compiler ABI info
[0.652s] -- Detecting CXX compiler ABI info - done
[0.673s] -- Check for working CXX compiler: /usr/bin/c++ - skipped
[0.674s] -- Detecting CXX compile features
[0.675s] -- Detecting CXX compile features - done
[0.683s] -- Found ament_cmake: 1.3.5 (/opt/ros/humble/share/ament_cmake/cmake)
[1.045s] -- Found Python3: /usr/bin/python3.10 (found version "3.10.12") found components: Interpreter 
[1.291s] -- Found control_msgs: 4.4.0 (/workspaces/diffbot/ros2_ws/install/control_msgs/share/control_msgs/cmake)
[1.372s] -- Found rosidl_generator_c: 3.1.5 (/opt/ros/humble/share/rosidl_generator_c/cmake)
[1.385s] -- Found rosidl_adapter: 3.1.5 (/opt/ros/humble/share/rosidl_adapter/cmake)
[1.412s] -- Found rosidl_generator_cpp: 3.1.5 (/opt/ros/humble/share/rosidl_generator_cpp/cmake)
[1.451s] -- Using all available rosidl_typesupport_c: rosidl_typesupport_fastrtps_c;rosidl_typesupport_introspection_c
[1.501s] -- Using all available rosidl_typesupport_cpp: rosidl_typesupport_fastrtps_cpp;rosidl_typesupport_introspection_cpp
[2.731s] -- Found lifecycle_msgs: 1.2.1 (/opt/ros/humble/share/lifecycle_msgs/cmake)
[2.776s] -- Found pluginlib: 5.1.0 (/opt/ros/humble/share/pluginlib/cmake)
[2.842s] -- Found rclcpp_lifecycle: 16.0.5 (/opt/ros/humble/share/rclcpp_lifecycle/cmake)
[2.996s] -- Found rmw_implementation_cmake: 6.1.1 (/opt/ros/humble/share/rmw_implementation_cmake/cmake)
[3.007s] -- Found rmw_fastrtps_cpp: 6.2.3 (/opt/ros/humble/share/rmw_fastrtps_cpp/cmake)
[3.244s] -- Found OpenSSL: /usr/lib/x86_64-linux-gnu/libcrypto.so (found version "3.0.2")  
[3.307s] -- Found FastRTPS: /opt/ros/humble/include  
[3.415s] -- Using RMW implementation 'rmw_fastrtps_cpp' as default
[3.435s] -- Looking for pthread.h
[3.600s] -- Looking for pthread.h - found
[3.600s] -- Performing Test CMAKE_HAVE_LIBC_PTHREAD
[3.754s] -- Performing Test CMAKE_HAVE_LIBC_PTHREAD - Success
[3.757s] -- Found Threads: TRUE  
[4.149s] -- Found TinyXML2: /usr/lib/x86_64-linux-gnu/libtinyxml2.so  
[4.172s] -- Found ament_cmake_gmock: 1.3.5 (/opt/ros/humble/share/ament_cmake_gmock/cmake)
[4.175s] -- Found ros2_control_test_assets: 2.30.0 (/workspaces/diffbot/ros2_ws/install/ros2_control_test_assets/share/ros2_control_test_assets/cmake)
[4.185s] -- Found gmock sources under '/opt/ros/humble/src/gmock_vendor': C++ tests using 'Google Mock' will be built
[4.198s] -- Found ament_cmake_gtest: 1.3.5 (/opt/ros/humble/share/ament_cmake_gtest/cmake)
[4.200s] -- Found gtest sources under '/opt/ros/humble/src/gtest_vendor': C++ tests using 'Google Test' will be built
[4.377s] -- Configuring done
[4.505s] -- Generating done
[4.512s] -- Build files have been written to: /workspaces/diffbot/ros2_ws/build/hardware_interface
[4.533s] Invoked command in '/workspaces/diffbot/ros2_ws/build/hardware_interface' returned '0': AMENT_PREFIX_PATH=/workspaces/diffbot/ros2_ws/install/ros2_control_test_assets:/workspaces/diffbot/ros2_ws/install/control_msgs:${AMENT_PREFIX_PATH} CMAKE_PREFIX_PATH=/workspaces/diffbot/ros2_ws/install/ros2_control_test_assets:/workspaces/diffbot/ros2_ws/install/control_msgs:/workspaces/diffbot/ros2_ws/install/gazebo_ros2_control_demos:/workspaces/diffbot/ros2_ws/install/ros2_control:/workspaces/diffbot/ros2_ws/install/transmission_interface:/workspaces/diffbot/ros2_ws/install/ros2_controllers:/workspaces/diffbot/ros2_ws/install/steering_controllers_library:/workspaces/diffbot/ros2_ws/install/ros2_control_demos:/workspaces/diffbot/ros2_ws/install/ros2_control_demo_example_2:/workspaces/diffbot/ros2_ws/install/gazebo_ros2_control:/workspaces/diffbot/ros2_ws/install/diffbot_bringup:/workspaces/diffbot/ros2_ws/install/controller_manager:/workspaces/diffbot/ros2_ws/install/ros2_control_demo_description:/workspaces/diffbot/ros2_ws/install/joint_state_broadcaster:/workspaces/diffbot/ros2_ws/install/diff_drive_controller:/workspaces/diffbot/ros2_ws/install/realtime_tools:/workspaces/diffbot/ros2_ws/install/position_controllers:/workspaces/diffbot/ros2_ws/install/joint_limits:/workspaces/diffbot/ros2_ws/install/controller_interface:/workspaces/diffbot/ros2_ws/install/hardware_interface:/workspaces/diffbot/ros2_ws/install/controller_manager_msgs:/workspaces/diffbot/ros2_ws/install/rqt_controller_manager:/workspaces/diffbot/ros2_ws/install/ros2controlcli:/workspaces/diffbot/ros2_ws/install/ros2_controllers_test_nodes:/workspaces/diffbot/ros2_ws/install/controller:/opt/ros/humble LD_LIBRARY_PATH=/workspaces/diffbot/ros2_ws/install/control_msgs/lib:/workspaces/diffbot/ros2_ws/install/transmission_interface/lib:/workspaces/diffbot/ros2_ws/install/steering_controllers_library/lib:/workspaces/diffbot/ros2_ws/install/ros2_control_demo_example_2/lib:/workspaces/diffbot/ros2_ws/install/gazebo_ros2_control/lib:/workspaces/diffbot/ros2_ws/install/controller_manager/lib:/workspaces/diffbot/ros2_ws/install/joint_state_broadcaster/lib:/workspaces/diffbot/ros2_ws/install/diff_drive_controller/lib:/workspaces/diffbot/ros2_ws/install/realtime_tools/lib:/workspaces/diffbot/ros2_ws/install/position_controllers/lib:/workspaces/diffbot/ros2_ws/install/controller_interface/lib:/workspaces/diffbot/ros2_ws/install/hardware_interface/lib:/workspaces/diffbot/ros2_ws/install/controller_manager_msgs/lib:/opt/ros/humble/opt/rviz_ogre_vendor/lib:/opt/ros/humble/lib/x86_64-linux-gnu:/opt/ros/humble/lib PYTHONPATH=/workspaces/diffbot/ros2_ws/install/control_msgs/local/lib/python3.10/dist-packages:${PYTHONPATH} /usr/bin/cmake /workspaces/diffbot/ros2_ws/src/ros2_control/hardware_interface -DCMAKE_INSTALL_PREFIX=/workspaces/diffbot/ros2_ws/install/hardware_interface
[4.535s] Invoking command in '/workspaces/diffbot/ros2_ws/build/hardware_interface': AMENT_PREFIX_PATH=/workspaces/diffbot/ros2_ws/install/ros2_control_test_assets:/workspaces/diffbot/ros2_ws/install/control_msgs:${AMENT_PREFIX_PATH} CMAKE_PREFIX_PATH=/workspaces/diffbot/ros2_ws/install/ros2_control_test_assets:/workspaces/diffbot/ros2_ws/install/control_msgs:/workspaces/diffbot/ros2_ws/install/gazebo_ros2_control_demos:/workspaces/diffbot/ros2_ws/install/ros2_control:/workspaces/diffbot/ros2_ws/install/transmission_interface:/workspaces/diffbot/ros2_ws/install/ros2_controllers:/workspaces/diffbot/ros2_ws/install/steering_controllers_library:/workspaces/diffbot/ros2_ws/install/ros2_control_demos:/workspaces/diffbot/ros2_ws/install/ros2_control_demo_example_2:/workspaces/diffbot/ros2_ws/install/gazebo_ros2_control:/workspaces/diffbot/ros2_ws/install/diffbot_bringup:/workspaces/diffbot/ros2_ws/install/controller_manager:/workspaces/diffbot/ros2_ws/install/ros2_control_demo_description:/workspaces/diffbot/ros2_ws/install/joint_state_broadcaster:/workspaces/diffbot/ros2_ws/install/diff_drive_controller:/workspaces/diffbot/ros2_ws/install/realtime_tools:/workspaces/diffbot/ros2_ws/install/position_controllers:/workspaces/diffbot/ros2_ws/install/joint_limits:/workspaces/diffbot/ros2_ws/install/controller_interface:/workspaces/diffbot/ros2_ws/install/hardware_interface:/workspaces/diffbot/ros2_ws/install/controller_manager_msgs:/workspaces/diffbot/ros2_ws/install/rqt_controller_manager:/workspaces/diffbot/ros2_ws/install/ros2controlcli:/workspaces/diffbot/ros2_ws/install/ros2_controllers_test_nodes:/workspaces/diffbot/ros2_ws/install/controller:/opt/ros/humble LD_LIBRARY_PATH=/workspaces/diffbot/ros2_ws/install/control_msgs/lib:/workspaces/diffbot/ros2_ws/install/transmission_interface/lib:/workspaces/diffbot/ros2_ws/install/steering_controllers_library/lib:/workspaces/diffbot/ros2_ws/install/ros2_control_demo_example_2/lib:/workspaces/diffbot/ros2_ws/install/gazebo_ros2_control/lib:/workspaces/diffbot/ros2_ws/install/controller_manager/lib:/workspaces/diffbot/ros2_ws/install/joint_state_broadcaster/lib:/workspaces/diffbot/ros2_ws/install/diff_drive_controller/lib:/workspaces/diffbot/ros2_ws/install/realtime_tools/lib:/workspaces/diffbot/ros2_ws/install/position_controllers/lib:/workspaces/diffbot/ros2_ws/install/controller_interface/lib:/workspaces/diffbot/ros2_ws/install/hardware_interface/lib:/workspaces/diffbot/ros2_ws/install/controller_manager_msgs/lib:/opt/ros/humble/opt/rviz_ogre_vendor/lib:/opt/ros/humble/lib/x86_64-linux-gnu:/opt/ros/humble/lib PYTHONPATH=/workspaces/diffbot/ros2_ws/install/control_msgs/local/lib/python3.10/dist-packages:${PYTHONPATH} /usr/bin/cmake --build /workspaces/diffbot/ros2_ws/build/hardware_interface -- -j8 -l8
[4.645s] [  2%] [32mBuilding CXX object CMakeFiles/hardware_interface.dir/src/actuator.cpp.o[0m
[6.322s] [  5%] [32mBuilding CXX object CMakeFiles/hardware_interface.dir/src/system.cpp.o[0m
[7.915s] [  7%] [32mBuilding CXX object CMakeFiles/hardware_interface.dir/src/sensor.cpp.o[0m
[9.537s] [ 10%] [32mBuilding CXX object CMakeFiles/hardware_interface.dir/src/resource_manager.cpp.o[0m
[19.916s] [ 12%] [32mBuilding CXX object CMakeFiles/hardware_interface.dir/src/component_parser.cpp.o[0m
[25.341s] [ 15%] [32m[1mLinking CXX shared library libhardware_interface.so[0m
[25.976s] [ 15%] Built target hardware_interface
[26.025s] [ 17%] [32mBuilding CXX object gmock/CMakeFiles/gmock.dir/opt/ros/humble/src/gtest_vendor/src/gtest-all.cc.o[0m
[32.801s] [ 20%] [32mBuilding CXX object gmock/CMakeFiles/gmock.dir/src/gmock-all.cc.o[0m
[36.875s] [ 23%] [32m[1mLinking CXX static library libgmock.a[0m
[37.025s] [ 23%] Built target gmock
[37.080s] [ 25%] [32mBuilding CXX object CMakeFiles/test_hardware_components.dir/test/test_hardware_components/test_single_joint_actuator.cpp.o[0m
[39.658s] [ 28%] [32mBuilding CXX object CMakeFiles/test_hardware_components.dir/test/test_hardware_components/test_system_with_command_modes.cpp.o[0m
[42.543s] [ 30%] [32mBuilding CXX object CMakeFiles/test_hardware_components.dir/test/test_hardware_components/test_two_joint_system.cpp.o[0m
[45.182s] [ 33%] [32mBuilding CXX object CMakeFiles/test_hardware_components.dir/test/test_hardware_components/test_force_torque_sensor.cpp.o[0m
[47.867s] [ 35%] [32m[1mLinking CXX shared library libtest_hardware_components.so[0m
[48.275s] [ 35%] Built target test_hardware_components
[48.329s] [ 38%] [32mBuilding CXX object CMakeFiles/test_components.dir/test/test_components/test_actuator.cpp.o[0m
[50.835s] [ 41%] [32mBuilding CXX object CMakeFiles/test_components.dir/test/test_components/test_system.cpp.o[0m
[53.644s] [ 43%] [32mBuilding CXX object CMakeFiles/test_components.dir/test/test_components/test_sensor.cpp.o[0m
[56.186s] [ 46%] [32m[1mLinking CXX shared library libtest_components.so[0m
[56.543s] [ 46%] Built target test_components
[56.601s] [ 48%] [32mBuilding CXX object CMakeFiles/fake_components.dir/src/mock_components/generic_system.cpp.o[0m
[59.986s] [ 51%] [32mBuilding CXX object CMakeFiles/fake_components.dir/src/mock_components/fake_generic_system.cpp.o[0m
[62.518s] [ 53%] [32m[1mLinking CXX shared library libfake_components.so[0m
[62.932s] [ 53%] Built target fake_components
[62.981s] [ 56%] [32mBuilding CXX object CMakeFiles/mock_components.dir/src/mock_components/generic_system.cpp.o[0m
[66.371s] [ 58%] [32m[1mLinking CXX shared library libmock_components.so[0m
[66.754s] [ 58%] Built target mock_components
[66.801s] [ 61%] [32mBuilding CXX object gmock/CMakeFiles/gmock_main.dir/src/gmock_main.cc.o[0m
[69.304s] [ 64%] [32m[1mLinking CXX static library libgmock_main.a[0m
[69.369s] [ 64%] Built target gmock_main
[69.413s] [ 66%] [32mBuilding CXX object CMakeFiles/test_macros.dir/test/test_macros.cpp.o[0m
[72.090s] [ 69%] [32m[1mLinking CXX executable test_macros[0m
[72.426s] [ 69%] Built target test_macros
[72.475s] [ 71%] [32mBuilding CXX object CMakeFiles/test_generic_system.dir/test/mock_components/test_generic_system.cpp.o[0m
[77.961s] [ 74%] [32m[1mLinking CXX executable test_generic_system[0m
[78.553s] [ 74%] Built target test_generic_system
[78.607s] [ 76%] [32mBuilding CXX object CMakeFiles/test_resource_manager.dir/test/test_resource_manager.cpp.o[0m
[85.064s] [ 79%] [32m[1mLinking CXX executable test_resource_manager[0m
[85.747s] [ 79%] Built target test_resource_manager
[85.796s] [ 82%] [32mBuilding CXX object CMakeFiles/test_component_parser.dir/test/test_component_parser.cpp.o[0m
[92.104s] [ 84%] [32m[1mLinking CXX executable test_component_parser[0m
[92.798s] [ 84%] Built target test_component_parser
[92.847s] [ 87%] [32mBuilding CXX object CMakeFiles/test_component_interfaces.dir/test/test_component_interfaces.cpp.o[0m
[98.132s] [ 89%] [32m[1mLinking CXX executable test_component_interfaces[0m
[98.781s] [ 89%] Built target test_component_interfaces
[98.830s] [ 92%] [32mBuilding CXX object CMakeFiles/test_joint_handle.dir/test/test_handle.cpp.o[0m
[101.671s] [ 94%] [32m[1mLinking CXX executable test_joint_handle[0m
[102.206s] [ 94%] Built target test_joint_handle
[102.252s] [ 97%] [32mBuilding CXX object CMakeFiles/test_inst_hardwares.dir/test/test_inst_hardwares.cpp.o[0m
[105.412s] [100%] [32m[1mLinking CXX executable test_inst_hardwares[0m
[105.929s] [100%] Built target test_inst_hardwares
[105.961s] Invoked command in '/workspaces/diffbot/ros2_ws/build/hardware_interface' returned '0': AMENT_PREFIX_PATH=/workspaces/diffbot/ros2_ws/install/ros2_control_test_assets:/workspaces/diffbot/ros2_ws/install/control_msgs:${AMENT_PREFIX_PATH} CMAKE_PREFIX_PATH=/workspaces/diffbot/ros2_ws/install/ros2_control_test_assets:/workspaces/diffbot/ros2_ws/install/control_msgs:/workspaces/diffbot/ros2_ws/install/gazebo_ros2_control_demos:/workspaces/diffbot/ros2_ws/install/ros2_control:/workspaces/diffbot/ros2_ws/install/transmission_interface:/workspaces/diffbot/ros2_ws/install/ros2_controllers:/workspaces/diffbot/ros2_ws/install/steering_controllers_library:/workspaces/diffbot/ros2_ws/install/ros2_control_demos:/workspaces/diffbot/ros2_ws/install/ros2_control_demo_example_2:/workspaces/diffbot/ros2_ws/install/gazebo_ros2_control:/workspaces/diffbot/ros2_ws/install/diffbot_bringup:/workspaces/diffbot/ros2_ws/install/controller_manager:/workspaces/diffbot/ros2_ws/install/ros2_control_demo_description:/workspaces/diffbot/ros2_ws/install/joint_state_broadcaster:/workspaces/diffbot/ros2_ws/install/diff_drive_controller:/workspaces/diffbot/ros2_ws/install/realtime_tools:/workspaces/diffbot/ros2_ws/install/position_controllers:/workspaces/diffbot/ros2_ws/install/joint_limits:/workspaces/diffbot/ros2_ws/install/controller_interface:/workspaces/diffbot/ros2_ws/install/hardware_interface:/workspaces/diffbot/ros2_ws/install/controller_manager_msgs:/workspaces/diffbot/ros2_ws/install/rqt_controller_manager:/workspaces/diffbot/ros2_ws/install/ros2controlcli:/workspaces/diffbot/ros2_ws/install/ros2_controllers_test_nodes:/workspaces/diffbot/ros2_ws/install/controller:/opt/ros/humble LD_LIBRARY_PATH=/workspaces/diffbot/ros2_ws/install/control_msgs/lib:/workspaces/diffbot/ros2_ws/install/transmission_interface/lib:/workspaces/diffbot/ros2_ws/install/steering_controllers_library/lib:/workspaces/diffbot/ros2_ws/install/ros2_control_demo_example_2/lib:/workspaces/diffbot/ros2_ws/install/gazebo_ros2_control/lib:/workspaces/diffbot/ros2_ws/install/controller_manager/lib:/workspaces/diffbot/ros2_ws/install/joint_state_broadcaster/lib:/workspaces/diffbot/ros2_ws/install/diff_drive_controller/lib:/workspaces/diffbot/ros2_ws/install/realtime_tools/lib:/workspaces/diffbot/ros2_ws/install/position_controllers/lib:/workspaces/diffbot/ros2_ws/install/controller_interface/lib:/workspaces/diffbot/ros2_ws/install/hardware_interface/lib:/workspaces/diffbot/ros2_ws/install/controller_manager_msgs/lib:/opt/ros/humble/opt/rviz_ogre_vendor/lib:/opt/ros/humble/lib/x86_64-linux-gnu:/opt/ros/humble/lib PYTHONPATH=/workspaces/diffbot/ros2_ws/install/control_msgs/local/lib/python3.10/dist-packages:${PYTHONPATH} /usr/bin/cmake --build /workspaces/diffbot/ros2_ws/build/hardware_interface -- -j8 -l8
[106.195s] Invoking command in '/workspaces/diffbot/ros2_ws/build/hardware_interface': AMENT_PREFIX_PATH=/workspaces/diffbot/ros2_ws/install/ros2_control_test_assets:/workspaces/diffbot/ros2_ws/install/control_msgs:${AMENT_PREFIX_PATH} CMAKE_PREFIX_PATH=/workspaces/diffbot/ros2_ws/install/ros2_control_test_assets:/workspaces/diffbot/ros2_ws/install/control_msgs:/workspaces/diffbot/ros2_ws/install/gazebo_ros2_control_demos:/workspaces/diffbot/ros2_ws/install/ros2_control:/workspaces/diffbot/ros2_ws/install/transmission_interface:/workspaces/diffbot/ros2_ws/install/ros2_controllers:/workspaces/diffbot/ros2_ws/install/steering_controllers_library:/workspaces/diffbot/ros2_ws/install/ros2_control_demos:/workspaces/diffbot/ros2_ws/install/ros2_control_demo_example_2:/workspaces/diffbot/ros2_ws/install/gazebo_ros2_control:/workspaces/diffbot/ros2_ws/install/diffbot_bringup:/workspaces/diffbot/ros2_ws/install/controller_manager:/workspaces/diffbot/ros2_ws/install/ros2_control_demo_description:/workspaces/diffbot/ros2_ws/install/joint_state_broadcaster:/workspaces/diffbot/ros2_ws/install/diff_drive_controller:/workspaces/diffbot/ros2_ws/install/realtime_tools:/workspaces/diffbot/ros2_ws/install/position_controllers:/workspaces/diffbot/ros2_ws/install/joint_limits:/workspaces/diffbot/ros2_ws/install/controller_interface:/workspaces/diffbot/ros2_ws/install/hardware_interface:/workspaces/diffbot/ros2_ws/install/controller_manager_msgs:/workspaces/diffbot/ros2_ws/install/rqt_controller_manager:/workspaces/diffbot/ros2_ws/install/ros2controlcli:/workspaces/diffbot/ros2_ws/install/ros2_controllers_test_nodes:/workspaces/diffbot/ros2_ws/install/controller:/opt/ros/humble LD_LIBRARY_PATH=/workspaces/diffbot/ros2_ws/install/control_msgs/lib:/workspaces/diffbot/ros2_ws/install/transmission_interface/lib:/workspaces/diffbot/ros2_ws/install/steering_controllers_library/lib:/workspaces/diffbot/ros2_ws/install/ros2_control_demo_example_2/lib:/workspaces/diffbot/ros2_ws/install/gazebo_ros2_control/lib:/workspaces/diffbot/ros2_ws/install/controller_manager/lib:/workspaces/diffbot/ros2_ws/install/joint_state_broadcaster/lib:/workspaces/diffbot/ros2_ws/install/diff_drive_controller/lib:/workspaces/diffbot/ros2_ws/install/realtime_tools/lib:/workspaces/diffbot/ros2_ws/install/position_controllers/lib:/workspaces/diffbot/ros2_ws/install/controller_interface/lib:/workspaces/diffbot/ros2_ws/install/hardware_interface/lib:/workspaces/diffbot/ros2_ws/install/controller_manager_msgs/lib:/opt/ros/humble/opt/rviz_ogre_vendor/lib:/opt/ros/humble/lib/x86_64-linux-gnu:/opt/ros/humble/lib PYTHONPATH=/workspaces/diffbot/ros2_ws/install/control_msgs/local/lib/python3.10/dist-packages:${PYTHONPATH} /usr/bin/cmake --install /workspaces/diffbot/ros2_ws/build/hardware_interface
[106.213s] -- Install configuration: ""
[106.214s] -- Installing: /workspaces/diffbot/ros2_ws/install/hardware_interface/share/hardware_interface/mock_components_plugin_description.xml
[106.215s] -- Installing: /workspaces/diffbot/ros2_ws/install/hardware_interface/share/hardware_interface/fake_components_plugin_description.xml
[106.217s] -- Installing: /workspaces/diffbot/ros2_ws/install/hardware_interface/include
[106.217s] -- Installing: /workspaces/diffbot/ros2_ws/install/hardware_interface/include/mock_components
[106.217s] -- Installing: /workspaces/diffbot/ros2_ws/install/hardware_interface/include/mock_components/visibility_control.h
[106.217s] -- Installing: /workspaces/diffbot/ros2_ws/install/hardware_interface/include/mock_components/generic_system.hpp
[106.217s] -- Installing: /workspaces/diffbot/ros2_ws/install/hardware_interface/include/hardware_interface
[106.217s] -- Installing: /workspaces/diffbot/ros2_ws/install/hardware_interface/include/hardware_interface/hardware_component_info.hpp
[106.217s] -- Installing: /workspaces/diffbot/ros2_ws/install/hardware_interface/include/hardware_interface/hardware_info.hpp
[106.217s] -- Installing: /workspaces/diffbot/ros2_ws/install/hardware_interface/include/hardware_interface/loaned_command_interface.hpp
[106.218s] -- Installing: /workspaces/diffbot/ros2_ws/install/hardware_interface/include/hardware_interface/types
[106.218s] -- Installing: /workspaces/diffbot/ros2_ws/install/hardware_interface/include/hardware_interface/types/hardware_interface_return_values.hpp
[106.218s] -- Installing: /workspaces/diffbot/ros2_ws/install/hardware_interface/include/hardware_interface/types/lifecycle_state_names.hpp
[106.218s] -- Installing: /workspaces/diffbot/ros2_ws/install/hardware_interface/include/hardware_interface/types/hardware_interface_type_values.hpp
[106.218s] -- Installing: /workspaces/diffbot/ros2_ws/install/hardware_interface/include/hardware_interface/handle.hpp
[106.219s] -- Installing: /workspaces/diffbot/ros2_ws/install/hardware_interface/include/hardware_interface/component_parser.hpp
[106.219s] -- Installing: /workspaces/diffbot/ros2_ws/install/hardware_interface/include/hardware_interface/resource_manager.hpp
[106.219s] -- Installing: /workspaces/diffbot/ros2_ws/install/hardware_interface/include/hardware_interface/actuator_interface.hpp
[106.219s] -- Installing: /workspaces/diffbot/ros2_ws/install/hardware_interface/include/hardware_interface/visibility_control.h
[106.219s] -- Installing: /workspaces/diffbot/ros2_ws/install/hardware_interface/include/hardware_interface/actuator.hpp
[106.220s] -- Installing: /workspaces/diffbot/ros2_ws/install/hardware_interface/include/hardware_interface/sensor_interface.hpp
[106.220s] -- Installing: /workspaces/diffbot/ros2_ws/install/hardware_interface/include/hardware_interface/controller_info.hpp
[106.220s] -- Installing: /workspaces/diffbot/ros2_ws/install/hardware_interface/include/hardware_interface/system.hpp
[106.220s] -- Installing: /workspaces/diffbot/ros2_ws/install/hardware_interface/include/hardware_interface/macros.hpp
[106.220s] -- Installing: /workspaces/diffbot/ros2_ws/install/hardware_interface/include/hardware_interface/sensor.hpp
[106.220s] -- Installing: /workspaces/diffbot/ros2_ws/install/hardware_interface/include/hardware_interface/system_interface.hpp
[106.221s] -- Installing: /workspaces/diffbot/ros2_ws/install/hardware_interface/include/hardware_interface/loaned_state_interface.hpp
[106.221s] -- Installing: /workspaces/diffbot/ros2_ws/install/hardware_interface/include/fake_components
[106.221s] -- Installing: /workspaces/diffbot/ros2_ws/install/hardware_interface/include/fake_components/visibility_control.h
[106.221s] -- Installing: /workspaces/diffbot/ros2_ws/install/hardware_interface/include/fake_components/generic_system.hpp
[106.221s] -- Installing: /workspaces/diffbot/ros2_ws/install/hardware_interface/lib/libfake_components.so
[106.221s] -- Set runtime path of "/workspaces/diffbot/ros2_ws/install/hardware_interface/lib/libfake_components.so" to ""
[106.222s] -- Installing: /workspaces/diffbot/ros2_ws/install/hardware_interface/lib/libmock_components.so
[106.223s] -- Set runtime path of "/workspaces/diffbot/ros2_ws/install/hardware_interface/lib/libmock_components.so" to ""
[106.223s] -- Installing: /workspaces/diffbot/ros2_ws/install/hardware_interface/lib/libhardware_interface.so
[106.228s] -- Set runtime path of "/workspaces/diffbot/ros2_ws/install/hardware_interface/lib/libhardware_interface.so" to ""
[106.228s] -- Installing: /workspaces/diffbot/ros2_ws/install/hardware_interface/lib/libtest_components.so
[106.229s] -- Set runtime path of "/workspaces/diffbot/ros2_ws/install/hardware_interface/lib/libtest_components.so" to ""
[106.230s] -- Installing: /workspaces/diffbot/ros2_ws/install/hardware_interface/share/hardware_interface/test/test_components/test_components.xml
[106.230s] -- Installing: /workspaces/diffbot/ros2_ws/install/hardware_interface/lib/libtest_hardware_components.so
[106.231s] -- Set runtime path of "/workspaces/diffbot/ros2_ws/install/hardware_interface/lib/libtest_hardware_components.so" to ""
[106.231s] -- Installing: /workspaces/diffbot/ros2_ws/install/hardware_interface/share/hardware_interface/test/test_hardware_components/test_hardware_components.xml
[106.231s] -- Installing: /workspaces/diffbot/ros2_ws/install/hardware_interface/share/hardware_interface/environment/library_path.sh
[106.232s] -- Installing: /workspaces/diffbot/ros2_ws/install/hardware_interface/share/hardware_interface/environment/library_path.dsv
[106.232s] -- Installing: /workspaces/diffbot/ros2_ws/install/hardware_interface/share/ament_index/resource_index/package_run_dependencies/hardware_interface
[106.232s] -- Installing: /workspaces/diffbot/ros2_ws/install/hardware_interface/share/ament_index/resource_index/parent_prefix_path/hardware_interface
[106.233s] -- Installing: /workspaces/diffbot/ros2_ws/install/hardware_interface/share/hardware_interface/environment/ament_prefix_path.sh
[106.233s] -- Installing: /workspaces/diffbot/ros2_ws/install/hardware_interface/share/hardware_interface/environment/ament_prefix_path.dsv
[106.233s] -- Installing: /workspaces/diffbot/ros2_ws/install/hardware_interface/share/hardware_interface/environment/path.sh
[106.233s] -- Installing: /workspaces/diffbot/ros2_ws/install/hardware_interface/share/hardware_interface/environment/path.dsv
[106.233s] -- Installing: /workspaces/diffbot/ros2_ws/install/hardware_interface/share/hardware_interface/local_setup.bash
[106.233s] -- Installing: /workspaces/diffbot/ros2_ws/install/hardware_interface/share/hardware_interface/local_setup.sh
[106.233s] -- Installing: /workspaces/diffbot/ros2_ws/install/hardware_interface/share/hardware_interface/local_setup.zsh
[106.234s] -- Installing: /workspaces/diffbot/ros2_ws/install/hardware_interface/share/hardware_interface/local_setup.dsv
[106.234s] -- Installing: /workspaces/diffbot/ros2_ws/install/hardware_interface/share/hardware_interface/package.dsv
[106.234s] -- Installing: /workspaces/diffbot/ros2_ws/install/hardware_interface/share/ament_index/resource_index/packages/hardware_interface
[106.234s] -- Installing: /workspaces/diffbot/ros2_ws/install/hardware_interface/share/ament_index/resource_index/hardware_interface__pluginlib__plugin/hardware_interface
[106.234s] -- Installing: /workspaces/diffbot/ros2_ws/install/hardware_interface/share/hardware_interface/cmake/ament_cmake_export_include_directories-extras.cmake
[106.234s] -- Installing: /workspaces/diffbot/ros2_ws/install/hardware_interface/share/hardware_interface/cmake/ament_cmake_export_libraries-extras.cmake
[106.234s] -- Installing: /workspaces/diffbot/ros2_ws/install/hardware_interface/share/hardware_interface/cmake/ament_cmake_export_dependencies-extras.cmake
[106.234s] -- Installing: /workspaces/diffbot/ros2_ws/install/hardware_interface/share/hardware_interface/cmake/hardware_interfaceConfig.cmake
[106.235s] -- Installing: /workspaces/diffbot/ros2_ws/install/hardware_interface/share/hardware_interface/cmake/hardware_interfaceConfig-version.cmake
[106.235s] -- Installing: /workspaces/diffbot/ros2_ws/install/hardware_interface/share/hardware_interface/package.xml
[106.244s] Invoked command in '/workspaces/diffbot/ros2_ws/build/hardware_interface' returned '0': AMENT_PREFIX_PATH=/workspaces/diffbot/ros2_ws/install/ros2_control_test_assets:/workspaces/diffbot/ros2_ws/install/control_msgs:${AMENT_PREFIX_PATH} CMAKE_PREFIX_PATH=/workspaces/diffbot/ros2_ws/install/ros2_control_test_assets:/workspaces/diffbot/ros2_ws/install/control_msgs:/workspaces/diffbot/ros2_ws/install/gazebo_ros2_control_demos:/workspaces/diffbot/ros2_ws/install/ros2_control:/workspaces/diffbot/ros2_ws/install/transmission_interface:/workspaces/diffbot/ros2_ws/install/ros2_controllers:/workspaces/diffbot/ros2_ws/install/steering_controllers_library:/workspaces/diffbot/ros2_ws/install/ros2_control_demos:/workspaces/diffbot/ros2_ws/install/ros2_control_demo_example_2:/workspaces/diffbot/ros2_ws/install/gazebo_ros2_control:/workspaces/diffbot/ros2_ws/install/diffbot_bringup:/workspaces/diffbot/ros2_ws/install/controller_manager:/workspaces/diffbot/ros2_ws/install/ros2_control_demo_description:/workspaces/diffbot/ros2_ws/install/joint_state_broadcaster:/workspaces/diffbot/ros2_ws/install/diff_drive_controller:/workspaces/diffbot/ros2_ws/install/realtime_tools:/workspaces/diffbot/ros2_ws/install/position_controllers:/workspaces/diffbot/ros2_ws/install/joint_limits:/workspaces/diffbot/ros2_ws/install/controller_interface:/workspaces/diffbot/ros2_ws/install/hardware_interface:/workspaces/diffbot/ros2_ws/install/controller_manager_msgs:/workspaces/diffbot/ros2_ws/install/rqt_controller_manager:/workspaces/diffbot/ros2_ws/install/ros2controlcli:/workspaces/diffbot/ros2_ws/install/ros2_controllers_test_nodes:/workspaces/diffbot/ros2_ws/install/controller:/opt/ros/humble LD_LIBRARY_PATH=/workspaces/diffbot/ros2_ws/install/control_msgs/lib:/workspaces/diffbot/ros2_ws/install/transmission_interface/lib:/workspaces/diffbot/ros2_ws/install/steering_controllers_library/lib:/workspaces/diffbot/ros2_ws/install/ros2_control_demo_example_2/lib:/workspaces/diffbot/ros2_ws/install/gazebo_ros2_control/lib:/workspaces/diffbot/ros2_ws/install/controller_manager/lib:/workspaces/diffbot/ros2_ws/install/joint_state_broadcaster/lib:/workspaces/diffbot/ros2_ws/install/diff_drive_controller/lib:/workspaces/diffbot/ros2_ws/install/realtime_tools/lib:/workspaces/diffbot/ros2_ws/install/position_controllers/lib:/workspaces/diffbot/ros2_ws/install/controller_interface/lib:/workspaces/diffbot/ros2_ws/install/hardware_interface/lib:/workspaces/diffbot/ros2_ws/install/controller_manager_msgs/lib:/opt/ros/humble/opt/rviz_ogre_vendor/lib:/opt/ros/humble/lib/x86_64-linux-gnu:/opt/ros/humble/lib PYTHONPATH=/workspaces/diffbot/ros2_ws/install/control_msgs/local/lib/python3.10/dist-packages:${PYTHONPATH} /usr/bin/cmake --install /workspaces/diffbot/ros2_ws/build/hardware_interface
