[1.157s] Invoking command in '/home/lulav/ros2_ws/build/rqt_controller_manager': AMENT_PREFIX_PATH=/home/lulav/ros2_ws/install/controller_manager_msgs:${AMENT_PREFIX_PATH} CMAKE_PREFIX_PATH=/home/lulav/ros2_ws/install/controller_manager_msgs LD_LIBRARY_PATH=/home/lulav/ros2_ws/install/controller_manager_msgs/lib:${LD_LIBRARY_PATH} PYTHONPATH=/home/lulav/ros2_ws/build/rqt_controller_manager/prefix_override:/home/lulav/ros2_ws/install/rqt_controller_manager/lib/python3.10/site-packages:/home/lulav/ros2_ws/install/controller_manager_msgs/local/lib/python3.10/dist-packages:${PYTHONPATH} /usr/bin/python3 setup.py develop --editable --build-directory /home/lulav/ros2_ws/build/rqt_controller_manager/build --no-deps install_data
[1.600s] running develop
[1.600s] /usr/lib/python3/dist-packages/setuptools/command/easy_install.py:158: EasyInstallDeprecationWarning: easy_install command is deprecated. Use build and pip and other standards-based tools.
[1.600s]   warnings.warn(
[1.603s] /usr/lib/python3/dist-packages/setuptools/command/install.py:34: SetuptoolsDeprecationWarning: setup.py install is deprecated. Use build and pip and other standards-based tools.
[1.603s]   warnings.warn(
[1.879s] running egg_info
[1.879s] creating rqt_controller_manager.egg-info
[1.879s] writing rqt_controller_manager.egg-info/PKG-INFO
[1.880s] writing dependency_links to rqt_controller_manager.egg-info/dependency_links.txt
[1.880s] writing entry points to rqt_controller_manager.egg-info/entry_points.txt
[1.880s] writing requirements to rqt_controller_manager.egg-info/requires.txt
[1.880s] writing top-level names to rqt_controller_manager.egg-info/top_level.txt
[1.881s] writing manifest file 'rqt_controller_manager.egg-info/SOURCES.txt'
[1.885s] reading manifest file 'rqt_controller_manager.egg-info/SOURCES.txt'
[1.886s] writing manifest file 'rqt_controller_manager.egg-info/SOURCES.txt'
[1.889s] running build_ext
[1.890s] Creating /home/lulav/ros2_ws/install/rqt_controller_manager/lib/python3.10/site-packages/rqt-controller-manager.egg-link (link to .)
[1.892s] Installing rqt_controller_manager script to /home/lulav/ros2_ws/install/rqt_controller_manager/lib/rqt_controller_manager
[1.892s] 
[1.892s] Installed /home/lulav/ros2_ws/build/rqt_controller_manager
[1.893s] running install_data
[1.938s] Invoked command in '/home/lulav/ros2_ws/build/rqt_controller_manager' returned '0': AMENT_PREFIX_PATH=/home/lulav/ros2_ws/install/controller_manager_msgs:${AMENT_PREFIX_PATH} CMAKE_PREFIX_PATH=/home/lulav/ros2_ws/install/controller_manager_msgs LD_LIBRARY_PATH=/home/lulav/ros2_ws/install/controller_manager_msgs/lib:${LD_LIBRARY_PATH} PYTHONPATH=/home/lulav/ros2_ws/build/rqt_controller_manager/prefix_override:/home/lulav/ros2_ws/install/rqt_controller_manager/lib/python3.10/site-packages:/home/lulav/ros2_ws/install/controller_manager_msgs/local/lib/python3.10/dist-packages:${PYTHONPATH} /usr/bin/python3 setup.py develop --editable --build-directory /home/lulav/ros2_ws/build/rqt_controller_manager/build --no-deps install_data
