[0.067s] Invoking command in '/home/lulav/ros2_ws/build/controller_manager': CMAKE_PREFIX_PATH=/home/lulav/ros2_ws/install/controller_interface:/home/lulav/ros2_ws/install/hardware_interface:/home/lulav/ros2_ws/install/ros2_control_test_assets:/home/lulav/ros2_ws/install/realtime_tools:/home/lulav/ros2_ws/install/controller_manager_msgs:/home/lulav/ros2_ws/install/control_msgs:/home/lulav/ros2_ws/install/gazebo_ros2_control_demos:/home/lulav/ros2_ws/install/ros2_controllers:/home/lulav/ros2_ws/install/velocity_controllers:/home/lulav/ros2_ws/install/tricycle_steering_controller:/home/lulav/ros2_ws/install/tricycle_controller:/home/lulav/ros2_ws/install/ros2_control:/home/lulav/ros2_ws/install/transmission_interface:/home/lulav/ros2_ws/install/bicycle_steering_controller:/home/lulav/ros2_ws/install/ackermann_steering_controller:/home/lulav/ros2_ws/install/steering_controllers_library:/home/lulav/ros2_ws/install/ros2_control_demo_mydiffbot:/home/lulav/ros2_ws/install/gazebo_ros2_control:/home/lulav/ros2_ws/install/controller_manager:/home/lulav/ros2_ws/install/position_controllers:/home/lulav/ros2_ws/install/admittance_controller:/home/lulav/ros2_ws/install/joint_trajectory_controller:/home/lulav/ros2_ws/install/joint_state_broadcaster:/home/lulav/ros2_ws/install/imu_sensor_broadcaster:/home/lulav/ros2_ws/install/gripper_controllers:/home/lulav/ros2_ws/install/effort_controllers:/home/lulav/ros2_ws/install/forward_command_controller:/home/lulav/ros2_ws/install/force_torque_sensor_broadcaster:/home/lulav/ros2_ws/install/diff_drive_controller:/home/lulav/ros2_ws/install/joint_limits:/home/lulav/ros2_ws/install/rqt_joint_trajectory_controller:/home/lulav/ros2_ws/install/rqt_controller_manager:/home/lulav/ros2_ws/install/ros2controlcli:/home/lulav/ros2_ws/install/ros2_controllers_test_nodes:/opt/ros/humble LD_LIBRARY_PATH=/home/lulav/ros2_ws/install/controller_interface/lib:/home/lulav/ros2_ws/install/hardware_interface/lib:/home/lulav/ros2_ws/install/realtime_tools/lib:/home/lulav/ros2_ws/install/controller_manager_msgs/lib:/home/lulav/ros2_ws/install/control_msgs/lib:/home/lulav/ros2_ws/install/velocity_controllers/lib:/home/lulav/ros2_ws/install/tricycle_steering_controller/lib:/home/lulav/ros2_ws/install/tricycle_controller/lib:/home/lulav/ros2_ws/install/transmission_interface/lib:/home/lulav/ros2_ws/install/bicycle_steering_controller/lib:/home/lulav/ros2_ws/install/ackermann_steering_controller/lib:/home/lulav/ros2_ws/install/steering_controllers_library/lib:/home/lulav/ros2_ws/install/ros2_control_demo_mydiffbot/lib:/home/lulav/ros2_ws/install/gazebo_ros2_control/lib:/home/lulav/ros2_ws/install/controller_manager/lib:/home/lulav/ros2_ws/install/position_controllers/lib:/home/lulav/ros2_ws/install/admittance_controller/lib:/home/lulav/ros2_ws/install/joint_trajectory_controller/lib:/home/lulav/ros2_ws/install/joint_state_broadcaster/lib:/home/lulav/ros2_ws/install/imu_sensor_broadcaster/lib:/home/lulav/ros2_ws/install/gripper_controllers/lib:/home/lulav/ros2_ws/install/effort_controllers/lib:/home/lulav/ros2_ws/install/forward_command_controller/lib:/home/lulav/ros2_ws/install/force_torque_sensor_broadcaster/lib:/home/lulav/ros2_ws/install/diff_drive_controller/lib:/opt/ros/humble/opt/rviz_ogre_vendor/lib:/opt/ros/humble/lib/x86_64-linux-gnu:/opt/ros/humble/lib /usr/bin/cmake --build /home/lulav/ros2_ws/build/controller_manager -- -j8 -l8
[0.238s] [  6%] Built target controller_manager
[0.240s] [ 12%] Built target gmock_main
[0.254s] [ 12%] Built target ament_cmake_python_symlink_controller_manager_setup
[0.260s] [ 21%] Built target gmock
[0.295s] [ 21%] Built target ament_cmake_python_symlink_controller_manager
[0.356s] [ 27%] Built target test_controller
[0.371s] [ 36%] Built target test_controller_failed_init
[0.381s] [ 42%] Built target test_controller_with_interfaces
[0.382s] [ 48%] Built target test_chainable_controller
[0.392s] [ 51%] Built target ros2_control_node
[0.469s] [ 57%] Built target test_controller_manager
[0.474s] [ 63%] Built target test_hardware_management_srvs
[0.509s] [ 69%] Built target test_controller_manager_with_namespace.cpp
[0.530s] [ 75%] Built target test_controllers_chaining_with_controller_manager
[0.544s] [ 81%] Built target test_spawner_unspawner
[0.563s] [ 87%] Built target test_load_controller
[0.575s] [ 93%] Built target test_release_interfaces
[0.581s] [100%] Built target test_controller_manager_srvs
[0.988s] running egg_info
[0.989s] writing controller_manager.egg-info/PKG-INFO
[0.990s] writing dependency_links to controller_manager.egg-info/dependency_links.txt
[0.990s] writing entry points to controller_manager.egg-info/entry_points.txt
[0.990s] writing top-level names to controller_manager.egg-info/top_level.txt
[0.994s] reading manifest file 'controller_manager.egg-info/SOURCES.txt'
[0.995s] writing manifest file 'controller_manager.egg-info/SOURCES.txt'
[0.999s] running install_scripts
[1.003s] /usr/lib/python3/dist-packages/setuptools/command/install.py:34: SetuptoolsDeprecationWarning: setup.py install is deprecated. Use build and pip and other standards-based tools.
[1.003s]   warnings.warn(
[1.042s] [100%] Built target ament_cmake_python_build_controller_manager_egg
[1.048s] running egg_info
[1.050s] writing controller_manager.egg-info/PKG-INFO
[1.051s] writing dependency_links to controller_manager.egg-info/dependency_links.txt
[1.051s] writing entry points to controller_manager.egg-info/entry_points.txt
[1.051s] writing top-level names to controller_manager.egg-info/top_level.txt
[1.055s] reading manifest file 'controller_manager.egg-info/SOURCES.txt'
[1.057s] writing manifest file 'controller_manager.egg-info/SOURCES.txt'
[1.060s] Installing spawner script to scripts
[1.061s] Installing unspawner script to scripts
[1.118s] [100%] Built target ament_cmake_python_build_controller_manager_scripts
[1.148s] Invoked command in '/home/lulav/ros2_ws/build/controller_manager' returned '0': CMAKE_PREFIX_PATH=/home/lulav/ros2_ws/install/controller_interface:/home/lulav/ros2_ws/install/hardware_interface:/home/lulav/ros2_ws/install/ros2_control_test_assets:/home/lulav/ros2_ws/install/realtime_tools:/home/lulav/ros2_ws/install/controller_manager_msgs:/home/lulav/ros2_ws/install/control_msgs:/home/lulav/ros2_ws/install/gazebo_ros2_control_demos:/home/lulav/ros2_ws/install/ros2_controllers:/home/lulav/ros2_ws/install/velocity_controllers:/home/lulav/ros2_ws/install/tricycle_steering_controller:/home/lulav/ros2_ws/install/tricycle_controller:/home/lulav/ros2_ws/install/ros2_control:/home/lulav/ros2_ws/install/transmission_interface:/home/lulav/ros2_ws/install/bicycle_steering_controller:/home/lulav/ros2_ws/install/ackermann_steering_controller:/home/lulav/ros2_ws/install/steering_controllers_library:/home/lulav/ros2_ws/install/ros2_control_demo_mydiffbot:/home/lulav/ros2_ws/install/gazebo_ros2_control:/home/lulav/ros2_ws/install/controller_manager:/home/lulav/ros2_ws/install/position_controllers:/home/lulav/ros2_ws/install/admittance_controller:/home/lulav/ros2_ws/install/joint_trajectory_controller:/home/lulav/ros2_ws/install/joint_state_broadcaster:/home/lulav/ros2_ws/install/imu_sensor_broadcaster:/home/lulav/ros2_ws/install/gripper_controllers:/home/lulav/ros2_ws/install/effort_controllers:/home/lulav/ros2_ws/install/forward_command_controller:/home/lulav/ros2_ws/install/force_torque_sensor_broadcaster:/home/lulav/ros2_ws/install/diff_drive_controller:/home/lulav/ros2_ws/install/joint_limits:/home/lulav/ros2_ws/install/rqt_joint_trajectory_controller:/home/lulav/ros2_ws/install/rqt_controller_manager:/home/lulav/ros2_ws/install/ros2controlcli:/home/lulav/ros2_ws/install/ros2_controllers_test_nodes:/opt/ros/humble LD_LIBRARY_PATH=/home/lulav/ros2_ws/install/controller_interface/lib:/home/lulav/ros2_ws/install/hardware_interface/lib:/home/lulav/ros2_ws/install/realtime_tools/lib:/home/lulav/ros2_ws/install/controller_manager_msgs/lib:/home/lulav/ros2_ws/install/control_msgs/lib:/home/lulav/ros2_ws/install/velocity_controllers/lib:/home/lulav/ros2_ws/install/tricycle_steering_controller/lib:/home/lulav/ros2_ws/install/tricycle_controller/lib:/home/lulav/ros2_ws/install/transmission_interface/lib:/home/lulav/ros2_ws/install/bicycle_steering_controller/lib:/home/lulav/ros2_ws/install/ackermann_steering_controller/lib:/home/lulav/ros2_ws/install/steering_controllers_library/lib:/home/lulav/ros2_ws/install/ros2_control_demo_mydiffbot/lib:/home/lulav/ros2_ws/install/gazebo_ros2_control/lib:/home/lulav/ros2_ws/install/controller_manager/lib:/home/lulav/ros2_ws/install/position_controllers/lib:/home/lulav/ros2_ws/install/admittance_controller/lib:/home/lulav/ros2_ws/install/joint_trajectory_controller/lib:/home/lulav/ros2_ws/install/joint_state_broadcaster/lib:/home/lulav/ros2_ws/install/imu_sensor_broadcaster/lib:/home/lulav/ros2_ws/install/gripper_controllers/lib:/home/lulav/ros2_ws/install/effort_controllers/lib:/home/lulav/ros2_ws/install/forward_command_controller/lib:/home/lulav/ros2_ws/install/force_torque_sensor_broadcaster/lib:/home/lulav/ros2_ws/install/diff_drive_controller/lib:/opt/ros/humble/opt/rviz_ogre_vendor/lib:/opt/ros/humble/lib/x86_64-linux-gnu:/opt/ros/humble/lib /usr/bin/cmake --build /home/lulav/ros2_ws/build/controller_manager -- -j8 -l8
[1.394s] Invoking command in '/home/lulav/ros2_ws/build/controller_manager': CMAKE_PREFIX_PATH=/home/lulav/ros2_ws/install/controller_interface:/home/lulav/ros2_ws/install/hardware_interface:/home/lulav/ros2_ws/install/ros2_control_test_assets:/home/lulav/ros2_ws/install/realtime_tools:/home/lulav/ros2_ws/install/controller_manager_msgs:/home/lulav/ros2_ws/install/control_msgs:/home/lulav/ros2_ws/install/gazebo_ros2_control_demos:/home/lulav/ros2_ws/install/ros2_controllers:/home/lulav/ros2_ws/install/velocity_controllers:/home/lulav/ros2_ws/install/tricycle_steering_controller:/home/lulav/ros2_ws/install/tricycle_controller:/home/lulav/ros2_ws/install/ros2_control:/home/lulav/ros2_ws/install/transmission_interface:/home/lulav/ros2_ws/install/bicycle_steering_controller:/home/lulav/ros2_ws/install/ackermann_steering_controller:/home/lulav/ros2_ws/install/steering_controllers_library:/home/lulav/ros2_ws/install/ros2_control_demo_mydiffbot:/home/lulav/ros2_ws/install/gazebo_ros2_control:/home/lulav/ros2_ws/install/controller_manager:/home/lulav/ros2_ws/install/position_controllers:/home/lulav/ros2_ws/install/admittance_controller:/home/lulav/ros2_ws/install/joint_trajectory_controller:/home/lulav/ros2_ws/install/joint_state_broadcaster:/home/lulav/ros2_ws/install/imu_sensor_broadcaster:/home/lulav/ros2_ws/install/gripper_controllers:/home/lulav/ros2_ws/install/effort_controllers:/home/lulav/ros2_ws/install/forward_command_controller:/home/lulav/ros2_ws/install/force_torque_sensor_broadcaster:/home/lulav/ros2_ws/install/diff_drive_controller:/home/lulav/ros2_ws/install/joint_limits:/home/lulav/ros2_ws/install/rqt_joint_trajectory_controller:/home/lulav/ros2_ws/install/rqt_controller_manager:/home/lulav/ros2_ws/install/ros2controlcli:/home/lulav/ros2_ws/install/ros2_controllers_test_nodes:/opt/ros/humble LD_LIBRARY_PATH=/home/lulav/ros2_ws/install/controller_interface/lib:/home/lulav/ros2_ws/install/hardware_interface/lib:/home/lulav/ros2_ws/install/realtime_tools/lib:/home/lulav/ros2_ws/install/controller_manager_msgs/lib:/home/lulav/ros2_ws/install/control_msgs/lib:/home/lulav/ros2_ws/install/velocity_controllers/lib:/home/lulav/ros2_ws/install/tricycle_steering_controller/lib:/home/lulav/ros2_ws/install/tricycle_controller/lib:/home/lulav/ros2_ws/install/transmission_interface/lib:/home/lulav/ros2_ws/install/bicycle_steering_controller/lib:/home/lulav/ros2_ws/install/ackermann_steering_controller/lib:/home/lulav/ros2_ws/install/steering_controllers_library/lib:/home/lulav/ros2_ws/install/ros2_control_demo_mydiffbot/lib:/home/lulav/ros2_ws/install/gazebo_ros2_control/lib:/home/lulav/ros2_ws/install/controller_manager/lib:/home/lulav/ros2_ws/install/position_controllers/lib:/home/lulav/ros2_ws/install/admittance_controller/lib:/home/lulav/ros2_ws/install/joint_trajectory_controller/lib:/home/lulav/ros2_ws/install/joint_state_broadcaster/lib:/home/lulav/ros2_ws/install/imu_sensor_broadcaster/lib:/home/lulav/ros2_ws/install/gripper_controllers/lib:/home/lulav/ros2_ws/install/effort_controllers/lib:/home/lulav/ros2_ws/install/forward_command_controller/lib:/home/lulav/ros2_ws/install/force_torque_sensor_broadcaster/lib:/home/lulav/ros2_ws/install/diff_drive_controller/lib:/opt/ros/humble/opt/rviz_ogre_vendor/lib:/opt/ros/humble/lib/x86_64-linux-gnu:/opt/ros/humble/lib /usr/bin/cmake --install /home/lulav/ros2_ws/build/controller_manager
[1.409s] -- Install configuration: ""
[1.410s] -- Execute custom install script
[1.410s] -- Up-to-date symlink: /home/lulav/ros2_ws/install/controller_manager/lib/libcontroller_manager.so
[1.410s] -- Up-to-date symlink: /home/lulav/ros2_ws/install/controller_manager/lib/controller_manager/ros2_control_node
[1.411s] -- Up-to-date symlink: /home/lulav/ros2_ws/install/controller_manager/include/controller_manager/controller_manager.hpp
[1.411s] -- Up-to-date symlink: /home/lulav/ros2_ws/install/controller_manager/include/controller_manager/controller_spec.hpp
[1.411s] -- Up-to-date symlink: /home/lulav/ros2_ws/install/controller_manager/include/controller_manager/visibility_control.h
[1.412s] -- Up-to-date symlink: /home/lulav/ros2_ws/install/controller_manager/share/controller_manager/test/test_controller/test_controller.xml
[1.412s] -- Up-to-date symlink: /home/lulav/ros2_ws/install/controller_manager/lib/libtest_controller.so
[1.412s] -- Up-to-date symlink: /home/lulav/ros2_ws/install/controller_manager/share/controller_manager/test/test_controller_failed_init/test_controller_failed_init.xml
[1.413s] -- Up-to-date symlink: /home/lulav/ros2_ws/install/controller_manager/lib/libtest_controller_failed_init.so
[1.413s] -- Up-to-date symlink: /home/lulav/ros2_ws/install/controller_manager/share/controller_manager/test/test_chainable_controller/test_chainable_controller.xml
[1.413s] -- Up-to-date symlink: /home/lulav/ros2_ws/install/controller_manager/lib/libtest_chainable_controller.so
[1.413s] -- Up-to-date symlink: /home/lulav/ros2_ws/install/controller_manager/share/controller_manager/test/test_controller_with_interfaces/test_controller_with_interfaces.xml
[1.414s] -- Up-to-date symlink: /home/lulav/ros2_ws/install/controller_manager/lib/libtest_controller_with_interfaces.so
[1.414s] -- Up-to-date symlink: /home/lulav/ros2_ws/install/controller_manager/share/controller_manager/environment/pythonpath.sh
[1.414s] -- Up-to-date symlink: /home/lulav/ros2_ws/install/controller_manager/share/controller_manager/environment/pythonpath.dsv
[1.415s] -- Up-to-date symlink: /home/lulav/ros2_ws/install/controller_manager/local/lib/python3.10/dist-packages/controller_manager-2.29.0-py3.10.egg-info/PKG-INFO
[1.415s] -- Up-to-date symlink: /home/lulav/ros2_ws/install/controller_manager/local/lib/python3.10/dist-packages/controller_manager-2.29.0-py3.10.egg-info/SOURCES.txt
[1.415s] -- Up-to-date symlink: /home/lulav/ros2_ws/install/controller_manager/local/lib/python3.10/dist-packages/controller_manager-2.29.0-py3.10.egg-info/dependency_links.txt
[1.415s] -- Up-to-date symlink: /home/lulav/ros2_ws/install/controller_manager/local/lib/python3.10/dist-packages/controller_manager-2.29.0-py3.10.egg-info/entry_points.txt
[1.415s] -- Up-to-date symlink: /home/lulav/ros2_ws/install/controller_manager/local/lib/python3.10/dist-packages/controller_manager-2.29.0-py3.10.egg-info/top_level.txt
[1.416s] -- Up-to-date symlink: /home/lulav/ros2_ws/install/controller_manager/lib/controller_manager//spawner
[1.416s] -- Up-to-date symlink: /home/lulav/ros2_ws/install/controller_manager/lib/controller_manager//unspawner
[1.417s] -- Up-to-date symlink: /home/lulav/ros2_ws/install/controller_manager/local/lib/python3.10/dist-packages/controller_manager/__init__.py
[1.417s] -- Up-to-date symlink: /home/lulav/ros2_ws/install/controller_manager/local/lib/python3.10/dist-packages/controller_manager/controller_manager_services.py
[1.417s] -- Up-to-date symlink: /home/lulav/ros2_ws/install/controller_manager/local/lib/python3.10/dist-packages/controller_manager/launch_utils.py
[1.417s] -- Up-to-date symlink: /home/lulav/ros2_ws/install/controller_manager/local/lib/python3.10/dist-packages/controller_manager/spawner.py
[1.417s] -- Up-to-date symlink: /home/lulav/ros2_ws/install/controller_manager/local/lib/python3.10/dist-packages/controller_manager/unspawner.py
[1.417s] -- Up-to-date symlink: /home/lulav/ros2_ws/install/controller_manager/share/controller_manager/environment/library_path.sh
[1.418s] -- Up-to-date symlink: /home/lulav/ros2_ws/install/controller_manager/share/controller_manager/environment/library_path.dsv
[1.418s] -- Up-to-date symlink: /home/lulav/ros2_ws/install/controller_manager/share/ament_index/resource_index/package_run_dependencies/controller_manager
[1.418s] -- Up-to-date symlink: /home/lulav/ros2_ws/install/controller_manager/share/ament_index/resource_index/parent_prefix_path/controller_manager
[1.418s] -- Up-to-date symlink: /home/lulav/ros2_ws/install/controller_manager/share/controller_manager/environment/ament_prefix_path.sh
[1.419s] -- Up-to-date symlink: /home/lulav/ros2_ws/install/controller_manager/share/controller_manager/environment/ament_prefix_path.dsv
[1.419s] -- Up-to-date symlink: /home/lulav/ros2_ws/install/controller_manager/share/controller_manager/environment/path.sh
[1.419s] -- Up-to-date symlink: /home/lulav/ros2_ws/install/controller_manager/share/controller_manager/environment/path.dsv
[1.419s] -- Up-to-date symlink: /home/lulav/ros2_ws/install/controller_manager/share/controller_manager/local_setup.bash
[1.420s] -- Up-to-date symlink: /home/lulav/ros2_ws/install/controller_manager/share/controller_manager/local_setup.sh
[1.420s] -- Up-to-date symlink: /home/lulav/ros2_ws/install/controller_manager/share/controller_manager/local_setup.zsh
[1.420s] -- Up-to-date symlink: /home/lulav/ros2_ws/install/controller_manager/share/controller_manager/local_setup.dsv
[1.420s] -- Symlinking: /home/lulav/ros2_ws/install/controller_manager/share/controller_manager/package.dsv
[1.439s] -- Up-to-date symlink: /home/lulav/ros2_ws/install/controller_manager/share/ament_index/resource_index/packages/controller_manager
[1.440s] -- Up-to-date symlink: /home/lulav/ros2_ws/install/controller_manager/share/ament_index/resource_index/controller_interface__pluginlib__plugin/controller_manager
[1.440s] -- Up-to-date symlink: /home/lulav/ros2_ws/install/controller_manager/share/controller_manager/cmake/ament_cmake_export_libraries-extras.cmake
[1.440s] -- Up-to-date symlink: /home/lulav/ros2_ws/install/controller_manager/share/controller_manager/cmake/ament_cmake_export_include_directories-extras.cmake
[1.441s] -- Up-to-date symlink: /home/lulav/ros2_ws/install/controller_manager/share/controller_manager/cmake/ament_cmake_export_dependencies-extras.cmake
[1.441s] -- Up-to-date symlink: /home/lulav/ros2_ws/install/controller_manager/share/controller_manager/cmake/controller_managerConfig.cmake
[1.441s] -- Up-to-date symlink: /home/lulav/ros2_ws/install/controller_manager/share/controller_manager/cmake/controller_managerConfig-version.cmake
[1.441s] -- Up-to-date symlink: /home/lulav/ros2_ws/install/controller_manager/share/controller_manager/package.xml
[1.513s] Listing '/home/lulav/ros2_ws/install/controller_manager/local/lib/python3.10/dist-packages/controller_manager'...
[1.526s] Invoked command in '/home/lulav/ros2_ws/build/controller_manager' returned '0': CMAKE_PREFIX_PATH=/home/lulav/ros2_ws/install/controller_interface:/home/lulav/ros2_ws/install/hardware_interface:/home/lulav/ros2_ws/install/ros2_control_test_assets:/home/lulav/ros2_ws/install/realtime_tools:/home/lulav/ros2_ws/install/controller_manager_msgs:/home/lulav/ros2_ws/install/control_msgs:/home/lulav/ros2_ws/install/gazebo_ros2_control_demos:/home/lulav/ros2_ws/install/ros2_controllers:/home/lulav/ros2_ws/install/velocity_controllers:/home/lulav/ros2_ws/install/tricycle_steering_controller:/home/lulav/ros2_ws/install/tricycle_controller:/home/lulav/ros2_ws/install/ros2_control:/home/lulav/ros2_ws/install/transmission_interface:/home/lulav/ros2_ws/install/bicycle_steering_controller:/home/lulav/ros2_ws/install/ackermann_steering_controller:/home/lulav/ros2_ws/install/steering_controllers_library:/home/lulav/ros2_ws/install/ros2_control_demo_mydiffbot:/home/lulav/ros2_ws/install/gazebo_ros2_control:/home/lulav/ros2_ws/install/controller_manager:/home/lulav/ros2_ws/install/position_controllers:/home/lulav/ros2_ws/install/admittance_controller:/home/lulav/ros2_ws/install/joint_trajectory_controller:/home/lulav/ros2_ws/install/joint_state_broadcaster:/home/lulav/ros2_ws/install/imu_sensor_broadcaster:/home/lulav/ros2_ws/install/gripper_controllers:/home/lulav/ros2_ws/install/effort_controllers:/home/lulav/ros2_ws/install/forward_command_controller:/home/lulav/ros2_ws/install/force_torque_sensor_broadcaster:/home/lulav/ros2_ws/install/diff_drive_controller:/home/lulav/ros2_ws/install/joint_limits:/home/lulav/ros2_ws/install/rqt_joint_trajectory_controller:/home/lulav/ros2_ws/install/rqt_controller_manager:/home/lulav/ros2_ws/install/ros2controlcli:/home/lulav/ros2_ws/install/ros2_controllers_test_nodes:/opt/ros/humble LD_LIBRARY_PATH=/home/lulav/ros2_ws/install/controller_interface/lib:/home/lulav/ros2_ws/install/hardware_interface/lib:/home/lulav/ros2_ws/install/realtime_tools/lib:/home/lulav/ros2_ws/install/controller_manager_msgs/lib:/home/lulav/ros2_ws/install/control_msgs/lib:/home/lulav/ros2_ws/install/velocity_controllers/lib:/home/lulav/ros2_ws/install/tricycle_steering_controller/lib:/home/lulav/ros2_ws/install/tricycle_controller/lib:/home/lulav/ros2_ws/install/transmission_interface/lib:/home/lulav/ros2_ws/install/bicycle_steering_controller/lib:/home/lulav/ros2_ws/install/ackermann_steering_controller/lib:/home/lulav/ros2_ws/install/steering_controllers_library/lib:/home/lulav/ros2_ws/install/ros2_control_demo_mydiffbot/lib:/home/lulav/ros2_ws/install/gazebo_ros2_control/lib:/home/lulav/ros2_ws/install/controller_manager/lib:/home/lulav/ros2_ws/install/position_controllers/lib:/home/lulav/ros2_ws/install/admittance_controller/lib:/home/lulav/ros2_ws/install/joint_trajectory_controller/lib:/home/lulav/ros2_ws/install/joint_state_broadcaster/lib:/home/lulav/ros2_ws/install/imu_sensor_broadcaster/lib:/home/lulav/ros2_ws/install/gripper_controllers/lib:/home/lulav/ros2_ws/install/effort_controllers/lib:/home/lulav/ros2_ws/install/forward_command_controller/lib:/home/lulav/ros2_ws/install/force_torque_sensor_broadcaster/lib:/home/lulav/ros2_ws/install/diff_drive_controller/lib:/opt/ros/humble/opt/rviz_ogre_vendor/lib:/opt/ros/humble/lib/x86_64-linux-gnu:/opt/ros/humble/lib /usr/bin/cmake --install /home/lulav/ros2_ws/build/controller_manager
