[1.345s] Invoking command in '/workspaces/diffbot/ros2_ws/src/ros2_control/rqt_controller_manager': AMENT_PREFIX_PATH=/workspaces/diffbot/ros2_ws/install/controller_manager_msgs:${AMENT_PREFIX_PATH} CMAKE_PREFIX_PATH=/workspaces/diffbot/ros2_ws/install/controller_manager_msgs:/workspaces/diffbot/ros2_ws/install/gazebo_ros2_control_demos:/workspaces/diffbot/ros2_ws/install/ros2_control:/workspaces/diffbot/ros2_ws/install/transmission_interface:/workspaces/diffbot/ros2_ws/install/ros2_controllers:/workspaces/diffbot/ros2_ws/install/steering_controllers_library:/workspaces/diffbot/ros2_ws/install/ros2_control_demos:/workspaces/diffbot/ros2_ws/install/ros2_control_demo_example_2:/workspaces/diffbot/ros2_ws/install/gazebo_ros2_control:/workspaces/diffbot/ros2_ws/install/diffbot_bringup:/workspaces/diffbot/ros2_ws/install/controller_manager:/workspaces/diffbot/ros2_ws/install/ros2_control_test_assets:/workspaces/diffbot/ros2_ws/install/ros2_control_demo_description:/workspaces/diffbot/ros2_ws/install/joint_state_broadcaster:/workspaces/diffbot/ros2_ws/install/diff_drive_controller:/workspaces/diffbot/ros2_ws/install/realtime_tools:/workspaces/diffbot/ros2_ws/install/position_controllers:/workspaces/diffbot/ros2_ws/install/joint_limits:/workspaces/diffbot/ros2_ws/install/controller_interface:/workspaces/diffbot/ros2_ws/install/hardware_interface:/workspaces/diffbot/ros2_ws/install/control_msgs LD_LIBRARY_PATH=/workspaces/diffbot/ros2_ws/install/controller_manager_msgs/lib:/workspaces/diffbot/ros2_ws/install/transmission_interface/lib:/workspaces/diffbot/ros2_ws/install/steering_controllers_library/lib:/workspaces/diffbot/ros2_ws/install/ros2_control_demo_example_2/lib:/workspaces/diffbot/ros2_ws/install/gazebo_ros2_control/lib:/workspaces/diffbot/ros2_ws/install/controller_manager/lib:/workspaces/diffbot/ros2_ws/install/joint_state_broadcaster/lib:/workspaces/diffbot/ros2_ws/install/diff_drive_controller/lib:/workspaces/diffbot/ros2_ws/install/realtime_tools/lib:/workspaces/diffbot/ros2_ws/install/position_controllers/lib:/workspaces/diffbot/ros2_ws/install/controller_interface/lib:/workspaces/diffbot/ros2_ws/install/hardware_interface/lib:/workspaces/diffbot/ros2_ws/install/control_msgs/lib:/opt/ros/humble/opt/rviz_ogre_vendor/lib:/opt/ros/humble/lib/x86_64-linux-gnu:/opt/ros/humble/lib PYTHONPATH=/workspaces/diffbot/ros2_ws/build/rqt_controller_manager/prefix_override:/workspaces/diffbot/ros2_ws/install/rqt_controller_manager/lib/python3.10/site-packages:/workspaces/diffbot/ros2_ws/install/controller_manager_msgs/local/lib/python3.10/dist-packages:${PYTHONPATH} /usr/bin/python3 setup.py egg_info --egg-base ../../../build/rqt_controller_manager build --build-base /workspaces/diffbot/ros2_ws/build/rqt_controller_manager/build install --record /workspaces/diffbot/ros2_ws/build/rqt_controller_manager/install.log --single-version-externally-managed
[1.822s] running egg_info
[1.823s] creating ../../../build/rqt_controller_manager/rqt_controller_manager.egg-info
[1.824s] writing ../../../build/rqt_controller_manager/rqt_controller_manager.egg-info/PKG-INFO
[1.824s] writing dependency_links to ../../../build/rqt_controller_manager/rqt_controller_manager.egg-info/dependency_links.txt
[1.825s] writing entry points to ../../../build/rqt_controller_manager/rqt_controller_manager.egg-info/entry_points.txt
[1.825s] writing requirements to ../../../build/rqt_controller_manager/rqt_controller_manager.egg-info/requires.txt
[1.826s] writing top-level names to ../../../build/rqt_controller_manager/rqt_controller_manager.egg-info/top_level.txt
[1.826s] writing manifest file '../../../build/rqt_controller_manager/rqt_controller_manager.egg-info/SOURCES.txt'
[1.830s] reading manifest file '../../../build/rqt_controller_manager/rqt_controller_manager.egg-info/SOURCES.txt'
[1.833s] writing manifest file '../../../build/rqt_controller_manager/rqt_controller_manager.egg-info/SOURCES.txt'
[1.834s] running build
[1.834s] running build_py
[1.835s] creating /workspaces/diffbot/ros2_ws/build/rqt_controller_manager/build
[1.835s] creating /workspaces/diffbot/ros2_ws/build/rqt_controller_manager/build/lib
[1.835s] creating /workspaces/diffbot/ros2_ws/build/rqt_controller_manager/build/lib/rqt_controller_manager
[1.836s] copying rqt_controller_manager/controller_manager.py -> /workspaces/diffbot/ros2_ws/build/rqt_controller_manager/build/lib/rqt_controller_manager
[1.837s] copying rqt_controller_manager/main.py -> /workspaces/diffbot/ros2_ws/build/rqt_controller_manager/build/lib/rqt_controller_manager
[1.837s] copying rqt_controller_manager/update_combo.py -> /workspaces/diffbot/ros2_ws/build/rqt_controller_manager/build/lib/rqt_controller_manager
[1.837s] copying rqt_controller_manager/__init__.py -> /workspaces/diffbot/ros2_ws/build/rqt_controller_manager/build/lib/rqt_controller_manager
[1.838s] running install
[1.840s] /usr/lib/python3/dist-packages/setuptools/command/install.py:34: SetuptoolsDeprecationWarning: setup.py install is deprecated. Use build and pip and other standards-based tools.
[1.840s]   warnings.warn(
[1.840s] running install_lib
[1.841s] creating /workspaces/diffbot/ros2_ws/install/rqt_controller_manager/lib/python3.10/site-packages/rqt_controller_manager
[1.841s] copying /workspaces/diffbot/ros2_ws/build/rqt_controller_manager/build/lib/rqt_controller_manager/controller_manager.py -> /workspaces/diffbot/ros2_ws/install/rqt_controller_manager/lib/python3.10/site-packages/rqt_controller_manager
[1.841s] copying /workspaces/diffbot/ros2_ws/build/rqt_controller_manager/build/lib/rqt_controller_manager/main.py -> /workspaces/diffbot/ros2_ws/install/rqt_controller_manager/lib/python3.10/site-packages/rqt_controller_manager
[1.841s] copying /workspaces/diffbot/ros2_ws/build/rqt_controller_manager/build/lib/rqt_controller_manager/update_combo.py -> /workspaces/diffbot/ros2_ws/install/rqt_controller_manager/lib/python3.10/site-packages/rqt_controller_manager
[1.841s] copying /workspaces/diffbot/ros2_ws/build/rqt_controller_manager/build/lib/rqt_controller_manager/__init__.py -> /workspaces/diffbot/ros2_ws/install/rqt_controller_manager/lib/python3.10/site-packages/rqt_controller_manager
[1.842s] byte-compiling /workspaces/diffbot/ros2_ws/install/rqt_controller_manager/lib/python3.10/site-packages/rqt_controller_manager/controller_manager.py to controller_manager.cpython-310.pyc
[1.849s] byte-compiling /workspaces/diffbot/ros2_ws/install/rqt_controller_manager/lib/python3.10/site-packages/rqt_controller_manager/main.py to main.cpython-310.pyc
[1.850s] byte-compiling /workspaces/diffbot/ros2_ws/install/rqt_controller_manager/lib/python3.10/site-packages/rqt_controller_manager/update_combo.py to update_combo.cpython-310.pyc
[1.851s] byte-compiling /workspaces/diffbot/ros2_ws/install/rqt_controller_manager/lib/python3.10/site-packages/rqt_controller_manager/__init__.py to __init__.cpython-310.pyc
[1.851s] running install_data
[1.853s] creating /workspaces/diffbot/ros2_ws/install/rqt_controller_manager/share/ament_index
[1.856s] creating /workspaces/diffbot/ros2_ws/install/rqt_controller_manager/share/ament_index/resource_index
[1.857s] creating /workspaces/diffbot/ros2_ws/install/rqt_controller_manager/share/ament_index/resource_index/packages
[1.857s] copying resource/rqt_controller_manager -> /workspaces/diffbot/ros2_ws/install/rqt_controller_manager/share/ament_index/resource_index/packages
[1.857s] copying package.xml -> /workspaces/diffbot/ros2_ws/install/rqt_controller_manager/share/rqt_controller_manager
[1.857s] creating /workspaces/diffbot/ros2_ws/install/rqt_controller_manager/share/rqt_controller_manager/resource
[1.857s] copying resource/led_red.png -> /workspaces/diffbot/ros2_ws/install/rqt_controller_manager/share/rqt_controller_manager/resource
[1.857s] copying resource/controller_info.ui -> /workspaces/diffbot/ros2_ws/install/rqt_controller_manager/share/rqt_controller_manager/resource
[1.858s] copying resource/led_off.png -> /workspaces/diffbot/ros2_ws/install/rqt_controller_manager/share/rqt_controller_manager/resource
[1.858s] copying resource/led_green.png -> /workspaces/diffbot/ros2_ws/install/rqt_controller_manager/share/rqt_controller_manager/resource
[1.858s] copying resource/cm_icon.png -> /workspaces/diffbot/ros2_ws/install/rqt_controller_manager/share/rqt_controller_manager/resource
[1.858s] copying resource/controller_manager.ui -> /workspaces/diffbot/ros2_ws/install/rqt_controller_manager/share/rqt_controller_manager/resource
[1.858s] copying plugin.xml -> /workspaces/diffbot/ros2_ws/install/rqt_controller_manager/share/rqt_controller_manager
[1.858s] running install_egg_info
[1.872s] Copying ../../../build/rqt_controller_manager/rqt_controller_manager.egg-info to /workspaces/diffbot/ros2_ws/install/rqt_controller_manager/lib/python3.10/site-packages/rqt_controller_manager-2.30.0-py3.10.egg-info
[1.872s] running install_scripts
[1.913s] Installing rqt_controller_manager script to /workspaces/diffbot/ros2_ws/install/rqt_controller_manager/lib/rqt_controller_manager
[1.915s] writing list of installed files to '/workspaces/diffbot/ros2_ws/build/rqt_controller_manager/install.log'
[1.971s] Invoked command in '/workspaces/diffbot/ros2_ws/src/ros2_control/rqt_controller_manager' returned '0': AMENT_PREFIX_PATH=/workspaces/diffbot/ros2_ws/install/controller_manager_msgs:${AMENT_PREFIX_PATH} CMAKE_PREFIX_PATH=/workspaces/diffbot/ros2_ws/install/controller_manager_msgs:/workspaces/diffbot/ros2_ws/install/gazebo_ros2_control_demos:/workspaces/diffbot/ros2_ws/install/ros2_control:/workspaces/diffbot/ros2_ws/install/transmission_interface:/workspaces/diffbot/ros2_ws/install/ros2_controllers:/workspaces/diffbot/ros2_ws/install/steering_controllers_library:/workspaces/diffbot/ros2_ws/install/ros2_control_demos:/workspaces/diffbot/ros2_ws/install/ros2_control_demo_example_2:/workspaces/diffbot/ros2_ws/install/gazebo_ros2_control:/workspaces/diffbot/ros2_ws/install/diffbot_bringup:/workspaces/diffbot/ros2_ws/install/controller_manager:/workspaces/diffbot/ros2_ws/install/ros2_control_test_assets:/workspaces/diffbot/ros2_ws/install/ros2_control_demo_description:/workspaces/diffbot/ros2_ws/install/joint_state_broadcaster:/workspaces/diffbot/ros2_ws/install/diff_drive_controller:/workspaces/diffbot/ros2_ws/install/realtime_tools:/workspaces/diffbot/ros2_ws/install/position_controllers:/workspaces/diffbot/ros2_ws/install/joint_limits:/workspaces/diffbot/ros2_ws/install/controller_interface:/workspaces/diffbot/ros2_ws/install/hardware_interface:/workspaces/diffbot/ros2_ws/install/control_msgs LD_LIBRARY_PATH=/workspaces/diffbot/ros2_ws/install/controller_manager_msgs/lib:/workspaces/diffbot/ros2_ws/install/transmission_interface/lib:/workspaces/diffbot/ros2_ws/install/steering_controllers_library/lib:/workspaces/diffbot/ros2_ws/install/ros2_control_demo_example_2/lib:/workspaces/diffbot/ros2_ws/install/gazebo_ros2_control/lib:/workspaces/diffbot/ros2_ws/install/controller_manager/lib:/workspaces/diffbot/ros2_ws/install/joint_state_broadcaster/lib:/workspaces/diffbot/ros2_ws/install/diff_drive_controller/lib:/workspaces/diffbot/ros2_ws/install/realtime_tools/lib:/workspaces/diffbot/ros2_ws/install/position_controllers/lib:/workspaces/diffbot/ros2_ws/install/controller_interface/lib:/workspaces/diffbot/ros2_ws/install/hardware_interface/lib:/workspaces/diffbot/ros2_ws/install/control_msgs/lib:/opt/ros/humble/opt/rviz_ogre_vendor/lib:/opt/ros/humble/lib/x86_64-linux-gnu:/opt/ros/humble/lib PYTHONPATH=/workspaces/diffbot/ros2_ws/build/rqt_controller_manager/prefix_override:/workspaces/diffbot/ros2_ws/install/rqt_controller_manager/lib/python3.10/site-packages:/workspaces/diffbot/ros2_ws/install/controller_manager_msgs/local/lib/python3.10/dist-packages:${PYTHONPATH} /usr/bin/python3 setup.py egg_info --egg-base ../../../build/rqt_controller_manager build --build-base /workspaces/diffbot/ros2_ws/build/rqt_controller_manager/build install --record /workspaces/diffbot/ros2_ws/build/rqt_controller_manager/install.log --single-version-externally-managed
