[1.071s] Invoking command in '/home/lulav/ros2_ws/build/rqt_controller_manager': AMENT_PREFIX_PATH=/home/lulav/ros2_ws/install/controller_manager_msgs:${AMENT_PREFIX_PATH} CMAKE_PREFIX_PATH=/home/lulav/ros2_ws/install/controller_manager_msgs LD_LIBRARY_PATH=/home/lulav/ros2_ws/install/controller_manager_msgs/lib:${LD_LIBRARY_PATH} PYTHONPATH=/home/lulav/ros2_ws/build/rqt_controller_manager/prefix_override:/home/lulav/ros2_ws/install/rqt_controller_manager/lib/python3.10/site-packages:/home/lulav/ros2_ws/install/controller_manager_msgs/local/lib/python3.10/dist-packages:${PYTHONPATH} /usr/bin/python3 setup.py develop --editable --build-directory /home/lulav/ros2_ws/build/rqt_controller_manager/build --no-deps install_data
[1.507s] running develop
[1.508s] /usr/lib/python3/dist-packages/setuptools/command/easy_install.py:158: EasyInstallDeprecationWarning: easy_install command is deprecated. Use build and pip and other standards-based tools.
[1.508s]   warnings.warn(
[1.510s] /usr/lib/python3/dist-packages/setuptools/command/install.py:34: SetuptoolsDeprecationWarning: setup.py install is deprecated. Use build and pip and other standards-based tools.
[1.510s]   warnings.warn(
[1.776s] running egg_info
[1.776s] creating rqt_controller_manager.egg-info
[1.777s] writing rqt_controller_manager.egg-info/PKG-INFO
[1.777s] writing dependency_links to rqt_controller_manager.egg-info/dependency_links.txt
[1.777s] writing entry points to rqt_controller_manager.egg-info/entry_points.txt
[1.777s] writing requirements to rqt_controller_manager.egg-info/requires.txt
[1.777s] writing top-level names to rqt_controller_manager.egg-info/top_level.txt
[1.778s] writing manifest file 'rqt_controller_manager.egg-info/SOURCES.txt'
[1.781s] reading manifest file 'rqt_controller_manager.egg-info/SOURCES.txt'
[1.782s] writing manifest file 'rqt_controller_manager.egg-info/SOURCES.txt'
[1.783s] running build_ext
[1.784s] Creating /home/lulav/ros2_ws/install/rqt_controller_manager/lib/python3.10/site-packages/rqt-controller-manager.egg-link (link to .)
[1.785s] Installing rqt_controller_manager script to /home/lulav/ros2_ws/install/rqt_controller_manager/lib/rqt_controller_manager
[1.786s] 
[1.786s] Installed /home/lulav/ros2_ws/build/rqt_controller_manager
[1.786s] running install_data
[1.786s] creating /home/lulav/ros2_ws/install/rqt_controller_manager/share/ament_index
[1.786s] creating /home/lulav/ros2_ws/install/rqt_controller_manager/share/ament_index/resource_index
[1.786s] creating /home/lulav/ros2_ws/install/rqt_controller_manager/share/ament_index/resource_index/packages
[1.786s] copying resource/rqt_controller_manager -> /home/lulav/ros2_ws/install/rqt_controller_manager/share/ament_index/resource_index/packages
[1.786s] copying package.xml -> /home/lulav/ros2_ws/install/rqt_controller_manager/share/rqt_controller_manager
[1.787s] creating /home/lulav/ros2_ws/install/rqt_controller_manager/share/rqt_controller_manager/resource
[1.787s] copying resource/led_red.png -> /home/lulav/ros2_ws/install/rqt_controller_manager/share/rqt_controller_manager/resource
[1.787s] copying resource/controller_info.ui -> /home/lulav/ros2_ws/install/rqt_controller_manager/share/rqt_controller_manager/resource
[1.787s] copying resource/led_off.png -> /home/lulav/ros2_ws/install/rqt_controller_manager/share/rqt_controller_manager/resource
[1.787s] copying resource/led_green.png -> /home/lulav/ros2_ws/install/rqt_controller_manager/share/rqt_controller_manager/resource
[1.787s] copying resource/cm_icon.png -> /home/lulav/ros2_ws/install/rqt_controller_manager/share/rqt_controller_manager/resource
[1.787s] copying resource/controller_manager.ui -> /home/lulav/ros2_ws/install/rqt_controller_manager/share/rqt_controller_manager/resource
[1.787s] copying plugin.xml -> /home/lulav/ros2_ws/install/rqt_controller_manager/share/rqt_controller_manager
[1.828s] Invoked command in '/home/lulav/ros2_ws/build/rqt_controller_manager' returned '0': AMENT_PREFIX_PATH=/home/lulav/ros2_ws/install/controller_manager_msgs:${AMENT_PREFIX_PATH} CMAKE_PREFIX_PATH=/home/lulav/ros2_ws/install/controller_manager_msgs LD_LIBRARY_PATH=/home/lulav/ros2_ws/install/controller_manager_msgs/lib:${LD_LIBRARY_PATH} PYTHONPATH=/home/lulav/ros2_ws/build/rqt_controller_manager/prefix_override:/home/lulav/ros2_ws/install/rqt_controller_manager/lib/python3.10/site-packages:/home/lulav/ros2_ws/install/controller_manager_msgs/local/lib/python3.10/dist-packages:${PYTHONPATH} /usr/bin/python3 setup.py develop --editable --build-directory /home/lulav/ros2_ws/build/rqt_controller_manager/build --no-deps install_data
