[0.079s] Invoking command in '/home/lulav/ros2_ws/build/realtime_tools': CMAKE_PREFIX_PATH=/opt/ros/humble /usr/bin/cmake --build /home/lulav/ros2_ws/build/realtime_tools -- -j8 -l8
[0.292s] [  9%] Built target thread_priority
[0.333s] [ 19%] Built target realtime_tools
[0.336s] [ 28%] Built target gmock_main
[0.346s] [ 42%] Built target gmock
[0.463s] [ 52%] Built target realtime_box_tests
[0.523s] [ 61%] Built target realtime_buffer_tests
[0.568s] [ 71%] Built target realtime_publisher_tests_non_polling
[0.582s] [ 80%] Built target realtime_server_goal_handle_tests
[0.592s] [ 90%] Built target realtime_clock_tests
[0.604s] [100%] Built target realtime_publisher_tests
[0.975s] Invoked command in '/home/lulav/ros2_ws/build/realtime_tools' returned '0': CMAKE_PREFIX_PATH=/opt/ros/humble /usr/bin/cmake --build /home/lulav/ros2_ws/build/realtime_tools -- -j8 -l8
[1.227s] Invoking command in '/home/lulav/ros2_ws/build/realtime_tools': CMAKE_PREFIX_PATH=/opt/ros/humble /usr/bin/cmake --install /home/lulav/ros2_ws/build/realtime_tools
[1.243s] -- Install configuration: ""
[1.249s] -- Execute custom install script
[1.250s] -- Up-to-date symlink: /home/lulav/ros2_ws/install/realtime_tools/include/realtime_tools/realtime_tools/realtime_box.h
[1.250s] -- Up-to-date symlink: /home/lulav/ros2_ws/install/realtime_tools/include/realtime_tools/realtime_tools/realtime_buffer.h
[1.250s] -- Up-to-date symlink: /home/lulav/ros2_ws/install/realtime_tools/include/realtime_tools/realtime_tools/realtime_clock.h
[1.250s] -- Up-to-date symlink: /home/lulav/ros2_ws/install/realtime_tools/include/realtime_tools/realtime_tools/realtime_publisher.h
[1.250s] -- Up-to-date symlink: /home/lulav/ros2_ws/install/realtime_tools/include/realtime_tools/realtime_tools/realtime_server_goal_handle.h
[1.250s] -- Up-to-date symlink: /home/lulav/ros2_ws/install/realtime_tools/include/realtime_tools/realtime_tools/thread_priority.hpp
[1.251s] -- Up-to-date symlink: /home/lulav/ros2_ws/install/realtime_tools/share/realtime_tools/environment/library_path.sh
[1.251s] -- Up-to-date symlink: /home/lulav/ros2_ws/install/realtime_tools/share/realtime_tools/environment/library_path.dsv
[1.251s] -- Up-to-date symlink: /home/lulav/ros2_ws/install/realtime_tools/share/ament_index/resource_index/package_run_dependencies/realtime_tools
[1.251s] -- Up-to-date symlink: /home/lulav/ros2_ws/install/realtime_tools/share/ament_index/resource_index/parent_prefix_path/realtime_tools
[1.251s] -- Up-to-date symlink: /home/lulav/ros2_ws/install/realtime_tools/share/realtime_tools/environment/ament_prefix_path.sh
[1.263s] -- Up-to-date symlink: /home/lulav/ros2_ws/install/realtime_tools/share/realtime_tools/environment/ament_prefix_path.dsv
[1.263s] -- Up-to-date symlink: /home/lulav/ros2_ws/install/realtime_tools/share/realtime_tools/environment/path.sh
[1.263s] -- Up-to-date symlink: /home/lulav/ros2_ws/install/realtime_tools/share/realtime_tools/environment/path.dsv
[1.264s] -- Up-to-date symlink: /home/lulav/ros2_ws/install/realtime_tools/share/realtime_tools/local_setup.bash
[1.264s] -- Up-to-date symlink: /home/lulav/ros2_ws/install/realtime_tools/share/realtime_tools/local_setup.sh
[1.265s] -- Up-to-date symlink: /home/lulav/ros2_ws/install/realtime_tools/share/realtime_tools/local_setup.zsh
[1.265s] -- Up-to-date symlink: /home/lulav/ros2_ws/install/realtime_tools/share/realtime_tools/local_setup.dsv
[1.265s] -- Symlinking: /home/lulav/ros2_ws/install/realtime_tools/share/realtime_tools/package.dsv
[1.303s] -- Up-to-date symlink: /home/lulav/ros2_ws/install/realtime_tools/share/ament_index/resource_index/packages/realtime_tools
[1.304s] -- Up-to-date symlink: /home/lulav/ros2_ws/install/realtime_tools/share/realtime_tools/cmake/ament_cmake_export_targets-extras.cmake
[1.304s] -- Up-to-date symlink: /home/lulav/ros2_ws/install/realtime_tools/share/realtime_tools/cmake/ament_cmake_export_dependencies-extras.cmake
[1.304s] -- Up-to-date symlink: /home/lulav/ros2_ws/install/realtime_tools/share/realtime_tools/cmake/realtime_toolsConfig.cmake
[1.304s] -- Up-to-date symlink: /home/lulav/ros2_ws/install/realtime_tools/share/realtime_tools/cmake/realtime_toolsConfig-version.cmake
[1.304s] -- Up-to-date symlink: /home/lulav/ros2_ws/install/realtime_tools/share/realtime_tools/package.xml
[1.304s] -- Up-to-date: /home/lulav/ros2_ws/install/realtime_tools/lib/librealtime_tools.so
[1.305s] -- Up-to-date: /home/lulav/ros2_ws/install/realtime_tools/lib/libthread_priority.so
[1.305s] -- Up-to-date: /home/lulav/ros2_ws/install/realtime_tools/share/realtime_tools/cmake/export_realtime_toolsExport.cmake
[1.305s] -- Up-to-date: /home/lulav/ros2_ws/install/realtime_tools/share/realtime_tools/cmake/export_realtime_toolsExport-noconfig.cmake
[1.338s] Invoked command in '/home/lulav/ros2_ws/build/realtime_tools' returned '0': CMAKE_PREFIX_PATH=/opt/ros/humble /usr/bin/cmake --install /home/lulav/ros2_ws/build/realtime_tools
