[0.139s] Invoking command in '/home/lulav/ros2_ws/build/control_msgs': CMAKE_PREFIX_PATH=${CMAKE_PREFIX_PATH}:/home/lulav/ros2_ws/install/rqt_joint_trajectory_controller:/home/lulav/ros2_ws/install/rqt_controller_manager:/home/lulav/ros2_ws/install/ros2controlcli:/home/lulav/ros2_ws/install/ros2_controllers_test_nodes:/opt/ros/humble /usr/bin/cmake --build /home/lulav/ros2_ws/build/control_msgs -- -j8 -l8
[0.399s] [  0%] Built target control_msgs__cpp
[0.478s] [ 12%] Built target control_msgs__rosidl_generator_c
[0.527s] [ 12%] Built target ament_cmake_python_symlink_control_msgs
[0.844s] [ 24%] Built target control_msgs__rosidl_typesupport_cpp
[0.846s] [ 36%] Built target control_msgs__rosidl_typesupport_fastrtps_c
[0.878s] [ 48%] Built target control_msgs__rosidl_typesupport_fastrtps_cpp
[0.886s] [ 60%] Built target control_msgs__rosidl_typesupport_introspection_c
[0.903s] [ 72%] Built target control_msgs__rosidl_typesupport_c
[0.927s] [ 84%] Built target control_msgs__rosidl_typesupport_introspection_cpp
[1.013s] [ 84%] Built target control_msgs
[1.110s] [ 85%] Built target control_msgs__py
[1.246s] [ 96%] Built target control_msgs__rosidl_generator_py
[1.343s] [ 98%] Built target control_msgs__rosidl_typesupport_introspection_c__pyext
[1.380s] [ 99%] Built target control_msgs__rosidl_typesupport_fastrtps_c__pyext
[1.405s] [100%] Built target control_msgs__rosidl_typesupport_c__pyext
[1.662s] running egg_info
[1.664s] writing control_msgs.egg-info/PKG-INFO
[1.672s] writing dependency_links to control_msgs.egg-info/dependency_links.txt
[1.672s] writing top-level names to control_msgs.egg-info/top_level.txt
[1.679s] reading manifest file 'control_msgs.egg-info/SOURCES.txt'
[1.679s] writing manifest file 'control_msgs.egg-info/SOURCES.txt'
[1.770s] [100%] Built target ament_cmake_python_build_control_msgs_egg
[1.824s] Invoked command in '/home/lulav/ros2_ws/build/control_msgs' returned '0': CMAKE_PREFIX_PATH=${CMAKE_PREFIX_PATH}:/home/lulav/ros2_ws/install/rqt_joint_trajectory_controller:/home/lulav/ros2_ws/install/rqt_controller_manager:/home/lulav/ros2_ws/install/ros2controlcli:/home/lulav/ros2_ws/install/ros2_controllers_test_nodes:/opt/ros/humble /usr/bin/cmake --build /home/lulav/ros2_ws/build/control_msgs -- -j8 -l8
[3.695s] Invoking command in '/home/lulav/ros2_ws/build/control_msgs': CMAKE_PREFIX_PATH=${CMAKE_PREFIX_PATH}:/home/lulav/ros2_ws/install/rqt_joint_trajectory_controller:/home/lulav/ros2_ws/install/rqt_controller_manager:/home/lulav/ros2_ws/install/ros2controlcli:/home/lulav/ros2_ws/install/ros2_controllers_test_nodes:/opt/ros/humble /usr/bin/cmake --install /home/lulav/ros2_ws/build/control_msgs
[3.718s] -- Install configuration: ""
[3.719s] -- Execute custom install script
[3.720s] -- Up-to-date symlink: /home/lulav/ros2_ws/install/control_msgs/share/ament_index/resource_index/rosidl_interfaces/control_msgs
[3.722s] -- Up-to-date symlink: /home/lulav/ros2_ws/install/control_msgs/include/control_msgs/control_msgs/action/detail/follow_joint_trajectory__functions.h
[3.723s] -- Up-to-date symlink: /home/lulav/ros2_ws/install/control_msgs/include/control_msgs/control_msgs/action/detail/follow_joint_trajectory__struct.h
[3.723s] -- Up-to-date symlink: /home/lulav/ros2_ws/install/control_msgs/include/control_msgs/control_msgs/action/detail/follow_joint_trajectory__type_support.h
[3.723s] -- Up-to-date symlink: /home/lulav/ros2_ws/install/control_msgs/include/control_msgs/control_msgs/action/detail/gripper_command__functions.h
[3.724s] -- Up-to-date symlink: /home/lulav/ros2_ws/install/control_msgs/include/control_msgs/control_msgs/action/detail/gripper_command__struct.h
[3.724s] -- Up-to-date symlink: /home/lulav/ros2_ws/install/control_msgs/include/control_msgs/control_msgs/action/detail/gripper_command__type_support.h
[3.724s] -- Up-to-date symlink: /home/lulav/ros2_ws/install/control_msgs/include/control_msgs/control_msgs/action/detail/joint_trajectory__functions.h
[3.724s] -- Up-to-date symlink: /home/lulav/ros2_ws/install/control_msgs/include/control_msgs/control_msgs/action/detail/joint_trajectory__struct.h
[3.725s] -- Up-to-date symlink: /home/lulav/ros2_ws/install/control_msgs/include/control_msgs/control_msgs/action/detail/joint_trajectory__type_support.h
[3.725s] -- Up-to-date symlink: /home/lulav/ros2_ws/install/control_msgs/include/control_msgs/control_msgs/action/detail/point_head__functions.h
[3.725s] -- Up-to-date symlink: /home/lulav/ros2_ws/install/control_msgs/include/control_msgs/control_msgs/action/detail/point_head__struct.h
[3.725s] -- Up-to-date symlink: /home/lulav/ros2_ws/install/control_msgs/include/control_msgs/control_msgs/action/detail/point_head__type_support.h
[3.726s] -- Up-to-date symlink: /home/lulav/ros2_ws/install/control_msgs/include/control_msgs/control_msgs/action/detail/single_joint_position__functions.h
[3.726s] -- Up-to-date symlink: /home/lulav/ros2_ws/install/control_msgs/include/control_msgs/control_msgs/action/detail/single_joint_position__struct.h
[3.726s] -- Up-to-date symlink: /home/lulav/ros2_ws/install/control_msgs/include/control_msgs/control_msgs/action/detail/single_joint_position__type_support.h
[3.727s] -- Up-to-date symlink: /home/lulav/ros2_ws/install/control_msgs/include/control_msgs/control_msgs/action/follow_joint_trajectory.h
[3.727s] -- Up-to-date symlink: /home/lulav/ros2_ws/install/control_msgs/include/control_msgs/control_msgs/action/gripper_command.h
[3.727s] -- Up-to-date symlink: /home/lulav/ros2_ws/install/control_msgs/include/control_msgs/control_msgs/action/joint_trajectory.h
[3.727s] -- Up-to-date symlink: /home/lulav/ros2_ws/install/control_msgs/include/control_msgs/control_msgs/action/point_head.h
[3.727s] -- Up-to-date symlink: /home/lulav/ros2_ws/install/control_msgs/include/control_msgs/control_msgs/action/single_joint_position.h
[3.728s] -- Up-to-date symlink: /home/lulav/ros2_ws/install/control_msgs/include/control_msgs/control_msgs/msg/admittance_controller_state.h
[3.728s] -- Up-to-date symlink: /home/lulav/ros2_ws/install/control_msgs/include/control_msgs/control_msgs/msg/detail/admittance_controller_state__functions.h
[3.728s] -- Up-to-date symlink: /home/lulav/ros2_ws/install/control_msgs/include/control_msgs/control_msgs/msg/detail/admittance_controller_state__struct.h
[3.729s] -- Up-to-date symlink: /home/lulav/ros2_ws/install/control_msgs/include/control_msgs/control_msgs/msg/detail/admittance_controller_state__type_support.h
[3.729s] -- Up-to-date symlink: /home/lulav/ros2_ws/install/control_msgs/include/control_msgs/control_msgs/msg/detail/dynamic_joint_state__functions.h
[3.730s] -- Up-to-date symlink: /home/lulav/ros2_ws/install/control_msgs/include/control_msgs/control_msgs/msg/detail/dynamic_joint_state__struct.h
[3.731s] -- Up-to-date symlink: /home/lulav/ros2_ws/install/control_msgs/include/control_msgs/control_msgs/msg/detail/dynamic_joint_state__type_support.h
[3.731s] -- Up-to-date symlink: /home/lulav/ros2_ws/install/control_msgs/include/control_msgs/control_msgs/msg/detail/gripper_command__functions.h
[3.732s] -- Up-to-date symlink: /home/lulav/ros2_ws/install/control_msgs/include/control_msgs/control_msgs/msg/detail/gripper_command__struct.h
[3.732s] -- Up-to-date symlink: /home/lulav/ros2_ws/install/control_msgs/include/control_msgs/control_msgs/msg/detail/gripper_command__type_support.h
[3.732s] -- Up-to-date symlink: /home/lulav/ros2_ws/install/control_msgs/include/control_msgs/control_msgs/msg/detail/interface_value__functions.h
[3.733s] -- Up-to-date symlink: /home/lulav/ros2_ws/install/control_msgs/include/control_msgs/control_msgs/msg/detail/interface_value__struct.h
[3.733s] -- Up-to-date symlink: /home/lulav/ros2_ws/install/control_msgs/include/control_msgs/control_msgs/msg/detail/interface_value__type_support.h
[3.733s] -- Up-to-date symlink: /home/lulav/ros2_ws/install/control_msgs/include/control_msgs/control_msgs/msg/detail/joint_component_tolerance__functions.h
[3.734s] -- Up-to-date symlink: /home/lulav/ros2_ws/install/control_msgs/include/control_msgs/control_msgs/msg/detail/joint_component_tolerance__struct.h
[3.734s] -- Up-to-date symlink: /home/lulav/ros2_ws/install/control_msgs/include/control_msgs/control_msgs/msg/detail/joint_component_tolerance__type_support.h
[3.734s] -- Up-to-date symlink: /home/lulav/ros2_ws/install/control_msgs/include/control_msgs/control_msgs/msg/detail/joint_controller_state__functions.h
[3.734s] -- Up-to-date symlink: /home/lulav/ros2_ws/install/control_msgs/include/control_msgs/control_msgs/msg/detail/joint_controller_state__struct.h
[3.734s] -- Up-to-date symlink: /home/lulav/ros2_ws/install/control_msgs/include/control_msgs/control_msgs/msg/detail/joint_controller_state__type_support.h
[3.735s] -- Up-to-date symlink: /home/lulav/ros2_ws/install/control_msgs/include/control_msgs/control_msgs/msg/detail/joint_jog__functions.h
[3.735s] -- Up-to-date symlink: /home/lulav/ros2_ws/install/control_msgs/include/control_msgs/control_msgs/msg/detail/joint_jog__struct.h
[3.736s] -- Up-to-date symlink: /home/lulav/ros2_ws/install/control_msgs/include/control_msgs/control_msgs/msg/detail/joint_jog__type_support.h
[3.736s] -- Up-to-date symlink: /home/lulav/ros2_ws/install/control_msgs/include/control_msgs/control_msgs/msg/detail/joint_tolerance__functions.h
[3.736s] -- Up-to-date symlink: /home/lulav/ros2_ws/install/control_msgs/include/control_msgs/control_msgs/msg/detail/joint_tolerance__struct.h
[3.736s] -- Up-to-date symlink: /home/lulav/ros2_ws/install/control_msgs/include/control_msgs/control_msgs/msg/detail/joint_tolerance__type_support.h
[3.737s] -- Up-to-date symlink: /home/lulav/ros2_ws/install/control_msgs/include/control_msgs/control_msgs/msg/detail/joint_trajectory_controller_state__functions.h
[3.737s] -- Up-to-date symlink: /home/lulav/ros2_ws/install/control_msgs/include/control_msgs/control_msgs/msg/detail/joint_trajectory_controller_state__struct.h
[3.737s] -- Up-to-date symlink: /home/lulav/ros2_ws/install/control_msgs/include/control_msgs/control_msgs/msg/detail/joint_trajectory_controller_state__type_support.h
[3.737s] -- Up-to-date symlink: /home/lulav/ros2_ws/install/control_msgs/include/control_msgs/control_msgs/msg/detail/mecanum_drive_controller_state__functions.h
[3.738s] -- Up-to-date symlink: /home/lulav/ros2_ws/install/control_msgs/include/control_msgs/control_msgs/msg/detail/mecanum_drive_controller_state__struct.h
[3.738s] -- Up-to-date symlink: /home/lulav/ros2_ws/install/control_msgs/include/control_msgs/control_msgs/msg/detail/mecanum_drive_controller_state__type_support.h
[3.738s] -- Up-to-date symlink: /home/lulav/ros2_ws/install/control_msgs/include/control_msgs/control_msgs/msg/detail/pid_state__functions.h
[3.738s] -- Up-to-date symlink: /home/lulav/ros2_ws/install/control_msgs/include/control_msgs/control_msgs/msg/detail/pid_state__struct.h
[3.738s] -- Up-to-date symlink: /home/lulav/ros2_ws/install/control_msgs/include/control_msgs/control_msgs/msg/detail/pid_state__type_support.h
[3.739s] -- Up-to-date symlink: /home/lulav/ros2_ws/install/control_msgs/include/control_msgs/control_msgs/msg/detail/steering_controller_status__functions.h
[3.739s] -- Up-to-date symlink: /home/lulav/ros2_ws/install/control_msgs/include/control_msgs/control_msgs/msg/detail/steering_controller_status__struct.h
[3.739s] -- Up-to-date symlink: /home/lulav/ros2_ws/install/control_msgs/include/control_msgs/control_msgs/msg/detail/steering_controller_status__type_support.h
[3.739s] -- Up-to-date symlink: /home/lulav/ros2_ws/install/control_msgs/include/control_msgs/control_msgs/msg/dynamic_joint_state.h
[3.740s] -- Up-to-date symlink: /home/lulav/ros2_ws/install/control_msgs/include/control_msgs/control_msgs/msg/gripper_command.h
[3.740s] -- Up-to-date symlink: /home/lulav/ros2_ws/install/control_msgs/include/control_msgs/control_msgs/msg/interface_value.h
[3.740s] -- Up-to-date symlink: /home/lulav/ros2_ws/install/control_msgs/include/control_msgs/control_msgs/msg/joint_component_tolerance.h
[3.741s] -- Up-to-date symlink: /home/lulav/ros2_ws/install/control_msgs/include/control_msgs/control_msgs/msg/joint_controller_state.h
[3.741s] -- Up-to-date symlink: /home/lulav/ros2_ws/install/control_msgs/include/control_msgs/control_msgs/msg/joint_jog.h
[3.741s] -- Up-to-date symlink: /home/lulav/ros2_ws/install/control_msgs/include/control_msgs/control_msgs/msg/joint_tolerance.h
[3.741s] -- Up-to-date symlink: /home/lulav/ros2_ws/install/control_msgs/include/control_msgs/control_msgs/msg/joint_trajectory_controller_state.h
[3.741s] -- Up-to-date symlink: /home/lulav/ros2_ws/install/control_msgs/include/control_msgs/control_msgs/msg/mecanum_drive_controller_state.h
[3.742s] -- Up-to-date symlink: /home/lulav/ros2_ws/install/control_msgs/include/control_msgs/control_msgs/msg/pid_state.h
[3.742s] -- Up-to-date symlink: /home/lulav/ros2_ws/install/control_msgs/include/control_msgs/control_msgs/msg/rosidl_generator_c__visibility_control.h
[3.742s] -- Up-to-date symlink: /home/lulav/ros2_ws/install/control_msgs/include/control_msgs/control_msgs/msg/steering_controller_status.h
[3.742s] -- Up-to-date symlink: /home/lulav/ros2_ws/install/control_msgs/include/control_msgs/control_msgs/srv/detail/query_calibration_state__functions.h
[3.743s] -- Up-to-date symlink: /home/lulav/ros2_ws/install/control_msgs/include/control_msgs/control_msgs/srv/detail/query_calibration_state__struct.h
[3.743s] -- Up-to-date symlink: /home/lulav/ros2_ws/install/control_msgs/include/control_msgs/control_msgs/srv/detail/query_calibration_state__type_support.h
[3.743s] -- Up-to-date symlink: /home/lulav/ros2_ws/install/control_msgs/include/control_msgs/control_msgs/srv/detail/query_trajectory_state__functions.h
[3.744s] -- Up-to-date symlink: /home/lulav/ros2_ws/install/control_msgs/include/control_msgs/control_msgs/srv/detail/query_trajectory_state__struct.h
[3.744s] -- Up-to-date symlink: /home/lulav/ros2_ws/install/control_msgs/include/control_msgs/control_msgs/srv/detail/query_trajectory_state__type_support.h
[3.744s] -- Up-to-date symlink: /home/lulav/ros2_ws/install/control_msgs/include/control_msgs/control_msgs/srv/query_calibration_state.h
[3.745s] -- Up-to-date symlink: /home/lulav/ros2_ws/install/control_msgs/include/control_msgs/control_msgs/srv/query_trajectory_state.h
[3.745s] -- Up-to-date symlink: /home/lulav/ros2_ws/install/control_msgs/share/control_msgs/environment/library_path.sh
[3.745s] -- Up-to-date symlink: /home/lulav/ros2_ws/install/control_msgs/share/control_msgs/environment/library_path.dsv
[3.748s] -- Up-to-date symlink: /home/lulav/ros2_ws/install/control_msgs/include/control_msgs/control_msgs/action/detail/follow_joint_trajectory__rosidl_typesupport_fastrtps_c.h
[3.748s] -- Up-to-date symlink: /home/lulav/ros2_ws/install/control_msgs/include/control_msgs/control_msgs/action/detail/gripper_command__rosidl_typesupport_fastrtps_c.h
[3.748s] -- Up-to-date symlink: /home/lulav/ros2_ws/install/control_msgs/include/control_msgs/control_msgs/action/detail/joint_trajectory__rosidl_typesupport_fastrtps_c.h
[3.750s] -- Up-to-date symlink: /home/lulav/ros2_ws/install/control_msgs/include/control_msgs/control_msgs/action/detail/point_head__rosidl_typesupport_fastrtps_c.h
[3.750s] -- Up-to-date symlink: /home/lulav/ros2_ws/install/control_msgs/include/control_msgs/control_msgs/action/detail/single_joint_position__rosidl_typesupport_fastrtps_c.h
[3.751s] -- Up-to-date symlink: /home/lulav/ros2_ws/install/control_msgs/include/control_msgs/control_msgs/msg/detail/admittance_controller_state__rosidl_typesupport_fastrtps_c.h
[3.751s] -- Up-to-date symlink: /home/lulav/ros2_ws/install/control_msgs/include/control_msgs/control_msgs/msg/detail/dynamic_joint_state__rosidl_typesupport_fastrtps_c.h
[3.752s] -- Up-to-date symlink: /home/lulav/ros2_ws/install/control_msgs/include/control_msgs/control_msgs/msg/detail/gripper_command__rosidl_typesupport_fastrtps_c.h
[3.752s] -- Up-to-date symlink: /home/lulav/ros2_ws/install/control_msgs/include/control_msgs/control_msgs/msg/detail/interface_value__rosidl_typesupport_fastrtps_c.h
[3.752s] -- Up-to-date symlink: /home/lulav/ros2_ws/install/control_msgs/include/control_msgs/control_msgs/msg/detail/joint_component_tolerance__rosidl_typesupport_fastrtps_c.h
[3.752s] -- Up-to-date symlink: /home/lulav/ros2_ws/install/control_msgs/include/control_msgs/control_msgs/msg/detail/joint_controller_state__rosidl_typesupport_fastrtps_c.h
[3.752s] -- Up-to-date symlink: /home/lulav/ros2_ws/install/control_msgs/include/control_msgs/control_msgs/msg/detail/joint_jog__rosidl_typesupport_fastrtps_c.h
[3.753s] -- Up-to-date symlink: /home/lulav/ros2_ws/install/control_msgs/include/control_msgs/control_msgs/msg/detail/joint_tolerance__rosidl_typesupport_fastrtps_c.h
[3.753s] -- Up-to-date symlink: /home/lulav/ros2_ws/install/control_msgs/include/control_msgs/control_msgs/msg/detail/joint_trajectory_controller_state__rosidl_typesupport_fastrtps_c.h
[3.753s] -- Up-to-date symlink: /home/lulav/ros2_ws/install/control_msgs/include/control_msgs/control_msgs/msg/detail/mecanum_drive_controller_state__rosidl_typesupport_fastrtps_c.h
[3.753s] -- Up-to-date symlink: /home/lulav/ros2_ws/install/control_msgs/include/control_msgs/control_msgs/msg/detail/pid_state__rosidl_typesupport_fastrtps_c.h
[3.754s] -- Up-to-date symlink: /home/lulav/ros2_ws/install/control_msgs/include/control_msgs/control_msgs/msg/detail/steering_controller_status__rosidl_typesupport_fastrtps_c.h
[3.754s] -- Up-to-date symlink: /home/lulav/ros2_ws/install/control_msgs/include/control_msgs/control_msgs/msg/rosidl_typesupport_fastrtps_c__visibility_control.h
[3.754s] -- Up-to-date symlink: /home/lulav/ros2_ws/install/control_msgs/include/control_msgs/control_msgs/srv/detail/query_calibration_state__rosidl_typesupport_fastrtps_c.h
[3.754s] -- Up-to-date symlink: /home/lulav/ros2_ws/install/control_msgs/include/control_msgs/control_msgs/srv/detail/query_trajectory_state__rosidl_typesupport_fastrtps_c.h
[3.757s] -- Up-to-date symlink: /home/lulav/ros2_ws/install/control_msgs/include/control_msgs/control_msgs/action/detail/follow_joint_trajectory__builder.hpp
[3.757s] -- Up-to-date symlink: /home/lulav/ros2_ws/install/control_msgs/include/control_msgs/control_msgs/action/detail/follow_joint_trajectory__struct.hpp
[3.758s] -- Up-to-date symlink: /home/lulav/ros2_ws/install/control_msgs/include/control_msgs/control_msgs/action/detail/follow_joint_trajectory__traits.hpp
[3.758s] -- Up-to-date symlink: /home/lulav/ros2_ws/install/control_msgs/include/control_msgs/control_msgs/action/detail/gripper_command__builder.hpp
[3.758s] -- Up-to-date symlink: /home/lulav/ros2_ws/install/control_msgs/include/control_msgs/control_msgs/action/detail/gripper_command__struct.hpp
[3.758s] -- Up-to-date symlink: /home/lulav/ros2_ws/install/control_msgs/include/control_msgs/control_msgs/action/detail/gripper_command__traits.hpp
[3.759s] -- Up-to-date symlink: /home/lulav/ros2_ws/install/control_msgs/include/control_msgs/control_msgs/action/detail/joint_trajectory__builder.hpp
[3.759s] -- Up-to-date symlink: /home/lulav/ros2_ws/install/control_msgs/include/control_msgs/control_msgs/action/detail/joint_trajectory__struct.hpp
[3.759s] -- Up-to-date symlink: /home/lulav/ros2_ws/install/control_msgs/include/control_msgs/control_msgs/action/detail/joint_trajectory__traits.hpp
[3.759s] -- Up-to-date symlink: /home/lulav/ros2_ws/install/control_msgs/include/control_msgs/control_msgs/action/detail/point_head__builder.hpp
[3.760s] -- Up-to-date symlink: /home/lulav/ros2_ws/install/control_msgs/include/control_msgs/control_msgs/action/detail/point_head__struct.hpp
[3.760s] -- Up-to-date symlink: /home/lulav/ros2_ws/install/control_msgs/include/control_msgs/control_msgs/action/detail/point_head__traits.hpp
[3.760s] -- Up-to-date symlink: /home/lulav/ros2_ws/install/control_msgs/include/control_msgs/control_msgs/action/detail/single_joint_position__builder.hpp
[3.760s] -- Up-to-date symlink: /home/lulav/ros2_ws/install/control_msgs/include/control_msgs/control_msgs/action/detail/single_joint_position__struct.hpp
[3.760s] -- Up-to-date symlink: /home/lulav/ros2_ws/install/control_msgs/include/control_msgs/control_msgs/action/detail/single_joint_position__traits.hpp
[3.762s] -- Up-to-date symlink: /home/lulav/ros2_ws/install/control_msgs/include/control_msgs/control_msgs/action/follow_joint_trajectory.hpp
[3.763s] -- Up-to-date symlink: /home/lulav/ros2_ws/install/control_msgs/include/control_msgs/control_msgs/action/gripper_command.hpp
[3.763s] -- Up-to-date symlink: /home/lulav/ros2_ws/install/control_msgs/include/control_msgs/control_msgs/action/joint_trajectory.hpp
[3.763s] -- Up-to-date symlink: /home/lulav/ros2_ws/install/control_msgs/include/control_msgs/control_msgs/action/point_head.hpp
[3.763s] -- Up-to-date symlink: /home/lulav/ros2_ws/install/control_msgs/include/control_msgs/control_msgs/action/single_joint_position.hpp
[3.763s] -- Up-to-date symlink: /home/lulav/ros2_ws/install/control_msgs/include/control_msgs/control_msgs/msg/admittance_controller_state.hpp
[3.763s] -- Up-to-date symlink: /home/lulav/ros2_ws/install/control_msgs/include/control_msgs/control_msgs/msg/detail/admittance_controller_state__builder.hpp
[3.764s] -- Up-to-date symlink: /home/lulav/ros2_ws/install/control_msgs/include/control_msgs/control_msgs/msg/detail/admittance_controller_state__struct.hpp
[3.764s] -- Up-to-date symlink: /home/lulav/ros2_ws/install/control_msgs/include/control_msgs/control_msgs/msg/detail/admittance_controller_state__traits.hpp
[3.765s] -- Up-to-date symlink: /home/lulav/ros2_ws/install/control_msgs/include/control_msgs/control_msgs/msg/detail/dynamic_joint_state__builder.hpp
[3.765s] -- Up-to-date symlink: /home/lulav/ros2_ws/install/control_msgs/include/control_msgs/control_msgs/msg/detail/dynamic_joint_state__struct.hpp
[3.765s] -- Up-to-date symlink: /home/lulav/ros2_ws/install/control_msgs/include/control_msgs/control_msgs/msg/detail/dynamic_joint_state__traits.hpp
[3.765s] -- Up-to-date symlink: /home/lulav/ros2_ws/install/control_msgs/include/control_msgs/control_msgs/msg/detail/gripper_command__builder.hpp
[3.766s] -- Up-to-date symlink: /home/lulav/ros2_ws/install/control_msgs/include/control_msgs/control_msgs/msg/detail/gripper_command__struct.hpp
[3.766s] -- Up-to-date symlink: /home/lulav/ros2_ws/install/control_msgs/include/control_msgs/control_msgs/msg/detail/gripper_command__traits.hpp
[3.766s] -- Up-to-date symlink: /home/lulav/ros2_ws/install/control_msgs/include/control_msgs/control_msgs/msg/detail/interface_value__builder.hpp
[3.767s] -- Up-to-date symlink: /home/lulav/ros2_ws/install/control_msgs/include/control_msgs/control_msgs/msg/detail/interface_value__struct.hpp
[3.767s] -- Up-to-date symlink: /home/lulav/ros2_ws/install/control_msgs/include/control_msgs/control_msgs/msg/detail/interface_value__traits.hpp
[3.769s] -- Up-to-date symlink: /home/lulav/ros2_ws/install/control_msgs/include/control_msgs/control_msgs/msg/detail/joint_component_tolerance__builder.hpp
[3.769s] -- Up-to-date symlink: /home/lulav/ros2_ws/install/control_msgs/include/control_msgs/control_msgs/msg/detail/joint_component_tolerance__struct.hpp
[3.769s] -- Up-to-date symlink: /home/lulav/ros2_ws/install/control_msgs/include/control_msgs/control_msgs/msg/detail/joint_component_tolerance__traits.hpp
[3.770s] -- Up-to-date symlink: /home/lulav/ros2_ws/install/control_msgs/include/control_msgs/control_msgs/msg/detail/joint_controller_state__builder.hpp
[3.770s] -- Up-to-date symlink: /home/lulav/ros2_ws/install/control_msgs/include/control_msgs/control_msgs/msg/detail/joint_controller_state__struct.hpp
[3.770s] -- Up-to-date symlink: /home/lulav/ros2_ws/install/control_msgs/include/control_msgs/control_msgs/msg/detail/joint_controller_state__traits.hpp
[3.770s] -- Up-to-date symlink: /home/lulav/ros2_ws/install/control_msgs/include/control_msgs/control_msgs/msg/detail/joint_jog__builder.hpp
[3.771s] -- Up-to-date symlink: /home/lulav/ros2_ws/install/control_msgs/include/control_msgs/control_msgs/msg/detail/joint_jog__struct.hpp
[3.771s] -- Up-to-date symlink: /home/lulav/ros2_ws/install/control_msgs/include/control_msgs/control_msgs/msg/detail/joint_jog__traits.hpp
[3.771s] -- Up-to-date symlink: /home/lulav/ros2_ws/install/control_msgs/include/control_msgs/control_msgs/msg/detail/joint_tolerance__builder.hpp
[3.771s] -- Up-to-date symlink: /home/lulav/ros2_ws/install/control_msgs/include/control_msgs/control_msgs/msg/detail/joint_tolerance__struct.hpp
[3.771s] -- Up-to-date symlink: /home/lulav/ros2_ws/install/control_msgs/include/control_msgs/control_msgs/msg/detail/joint_tolerance__traits.hpp
[3.772s] -- Up-to-date symlink: /home/lulav/ros2_ws/install/control_msgs/include/control_msgs/control_msgs/msg/detail/joint_trajectory_controller_state__builder.hpp
[3.772s] -- Up-to-date symlink: /home/lulav/ros2_ws/install/control_msgs/include/control_msgs/control_msgs/msg/detail/joint_trajectory_controller_state__struct.hpp
[3.772s] -- Up-to-date symlink: /home/lulav/ros2_ws/install/control_msgs/include/control_msgs/control_msgs/msg/detail/joint_trajectory_controller_state__traits.hpp
[3.772s] -- Up-to-date symlink: /home/lulav/ros2_ws/install/control_msgs/include/control_msgs/control_msgs/msg/detail/mecanum_drive_controller_state__builder.hpp
[3.772s] -- Up-to-date symlink: /home/lulav/ros2_ws/install/control_msgs/include/control_msgs/control_msgs/msg/detail/mecanum_drive_controller_state__struct.hpp
[3.773s] -- Up-to-date symlink: /home/lulav/ros2_ws/install/control_msgs/include/control_msgs/control_msgs/msg/detail/mecanum_drive_controller_state__traits.hpp
[3.773s] -- Up-to-date symlink: /home/lulav/ros2_ws/install/control_msgs/include/control_msgs/control_msgs/msg/detail/pid_state__builder.hpp
[3.773s] -- Up-to-date symlink: /home/lulav/ros2_ws/install/control_msgs/include/control_msgs/control_msgs/msg/detail/pid_state__struct.hpp
[3.773s] -- Up-to-date symlink: /home/lulav/ros2_ws/install/control_msgs/include/control_msgs/control_msgs/msg/detail/pid_state__traits.hpp
[3.773s] -- Up-to-date symlink: /home/lulav/ros2_ws/install/control_msgs/include/control_msgs/control_msgs/msg/detail/steering_controller_status__builder.hpp
[3.774s] -- Up-to-date symlink: /home/lulav/ros2_ws/install/control_msgs/include/control_msgs/control_msgs/msg/detail/steering_controller_status__struct.hpp
[3.774s] -- Up-to-date symlink: /home/lulav/ros2_ws/install/control_msgs/include/control_msgs/control_msgs/msg/detail/steering_controller_status__traits.hpp
[3.774s] -- Up-to-date symlink: /home/lulav/ros2_ws/install/control_msgs/include/control_msgs/control_msgs/msg/dynamic_joint_state.hpp
[3.774s] -- Up-to-date symlink: /home/lulav/ros2_ws/install/control_msgs/include/control_msgs/control_msgs/msg/gripper_command.hpp
[3.775s] -- Up-to-date symlink: /home/lulav/ros2_ws/install/control_msgs/include/control_msgs/control_msgs/msg/interface_value.hpp
[3.775s] -- Up-to-date symlink: /home/lulav/ros2_ws/install/control_msgs/include/control_msgs/control_msgs/msg/joint_component_tolerance.hpp
[3.775s] -- Up-to-date symlink: /home/lulav/ros2_ws/install/control_msgs/include/control_msgs/control_msgs/msg/joint_controller_state.hpp
[3.775s] -- Up-to-date symlink: /home/lulav/ros2_ws/install/control_msgs/include/control_msgs/control_msgs/msg/joint_jog.hpp
[3.775s] -- Up-to-date symlink: /home/lulav/ros2_ws/install/control_msgs/include/control_msgs/control_msgs/msg/joint_tolerance.hpp
[3.775s] -- Up-to-date symlink: /home/lulav/ros2_ws/install/control_msgs/include/control_msgs/control_msgs/msg/joint_trajectory_controller_state.hpp
[3.776s] -- Up-to-date symlink: /home/lulav/ros2_ws/install/control_msgs/include/control_msgs/control_msgs/msg/mecanum_drive_controller_state.hpp
[3.776s] -- Up-to-date symlink: /home/lulav/ros2_ws/install/control_msgs/include/control_msgs/control_msgs/msg/pid_state.hpp
[3.776s] -- Up-to-date symlink: /home/lulav/ros2_ws/install/control_msgs/include/control_msgs/control_msgs/msg/steering_controller_status.hpp
[3.776s] -- Up-to-date symlink: /home/lulav/ros2_ws/install/control_msgs/include/control_msgs/control_msgs/srv/detail/query_calibration_state__builder.hpp
[3.776s] -- Up-to-date symlink: /home/lulav/ros2_ws/install/control_msgs/include/control_msgs/control_msgs/srv/detail/query_calibration_state__struct.hpp
[3.777s] -- Up-to-date symlink: /home/lulav/ros2_ws/install/control_msgs/include/control_msgs/control_msgs/srv/detail/query_calibration_state__traits.hpp
[3.777s] -- Up-to-date symlink: /home/lulav/ros2_ws/install/control_msgs/include/control_msgs/control_msgs/srv/detail/query_trajectory_state__builder.hpp
[3.778s] -- Up-to-date symlink: /home/lulav/ros2_ws/install/control_msgs/include/control_msgs/control_msgs/srv/detail/query_trajectory_state__struct.hpp
[3.778s] -- Up-to-date symlink: /home/lulav/ros2_ws/install/control_msgs/include/control_msgs/control_msgs/srv/detail/query_trajectory_state__traits.hpp
[3.778s] -- Up-to-date symlink: /home/lulav/ros2_ws/install/control_msgs/include/control_msgs/control_msgs/srv/query_calibration_state.hpp
[3.778s] -- Up-to-date symlink: /home/lulav/ros2_ws/install/control_msgs/include/control_msgs/control_msgs/srv/query_trajectory_state.hpp
[3.781s] -- Up-to-date symlink: /home/lulav/ros2_ws/install/control_msgs/include/control_msgs/control_msgs/action/detail/follow_joint_trajectory__rosidl_typesupport_fastrtps_cpp.hpp
[3.781s] -- Up-to-date symlink: /home/lulav/ros2_ws/install/control_msgs/include/control_msgs/control_msgs/action/detail/gripper_command__rosidl_typesupport_fastrtps_cpp.hpp
[3.782s] -- Up-to-date symlink: /home/lulav/ros2_ws/install/control_msgs/include/control_msgs/control_msgs/action/detail/joint_trajectory__rosidl_typesupport_fastrtps_cpp.hpp
[3.783s] -- Up-to-date symlink: /home/lulav/ros2_ws/install/control_msgs/include/control_msgs/control_msgs/action/detail/point_head__rosidl_typesupport_fastrtps_cpp.hpp
[3.783s] -- Up-to-date symlink: /home/lulav/ros2_ws/install/control_msgs/include/control_msgs/control_msgs/action/detail/single_joint_position__rosidl_typesupport_fastrtps_cpp.hpp
[3.783s] -- Up-to-date symlink: /home/lulav/ros2_ws/install/control_msgs/include/control_msgs/control_msgs/msg/detail/admittance_controller_state__rosidl_typesupport_fastrtps_cpp.hpp
[3.784s] -- Up-to-date symlink: /home/lulav/ros2_ws/install/control_msgs/include/control_msgs/control_msgs/msg/detail/dynamic_joint_state__rosidl_typesupport_fastrtps_cpp.hpp
[3.784s] -- Up-to-date symlink: /home/lulav/ros2_ws/install/control_msgs/include/control_msgs/control_msgs/msg/detail/gripper_command__rosidl_typesupport_fastrtps_cpp.hpp
[3.784s] -- Up-to-date symlink: /home/lulav/ros2_ws/install/control_msgs/include/control_msgs/control_msgs/msg/detail/interface_value__rosidl_typesupport_fastrtps_cpp.hpp
[3.784s] -- Up-to-date symlink: /home/lulav/ros2_ws/install/control_msgs/include/control_msgs/control_msgs/msg/detail/joint_component_tolerance__rosidl_typesupport_fastrtps_cpp.hpp
[3.785s] -- Up-to-date symlink: /home/lulav/ros2_ws/install/control_msgs/include/control_msgs/control_msgs/msg/detail/joint_controller_state__rosidl_typesupport_fastrtps_cpp.hpp
[3.785s] -- Up-to-date symlink: /home/lulav/ros2_ws/install/control_msgs/include/control_msgs/control_msgs/msg/detail/joint_jog__rosidl_typesupport_fastrtps_cpp.hpp
[3.785s] -- Up-to-date symlink: /home/lulav/ros2_ws/install/control_msgs/include/control_msgs/control_msgs/msg/detail/joint_tolerance__rosidl_typesupport_fastrtps_cpp.hpp
[3.785s] -- Up-to-date symlink: /home/lulav/ros2_ws/install/control_msgs/include/control_msgs/control_msgs/msg/detail/joint_trajectory_controller_state__rosidl_typesupport_fastrtps_cpp.hpp
[3.786s] -- Up-to-date symlink: /home/lulav/ros2_ws/install/control_msgs/include/control_msgs/control_msgs/msg/detail/mecanum_drive_controller_state__rosidl_typesupport_fastrtps_cpp.hpp
[3.786s] -- Up-to-date symlink: /home/lulav/ros2_ws/install/control_msgs/include/control_msgs/control_msgs/msg/detail/pid_state__rosidl_typesupport_fastrtps_cpp.hpp
[3.786s] -- Up-to-date symlink: /home/lulav/ros2_ws/install/control_msgs/include/control_msgs/control_msgs/msg/detail/steering_controller_status__rosidl_typesupport_fastrtps_cpp.hpp
[3.786s] -- Up-to-date symlink: /home/lulav/ros2_ws/install/control_msgs/include/control_msgs/control_msgs/msg/rosidl_typesupport_fastrtps_cpp__visibility_control.h
[3.786s] -- Up-to-date symlink: /home/lulav/ros2_ws/install/control_msgs/include/control_msgs/control_msgs/srv/detail/query_calibration_state__rosidl_typesupport_fastrtps_cpp.hpp
[3.786s] -- Up-to-date symlink: /home/lulav/ros2_ws/install/control_msgs/include/control_msgs/control_msgs/srv/detail/query_trajectory_state__rosidl_typesupport_fastrtps_cpp.hpp
[3.787s] -- Up-to-date symlink: /home/lulav/ros2_ws/install/control_msgs/include/control_msgs/control_msgs/action/detail/follow_joint_trajectory__rosidl_typesupport_introspection_c.h
[3.787s] -- Up-to-date symlink: /home/lulav/ros2_ws/install/control_msgs/include/control_msgs/control_msgs/action/detail/gripper_command__rosidl_typesupport_introspection_c.h
[3.787s] -- Up-to-date symlink: /home/lulav/ros2_ws/install/control_msgs/include/control_msgs/control_msgs/action/detail/joint_trajectory__rosidl_typesupport_introspection_c.h
[3.787s] -- Up-to-date symlink: /home/lulav/ros2_ws/install/control_msgs/include/control_msgs/control_msgs/action/detail/point_head__rosidl_typesupport_introspection_c.h
[3.788s] -- Up-to-date symlink: /home/lulav/ros2_ws/install/control_msgs/include/control_msgs/control_msgs/action/detail/single_joint_position__rosidl_typesupport_introspection_c.h
[3.788s] -- Up-to-date symlink: /home/lulav/ros2_ws/install/control_msgs/include/control_msgs/control_msgs/msg/detail/admittance_controller_state__rosidl_typesupport_introspection_c.h
[3.788s] -- Up-to-date symlink: /home/lulav/ros2_ws/install/control_msgs/include/control_msgs/control_msgs/msg/detail/dynamic_joint_state__rosidl_typesupport_introspection_c.h
[3.789s] -- Up-to-date symlink: /home/lulav/ros2_ws/install/control_msgs/include/control_msgs/control_msgs/msg/detail/gripper_command__rosidl_typesupport_introspection_c.h
[3.789s] -- Up-to-date symlink: /home/lulav/ros2_ws/install/control_msgs/include/control_msgs/control_msgs/msg/detail/interface_value__rosidl_typesupport_introspection_c.h
[3.789s] -- Up-to-date symlink: /home/lulav/ros2_ws/install/control_msgs/include/control_msgs/control_msgs/msg/detail/joint_component_tolerance__rosidl_typesupport_introspection_c.h
[3.789s] -- Up-to-date symlink: /home/lulav/ros2_ws/install/control_msgs/include/control_msgs/control_msgs/msg/detail/joint_controller_state__rosidl_typesupport_introspection_c.h
[3.789s] -- Up-to-date symlink: /home/lulav/ros2_ws/install/control_msgs/include/control_msgs/control_msgs/msg/detail/joint_jog__rosidl_typesupport_introspection_c.h
[3.790s] -- Up-to-date symlink: /home/lulav/ros2_ws/install/control_msgs/include/control_msgs/control_msgs/msg/detail/joint_tolerance__rosidl_typesupport_introspection_c.h
[3.790s] -- Up-to-date symlink: /home/lulav/ros2_ws/install/control_msgs/include/control_msgs/control_msgs/msg/detail/joint_trajectory_controller_state__rosidl_typesupport_introspection_c.h
[3.790s] -- Up-to-date symlink: /home/lulav/ros2_ws/install/control_msgs/include/control_msgs/control_msgs/msg/detail/mecanum_drive_controller_state__rosidl_typesupport_introspection_c.h
[3.790s] -- Up-to-date symlink: /home/lulav/ros2_ws/install/control_msgs/include/control_msgs/control_msgs/msg/detail/pid_state__rosidl_typesupport_introspection_c.h
[3.790s] -- Up-to-date symlink: /home/lulav/ros2_ws/install/control_msgs/include/control_msgs/control_msgs/msg/detail/steering_controller_status__rosidl_typesupport_introspection_c.h
[3.791s] -- Up-to-date symlink: /home/lulav/ros2_ws/install/control_msgs/include/control_msgs/control_msgs/msg/rosidl_typesupport_introspection_c__visibility_control.h
[3.791s] -- Up-to-date symlink: /home/lulav/ros2_ws/install/control_msgs/include/control_msgs/control_msgs/srv/detail/query_calibration_state__rosidl_typesupport_introspection_c.h
[3.791s] -- Up-to-date symlink: /home/lulav/ros2_ws/install/control_msgs/include/control_msgs/control_msgs/srv/detail/query_trajectory_state__rosidl_typesupport_introspection_c.h
[3.792s] -- Up-to-date symlink: /home/lulav/ros2_ws/install/control_msgs/include/control_msgs/control_msgs/action/detail/follow_joint_trajectory__rosidl_typesupport_introspection_cpp.hpp
[3.793s] -- Up-to-date symlink: /home/lulav/ros2_ws/install/control_msgs/include/control_msgs/control_msgs/action/detail/gripper_command__rosidl_typesupport_introspection_cpp.hpp
[3.793s] -- Up-to-date symlink: /home/lulav/ros2_ws/install/control_msgs/include/control_msgs/control_msgs/action/detail/joint_trajectory__rosidl_typesupport_introspection_cpp.hpp
[3.793s] -- Up-to-date symlink: /home/lulav/ros2_ws/install/control_msgs/include/control_msgs/control_msgs/action/detail/point_head__rosidl_typesupport_introspection_cpp.hpp
[3.793s] -- Up-to-date symlink: /home/lulav/ros2_ws/install/control_msgs/include/control_msgs/control_msgs/action/detail/single_joint_position__rosidl_typesupport_introspection_cpp.hpp
[3.794s] -- Up-to-date symlink: /home/lulav/ros2_ws/install/control_msgs/include/control_msgs/control_msgs/msg/detail/admittance_controller_state__rosidl_typesupport_introspection_cpp.hpp
[3.794s] -- Up-to-date symlink: /home/lulav/ros2_ws/install/control_msgs/include/control_msgs/control_msgs/msg/detail/dynamic_joint_state__rosidl_typesupport_introspection_cpp.hpp
[3.794s] -- Up-to-date symlink: /home/lulav/ros2_ws/install/control_msgs/include/control_msgs/control_msgs/msg/detail/gripper_command__rosidl_typesupport_introspection_cpp.hpp
[3.794s] -- Up-to-date symlink: /home/lulav/ros2_ws/install/control_msgs/include/control_msgs/control_msgs/msg/detail/interface_value__rosidl_typesupport_introspection_cpp.hpp
[3.794s] -- Up-to-date symlink: /home/lulav/ros2_ws/install/control_msgs/include/control_msgs/control_msgs/msg/detail/joint_component_tolerance__rosidl_typesupport_introspection_cpp.hpp
[3.795s] -- Up-to-date symlink: /home/lulav/ros2_ws/install/control_msgs/include/control_msgs/control_msgs/msg/detail/joint_controller_state__rosidl_typesupport_introspection_cpp.hpp
[3.795s] -- Up-to-date symlink: /home/lulav/ros2_ws/install/control_msgs/include/control_msgs/control_msgs/msg/detail/joint_jog__rosidl_typesupport_introspection_cpp.hpp
[3.795s] -- Up-to-date symlink: /home/lulav/ros2_ws/install/control_msgs/include/control_msgs/control_msgs/msg/detail/joint_tolerance__rosidl_typesupport_introspection_cpp.hpp
[3.796s] -- Up-to-date symlink: /home/lulav/ros2_ws/install/control_msgs/include/control_msgs/control_msgs/msg/detail/joint_trajectory_controller_state__rosidl_typesupport_introspection_cpp.hpp
[3.796s] -- Up-to-date symlink: /home/lulav/ros2_ws/install/control_msgs/include/control_msgs/control_msgs/msg/detail/mecanum_drive_controller_state__rosidl_typesupport_introspection_cpp.hpp
[3.796s] -- Up-to-date symlink: /home/lulav/ros2_ws/install/control_msgs/include/control_msgs/control_msgs/msg/detail/pid_state__rosidl_typesupport_introspection_cpp.hpp
[3.796s] -- Up-to-date symlink: /home/lulav/ros2_ws/install/control_msgs/include/control_msgs/control_msgs/msg/detail/steering_controller_status__rosidl_typesupport_introspection_cpp.hpp
[3.796s] -- Up-to-date symlink: /home/lulav/ros2_ws/install/control_msgs/include/control_msgs/control_msgs/srv/detail/query_calibration_state__rosidl_typesupport_introspection_cpp.hpp
[3.797s] -- Up-to-date symlink: /home/lulav/ros2_ws/install/control_msgs/include/control_msgs/control_msgs/srv/detail/query_trajectory_state__rosidl_typesupport_introspection_cpp.hpp
[3.797s] -- Up-to-date symlink: /home/lulav/ros2_ws/install/control_msgs/share/control_msgs/environment/pythonpath.sh
[3.797s] -- Up-to-date symlink: /home/lulav/ros2_ws/install/control_msgs/share/control_msgs/environment/pythonpath.dsv
[3.798s] -- Up-to-date symlink: /home/lulav/ros2_ws/install/control_msgs/local/lib/python3.10/dist-packages/control_msgs-4.4.0-py3.10.egg-info/PKG-INFO
[3.798s] -- Up-to-date symlink: /home/lulav/ros2_ws/install/control_msgs/local/lib/python3.10/dist-packages/control_msgs-4.4.0-py3.10.egg-info/SOURCES.txt
[3.799s] -- Up-to-date symlink: /home/lulav/ros2_ws/install/control_msgs/local/lib/python3.10/dist-packages/control_msgs-4.4.0-py3.10.egg-info/dependency_links.txt
[3.799s] -- Up-to-date symlink: /home/lulav/ros2_ws/install/control_msgs/local/lib/python3.10/dist-packages/control_msgs-4.4.0-py3.10.egg-info/top_level.txt
[3.802s] -- Up-to-date symlink: /home/lulav/ros2_ws/install/control_msgs/local/lib/python3.10/dist-packages/control_msgs/__init__.py
[3.802s] -- Up-to-date symlink: /home/lulav/ros2_ws/install/control_msgs/local/lib/python3.10/dist-packages/control_msgs/_control_msgs_s.ep.rosidl_typesupport_c.c
[3.802s] -- Up-to-date symlink: /home/lulav/ros2_ws/install/control_msgs/local/lib/python3.10/dist-packages/control_msgs/_control_msgs_s.ep.rosidl_typesupport_fastrtps_c.c
[3.802s] -- Up-to-date symlink: /home/lulav/ros2_ws/install/control_msgs/local/lib/python3.10/dist-packages/control_msgs/_control_msgs_s.ep.rosidl_typesupport_introspection_c.c
[3.803s] -- Up-to-date symlink: /home/lulav/ros2_ws/install/control_msgs/local/lib/python3.10/dist-packages/control_msgs/action/__init__.py
[3.803s] -- Up-to-date symlink: /home/lulav/ros2_ws/install/control_msgs/local/lib/python3.10/dist-packages/control_msgs/action/_follow_joint_trajectory.py
[3.803s] -- Up-to-date symlink: /home/lulav/ros2_ws/install/control_msgs/local/lib/python3.10/dist-packages/control_msgs/action/_follow_joint_trajectory_s.c
[3.803s] -- Up-to-date symlink: /home/lulav/ros2_ws/install/control_msgs/local/lib/python3.10/dist-packages/control_msgs/action/_gripper_command.py
[3.804s] -- Up-to-date symlink: /home/lulav/ros2_ws/install/control_msgs/local/lib/python3.10/dist-packages/control_msgs/action/_gripper_command_s.c
[3.804s] -- Up-to-date symlink: /home/lulav/ros2_ws/install/control_msgs/local/lib/python3.10/dist-packages/control_msgs/action/_joint_trajectory.py
[3.804s] -- Up-to-date symlink: /home/lulav/ros2_ws/install/control_msgs/local/lib/python3.10/dist-packages/control_msgs/action/_joint_trajectory_s.c
[3.804s] -- Up-to-date symlink: /home/lulav/ros2_ws/install/control_msgs/local/lib/python3.10/dist-packages/control_msgs/action/_point_head.py
[3.804s] -- Up-to-date symlink: /home/lulav/ros2_ws/install/control_msgs/local/lib/python3.10/dist-packages/control_msgs/action/_point_head_s.c
[3.804s] -- Up-to-date symlink: /home/lulav/ros2_ws/install/control_msgs/local/lib/python3.10/dist-packages/control_msgs/action/_single_joint_position.py
[3.804s] -- Up-to-date symlink: /home/lulav/ros2_ws/install/control_msgs/local/lib/python3.10/dist-packages/control_msgs/action/_single_joint_position_s.c
[3.805s] -- Up-to-date symlink: /home/lulav/ros2_ws/install/control_msgs/local/lib/python3.10/dist-packages/control_msgs/control_msgs_s__rosidl_typesupport_c.cpython-310-x86_64-linux-gnu.so
[3.805s] -- Up-to-date symlink: /home/lulav/ros2_ws/install/control_msgs/local/lib/python3.10/dist-packages/control_msgs/control_msgs_s__rosidl_typesupport_fastrtps_c.cpython-310-x86_64-linux-gnu.so
[3.805s] -- Up-to-date symlink: /home/lulav/ros2_ws/install/control_msgs/local/lib/python3.10/dist-packages/control_msgs/control_msgs_s__rosidl_typesupport_introspection_c.cpython-310-x86_64-linux-gnu.so
[3.805s] -- Up-to-date symlink: /home/lulav/ros2_ws/install/control_msgs/local/lib/python3.10/dist-packages/control_msgs/libcontrol_msgs__rosidl_generator_py.so
[3.805s] -- Up-to-date symlink: /home/lulav/ros2_ws/install/control_msgs/local/lib/python3.10/dist-packages/control_msgs/msg/__init__.py
[3.805s] -- Up-to-date symlink: /home/lulav/ros2_ws/install/control_msgs/local/lib/python3.10/dist-packages/control_msgs/msg/_admittance_controller_state.py
[3.806s] -- Up-to-date symlink: /home/lulav/ros2_ws/install/control_msgs/local/lib/python3.10/dist-packages/control_msgs/msg/_admittance_controller_state_s.c
[3.806s] -- Up-to-date symlink: /home/lulav/ros2_ws/install/control_msgs/local/lib/python3.10/dist-packages/control_msgs/msg/_dynamic_joint_state.py
[3.806s] -- Up-to-date symlink: /home/lulav/ros2_ws/install/control_msgs/local/lib/python3.10/dist-packages/control_msgs/msg/_dynamic_joint_state_s.c
[3.807s] -- Up-to-date symlink: /home/lulav/ros2_ws/install/control_msgs/local/lib/python3.10/dist-packages/control_msgs/msg/_gripper_command.py
[3.807s] -- Up-to-date symlink: /home/lulav/ros2_ws/install/control_msgs/local/lib/python3.10/dist-packages/control_msgs/msg/_gripper_command_s.c
[3.807s] -- Up-to-date symlink: /home/lulav/ros2_ws/install/control_msgs/local/lib/python3.10/dist-packages/control_msgs/msg/_interface_value.py
[3.808s] -- Up-to-date symlink: /home/lulav/ros2_ws/install/control_msgs/local/lib/python3.10/dist-packages/control_msgs/msg/_interface_value_s.c
[3.808s] -- Up-to-date symlink: /home/lulav/ros2_ws/install/control_msgs/local/lib/python3.10/dist-packages/control_msgs/msg/_joint_component_tolerance.py
[3.809s] -- Up-to-date symlink: /home/lulav/ros2_ws/install/control_msgs/local/lib/python3.10/dist-packages/control_msgs/msg/_joint_component_tolerance_s.c
[3.809s] -- Up-to-date symlink: /home/lulav/ros2_ws/install/control_msgs/local/lib/python3.10/dist-packages/control_msgs/msg/_joint_controller_state.py
[3.809s] -- Up-to-date symlink: /home/lulav/ros2_ws/install/control_msgs/local/lib/python3.10/dist-packages/control_msgs/msg/_joint_controller_state_s.c
[3.809s] -- Up-to-date symlink: /home/lulav/ros2_ws/install/control_msgs/local/lib/python3.10/dist-packages/control_msgs/msg/_joint_jog.py
[3.810s] -- Up-to-date symlink: /home/lulav/ros2_ws/install/control_msgs/local/lib/python3.10/dist-packages/control_msgs/msg/_joint_jog_s.c
[3.810s] -- Up-to-date symlink: /home/lulav/ros2_ws/install/control_msgs/local/lib/python3.10/dist-packages/control_msgs/msg/_joint_tolerance.py
[3.810s] -- Up-to-date symlink: /home/lulav/ros2_ws/install/control_msgs/local/lib/python3.10/dist-packages/control_msgs/msg/_joint_tolerance_s.c
[3.811s] -- Up-to-date symlink: /home/lulav/ros2_ws/install/control_msgs/local/lib/python3.10/dist-packages/control_msgs/msg/_joint_trajectory_controller_state.py
[3.811s] -- Up-to-date symlink: /home/lulav/ros2_ws/install/control_msgs/local/lib/python3.10/dist-packages/control_msgs/msg/_joint_trajectory_controller_state_s.c
[3.811s] -- Up-to-date symlink: /home/lulav/ros2_ws/install/control_msgs/local/lib/python3.10/dist-packages/control_msgs/msg/_mecanum_drive_controller_state.py
[3.811s] -- Up-to-date symlink: /home/lulav/ros2_ws/install/control_msgs/local/lib/python3.10/dist-packages/control_msgs/msg/_mecanum_drive_controller_state_s.c
[3.811s] -- Up-to-date symlink: /home/lulav/ros2_ws/install/control_msgs/local/lib/python3.10/dist-packages/control_msgs/msg/_pid_state.py
[3.811s] -- Up-to-date symlink: /home/lulav/ros2_ws/install/control_msgs/local/lib/python3.10/dist-packages/control_msgs/msg/_pid_state_s.c
[3.812s] -- Up-to-date symlink: /home/lulav/ros2_ws/install/control_msgs/local/lib/python3.10/dist-packages/control_msgs/msg/_steering_controller_status.py
[3.812s] -- Up-to-date symlink: /home/lulav/ros2_ws/install/control_msgs/local/lib/python3.10/dist-packages/control_msgs/msg/_steering_controller_status_s.c
[3.812s] -- Up-to-date symlink: /home/lulav/ros2_ws/install/control_msgs/local/lib/python3.10/dist-packages/control_msgs/srv/__init__.py
[3.812s] -- Up-to-date symlink: /home/lulav/ros2_ws/install/control_msgs/local/lib/python3.10/dist-packages/control_msgs/srv/_query_calibration_state.py
[3.812s] -- Up-to-date symlink: /home/lulav/ros2_ws/install/control_msgs/local/lib/python3.10/dist-packages/control_msgs/srv/_query_calibration_state_s.c
[3.813s] -- Up-to-date symlink: /home/lulav/ros2_ws/install/control_msgs/local/lib/python3.10/dist-packages/control_msgs/srv/_query_trajectory_state.py
[3.813s] -- Up-to-date symlink: /home/lulav/ros2_ws/install/control_msgs/local/lib/python3.10/dist-packages/control_msgs/srv/_query_trajectory_state_s.c
[3.813s] -- Up-to-date symlink: /home/lulav/ros2_ws/install/control_msgs/local/lib/python3.10/dist-packages/control_msgs/control_msgs_s__rosidl_typesupport_fastrtps_c.cpython-310-x86_64-linux-gnu.so
[3.813s] -- Up-to-date symlink: /home/lulav/ros2_ws/install/control_msgs/local/lib/python3.10/dist-packages/control_msgs/control_msgs_s__rosidl_typesupport_introspection_c.cpython-310-x86_64-linux-gnu.so
[3.813s] -- Up-to-date symlink: /home/lulav/ros2_ws/install/control_msgs/local/lib/python3.10/dist-packages/control_msgs/control_msgs_s__rosidl_typesupport_c.cpython-310-x86_64-linux-gnu.so
[3.814s] -- Up-to-date symlink: /home/lulav/ros2_ws/install/control_msgs/share/control_msgs/action/FollowJointTrajectory.idl
[3.814s] -- Up-to-date symlink: /home/lulav/ros2_ws/install/control_msgs/share/control_msgs/action/GripperCommand.idl
[3.814s] -- Up-to-date symlink: /home/lulav/ros2_ws/install/control_msgs/share/control_msgs/action/JointTrajectory.idl
[3.814s] -- Up-to-date symlink: /home/lulav/ros2_ws/install/control_msgs/share/control_msgs/action/PointHead.idl
[3.815s] -- Up-to-date symlink: /home/lulav/ros2_ws/install/control_msgs/share/control_msgs/action/SingleJointPosition.idl
[3.815s] -- Up-to-date symlink: /home/lulav/ros2_ws/install/control_msgs/share/control_msgs/msg/AdmittanceControllerState.idl
[3.815s] -- Up-to-date symlink: /home/lulav/ros2_ws/install/control_msgs/share/control_msgs/msg/DynamicJointState.idl
[3.815s] -- Up-to-date symlink: /home/lulav/ros2_ws/install/control_msgs/share/control_msgs/msg/GripperCommand.idl
[3.815s] -- Up-to-date symlink: /home/lulav/ros2_ws/install/control_msgs/share/control_msgs/msg/InterfaceValue.idl
[3.816s] -- Up-to-date symlink: /home/lulav/ros2_ws/install/control_msgs/share/control_msgs/msg/JointComponentTolerance.idl
[3.816s] -- Up-to-date symlink: /home/lulav/ros2_ws/install/control_msgs/share/control_msgs/msg/JointControllerState.idl
[3.816s] -- Up-to-date symlink: /home/lulav/ros2_ws/install/control_msgs/share/control_msgs/msg/JointJog.idl
[3.816s] -- Up-to-date symlink: /home/lulav/ros2_ws/install/control_msgs/share/control_msgs/msg/JointTolerance.idl
[3.816s] -- Up-to-date symlink: /home/lulav/ros2_ws/install/control_msgs/share/control_msgs/msg/JointTrajectoryControllerState.idl
[3.816s] -- Up-to-date symlink: /home/lulav/ros2_ws/install/control_msgs/share/control_msgs/msg/MecanumDriveControllerState.idl
[3.817s] -- Up-to-date symlink: /home/lulav/ros2_ws/install/control_msgs/share/control_msgs/msg/PidState.idl
[3.817s] -- Up-to-date symlink: /home/lulav/ros2_ws/install/control_msgs/share/control_msgs/msg/SteeringControllerStatus.idl
[3.817s] -- Up-to-date symlink: /home/lulav/ros2_ws/install/control_msgs/share/control_msgs/srv/QueryCalibrationState.idl
[3.817s] -- Up-to-date symlink: /home/lulav/ros2_ws/install/control_msgs/share/control_msgs/srv/QueryTrajectoryState.idl
[3.817s] -- Up-to-date symlink: /home/lulav/ros2_ws/install/control_msgs/share/control_msgs/action/FollowJointTrajectory.action
[3.817s] -- Up-to-date symlink: /home/lulav/ros2_ws/install/control_msgs/share/control_msgs/action/GripperCommand.action
[3.818s] -- Up-to-date symlink: /home/lulav/ros2_ws/install/control_msgs/share/control_msgs/action/JointTrajectory.action
[3.818s] -- Up-to-date symlink: /home/lulav/ros2_ws/install/control_msgs/share/control_msgs/action/PointHead.action
[3.818s] -- Up-to-date symlink: /home/lulav/ros2_ws/install/control_msgs/share/control_msgs/action/SingleJointPosition.action
[3.818s] -- Up-to-date symlink: /home/lulav/ros2_ws/install/control_msgs/share/control_msgs/msg/AdmittanceControllerState.msg
[3.818s] -- Up-to-date symlink: /home/lulav/ros2_ws/install/control_msgs/share/control_msgs/msg/DynamicJointState.msg
[3.819s] -- Up-to-date symlink: /home/lulav/ros2_ws/install/control_msgs/share/control_msgs/msg/GripperCommand.msg
[3.819s] -- Up-to-date symlink: /home/lulav/ros2_ws/install/control_msgs/share/control_msgs/msg/InterfaceValue.msg
[3.819s] -- Up-to-date symlink: /home/lulav/ros2_ws/install/control_msgs/share/control_msgs/msg/JointComponentTolerance.msg
[3.819s] -- Up-to-date symlink: /home/lulav/ros2_ws/install/control_msgs/share/control_msgs/msg/JointControllerState.msg
[3.819s] -- Up-to-date symlink: /home/lulav/ros2_ws/install/control_msgs/share/control_msgs/msg/JointJog.msg
[3.820s] -- Up-to-date symlink: /home/lulav/ros2_ws/install/control_msgs/share/control_msgs/msg/JointTolerance.msg
[3.820s] -- Up-to-date symlink: /home/lulav/ros2_ws/install/control_msgs/share/control_msgs/msg/JointTrajectoryControllerState.msg
[3.820s] -- Up-to-date symlink: /home/lulav/ros2_ws/install/control_msgs/share/control_msgs/msg/MecanumDriveControllerState.msg
[3.820s] -- Up-to-date symlink: /home/lulav/ros2_ws/install/control_msgs/share/control_msgs/msg/PidState.msg
[3.820s] -- Up-to-date symlink: /home/lulav/ros2_ws/install/control_msgs/share/control_msgs/msg/SteeringControllerStatus.msg
[3.821s] -- Up-to-date symlink: /home/lulav/ros2_ws/install/control_msgs/share/control_msgs/srv/QueryCalibrationState.srv
[3.821s] -- Up-to-date symlink: /home/lulav/ros2_ws/install/control_msgs/share/control_msgs/srv/QueryCalibrationState_Request.msg
[3.821s] -- Up-to-date symlink: /home/lulav/ros2_ws/install/control_msgs/share/control_msgs/srv/QueryCalibrationState_Response.msg
[3.821s] -- Up-to-date symlink: /home/lulav/ros2_ws/install/control_msgs/share/control_msgs/srv/QueryTrajectoryState.srv
[3.822s] -- Up-to-date symlink: /home/lulav/ros2_ws/install/control_msgs/share/control_msgs/srv/QueryTrajectoryState_Request.msg
[3.822s] -- Up-to-date symlink: /home/lulav/ros2_ws/install/control_msgs/share/control_msgs/srv/QueryTrajectoryState_Response.msg
[3.823s] -- Up-to-date symlink: /home/lulav/ros2_ws/install/control_msgs/share/ament_index/resource_index/package_run_dependencies/control_msgs
[3.823s] -- Up-to-date symlink: /home/lulav/ros2_ws/install/control_msgs/share/ament_index/resource_index/parent_prefix_path/control_msgs
[3.823s] -- Up-to-date symlink: /home/lulav/ros2_ws/install/control_msgs/share/control_msgs/environment/ament_prefix_path.sh
[3.824s] -- Up-to-date symlink: /home/lulav/ros2_ws/install/control_msgs/share/control_msgs/environment/ament_prefix_path.dsv
[3.824s] -- Up-to-date symlink: /home/lulav/ros2_ws/install/control_msgs/share/control_msgs/environment/path.sh
[3.824s] -- Up-to-date symlink: /home/lulav/ros2_ws/install/control_msgs/share/control_msgs/environment/path.dsv
[3.825s] -- Up-to-date symlink: /home/lulav/ros2_ws/install/control_msgs/share/control_msgs/local_setup.bash
[3.825s] -- Up-to-date symlink: /home/lulav/ros2_ws/install/control_msgs/share/control_msgs/local_setup.sh
[3.825s] -- Up-to-date symlink: /home/lulav/ros2_ws/install/control_msgs/share/control_msgs/local_setup.zsh
[3.825s] -- Up-to-date symlink: /home/lulav/ros2_ws/install/control_msgs/share/control_msgs/local_setup.dsv
[3.829s] -- Symlinking: /home/lulav/ros2_ws/install/control_msgs/share/control_msgs/package.dsv
[3.849s] -- Up-to-date symlink: /home/lulav/ros2_ws/install/control_msgs/share/ament_index/resource_index/packages/control_msgs
[3.850s] -- Up-to-date symlink: /home/lulav/ros2_ws/install/control_msgs/share/control_msgs/cmake/rosidl_cmake-extras.cmake
[3.850s] -- Up-to-date symlink: /home/lulav/ros2_ws/install/control_msgs/share/control_msgs/cmake/ament_cmake_export_dependencies-extras.cmake
[3.850s] -- Up-to-date symlink: /home/lulav/ros2_ws/install/control_msgs/share/control_msgs/cmake/ament_cmake_export_include_directories-extras.cmake
[3.851s] -- Up-to-date symlink: /home/lulav/ros2_ws/install/control_msgs/share/control_msgs/cmake/ament_cmake_export_libraries-extras.cmake
[3.851s] -- Up-to-date symlink: /home/lulav/ros2_ws/install/control_msgs/share/control_msgs/cmake/ament_cmake_export_targets-extras.cmake
[3.852s] -- Up-to-date symlink: /home/lulav/ros2_ws/install/control_msgs/share/control_msgs/cmake/rosidl_cmake_export_typesupport_targets-extras.cmake
[3.852s] -- Up-to-date symlink: /home/lulav/ros2_ws/install/control_msgs/share/control_msgs/cmake/rosidl_cmake_export_typesupport_libraries-extras.cmake
[3.852s] -- Up-to-date symlink: /home/lulav/ros2_ws/install/control_msgs/share/control_msgs/cmake/control_msgsConfig.cmake
[3.852s] -- Up-to-date symlink: /home/lulav/ros2_ws/install/control_msgs/share/control_msgs/cmake/control_msgsConfig-version.cmake
[3.853s] -- Up-to-date symlink: /home/lulav/ros2_ws/install/control_msgs/share/control_msgs/package.xml
[3.853s] -- Up-to-date: /home/lulav/ros2_ws/install/control_msgs/lib/libcontrol_msgs__rosidl_generator_c.so
[3.854s] -- Up-to-date: /home/lulav/ros2_ws/install/control_msgs/lib/libcontrol_msgs__rosidl_typesupport_fastrtps_c.so
[3.854s] -- Up-to-date: /home/lulav/ros2_ws/install/control_msgs/lib/libcontrol_msgs__rosidl_typesupport_fastrtps_cpp.so
[3.855s] -- Up-to-date: /home/lulav/ros2_ws/install/control_msgs/lib/libcontrol_msgs__rosidl_typesupport_introspection_c.so
[3.855s] -- Up-to-date: /home/lulav/ros2_ws/install/control_msgs/lib/libcontrol_msgs__rosidl_typesupport_c.so
[3.856s] -- Up-to-date: /home/lulav/ros2_ws/install/control_msgs/lib/libcontrol_msgs__rosidl_typesupport_introspection_cpp.so
[3.856s] -- Up-to-date: /home/lulav/ros2_ws/install/control_msgs/lib/libcontrol_msgs__rosidl_typesupport_cpp.so
[3.944s] Listing '/home/lulav/ros2_ws/install/control_msgs/local/lib/python3.10/dist-packages/control_msgs'...
[3.944s] Listing '/home/lulav/ros2_ws/install/control_msgs/local/lib/python3.10/dist-packages/control_msgs/action'...
[3.944s] Listing '/home/lulav/ros2_ws/install/control_msgs/local/lib/python3.10/dist-packages/control_msgs/msg'...
[3.944s] Listing '/home/lulav/ros2_ws/install/control_msgs/local/lib/python3.10/dist-packages/control_msgs/srv'...
[3.953s] -- Up-to-date: /home/lulav/ros2_ws/install/control_msgs/lib/libcontrol_msgs__rosidl_generator_py.so
[3.954s] -- Up-to-date: /home/lulav/ros2_ws/install/control_msgs/share/control_msgs/cmake/export_control_msgs__rosidl_generator_cExport.cmake
[3.955s] -- Up-to-date: /home/lulav/ros2_ws/install/control_msgs/share/control_msgs/cmake/export_control_msgs__rosidl_generator_cExport-noconfig.cmake
[3.955s] -- Up-to-date: /home/lulav/ros2_ws/install/control_msgs/share/control_msgs/cmake/export_control_msgs__rosidl_typesupport_fastrtps_cExport.cmake
[3.955s] -- Up-to-date: /home/lulav/ros2_ws/install/control_msgs/share/control_msgs/cmake/export_control_msgs__rosidl_typesupport_fastrtps_cExport-noconfig.cmake
[3.956s] -- Up-to-date: /home/lulav/ros2_ws/install/control_msgs/share/control_msgs/cmake/export_control_msgs__rosidl_generator_cppExport.cmake
[3.956s] -- Up-to-date: /home/lulav/ros2_ws/install/control_msgs/share/control_msgs/cmake/export_control_msgs__rosidl_typesupport_fastrtps_cppExport.cmake
[3.956s] -- Up-to-date: /home/lulav/ros2_ws/install/control_msgs/share/control_msgs/cmake/export_control_msgs__rosidl_typesupport_fastrtps_cppExport-noconfig.cmake
[3.957s] -- Up-to-date: /home/lulav/ros2_ws/install/control_msgs/share/control_msgs/cmake/control_msgs__rosidl_typesupport_introspection_cExport.cmake
[3.958s] -- Up-to-date: /home/lulav/ros2_ws/install/control_msgs/share/control_msgs/cmake/control_msgs__rosidl_typesupport_introspection_cExport-noconfig.cmake
[3.958s] -- Up-to-date: /home/lulav/ros2_ws/install/control_msgs/share/control_msgs/cmake/control_msgs__rosidl_typesupport_cExport.cmake
[3.959s] -- Up-to-date: /home/lulav/ros2_ws/install/control_msgs/share/control_msgs/cmake/control_msgs__rosidl_typesupport_cExport-noconfig.cmake
[3.959s] -- Up-to-date: /home/lulav/ros2_ws/install/control_msgs/share/control_msgs/cmake/control_msgs__rosidl_typesupport_introspection_cppExport.cmake
[3.960s] -- Up-to-date: /home/lulav/ros2_ws/install/control_msgs/share/control_msgs/cmake/control_msgs__rosidl_typesupport_introspection_cppExport-noconfig.cmake
[3.960s] -- Up-to-date: /home/lulav/ros2_ws/install/control_msgs/share/control_msgs/cmake/control_msgs__rosidl_typesupport_cppExport.cmake
[3.961s] -- Up-to-date: /home/lulav/ros2_ws/install/control_msgs/share/control_msgs/cmake/control_msgs__rosidl_typesupport_cppExport-noconfig.cmake
[3.961s] -- Up-to-date: /home/lulav/ros2_ws/install/control_msgs/share/control_msgs/cmake/export_control_msgs__rosidl_generator_pyExport.cmake
[3.962s] -- Up-to-date: /home/lulav/ros2_ws/install/control_msgs/share/control_msgs/cmake/export_control_msgs__rosidl_generator_pyExport-noconfig.cmake
[3.972s] Invoked command in '/home/lulav/ros2_ws/build/control_msgs' returned '0': CMAKE_PREFIX_PATH=${CMAKE_PREFIX_PATH}:/home/lulav/ros2_ws/install/rqt_joint_trajectory_controller:/home/lulav/ros2_ws/install/rqt_controller_manager:/home/lulav/ros2_ws/install/ros2controlcli:/home/lulav/ros2_ws/install/ros2_controllers_test_nodes:/opt/ros/humble /usr/bin/cmake --install /home/lulav/ros2_ws/build/control_msgs
