[35m[1mConsolidate compiler generated dependencies of target hardware_interface[0m
[ 15%] Built target hardware_interface
[35m[1mConsolidate compiler generated dependencies of target gmock[0m
[ 23%] Built target gmock
[35m[1mConsolidate compiler generated dependencies of target test_hardware_components[0m
[ 35%] Built target test_hardware_components
[35m[1mConsolidate compiler generated dependencies of target test_components[0m
[ 46%] Built target test_components
[35m[1mConsolidate compiler generated dependencies of target fake_components[0m
[ 53%] Built target fake_components
[35m[1mConsolidate compiler generated dependencies of target mock_components[0m
[ 58%] Built target mock_components
[35m[1mConsolidate compiler generated dependencies of target gmock_main[0m
[ 64%] Built target gmock_main
[35m[1mConsolidate compiler generated dependencies of target test_macros[0m
[ 69%] Built target test_macros
[35m[1mConsolidate compiler generated dependencies of target test_generic_system[0m
[ 74%] Built target test_generic_system
[35m[1mConsolidate compiler generated dependencies of target test_resource_manager[0m
[ 79%] Built target test_resource_manager
[35m[1mConsolidate compiler generated dependencies of target test_component_parser[0m
[ 84%] Built target test_component_parser
[35m[1mConsolidate compiler generated dependencies of target test_component_interfaces[0m
[ 89%] Built target test_component_interfaces
[35m[1mConsolidate compiler generated dependencies of target test_joint_handle[0m
[ 94%] Built target test_joint_handle
[35m[1mConsolidate compiler generated dependencies of target test_inst_hardwares[0m
[100%] Built target test_inst_hardwares
-- Install configuration: ""
-- Up-to-date: /workspaces/diffbot/ros2_ws/install/hardware_interface/share/hardware_interface/mock_components_plugin_description.xml
-- Up-to-date: /workspaces/diffbot/ros2_ws/install/hardware_interface/share/hardware_interface/fake_components_plugin_description.xml
-- Up-to-date: /workspaces/diffbot/ros2_ws/install/hardware_interface/include
-- Up-to-date: /workspaces/diffbot/ros2_ws/install/hardware_interface/include/mock_components
-- Up-to-date: /workspaces/diffbot/ros2_ws/install/hardware_interface/include/mock_components/visibility_control.h
-- Up-to-date: /workspaces/diffbot/ros2_ws/install/hardware_interface/include/mock_components/generic_system.hpp
-- Up-to-date: /workspaces/diffbot/ros2_ws/install/hardware_interface/include/hardware_interface
-- Up-to-date: /workspaces/diffbot/ros2_ws/install/hardware_interface/include/hardware_interface/hardware_component_info.hpp
-- Up-to-date: /workspaces/diffbot/ros2_ws/install/hardware_interface/include/hardware_interface/hardware_info.hpp
-- Up-to-date: /workspaces/diffbot/ros2_ws/install/hardware_interface/include/hardware_interface/loaned_command_interface.hpp
-- Up-to-date: /workspaces/diffbot/ros2_ws/install/hardware_interface/include/hardware_interface/types
-- Up-to-date: /workspaces/diffbot/ros2_ws/install/hardware_interface/include/hardware_interface/types/hardware_interface_return_values.hpp
-- Up-to-date: /workspaces/diffbot/ros2_ws/install/hardware_interface/include/hardware_interface/types/lifecycle_state_names.hpp
-- Up-to-date: /workspaces/diffbot/ros2_ws/install/hardware_interface/include/hardware_interface/types/hardware_interface_type_values.hpp
-- Up-to-date: /workspaces/diffbot/ros2_ws/install/hardware_interface/include/hardware_interface/handle.hpp
-- Up-to-date: /workspaces/diffbot/ros2_ws/install/hardware_interface/include/hardware_interface/component_parser.hpp
-- Up-to-date: /workspaces/diffbot/ros2_ws/install/hardware_interface/include/hardware_interface/resource_manager.hpp
-- Up-to-date: /workspaces/diffbot/ros2_ws/install/hardware_interface/include/hardware_interface/actuator_interface.hpp
-- Up-to-date: /workspaces/diffbot/ros2_ws/install/hardware_interface/include/hardware_interface/visibility_control.h
-- Up-to-date: /workspaces/diffbot/ros2_ws/install/hardware_interface/include/hardware_interface/actuator.hpp
-- Up-to-date: /workspaces/diffbot/ros2_ws/install/hardware_interface/include/hardware_interface/sensor_interface.hpp
-- Up-to-date: /workspaces/diffbot/ros2_ws/install/hardware_interface/include/hardware_interface/controller_info.hpp
-- Up-to-date: /workspaces/diffbot/ros2_ws/install/hardware_interface/include/hardware_interface/system.hpp
-- Up-to-date: /workspaces/diffbot/ros2_ws/install/hardware_interface/include/hardware_interface/macros.hpp
-- Up-to-date: /workspaces/diffbot/ros2_ws/install/hardware_interface/include/hardware_interface/sensor.hpp
-- Up-to-date: /workspaces/diffbot/ros2_ws/install/hardware_interface/include/hardware_interface/system_interface.hpp
-- Up-to-date: /workspaces/diffbot/ros2_ws/install/hardware_interface/include/hardware_interface/loaned_state_interface.hpp
-- Up-to-date: /workspaces/diffbot/ros2_ws/install/hardware_interface/include/fake_components
-- Up-to-date: /workspaces/diffbot/ros2_ws/install/hardware_interface/include/fake_components/visibility_control.h
-- Up-to-date: /workspaces/diffbot/ros2_ws/install/hardware_interface/include/fake_components/generic_system.hpp
-- Up-to-date: /workspaces/diffbot/ros2_ws/install/hardware_interface/lib/libfake_components.so
-- Up-to-date: /workspaces/diffbot/ros2_ws/install/hardware_interface/lib/libmock_components.so
-- Up-to-date: /workspaces/diffbot/ros2_ws/install/hardware_interface/lib/libhardware_interface.so
-- Up-to-date: /workspaces/diffbot/ros2_ws/install/hardware_interface/lib/libtest_components.so
-- Up-to-date: /workspaces/diffbot/ros2_ws/install/hardware_interface/share/hardware_interface/test/test_components/test_components.xml
-- Up-to-date: /workspaces/diffbot/ros2_ws/install/hardware_interface/lib/libtest_hardware_components.so
-- Up-to-date: /workspaces/diffbot/ros2_ws/install/hardware_interface/share/hardware_interface/test/test_hardware_components/test_hardware_components.xml
-- Up-to-date: /workspaces/diffbot/ros2_ws/install/hardware_interface/share/hardware_interface/environment/library_path.sh
-- Up-to-date: /workspaces/diffbot/ros2_ws/install/hardware_interface/share/hardware_interface/environment/library_path.dsv
-- Up-to-date: /workspaces/diffbot/ros2_ws/install/hardware_interface/share/ament_index/resource_index/package_run_dependencies/hardware_interface
-- Up-to-date: /workspaces/diffbot/ros2_ws/install/hardware_interface/share/ament_index/resource_index/parent_prefix_path/hardware_interface
-- Up-to-date: /workspaces/diffbot/ros2_ws/install/hardware_interface/share/hardware_interface/environment/ament_prefix_path.sh
-- Up-to-date: /workspaces/diffbot/ros2_ws/install/hardware_interface/share/hardware_interface/environment/ament_prefix_path.dsv
-- Up-to-date: /workspaces/diffbot/ros2_ws/install/hardware_interface/share/hardware_interface/environment/path.sh
-- Up-to-date: /workspaces/diffbot/ros2_ws/install/hardware_interface/share/hardware_interface/environment/path.dsv
-- Up-to-date: /workspaces/diffbot/ros2_ws/install/hardware_interface/share/hardware_interface/local_setup.bash
-- Up-to-date: /workspaces/diffbot/ros2_ws/install/hardware_interface/share/hardware_interface/local_setup.sh
-- Up-to-date: /workspaces/diffbot/ros2_ws/install/hardware_interface/share/hardware_interface/local_setup.zsh
-- Up-to-date: /workspaces/diffbot/ros2_ws/install/hardware_interface/share/hardware_interface/local_setup.dsv
-- Installing: /workspaces/diffbot/ros2_ws/install/hardware_interface/share/hardware_interface/package.dsv
-- Up-to-date: /workspaces/diffbot/ros2_ws/install/hardware_interface/share/ament_index/resource_index/packages/hardware_interface
-- Up-to-date: /workspaces/diffbot/ros2_ws/install/hardware_interface/share/ament_index/resource_index/hardware_interface__pluginlib__plugin/hardware_interface
-- Up-to-date: /workspaces/diffbot/ros2_ws/install/hardware_interface/share/hardware_interface/cmake/ament_cmake_export_include_directories-extras.cmake
-- Up-to-date: /workspaces/diffbot/ros2_ws/install/hardware_interface/share/hardware_interface/cmake/ament_cmake_export_libraries-extras.cmake
-- Up-to-date: /workspaces/diffbot/ros2_ws/install/hardware_interface/share/hardware_interface/cmake/ament_cmake_export_dependencies-extras.cmake
-- Up-to-date: /workspaces/diffbot/ros2_ws/install/hardware_interface/share/hardware_interface/cmake/hardware_interfaceConfig.cmake
-- Up-to-date: /workspaces/diffbot/ros2_ws/install/hardware_interface/share/hardware_interface/cmake/hardware_interfaceConfig-version.cmake
-- Up-to-date: /workspaces/diffbot/ros2_ws/install/hardware_interface/share/hardware_interface/package.xml
