[0.045s] Invoking command in '/workspaces/diffbot/ros2_ws/build/hardware_interface': AMENT_PREFIX_PATH=/workspaces/diffbot/ros2_ws/install/ros2_control_test_assets:/workspaces/diffbot/ros2_ws/install/control_msgs:${AMENT_PREFIX_PATH} CMAKE_PREFIX_PATH=/workspaces/diffbot/ros2_ws/install/ros2_control_test_assets:/workspaces/diffbot/ros2_ws/install/control_msgs:/workspaces/diffbot/ros2_ws/install/gazebo_ros2_control_demos:/workspaces/diffbot/ros2_ws/install/ros2_control:/workspaces/diffbot/ros2_ws/install/transmission_interface:/workspaces/diffbot/ros2_ws/install/ros2_controllers:/workspaces/diffbot/ros2_ws/install/steering_controllers_library:/workspaces/diffbot/ros2_ws/install/ros2_control_demos:/workspaces/diffbot/ros2_ws/install/ros2_control_demo_example_2:/workspaces/diffbot/ros2_ws/install/gazebo_ros2_control:/workspaces/diffbot/ros2_ws/install/diffbot_bringup:/workspaces/diffbot/ros2_ws/install/controller_manager:/workspaces/diffbot/ros2_ws/install/ros2_control_demo_description:/workspaces/diffbot/ros2_ws/install/joint_state_broadcaster:/workspaces/diffbot/ros2_ws/install/diff_drive_controller:/workspaces/diffbot/ros2_ws/install/realtime_tools:/workspaces/diffbot/ros2_ws/install/position_controllers:/workspaces/diffbot/ros2_ws/install/joint_limits:/workspaces/diffbot/ros2_ws/install/controller_interface:/workspaces/diffbot/ros2_ws/install/hardware_interface:/workspaces/diffbot/ros2_ws/install/controller_manager_msgs:/workspaces/diffbot/ros2_ws/install/rqt_controller_manager:/workspaces/diffbot/ros2_ws/install/ros2controlcli:/workspaces/diffbot/ros2_ws/install/ros2_controllers_test_nodes:/workspaces/diffbot/ros2_ws/install/controller:/opt/ros/humble LD_LIBRARY_PATH=/workspaces/diffbot/ros2_ws/install/control_msgs/lib:/workspaces/diffbot/ros2_ws/install/transmission_interface/lib:/workspaces/diffbot/ros2_ws/install/steering_controllers_library/lib:/workspaces/diffbot/ros2_ws/install/ros2_control_demo_example_2/lib:/workspaces/diffbot/ros2_ws/install/gazebo_ros2_control/lib:/workspaces/diffbot/ros2_ws/install/controller_manager/lib:/workspaces/diffbot/ros2_ws/install/joint_state_broadcaster/lib:/workspaces/diffbot/ros2_ws/install/diff_drive_controller/lib:/workspaces/diffbot/ros2_ws/install/realtime_tools/lib:/workspaces/diffbot/ros2_ws/install/position_controllers/lib:/workspaces/diffbot/ros2_ws/install/controller_interface/lib:/workspaces/diffbot/ros2_ws/install/hardware_interface/lib:/workspaces/diffbot/ros2_ws/install/controller_manager_msgs/lib:/opt/ros/humble/opt/rviz_ogre_vendor/lib:/opt/ros/humble/lib/x86_64-linux-gnu:/opt/ros/humble/lib PYTHONPATH=/workspaces/diffbot/ros2_ws/install/control_msgs/local/lib/python3.10/dist-packages:${PYTHONPATH} /usr/bin/cmake --build /workspaces/diffbot/ros2_ws/build/hardware_interface -- -j8 -l8
[0.190s] [35m[1mConsolidate compiler generated dependencies of target hardware_interface[0m
[0.256s] [ 15%] Built target hardware_interface
[0.285s] [35m[1mConsolidate compiler generated dependencies of target gmock[0m
[0.325s] [ 23%] Built target gmock
[0.362s] [35m[1mConsolidate compiler generated dependencies of target test_hardware_components[0m
[0.416s] [ 35%] Built target test_hardware_components
[0.440s] [35m[1mConsolidate compiler generated dependencies of target test_components[0m
[0.473s] [ 46%] Built target test_components
[0.494s] [35m[1mConsolidate compiler generated dependencies of target fake_components[0m
[0.525s] [ 53%] Built target fake_components
[0.547s] [35m[1mConsolidate compiler generated dependencies of target mock_components[0m
[0.595s] [ 58%] Built target mock_components
[0.645s] [35m[1mConsolidate compiler generated dependencies of target gmock_main[0m
[0.695s] [ 64%] Built target gmock_main
[0.740s] [35m[1mConsolidate compiler generated dependencies of target test_macros[0m
[0.799s] [ 69%] Built target test_macros
[0.832s] [35m[1mConsolidate compiler generated dependencies of target test_generic_system[0m
[0.873s] [ 74%] Built target test_generic_system
[0.908s] [35m[1mConsolidate compiler generated dependencies of target test_resource_manager[0m
[0.950s] [ 79%] Built target test_resource_manager
[0.980s] [35m[1mConsolidate compiler generated dependencies of target test_component_parser[0m
[1.014s] [ 84%] Built target test_component_parser
[1.036s] [35m[1mConsolidate compiler generated dependencies of target test_component_interfaces[0m
[1.073s] [ 89%] Built target test_component_interfaces
[1.100s] [35m[1mConsolidate compiler generated dependencies of target test_joint_handle[0m
[1.135s] [ 94%] Built target test_joint_handle
[1.161s] [35m[1mConsolidate compiler generated dependencies of target test_inst_hardwares[0m
[1.199s] [100%] Built target test_inst_hardwares
[1.222s] Invoked command in '/workspaces/diffbot/ros2_ws/build/hardware_interface' returned '0': AMENT_PREFIX_PATH=/workspaces/diffbot/ros2_ws/install/ros2_control_test_assets:/workspaces/diffbot/ros2_ws/install/control_msgs:${AMENT_PREFIX_PATH} CMAKE_PREFIX_PATH=/workspaces/diffbot/ros2_ws/install/ros2_control_test_assets:/workspaces/diffbot/ros2_ws/install/control_msgs:/workspaces/diffbot/ros2_ws/install/gazebo_ros2_control_demos:/workspaces/diffbot/ros2_ws/install/ros2_control:/workspaces/diffbot/ros2_ws/install/transmission_interface:/workspaces/diffbot/ros2_ws/install/ros2_controllers:/workspaces/diffbot/ros2_ws/install/steering_controllers_library:/workspaces/diffbot/ros2_ws/install/ros2_control_demos:/workspaces/diffbot/ros2_ws/install/ros2_control_demo_example_2:/workspaces/diffbot/ros2_ws/install/gazebo_ros2_control:/workspaces/diffbot/ros2_ws/install/diffbot_bringup:/workspaces/diffbot/ros2_ws/install/controller_manager:/workspaces/diffbot/ros2_ws/install/ros2_control_demo_description:/workspaces/diffbot/ros2_ws/install/joint_state_broadcaster:/workspaces/diffbot/ros2_ws/install/diff_drive_controller:/workspaces/diffbot/ros2_ws/install/realtime_tools:/workspaces/diffbot/ros2_ws/install/position_controllers:/workspaces/diffbot/ros2_ws/install/joint_limits:/workspaces/diffbot/ros2_ws/install/controller_interface:/workspaces/diffbot/ros2_ws/install/hardware_interface:/workspaces/diffbot/ros2_ws/install/controller_manager_msgs:/workspaces/diffbot/ros2_ws/install/rqt_controller_manager:/workspaces/diffbot/ros2_ws/install/ros2controlcli:/workspaces/diffbot/ros2_ws/install/ros2_controllers_test_nodes:/workspaces/diffbot/ros2_ws/install/controller:/opt/ros/humble LD_LIBRARY_PATH=/workspaces/diffbot/ros2_ws/install/control_msgs/lib:/workspaces/diffbot/ros2_ws/install/transmission_interface/lib:/workspaces/diffbot/ros2_ws/install/steering_controllers_library/lib:/workspaces/diffbot/ros2_ws/install/ros2_control_demo_example_2/lib:/workspaces/diffbot/ros2_ws/install/gazebo_ros2_control/lib:/workspaces/diffbot/ros2_ws/install/controller_manager/lib:/workspaces/diffbot/ros2_ws/install/joint_state_broadcaster/lib:/workspaces/diffbot/ros2_ws/install/diff_drive_controller/lib:/workspaces/diffbot/ros2_ws/install/realtime_tools/lib:/workspaces/diffbot/ros2_ws/install/position_controllers/lib:/workspaces/diffbot/ros2_ws/install/controller_interface/lib:/workspaces/diffbot/ros2_ws/install/hardware_interface/lib:/workspaces/diffbot/ros2_ws/install/controller_manager_msgs/lib:/opt/ros/humble/opt/rviz_ogre_vendor/lib:/opt/ros/humble/lib/x86_64-linux-gnu:/opt/ros/humble/lib PYTHONPATH=/workspaces/diffbot/ros2_ws/install/control_msgs/local/lib/python3.10/dist-packages:${PYTHONPATH} /usr/bin/cmake --build /workspaces/diffbot/ros2_ws/build/hardware_interface -- -j8 -l8
[1.497s] Invoking command in '/workspaces/diffbot/ros2_ws/build/hardware_interface': AMENT_PREFIX_PATH=/workspaces/diffbot/ros2_ws/install/ros2_control_test_assets:/workspaces/diffbot/ros2_ws/install/control_msgs:${AMENT_PREFIX_PATH} CMAKE_PREFIX_PATH=/workspaces/diffbot/ros2_ws/install/ros2_control_test_assets:/workspaces/diffbot/ros2_ws/install/control_msgs:/workspaces/diffbot/ros2_ws/install/gazebo_ros2_control_demos:/workspaces/diffbot/ros2_ws/install/ros2_control:/workspaces/diffbot/ros2_ws/install/transmission_interface:/workspaces/diffbot/ros2_ws/install/ros2_controllers:/workspaces/diffbot/ros2_ws/install/steering_controllers_library:/workspaces/diffbot/ros2_ws/install/ros2_control_demos:/workspaces/diffbot/ros2_ws/install/ros2_control_demo_example_2:/workspaces/diffbot/ros2_ws/install/gazebo_ros2_control:/workspaces/diffbot/ros2_ws/install/diffbot_bringup:/workspaces/diffbot/ros2_ws/install/controller_manager:/workspaces/diffbot/ros2_ws/install/ros2_control_demo_description:/workspaces/diffbot/ros2_ws/install/joint_state_broadcaster:/workspaces/diffbot/ros2_ws/install/diff_drive_controller:/workspaces/diffbot/ros2_ws/install/realtime_tools:/workspaces/diffbot/ros2_ws/install/position_controllers:/workspaces/diffbot/ros2_ws/install/joint_limits:/workspaces/diffbot/ros2_ws/install/controller_interface:/workspaces/diffbot/ros2_ws/install/hardware_interface:/workspaces/diffbot/ros2_ws/install/controller_manager_msgs:/workspaces/diffbot/ros2_ws/install/rqt_controller_manager:/workspaces/diffbot/ros2_ws/install/ros2controlcli:/workspaces/diffbot/ros2_ws/install/ros2_controllers_test_nodes:/workspaces/diffbot/ros2_ws/install/controller:/opt/ros/humble LD_LIBRARY_PATH=/workspaces/diffbot/ros2_ws/install/control_msgs/lib:/workspaces/diffbot/ros2_ws/install/transmission_interface/lib:/workspaces/diffbot/ros2_ws/install/steering_controllers_library/lib:/workspaces/diffbot/ros2_ws/install/ros2_control_demo_example_2/lib:/workspaces/diffbot/ros2_ws/install/gazebo_ros2_control/lib:/workspaces/diffbot/ros2_ws/install/controller_manager/lib:/workspaces/diffbot/ros2_ws/install/joint_state_broadcaster/lib:/workspaces/diffbot/ros2_ws/install/diff_drive_controller/lib:/workspaces/diffbot/ros2_ws/install/realtime_tools/lib:/workspaces/diffbot/ros2_ws/install/position_controllers/lib:/workspaces/diffbot/ros2_ws/install/controller_interface/lib:/workspaces/diffbot/ros2_ws/install/hardware_interface/lib:/workspaces/diffbot/ros2_ws/install/controller_manager_msgs/lib:/opt/ros/humble/opt/rviz_ogre_vendor/lib:/opt/ros/humble/lib/x86_64-linux-gnu:/opt/ros/humble/lib PYTHONPATH=/workspaces/diffbot/ros2_ws/install/control_msgs/local/lib/python3.10/dist-packages:${PYTHONPATH} /usr/bin/cmake --install /workspaces/diffbot/ros2_ws/build/hardware_interface
[1.521s] -- Install configuration: ""
[1.522s] -- Up-to-date: /workspaces/diffbot/ros2_ws/install/hardware_interface/share/hardware_interface/mock_components_plugin_description.xml
[1.522s] -- Up-to-date: /workspaces/diffbot/ros2_ws/install/hardware_interface/share/hardware_interface/fake_components_plugin_description.xml
[1.522s] -- Up-to-date: /workspaces/diffbot/ros2_ws/install/hardware_interface/include
[1.522s] -- Up-to-date: /workspaces/diffbot/ros2_ws/install/hardware_interface/include/mock_components
[1.522s] -- Up-to-date: /workspaces/diffbot/ros2_ws/install/hardware_interface/include/mock_components/visibility_control.h
[1.523s] -- Up-to-date: /workspaces/diffbot/ros2_ws/install/hardware_interface/include/mock_components/generic_system.hpp
[1.523s] -- Up-to-date: /workspaces/diffbot/ros2_ws/install/hardware_interface/include/hardware_interface
[1.523s] -- Up-to-date: /workspaces/diffbot/ros2_ws/install/hardware_interface/include/hardware_interface/hardware_component_info.hpp
[1.523s] -- Up-to-date: /workspaces/diffbot/ros2_ws/install/hardware_interface/include/hardware_interface/hardware_info.hpp
[1.523s] -- Up-to-date: /workspaces/diffbot/ros2_ws/install/hardware_interface/include/hardware_interface/loaned_command_interface.hpp
[1.523s] -- Up-to-date: /workspaces/diffbot/ros2_ws/install/hardware_interface/include/hardware_interface/types
[1.524s] -- Up-to-date: /workspaces/diffbot/ros2_ws/install/hardware_interface/include/hardware_interface/types/hardware_interface_return_values.hpp
[1.524s] -- Up-to-date: /workspaces/diffbot/ros2_ws/install/hardware_interface/include/hardware_interface/types/lifecycle_state_names.hpp
[1.524s] -- Up-to-date: /workspaces/diffbot/ros2_ws/install/hardware_interface/include/hardware_interface/types/hardware_interface_type_values.hpp
[1.524s] -- Up-to-date: /workspaces/diffbot/ros2_ws/install/hardware_interface/include/hardware_interface/handle.hpp
[1.524s] -- Up-to-date: /workspaces/diffbot/ros2_ws/install/hardware_interface/include/hardware_interface/component_parser.hpp
[1.525s] -- Up-to-date: /workspaces/diffbot/ros2_ws/install/hardware_interface/include/hardware_interface/resource_manager.hpp
[1.525s] -- Up-to-date: /workspaces/diffbot/ros2_ws/install/hardware_interface/include/hardware_interface/actuator_interface.hpp
[1.525s] -- Up-to-date: /workspaces/diffbot/ros2_ws/install/hardware_interface/include/hardware_interface/visibility_control.h
[1.525s] -- Up-to-date: /workspaces/diffbot/ros2_ws/install/hardware_interface/include/hardware_interface/actuator.hpp
[1.526s] -- Up-to-date: /workspaces/diffbot/ros2_ws/install/hardware_interface/include/hardware_interface/sensor_interface.hpp
[1.526s] -- Up-to-date: /workspaces/diffbot/ros2_ws/install/hardware_interface/include/hardware_interface/controller_info.hpp
[1.526s] -- Up-to-date: /workspaces/diffbot/ros2_ws/install/hardware_interface/include/hardware_interface/system.hpp
[1.527s] -- Up-to-date: /workspaces/diffbot/ros2_ws/install/hardware_interface/include/hardware_interface/macros.hpp
[1.527s] -- Up-to-date: /workspaces/diffbot/ros2_ws/install/hardware_interface/include/hardware_interface/sensor.hpp
[1.527s] -- Up-to-date: /workspaces/diffbot/ros2_ws/install/hardware_interface/include/hardware_interface/system_interface.hpp
[1.527s] -- Up-to-date: /workspaces/diffbot/ros2_ws/install/hardware_interface/include/hardware_interface/loaned_state_interface.hpp
[1.528s] -- Up-to-date: /workspaces/diffbot/ros2_ws/install/hardware_interface/include/fake_components
[1.528s] -- Up-to-date: /workspaces/diffbot/ros2_ws/install/hardware_interface/include/fake_components/visibility_control.h
[1.528s] -- Up-to-date: /workspaces/diffbot/ros2_ws/install/hardware_interface/include/fake_components/generic_system.hpp
[1.528s] -- Up-to-date: /workspaces/diffbot/ros2_ws/install/hardware_interface/lib/libfake_components.so
[1.528s] -- Up-to-date: /workspaces/diffbot/ros2_ws/install/hardware_interface/lib/libmock_components.so
[1.529s] -- Up-to-date: /workspaces/diffbot/ros2_ws/install/hardware_interface/lib/libhardware_interface.so
[1.529s] -- Up-to-date: /workspaces/diffbot/ros2_ws/install/hardware_interface/lib/libtest_components.so
[1.530s] -- Up-to-date: /workspaces/diffbot/ros2_ws/install/hardware_interface/share/hardware_interface/test/test_components/test_components.xml
[1.530s] -- Up-to-date: /workspaces/diffbot/ros2_ws/install/hardware_interface/lib/libtest_hardware_components.so
[1.530s] -- Up-to-date: /workspaces/diffbot/ros2_ws/install/hardware_interface/share/hardware_interface/test/test_hardware_components/test_hardware_components.xml
[1.530s] -- Up-to-date: /workspaces/diffbot/ros2_ws/install/hardware_interface/share/hardware_interface/environment/library_path.sh
[1.531s] -- Up-to-date: /workspaces/diffbot/ros2_ws/install/hardware_interface/share/hardware_interface/environment/library_path.dsv
[1.531s] -- Up-to-date: /workspaces/diffbot/ros2_ws/install/hardware_interface/share/ament_index/resource_index/package_run_dependencies/hardware_interface
[1.531s] -- Up-to-date: /workspaces/diffbot/ros2_ws/install/hardware_interface/share/ament_index/resource_index/parent_prefix_path/hardware_interface
[1.531s] -- Up-to-date: /workspaces/diffbot/ros2_ws/install/hardware_interface/share/hardware_interface/environment/ament_prefix_path.sh
[1.531s] -- Up-to-date: /workspaces/diffbot/ros2_ws/install/hardware_interface/share/hardware_interface/environment/ament_prefix_path.dsv
[1.531s] -- Up-to-date: /workspaces/diffbot/ros2_ws/install/hardware_interface/share/hardware_interface/environment/path.sh
[1.532s] -- Up-to-date: /workspaces/diffbot/ros2_ws/install/hardware_interface/share/hardware_interface/environment/path.dsv
[1.532s] -- Up-to-date: /workspaces/diffbot/ros2_ws/install/hardware_interface/share/hardware_interface/local_setup.bash
[1.532s] -- Up-to-date: /workspaces/diffbot/ros2_ws/install/hardware_interface/share/hardware_interface/local_setup.sh
[1.532s] -- Up-to-date: /workspaces/diffbot/ros2_ws/install/hardware_interface/share/hardware_interface/local_setup.zsh
[1.532s] -- Up-to-date: /workspaces/diffbot/ros2_ws/install/hardware_interface/share/hardware_interface/local_setup.dsv
[1.532s] -- Installing: /workspaces/diffbot/ros2_ws/install/hardware_interface/share/hardware_interface/package.dsv
[1.533s] -- Up-to-date: /workspaces/diffbot/ros2_ws/install/hardware_interface/share/ament_index/resource_index/packages/hardware_interface
[1.533s] -- Up-to-date: /workspaces/diffbot/ros2_ws/install/hardware_interface/share/ament_index/resource_index/hardware_interface__pluginlib__plugin/hardware_interface
[1.533s] -- Up-to-date: /workspaces/diffbot/ros2_ws/install/hardware_interface/share/hardware_interface/cmake/ament_cmake_export_include_directories-extras.cmake
[1.533s] -- Up-to-date: /workspaces/diffbot/ros2_ws/install/hardware_interface/share/hardware_interface/cmake/ament_cmake_export_libraries-extras.cmake
[1.534s] -- Up-to-date: /workspaces/diffbot/ros2_ws/install/hardware_interface/share/hardware_interface/cmake/ament_cmake_export_dependencies-extras.cmake
[1.534s] -- Up-to-date: /workspaces/diffbot/ros2_ws/install/hardware_interface/share/hardware_interface/cmake/hardware_interfaceConfig.cmake
[1.534s] -- Up-to-date: /workspaces/diffbot/ros2_ws/install/hardware_interface/share/hardware_interface/cmake/hardware_interfaceConfig-version.cmake
[1.534s] -- Up-to-date: /workspaces/diffbot/ros2_ws/install/hardware_interface/share/hardware_interface/package.xml
[1.542s] Invoked command in '/workspaces/diffbot/ros2_ws/build/hardware_interface' returned '0': AMENT_PREFIX_PATH=/workspaces/diffbot/ros2_ws/install/ros2_control_test_assets:/workspaces/diffbot/ros2_ws/install/control_msgs:${AMENT_PREFIX_PATH} CMAKE_PREFIX_PATH=/workspaces/diffbot/ros2_ws/install/ros2_control_test_assets:/workspaces/diffbot/ros2_ws/install/control_msgs:/workspaces/diffbot/ros2_ws/install/gazebo_ros2_control_demos:/workspaces/diffbot/ros2_ws/install/ros2_control:/workspaces/diffbot/ros2_ws/install/transmission_interface:/workspaces/diffbot/ros2_ws/install/ros2_controllers:/workspaces/diffbot/ros2_ws/install/steering_controllers_library:/workspaces/diffbot/ros2_ws/install/ros2_control_demos:/workspaces/diffbot/ros2_ws/install/ros2_control_demo_example_2:/workspaces/diffbot/ros2_ws/install/gazebo_ros2_control:/workspaces/diffbot/ros2_ws/install/diffbot_bringup:/workspaces/diffbot/ros2_ws/install/controller_manager:/workspaces/diffbot/ros2_ws/install/ros2_control_demo_description:/workspaces/diffbot/ros2_ws/install/joint_state_broadcaster:/workspaces/diffbot/ros2_ws/install/diff_drive_controller:/workspaces/diffbot/ros2_ws/install/realtime_tools:/workspaces/diffbot/ros2_ws/install/position_controllers:/workspaces/diffbot/ros2_ws/install/joint_limits:/workspaces/diffbot/ros2_ws/install/controller_interface:/workspaces/diffbot/ros2_ws/install/hardware_interface:/workspaces/diffbot/ros2_ws/install/controller_manager_msgs:/workspaces/diffbot/ros2_ws/install/rqt_controller_manager:/workspaces/diffbot/ros2_ws/install/ros2controlcli:/workspaces/diffbot/ros2_ws/install/ros2_controllers_test_nodes:/workspaces/diffbot/ros2_ws/install/controller:/opt/ros/humble LD_LIBRARY_PATH=/workspaces/diffbot/ros2_ws/install/control_msgs/lib:/workspaces/diffbot/ros2_ws/install/transmission_interface/lib:/workspaces/diffbot/ros2_ws/install/steering_controllers_library/lib:/workspaces/diffbot/ros2_ws/install/ros2_control_demo_example_2/lib:/workspaces/diffbot/ros2_ws/install/gazebo_ros2_control/lib:/workspaces/diffbot/ros2_ws/install/controller_manager/lib:/workspaces/diffbot/ros2_ws/install/joint_state_broadcaster/lib:/workspaces/diffbot/ros2_ws/install/diff_drive_controller/lib:/workspaces/diffbot/ros2_ws/install/realtime_tools/lib:/workspaces/diffbot/ros2_ws/install/position_controllers/lib:/workspaces/diffbot/ros2_ws/install/controller_interface/lib:/workspaces/diffbot/ros2_ws/install/hardware_interface/lib:/workspaces/diffbot/ros2_ws/install/controller_manager_msgs/lib:/opt/ros/humble/opt/rviz_ogre_vendor/lib:/opt/ros/humble/lib/x86_64-linux-gnu:/opt/ros/humble/lib PYTHONPATH=/workspaces/diffbot/ros2_ws/install/control_msgs/local/lib/python3.10/dist-packages:${PYTHONPATH} /usr/bin/cmake --install /workspaces/diffbot/ros2_ws/build/hardware_interface
