[33mCMake Warning at CMakeLists.txt:20 (add_library):
  Cannot generate a safe runtime search path for target position_controllers
  because there is a cycle in the constraint graph:

    dir 0 is [/opt/ros/humble/lib]
      dir 1 must precede it due to runtime library [librealtime_tools.so]
      dir 2 must precede it due to runtime library [libcontrol_msgs__rosidl_typesupport_c.so]
    dir 1 is [/workspaces/diffbot/ros2_ws/install/realtime_tools/lib]
    dir 2 is [/workspaces/diffbot/ros2_ws/install/control_msgs/lib]
      dir 0 must precede it due to runtime library [libcontrol_msgs__rosidl_generator_c.so]

  Some of these libraries may not be found correctly.

[0m
[33mCMake Warning at /opt/ros/humble/share/ament_cmake_gmock/cmake/ament_add_gmock.cmake:69 (add_executable):
  Cannot generate a safe runtime search path for target
  test_load_joint_group_position_controller because there is a cycle in the
  constraint graph:

    dir 0 is [/workspaces/diffbot/ros2_ws/build/position_controllers]
    dir 1 is [/workspaces/diffbot/ros2_ws/install/controller_manager/lib]
    dir 2 is [/opt/ros/humble/lib]
      dir 3 must precede it due to runtime library [libcontroller_interface.so]
      dir 5 must precede it due to runtime library [libfake_components.so]
      dir 6 must precede it due to runtime library [libcontrol_msgs__rosidl_generator_c.so]
      dir 7 must precede it due to runtime library [librealtime_tools.so]
    dir 3 is [/workspaces/diffbot/ros2_ws/install/controller_interface/lib]
      dir 2 must precede it due to runtime library [libcontroller_interface.so]
    dir 4 is [/workspaces/diffbot/ros2_ws/install/controller_manager_msgs/lib]
    dir 5 is [/workspaces/diffbot/ros2_ws/install/hardware_interface/lib]
      dir 2 must precede it due to runtime library [libfake_components.so]
    dir 6 is [/workspaces/diffbot/ros2_ws/install/control_msgs/lib]
      dir 2 must precede it due to runtime library [libcontrol_msgs__rosidl_generator_c.so]
    dir 7 is [/workspaces/diffbot/ros2_ws/install/realtime_tools/lib]

  Some of these libraries may not be found correctly.
Call Stack (most recent call first):
  /opt/ros/humble/share/ament_cmake_gmock/cmake/ament_add_gmock.cmake:52 (_ament_add_gmock)
  CMakeLists.txt:40 (ament_add_gmock)

[0m
[33mCMake Warning at /opt/ros/humble/share/ament_cmake_gmock/cmake/ament_add_gmock.cmake:69 (add_executable):
  Cannot generate a safe runtime search path for target
  test_joint_group_position_controller because there is a cycle in the
  constraint graph:

    dir 0 is [/workspaces/diffbot/ros2_ws/build/position_controllers]
    dir 1 is [/opt/ros/humble/lib]
      dir 2 must precede it due to runtime library [librealtime_tools.so]
      dir 3 must precede it due to runtime library [libcontrol_msgs__rosidl_typesupport_c.so]
    dir 2 is [/workspaces/diffbot/ros2_ws/install/realtime_tools/lib]
    dir 3 is [/workspaces/diffbot/ros2_ws/install/control_msgs/lib]
      dir 1 must precede it due to runtime library [libcontrol_msgs__rosidl_generator_c.so]

  Some of these libraries may not be found correctly.
Call Stack (most recent call first):
  /opt/ros/humble/share/ament_cmake_gmock/cmake/ament_add_gmock.cmake:52 (_ament_add_gmock)
  CMakeLists.txt:51 (ament_add_gmock)

[0m
