[0.165s] Invoking command in '/workspaces/diffbot/ros2_ws/build/position_controllers': AMENT_PREFIX_PATH=/workspaces/diffbot/ros2_ws/install/ros2_control_test_assets:/workspaces/diffbot/ros2_ws/install/realtime_tools:/workspaces/diffbot/ros2_ws/install/controller_manager_msgs:/workspaces/diffbot/ros2_ws/install/control_msgs:${AMENT_PREFIX_PATH} CMAKE_PREFIX_PATH=/workspaces/diffbot/ros2_ws/install/controller_manager:/workspaces/diffbot/ros2_ws/install/controller_interface:/workspaces/diffbot/ros2_ws/install/hardware_interface:/workspaces/diffbot/ros2_ws/install/ros2_control_test_assets:/workspaces/diffbot/ros2_ws/install/realtime_tools:/workspaces/diffbot/ros2_ws/install/controller_manager_msgs:/workspaces/diffbot/ros2_ws/install/control_msgs:/workspaces/diffbot/ros2_ws/install/gazebo_ros2_control_demos:/workspaces/diffbot/ros2_ws/install/ros2_control:/workspaces/diffbot/ros2_ws/install/transmission_interface:/workspaces/diffbot/ros2_ws/install/ros2_controllers:/workspaces/diffbot/ros2_ws/install/steering_controllers_library:/workspaces/diffbot/ros2_ws/install/ros2_control_demos:/workspaces/diffbot/ros2_ws/install/ros2_control_demo_example_2:/workspaces/diffbot/ros2_ws/install/gazebo_ros2_control:/workspaces/diffbot/ros2_ws/install/diffbot_bringup:/workspaces/diffbot/ros2_ws/install/ros2_control_demo_description:/workspaces/diffbot/ros2_ws/install/joint_state_broadcaster:/workspaces/diffbot/ros2_ws/install/diff_drive_controller:/workspaces/diffbot/ros2_ws/install/position_controllers:/workspaces/diffbot/ros2_ws/install/joint_limits:/workspaces/diffbot/ros2_ws/install/rqt_controller_manager:/workspaces/diffbot/ros2_ws/install/ros2controlcli:/workspaces/diffbot/ros2_ws/install/ros2_controllers_test_nodes:/workspaces/diffbot/ros2_ws/install/controller:/opt/ros/humble LD_LIBRARY_PATH=/workspaces/diffbot/ros2_ws/install/controller_manager/lib:/workspaces/diffbot/ros2_ws/install/controller_interface/lib:/workspaces/diffbot/ros2_ws/install/hardware_interface/lib:/workspaces/diffbot/ros2_ws/install/realtime_tools/lib:/workspaces/diffbot/ros2_ws/install/controller_manager_msgs/lib:/workspaces/diffbot/ros2_ws/install/control_msgs/lib:/workspaces/diffbot/ros2_ws/install/transmission_interface/lib:/workspaces/diffbot/ros2_ws/install/steering_controllers_library/lib:/workspaces/diffbot/ros2_ws/install/ros2_control_demo_example_2/lib:/workspaces/diffbot/ros2_ws/install/gazebo_ros2_control/lib:/workspaces/diffbot/ros2_ws/install/joint_state_broadcaster/lib:/workspaces/diffbot/ros2_ws/install/diff_drive_controller/lib:/workspaces/diffbot/ros2_ws/install/position_controllers/lib:/opt/ros/humble/opt/rviz_ogre_vendor/lib:/opt/ros/humble/lib/x86_64-linux-gnu:/opt/ros/humble/lib PYTHONPATH=/workspaces/diffbot/ros2_ws/install/controller_manager_msgs/local/lib/python3.10/dist-packages:/workspaces/diffbot/ros2_ws/install/control_msgs/local/lib/python3.10/dist-packages:${PYTHONPATH} /usr/bin/cmake /workspaces/diffbot/ros2_ws/src/ros2_controllers/position_controllers -DCMAKE_INSTALL_PREFIX=/workspaces/diffbot/ros2_ws/install/position_controllers
[0.406s] -- The CXX compiler identification is GNU 11.4.0
[0.434s] -- Detecting CXX compiler ABI info
[0.709s] -- Detecting CXX compiler ABI info - done
[0.741s] -- Check for working CXX compiler: /usr/bin/c++ - skipped
[0.743s] -- Detecting CXX compile features
[0.745s] -- Detecting CXX compile features - done
[0.755s] -- Found ament_cmake: 1.3.5 (/opt/ros/humble/share/ament_cmake/cmake)
[1.310s] -- Found Python3: /usr/bin/python3.10 (found version "3.10.12") found components: Interpreter 
[1.754s] -- Found backward_ros: 1.0.2 (/opt/ros/humble/share/backward_ros/cmake)
[1.796s] -- Found libdw: /usr/lib/x86_64-linux-gnu/libdw.so  
[1.839s] -- Could NOT find libbfd (missing: LIBBFD_LIBRARY LIBBFD_INCLUDE_DIR) 
[1.839s] -- BACKWARD_HAS_UNWIND=1
[1.839s] -- BACKWARD_HAS_BACKTRACE=0
[1.839s] -- BACKWARD_HAS_BACKTRACE_SYMBOL=0
[1.840s] -- BACKWARD_HAS_DW=1
[1.840s] -- BACKWARD_HAS_BFD=0
[1.841s] -- Found Backward: /opt/ros/humble/share/backward_ros/cmake  
[1.851s] -- Found forward_command_controller: 2.24.0 (/opt/ros/humble/share/forward_command_controller/cmake)
[2.057s] -- Found rosidl_generator_c: 3.1.5 (/opt/ros/humble/share/rosidl_generator_c/cmake)
[2.085s] -- Found rosidl_adapter: 3.1.5 (/opt/ros/humble/share/rosidl_adapter/cmake)
[2.135s] -- Found rosidl_generator_cpp: 3.1.5 (/opt/ros/humble/share/rosidl_generator_cpp/cmake)
[2.195s] -- Using all available rosidl_typesupport_c: rosidl_typesupport_fastrtps_c;rosidl_typesupport_introspection_c
[2.393s] -- Using all available rosidl_typesupport_cpp: rosidl_typesupport_fastrtps_cpp;rosidl_typesupport_introspection_cpp
[5.714s] -- Found rmw_implementation_cmake: 6.1.1 (/opt/ros/humble/share/rmw_implementation_cmake/cmake)
[5.727s] -- Found rmw_fastrtps_cpp: 6.2.3 (/opt/ros/humble/share/rmw_fastrtps_cpp/cmake)
[6.233s] -- Found OpenSSL: /usr/lib/x86_64-linux-gnu/libcrypto.so (found version "3.0.2")  
[6.343s] -- Found FastRTPS: /opt/ros/humble/include  
[6.588s] -- Using RMW implementation 'rmw_fastrtps_cpp' as default
[6.645s] -- Looking for C++ include pthread.h
[7.336s] -- Looking for C++ include pthread.h - found
[7.337s] -- Performing Test CMAKE_HAVE_LIBC_PTHREAD
[7.827s] -- Performing Test CMAKE_HAVE_LIBC_PTHREAD - Success
[7.834s] -- Found Threads: TRUE  
[9.095s] -- Found parameter_traits: 0.3.6 (/opt/ros/humble/share/parameter_traits/cmake)
[9.716s] -- Found ament_cmake_gmock: 1.3.5 (/opt/ros/humble/share/ament_cmake_gmock/cmake)
[9.717s] -- Found controller_manager: 2.30.0 (/workspaces/diffbot/ros2_ws/install/controller_manager/share/controller_manager/cmake)
[10.631s] -- Found ros2_control_test_assets: 2.30.0 (/workspaces/diffbot/ros2_ws/install/ros2_control_test_assets/share/ros2_control_test_assets/cmake)
[10.642s] -- Found gmock sources under '/opt/ros/humble/src/gmock_vendor': C++ tests using 'Google Mock' will be built
[10.766s] -- The C compiler identification is GNU 11.4.0
[10.793s] -- Detecting C compiler ABI info
[11.117s] -- Detecting C compiler ABI info - done
[11.145s] -- Check for working C compiler: /usr/bin/cc - skipped
[11.146s] -- Detecting C compile features
[11.148s] -- Detecting C compile features - done
[11.170s] -- Found ament_cmake_gtest: 1.3.5 (/opt/ros/humble/share/ament_cmake_gtest/cmake)
[11.173s] -- Found gtest sources under '/opt/ros/humble/src/gtest_vendor': C++ tests using 'Google Test' will be built
[12.648s] -- Configuring done
[12.722s] [33mCMake Warning at CMakeLists.txt:20 (add_library):
[12.722s]   Cannot generate a safe runtime search path for target position_controllers
[12.722s]   because there is a cycle in the constraint graph:
[12.722s] 
[12.722s]     dir 0 is [/opt/ros/humble/lib]
[12.722s]       dir 1 must precede it due to runtime library [librealtime_tools.so]
[12.723s]       dir 2 must precede it due to runtime library [libcontrol_msgs__rosidl_typesupport_c.so]
[12.723s]     dir 1 is [/workspaces/diffbot/ros2_ws/install/realtime_tools/lib]
[12.723s]     dir 2 is [/workspaces/diffbot/ros2_ws/install/control_msgs/lib]
[12.723s]       dir 0 must precede it due to runtime library [libcontrol_msgs__rosidl_generator_c.so]
[12.723s] 
[12.723s]   Some of these libraries may not be found correctly.
[12.724s] 
[12.724s] [0m
[12.792s] [33mCMake Warning at /opt/ros/humble/share/ament_cmake_gmock/cmake/ament_add_gmock.cmake:69 (add_executable):
[12.792s]   Cannot generate a safe runtime search path for target
[12.792s]   test_load_joint_group_position_controller because there is a cycle in the
[12.792s]   constraint graph:
[12.793s] 
[12.793s]     dir 0 is [/workspaces/diffbot/ros2_ws/build/position_controllers]
[12.793s]     dir 1 is [/workspaces/diffbot/ros2_ws/install/controller_manager/lib]
[12.793s]     dir 2 is [/opt/ros/humble/lib]
[12.793s]       dir 3 must precede it due to runtime library [libcontroller_interface.so]
[12.793s]       dir 5 must precede it due to runtime library [libfake_components.so]
[12.793s]       dir 6 must precede it due to runtime library [libcontrol_msgs__rosidl_generator_c.so]
[12.794s]       dir 7 must precede it due to runtime library [librealtime_tools.so]
[12.794s]     dir 3 is [/workspaces/diffbot/ros2_ws/install/controller_interface/lib]
[12.794s]       dir 2 must precede it due to runtime library [libcontroller_interface.so]
[12.794s]     dir 4 is [/workspaces/diffbot/ros2_ws/install/controller_manager_msgs/lib]
[12.794s]     dir 5 is [/workspaces/diffbot/ros2_ws/install/hardware_interface/lib]
[12.794s]       dir 2 must precede it due to runtime library [libfake_components.so]
[12.794s]     dir 6 is [/workspaces/diffbot/ros2_ws/install/control_msgs/lib]
[12.795s]       dir 2 must precede it due to runtime library [libcontrol_msgs__rosidl_generator_c.so]
[12.795s]     dir 7 is [/workspaces/diffbot/ros2_ws/install/realtime_tools/lib]
[12.795s] 
[12.795s]   Some of these libraries may not be found correctly.
[12.795s] Call Stack (most recent call first):
[12.795s]   /opt/ros/humble/share/ament_cmake_gmock/cmake/ament_add_gmock.cmake:52 (_ament_add_gmock)
[12.795s]   CMakeLists.txt:40 (ament_add_gmock)
[12.796s] 
[12.796s] [0m
[12.855s] [33mCMake Warning at /opt/ros/humble/share/ament_cmake_gmock/cmake/ament_add_gmock.cmake:69 (add_executable):
[12.855s]   Cannot generate a safe runtime search path for target
[12.855s]   test_joint_group_position_controller because there is a cycle in the
[12.855s]   constraint graph:
[12.855s] 
[12.856s]     dir 0 is [/workspaces/diffbot/ros2_ws/build/position_controllers]
[12.856s]     dir 1 is [/opt/ros/humble/lib]
[12.856s]       dir 2 must precede it due to runtime library [librealtime_tools.so]
[12.856s]       dir 3 must precede it due to runtime library [libcontrol_msgs__rosidl_typesupport_c.so]
[12.857s]     dir 2 is [/workspaces/diffbot/ros2_ws/install/realtime_tools/lib]
[12.857s]     dir 3 is [/workspaces/diffbot/ros2_ws/install/control_msgs/lib]
[12.857s]       dir 1 must precede it due to runtime library [libcontrol_msgs__rosidl_generator_c.so]
[12.857s] 
[12.858s]   Some of these libraries may not be found correctly.
[12.858s] Call Stack (most recent call first):
[12.858s]   /opt/ros/humble/share/ament_cmake_gmock/cmake/ament_add_gmock.cmake:52 (_ament_add_gmock)
[12.858s]   CMakeLists.txt:51 (ament_add_gmock)
[12.859s] 
[12.859s] [0m
[12.880s] -- Generating done
[12.888s] -- Build files have been written to: /workspaces/diffbot/ros2_ws/build/position_controllers
[12.933s] Invoked command in '/workspaces/diffbot/ros2_ws/build/position_controllers' returned '0': AMENT_PREFIX_PATH=/workspaces/diffbot/ros2_ws/install/ros2_control_test_assets:/workspaces/diffbot/ros2_ws/install/realtime_tools:/workspaces/diffbot/ros2_ws/install/controller_manager_msgs:/workspaces/diffbot/ros2_ws/install/control_msgs:${AMENT_PREFIX_PATH} CMAKE_PREFIX_PATH=/workspaces/diffbot/ros2_ws/install/controller_manager:/workspaces/diffbot/ros2_ws/install/controller_interface:/workspaces/diffbot/ros2_ws/install/hardware_interface:/workspaces/diffbot/ros2_ws/install/ros2_control_test_assets:/workspaces/diffbot/ros2_ws/install/realtime_tools:/workspaces/diffbot/ros2_ws/install/controller_manager_msgs:/workspaces/diffbot/ros2_ws/install/control_msgs:/workspaces/diffbot/ros2_ws/install/gazebo_ros2_control_demos:/workspaces/diffbot/ros2_ws/install/ros2_control:/workspaces/diffbot/ros2_ws/install/transmission_interface:/workspaces/diffbot/ros2_ws/install/ros2_controllers:/workspaces/diffbot/ros2_ws/install/steering_controllers_library:/workspaces/diffbot/ros2_ws/install/ros2_control_demos:/workspaces/diffbot/ros2_ws/install/ros2_control_demo_example_2:/workspaces/diffbot/ros2_ws/install/gazebo_ros2_control:/workspaces/diffbot/ros2_ws/install/diffbot_bringup:/workspaces/diffbot/ros2_ws/install/ros2_control_demo_description:/workspaces/diffbot/ros2_ws/install/joint_state_broadcaster:/workspaces/diffbot/ros2_ws/install/diff_drive_controller:/workspaces/diffbot/ros2_ws/install/position_controllers:/workspaces/diffbot/ros2_ws/install/joint_limits:/workspaces/diffbot/ros2_ws/install/rqt_controller_manager:/workspaces/diffbot/ros2_ws/install/ros2controlcli:/workspaces/diffbot/ros2_ws/install/ros2_controllers_test_nodes:/workspaces/diffbot/ros2_ws/install/controller:/opt/ros/humble LD_LIBRARY_PATH=/workspaces/diffbot/ros2_ws/install/controller_manager/lib:/workspaces/diffbot/ros2_ws/install/controller_interface/lib:/workspaces/diffbot/ros2_ws/install/hardware_interface/lib:/workspaces/diffbot/ros2_ws/install/realtime_tools/lib:/workspaces/diffbot/ros2_ws/install/controller_manager_msgs/lib:/workspaces/diffbot/ros2_ws/install/control_msgs/lib:/workspaces/diffbot/ros2_ws/install/transmission_interface/lib:/workspaces/diffbot/ros2_ws/install/steering_controllers_library/lib:/workspaces/diffbot/ros2_ws/install/ros2_control_demo_example_2/lib:/workspaces/diffbot/ros2_ws/install/gazebo_ros2_control/lib:/workspaces/diffbot/ros2_ws/install/joint_state_broadcaster/lib:/workspaces/diffbot/ros2_ws/install/diff_drive_controller/lib:/workspaces/diffbot/ros2_ws/install/position_controllers/lib:/opt/ros/humble/opt/rviz_ogre_vendor/lib:/opt/ros/humble/lib/x86_64-linux-gnu:/opt/ros/humble/lib PYTHONPATH=/workspaces/diffbot/ros2_ws/install/controller_manager_msgs/local/lib/python3.10/dist-packages:/workspaces/diffbot/ros2_ws/install/control_msgs/local/lib/python3.10/dist-packages:${PYTHONPATH} /usr/bin/cmake /workspaces/diffbot/ros2_ws/src/ros2_controllers/position_controllers -DCMAKE_INSTALL_PREFIX=/workspaces/diffbot/ros2_ws/install/position_controllers
[12.933s] Invoking command in '/workspaces/diffbot/ros2_ws/build/position_controllers': AMENT_PREFIX_PATH=/workspaces/diffbot/ros2_ws/install/ros2_control_test_assets:/workspaces/diffbot/ros2_ws/install/realtime_tools:/workspaces/diffbot/ros2_ws/install/controller_manager_msgs:/workspaces/diffbot/ros2_ws/install/control_msgs:${AMENT_PREFIX_PATH} CMAKE_PREFIX_PATH=/workspaces/diffbot/ros2_ws/install/controller_manager:/workspaces/diffbot/ros2_ws/install/controller_interface:/workspaces/diffbot/ros2_ws/install/hardware_interface:/workspaces/diffbot/ros2_ws/install/ros2_control_test_assets:/workspaces/diffbot/ros2_ws/install/realtime_tools:/workspaces/diffbot/ros2_ws/install/controller_manager_msgs:/workspaces/diffbot/ros2_ws/install/control_msgs:/workspaces/diffbot/ros2_ws/install/gazebo_ros2_control_demos:/workspaces/diffbot/ros2_ws/install/ros2_control:/workspaces/diffbot/ros2_ws/install/transmission_interface:/workspaces/diffbot/ros2_ws/install/ros2_controllers:/workspaces/diffbot/ros2_ws/install/steering_controllers_library:/workspaces/diffbot/ros2_ws/install/ros2_control_demos:/workspaces/diffbot/ros2_ws/install/ros2_control_demo_example_2:/workspaces/diffbot/ros2_ws/install/gazebo_ros2_control:/workspaces/diffbot/ros2_ws/install/diffbot_bringup:/workspaces/diffbot/ros2_ws/install/ros2_control_demo_description:/workspaces/diffbot/ros2_ws/install/joint_state_broadcaster:/workspaces/diffbot/ros2_ws/install/diff_drive_controller:/workspaces/diffbot/ros2_ws/install/position_controllers:/workspaces/diffbot/ros2_ws/install/joint_limits:/workspaces/diffbot/ros2_ws/install/rqt_controller_manager:/workspaces/diffbot/ros2_ws/install/ros2controlcli:/workspaces/diffbot/ros2_ws/install/ros2_controllers_test_nodes:/workspaces/diffbot/ros2_ws/install/controller:/opt/ros/humble LD_LIBRARY_PATH=/workspaces/diffbot/ros2_ws/install/controller_manager/lib:/workspaces/diffbot/ros2_ws/install/controller_interface/lib:/workspaces/diffbot/ros2_ws/install/hardware_interface/lib:/workspaces/diffbot/ros2_ws/install/realtime_tools/lib:/workspaces/diffbot/ros2_ws/install/controller_manager_msgs/lib:/workspaces/diffbot/ros2_ws/install/control_msgs/lib:/workspaces/diffbot/ros2_ws/install/transmission_interface/lib:/workspaces/diffbot/ros2_ws/install/steering_controllers_library/lib:/workspaces/diffbot/ros2_ws/install/ros2_control_demo_example_2/lib:/workspaces/diffbot/ros2_ws/install/gazebo_ros2_control/lib:/workspaces/diffbot/ros2_ws/install/joint_state_broadcaster/lib:/workspaces/diffbot/ros2_ws/install/diff_drive_controller/lib:/workspaces/diffbot/ros2_ws/install/position_controllers/lib:/opt/ros/humble/opt/rviz_ogre_vendor/lib:/opt/ros/humble/lib/x86_64-linux-gnu:/opt/ros/humble/lib PYTHONPATH=/workspaces/diffbot/ros2_ws/install/controller_manager_msgs/local/lib/python3.10/dist-packages:/workspaces/diffbot/ros2_ws/install/control_msgs/local/lib/python3.10/dist-packages:${PYTHONPATH} /usr/bin/cmake --build /workspaces/diffbot/ros2_ws/build/position_controllers -- -j8 -l8
[13.161s] [  9%] [32mBuilding CXX object CMakeFiles/position_controllers.dir/src/joint_group_position_controller.cpp.o[0m
[23.060s] [ 18%] [32m[1mLinking CXX shared library libposition_controllers.so[0m
[23.484s] [ 18%] Built target position_controllers
[23.537s] [ 27%] [32mBuilding CXX object gmock/CMakeFiles/gmock.dir/opt/ros/humble/src/gtest_vendor/src/gtest-all.cc.o[0m
[32.725s] [ 36%] [32mBuilding CXX object gmock/CMakeFiles/gmock.dir/src/gmock-all.cc.o[0m
[38.066s] [ 45%] [32m[1mLinking CXX static library libgmock.a[0m
[38.260s] [ 45%] Built target gmock
[38.315s] [ 54%] [32mBuilding CXX object gmock/CMakeFiles/gmock_main.dir/src/gmock_main.cc.o[0m
[41.727s] [ 63%] [32m[1mLinking CXX static library libgmock_main.a[0m
[41.835s] [ 63%] Built target gmock_main
[41.924s] [ 72%] [32mBuilding CXX object CMakeFiles/test_load_joint_group_position_controller.dir/test/test_load_joint_group_position_controller.cpp.o[0m
[54.805s] [ 81%] [32m[1mLinking CXX executable test_load_joint_group_position_controller[0m
[56.993s] [ 81%] Built target test_load_joint_group_position_controller
[57.056s] [ 90%] [32mBuilding CXX object CMakeFiles/test_joint_group_position_controller.dir/test/test_joint_group_position_controller.cpp.o[0m
[75.592s] [100%] [32m[1mLinking CXX executable test_joint_group_position_controller[0m
[76.708s] [100%] Built target test_joint_group_position_controller
[76.736s] Invoked command in '/workspaces/diffbot/ros2_ws/build/position_controllers' returned '0': AMENT_PREFIX_PATH=/workspaces/diffbot/ros2_ws/install/ros2_control_test_assets:/workspaces/diffbot/ros2_ws/install/realtime_tools:/workspaces/diffbot/ros2_ws/install/controller_manager_msgs:/workspaces/diffbot/ros2_ws/install/control_msgs:${AMENT_PREFIX_PATH} CMAKE_PREFIX_PATH=/workspaces/diffbot/ros2_ws/install/controller_manager:/workspaces/diffbot/ros2_ws/install/controller_interface:/workspaces/diffbot/ros2_ws/install/hardware_interface:/workspaces/diffbot/ros2_ws/install/ros2_control_test_assets:/workspaces/diffbot/ros2_ws/install/realtime_tools:/workspaces/diffbot/ros2_ws/install/controller_manager_msgs:/workspaces/diffbot/ros2_ws/install/control_msgs:/workspaces/diffbot/ros2_ws/install/gazebo_ros2_control_demos:/workspaces/diffbot/ros2_ws/install/ros2_control:/workspaces/diffbot/ros2_ws/install/transmission_interface:/workspaces/diffbot/ros2_ws/install/ros2_controllers:/workspaces/diffbot/ros2_ws/install/steering_controllers_library:/workspaces/diffbot/ros2_ws/install/ros2_control_demos:/workspaces/diffbot/ros2_ws/install/ros2_control_demo_example_2:/workspaces/diffbot/ros2_ws/install/gazebo_ros2_control:/workspaces/diffbot/ros2_ws/install/diffbot_bringup:/workspaces/diffbot/ros2_ws/install/ros2_control_demo_description:/workspaces/diffbot/ros2_ws/install/joint_state_broadcaster:/workspaces/diffbot/ros2_ws/install/diff_drive_controller:/workspaces/diffbot/ros2_ws/install/position_controllers:/workspaces/diffbot/ros2_ws/install/joint_limits:/workspaces/diffbot/ros2_ws/install/rqt_controller_manager:/workspaces/diffbot/ros2_ws/install/ros2controlcli:/workspaces/diffbot/ros2_ws/install/ros2_controllers_test_nodes:/workspaces/diffbot/ros2_ws/install/controller:/opt/ros/humble LD_LIBRARY_PATH=/workspaces/diffbot/ros2_ws/install/controller_manager/lib:/workspaces/diffbot/ros2_ws/install/controller_interface/lib:/workspaces/diffbot/ros2_ws/install/hardware_interface/lib:/workspaces/diffbot/ros2_ws/install/realtime_tools/lib:/workspaces/diffbot/ros2_ws/install/controller_manager_msgs/lib:/workspaces/diffbot/ros2_ws/install/control_msgs/lib:/workspaces/diffbot/ros2_ws/install/transmission_interface/lib:/workspaces/diffbot/ros2_ws/install/steering_controllers_library/lib:/workspaces/diffbot/ros2_ws/install/ros2_control_demo_example_2/lib:/workspaces/diffbot/ros2_ws/install/gazebo_ros2_control/lib:/workspaces/diffbot/ros2_ws/install/joint_state_broadcaster/lib:/workspaces/diffbot/ros2_ws/install/diff_drive_controller/lib:/workspaces/diffbot/ros2_ws/install/position_controllers/lib:/opt/ros/humble/opt/rviz_ogre_vendor/lib:/opt/ros/humble/lib/x86_64-linux-gnu:/opt/ros/humble/lib PYTHONPATH=/workspaces/diffbot/ros2_ws/install/controller_manager_msgs/local/lib/python3.10/dist-packages:/workspaces/diffbot/ros2_ws/install/control_msgs/local/lib/python3.10/dist-packages:${PYTHONPATH} /usr/bin/cmake --build /workspaces/diffbot/ros2_ws/build/position_controllers -- -j8 -l8
[76.848s] Invoking command in '/workspaces/diffbot/ros2_ws/build/position_controllers': AMENT_PREFIX_PATH=/workspaces/diffbot/ros2_ws/install/ros2_control_test_assets:/workspaces/diffbot/ros2_ws/install/realtime_tools:/workspaces/diffbot/ros2_ws/install/controller_manager_msgs:/workspaces/diffbot/ros2_ws/install/control_msgs:${AMENT_PREFIX_PATH} CMAKE_PREFIX_PATH=/workspaces/diffbot/ros2_ws/install/controller_manager:/workspaces/diffbot/ros2_ws/install/controller_interface:/workspaces/diffbot/ros2_ws/install/hardware_interface:/workspaces/diffbot/ros2_ws/install/ros2_control_test_assets:/workspaces/diffbot/ros2_ws/install/realtime_tools:/workspaces/diffbot/ros2_ws/install/controller_manager_msgs:/workspaces/diffbot/ros2_ws/install/control_msgs:/workspaces/diffbot/ros2_ws/install/gazebo_ros2_control_demos:/workspaces/diffbot/ros2_ws/install/ros2_control:/workspaces/diffbot/ros2_ws/install/transmission_interface:/workspaces/diffbot/ros2_ws/install/ros2_controllers:/workspaces/diffbot/ros2_ws/install/steering_controllers_library:/workspaces/diffbot/ros2_ws/install/ros2_control_demos:/workspaces/diffbot/ros2_ws/install/ros2_control_demo_example_2:/workspaces/diffbot/ros2_ws/install/gazebo_ros2_control:/workspaces/diffbot/ros2_ws/install/diffbot_bringup:/workspaces/diffbot/ros2_ws/install/ros2_control_demo_description:/workspaces/diffbot/ros2_ws/install/joint_state_broadcaster:/workspaces/diffbot/ros2_ws/install/diff_drive_controller:/workspaces/diffbot/ros2_ws/install/position_controllers:/workspaces/diffbot/ros2_ws/install/joint_limits:/workspaces/diffbot/ros2_ws/install/rqt_controller_manager:/workspaces/diffbot/ros2_ws/install/ros2controlcli:/workspaces/diffbot/ros2_ws/install/ros2_controllers_test_nodes:/workspaces/diffbot/ros2_ws/install/controller:/opt/ros/humble LD_LIBRARY_PATH=/workspaces/diffbot/ros2_ws/install/controller_manager/lib:/workspaces/diffbot/ros2_ws/install/controller_interface/lib:/workspaces/diffbot/ros2_ws/install/hardware_interface/lib:/workspaces/diffbot/ros2_ws/install/realtime_tools/lib:/workspaces/diffbot/ros2_ws/install/controller_manager_msgs/lib:/workspaces/diffbot/ros2_ws/install/control_msgs/lib:/workspaces/diffbot/ros2_ws/install/transmission_interface/lib:/workspaces/diffbot/ros2_ws/install/steering_controllers_library/lib:/workspaces/diffbot/ros2_ws/install/ros2_control_demo_example_2/lib:/workspaces/diffbot/ros2_ws/install/gazebo_ros2_control/lib:/workspaces/diffbot/ros2_ws/install/joint_state_broadcaster/lib:/workspaces/diffbot/ros2_ws/install/diff_drive_controller/lib:/workspaces/diffbot/ros2_ws/install/position_controllers/lib:/opt/ros/humble/opt/rviz_ogre_vendor/lib:/opt/ros/humble/lib/x86_64-linux-gnu:/opt/ros/humble/lib PYTHONPATH=/workspaces/diffbot/ros2_ws/install/controller_manager_msgs/local/lib/python3.10/dist-packages:/workspaces/diffbot/ros2_ws/install/control_msgs/local/lib/python3.10/dist-packages:${PYTHONPATH} /usr/bin/cmake --install /workspaces/diffbot/ros2_ws/build/position_controllers
[76.864s] -- Install configuration: ""
[76.864s] -- Installing: /workspaces/diffbot/ros2_ws/install/position_controllers/share/position_controllers/position_controllers_plugins.xml
[76.864s] -- Installing: /workspaces/diffbot/ros2_ws/install/position_controllers/include/position_controllers
[76.865s] -- Installing: /workspaces/diffbot/ros2_ws/install/position_controllers/include/position_controllers/position_controllers
[76.865s] -- Installing: /workspaces/diffbot/ros2_ws/install/position_controllers/include/position_controllers/position_controllers/joint_group_position_controller.hpp
[76.865s] -- Installing: /workspaces/diffbot/ros2_ws/install/position_controllers/include/position_controllers/position_controllers/visibility_control.h
[76.866s] -- Installing: /workspaces/diffbot/ros2_ws/install/position_controllers/lib/libposition_controllers.so
[76.867s] -- Set runtime path of "/workspaces/diffbot/ros2_ws/install/position_controllers/lib/libposition_controllers.so" to ""
[76.867s] -- Installing: /workspaces/diffbot/ros2_ws/install/position_controllers/share/position_controllers/environment/library_path.sh
[76.867s] -- Installing: /workspaces/diffbot/ros2_ws/install/position_controllers/share/position_controllers/environment/library_path.dsv
[76.868s] -- Installing: /workspaces/diffbot/ros2_ws/install/position_controllers/share/ament_index/resource_index/package_run_dependencies/position_controllers
[76.868s] -- Installing: /workspaces/diffbot/ros2_ws/install/position_controllers/share/ament_index/resource_index/parent_prefix_path/position_controllers
[76.868s] -- Installing: /workspaces/diffbot/ros2_ws/install/position_controllers/share/position_controllers/environment/ament_prefix_path.sh
[76.868s] -- Installing: /workspaces/diffbot/ros2_ws/install/position_controllers/share/position_controllers/environment/ament_prefix_path.dsv
[76.869s] -- Installing: /workspaces/diffbot/ros2_ws/install/position_controllers/share/position_controllers/environment/path.sh
[76.869s] -- Installing: /workspaces/diffbot/ros2_ws/install/position_controllers/share/position_controllers/environment/path.dsv
[76.869s] -- Installing: /workspaces/diffbot/ros2_ws/install/position_controllers/share/position_controllers/local_setup.bash
[76.869s] -- Installing: /workspaces/diffbot/ros2_ws/install/position_controllers/share/position_controllers/local_setup.sh
[76.870s] -- Installing: /workspaces/diffbot/ros2_ws/install/position_controllers/share/position_controllers/local_setup.zsh
[76.870s] -- Installing: /workspaces/diffbot/ros2_ws/install/position_controllers/share/position_controllers/local_setup.dsv
[76.870s] -- Installing: /workspaces/diffbot/ros2_ws/install/position_controllers/share/position_controllers/package.dsv
[76.870s] -- Installing: /workspaces/diffbot/ros2_ws/install/position_controllers/share/ament_index/resource_index/packages/position_controllers
[76.871s] -- Installing: /workspaces/diffbot/ros2_ws/install/position_controllers/share/ament_index/resource_index/controller_interface__pluginlib__plugin/position_controllers
[76.871s] -- Installing: /workspaces/diffbot/ros2_ws/install/position_controllers/share/position_controllers/cmake/export_position_controllersExport.cmake
[76.871s] -- Installing: /workspaces/diffbot/ros2_ws/install/position_controllers/share/position_controllers/cmake/export_position_controllersExport-noconfig.cmake
[76.871s] -- Installing: /workspaces/diffbot/ros2_ws/install/position_controllers/share/position_controllers/cmake/ament_cmake_export_targets-extras.cmake
[76.872s] -- Installing: /workspaces/diffbot/ros2_ws/install/position_controllers/share/position_controllers/cmake/ament_cmake_export_dependencies-extras.cmake
[76.872s] -- Installing: /workspaces/diffbot/ros2_ws/install/position_controllers/share/position_controllers/cmake/position_controllersConfig.cmake
[76.872s] -- Installing: /workspaces/diffbot/ros2_ws/install/position_controllers/share/position_controllers/cmake/position_controllersConfig-version.cmake
[76.873s] -- Installing: /workspaces/diffbot/ros2_ws/install/position_controllers/share/position_controllers/package.xml
[76.883s] Invoked command in '/workspaces/diffbot/ros2_ws/build/position_controllers' returned '0': AMENT_PREFIX_PATH=/workspaces/diffbot/ros2_ws/install/ros2_control_test_assets:/workspaces/diffbot/ros2_ws/install/realtime_tools:/workspaces/diffbot/ros2_ws/install/controller_manager_msgs:/workspaces/diffbot/ros2_ws/install/control_msgs:${AMENT_PREFIX_PATH} CMAKE_PREFIX_PATH=/workspaces/diffbot/ros2_ws/install/controller_manager:/workspaces/diffbot/ros2_ws/install/controller_interface:/workspaces/diffbot/ros2_ws/install/hardware_interface:/workspaces/diffbot/ros2_ws/install/ros2_control_test_assets:/workspaces/diffbot/ros2_ws/install/realtime_tools:/workspaces/diffbot/ros2_ws/install/controller_manager_msgs:/workspaces/diffbot/ros2_ws/install/control_msgs:/workspaces/diffbot/ros2_ws/install/gazebo_ros2_control_demos:/workspaces/diffbot/ros2_ws/install/ros2_control:/workspaces/diffbot/ros2_ws/install/transmission_interface:/workspaces/diffbot/ros2_ws/install/ros2_controllers:/workspaces/diffbot/ros2_ws/install/steering_controllers_library:/workspaces/diffbot/ros2_ws/install/ros2_control_demos:/workspaces/diffbot/ros2_ws/install/ros2_control_demo_example_2:/workspaces/diffbot/ros2_ws/install/gazebo_ros2_control:/workspaces/diffbot/ros2_ws/install/diffbot_bringup:/workspaces/diffbot/ros2_ws/install/ros2_control_demo_description:/workspaces/diffbot/ros2_ws/install/joint_state_broadcaster:/workspaces/diffbot/ros2_ws/install/diff_drive_controller:/workspaces/diffbot/ros2_ws/install/position_controllers:/workspaces/diffbot/ros2_ws/install/joint_limits:/workspaces/diffbot/ros2_ws/install/rqt_controller_manager:/workspaces/diffbot/ros2_ws/install/ros2controlcli:/workspaces/diffbot/ros2_ws/install/ros2_controllers_test_nodes:/workspaces/diffbot/ros2_ws/install/controller:/opt/ros/humble LD_LIBRARY_PATH=/workspaces/diffbot/ros2_ws/install/controller_manager/lib:/workspaces/diffbot/ros2_ws/install/controller_interface/lib:/workspaces/diffbot/ros2_ws/install/hardware_interface/lib:/workspaces/diffbot/ros2_ws/install/realtime_tools/lib:/workspaces/diffbot/ros2_ws/install/controller_manager_msgs/lib:/workspaces/diffbot/ros2_ws/install/control_msgs/lib:/workspaces/diffbot/ros2_ws/install/transmission_interface/lib:/workspaces/diffbot/ros2_ws/install/steering_controllers_library/lib:/workspaces/diffbot/ros2_ws/install/ros2_control_demo_example_2/lib:/workspaces/diffbot/ros2_ws/install/gazebo_ros2_control/lib:/workspaces/diffbot/ros2_ws/install/joint_state_broadcaster/lib:/workspaces/diffbot/ros2_ws/install/diff_drive_controller/lib:/workspaces/diffbot/ros2_ws/install/position_controllers/lib:/opt/ros/humble/opt/rviz_ogre_vendor/lib:/opt/ros/humble/lib/x86_64-linux-gnu:/opt/ros/humble/lib PYTHONPATH=/workspaces/diffbot/ros2_ws/install/controller_manager_msgs/local/lib/python3.10/dist-packages:/workspaces/diffbot/ros2_ws/install/control_msgs/local/lib/python3.10/dist-packages:${PYTHONPATH} /usr/bin/cmake --install /workspaces/diffbot/ros2_ws/build/position_controllers
