[0.122s] Invoking command in '/workspaces/diffbot/ros2_ws/build/ros2_control_demo_description': CMAKE_PREFIX_PATH=${CMAKE_PREFIX_PATH}:/workspaces/diffbot/ros2_ws/install/rqt_controller_manager:/workspaces/diffbot/ros2_ws/install/ros2controlcli:/workspaces/diffbot/ros2_ws/install/ros2_controllers_test_nodes:/workspaces/diffbot/ros2_ws/install/controller:/opt/ros/humble /usr/bin/cmake --build /workspaces/diffbot/ros2_ws/build/ros2_control_demo_description -- -j8 -l8
[1.532s] Invoked command in '/workspaces/diffbot/ros2_ws/build/ros2_control_demo_description' returned '0': CMAKE_PREFIX_PATH=${CMAKE_PREFIX_PATH}:/workspaces/diffbot/ros2_ws/install/rqt_controller_manager:/workspaces/diffbot/ros2_ws/install/ros2controlcli:/workspaces/diffbot/ros2_ws/install/ros2_controllers_test_nodes:/workspaces/diffbot/ros2_ws/install/controller:/opt/ros/humble /usr/bin/cmake --build /workspaces/diffbot/ros2_ws/build/ros2_control_demo_description -- -j8 -l8
[1.749s] Invoking command in '/workspaces/diffbot/ros2_ws/build/ros2_control_demo_description': CMAKE_PREFIX_PATH=${CMAKE_PREFIX_PATH}:/workspaces/diffbot/ros2_ws/install/rqt_controller_manager:/workspaces/diffbot/ros2_ws/install/ros2controlcli:/workspaces/diffbot/ros2_ws/install/ros2_controllers_test_nodes:/workspaces/diffbot/ros2_ws/install/controller:/opt/ros/humble /usr/bin/cmake --install /workspaces/diffbot/ros2_ws/build/ros2_control_demo_description
[1.791s] -- Install configuration: ""
[1.792s] -- Up-to-date: /workspaces/diffbot/ros2_ws/install/ros2_control_demo_description/share/ros2_control_demo_description/diffbot/urdf
[1.792s] -- Up-to-date: /workspaces/diffbot/ros2_ws/install/ros2_control_demo_description/share/ros2_control_demo_description/diffbot/urdf/diffbot_description.urdf.xacro
[1.793s] -- Up-to-date: /workspaces/diffbot/ros2_ws/install/ros2_control_demo_description/share/ros2_control_demo_description/diffbot/urdf/diffbot.materials.xacro
[1.793s] -- Up-to-date: /workspaces/diffbot/ros2_ws/install/ros2_control_demo_description/share/ros2_control_demo_description/diffbot/rviz
[1.793s] -- Up-to-date: /workspaces/diffbot/ros2_ws/install/ros2_control_demo_description/share/ros2_control_demo_description/diffbot/rviz/diffbot_view.rviz
[1.794s] -- Up-to-date: /workspaces/diffbot/ros2_ws/install/ros2_control_demo_description/share/ros2_control_demo_description/diffbot/rviz/diffbot.rviz
[1.794s] -- Up-to-date: /workspaces/diffbot/ros2_ws/install/ros2_control_demo_description/share/ament_index/resource_index/package_run_dependencies/ros2_control_demo_description
[1.795s] -- Up-to-date: /workspaces/diffbot/ros2_ws/install/ros2_control_demo_description/share/ament_index/resource_index/parent_prefix_path/ros2_control_demo_description
[1.795s] -- Up-to-date: /workspaces/diffbot/ros2_ws/install/ros2_control_demo_description/share/ros2_control_demo_description/environment/ament_prefix_path.sh
[1.796s] -- Up-to-date: /workspaces/diffbot/ros2_ws/install/ros2_control_demo_description/share/ros2_control_demo_description/environment/ament_prefix_path.dsv
[1.796s] -- Up-to-date: /workspaces/diffbot/ros2_ws/install/ros2_control_demo_description/share/ros2_control_demo_description/environment/path.sh
[1.797s] -- Up-to-date: /workspaces/diffbot/ros2_ws/install/ros2_control_demo_description/share/ros2_control_demo_description/environment/path.dsv
[1.797s] -- Up-to-date: /workspaces/diffbot/ros2_ws/install/ros2_control_demo_description/share/ros2_control_demo_description/local_setup.bash
[1.797s] -- Up-to-date: /workspaces/diffbot/ros2_ws/install/ros2_control_demo_description/share/ros2_control_demo_description/local_setup.sh
[1.798s] -- Up-to-date: /workspaces/diffbot/ros2_ws/install/ros2_control_demo_description/share/ros2_control_demo_description/local_setup.zsh
[1.798s] -- Up-to-date: /workspaces/diffbot/ros2_ws/install/ros2_control_demo_description/share/ros2_control_demo_description/local_setup.dsv
[1.799s] -- Installing: /workspaces/diffbot/ros2_ws/install/ros2_control_demo_description/share/ros2_control_demo_description/package.dsv
[1.800s] -- Up-to-date: /workspaces/diffbot/ros2_ws/install/ros2_control_demo_description/share/ament_index/resource_index/packages/ros2_control_demo_description
[1.800s] -- Up-to-date: /workspaces/diffbot/ros2_ws/install/ros2_control_demo_description/share/ros2_control_demo_description/cmake/ros2_control_demo_descriptionConfig.cmake
[1.801s] -- Up-to-date: /workspaces/diffbot/ros2_ws/install/ros2_control_demo_description/share/ros2_control_demo_description/cmake/ros2_control_demo_descriptionConfig-version.cmake
[1.801s] -- Up-to-date: /workspaces/diffbot/ros2_ws/install/ros2_control_demo_description/share/ros2_control_demo_description/package.xml
[1.805s] Invoked command in '/workspaces/diffbot/ros2_ws/build/ros2_control_demo_description' returned '0': CMAKE_PREFIX_PATH=${CMAKE_PREFIX_PATH}:/workspaces/diffbot/ros2_ws/install/rqt_controller_manager:/workspaces/diffbot/ros2_ws/install/ros2controlcli:/workspaces/diffbot/ros2_ws/install/ros2_controllers_test_nodes:/workspaces/diffbot/ros2_ws/install/controller:/opt/ros/humble /usr/bin/cmake --install /workspaces/diffbot/ros2_ws/build/ros2_control_demo_description
