-- The CXX compiler identification is GNU 11.4.0
-- Detecting CXX compiler ABI info
-- Detecting CXX compiler ABI info - done
-- Check for working CXX compiler: /usr/bin/c++ - skipped
-- Detecting CXX compile features
-- Detecting CXX compile features - done
-- Found ament_cmake: 1.3.5 (/opt/ros/humble/share/ament_cmake/cmake)
-- Found Python3: /usr/bin/python3.10 (found version "3.10.12") found components: Interpreter 
-- Override CMake install command with custom implementation using symlinks instead of copying resources
-- Found hardware_interface: 2.29.0 (/home/lulav/ros2_ws/install/hardware_interface/share/hardware_interface/cmake)
-- Found rosidl_generator_c: 3.1.5 (/opt/ros/humble/share/rosidl_generator_c/cmake)
-- Found rosidl_adapter: 3.1.5 (/opt/ros/humble/share/rosidl_adapter/cmake)
-- Found rosidl_generator_cpp: 3.1.5 (/opt/ros/humble/share/rosidl_generator_cpp/cmake)
-- Using all available rosidl_typesupport_c: rosidl_typesupport_fastrtps_c;rosidl_typesupport_introspection_c
-- Using all available rosidl_typesupport_cpp: rosidl_typesupport_fastrtps_cpp;rosidl_typesupport_introspection_cpp
-- Found rmw_implementation_cmake: 6.1.1 (/opt/ros/humble/share/rmw_implementation_cmake/cmake)
-- Found rmw_fastrtps_cpp: 6.2.3 (/opt/ros/humble/share/rmw_fastrtps_cpp/cmake)
-- Found OpenSSL: /usr/lib/x86_64-linux-gnu/libcrypto.so (found version "3.0.2")  
-- Found FastRTPS: /opt/ros/humble/include  
-- Using RMW implementation 'rmw_fastrtps_cpp' as default
-- Looking for C++ include pthread.h
-- Looking for C++ include pthread.h - found
-- Performing Test CMAKE_HAVE_LIBC_PTHREAD
-- Performing Test CMAKE_HAVE_LIBC_PTHREAD - Success
-- Found Threads: TRUE  
-- Found ament_cmake_gtest: 1.3.5 (/opt/ros/humble/share/ament_cmake_gtest/cmake)
-- Configuring done
-- Generating done
-- Build files have been written to: /home/lulav/ros2_ws/build/ros2_control_demo_mydiffbot
[ 50%] [32mBuilding CXX object CMakeFiles/ros2_control_demo_mydiffbot.dir/hardware/diffbot_system.cpp.o[0m
[100%] [32m[1mLinking CXX shared library libros2_control_demo_mydiffbot.so[0m
[100%] Built target ros2_control_demo_mydiffbot
-- Install configuration: ""
-- Execute custom install script
-- Symlinking: /home/lulav/ros2_ws/install/ros2_control_demo_mydiffbot/share/ros2_control_demo_mydiffbot//ros2_control_demo_mydiffbot.xml
-- Symlinking: /home/lulav/ros2_ws/install/ros2_control_demo_mydiffbot/include/ros2_control_demo_mydiffbot/ros2_control_demo_mydiffbot/diffbot_system.hpp
-- Symlinking: /home/lulav/ros2_ws/install/ros2_control_demo_mydiffbot/include/ros2_control_demo_mydiffbot/ros2_control_demo_mydiffbot/visibility_control.h
-- Symlinking: /home/lulav/ros2_ws/install/ros2_control_demo_mydiffbot/share/ros2_control_demo_mydiffbot/launch/view_robot.launch.py
-- Symlinking: /home/lulav/ros2_ws/install/ros2_control_demo_mydiffbot/share/ros2_control_demo_mydiffbot/ros2_control/diffbot.ros2_control.xacro
-- Symlinking: /home/lulav/ros2_ws/install/ros2_control_demo_mydiffbot/share/ros2_control_demo_mydiffbot/urdf/diffbot.materials.xacro
-- Symlinking: /home/lulav/ros2_ws/install/ros2_control_demo_mydiffbot/share/ros2_control_demo_mydiffbot/urdf/diffbot.urdf.xacro
-- Symlinking: /home/lulav/ros2_ws/install/ros2_control_demo_mydiffbot/share/ros2_control_demo_mydiffbot/urdf/diffbot_description.urdf.xacro
-- Symlinking: /home/lulav/ros2_ws/install/ros2_control_demo_mydiffbot/share/ros2_control_demo_mydiffbot/rviz/diffbot.rviz
-- Symlinking: /home/lulav/ros2_ws/install/ros2_control_demo_mydiffbot/share/ros2_control_demo_mydiffbot/rviz/diffbot_view.rviz
-- Symlinking: /home/lulav/ros2_ws/install/ros2_control_demo_mydiffbot/share/ros2_control_demo_mydiffbot/launch/diffbot.launch.py
-- Symlinking: /home/lulav/ros2_ws/install/ros2_control_demo_mydiffbot/share/ros2_control_demo_mydiffbot/config/diffbot_controllers.yaml
-- Symlinking: /home/lulav/ros2_ws/install/ros2_control_demo_mydiffbot/share/ros2_control_demo_mydiffbot/environment/library_path.sh
-- Symlinking: /home/lulav/ros2_ws/install/ros2_control_demo_mydiffbot/share/ros2_control_demo_mydiffbot/environment/library_path.dsv
-- Symlinking: /home/lulav/ros2_ws/install/ros2_control_demo_mydiffbot/share/ament_index/resource_index/package_run_dependencies/ros2_control_demo_mydiffbot
-- Symlinking: /home/lulav/ros2_ws/install/ros2_control_demo_mydiffbot/share/ament_index/resource_index/parent_prefix_path/ros2_control_demo_mydiffbot
-- Symlinking: /home/lulav/ros2_ws/install/ros2_control_demo_mydiffbot/share/ros2_control_demo_mydiffbot/environment/ament_prefix_path.sh
-- Symlinking: /home/lulav/ros2_ws/install/ros2_control_demo_mydiffbot/share/ros2_control_demo_mydiffbot/environment/ament_prefix_path.dsv
-- Symlinking: /home/lulav/ros2_ws/install/ros2_control_demo_mydiffbot/share/ros2_control_demo_mydiffbot/environment/path.sh
-- Symlinking: /home/lulav/ros2_ws/install/ros2_control_demo_mydiffbot/share/ros2_control_demo_mydiffbot/environment/path.dsv
-- Symlinking: /home/lulav/ros2_ws/install/ros2_control_demo_mydiffbot/share/ros2_control_demo_mydiffbot/local_setup.bash
-- Symlinking: /home/lulav/ros2_ws/install/ros2_control_demo_mydiffbot/share/ros2_control_demo_mydiffbot/local_setup.sh
-- Symlinking: /home/lulav/ros2_ws/install/ros2_control_demo_mydiffbot/share/ros2_control_demo_mydiffbot/local_setup.zsh
-- Symlinking: /home/lulav/ros2_ws/install/ros2_control_demo_mydiffbot/share/ros2_control_demo_mydiffbot/local_setup.dsv
-- Symlinking: /home/lulav/ros2_ws/install/ros2_control_demo_mydiffbot/share/ros2_control_demo_mydiffbot/package.dsv
-- Symlinking: /home/lulav/ros2_ws/install/ros2_control_demo_mydiffbot/share/ament_index/resource_index/packages/ros2_control_demo_mydiffbot
-- Symlinking: /home/lulav/ros2_ws/install/ros2_control_demo_mydiffbot/share/ament_index/resource_index/hardware_interface__pluginlib__plugin/ros2_control_demo_mydiffbot
-- Symlinking: /home/lulav/ros2_ws/install/ros2_control_demo_mydiffbot/share/ros2_control_demo_mydiffbot/cmake/ament_cmake_export_targets-extras.cmake
-- Symlinking: /home/lulav/ros2_ws/install/ros2_control_demo_mydiffbot/share/ros2_control_demo_mydiffbot/cmake/ament_cmake_export_dependencies-extras.cmake
-- Symlinking: /home/lulav/ros2_ws/install/ros2_control_demo_mydiffbot/share/ros2_control_demo_mydiffbot/cmake/ros2_control_demo_mydiffbotConfig.cmake
-- Symlinking: /home/lulav/ros2_ws/install/ros2_control_demo_mydiffbot/share/ros2_control_demo_mydiffbot/cmake/ros2_control_demo_mydiffbotConfig-version.cmake
-- Symlinking: /home/lulav/ros2_ws/install/ros2_control_demo_mydiffbot/share/ros2_control_demo_mydiffbot/package.xml
-- Installing: /home/lulav/ros2_ws/install/ros2_control_demo_mydiffbot/lib/libros2_control_demo_mydiffbot.so
-- Set runtime path of "/home/lulav/ros2_ws/install/ros2_control_demo_mydiffbot/lib/libros2_control_demo_mydiffbot.so" to ""
-- Installing: /home/lulav/ros2_ws/install/ros2_control_demo_mydiffbot/share/ros2_control_demo_mydiffbot/cmake/export_ros2_control_demo_mydiffbotExport.cmake
-- Installing: /home/lulav/ros2_ws/install/ros2_control_demo_mydiffbot/share/ros2_control_demo_mydiffbot/cmake/export_ros2_control_demo_mydiffbotExport-noconfig.cmake
