[0.083s] Invoking command in '/home/lulav/ros2_ws/build/ros2_control_demo_mydiffbot': AMENT_PREFIX_PATH=/home/lulav/ros2_ws/install/ros2controlcli:/home/lulav/ros2_ws/install/joint_state_broadcaster:/home/lulav/ros2_ws/install/diff_drive_controller:/home/lulav/ros2_ws/install/controller_manager:/home/lulav/ros2_ws/install/controller_interface:/home/lulav/ros2_ws/install/hardware_interface:/home/lulav/ros2_ws/install/ros2_controllers_test_nodes:/home/lulav/ros2_ws/install/ros2_control_test_assets:/home/lulav/ros2_ws/install/realtime_tools:/home/lulav/ros2_ws/install/controller_manager_msgs:/home/lulav/ros2_ws/install/control_msgs:${AMENT_PREFIX_PATH} CMAKE_PREFIX_PATH=/home/lulav/ros2_ws/install/joint_state_broadcaster:/home/lulav/ros2_ws/install/diff_drive_controller:/home/lulav/ros2_ws/install/controller_manager:/home/lulav/ros2_ws/install/controller_interface:/home/lulav/ros2_ws/install/hardware_interface:/home/lulav/ros2_ws/install/ros2_control_test_assets:/home/lulav/ros2_ws/install/realtime_tools:/home/lulav/ros2_ws/install/controller_manager_msgs:/home/lulav/ros2_ws/install/control_msgs:/opt/ros/humble LD_LIBRARY_PATH=/home/lulav/ros2_ws/install/joint_state_broadcaster/lib:/home/lulav/ros2_ws/install/diff_drive_controller/lib:/home/lulav/ros2_ws/install/controller_manager/lib:/home/lulav/ros2_ws/install/controller_interface/lib:/home/lulav/ros2_ws/install/hardware_interface/lib:/home/lulav/ros2_ws/install/realtime_tools/lib:/home/lulav/ros2_ws/install/controller_manager_msgs/lib:/home/lulav/ros2_ws/install/control_msgs/lib:${LD_LIBRARY_PATH} PYTHONPATH=/home/lulav/ros2_ws/build/ros2controlcli:/home/lulav/ros2_ws/install/ros2controlcli/lib/python3.10/site-packages:/home/lulav/ros2_ws/install/controller_manager/local/lib/python3.10/dist-packages:/home/lulav/ros2_ws/build/ros2_controllers_test_nodes:/home/lulav/ros2_ws/install/ros2_controllers_test_nodes/lib/python3.10/site-packages:/home/lulav/ros2_ws/install/controller_manager_msgs/local/lib/python3.10/dist-packages:/home/lulav/ros2_ws/install/control_msgs/local/lib/python3.10/dist-packages:${PYTHONPATH} /usr/bin/cmake /home/lulav/ros2_ws/src/mydiffbot -DAMENT_CMAKE_SYMLINK_INSTALL=1 -DCMAKE_INSTALL_PREFIX=/home/lulav/ros2_ws/install/ros2_control_demo_mydiffbot
[9.556s] -- The CXX compiler identification is GNU 11.4.0
[9.556s] -- Detecting CXX compiler ABI info
[9.556s] -- Detecting CXX compiler ABI info - done
[9.556s] -- Check for working CXX compiler: /usr/bin/c++ - skipped
[9.556s] -- Detecting CXX compile features
[9.556s] -- Detecting CXX compile features - done
[9.557s] -- Found ament_cmake: 1.3.5 (/opt/ros/humble/share/ament_cmake/cmake)
[9.557s] -- Found Python3: /usr/bin/python3.10 (found version "3.10.12") found components: Interpreter 
[9.557s] -- Override CMake install command with custom implementation using symlinks instead of copying resources
[9.557s] -- Found hardware_interface: 2.29.0 (/home/lulav/ros2_ws/install/hardware_interface/share/hardware_interface/cmake)
[9.557s] -- Found rosidl_generator_c: 3.1.5 (/opt/ros/humble/share/rosidl_generator_c/cmake)
[9.557s] -- Found rosidl_adapter: 3.1.5 (/opt/ros/humble/share/rosidl_adapter/cmake)
[9.557s] -- Found rosidl_generator_cpp: 3.1.5 (/opt/ros/humble/share/rosidl_generator_cpp/cmake)
[9.558s] -- Using all available rosidl_typesupport_c: rosidl_typesupport_fastrtps_c;rosidl_typesupport_introspection_c
[9.558s] -- Using all available rosidl_typesupport_cpp: rosidl_typesupport_fastrtps_cpp;rosidl_typesupport_introspection_cpp
[9.558s] -- Found rmw_implementation_cmake: 6.1.1 (/opt/ros/humble/share/rmw_implementation_cmake/cmake)
[9.558s] -- Found rmw_fastrtps_cpp: 6.2.3 (/opt/ros/humble/share/rmw_fastrtps_cpp/cmake)
[9.558s] -- Found OpenSSL: /usr/lib/x86_64-linux-gnu/libcrypto.so (found version "3.0.2")  
[9.559s] -- Found FastRTPS: /opt/ros/humble/include  
[9.559s] -- Using RMW implementation 'rmw_fastrtps_cpp' as default
[9.559s] -- Looking for C++ include pthread.h
[9.559s] -- Looking for C++ include pthread.h - found
[9.559s] -- Performing Test CMAKE_HAVE_LIBC_PTHREAD
[9.559s] -- Performing Test CMAKE_HAVE_LIBC_PTHREAD - Success
[9.560s] -- Found Threads: TRUE  
[9.560s] -- Found ament_cmake_gtest: 1.3.5 (/opt/ros/humble/share/ament_cmake_gtest/cmake)
[9.560s] -- Configuring done
[9.560s] -- Generating done
[9.560s] -- Build files have been written to: /home/lulav/ros2_ws/build/ros2_control_demo_mydiffbot
[9.564s] Invoked command in '/home/lulav/ros2_ws/build/ros2_control_demo_mydiffbot' returned '0': AMENT_PREFIX_PATH=/home/lulav/ros2_ws/install/ros2controlcli:/home/lulav/ros2_ws/install/joint_state_broadcaster:/home/lulav/ros2_ws/install/diff_drive_controller:/home/lulav/ros2_ws/install/controller_manager:/home/lulav/ros2_ws/install/controller_interface:/home/lulav/ros2_ws/install/hardware_interface:/home/lulav/ros2_ws/install/ros2_controllers_test_nodes:/home/lulav/ros2_ws/install/ros2_control_test_assets:/home/lulav/ros2_ws/install/realtime_tools:/home/lulav/ros2_ws/install/controller_manager_msgs:/home/lulav/ros2_ws/install/control_msgs:${AMENT_PREFIX_PATH} CMAKE_PREFIX_PATH=/home/lulav/ros2_ws/install/joint_state_broadcaster:/home/lulav/ros2_ws/install/diff_drive_controller:/home/lulav/ros2_ws/install/controller_manager:/home/lulav/ros2_ws/install/controller_interface:/home/lulav/ros2_ws/install/hardware_interface:/home/lulav/ros2_ws/install/ros2_control_test_assets:/home/lulav/ros2_ws/install/realtime_tools:/home/lulav/ros2_ws/install/controller_manager_msgs:/home/lulav/ros2_ws/install/control_msgs:/opt/ros/humble LD_LIBRARY_PATH=/home/lulav/ros2_ws/install/joint_state_broadcaster/lib:/home/lulav/ros2_ws/install/diff_drive_controller/lib:/home/lulav/ros2_ws/install/controller_manager/lib:/home/lulav/ros2_ws/install/controller_interface/lib:/home/lulav/ros2_ws/install/hardware_interface/lib:/home/lulav/ros2_ws/install/realtime_tools/lib:/home/lulav/ros2_ws/install/controller_manager_msgs/lib:/home/lulav/ros2_ws/install/control_msgs/lib:${LD_LIBRARY_PATH} PYTHONPATH=/home/lulav/ros2_ws/build/ros2controlcli:/home/lulav/ros2_ws/install/ros2controlcli/lib/python3.10/site-packages:/home/lulav/ros2_ws/install/controller_manager/local/lib/python3.10/dist-packages:/home/lulav/ros2_ws/build/ros2_controllers_test_nodes:/home/lulav/ros2_ws/install/ros2_controllers_test_nodes/lib/python3.10/site-packages:/home/lulav/ros2_ws/install/controller_manager_msgs/local/lib/python3.10/dist-packages:/home/lulav/ros2_ws/install/control_msgs/local/lib/python3.10/dist-packages:${PYTHONPATH} /usr/bin/cmake /home/lulav/ros2_ws/src/mydiffbot -DAMENT_CMAKE_SYMLINK_INSTALL=1 -DCMAKE_INSTALL_PREFIX=/home/lulav/ros2_ws/install/ros2_control_demo_mydiffbot
[9.565s] Invoking command in '/home/lulav/ros2_ws/build/ros2_control_demo_mydiffbot': AMENT_PREFIX_PATH=/home/lulav/ros2_ws/install/ros2controlcli:/home/lulav/ros2_ws/install/joint_state_broadcaster:/home/lulav/ros2_ws/install/diff_drive_controller:/home/lulav/ros2_ws/install/controller_manager:/home/lulav/ros2_ws/install/controller_interface:/home/lulav/ros2_ws/install/hardware_interface:/home/lulav/ros2_ws/install/ros2_controllers_test_nodes:/home/lulav/ros2_ws/install/ros2_control_test_assets:/home/lulav/ros2_ws/install/realtime_tools:/home/lulav/ros2_ws/install/controller_manager_msgs:/home/lulav/ros2_ws/install/control_msgs:${AMENT_PREFIX_PATH} CMAKE_PREFIX_PATH=/home/lulav/ros2_ws/install/joint_state_broadcaster:/home/lulav/ros2_ws/install/diff_drive_controller:/home/lulav/ros2_ws/install/controller_manager:/home/lulav/ros2_ws/install/controller_interface:/home/lulav/ros2_ws/install/hardware_interface:/home/lulav/ros2_ws/install/ros2_control_test_assets:/home/lulav/ros2_ws/install/realtime_tools:/home/lulav/ros2_ws/install/controller_manager_msgs:/home/lulav/ros2_ws/install/control_msgs:/opt/ros/humble LD_LIBRARY_PATH=/home/lulav/ros2_ws/install/joint_state_broadcaster/lib:/home/lulav/ros2_ws/install/diff_drive_controller/lib:/home/lulav/ros2_ws/install/controller_manager/lib:/home/lulav/ros2_ws/install/controller_interface/lib:/home/lulav/ros2_ws/install/hardware_interface/lib:/home/lulav/ros2_ws/install/realtime_tools/lib:/home/lulav/ros2_ws/install/controller_manager_msgs/lib:/home/lulav/ros2_ws/install/control_msgs/lib:${LD_LIBRARY_PATH} PYTHONPATH=/home/lulav/ros2_ws/build/ros2controlcli:/home/lulav/ros2_ws/install/ros2controlcli/lib/python3.10/site-packages:/home/lulav/ros2_ws/install/controller_manager/local/lib/python3.10/dist-packages:/home/lulav/ros2_ws/build/ros2_controllers_test_nodes:/home/lulav/ros2_ws/install/ros2_controllers_test_nodes/lib/python3.10/site-packages:/home/lulav/ros2_ws/install/controller_manager_msgs/local/lib/python3.10/dist-packages:/home/lulav/ros2_ws/install/control_msgs/local/lib/python3.10/dist-packages:${PYTHONPATH} /usr/bin/cmake --build /home/lulav/ros2_ws/build/ros2_control_demo_mydiffbot -- -j8 -l8
[13.703s] [ 50%] [32mBuilding CXX object CMakeFiles/ros2_control_demo_mydiffbot.dir/hardware/diffbot_system.cpp.o[0m
[19.936s] [100%] [32m[1mLinking CXX shared library libros2_control_demo_mydiffbot.so[0m
[20.426s] [100%] Built target ros2_control_demo_mydiffbot
[20.449s] Invoked command in '/home/lulav/ros2_ws/build/ros2_control_demo_mydiffbot' returned '0': AMENT_PREFIX_PATH=/home/lulav/ros2_ws/install/ros2controlcli:/home/lulav/ros2_ws/install/joint_state_broadcaster:/home/lulav/ros2_ws/install/diff_drive_controller:/home/lulav/ros2_ws/install/controller_manager:/home/lulav/ros2_ws/install/controller_interface:/home/lulav/ros2_ws/install/hardware_interface:/home/lulav/ros2_ws/install/ros2_controllers_test_nodes:/home/lulav/ros2_ws/install/ros2_control_test_assets:/home/lulav/ros2_ws/install/realtime_tools:/home/lulav/ros2_ws/install/controller_manager_msgs:/home/lulav/ros2_ws/install/control_msgs:${AMENT_PREFIX_PATH} CMAKE_PREFIX_PATH=/home/lulav/ros2_ws/install/joint_state_broadcaster:/home/lulav/ros2_ws/install/diff_drive_controller:/home/lulav/ros2_ws/install/controller_manager:/home/lulav/ros2_ws/install/controller_interface:/home/lulav/ros2_ws/install/hardware_interface:/home/lulav/ros2_ws/install/ros2_control_test_assets:/home/lulav/ros2_ws/install/realtime_tools:/home/lulav/ros2_ws/install/controller_manager_msgs:/home/lulav/ros2_ws/install/control_msgs:/opt/ros/humble LD_LIBRARY_PATH=/home/lulav/ros2_ws/install/joint_state_broadcaster/lib:/home/lulav/ros2_ws/install/diff_drive_controller/lib:/home/lulav/ros2_ws/install/controller_manager/lib:/home/lulav/ros2_ws/install/controller_interface/lib:/home/lulav/ros2_ws/install/hardware_interface/lib:/home/lulav/ros2_ws/install/realtime_tools/lib:/home/lulav/ros2_ws/install/controller_manager_msgs/lib:/home/lulav/ros2_ws/install/control_msgs/lib:${LD_LIBRARY_PATH} PYTHONPATH=/home/lulav/ros2_ws/build/ros2controlcli:/home/lulav/ros2_ws/install/ros2controlcli/lib/python3.10/site-packages:/home/lulav/ros2_ws/install/controller_manager/local/lib/python3.10/dist-packages:/home/lulav/ros2_ws/build/ros2_controllers_test_nodes:/home/lulav/ros2_ws/install/ros2_controllers_test_nodes/lib/python3.10/site-packages:/home/lulav/ros2_ws/install/controller_manager_msgs/local/lib/python3.10/dist-packages:/home/lulav/ros2_ws/install/control_msgs/local/lib/python3.10/dist-packages:${PYTHONPATH} /usr/bin/cmake --build /home/lulav/ros2_ws/build/ros2_control_demo_mydiffbot -- -j8 -l8
[20.513s] Invoking command in '/home/lulav/ros2_ws/build/ros2_control_demo_mydiffbot': AMENT_PREFIX_PATH=/home/lulav/ros2_ws/install/ros2controlcli:/home/lulav/ros2_ws/install/joint_state_broadcaster:/home/lulav/ros2_ws/install/diff_drive_controller:/home/lulav/ros2_ws/install/controller_manager:/home/lulav/ros2_ws/install/controller_interface:/home/lulav/ros2_ws/install/hardware_interface:/home/lulav/ros2_ws/install/ros2_controllers_test_nodes:/home/lulav/ros2_ws/install/ros2_control_test_assets:/home/lulav/ros2_ws/install/realtime_tools:/home/lulav/ros2_ws/install/controller_manager_msgs:/home/lulav/ros2_ws/install/control_msgs:${AMENT_PREFIX_PATH} CMAKE_PREFIX_PATH=/home/lulav/ros2_ws/install/joint_state_broadcaster:/home/lulav/ros2_ws/install/diff_drive_controller:/home/lulav/ros2_ws/install/controller_manager:/home/lulav/ros2_ws/install/controller_interface:/home/lulav/ros2_ws/install/hardware_interface:/home/lulav/ros2_ws/install/ros2_control_test_assets:/home/lulav/ros2_ws/install/realtime_tools:/home/lulav/ros2_ws/install/controller_manager_msgs:/home/lulav/ros2_ws/install/control_msgs:/opt/ros/humble LD_LIBRARY_PATH=/home/lulav/ros2_ws/install/joint_state_broadcaster/lib:/home/lulav/ros2_ws/install/diff_drive_controller/lib:/home/lulav/ros2_ws/install/controller_manager/lib:/home/lulav/ros2_ws/install/controller_interface/lib:/home/lulav/ros2_ws/install/hardware_interface/lib:/home/lulav/ros2_ws/install/realtime_tools/lib:/home/lulav/ros2_ws/install/controller_manager_msgs/lib:/home/lulav/ros2_ws/install/control_msgs/lib:${LD_LIBRARY_PATH} PYTHONPATH=/home/lulav/ros2_ws/build/ros2controlcli:/home/lulav/ros2_ws/install/ros2controlcli/lib/python3.10/site-packages:/home/lulav/ros2_ws/install/controller_manager/local/lib/python3.10/dist-packages:/home/lulav/ros2_ws/build/ros2_controllers_test_nodes:/home/lulav/ros2_ws/install/ros2_controllers_test_nodes/lib/python3.10/site-packages:/home/lulav/ros2_ws/install/controller_manager_msgs/local/lib/python3.10/dist-packages:/home/lulav/ros2_ws/install/control_msgs/local/lib/python3.10/dist-packages:${PYTHONPATH} /usr/bin/cmake --install /home/lulav/ros2_ws/build/ros2_control_demo_mydiffbot
[42.419s] -- Install configuration: ""
[42.419s] -- Execute custom install script
[42.419s] -- Symlinking: /home/lulav/ros2_ws/install/ros2_control_demo_mydiffbot/share/ros2_control_demo_mydiffbot//ros2_control_demo_mydiffbot.xml
[42.420s] -- Symlinking: /home/lulav/ros2_ws/install/ros2_control_demo_mydiffbot/include/ros2_control_demo_mydiffbot/ros2_control_demo_mydiffbot/diffbot_system.hpp
[42.420s] -- Symlinking: /home/lulav/ros2_ws/install/ros2_control_demo_mydiffbot/include/ros2_control_demo_mydiffbot/ros2_control_demo_mydiffbot/visibility_control.h
[42.420s] -- Symlinking: /home/lulav/ros2_ws/install/ros2_control_demo_mydiffbot/share/ros2_control_demo_mydiffbot/launch/view_robot.launch.py
[42.420s] -- Symlinking: /home/lulav/ros2_ws/install/ros2_control_demo_mydiffbot/share/ros2_control_demo_mydiffbot/ros2_control/diffbot.ros2_control.xacro
[42.420s] -- Symlinking: /home/lulav/ros2_ws/install/ros2_control_demo_mydiffbot/share/ros2_control_demo_mydiffbot/urdf/diffbot.materials.xacro
[42.421s] -- Symlinking: /home/lulav/ros2_ws/install/ros2_control_demo_mydiffbot/share/ros2_control_demo_mydiffbot/urdf/diffbot.urdf.xacro
[42.421s] -- Symlinking: /home/lulav/ros2_ws/install/ros2_control_demo_mydiffbot/share/ros2_control_demo_mydiffbot/urdf/diffbot_description.urdf.xacro
[42.421s] -- Symlinking: /home/lulav/ros2_ws/install/ros2_control_demo_mydiffbot/share/ros2_control_demo_mydiffbot/rviz/diffbot.rviz
[42.421s] -- Symlinking: /home/lulav/ros2_ws/install/ros2_control_demo_mydiffbot/share/ros2_control_demo_mydiffbot/rviz/diffbot_view.rviz
[42.421s] -- Symlinking: /home/lulav/ros2_ws/install/ros2_control_demo_mydiffbot/share/ros2_control_demo_mydiffbot/launch/diffbot.launch.py
[42.422s] -- Symlinking: /home/lulav/ros2_ws/install/ros2_control_demo_mydiffbot/share/ros2_control_demo_mydiffbot/config/diffbot_controllers.yaml
[42.422s] -- Symlinking: /home/lulav/ros2_ws/install/ros2_control_demo_mydiffbot/share/ros2_control_demo_mydiffbot/environment/library_path.sh
[42.422s] -- Symlinking: /home/lulav/ros2_ws/install/ros2_control_demo_mydiffbot/share/ros2_control_demo_mydiffbot/environment/library_path.dsv
[42.423s] -- Symlinking: /home/lulav/ros2_ws/install/ros2_control_demo_mydiffbot/share/ament_index/resource_index/package_run_dependencies/ros2_control_demo_mydiffbot
[42.423s] -- Symlinking: /home/lulav/ros2_ws/install/ros2_control_demo_mydiffbot/share/ament_index/resource_index/parent_prefix_path/ros2_control_demo_mydiffbot
[42.423s] -- Symlinking: /home/lulav/ros2_ws/install/ros2_control_demo_mydiffbot/share/ros2_control_demo_mydiffbot/environment/ament_prefix_path.sh
[42.423s] -- Symlinking: /home/lulav/ros2_ws/install/ros2_control_demo_mydiffbot/share/ros2_control_demo_mydiffbot/environment/ament_prefix_path.dsv
[42.423s] -- Symlinking: /home/lulav/ros2_ws/install/ros2_control_demo_mydiffbot/share/ros2_control_demo_mydiffbot/environment/path.sh
[42.424s] -- Symlinking: /home/lulav/ros2_ws/install/ros2_control_demo_mydiffbot/share/ros2_control_demo_mydiffbot/environment/path.dsv
[42.424s] -- Symlinking: /home/lulav/ros2_ws/install/ros2_control_demo_mydiffbot/share/ros2_control_demo_mydiffbot/local_setup.bash
[42.424s] -- Symlinking: /home/lulav/ros2_ws/install/ros2_control_demo_mydiffbot/share/ros2_control_demo_mydiffbot/local_setup.sh
[42.424s] -- Symlinking: /home/lulav/ros2_ws/install/ros2_control_demo_mydiffbot/share/ros2_control_demo_mydiffbot/local_setup.zsh
[42.424s] -- Symlinking: /home/lulav/ros2_ws/install/ros2_control_demo_mydiffbot/share/ros2_control_demo_mydiffbot/local_setup.dsv
[42.424s] -- Symlinking: /home/lulav/ros2_ws/install/ros2_control_demo_mydiffbot/share/ros2_control_demo_mydiffbot/package.dsv
[42.425s] -- Symlinking: /home/lulav/ros2_ws/install/ros2_control_demo_mydiffbot/share/ament_index/resource_index/packages/ros2_control_demo_mydiffbot
[42.425s] -- Symlinking: /home/lulav/ros2_ws/install/ros2_control_demo_mydiffbot/share/ament_index/resource_index/hardware_interface__pluginlib__plugin/ros2_control_demo_mydiffbot
[42.425s] -- Symlinking: /home/lulav/ros2_ws/install/ros2_control_demo_mydiffbot/share/ros2_control_demo_mydiffbot/cmake/ament_cmake_export_targets-extras.cmake
[42.425s] -- Symlinking: /home/lulav/ros2_ws/install/ros2_control_demo_mydiffbot/share/ros2_control_demo_mydiffbot/cmake/ament_cmake_export_dependencies-extras.cmake
[42.426s] -- Symlinking: /home/lulav/ros2_ws/install/ros2_control_demo_mydiffbot/share/ros2_control_demo_mydiffbot/cmake/ros2_control_demo_mydiffbotConfig.cmake
[42.426s] -- Symlinking: /home/lulav/ros2_ws/install/ros2_control_demo_mydiffbot/share/ros2_control_demo_mydiffbot/cmake/ros2_control_demo_mydiffbotConfig-version.cmake
[42.446s] -- Symlinking: /home/lulav/ros2_ws/install/ros2_control_demo_mydiffbot/share/ros2_control_demo_mydiffbot/package.xml
[42.449s] -- Installing: /home/lulav/ros2_ws/install/ros2_control_demo_mydiffbot/lib/libros2_control_demo_mydiffbot.so
[42.449s] -- Set runtime path of "/home/lulav/ros2_ws/install/ros2_control_demo_mydiffbot/lib/libros2_control_demo_mydiffbot.so" to ""
[42.449s] -- Installing: /home/lulav/ros2_ws/install/ros2_control_demo_mydiffbot/share/ros2_control_demo_mydiffbot/cmake/export_ros2_control_demo_mydiffbotExport.cmake
[42.449s] -- Installing: /home/lulav/ros2_ws/install/ros2_control_demo_mydiffbot/share/ros2_control_demo_mydiffbot/cmake/export_ros2_control_demo_mydiffbotExport-noconfig.cmake
[42.468s] Invoked command in '/home/lulav/ros2_ws/build/ros2_control_demo_mydiffbot' returned '0': AMENT_PREFIX_PATH=/home/lulav/ros2_ws/install/ros2controlcli:/home/lulav/ros2_ws/install/joint_state_broadcaster:/home/lulav/ros2_ws/install/diff_drive_controller:/home/lulav/ros2_ws/install/controller_manager:/home/lulav/ros2_ws/install/controller_interface:/home/lulav/ros2_ws/install/hardware_interface:/home/lulav/ros2_ws/install/ros2_controllers_test_nodes:/home/lulav/ros2_ws/install/ros2_control_test_assets:/home/lulav/ros2_ws/install/realtime_tools:/home/lulav/ros2_ws/install/controller_manager_msgs:/home/lulav/ros2_ws/install/control_msgs:${AMENT_PREFIX_PATH} CMAKE_PREFIX_PATH=/home/lulav/ros2_ws/install/joint_state_broadcaster:/home/lulav/ros2_ws/install/diff_drive_controller:/home/lulav/ros2_ws/install/controller_manager:/home/lulav/ros2_ws/install/controller_interface:/home/lulav/ros2_ws/install/hardware_interface:/home/lulav/ros2_ws/install/ros2_control_test_assets:/home/lulav/ros2_ws/install/realtime_tools:/home/lulav/ros2_ws/install/controller_manager_msgs:/home/lulav/ros2_ws/install/control_msgs:/opt/ros/humble LD_LIBRARY_PATH=/home/lulav/ros2_ws/install/joint_state_broadcaster/lib:/home/lulav/ros2_ws/install/diff_drive_controller/lib:/home/lulav/ros2_ws/install/controller_manager/lib:/home/lulav/ros2_ws/install/controller_interface/lib:/home/lulav/ros2_ws/install/hardware_interface/lib:/home/lulav/ros2_ws/install/realtime_tools/lib:/home/lulav/ros2_ws/install/controller_manager_msgs/lib:/home/lulav/ros2_ws/install/control_msgs/lib:${LD_LIBRARY_PATH} PYTHONPATH=/home/lulav/ros2_ws/build/ros2controlcli:/home/lulav/ros2_ws/install/ros2controlcli/lib/python3.10/site-packages:/home/lulav/ros2_ws/install/controller_manager/local/lib/python3.10/dist-packages:/home/lulav/ros2_ws/build/ros2_controllers_test_nodes:/home/lulav/ros2_ws/install/ros2_controllers_test_nodes/lib/python3.10/site-packages:/home/lulav/ros2_ws/install/controller_manager_msgs/local/lib/python3.10/dist-packages:/home/lulav/ros2_ws/install/control_msgs/local/lib/python3.10/dist-packages:${PYTHONPATH} /usr/bin/cmake --install /home/lulav/ros2_ws/build/ros2_control_demo_mydiffbot
