[0.055s] Invoking command in '/workspaces/diffbot/ros2_ws/build/controller_manager': AMENT_PREFIX_PATH=/workspaces/diffbot/ros2_ws/install/ros2_control_test_assets:/workspaces/diffbot/ros2_ws/install/realtime_tools:/workspaces/diffbot/ros2_ws/install/controller_manager_msgs:/workspaces/diffbot/ros2_ws/install/control_msgs:${AMENT_PREFIX_PATH} CMAKE_PREFIX_PATH=/workspaces/diffbot/ros2_ws/install/controller_interface:/workspaces/diffbot/ros2_ws/install/hardware_interface:/workspaces/diffbot/ros2_ws/install/ros2_control_test_assets:/workspaces/diffbot/ros2_ws/install/realtime_tools:/workspaces/diffbot/ros2_ws/install/controller_manager_msgs:/workspaces/diffbot/ros2_ws/install/control_msgs:/workspaces/diffbot/ros2_ws/install/gazebo_ros2_control_demos:/workspaces/diffbot/ros2_ws/install/ros2_control:/workspaces/diffbot/ros2_ws/install/transmission_interface:/workspaces/diffbot/ros2_ws/install/ros2_controllers:/workspaces/diffbot/ros2_ws/install/steering_controllers_library:/workspaces/diffbot/ros2_ws/install/ros2_control_demos:/workspaces/diffbot/ros2_ws/install/ros2_control_demo_example_2:/workspaces/diffbot/ros2_ws/install/gazebo_ros2_control:/workspaces/diffbot/ros2_ws/install/diffbot_bringup:/workspaces/diffbot/ros2_ws/install/controller_manager:/workspaces/diffbot/ros2_ws/install/ros2_control_demo_description:/workspaces/diffbot/ros2_ws/install/joint_state_broadcaster:/workspaces/diffbot/ros2_ws/install/diff_drive_controller:/workspaces/diffbot/ros2_ws/install/position_controllers:/workspaces/diffbot/ros2_ws/install/joint_limits:/workspaces/diffbot/ros2_ws/install/rqt_controller_manager:/workspaces/diffbot/ros2_ws/install/ros2controlcli:/workspaces/diffbot/ros2_ws/install/ros2_controllers_test_nodes:/workspaces/diffbot/ros2_ws/install/controller:/opt/ros/humble LD_LIBRARY_PATH=/workspaces/diffbot/ros2_ws/install/controller_interface/lib:/workspaces/diffbot/ros2_ws/install/hardware_interface/lib:/workspaces/diffbot/ros2_ws/install/realtime_tools/lib:/workspaces/diffbot/ros2_ws/install/controller_manager_msgs/lib:/workspaces/diffbot/ros2_ws/install/control_msgs/lib:/workspaces/diffbot/ros2_ws/install/transmission_interface/lib:/workspaces/diffbot/ros2_ws/install/steering_controllers_library/lib:/workspaces/diffbot/ros2_ws/install/ros2_control_demo_example_2/lib:/workspaces/diffbot/ros2_ws/install/gazebo_ros2_control/lib:/workspaces/diffbot/ros2_ws/install/controller_manager/lib:/workspaces/diffbot/ros2_ws/install/joint_state_broadcaster/lib:/workspaces/diffbot/ros2_ws/install/diff_drive_controller/lib:/workspaces/diffbot/ros2_ws/install/position_controllers/lib:/opt/ros/humble/opt/rviz_ogre_vendor/lib:/opt/ros/humble/lib/x86_64-linux-gnu:/opt/ros/humble/lib PYTHONPATH=/workspaces/diffbot/ros2_ws/install/controller_manager_msgs/local/lib/python3.10/dist-packages:/workspaces/diffbot/ros2_ws/install/control_msgs/local/lib/python3.10/dist-packages:${PYTHONPATH} /usr/bin/cmake /workspaces/diffbot/ros2_ws/src/ros2_control/controller_manager -DCMAKE_INSTALL_PREFIX=/workspaces/diffbot/ros2_ws/install/controller_manager
[0.176s] -- The C compiler identification is GNU 11.4.0
[0.308s] -- The CXX compiler identification is GNU 11.4.0
[0.327s] -- Detecting C compiler ABI info
[0.501s] -- Detecting C compiler ABI info - done
[0.527s] -- Check for working C compiler: /usr/bin/cc - skipped
[0.527s] -- Detecting C compile features
[0.529s] -- Detecting C compile features - done
[0.538s] -- Detecting CXX compiler ABI info
[0.737s] -- Detecting CXX compiler ABI info - done
[0.759s] -- Check for working CXX compiler: /usr/bin/c++ - skipped
[0.766s] -- Detecting CXX compile features
[0.766s] -- Detecting CXX compile features - done
[0.772s] -- Found ament_cmake: 1.3.5 (/opt/ros/humble/share/ament_cmake/cmake)
[1.175s] -- Found Python3: /usr/bin/python3.10 (found version "3.10.12") found components: Interpreter 
[1.455s] -- Found backward_ros: 1.0.2 (/opt/ros/humble/share/backward_ros/cmake)
[1.477s] -- Found libdw: /usr/lib/x86_64-linux-gnu/libdw.so  
[1.491s] -- Could NOT find libbfd (missing: LIBBFD_LIBRARY LIBBFD_INCLUDE_DIR) 
[1.492s] -- BACKWARD_HAS_UNWIND=1
[1.492s] -- BACKWARD_HAS_BACKTRACE=0
[1.493s] -- BACKWARD_HAS_BACKTRACE_SYMBOL=0
[1.493s] -- BACKWARD_HAS_DW=1
[1.493s] -- BACKWARD_HAS_BFD=0
[1.495s] -- Found Backward: /opt/ros/humble/share/backward_ros/cmake  
[1.502s] -- Found ament_index_cpp: 1.4.0 (/opt/ros/humble/share/ament_index_cpp/cmake)
[1.505s] -- Found controller_interface: 2.30.0 (/workspaces/diffbot/ros2_ws/install/controller_interface/share/controller_interface/cmake)
[1.617s] -- Found rosidl_generator_c: 3.1.5 (/opt/ros/humble/share/rosidl_generator_c/cmake)
[1.633s] -- Found rosidl_adapter: 3.1.5 (/opt/ros/humble/share/rosidl_adapter/cmake)
[1.663s] -- Found rosidl_generator_cpp: 3.1.5 (/opt/ros/humble/share/rosidl_generator_cpp/cmake)
[1.710s] -- Using all available rosidl_typesupport_c: rosidl_typesupport_fastrtps_c;rosidl_typesupport_introspection_c
[1.773s] -- Using all available rosidl_typesupport_cpp: rosidl_typesupport_fastrtps_cpp;rosidl_typesupport_introspection_cpp
[4.055s] -- Found rmw_implementation_cmake: 6.1.1 (/opt/ros/humble/share/rmw_implementation_cmake/cmake)
[4.067s] -- Found rmw_fastrtps_cpp: 6.2.3 (/opt/ros/humble/share/rmw_fastrtps_cpp/cmake)
[4.407s] -- Found OpenSSL: /usr/lib/x86_64-linux-gnu/libcrypto.so (found version "3.0.2")  
[4.480s] -- Found FastRTPS: /opt/ros/humble/include  
[4.637s] -- Using RMW implementation 'rmw_fastrtps_cpp' as default
[4.668s] -- Looking for pthread.h
[4.956s] -- Looking for pthread.h - found
[4.956s] -- Performing Test CMAKE_HAVE_LIBC_PTHREAD
[5.287s] -- Performing Test CMAKE_HAVE_LIBC_PTHREAD - Success
[5.293s] -- Found Threads: TRUE  
[6.065s] -- Found controller_manager_msgs: 2.30.0 (/workspaces/diffbot/ros2_ws/install/controller_manager_msgs/share/controller_manager_msgs/cmake)
[6.209s] -- Found realtime_tools: 2.5.0 (/workspaces/diffbot/ros2_ws/install/realtime_tools/share/realtime_tools/cmake)
[7.477s] -- Found ament_cmake_gmock: 1.3.5 (/opt/ros/humble/share/ament_cmake_gmock/cmake)
[7.477s] -- Found ros2_control_test_assets: 2.30.0 (/workspaces/diffbot/ros2_ws/install/ros2_control_test_assets/share/ros2_control_test_assets/cmake)
[7.484s] -- Found gmock sources under '/opt/ros/humble/src/gmock_vendor': C++ tests using 'Google Mock' will be built
[7.495s] -- Found ament_cmake_gtest: 1.3.5 (/opt/ros/humble/share/ament_cmake_gtest/cmake)
[7.497s] -- Found gtest sources under '/opt/ros/humble/src/gtest_vendor': C++ tests using 'Google Test' will be built
[7.849s] -- Configuring done
[8.444s] -- Generating done
[8.452s] -- Build files have been written to: /workspaces/diffbot/ros2_ws/build/controller_manager
[8.483s] Invoked command in '/workspaces/diffbot/ros2_ws/build/controller_manager' returned '0': AMENT_PREFIX_PATH=/workspaces/diffbot/ros2_ws/install/ros2_control_test_assets:/workspaces/diffbot/ros2_ws/install/realtime_tools:/workspaces/diffbot/ros2_ws/install/controller_manager_msgs:/workspaces/diffbot/ros2_ws/install/control_msgs:${AMENT_PREFIX_PATH} CMAKE_PREFIX_PATH=/workspaces/diffbot/ros2_ws/install/controller_interface:/workspaces/diffbot/ros2_ws/install/hardware_interface:/workspaces/diffbot/ros2_ws/install/ros2_control_test_assets:/workspaces/diffbot/ros2_ws/install/realtime_tools:/workspaces/diffbot/ros2_ws/install/controller_manager_msgs:/workspaces/diffbot/ros2_ws/install/control_msgs:/workspaces/diffbot/ros2_ws/install/gazebo_ros2_control_demos:/workspaces/diffbot/ros2_ws/install/ros2_control:/workspaces/diffbot/ros2_ws/install/transmission_interface:/workspaces/diffbot/ros2_ws/install/ros2_controllers:/workspaces/diffbot/ros2_ws/install/steering_controllers_library:/workspaces/diffbot/ros2_ws/install/ros2_control_demos:/workspaces/diffbot/ros2_ws/install/ros2_control_demo_example_2:/workspaces/diffbot/ros2_ws/install/gazebo_ros2_control:/workspaces/diffbot/ros2_ws/install/diffbot_bringup:/workspaces/diffbot/ros2_ws/install/controller_manager:/workspaces/diffbot/ros2_ws/install/ros2_control_demo_description:/workspaces/diffbot/ros2_ws/install/joint_state_broadcaster:/workspaces/diffbot/ros2_ws/install/diff_drive_controller:/workspaces/diffbot/ros2_ws/install/position_controllers:/workspaces/diffbot/ros2_ws/install/joint_limits:/workspaces/diffbot/ros2_ws/install/rqt_controller_manager:/workspaces/diffbot/ros2_ws/install/ros2controlcli:/workspaces/diffbot/ros2_ws/install/ros2_controllers_test_nodes:/workspaces/diffbot/ros2_ws/install/controller:/opt/ros/humble LD_LIBRARY_PATH=/workspaces/diffbot/ros2_ws/install/controller_interface/lib:/workspaces/diffbot/ros2_ws/install/hardware_interface/lib:/workspaces/diffbot/ros2_ws/install/realtime_tools/lib:/workspaces/diffbot/ros2_ws/install/controller_manager_msgs/lib:/workspaces/diffbot/ros2_ws/install/control_msgs/lib:/workspaces/diffbot/ros2_ws/install/transmission_interface/lib:/workspaces/diffbot/ros2_ws/install/steering_controllers_library/lib:/workspaces/diffbot/ros2_ws/install/ros2_control_demo_example_2/lib:/workspaces/diffbot/ros2_ws/install/gazebo_ros2_control/lib:/workspaces/diffbot/ros2_ws/install/controller_manager/lib:/workspaces/diffbot/ros2_ws/install/joint_state_broadcaster/lib:/workspaces/diffbot/ros2_ws/install/diff_drive_controller/lib:/workspaces/diffbot/ros2_ws/install/position_controllers/lib:/opt/ros/humble/opt/rviz_ogre_vendor/lib:/opt/ros/humble/lib/x86_64-linux-gnu:/opt/ros/humble/lib PYTHONPATH=/workspaces/diffbot/ros2_ws/install/controller_manager_msgs/local/lib/python3.10/dist-packages:/workspaces/diffbot/ros2_ws/install/control_msgs/local/lib/python3.10/dist-packages:${PYTHONPATH} /usr/bin/cmake /workspaces/diffbot/ros2_ws/src/ros2_control/controller_manager -DCMAKE_INSTALL_PREFIX=/workspaces/diffbot/ros2_ws/install/controller_manager
[8.484s] Invoking command in '/workspaces/diffbot/ros2_ws/build/controller_manager': AMENT_PREFIX_PATH=/workspaces/diffbot/ros2_ws/install/ros2_control_test_assets:/workspaces/diffbot/ros2_ws/install/realtime_tools:/workspaces/diffbot/ros2_ws/install/controller_manager_msgs:/workspaces/diffbot/ros2_ws/install/control_msgs:${AMENT_PREFIX_PATH} CMAKE_PREFIX_PATH=/workspaces/diffbot/ros2_ws/install/controller_interface:/workspaces/diffbot/ros2_ws/install/hardware_interface:/workspaces/diffbot/ros2_ws/install/ros2_control_test_assets:/workspaces/diffbot/ros2_ws/install/realtime_tools:/workspaces/diffbot/ros2_ws/install/controller_manager_msgs:/workspaces/diffbot/ros2_ws/install/control_msgs:/workspaces/diffbot/ros2_ws/install/gazebo_ros2_control_demos:/workspaces/diffbot/ros2_ws/install/ros2_control:/workspaces/diffbot/ros2_ws/install/transmission_interface:/workspaces/diffbot/ros2_ws/install/ros2_controllers:/workspaces/diffbot/ros2_ws/install/steering_controllers_library:/workspaces/diffbot/ros2_ws/install/ros2_control_demos:/workspaces/diffbot/ros2_ws/install/ros2_control_demo_example_2:/workspaces/diffbot/ros2_ws/install/gazebo_ros2_control:/workspaces/diffbot/ros2_ws/install/diffbot_bringup:/workspaces/diffbot/ros2_ws/install/controller_manager:/workspaces/diffbot/ros2_ws/install/ros2_control_demo_description:/workspaces/diffbot/ros2_ws/install/joint_state_broadcaster:/workspaces/diffbot/ros2_ws/install/diff_drive_controller:/workspaces/diffbot/ros2_ws/install/position_controllers:/workspaces/diffbot/ros2_ws/install/joint_limits:/workspaces/diffbot/ros2_ws/install/rqt_controller_manager:/workspaces/diffbot/ros2_ws/install/ros2controlcli:/workspaces/diffbot/ros2_ws/install/ros2_controllers_test_nodes:/workspaces/diffbot/ros2_ws/install/controller:/opt/ros/humble LD_LIBRARY_PATH=/workspaces/diffbot/ros2_ws/install/controller_interface/lib:/workspaces/diffbot/ros2_ws/install/hardware_interface/lib:/workspaces/diffbot/ros2_ws/install/realtime_tools/lib:/workspaces/diffbot/ros2_ws/install/controller_manager_msgs/lib:/workspaces/diffbot/ros2_ws/install/control_msgs/lib:/workspaces/diffbot/ros2_ws/install/transmission_interface/lib:/workspaces/diffbot/ros2_ws/install/steering_controllers_library/lib:/workspaces/diffbot/ros2_ws/install/ros2_control_demo_example_2/lib:/workspaces/diffbot/ros2_ws/install/gazebo_ros2_control/lib:/workspaces/diffbot/ros2_ws/install/controller_manager/lib:/workspaces/diffbot/ros2_ws/install/joint_state_broadcaster/lib:/workspaces/diffbot/ros2_ws/install/diff_drive_controller/lib:/workspaces/diffbot/ros2_ws/install/position_controllers/lib:/opt/ros/humble/opt/rviz_ogre_vendor/lib:/opt/ros/humble/lib/x86_64-linux-gnu:/opt/ros/humble/lib PYTHONPATH=/workspaces/diffbot/ros2_ws/install/controller_manager_msgs/local/lib/python3.10/dist-packages:/workspaces/diffbot/ros2_ws/install/control_msgs/local/lib/python3.10/dist-packages:${PYTHONPATH} /usr/bin/cmake --build /workspaces/diffbot/ros2_ws/build/controller_manager -- -j8 -l8
[8.612s] [  3%] [32mBuilding CXX object CMakeFiles/controller_manager.dir/src/controller_manager.cpp.o[0m
[36.472s] [  6%] [32m[1mLinking CXX shared library libcontroller_manager.so[0m
[38.434s] [  6%] Built target controller_manager
[38.513s] [  9%] [32mBuilding CXX object gmock/CMakeFiles/gmock_main.dir/src/gmock_main.cc.o[0m
[38.525s] [  9%] Built target ament_cmake_python_copy_controller_manager
[38.529s] [  9%] Built target ament_cmake_python_copy_controller_manager_setup
[38.532s] [ 12%] [32mBuilding CXX object gmock/CMakeFiles/gmock.dir/opt/ros/humble/src/gtest_vendor/src/gtest-all.cc.o[0m
[38.552s] [ 15%] [32mBuilding CXX object gmock/CMakeFiles/gmock.dir/src/gmock-all.cc.o[0m
[38.600s] [ 18%] [32mBuilding CXX object CMakeFiles/test_chainable_controller.dir/test/test_chainable_controller/test_chainable_controller.cpp.o[0m
[38.621s] [ 21%] [32mBuilding CXX object CMakeFiles/test_controller_failed_init.dir/test/test_controller_failed_init/test_controller_failed_init.cpp.o[0m
[39.697s] [ 24%] [32mBuilding CXX object CMakeFiles/test_controller_with_interfaces.dir/test/test_controller_with_interfaces/test_controller_with_interfaces.cpp.o[0m
[39.740s] [ 27%] [32mBuilding CXX object CMakeFiles/test_controller.dir/test/test_controller/test_controller.cpp.o[0m
[40.858s] [ 30%] [32mBuilding CXX object CMakeFiles/ros2_control_node.dir/src/ros2_control_node.cpp.o[0m
[42.484s] [ 33%] [32m[1mLinking CXX static library libgmock_main.a[0m
[42.764s] [ 33%] Built target gmock_main
[44.135s] running egg_info
[44.142s] creating controller_manager.egg-info
[44.143s] writing controller_manager.egg-info/PKG-INFO
[44.144s] writing dependency_links to controller_manager.egg-info/dependency_links.txt
[44.148s] writing entry points to controller_manager.egg-info/entry_points.txt
[44.149s] writing top-level names to controller_manager.egg-info/top_level.txt
[44.150s] writing manifest file 'controller_manager.egg-info/SOURCES.txt'
[44.163s] reading manifest file 'controller_manager.egg-info/SOURCES.txt'
[44.166s] writing manifest file 'controller_manager.egg-info/SOURCES.txt'
[44.325s] [ 33%] Built target ament_cmake_python_build_controller_manager_egg
[49.712s] [ 36%] [32m[1mLinking CXX static library libgmock.a[0m
[50.046s] [ 36%] Built target gmock
[50.623s] [ 39%] [32m[1mLinking CXX shared library libtest_controller.so[0m
[51.071s] [ 39%] Built target test_controller
[51.245s] [ 42%] [32m[1mLinking CXX shared library libtest_controller_failed_init.so[0m
[51.684s] [ 42%] Built target test_controller_failed_init
[52.729s] [ 45%] [32m[1mLinking CXX shared library libtest_controller_with_interfaces.so[0m
[52.966s] [ 48%] [32m[1mLinking CXX executable ros2_control_node[0m
[53.074s] [ 48%] Built target test_controller_with_interfaces
[54.041s] [ 48%] Built target ros2_control_node
[61.171s] [ 51%] [32m[1mLinking CXX shared library libtest_chainable_controller.so[0m
[62.325s] [ 51%] Built target test_chainable_controller
[62.369s] [ 54%] [32mBuilding CXX object CMakeFiles/test_release_interfaces.dir/test/test_release_interfaces.cpp.o[0m
[68.396s] [ 57%] [32mBuilding CXX object CMakeFiles/test_controllers_chaining_with_controller_manager.dir/test/test_controllers_chaining_with_controller_manager.cpp.o[0m
[69.430s] [ 60%] [32mBuilding CXX object CMakeFiles/test_load_controller.dir/test/test_load_controller.cpp.o[0m
[70.468s] [ 63%] [32mBuilding CXX object CMakeFiles/test_hardware_management_srvs.dir/test/test_hardware_management_srvs.cpp.o[0m
[71.560s] [ 66%] [32mBuilding CXX object CMakeFiles/test_spawner_unspawner.dir/test/test_spawner_unspawner.cpp.o[0m
[72.600s] [ 69%] [32mBuilding CXX object CMakeFiles/test_controller_manager_with_namespace.cpp.dir/test/test_controller_manager_with_namespace.cpp.o[0m
[76.521s] [ 72%] [32m[1mLinking CXX executable test_release_interfaces[0m
[79.098s] [ 72%] Built target test_release_interfaces
[87.876s] [ 75%] [32m[1mLinking CXX executable test_controllers_chaining_with_controller_manager[0m
[89.746s] [ 78%] [32m[1mLinking CXX executable test_spawner_unspawner[0m
[90.772s] [ 78%] Built target test_controllers_chaining_with_controller_manager
[91.251s] [ 81%] [32m[1mLinking CXX executable test_controller_manager_with_namespace.cpp[0m
[91.601s] [ 84%] [32m[1mLinking CXX executable test_load_controller[0m
[91.775s] [ 84%] Built target test_spawner_unspawner
[92.233s] [ 87%] [32m[1mLinking CXX executable test_hardware_management_srvs[0m
[93.512s] [ 87%] Built target test_controller_manager_with_namespace.cpp
[94.081s] [ 87%] Built target test_load_controller
[94.563s] [ 87%] Built target test_hardware_management_srvs
[94.606s] [ 90%] [32mBuilding CXX object CMakeFiles/test_controller_manager_srvs.dir/test/test_controller_manager_srvs.cpp.o[0m
[115.834s] [ 93%] [32m[1mLinking CXX executable test_controller_manager_srvs[0m
[118.295s] [ 93%] Built target test_controller_manager_srvs
[118.346s] [ 96%] [32mBuilding CXX object CMakeFiles/test_controller_manager.dir/test/test_controller_manager.cpp.o[0m
[132.347s] [100%] [32m[1mLinking CXX executable test_controller_manager[0m
[134.093s] [100%] Built target test_controller_manager
[134.515s] running install_scripts
[134.520s] /usr/lib/python3/dist-packages/setuptools/command/install.py:34: SetuptoolsDeprecationWarning: setup.py install is deprecated. Use build and pip and other standards-based tools.
[134.520s]   warnings.warn(
[134.570s] running egg_info
[134.571s] writing controller_manager.egg-info/PKG-INFO
[134.571s] writing dependency_links to controller_manager.egg-info/dependency_links.txt
[134.572s] writing entry points to controller_manager.egg-info/entry_points.txt
[134.572s] writing top-level names to controller_manager.egg-info/top_level.txt
[134.576s] reading manifest file 'controller_manager.egg-info/SOURCES.txt'
[134.577s] writing manifest file 'controller_manager.egg-info/SOURCES.txt'
[134.580s] Installing spawner script to scripts
[134.580s] Installing unspawner script to scripts
[134.637s] [100%] Built target ament_cmake_python_build_controller_manager_scripts
[134.662s] Invoked command in '/workspaces/diffbot/ros2_ws/build/controller_manager' returned '0': AMENT_PREFIX_PATH=/workspaces/diffbot/ros2_ws/install/ros2_control_test_assets:/workspaces/diffbot/ros2_ws/install/realtime_tools:/workspaces/diffbot/ros2_ws/install/controller_manager_msgs:/workspaces/diffbot/ros2_ws/install/control_msgs:${AMENT_PREFIX_PATH} CMAKE_PREFIX_PATH=/workspaces/diffbot/ros2_ws/install/controller_interface:/workspaces/diffbot/ros2_ws/install/hardware_interface:/workspaces/diffbot/ros2_ws/install/ros2_control_test_assets:/workspaces/diffbot/ros2_ws/install/realtime_tools:/workspaces/diffbot/ros2_ws/install/controller_manager_msgs:/workspaces/diffbot/ros2_ws/install/control_msgs:/workspaces/diffbot/ros2_ws/install/gazebo_ros2_control_demos:/workspaces/diffbot/ros2_ws/install/ros2_control:/workspaces/diffbot/ros2_ws/install/transmission_interface:/workspaces/diffbot/ros2_ws/install/ros2_controllers:/workspaces/diffbot/ros2_ws/install/steering_controllers_library:/workspaces/diffbot/ros2_ws/install/ros2_control_demos:/workspaces/diffbot/ros2_ws/install/ros2_control_demo_example_2:/workspaces/diffbot/ros2_ws/install/gazebo_ros2_control:/workspaces/diffbot/ros2_ws/install/diffbot_bringup:/workspaces/diffbot/ros2_ws/install/controller_manager:/workspaces/diffbot/ros2_ws/install/ros2_control_demo_description:/workspaces/diffbot/ros2_ws/install/joint_state_broadcaster:/workspaces/diffbot/ros2_ws/install/diff_drive_controller:/workspaces/diffbot/ros2_ws/install/position_controllers:/workspaces/diffbot/ros2_ws/install/joint_limits:/workspaces/diffbot/ros2_ws/install/rqt_controller_manager:/workspaces/diffbot/ros2_ws/install/ros2controlcli:/workspaces/diffbot/ros2_ws/install/ros2_controllers_test_nodes:/workspaces/diffbot/ros2_ws/install/controller:/opt/ros/humble LD_LIBRARY_PATH=/workspaces/diffbot/ros2_ws/install/controller_interface/lib:/workspaces/diffbot/ros2_ws/install/hardware_interface/lib:/workspaces/diffbot/ros2_ws/install/realtime_tools/lib:/workspaces/diffbot/ros2_ws/install/controller_manager_msgs/lib:/workspaces/diffbot/ros2_ws/install/control_msgs/lib:/workspaces/diffbot/ros2_ws/install/transmission_interface/lib:/workspaces/diffbot/ros2_ws/install/steering_controllers_library/lib:/workspaces/diffbot/ros2_ws/install/ros2_control_demo_example_2/lib:/workspaces/diffbot/ros2_ws/install/gazebo_ros2_control/lib:/workspaces/diffbot/ros2_ws/install/controller_manager/lib:/workspaces/diffbot/ros2_ws/install/joint_state_broadcaster/lib:/workspaces/diffbot/ros2_ws/install/diff_drive_controller/lib:/workspaces/diffbot/ros2_ws/install/position_controllers/lib:/opt/ros/humble/opt/rviz_ogre_vendor/lib:/opt/ros/humble/lib/x86_64-linux-gnu:/opt/ros/humble/lib PYTHONPATH=/workspaces/diffbot/ros2_ws/install/controller_manager_msgs/local/lib/python3.10/dist-packages:/workspaces/diffbot/ros2_ws/install/control_msgs/local/lib/python3.10/dist-packages:${PYTHONPATH} /usr/bin/cmake --build /workspaces/diffbot/ros2_ws/build/controller_manager -- -j8 -l8
[134.896s] Invoking command in '/workspaces/diffbot/ros2_ws/build/controller_manager': AMENT_PREFIX_PATH=/workspaces/diffbot/ros2_ws/install/ros2_control_test_assets:/workspaces/diffbot/ros2_ws/install/realtime_tools:/workspaces/diffbot/ros2_ws/install/controller_manager_msgs:/workspaces/diffbot/ros2_ws/install/control_msgs:${AMENT_PREFIX_PATH} CMAKE_PREFIX_PATH=/workspaces/diffbot/ros2_ws/install/controller_interface:/workspaces/diffbot/ros2_ws/install/hardware_interface:/workspaces/diffbot/ros2_ws/install/ros2_control_test_assets:/workspaces/diffbot/ros2_ws/install/realtime_tools:/workspaces/diffbot/ros2_ws/install/controller_manager_msgs:/workspaces/diffbot/ros2_ws/install/control_msgs:/workspaces/diffbot/ros2_ws/install/gazebo_ros2_control_demos:/workspaces/diffbot/ros2_ws/install/ros2_control:/workspaces/diffbot/ros2_ws/install/transmission_interface:/workspaces/diffbot/ros2_ws/install/ros2_controllers:/workspaces/diffbot/ros2_ws/install/steering_controllers_library:/workspaces/diffbot/ros2_ws/install/ros2_control_demos:/workspaces/diffbot/ros2_ws/install/ros2_control_demo_example_2:/workspaces/diffbot/ros2_ws/install/gazebo_ros2_control:/workspaces/diffbot/ros2_ws/install/diffbot_bringup:/workspaces/diffbot/ros2_ws/install/controller_manager:/workspaces/diffbot/ros2_ws/install/ros2_control_demo_description:/workspaces/diffbot/ros2_ws/install/joint_state_broadcaster:/workspaces/diffbot/ros2_ws/install/diff_drive_controller:/workspaces/diffbot/ros2_ws/install/position_controllers:/workspaces/diffbot/ros2_ws/install/joint_limits:/workspaces/diffbot/ros2_ws/install/rqt_controller_manager:/workspaces/diffbot/ros2_ws/install/ros2controlcli:/workspaces/diffbot/ros2_ws/install/ros2_controllers_test_nodes:/workspaces/diffbot/ros2_ws/install/controller:/opt/ros/humble LD_LIBRARY_PATH=/workspaces/diffbot/ros2_ws/install/controller_interface/lib:/workspaces/diffbot/ros2_ws/install/hardware_interface/lib:/workspaces/diffbot/ros2_ws/install/realtime_tools/lib:/workspaces/diffbot/ros2_ws/install/controller_manager_msgs/lib:/workspaces/diffbot/ros2_ws/install/control_msgs/lib:/workspaces/diffbot/ros2_ws/install/transmission_interface/lib:/workspaces/diffbot/ros2_ws/install/steering_controllers_library/lib:/workspaces/diffbot/ros2_ws/install/ros2_control_demo_example_2/lib:/workspaces/diffbot/ros2_ws/install/gazebo_ros2_control/lib:/workspaces/diffbot/ros2_ws/install/controller_manager/lib:/workspaces/diffbot/ros2_ws/install/joint_state_broadcaster/lib:/workspaces/diffbot/ros2_ws/install/diff_drive_controller/lib:/workspaces/diffbot/ros2_ws/install/position_controllers/lib:/opt/ros/humble/opt/rviz_ogre_vendor/lib:/opt/ros/humble/lib/x86_64-linux-gnu:/opt/ros/humble/lib PYTHONPATH=/workspaces/diffbot/ros2_ws/install/controller_manager_msgs/local/lib/python3.10/dist-packages:/workspaces/diffbot/ros2_ws/install/control_msgs/local/lib/python3.10/dist-packages:${PYTHONPATH} /usr/bin/cmake --install /workspaces/diffbot/ros2_ws/build/controller_manager
[134.921s] -- Install configuration: ""
[134.922s] -- Installing: /workspaces/diffbot/ros2_ws/install/controller_manager/lib/libcontroller_manager.so
[134.942s] -- Set runtime path of "/workspaces/diffbot/ros2_ws/install/controller_manager/lib/libcontroller_manager.so" to ""
[134.942s] -- Installing: /workspaces/diffbot/ros2_ws/install/controller_manager/lib/controller_manager/ros2_control_node
[134.943s] -- Set runtime path of "/workspaces/diffbot/ros2_ws/install/controller_manager/lib/controller_manager/ros2_control_node" to ""
[134.944s] -- Installing: /workspaces/diffbot/ros2_ws/install/controller_manager/include
[134.944s] -- Installing: /workspaces/diffbot/ros2_ws/install/controller_manager/include/controller_manager
[134.944s] -- Installing: /workspaces/diffbot/ros2_ws/install/controller_manager/include/controller_manager/controller_spec.hpp
[134.944s] -- Installing: /workspaces/diffbot/ros2_ws/install/controller_manager/include/controller_manager/visibility_control.h
[134.944s] -- Installing: /workspaces/diffbot/ros2_ws/install/controller_manager/include/controller_manager/controller_manager.hpp
[134.945s] -- Installing: /workspaces/diffbot/ros2_ws/install/controller_manager/share/controller_manager/test/test_controller/test_controller.xml
[134.945s] -- Installing: /workspaces/diffbot/ros2_ws/install/controller_manager/lib/libtest_controller.so
[134.946s] -- Set runtime path of "/workspaces/diffbot/ros2_ws/install/controller_manager/lib/libtest_controller.so" to ""
[134.946s] -- Installing: /workspaces/diffbot/ros2_ws/install/controller_manager/share/controller_manager/test/test_controller_failed_init/test_controller_failed_init.xml
[134.946s] -- Installing: /workspaces/diffbot/ros2_ws/install/controller_manager/lib/libtest_controller_failed_init.so
[134.947s] -- Set runtime path of "/workspaces/diffbot/ros2_ws/install/controller_manager/lib/libtest_controller_failed_init.so" to ""
[134.947s] -- Installing: /workspaces/diffbot/ros2_ws/install/controller_manager/share/controller_manager/test/test_chainable_controller/test_chainable_controller.xml
[134.948s] -- Installing: /workspaces/diffbot/ros2_ws/install/controller_manager/lib/libtest_chainable_controller.so
[134.959s] -- Set runtime path of "/workspaces/diffbot/ros2_ws/install/controller_manager/lib/libtest_chainable_controller.so" to ""
[134.960s] -- Installing: /workspaces/diffbot/ros2_ws/install/controller_manager/share/controller_manager/test/test_controller_with_interfaces/test_controller_with_interfaces.xml
[134.960s] -- Installing: /workspaces/diffbot/ros2_ws/install/controller_manager/lib/libtest_controller_with_interfaces.so
[134.960s] -- Set runtime path of "/workspaces/diffbot/ros2_ws/install/controller_manager/lib/libtest_controller_with_interfaces.so" to ""
[134.961s] -- Installing: /workspaces/diffbot/ros2_ws/install/controller_manager/share/controller_manager/environment/pythonpath.sh
[134.961s] -- Installing: /workspaces/diffbot/ros2_ws/install/controller_manager/share/controller_manager/environment/pythonpath.dsv
[134.961s] -- Installing: /workspaces/diffbot/ros2_ws/install/controller_manager/local/lib/python3.10/dist-packages/controller_manager-2.30.0-py3.10.egg-info
[134.961s] -- Installing: /workspaces/diffbot/ros2_ws/install/controller_manager/local/lib/python3.10/dist-packages/controller_manager-2.30.0-py3.10.egg-info/top_level.txt
[134.962s] -- Installing: /workspaces/diffbot/ros2_ws/install/controller_manager/local/lib/python3.10/dist-packages/controller_manager-2.30.0-py3.10.egg-info/dependency_links.txt
[134.962s] -- Installing: /workspaces/diffbot/ros2_ws/install/controller_manager/local/lib/python3.10/dist-packages/controller_manager-2.30.0-py3.10.egg-info/PKG-INFO
[134.962s] -- Installing: /workspaces/diffbot/ros2_ws/install/controller_manager/local/lib/python3.10/dist-packages/controller_manager-2.30.0-py3.10.egg-info/entry_points.txt
[134.963s] -- Installing: /workspaces/diffbot/ros2_ws/install/controller_manager/local/lib/python3.10/dist-packages/controller_manager-2.30.0-py3.10.egg-info/SOURCES.txt
[134.963s] -- Up-to-date: /workspaces/diffbot/ros2_ws/install/controller_manager/lib/controller_manager/
[134.963s] -- Installing: /workspaces/diffbot/ros2_ws/install/controller_manager/lib/controller_manager//spawner
[134.963s] -- Installing: /workspaces/diffbot/ros2_ws/install/controller_manager/lib/controller_manager//unspawner
[134.963s] -- Installing: /workspaces/diffbot/ros2_ws/install/controller_manager/local/lib/python3.10/dist-packages/controller_manager
[134.963s] -- Installing: /workspaces/diffbot/ros2_ws/install/controller_manager/local/lib/python3.10/dist-packages/controller_manager/controller_manager_services.py
[134.964s] -- Installing: /workspaces/diffbot/ros2_ws/install/controller_manager/local/lib/python3.10/dist-packages/controller_manager/spawner.py
[134.964s] -- Installing: /workspaces/diffbot/ros2_ws/install/controller_manager/local/lib/python3.10/dist-packages/controller_manager/unspawner.py
[134.964s] -- Installing: /workspaces/diffbot/ros2_ws/install/controller_manager/local/lib/python3.10/dist-packages/controller_manager/__init__.py
[134.964s] -- Installing: /workspaces/diffbot/ros2_ws/install/controller_manager/local/lib/python3.10/dist-packages/controller_manager/launch_utils.py
[135.066s] Listing '/workspaces/diffbot/ros2_ws/install/controller_manager/local/lib/python3.10/dist-packages/controller_manager'...
[135.066s] Compiling '/workspaces/diffbot/ros2_ws/install/controller_manager/local/lib/python3.10/dist-packages/controller_manager/__init__.py'...
[135.066s] Compiling '/workspaces/diffbot/ros2_ws/install/controller_manager/local/lib/python3.10/dist-packages/controller_manager/controller_manager_services.py'...
[135.067s] Compiling '/workspaces/diffbot/ros2_ws/install/controller_manager/local/lib/python3.10/dist-packages/controller_manager/launch_utils.py'...
[135.067s] Compiling '/workspaces/diffbot/ros2_ws/install/controller_manager/local/lib/python3.10/dist-packages/controller_manager/spawner.py'...
[135.067s] Compiling '/workspaces/diffbot/ros2_ws/install/controller_manager/local/lib/python3.10/dist-packages/controller_manager/unspawner.py'...
[135.077s] -- Installing: /workspaces/diffbot/ros2_ws/install/controller_manager/share/controller_manager/environment/library_path.sh
[135.077s] -- Installing: /workspaces/diffbot/ros2_ws/install/controller_manager/share/controller_manager/environment/library_path.dsv
[135.078s] -- Installing: /workspaces/diffbot/ros2_ws/install/controller_manager/share/ament_index/resource_index/package_run_dependencies/controller_manager
[135.078s] -- Installing: /workspaces/diffbot/ros2_ws/install/controller_manager/share/ament_index/resource_index/parent_prefix_path/controller_manager
[135.078s] -- Installing: /workspaces/diffbot/ros2_ws/install/controller_manager/share/controller_manager/environment/ament_prefix_path.sh
[135.079s] -- Installing: /workspaces/diffbot/ros2_ws/install/controller_manager/share/controller_manager/environment/ament_prefix_path.dsv
[135.079s] -- Installing: /workspaces/diffbot/ros2_ws/install/controller_manager/share/controller_manager/environment/path.sh
[135.079s] -- Installing: /workspaces/diffbot/ros2_ws/install/controller_manager/share/controller_manager/environment/path.dsv
[135.079s] -- Installing: /workspaces/diffbot/ros2_ws/install/controller_manager/share/controller_manager/local_setup.bash
[135.080s] -- Installing: /workspaces/diffbot/ros2_ws/install/controller_manager/share/controller_manager/local_setup.sh
[135.080s] -- Installing: /workspaces/diffbot/ros2_ws/install/controller_manager/share/controller_manager/local_setup.zsh
[135.081s] -- Installing: /workspaces/diffbot/ros2_ws/install/controller_manager/share/controller_manager/local_setup.dsv
[135.081s] -- Installing: /workspaces/diffbot/ros2_ws/install/controller_manager/share/controller_manager/package.dsv
[135.082s] -- Installing: /workspaces/diffbot/ros2_ws/install/controller_manager/share/ament_index/resource_index/packages/controller_manager
[135.082s] -- Installing: /workspaces/diffbot/ros2_ws/install/controller_manager/share/ament_index/resource_index/controller_interface__pluginlib__plugin/controller_manager
[135.082s] -- Installing: /workspaces/diffbot/ros2_ws/install/controller_manager/share/controller_manager/cmake/ament_cmake_export_libraries-extras.cmake
[135.082s] -- Installing: /workspaces/diffbot/ros2_ws/install/controller_manager/share/controller_manager/cmake/ament_cmake_export_include_directories-extras.cmake
[135.083s] -- Installing: /workspaces/diffbot/ros2_ws/install/controller_manager/share/controller_manager/cmake/ament_cmake_export_dependencies-extras.cmake
[135.083s] -- Installing: /workspaces/diffbot/ros2_ws/install/controller_manager/share/controller_manager/cmake/controller_managerConfig.cmake
[135.083s] -- Installing: /workspaces/diffbot/ros2_ws/install/controller_manager/share/controller_manager/cmake/controller_managerConfig-version.cmake
[135.083s] -- Installing: /workspaces/diffbot/ros2_ws/install/controller_manager/share/controller_manager/package.xml
[135.095s] Invoked command in '/workspaces/diffbot/ros2_ws/build/controller_manager' returned '0': AMENT_PREFIX_PATH=/workspaces/diffbot/ros2_ws/install/ros2_control_test_assets:/workspaces/diffbot/ros2_ws/install/realtime_tools:/workspaces/diffbot/ros2_ws/install/controller_manager_msgs:/workspaces/diffbot/ros2_ws/install/control_msgs:${AMENT_PREFIX_PATH} CMAKE_PREFIX_PATH=/workspaces/diffbot/ros2_ws/install/controller_interface:/workspaces/diffbot/ros2_ws/install/hardware_interface:/workspaces/diffbot/ros2_ws/install/ros2_control_test_assets:/workspaces/diffbot/ros2_ws/install/realtime_tools:/workspaces/diffbot/ros2_ws/install/controller_manager_msgs:/workspaces/diffbot/ros2_ws/install/control_msgs:/workspaces/diffbot/ros2_ws/install/gazebo_ros2_control_demos:/workspaces/diffbot/ros2_ws/install/ros2_control:/workspaces/diffbot/ros2_ws/install/transmission_interface:/workspaces/diffbot/ros2_ws/install/ros2_controllers:/workspaces/diffbot/ros2_ws/install/steering_controllers_library:/workspaces/diffbot/ros2_ws/install/ros2_control_demos:/workspaces/diffbot/ros2_ws/install/ros2_control_demo_example_2:/workspaces/diffbot/ros2_ws/install/gazebo_ros2_control:/workspaces/diffbot/ros2_ws/install/diffbot_bringup:/workspaces/diffbot/ros2_ws/install/controller_manager:/workspaces/diffbot/ros2_ws/install/ros2_control_demo_description:/workspaces/diffbot/ros2_ws/install/joint_state_broadcaster:/workspaces/diffbot/ros2_ws/install/diff_drive_controller:/workspaces/diffbot/ros2_ws/install/position_controllers:/workspaces/diffbot/ros2_ws/install/joint_limits:/workspaces/diffbot/ros2_ws/install/rqt_controller_manager:/workspaces/diffbot/ros2_ws/install/ros2controlcli:/workspaces/diffbot/ros2_ws/install/ros2_controllers_test_nodes:/workspaces/diffbot/ros2_ws/install/controller:/opt/ros/humble LD_LIBRARY_PATH=/workspaces/diffbot/ros2_ws/install/controller_interface/lib:/workspaces/diffbot/ros2_ws/install/hardware_interface/lib:/workspaces/diffbot/ros2_ws/install/realtime_tools/lib:/workspaces/diffbot/ros2_ws/install/controller_manager_msgs/lib:/workspaces/diffbot/ros2_ws/install/control_msgs/lib:/workspaces/diffbot/ros2_ws/install/transmission_interface/lib:/workspaces/diffbot/ros2_ws/install/steering_controllers_library/lib:/workspaces/diffbot/ros2_ws/install/ros2_control_demo_example_2/lib:/workspaces/diffbot/ros2_ws/install/gazebo_ros2_control/lib:/workspaces/diffbot/ros2_ws/install/controller_manager/lib:/workspaces/diffbot/ros2_ws/install/joint_state_broadcaster/lib:/workspaces/diffbot/ros2_ws/install/diff_drive_controller/lib:/workspaces/diffbot/ros2_ws/install/position_controllers/lib:/opt/ros/humble/opt/rviz_ogre_vendor/lib:/opt/ros/humble/lib/x86_64-linux-gnu:/opt/ros/humble/lib PYTHONPATH=/workspaces/diffbot/ros2_ws/install/controller_manager_msgs/local/lib/python3.10/dist-packages:/workspaces/diffbot/ros2_ws/install/control_msgs/local/lib/python3.10/dist-packages:${PYTHONPATH} /usr/bin/cmake --install /workspaces/diffbot/ros2_ws/build/controller_manager
