[0.171s] Invoking command in '/workspaces/diffbot/ros2_ws/build/control_msgs': CMAKE_PREFIX_PATH=${CMAKE_PREFIX_PATH}:/workspaces/diffbot/ros2_ws/install/rqt_controller_manager:/workspaces/diffbot/ros2_ws/install/ros2controlcli:/workspaces/diffbot/ros2_ws/install/ros2_controllers_test_nodes:/workspaces/diffbot/ros2_ws/install/controller:/opt/ros/humble /usr/bin/cmake --build /workspaces/diffbot/ros2_ws/build/control_msgs -- -j8 -l8
[1.835s] [  0%] Built target control_msgs__cpp
[1.837s] [  0%] Built target ament_cmake_python_copy_control_msgs
[1.838s] [ 12%] Built target control_msgs__rosidl_generator_c
[1.839s] [ 24%] Built target control_msgs__rosidl_typesupport_cpp
[1.840s] [ 36%] Built target control_msgs__rosidl_typesupport_introspection_cpp
[1.842s] [ 48%] Built target control_msgs__rosidl_typesupport_fastrtps_cpp
[1.842s] [ 60%] Built target control_msgs__rosidl_typesupport_fastrtps_c
[1.843s] [ 73%] Built target control_msgs__rosidl_typesupport_introspection_c
[1.844s] [ 84%] Built target control_msgs__rosidl_typesupport_c
[1.844s] [ 84%] Built target control_msgs
[1.844s] [ 85%] Built target control_msgs__py
[1.844s] [ 96%] Built target control_msgs__rosidl_generator_py
[1.845s] [ 97%] Built target control_msgs__rosidl_typesupport_fastrtps_c__pyext
[1.845s] [ 99%] Built target control_msgs__rosidl_typesupport_introspection_c__pyext
[1.845s] [100%] Built target control_msgs__rosidl_typesupport_c__pyext
[1.845s] running egg_info
[1.845s] writing control_msgs.egg-info/PKG-INFO
[1.846s] writing dependency_links to control_msgs.egg-info/dependency_links.txt
[1.846s] writing top-level names to control_msgs.egg-info/top_level.txt
[1.846s] reading manifest file 'control_msgs.egg-info/SOURCES.txt'
[1.846s] writing manifest file 'control_msgs.egg-info/SOURCES.txt'
[1.846s] [100%] Built target ament_cmake_python_build_control_msgs_egg
[1.894s] Invoked command in '/workspaces/diffbot/ros2_ws/build/control_msgs' returned '0': CMAKE_PREFIX_PATH=${CMAKE_PREFIX_PATH}:/workspaces/diffbot/ros2_ws/install/rqt_controller_manager:/workspaces/diffbot/ros2_ws/install/ros2controlcli:/workspaces/diffbot/ros2_ws/install/ros2_controllers_test_nodes:/workspaces/diffbot/ros2_ws/install/controller:/opt/ros/humble /usr/bin/cmake --build /workspaces/diffbot/ros2_ws/build/control_msgs -- -j8 -l8
[4.687s] Invoking command in '/workspaces/diffbot/ros2_ws/build/control_msgs': CMAKE_PREFIX_PATH=${CMAKE_PREFIX_PATH}:/workspaces/diffbot/ros2_ws/install/rqt_controller_manager:/workspaces/diffbot/ros2_ws/install/ros2controlcli:/workspaces/diffbot/ros2_ws/install/ros2_controllers_test_nodes:/workspaces/diffbot/ros2_ws/install/controller:/opt/ros/humble /usr/bin/cmake --install /workspaces/diffbot/ros2_ws/build/control_msgs
[4.711s] -- Install configuration: ""
[4.712s] -- Up-to-date: /workspaces/diffbot/ros2_ws/install/control_msgs/share/ament_index/resource_index/rosidl_interfaces/control_msgs
[4.712s] -- Up-to-date: /workspaces/diffbot/ros2_ws/install/control_msgs/include/control_msgs/control_msgs
[4.713s] -- Up-to-date: /workspaces/diffbot/ros2_ws/install/control_msgs/include/control_msgs/control_msgs/msg
[4.713s] -- Up-to-date: /workspaces/diffbot/ros2_ws/install/control_msgs/include/control_msgs/control_msgs/msg/joint_jog.h
[4.713s] -- Up-to-date: /workspaces/diffbot/ros2_ws/install/control_msgs/include/control_msgs/control_msgs/msg/mecanum_drive_controller_state.h
[4.714s] -- Up-to-date: /workspaces/diffbot/ros2_ws/install/control_msgs/include/control_msgs/control_msgs/msg/joint_trajectory_controller_state.h
[4.714s] -- Up-to-date: /workspaces/diffbot/ros2_ws/install/control_msgs/include/control_msgs/control_msgs/msg/joint_component_tolerance.h
[4.714s] -- Up-to-date: /workspaces/diffbot/ros2_ws/install/control_msgs/include/control_msgs/control_msgs/msg/joint_controller_state.h
[4.714s] -- Up-to-date: /workspaces/diffbot/ros2_ws/install/control_msgs/include/control_msgs/control_msgs/msg/joint_tolerance.h
[4.715s] -- Up-to-date: /workspaces/diffbot/ros2_ws/install/control_msgs/include/control_msgs/control_msgs/msg/admittance_controller_state.h
[4.715s] -- Up-to-date: /workspaces/diffbot/ros2_ws/install/control_msgs/include/control_msgs/control_msgs/msg/pid_state.h
[4.716s] -- Up-to-date: /workspaces/diffbot/ros2_ws/install/control_msgs/include/control_msgs/control_msgs/msg/steering_controller_status.h
[4.716s] -- Up-to-date: /workspaces/diffbot/ros2_ws/install/control_msgs/include/control_msgs/control_msgs/msg/detail
[4.716s] -- Up-to-date: /workspaces/diffbot/ros2_ws/install/control_msgs/include/control_msgs/control_msgs/msg/detail/pid_state__functions.c
[4.717s] -- Up-to-date: /workspaces/diffbot/ros2_ws/install/control_msgs/include/control_msgs/control_msgs/msg/detail/admittance_controller_state__struct.h
[4.717s] -- Up-to-date: /workspaces/diffbot/ros2_ws/install/control_msgs/include/control_msgs/control_msgs/msg/detail/joint_tolerance__type_support.h
[4.723s] -- Up-to-date: /workspaces/diffbot/ros2_ws/install/control_msgs/include/control_msgs/control_msgs/msg/detail/interface_value__type_support.h
[4.723s] -- Up-to-date: /workspaces/diffbot/ros2_ws/install/control_msgs/include/control_msgs/control_msgs/msg/detail/joint_trajectory_controller_state__type_support.h
[4.723s] -- Up-to-date: /workspaces/diffbot/ros2_ws/install/control_msgs/include/control_msgs/control_msgs/msg/detail/joint_component_tolerance__functions.h
[4.723s] -- Up-to-date: /workspaces/diffbot/ros2_ws/install/control_msgs/include/control_msgs/control_msgs/msg/detail/joint_jog__functions.h
[4.724s] -- Up-to-date: /workspaces/diffbot/ros2_ws/install/control_msgs/include/control_msgs/control_msgs/msg/detail/pid_state__struct.h
[4.724s] -- Up-to-date: /workspaces/diffbot/ros2_ws/install/control_msgs/include/control_msgs/control_msgs/msg/detail/joint_jog__struct.h
[4.724s] -- Up-to-date: /workspaces/diffbot/ros2_ws/install/control_msgs/include/control_msgs/control_msgs/msg/detail/interface_value__functions.h
[4.724s] -- Up-to-date: /workspaces/diffbot/ros2_ws/install/control_msgs/include/control_msgs/control_msgs/msg/detail/mecanum_drive_controller_state__functions.c
[4.724s] -- Up-to-date: /workspaces/diffbot/ros2_ws/install/control_msgs/include/control_msgs/control_msgs/msg/detail/gripper_command__functions.h
[4.724s] -- Up-to-date: /workspaces/diffbot/ros2_ws/install/control_msgs/include/control_msgs/control_msgs/msg/detail/joint_tolerance__struct.h
[4.725s] -- Up-to-date: /workspaces/diffbot/ros2_ws/install/control_msgs/include/control_msgs/control_msgs/msg/detail/dynamic_joint_state__struct.h
[4.725s] -- Up-to-date: /workspaces/diffbot/ros2_ws/install/control_msgs/include/control_msgs/control_msgs/msg/detail/joint_component_tolerance__functions.c
[4.725s] -- Up-to-date: /workspaces/diffbot/ros2_ws/install/control_msgs/include/control_msgs/control_msgs/msg/detail/joint_jog__functions.c
[4.725s] -- Up-to-date: /workspaces/diffbot/ros2_ws/install/control_msgs/include/control_msgs/control_msgs/msg/detail/joint_component_tolerance__struct.h
[4.725s] -- Up-to-date: /workspaces/diffbot/ros2_ws/install/control_msgs/include/control_msgs/control_msgs/msg/detail/joint_controller_state__functions.h
[4.725s] -- Up-to-date: /workspaces/diffbot/ros2_ws/install/control_msgs/include/control_msgs/control_msgs/msg/detail/admittance_controller_state__functions.c
[4.725s] -- Up-to-date: /workspaces/diffbot/ros2_ws/install/control_msgs/include/control_msgs/control_msgs/msg/detail/steering_controller_status__functions.c
[4.726s] -- Up-to-date: /workspaces/diffbot/ros2_ws/install/control_msgs/include/control_msgs/control_msgs/msg/detail/dynamic_joint_state__functions.h
[4.726s] -- Up-to-date: /workspaces/diffbot/ros2_ws/install/control_msgs/include/control_msgs/control_msgs/msg/detail/admittance_controller_state__functions.h
[4.726s] -- Up-to-date: /workspaces/diffbot/ros2_ws/install/control_msgs/include/control_msgs/control_msgs/msg/detail/pid_state__functions.h
[4.726s] -- Up-to-date: /workspaces/diffbot/ros2_ws/install/control_msgs/include/control_msgs/control_msgs/msg/detail/mecanum_drive_controller_state__struct.h
[4.726s] -- Up-to-date: /workspaces/diffbot/ros2_ws/install/control_msgs/include/control_msgs/control_msgs/msg/detail/mecanum_drive_controller_state__type_support.h
[4.726s] -- Up-to-date: /workspaces/diffbot/ros2_ws/install/control_msgs/include/control_msgs/control_msgs/msg/detail/interface_value__struct.h
[4.726s] -- Up-to-date: /workspaces/diffbot/ros2_ws/install/control_msgs/include/control_msgs/control_msgs/msg/detail/interface_value__functions.c
[4.727s] -- Up-to-date: /workspaces/diffbot/ros2_ws/install/control_msgs/include/control_msgs/control_msgs/msg/detail/joint_component_tolerance__type_support.h
[4.727s] -- Up-to-date: /workspaces/diffbot/ros2_ws/install/control_msgs/include/control_msgs/control_msgs/msg/detail/dynamic_joint_state__functions.c
[4.727s] -- Up-to-date: /workspaces/diffbot/ros2_ws/install/control_msgs/include/control_msgs/control_msgs/msg/detail/admittance_controller_state__type_support.h
[4.727s] -- Up-to-date: /workspaces/diffbot/ros2_ws/install/control_msgs/include/control_msgs/control_msgs/msg/detail/gripper_command__functions.c
[4.727s] -- Up-to-date: /workspaces/diffbot/ros2_ws/install/control_msgs/include/control_msgs/control_msgs/msg/detail/joint_controller_state__functions.c
[4.733s] -- Up-to-date: /workspaces/diffbot/ros2_ws/install/control_msgs/include/control_msgs/control_msgs/msg/detail/steering_controller_status__type_support.h
[4.738s] -- Up-to-date: /workspaces/diffbot/ros2_ws/install/control_msgs/include/control_msgs/control_msgs/msg/detail/pid_state__type_support.h
[4.739s] -- Up-to-date: /workspaces/diffbot/ros2_ws/install/control_msgs/include/control_msgs/control_msgs/msg/detail/mecanum_drive_controller_state__functions.h
[4.739s] -- Up-to-date: /workspaces/diffbot/ros2_ws/install/control_msgs/include/control_msgs/control_msgs/msg/detail/gripper_command__type_support.h
[4.739s] -- Up-to-date: /workspaces/diffbot/ros2_ws/install/control_msgs/include/control_msgs/control_msgs/msg/detail/joint_controller_state__type_support.h
[4.739s] -- Up-to-date: /workspaces/diffbot/ros2_ws/install/control_msgs/include/control_msgs/control_msgs/msg/detail/steering_controller_status__struct.h
[4.739s] -- Up-to-date: /workspaces/diffbot/ros2_ws/install/control_msgs/include/control_msgs/control_msgs/msg/detail/joint_jog__type_support.h
[4.739s] -- Up-to-date: /workspaces/diffbot/ros2_ws/install/control_msgs/include/control_msgs/control_msgs/msg/detail/joint_trajectory_controller_state__functions.c
[4.739s] -- Up-to-date: /workspaces/diffbot/ros2_ws/install/control_msgs/include/control_msgs/control_msgs/msg/detail/joint_controller_state__struct.h
[4.740s] -- Up-to-date: /workspaces/diffbot/ros2_ws/install/control_msgs/include/control_msgs/control_msgs/msg/detail/joint_trajectory_controller_state__struct.h
[4.740s] -- Up-to-date: /workspaces/diffbot/ros2_ws/install/control_msgs/include/control_msgs/control_msgs/msg/detail/joint_tolerance__functions.c
[4.740s] -- Up-to-date: /workspaces/diffbot/ros2_ws/install/control_msgs/include/control_msgs/control_msgs/msg/detail/joint_trajectory_controller_state__functions.h
[4.740s] -- Up-to-date: /workspaces/diffbot/ros2_ws/install/control_msgs/include/control_msgs/control_msgs/msg/detail/steering_controller_status__functions.h
[4.740s] -- Up-to-date: /workspaces/diffbot/ros2_ws/install/control_msgs/include/control_msgs/control_msgs/msg/detail/dynamic_joint_state__type_support.h
[4.740s] -- Up-to-date: /workspaces/diffbot/ros2_ws/install/control_msgs/include/control_msgs/control_msgs/msg/detail/joint_tolerance__functions.h
[4.740s] -- Up-to-date: /workspaces/diffbot/ros2_ws/install/control_msgs/include/control_msgs/control_msgs/msg/detail/gripper_command__struct.h
[4.741s] -- Up-to-date: /workspaces/diffbot/ros2_ws/install/control_msgs/include/control_msgs/control_msgs/msg/gripper_command.h
[4.741s] -- Up-to-date: /workspaces/diffbot/ros2_ws/install/control_msgs/include/control_msgs/control_msgs/msg/interface_value.h
[4.741s] -- Up-to-date: /workspaces/diffbot/ros2_ws/install/control_msgs/include/control_msgs/control_msgs/msg/dynamic_joint_state.h
[4.741s] -- Up-to-date: /workspaces/diffbot/ros2_ws/install/control_msgs/include/control_msgs/control_msgs/msg/rosidl_generator_c__visibility_control.h
[4.741s] -- Up-to-date: /workspaces/diffbot/ros2_ws/install/control_msgs/include/control_msgs/control_msgs/action
[4.741s] -- Up-to-date: /workspaces/diffbot/ros2_ws/install/control_msgs/include/control_msgs/control_msgs/action/follow_joint_trajectory.h
[4.741s] -- Up-to-date: /workspaces/diffbot/ros2_ws/install/control_msgs/include/control_msgs/control_msgs/action/joint_trajectory.h
[4.742s] -- Up-to-date: /workspaces/diffbot/ros2_ws/install/control_msgs/include/control_msgs/control_msgs/action/detail
[4.742s] -- Up-to-date: /workspaces/diffbot/ros2_ws/install/control_msgs/include/control_msgs/control_msgs/action/detail/point_head__functions.c
[4.742s] -- Up-to-date: /workspaces/diffbot/ros2_ws/install/control_msgs/include/control_msgs/control_msgs/action/detail/joint_trajectory__functions.h
[4.742s] -- Up-to-date: /workspaces/diffbot/ros2_ws/install/control_msgs/include/control_msgs/control_msgs/action/detail/point_head__type_support.h
[4.742s] -- Up-to-date: /workspaces/diffbot/ros2_ws/install/control_msgs/include/control_msgs/control_msgs/action/detail/joint_trajectory__type_support.h
[4.742s] -- Up-to-date: /workspaces/diffbot/ros2_ws/install/control_msgs/include/control_msgs/control_msgs/action/detail/follow_joint_trajectory__functions.h
[4.742s] -- Up-to-date: /workspaces/diffbot/ros2_ws/install/control_msgs/include/control_msgs/control_msgs/action/detail/gripper_command__functions.h
[4.743s] -- Up-to-date: /workspaces/diffbot/ros2_ws/install/control_msgs/include/control_msgs/control_msgs/action/detail/single_joint_position__functions.h
[4.743s] -- Up-to-date: /workspaces/diffbot/ros2_ws/install/control_msgs/include/control_msgs/control_msgs/action/detail/joint_trajectory__struct.h
[4.743s] -- Up-to-date: /workspaces/diffbot/ros2_ws/install/control_msgs/include/control_msgs/control_msgs/action/detail/single_joint_position__type_support.h
[4.743s] -- Up-to-date: /workspaces/diffbot/ros2_ws/install/control_msgs/include/control_msgs/control_msgs/action/detail/single_joint_position__functions.c
[4.743s] -- Up-to-date: /workspaces/diffbot/ros2_ws/install/control_msgs/include/control_msgs/control_msgs/action/detail/gripper_command__functions.c
[4.744s] -- Up-to-date: /workspaces/diffbot/ros2_ws/install/control_msgs/include/control_msgs/control_msgs/action/detail/point_head__functions.h
[4.744s] -- Up-to-date: /workspaces/diffbot/ros2_ws/install/control_msgs/include/control_msgs/control_msgs/action/detail/gripper_command__type_support.h
[4.744s] -- Up-to-date: /workspaces/diffbot/ros2_ws/install/control_msgs/include/control_msgs/control_msgs/action/detail/single_joint_position__struct.h
[4.744s] -- Up-to-date: /workspaces/diffbot/ros2_ws/install/control_msgs/include/control_msgs/control_msgs/action/detail/point_head__struct.h
[4.744s] -- Up-to-date: /workspaces/diffbot/ros2_ws/install/control_msgs/include/control_msgs/control_msgs/action/detail/follow_joint_trajectory__type_support.h
[4.744s] -- Up-to-date: /workspaces/diffbot/ros2_ws/install/control_msgs/include/control_msgs/control_msgs/action/detail/joint_trajectory__functions.c
[4.744s] -- Up-to-date: /workspaces/diffbot/ros2_ws/install/control_msgs/include/control_msgs/control_msgs/action/detail/gripper_command__struct.h
[4.745s] -- Up-to-date: /workspaces/diffbot/ros2_ws/install/control_msgs/include/control_msgs/control_msgs/action/detail/follow_joint_trajectory__functions.c
[4.745s] -- Up-to-date: /workspaces/diffbot/ros2_ws/install/control_msgs/include/control_msgs/control_msgs/action/detail/follow_joint_trajectory__struct.h
[4.745s] -- Up-to-date: /workspaces/diffbot/ros2_ws/install/control_msgs/include/control_msgs/control_msgs/action/gripper_command.h
[4.745s] -- Up-to-date: /workspaces/diffbot/ros2_ws/install/control_msgs/include/control_msgs/control_msgs/action/single_joint_position.h
[4.745s] -- Up-to-date: /workspaces/diffbot/ros2_ws/install/control_msgs/include/control_msgs/control_msgs/action/point_head.h
[4.745s] -- Up-to-date: /workspaces/diffbot/ros2_ws/install/control_msgs/include/control_msgs/control_msgs/srv
[4.745s] -- Up-to-date: /workspaces/diffbot/ros2_ws/install/control_msgs/include/control_msgs/control_msgs/srv/detail
[4.746s] -- Up-to-date: /workspaces/diffbot/ros2_ws/install/control_msgs/include/control_msgs/control_msgs/srv/detail/query_trajectory_state__functions.h
[4.746s] -- Up-to-date: /workspaces/diffbot/ros2_ws/install/control_msgs/include/control_msgs/control_msgs/srv/detail/query_calibration_state__functions.h
[4.746s] -- Up-to-date: /workspaces/diffbot/ros2_ws/install/control_msgs/include/control_msgs/control_msgs/srv/detail/query_calibration_state__type_support.h
[4.746s] -- Up-to-date: /workspaces/diffbot/ros2_ws/install/control_msgs/include/control_msgs/control_msgs/srv/detail/query_calibration_state__struct.h
[4.746s] -- Up-to-date: /workspaces/diffbot/ros2_ws/install/control_msgs/include/control_msgs/control_msgs/srv/detail/query_trajectory_state__struct.h
[4.746s] -- Up-to-date: /workspaces/diffbot/ros2_ws/install/control_msgs/include/control_msgs/control_msgs/srv/detail/query_trajectory_state__type_support.h
[4.746s] -- Up-to-date: /workspaces/diffbot/ros2_ws/install/control_msgs/include/control_msgs/control_msgs/srv/detail/query_trajectory_state__functions.c
[4.747s] -- Up-to-date: /workspaces/diffbot/ros2_ws/install/control_msgs/include/control_msgs/control_msgs/srv/detail/query_calibration_state__functions.c
[4.747s] -- Up-to-date: /workspaces/diffbot/ros2_ws/install/control_msgs/include/control_msgs/control_msgs/srv/query_trajectory_state.h
[4.747s] -- Up-to-date: /workspaces/diffbot/ros2_ws/install/control_msgs/include/control_msgs/control_msgs/srv/query_calibration_state.h
[4.747s] -- Up-to-date: /workspaces/diffbot/ros2_ws/install/control_msgs/share/control_msgs/environment/library_path.sh
[4.747s] -- Up-to-date: /workspaces/diffbot/ros2_ws/install/control_msgs/share/control_msgs/environment/library_path.dsv
[4.747s] -- Up-to-date: /workspaces/diffbot/ros2_ws/install/control_msgs/lib/libcontrol_msgs__rosidl_generator_c.so
[4.747s] -- Up-to-date: /workspaces/diffbot/ros2_ws/install/control_msgs/include/control_msgs/control_msgs
[4.748s] -- Up-to-date: /workspaces/diffbot/ros2_ws/install/control_msgs/include/control_msgs/control_msgs/msg
[4.748s] -- Up-to-date: /workspaces/diffbot/ros2_ws/install/control_msgs/include/control_msgs/control_msgs/msg/detail
[4.748s] -- Up-to-date: /workspaces/diffbot/ros2_ws/install/control_msgs/include/control_msgs/control_msgs/msg/detail/joint_component_tolerance__rosidl_typesupport_fastrtps_c.h
[4.748s] -- Up-to-date: /workspaces/diffbot/ros2_ws/install/control_msgs/include/control_msgs/control_msgs/msg/detail/steering_controller_status__rosidl_typesupport_fastrtps_c.h
[4.748s] -- Up-to-date: /workspaces/diffbot/ros2_ws/install/control_msgs/include/control_msgs/control_msgs/msg/detail/joint_tolerance__rosidl_typesupport_fastrtps_c.h
[4.749s] -- Up-to-date: /workspaces/diffbot/ros2_ws/install/control_msgs/include/control_msgs/control_msgs/msg/detail/joint_controller_state__rosidl_typesupport_fastrtps_c.h
[4.749s] -- Up-to-date: /workspaces/diffbot/ros2_ws/install/control_msgs/include/control_msgs/control_msgs/msg/detail/gripper_command__rosidl_typesupport_fastrtps_c.h
[4.749s] -- Up-to-date: /workspaces/diffbot/ros2_ws/install/control_msgs/include/control_msgs/control_msgs/msg/detail/admittance_controller_state__rosidl_typesupport_fastrtps_c.h
[4.749s] -- Up-to-date: /workspaces/diffbot/ros2_ws/install/control_msgs/include/control_msgs/control_msgs/msg/detail/mecanum_drive_controller_state__rosidl_typesupport_fastrtps_c.h
[4.749s] -- Up-to-date: /workspaces/diffbot/ros2_ws/install/control_msgs/include/control_msgs/control_msgs/msg/detail/interface_value__rosidl_typesupport_fastrtps_c.h
[4.749s] -- Up-to-date: /workspaces/diffbot/ros2_ws/install/control_msgs/include/control_msgs/control_msgs/msg/detail/joint_trajectory_controller_state__rosidl_typesupport_fastrtps_c.h
[4.749s] -- Up-to-date: /workspaces/diffbot/ros2_ws/install/control_msgs/include/control_msgs/control_msgs/msg/detail/joint_jog__rosidl_typesupport_fastrtps_c.h
[4.750s] -- Up-to-date: /workspaces/diffbot/ros2_ws/install/control_msgs/include/control_msgs/control_msgs/msg/detail/pid_state__rosidl_typesupport_fastrtps_c.h
[4.750s] -- Up-to-date: /workspaces/diffbot/ros2_ws/install/control_msgs/include/control_msgs/control_msgs/msg/detail/dynamic_joint_state__rosidl_typesupport_fastrtps_c.h
[4.750s] -- Up-to-date: /workspaces/diffbot/ros2_ws/install/control_msgs/include/control_msgs/control_msgs/msg/rosidl_typesupport_fastrtps_c__visibility_control.h
[4.750s] -- Up-to-date: /workspaces/diffbot/ros2_ws/install/control_msgs/include/control_msgs/control_msgs/action
[4.750s] -- Up-to-date: /workspaces/diffbot/ros2_ws/install/control_msgs/include/control_msgs/control_msgs/action/detail
[4.753s] -- Up-to-date: /workspaces/diffbot/ros2_ws/install/control_msgs/include/control_msgs/control_msgs/action/detail/single_joint_position__rosidl_typesupport_fastrtps_c.h
[4.753s] -- Up-to-date: /workspaces/diffbot/ros2_ws/install/control_msgs/include/control_msgs/control_msgs/action/detail/gripper_command__rosidl_typesupport_fastrtps_c.h
[4.753s] -- Up-to-date: /workspaces/diffbot/ros2_ws/install/control_msgs/include/control_msgs/control_msgs/action/detail/point_head__rosidl_typesupport_fastrtps_c.h
[4.753s] -- Up-to-date: /workspaces/diffbot/ros2_ws/install/control_msgs/include/control_msgs/control_msgs/action/detail/follow_joint_trajectory__rosidl_typesupport_fastrtps_c.h
[4.753s] -- Up-to-date: /workspaces/diffbot/ros2_ws/install/control_msgs/include/control_msgs/control_msgs/action/detail/joint_trajectory__rosidl_typesupport_fastrtps_c.h
[4.753s] -- Up-to-date: /workspaces/diffbot/ros2_ws/install/control_msgs/include/control_msgs/control_msgs/srv
[4.754s] -- Up-to-date: /workspaces/diffbot/ros2_ws/install/control_msgs/include/control_msgs/control_msgs/srv/detail
[4.754s] -- Up-to-date: /workspaces/diffbot/ros2_ws/install/control_msgs/include/control_msgs/control_msgs/srv/detail/query_calibration_state__rosidl_typesupport_fastrtps_c.h
[4.754s] -- Up-to-date: /workspaces/diffbot/ros2_ws/install/control_msgs/include/control_msgs/control_msgs/srv/detail/query_trajectory_state__rosidl_typesupport_fastrtps_c.h
[4.756s] -- Up-to-date: /workspaces/diffbot/ros2_ws/install/control_msgs/lib/libcontrol_msgs__rosidl_typesupport_fastrtps_c.so
[4.756s] -- Up-to-date: /workspaces/diffbot/ros2_ws/install/control_msgs/include/control_msgs/control_msgs
[4.756s] -- Up-to-date: /workspaces/diffbot/ros2_ws/install/control_msgs/include/control_msgs/control_msgs/msg
[4.757s] -- Up-to-date: /workspaces/diffbot/ros2_ws/install/control_msgs/include/control_msgs/control_msgs/msg/joint_controller_state.hpp
[4.758s] -- Up-to-date: /workspaces/diffbot/ros2_ws/install/control_msgs/include/control_msgs/control_msgs/msg/joint_trajectory_controller_state.hpp
[4.758s] -- Up-to-date: /workspaces/diffbot/ros2_ws/install/control_msgs/include/control_msgs/control_msgs/msg/admittance_controller_state.hpp
[4.758s] -- Up-to-date: /workspaces/diffbot/ros2_ws/install/control_msgs/include/control_msgs/control_msgs/msg/dynamic_joint_state.hpp
[4.758s] -- Up-to-date: /workspaces/diffbot/ros2_ws/install/control_msgs/include/control_msgs/control_msgs/msg/gripper_command.hpp
[4.758s] -- Up-to-date: /workspaces/diffbot/ros2_ws/install/control_msgs/include/control_msgs/control_msgs/msg/interface_value.hpp
[4.770s] -- Up-to-date: /workspaces/diffbot/ros2_ws/install/control_msgs/include/control_msgs/control_msgs/msg/steering_controller_status.hpp
[4.770s] -- Up-to-date: /workspaces/diffbot/ros2_ws/install/control_msgs/include/control_msgs/control_msgs/msg/detail
[4.770s] -- Up-to-date: /workspaces/diffbot/ros2_ws/install/control_msgs/include/control_msgs/control_msgs/msg/detail/gripper_command__struct.hpp
[4.770s] -- Up-to-date: /workspaces/diffbot/ros2_ws/install/control_msgs/include/control_msgs/control_msgs/msg/detail/admittance_controller_state__builder.hpp
[4.770s] -- Up-to-date: /workspaces/diffbot/ros2_ws/install/control_msgs/include/control_msgs/control_msgs/msg/detail/pid_state__builder.hpp
[4.771s] -- Up-to-date: /workspaces/diffbot/ros2_ws/install/control_msgs/include/control_msgs/control_msgs/msg/detail/joint_jog__traits.hpp
[4.771s] -- Up-to-date: /workspaces/diffbot/ros2_ws/install/control_msgs/include/control_msgs/control_msgs/msg/detail/mecanum_drive_controller_state__builder.hpp
[4.771s] -- Up-to-date: /workspaces/diffbot/ros2_ws/install/control_msgs/include/control_msgs/control_msgs/msg/detail/dynamic_joint_state__traits.hpp
[4.771s] -- Up-to-date: /workspaces/diffbot/ros2_ws/install/control_msgs/include/control_msgs/control_msgs/msg/detail/dynamic_joint_state__struct.hpp
[4.772s] -- Up-to-date: /workspaces/diffbot/ros2_ws/install/control_msgs/include/control_msgs/control_msgs/msg/detail/joint_tolerance__traits.hpp
[4.772s] -- Up-to-date: /workspaces/diffbot/ros2_ws/install/control_msgs/include/control_msgs/control_msgs/msg/detail/interface_value__struct.hpp
[4.772s] -- Up-to-date: /workspaces/diffbot/ros2_ws/install/control_msgs/include/control_msgs/control_msgs/msg/detail/dynamic_joint_state__builder.hpp
[4.772s] -- Up-to-date: /workspaces/diffbot/ros2_ws/install/control_msgs/include/control_msgs/control_msgs/msg/detail/interface_value__builder.hpp
[4.772s] -- Up-to-date: /workspaces/diffbot/ros2_ws/install/control_msgs/include/control_msgs/control_msgs/msg/detail/mecanum_drive_controller_state__struct.hpp
[4.772s] -- Up-to-date: /workspaces/diffbot/ros2_ws/install/control_msgs/include/control_msgs/control_msgs/msg/detail/mecanum_drive_controller_state__traits.hpp
[4.773s] -- Up-to-date: /workspaces/diffbot/ros2_ws/install/control_msgs/include/control_msgs/control_msgs/msg/detail/joint_component_tolerance__traits.hpp
[4.773s] -- Up-to-date: /workspaces/diffbot/ros2_ws/install/control_msgs/include/control_msgs/control_msgs/msg/detail/steering_controller_status__builder.hpp
[4.774s] -- Up-to-date: /workspaces/diffbot/ros2_ws/install/control_msgs/include/control_msgs/control_msgs/msg/detail/joint_jog__struct.hpp
[4.774s] -- Up-to-date: /workspaces/diffbot/ros2_ws/install/control_msgs/include/control_msgs/control_msgs/msg/detail/joint_trajectory_controller_state__builder.hpp
[4.774s] -- Up-to-date: /workspaces/diffbot/ros2_ws/install/control_msgs/include/control_msgs/control_msgs/msg/detail/pid_state__struct.hpp
[4.774s] -- Up-to-date: /workspaces/diffbot/ros2_ws/install/control_msgs/include/control_msgs/control_msgs/msg/detail/joint_trajectory_controller_state__traits.hpp
[4.774s] -- Up-to-date: /workspaces/diffbot/ros2_ws/install/control_msgs/include/control_msgs/control_msgs/msg/detail/interface_value__traits.hpp
[4.774s] -- Up-to-date: /workspaces/diffbot/ros2_ws/install/control_msgs/include/control_msgs/control_msgs/msg/detail/joint_trajectory_controller_state__struct.hpp
[4.774s] -- Up-to-date: /workspaces/diffbot/ros2_ws/install/control_msgs/include/control_msgs/control_msgs/msg/detail/admittance_controller_state__struct.hpp
[4.775s] -- Up-to-date: /workspaces/diffbot/ros2_ws/install/control_msgs/include/control_msgs/control_msgs/msg/detail/joint_tolerance__struct.hpp
[4.775s] -- Up-to-date: /workspaces/diffbot/ros2_ws/install/control_msgs/include/control_msgs/control_msgs/msg/detail/gripper_command__traits.hpp
[4.775s] -- Up-to-date: /workspaces/diffbot/ros2_ws/install/control_msgs/include/control_msgs/control_msgs/msg/detail/pid_state__traits.hpp
[4.775s] -- Up-to-date: /workspaces/diffbot/ros2_ws/install/control_msgs/include/control_msgs/control_msgs/msg/detail/joint_component_tolerance__struct.hpp
[4.775s] -- Up-to-date: /workspaces/diffbot/ros2_ws/install/control_msgs/include/control_msgs/control_msgs/msg/detail/joint_tolerance__builder.hpp
[4.775s] -- Up-to-date: /workspaces/diffbot/ros2_ws/install/control_msgs/include/control_msgs/control_msgs/msg/detail/joint_jog__builder.hpp
[4.776s] -- Up-to-date: /workspaces/diffbot/ros2_ws/install/control_msgs/include/control_msgs/control_msgs/msg/detail/admittance_controller_state__traits.hpp
[4.776s] -- Up-to-date: /workspaces/diffbot/ros2_ws/install/control_msgs/include/control_msgs/control_msgs/msg/detail/joint_controller_state__traits.hpp
[4.776s] -- Up-to-date: /workspaces/diffbot/ros2_ws/install/control_msgs/include/control_msgs/control_msgs/msg/detail/gripper_command__builder.hpp
[4.776s] -- Up-to-date: /workspaces/diffbot/ros2_ws/install/control_msgs/include/control_msgs/control_msgs/msg/detail/steering_controller_status__struct.hpp
[4.776s] -- Up-to-date: /workspaces/diffbot/ros2_ws/install/control_msgs/include/control_msgs/control_msgs/msg/detail/joint_component_tolerance__builder.hpp
[4.776s] -- Up-to-date: /workspaces/diffbot/ros2_ws/install/control_msgs/include/control_msgs/control_msgs/msg/detail/joint_controller_state__builder.hpp
[4.776s] -- Up-to-date: /workspaces/diffbot/ros2_ws/install/control_msgs/include/control_msgs/control_msgs/msg/detail/joint_controller_state__struct.hpp
[4.777s] -- Up-to-date: /workspaces/diffbot/ros2_ws/install/control_msgs/include/control_msgs/control_msgs/msg/detail/steering_controller_status__traits.hpp
[4.777s] -- Up-to-date: /workspaces/diffbot/ros2_ws/install/control_msgs/include/control_msgs/control_msgs/msg/joint_jog.hpp
[4.777s] -- Up-to-date: /workspaces/diffbot/ros2_ws/install/control_msgs/include/control_msgs/control_msgs/msg/pid_state.hpp
[4.777s] -- Up-to-date: /workspaces/diffbot/ros2_ws/install/control_msgs/include/control_msgs/control_msgs/msg/joint_tolerance.hpp
[4.777s] -- Up-to-date: /workspaces/diffbot/ros2_ws/install/control_msgs/include/control_msgs/control_msgs/msg/joint_component_tolerance.hpp
[4.777s] -- Up-to-date: /workspaces/diffbot/ros2_ws/install/control_msgs/include/control_msgs/control_msgs/msg/mecanum_drive_controller_state.hpp
[4.778s] -- Up-to-date: /workspaces/diffbot/ros2_ws/install/control_msgs/include/control_msgs/control_msgs/action
[4.778s] -- Up-to-date: /workspaces/diffbot/ros2_ws/install/control_msgs/include/control_msgs/control_msgs/action/gripper_command.hpp
[4.778s] -- Up-to-date: /workspaces/diffbot/ros2_ws/install/control_msgs/include/control_msgs/control_msgs/action/joint_trajectory.hpp
[4.778s] -- Up-to-date: /workspaces/diffbot/ros2_ws/install/control_msgs/include/control_msgs/control_msgs/action/detail
[4.778s] -- Up-to-date: /workspaces/diffbot/ros2_ws/install/control_msgs/include/control_msgs/control_msgs/action/detail/gripper_command__struct.hpp
[4.779s] -- Up-to-date: /workspaces/diffbot/ros2_ws/install/control_msgs/include/control_msgs/control_msgs/action/detail/single_joint_position__traits.hpp
[4.779s] -- Up-to-date: /workspaces/diffbot/ros2_ws/install/control_msgs/include/control_msgs/control_msgs/action/detail/follow_joint_trajectory__traits.hpp
[4.779s] -- Up-to-date: /workspaces/diffbot/ros2_ws/install/control_msgs/include/control_msgs/control_msgs/action/detail/point_head__struct.hpp
[4.779s] -- Up-to-date: /workspaces/diffbot/ros2_ws/install/control_msgs/include/control_msgs/control_msgs/action/detail/follow_joint_trajectory__builder.hpp
[4.779s] -- Up-to-date: /workspaces/diffbot/ros2_ws/install/control_msgs/include/control_msgs/control_msgs/action/detail/single_joint_position__struct.hpp
[4.779s] -- Up-to-date: /workspaces/diffbot/ros2_ws/install/control_msgs/include/control_msgs/control_msgs/action/detail/single_joint_position__builder.hpp
[4.780s] -- Up-to-date: /workspaces/diffbot/ros2_ws/install/control_msgs/include/control_msgs/control_msgs/action/detail/joint_trajectory__traits.hpp
[4.780s] -- Up-to-date: /workspaces/diffbot/ros2_ws/install/control_msgs/include/control_msgs/control_msgs/action/detail/point_head__traits.hpp
[4.780s] -- Up-to-date: /workspaces/diffbot/ros2_ws/install/control_msgs/include/control_msgs/control_msgs/action/detail/gripper_command__traits.hpp
[4.780s] -- Up-to-date: /workspaces/diffbot/ros2_ws/install/control_msgs/include/control_msgs/control_msgs/action/detail/point_head__builder.hpp
[4.780s] -- Up-to-date: /workspaces/diffbot/ros2_ws/install/control_msgs/include/control_msgs/control_msgs/action/detail/joint_trajectory__struct.hpp
[4.780s] -- Up-to-date: /workspaces/diffbot/ros2_ws/install/control_msgs/include/control_msgs/control_msgs/action/detail/gripper_command__builder.hpp
[4.780s] -- Up-to-date: /workspaces/diffbot/ros2_ws/install/control_msgs/include/control_msgs/control_msgs/action/detail/follow_joint_trajectory__struct.hpp
[4.781s] -- Up-to-date: /workspaces/diffbot/ros2_ws/install/control_msgs/include/control_msgs/control_msgs/action/detail/joint_trajectory__builder.hpp
[4.781s] -- Up-to-date: /workspaces/diffbot/ros2_ws/install/control_msgs/include/control_msgs/control_msgs/action/follow_joint_trajectory.hpp
[4.781s] -- Up-to-date: /workspaces/diffbot/ros2_ws/install/control_msgs/include/control_msgs/control_msgs/action/point_head.hpp
[4.781s] -- Up-to-date: /workspaces/diffbot/ros2_ws/install/control_msgs/include/control_msgs/control_msgs/action/single_joint_position.hpp
[4.781s] -- Up-to-date: /workspaces/diffbot/ros2_ws/install/control_msgs/include/control_msgs/control_msgs/srv
[4.782s] -- Up-to-date: /workspaces/diffbot/ros2_ws/install/control_msgs/include/control_msgs/control_msgs/srv/detail
[4.782s] -- Up-to-date: /workspaces/diffbot/ros2_ws/install/control_msgs/include/control_msgs/control_msgs/srv/detail/query_trajectory_state__struct.hpp
[4.782s] -- Up-to-date: /workspaces/diffbot/ros2_ws/install/control_msgs/include/control_msgs/control_msgs/srv/detail/query_trajectory_state__traits.hpp
[4.782s] -- Up-to-date: /workspaces/diffbot/ros2_ws/install/control_msgs/include/control_msgs/control_msgs/srv/detail/query_calibration_state__builder.hpp
[4.782s] -- Up-to-date: /workspaces/diffbot/ros2_ws/install/control_msgs/include/control_msgs/control_msgs/srv/detail/query_trajectory_state__builder.hpp
[4.782s] -- Up-to-date: /workspaces/diffbot/ros2_ws/install/control_msgs/include/control_msgs/control_msgs/srv/detail/query_calibration_state__struct.hpp
[4.783s] -- Up-to-date: /workspaces/diffbot/ros2_ws/install/control_msgs/include/control_msgs/control_msgs/srv/detail/query_calibration_state__traits.hpp
[4.783s] -- Up-to-date: /workspaces/diffbot/ros2_ws/install/control_msgs/include/control_msgs/control_msgs/srv/query_calibration_state.hpp
[4.783s] -- Up-to-date: /workspaces/diffbot/ros2_ws/install/control_msgs/include/control_msgs/control_msgs/srv/query_trajectory_state.hpp
[4.783s] -- Up-to-date: /workspaces/diffbot/ros2_ws/install/control_msgs/include/control_msgs/control_msgs
[4.783s] -- Up-to-date: /workspaces/diffbot/ros2_ws/install/control_msgs/include/control_msgs/control_msgs/msg
[4.783s] -- Up-to-date: /workspaces/diffbot/ros2_ws/install/control_msgs/include/control_msgs/control_msgs/msg/detail
[4.783s] -- Up-to-date: /workspaces/diffbot/ros2_ws/install/control_msgs/include/control_msgs/control_msgs/msg/detail/joint_controller_state__rosidl_typesupport_fastrtps_cpp.hpp
[4.784s] -- Up-to-date: /workspaces/diffbot/ros2_ws/install/control_msgs/include/control_msgs/control_msgs/msg/detail/dynamic_joint_state__rosidl_typesupport_fastrtps_cpp.hpp
[4.784s] -- Up-to-date: /workspaces/diffbot/ros2_ws/install/control_msgs/include/control_msgs/control_msgs/msg/detail/joint_jog__rosidl_typesupport_fastrtps_cpp.hpp
[4.784s] -- Up-to-date: /workspaces/diffbot/ros2_ws/install/control_msgs/include/control_msgs/control_msgs/msg/detail/steering_controller_status__rosidl_typesupport_fastrtps_cpp.hpp
[4.784s] -- Up-to-date: /workspaces/diffbot/ros2_ws/install/control_msgs/include/control_msgs/control_msgs/msg/detail/dds_fastrtps
[4.784s] -- Up-to-date: /workspaces/diffbot/ros2_ws/install/control_msgs/include/control_msgs/control_msgs/msg/detail/interface_value__rosidl_typesupport_fastrtps_cpp.hpp
[4.784s] -- Up-to-date: /workspaces/diffbot/ros2_ws/install/control_msgs/include/control_msgs/control_msgs/msg/detail/joint_component_tolerance__rosidl_typesupport_fastrtps_cpp.hpp
[4.784s] -- Up-to-date: /workspaces/diffbot/ros2_ws/install/control_msgs/include/control_msgs/control_msgs/msg/detail/mecanum_drive_controller_state__rosidl_typesupport_fastrtps_cpp.hpp
[4.785s] -- Up-to-date: /workspaces/diffbot/ros2_ws/install/control_msgs/include/control_msgs/control_msgs/msg/detail/admittance_controller_state__rosidl_typesupport_fastrtps_cpp.hpp
[4.785s] -- Up-to-date: /workspaces/diffbot/ros2_ws/install/control_msgs/include/control_msgs/control_msgs/msg/detail/joint_trajectory_controller_state__rosidl_typesupport_fastrtps_cpp.hpp
[4.785s] -- Up-to-date: /workspaces/diffbot/ros2_ws/install/control_msgs/include/control_msgs/control_msgs/msg/detail/pid_state__rosidl_typesupport_fastrtps_cpp.hpp
[4.785s] -- Up-to-date: /workspaces/diffbot/ros2_ws/install/control_msgs/include/control_msgs/control_msgs/msg/detail/joint_tolerance__rosidl_typesupport_fastrtps_cpp.hpp
[4.785s] -- Up-to-date: /workspaces/diffbot/ros2_ws/install/control_msgs/include/control_msgs/control_msgs/msg/detail/gripper_command__rosidl_typesupport_fastrtps_cpp.hpp
[4.785s] -- Up-to-date: /workspaces/diffbot/ros2_ws/install/control_msgs/include/control_msgs/control_msgs/msg/rosidl_typesupport_fastrtps_cpp__visibility_control.h
[4.786s] -- Up-to-date: /workspaces/diffbot/ros2_ws/install/control_msgs/include/control_msgs/control_msgs/action
[4.786s] -- Up-to-date: /workspaces/diffbot/ros2_ws/install/control_msgs/include/control_msgs/control_msgs/action/detail
[4.786s] -- Up-to-date: /workspaces/diffbot/ros2_ws/install/control_msgs/include/control_msgs/control_msgs/action/detail/dds_fastrtps
[4.786s] -- Up-to-date: /workspaces/diffbot/ros2_ws/install/control_msgs/include/control_msgs/control_msgs/action/detail/joint_trajectory__rosidl_typesupport_fastrtps_cpp.hpp
[4.786s] -- Up-to-date: /workspaces/diffbot/ros2_ws/install/control_msgs/include/control_msgs/control_msgs/action/detail/point_head__rosidl_typesupport_fastrtps_cpp.hpp
[4.786s] -- Up-to-date: /workspaces/diffbot/ros2_ws/install/control_msgs/include/control_msgs/control_msgs/action/detail/follow_joint_trajectory__rosidl_typesupport_fastrtps_cpp.hpp
[4.786s] -- Up-to-date: /workspaces/diffbot/ros2_ws/install/control_msgs/include/control_msgs/control_msgs/action/detail/single_joint_position__rosidl_typesupport_fastrtps_cpp.hpp
[4.787s] -- Up-to-date: /workspaces/diffbot/ros2_ws/install/control_msgs/include/control_msgs/control_msgs/action/detail/gripper_command__rosidl_typesupport_fastrtps_cpp.hpp
[4.787s] -- Up-to-date: /workspaces/diffbot/ros2_ws/install/control_msgs/include/control_msgs/control_msgs/srv
[4.787s] -- Up-to-date: /workspaces/diffbot/ros2_ws/install/control_msgs/include/control_msgs/control_msgs/srv/detail
[4.787s] -- Up-to-date: /workspaces/diffbot/ros2_ws/install/control_msgs/include/control_msgs/control_msgs/srv/detail/query_trajectory_state__rosidl_typesupport_fastrtps_cpp.hpp
[4.787s] -- Up-to-date: /workspaces/diffbot/ros2_ws/install/control_msgs/include/control_msgs/control_msgs/srv/detail/dds_fastrtps
[4.787s] -- Up-to-date: /workspaces/diffbot/ros2_ws/install/control_msgs/include/control_msgs/control_msgs/srv/detail/query_calibration_state__rosidl_typesupport_fastrtps_cpp.hpp
[4.787s] -- Up-to-date: /workspaces/diffbot/ros2_ws/install/control_msgs/lib/libcontrol_msgs__rosidl_typesupport_fastrtps_cpp.so
[4.788s] -- Up-to-date: /workspaces/diffbot/ros2_ws/install/control_msgs/include/control_msgs/control_msgs
[4.788s] -- Up-to-date: /workspaces/diffbot/ros2_ws/install/control_msgs/include/control_msgs/control_msgs/msg
[4.788s] -- Up-to-date: /workspaces/diffbot/ros2_ws/install/control_msgs/include/control_msgs/control_msgs/msg/rosidl_typesupport_introspection_c__visibility_control.h
[4.788s] -- Up-to-date: /workspaces/diffbot/ros2_ws/install/control_msgs/include/control_msgs/control_msgs/msg/detail
[4.788s] -- Up-to-date: /workspaces/diffbot/ros2_ws/install/control_msgs/include/control_msgs/control_msgs/msg/detail/admittance_controller_state__type_support.c
[4.788s] -- Up-to-date: /workspaces/diffbot/ros2_ws/install/control_msgs/include/control_msgs/control_msgs/msg/detail/gripper_command__rosidl_typesupport_introspection_c.h
[4.788s] -- Up-to-date: /workspaces/diffbot/ros2_ws/install/control_msgs/include/control_msgs/control_msgs/msg/detail/joint_component_tolerance__rosidl_typesupport_introspection_c.h
[4.789s] -- Up-to-date: /workspaces/diffbot/ros2_ws/install/control_msgs/include/control_msgs/control_msgs/msg/detail/mecanum_drive_controller_state__type_support.c
[4.789s] -- Up-to-date: /workspaces/diffbot/ros2_ws/install/control_msgs/include/control_msgs/control_msgs/msg/detail/joint_component_tolerance__type_support.c
[4.789s] -- Up-to-date: /workspaces/diffbot/ros2_ws/install/control_msgs/include/control_msgs/control_msgs/msg/detail/pid_state__type_support.c
[4.789s] -- Up-to-date: /workspaces/diffbot/ros2_ws/install/control_msgs/include/control_msgs/control_msgs/msg/detail/joint_tolerance__type_support.c
[4.789s] -- Up-to-date: /workspaces/diffbot/ros2_ws/install/control_msgs/include/control_msgs/control_msgs/msg/detail/admittance_controller_state__rosidl_typesupport_introspection_c.h
[4.789s] -- Up-to-date: /workspaces/diffbot/ros2_ws/install/control_msgs/include/control_msgs/control_msgs/msg/detail/joint_trajectory_controller_state__rosidl_typesupport_introspection_c.h
[4.790s] -- Up-to-date: /workspaces/diffbot/ros2_ws/install/control_msgs/include/control_msgs/control_msgs/msg/detail/mecanum_drive_controller_state__rosidl_typesupport_introspection_c.h
[4.790s] -- Up-to-date: /workspaces/diffbot/ros2_ws/install/control_msgs/include/control_msgs/control_msgs/msg/detail/joint_controller_state__type_support.c
[4.790s] -- Up-to-date: /workspaces/diffbot/ros2_ws/install/control_msgs/include/control_msgs/control_msgs/msg/detail/joint_trajectory_controller_state__type_support.c
[4.790s] -- Up-to-date: /workspaces/diffbot/ros2_ws/install/control_msgs/include/control_msgs/control_msgs/msg/detail/joint_tolerance__rosidl_typesupport_introspection_c.h
[4.790s] -- Up-to-date: /workspaces/diffbot/ros2_ws/install/control_msgs/include/control_msgs/control_msgs/msg/detail/pid_state__rosidl_typesupport_introspection_c.h
[4.790s] -- Up-to-date: /workspaces/diffbot/ros2_ws/install/control_msgs/include/control_msgs/control_msgs/msg/detail/gripper_command__type_support.c
[4.790s] -- Up-to-date: /workspaces/diffbot/ros2_ws/install/control_msgs/include/control_msgs/control_msgs/msg/detail/interface_value__rosidl_typesupport_introspection_c.h
[4.794s] -- Up-to-date: /workspaces/diffbot/ros2_ws/install/control_msgs/include/control_msgs/control_msgs/msg/detail/dynamic_joint_state__type_support.c
[4.794s] -- Up-to-date: /workspaces/diffbot/ros2_ws/install/control_msgs/include/control_msgs/control_msgs/msg/detail/joint_jog__rosidl_typesupport_introspection_c.h
[4.794s] -- Up-to-date: /workspaces/diffbot/ros2_ws/install/control_msgs/include/control_msgs/control_msgs/msg/detail/joint_controller_state__rosidl_typesupport_introspection_c.h
[4.794s] -- Up-to-date: /workspaces/diffbot/ros2_ws/install/control_msgs/include/control_msgs/control_msgs/msg/detail/steering_controller_status__type_support.c
[4.794s] -- Up-to-date: /workspaces/diffbot/ros2_ws/install/control_msgs/include/control_msgs/control_msgs/msg/detail/dynamic_joint_state__rosidl_typesupport_introspection_c.h
[4.795s] -- Up-to-date: /workspaces/diffbot/ros2_ws/install/control_msgs/include/control_msgs/control_msgs/msg/detail/steering_controller_status__rosidl_typesupport_introspection_c.h
[4.795s] -- Up-to-date: /workspaces/diffbot/ros2_ws/install/control_msgs/include/control_msgs/control_msgs/msg/detail/joint_jog__type_support.c
[4.795s] -- Up-to-date: /workspaces/diffbot/ros2_ws/install/control_msgs/include/control_msgs/control_msgs/msg/detail/interface_value__type_support.c
[4.795s] -- Up-to-date: /workspaces/diffbot/ros2_ws/install/control_msgs/include/control_msgs/control_msgs/action
[4.795s] -- Up-to-date: /workspaces/diffbot/ros2_ws/install/control_msgs/include/control_msgs/control_msgs/action/detail
[4.795s] -- Up-to-date: /workspaces/diffbot/ros2_ws/install/control_msgs/include/control_msgs/control_msgs/action/detail/follow_joint_trajectory__rosidl_typesupport_introspection_c.h
[4.796s] -- Up-to-date: /workspaces/diffbot/ros2_ws/install/control_msgs/include/control_msgs/control_msgs/action/detail/gripper_command__rosidl_typesupport_introspection_c.h
[4.796s] -- Up-to-date: /workspaces/diffbot/ros2_ws/install/control_msgs/include/control_msgs/control_msgs/action/detail/point_head__rosidl_typesupport_introspection_c.h
[4.796s] -- Up-to-date: /workspaces/diffbot/ros2_ws/install/control_msgs/include/control_msgs/control_msgs/action/detail/point_head__type_support.c
[4.796s] -- Up-to-date: /workspaces/diffbot/ros2_ws/install/control_msgs/include/control_msgs/control_msgs/action/detail/joint_trajectory__type_support.c
[4.796s] -- Up-to-date: /workspaces/diffbot/ros2_ws/install/control_msgs/include/control_msgs/control_msgs/action/detail/gripper_command__type_support.c
[4.796s] -- Up-to-date: /workspaces/diffbot/ros2_ws/install/control_msgs/include/control_msgs/control_msgs/action/detail/single_joint_position__rosidl_typesupport_introspection_c.h
[4.796s] -- Up-to-date: /workspaces/diffbot/ros2_ws/install/control_msgs/include/control_msgs/control_msgs/action/detail/single_joint_position__type_support.c
[4.797s] -- Up-to-date: /workspaces/diffbot/ros2_ws/install/control_msgs/include/control_msgs/control_msgs/action/detail/joint_trajectory__rosidl_typesupport_introspection_c.h
[4.797s] -- Up-to-date: /workspaces/diffbot/ros2_ws/install/control_msgs/include/control_msgs/control_msgs/action/detail/follow_joint_trajectory__type_support.c
[4.797s] -- Up-to-date: /workspaces/diffbot/ros2_ws/install/control_msgs/include/control_msgs/control_msgs/srv
[4.797s] -- Up-to-date: /workspaces/diffbot/ros2_ws/install/control_msgs/include/control_msgs/control_msgs/srv/detail
[4.797s] -- Up-to-date: /workspaces/diffbot/ros2_ws/install/control_msgs/include/control_msgs/control_msgs/srv/detail/query_trajectory_state__type_support.c
[4.797s] -- Up-to-date: /workspaces/diffbot/ros2_ws/install/control_msgs/include/control_msgs/control_msgs/srv/detail/query_calibration_state__type_support.c
[4.798s] -- Up-to-date: /workspaces/diffbot/ros2_ws/install/control_msgs/include/control_msgs/control_msgs/srv/detail/query_calibration_state__rosidl_typesupport_introspection_c.h
[4.798s] -- Up-to-date: /workspaces/diffbot/ros2_ws/install/control_msgs/include/control_msgs/control_msgs/srv/detail/query_trajectory_state__rosidl_typesupport_introspection_c.h
[4.798s] -- Up-to-date: /workspaces/diffbot/ros2_ws/install/control_msgs/lib/libcontrol_msgs__rosidl_typesupport_introspection_c.so
[4.798s] -- Up-to-date: /workspaces/diffbot/ros2_ws/install/control_msgs/lib/libcontrol_msgs__rosidl_typesupport_c.so
[4.798s] -- Up-to-date: /workspaces/diffbot/ros2_ws/install/control_msgs/include/control_msgs/control_msgs
[4.798s] -- Up-to-date: /workspaces/diffbot/ros2_ws/install/control_msgs/include/control_msgs/control_msgs/msg
[4.806s] -- Up-to-date: /workspaces/diffbot/ros2_ws/install/control_msgs/include/control_msgs/control_msgs/msg/detail
[4.806s] -- Up-to-date: /workspaces/diffbot/ros2_ws/install/control_msgs/include/control_msgs/control_msgs/msg/detail/joint_trajectory_controller_state__rosidl_typesupport_introspection_cpp.hpp
[4.807s] -- Up-to-date: /workspaces/diffbot/ros2_ws/install/control_msgs/include/control_msgs/control_msgs/msg/detail/joint_trajectory_controller_state__type_support.cpp
[4.807s] -- Up-to-date: /workspaces/diffbot/ros2_ws/install/control_msgs/include/control_msgs/control_msgs/msg/detail/steering_controller_status__rosidl_typesupport_introspection_cpp.hpp
[4.807s] -- Up-to-date: /workspaces/diffbot/ros2_ws/install/control_msgs/include/control_msgs/control_msgs/msg/detail/mecanum_drive_controller_state__type_support.cpp
[4.807s] -- Up-to-date: /workspaces/diffbot/ros2_ws/install/control_msgs/include/control_msgs/control_msgs/msg/detail/joint_jog__rosidl_typesupport_introspection_cpp.hpp
[4.807s] -- Up-to-date: /workspaces/diffbot/ros2_ws/install/control_msgs/include/control_msgs/control_msgs/msg/detail/dynamic_joint_state__type_support.cpp
[4.807s] -- Up-to-date: /workspaces/diffbot/ros2_ws/install/control_msgs/include/control_msgs/control_msgs/msg/detail/interface_value__rosidl_typesupport_introspection_cpp.hpp
[4.807s] -- Up-to-date: /workspaces/diffbot/ros2_ws/install/control_msgs/include/control_msgs/control_msgs/msg/detail/mecanum_drive_controller_state__rosidl_typesupport_introspection_cpp.hpp
[4.808s] -- Up-to-date: /workspaces/diffbot/ros2_ws/install/control_msgs/include/control_msgs/control_msgs/msg/detail/steering_controller_status__type_support.cpp
[4.808s] -- Up-to-date: /workspaces/diffbot/ros2_ws/install/control_msgs/include/control_msgs/control_msgs/msg/detail/pid_state__type_support.cpp
[4.808s] -- Up-to-date: /workspaces/diffbot/ros2_ws/install/control_msgs/include/control_msgs/control_msgs/msg/detail/joint_controller_state__rosidl_typesupport_introspection_cpp.hpp
[4.808s] -- Up-to-date: /workspaces/diffbot/ros2_ws/install/control_msgs/include/control_msgs/control_msgs/msg/detail/joint_jog__type_support.cpp
[4.808s] -- Up-to-date: /workspaces/diffbot/ros2_ws/install/control_msgs/include/control_msgs/control_msgs/msg/detail/admittance_controller_state__rosidl_typesupport_introspection_cpp.hpp
[4.808s] -- Up-to-date: /workspaces/diffbot/ros2_ws/install/control_msgs/include/control_msgs/control_msgs/msg/detail/admittance_controller_state__type_support.cpp
[4.809s] -- Up-to-date: /workspaces/diffbot/ros2_ws/install/control_msgs/include/control_msgs/control_msgs/msg/detail/joint_tolerance__rosidl_typesupport_introspection_cpp.hpp
[4.809s] -- Up-to-date: /workspaces/diffbot/ros2_ws/install/control_msgs/include/control_msgs/control_msgs/msg/detail/gripper_command__type_support.cpp
[4.809s] -- Up-to-date: /workspaces/diffbot/ros2_ws/install/control_msgs/include/control_msgs/control_msgs/msg/detail/joint_tolerance__type_support.cpp
[4.809s] -- Up-to-date: /workspaces/diffbot/ros2_ws/install/control_msgs/include/control_msgs/control_msgs/msg/detail/pid_state__rosidl_typesupport_introspection_cpp.hpp
[4.809s] -- Up-to-date: /workspaces/diffbot/ros2_ws/install/control_msgs/include/control_msgs/control_msgs/msg/detail/dynamic_joint_state__rosidl_typesupport_introspection_cpp.hpp
[4.809s] -- Up-to-date: /workspaces/diffbot/ros2_ws/install/control_msgs/include/control_msgs/control_msgs/msg/detail/joint_component_tolerance__type_support.cpp
[4.809s] -- Up-to-date: /workspaces/diffbot/ros2_ws/install/control_msgs/include/control_msgs/control_msgs/msg/detail/joint_controller_state__type_support.cpp
[4.810s] -- Up-to-date: /workspaces/diffbot/ros2_ws/install/control_msgs/include/control_msgs/control_msgs/msg/detail/interface_value__type_support.cpp
[4.810s] -- Up-to-date: /workspaces/diffbot/ros2_ws/install/control_msgs/include/control_msgs/control_msgs/msg/detail/joint_component_tolerance__rosidl_typesupport_introspection_cpp.hpp
[4.810s] -- Up-to-date: /workspaces/diffbot/ros2_ws/install/control_msgs/include/control_msgs/control_msgs/msg/detail/gripper_command__rosidl_typesupport_introspection_cpp.hpp
[4.810s] -- Up-to-date: /workspaces/diffbot/ros2_ws/install/control_msgs/include/control_msgs/control_msgs/action
[4.810s] -- Up-to-date: /workspaces/diffbot/ros2_ws/install/control_msgs/include/control_msgs/control_msgs/action/detail
[4.810s] -- Up-to-date: /workspaces/diffbot/ros2_ws/install/control_msgs/include/control_msgs/control_msgs/action/detail/joint_trajectory__type_support.cpp
[4.811s] -- Up-to-date: /workspaces/diffbot/ros2_ws/install/control_msgs/include/control_msgs/control_msgs/action/detail/point_head__rosidl_typesupport_introspection_cpp.hpp
[4.811s] -- Up-to-date: /workspaces/diffbot/ros2_ws/install/control_msgs/include/control_msgs/control_msgs/action/detail/follow_joint_trajectory__type_support.cpp
[4.811s] -- Up-to-date: /workspaces/diffbot/ros2_ws/install/control_msgs/include/control_msgs/control_msgs/action/detail/joint_trajectory__rosidl_typesupport_introspection_cpp.hpp
[4.811s] -- Up-to-date: /workspaces/diffbot/ros2_ws/install/control_msgs/include/control_msgs/control_msgs/action/detail/follow_joint_trajectory__rosidl_typesupport_introspection_cpp.hpp
[4.811s] -- Up-to-date: /workspaces/diffbot/ros2_ws/install/control_msgs/include/control_msgs/control_msgs/action/detail/gripper_command__type_support.cpp
[4.812s] -- Up-to-date: /workspaces/diffbot/ros2_ws/install/control_msgs/include/control_msgs/control_msgs/action/detail/single_joint_position__type_support.cpp
[4.812s] -- Up-to-date: /workspaces/diffbot/ros2_ws/install/control_msgs/include/control_msgs/control_msgs/action/detail/single_joint_position__rosidl_typesupport_introspection_cpp.hpp
[4.812s] -- Up-to-date: /workspaces/diffbot/ros2_ws/install/control_msgs/include/control_msgs/control_msgs/action/detail/point_head__type_support.cpp
[4.812s] -- Up-to-date: /workspaces/diffbot/ros2_ws/install/control_msgs/include/control_msgs/control_msgs/action/detail/gripper_command__rosidl_typesupport_introspection_cpp.hpp
[4.812s] -- Up-to-date: /workspaces/diffbot/ros2_ws/install/control_msgs/include/control_msgs/control_msgs/srv
[4.812s] -- Up-to-date: /workspaces/diffbot/ros2_ws/install/control_msgs/include/control_msgs/control_msgs/srv/detail
[4.813s] -- Up-to-date: /workspaces/diffbot/ros2_ws/install/control_msgs/include/control_msgs/control_msgs/srv/detail/query_calibration_state__rosidl_typesupport_introspection_cpp.hpp
[4.813s] -- Up-to-date: /workspaces/diffbot/ros2_ws/install/control_msgs/include/control_msgs/control_msgs/srv/detail/query_trajectory_state__rosidl_typesupport_introspection_cpp.hpp
[4.813s] -- Up-to-date: /workspaces/diffbot/ros2_ws/install/control_msgs/include/control_msgs/control_msgs/srv/detail/query_calibration_state__type_support.cpp
[4.813s] -- Up-to-date: /workspaces/diffbot/ros2_ws/install/control_msgs/include/control_msgs/control_msgs/srv/detail/query_trajectory_state__type_support.cpp
[4.813s] -- Up-to-date: /workspaces/diffbot/ros2_ws/install/control_msgs/lib/libcontrol_msgs__rosidl_typesupport_introspection_cpp.so
[4.813s] -- Up-to-date: /workspaces/diffbot/ros2_ws/install/control_msgs/lib/libcontrol_msgs__rosidl_typesupport_cpp.so
[4.813s] -- Up-to-date: /workspaces/diffbot/ros2_ws/install/control_msgs/share/control_msgs/environment/pythonpath.sh
[4.814s] -- Up-to-date: /workspaces/diffbot/ros2_ws/install/control_msgs/share/control_msgs/environment/pythonpath.dsv
[4.814s] -- Up-to-date: /workspaces/diffbot/ros2_ws/install/control_msgs/local/lib/python3.10/dist-packages/control_msgs-4.4.0-py3.10.egg-info
[4.814s] -- Installing: /workspaces/diffbot/ros2_ws/install/control_msgs/local/lib/python3.10/dist-packages/control_msgs-4.4.0-py3.10.egg-info/top_level.txt
[4.814s] -- Installing: /workspaces/diffbot/ros2_ws/install/control_msgs/local/lib/python3.10/dist-packages/control_msgs-4.4.0-py3.10.egg-info/dependency_links.txt
[4.814s] -- Installing: /workspaces/diffbot/ros2_ws/install/control_msgs/local/lib/python3.10/dist-packages/control_msgs-4.4.0-py3.10.egg-info/PKG-INFO
[4.814s] -- Installing: /workspaces/diffbot/ros2_ws/install/control_msgs/local/lib/python3.10/dist-packages/control_msgs-4.4.0-py3.10.egg-info/SOURCES.txt
[4.815s] -- Up-to-date: /workspaces/diffbot/ros2_ws/install/control_msgs/local/lib/python3.10/dist-packages/control_msgs
[4.815s] -- Up-to-date: /workspaces/diffbot/ros2_ws/install/control_msgs/local/lib/python3.10/dist-packages/control_msgs/msg
[4.815s] -- Up-to-date: /workspaces/diffbot/ros2_ws/install/control_msgs/local/lib/python3.10/dist-packages/control_msgs/msg/_admittance_controller_state_s.c
[4.815s] -- Up-to-date: /workspaces/diffbot/ros2_ws/install/control_msgs/local/lib/python3.10/dist-packages/control_msgs/msg/_joint_tolerance_s.c
[4.815s] -- Up-to-date: /workspaces/diffbot/ros2_ws/install/control_msgs/local/lib/python3.10/dist-packages/control_msgs/msg/_dynamic_joint_state_s.c
[4.815s] -- Up-to-date: /workspaces/diffbot/ros2_ws/install/control_msgs/local/lib/python3.10/dist-packages/control_msgs/msg/_admittance_controller_state.py
[4.815s] -- Up-to-date: /workspaces/diffbot/ros2_ws/install/control_msgs/local/lib/python3.10/dist-packages/control_msgs/msg/_steering_controller_status_s.c
[4.816s] -- Up-to-date: /workspaces/diffbot/ros2_ws/install/control_msgs/local/lib/python3.10/dist-packages/control_msgs/msg/_pid_state_s.c
[4.816s] -- Up-to-date: /workspaces/diffbot/ros2_ws/install/control_msgs/local/lib/python3.10/dist-packages/control_msgs/msg/_mecanum_drive_controller_state_s.c
[4.816s] -- Up-to-date: /workspaces/diffbot/ros2_ws/install/control_msgs/local/lib/python3.10/dist-packages/control_msgs/msg/_joint_controller_state.py
[4.816s] -- Up-to-date: /workspaces/diffbot/ros2_ws/install/control_msgs/local/lib/python3.10/dist-packages/control_msgs/msg/_joint_tolerance.py
[4.816s] -- Up-to-date: /workspaces/diffbot/ros2_ws/install/control_msgs/local/lib/python3.10/dist-packages/control_msgs/msg/_steering_controller_status.py
[4.816s] -- Up-to-date: /workspaces/diffbot/ros2_ws/install/control_msgs/local/lib/python3.10/dist-packages/control_msgs/msg/_joint_jog_s.c
[4.817s] -- Up-to-date: /workspaces/diffbot/ros2_ws/install/control_msgs/local/lib/python3.10/dist-packages/control_msgs/msg/_joint_trajectory_controller_state_s.c
[4.817s] -- Up-to-date: /workspaces/diffbot/ros2_ws/install/control_msgs/local/lib/python3.10/dist-packages/control_msgs/msg/_interface_value.py
[4.817s] -- Up-to-date: /workspaces/diffbot/ros2_ws/install/control_msgs/local/lib/python3.10/dist-packages/control_msgs/msg/_gripper_command.py
[4.817s] -- Up-to-date: /workspaces/diffbot/ros2_ws/install/control_msgs/local/lib/python3.10/dist-packages/control_msgs/msg/_joint_jog.py
[4.817s] -- Up-to-date: /workspaces/diffbot/ros2_ws/install/control_msgs/local/lib/python3.10/dist-packages/control_msgs/msg/_joint_component_tolerance_s.c
[4.817s] -- Up-to-date: /workspaces/diffbot/ros2_ws/install/control_msgs/local/lib/python3.10/dist-packages/control_msgs/msg/_joint_controller_state_s.c
[4.817s] -- Up-to-date: /workspaces/diffbot/ros2_ws/install/control_msgs/local/lib/python3.10/dist-packages/control_msgs/msg/_interface_value_s.c
[4.817s] -- Up-to-date: /workspaces/diffbot/ros2_ws/install/control_msgs/local/lib/python3.10/dist-packages/control_msgs/msg/__init__.py
[4.818s] -- Up-to-date: /workspaces/diffbot/ros2_ws/install/control_msgs/local/lib/python3.10/dist-packages/control_msgs/msg/_dynamic_joint_state.py
[4.818s] -- Up-to-date: /workspaces/diffbot/ros2_ws/install/control_msgs/local/lib/python3.10/dist-packages/control_msgs/msg/_pid_state.py
[4.818s] -- Up-to-date: /workspaces/diffbot/ros2_ws/install/control_msgs/local/lib/python3.10/dist-packages/control_msgs/msg/_mecanum_drive_controller_state.py
[4.818s] -- Up-to-date: /workspaces/diffbot/ros2_ws/install/control_msgs/local/lib/python3.10/dist-packages/control_msgs/msg/_gripper_command_s.c
[4.818s] -- Up-to-date: /workspaces/diffbot/ros2_ws/install/control_msgs/local/lib/python3.10/dist-packages/control_msgs/msg/_joint_trajectory_controller_state.py
[4.818s] -- Up-to-date: /workspaces/diffbot/ros2_ws/install/control_msgs/local/lib/python3.10/dist-packages/control_msgs/msg/_joint_component_tolerance.py
[4.818s] -- Up-to-date: /workspaces/diffbot/ros2_ws/install/control_msgs/local/lib/python3.10/dist-packages/control_msgs/_control_msgs_s.ep.rosidl_typesupport_introspection_c.c
[4.819s] -- Up-to-date: /workspaces/diffbot/ros2_ws/install/control_msgs/local/lib/python3.10/dist-packages/control_msgs/action
[4.819s] -- Up-to-date: /workspaces/diffbot/ros2_ws/install/control_msgs/local/lib/python3.10/dist-packages/control_msgs/action/_single_joint_position_s.c
[4.819s] -- Up-to-date: /workspaces/diffbot/ros2_ws/install/control_msgs/local/lib/python3.10/dist-packages/control_msgs/action/_follow_joint_trajectory.py
[4.819s] -- Up-to-date: /workspaces/diffbot/ros2_ws/install/control_msgs/local/lib/python3.10/dist-packages/control_msgs/action/_gripper_command.py
[4.819s] -- Up-to-date: /workspaces/diffbot/ros2_ws/install/control_msgs/local/lib/python3.10/dist-packages/control_msgs/action/_joint_trajectory_s.c
[4.819s] -- Up-to-date: /workspaces/diffbot/ros2_ws/install/control_msgs/local/lib/python3.10/dist-packages/control_msgs/action/_joint_trajectory.py
[4.820s] -- Up-to-date: /workspaces/diffbot/ros2_ws/install/control_msgs/local/lib/python3.10/dist-packages/control_msgs/action/_single_joint_position.py
[4.820s] -- Up-to-date: /workspaces/diffbot/ros2_ws/install/control_msgs/local/lib/python3.10/dist-packages/control_msgs/action/__init__.py
[4.820s] -- Up-to-date: /workspaces/diffbot/ros2_ws/install/control_msgs/local/lib/python3.10/dist-packages/control_msgs/action/_follow_joint_trajectory_s.c
[4.820s] -- Up-to-date: /workspaces/diffbot/ros2_ws/install/control_msgs/local/lib/python3.10/dist-packages/control_msgs/action/_point_head.py
[4.820s] -- Up-to-date: /workspaces/diffbot/ros2_ws/install/control_msgs/local/lib/python3.10/dist-packages/control_msgs/action/_point_head_s.c
[4.820s] -- Up-to-date: /workspaces/diffbot/ros2_ws/install/control_msgs/local/lib/python3.10/dist-packages/control_msgs/action/_gripper_command_s.c
[4.820s] -- Up-to-date: /workspaces/diffbot/ros2_ws/install/control_msgs/local/lib/python3.10/dist-packages/control_msgs/srv
[4.821s] -- Up-to-date: /workspaces/diffbot/ros2_ws/install/control_msgs/local/lib/python3.10/dist-packages/control_msgs/srv/_query_calibration_state.py
[4.821s] -- Up-to-date: /workspaces/diffbot/ros2_ws/install/control_msgs/local/lib/python3.10/dist-packages/control_msgs/srv/_query_calibration_state_s.c
[4.821s] -- Up-to-date: /workspaces/diffbot/ros2_ws/install/control_msgs/local/lib/python3.10/dist-packages/control_msgs/srv/_query_trajectory_state.py
[4.821s] -- Up-to-date: /workspaces/diffbot/ros2_ws/install/control_msgs/local/lib/python3.10/dist-packages/control_msgs/srv/__init__.py
[4.821s] -- Up-to-date: /workspaces/diffbot/ros2_ws/install/control_msgs/local/lib/python3.10/dist-packages/control_msgs/srv/_query_trajectory_state_s.c
[4.821s] -- Up-to-date: /workspaces/diffbot/ros2_ws/install/control_msgs/local/lib/python3.10/dist-packages/control_msgs/libcontrol_msgs__rosidl_generator_py.so
[4.821s] -- Up-to-date: /workspaces/diffbot/ros2_ws/install/control_msgs/local/lib/python3.10/dist-packages/control_msgs/_control_msgs_s.ep.rosidl_typesupport_fastrtps_c.c
[4.822s] -- Up-to-date: /workspaces/diffbot/ros2_ws/install/control_msgs/local/lib/python3.10/dist-packages/control_msgs/__init__.py
[4.822s] -- Up-to-date: /workspaces/diffbot/ros2_ws/install/control_msgs/local/lib/python3.10/dist-packages/control_msgs/control_msgs_s__rosidl_typesupport_c.cpython-310-x86_64-linux-gnu.so
[4.822s] -- Up-to-date: /workspaces/diffbot/ros2_ws/install/control_msgs/local/lib/python3.10/dist-packages/control_msgs/control_msgs_s__rosidl_typesupport_fastrtps_c.cpython-310-x86_64-linux-gnu.so
[4.822s] -- Up-to-date: /workspaces/diffbot/ros2_ws/install/control_msgs/local/lib/python3.10/dist-packages/control_msgs/control_msgs_s__rosidl_typesupport_introspection_c.cpython-310-x86_64-linux-gnu.so
[4.822s] -- Up-to-date: /workspaces/diffbot/ros2_ws/install/control_msgs/local/lib/python3.10/dist-packages/control_msgs/_control_msgs_s.ep.rosidl_typesupport_c.c
[4.909s] Listing '/workspaces/diffbot/ros2_ws/install/control_msgs/local/lib/python3.10/dist-packages/control_msgs'...
[4.910s] Listing '/workspaces/diffbot/ros2_ws/install/control_msgs/local/lib/python3.10/dist-packages/control_msgs/action'...
[4.910s] Listing '/workspaces/diffbot/ros2_ws/install/control_msgs/local/lib/python3.10/dist-packages/control_msgs/msg'...
[4.910s] Listing '/workspaces/diffbot/ros2_ws/install/control_msgs/local/lib/python3.10/dist-packages/control_msgs/srv'...
[4.921s] -- Up-to-date: /workspaces/diffbot/ros2_ws/install/control_msgs/local/lib/python3.10/dist-packages/control_msgs/control_msgs_s__rosidl_typesupport_fastrtps_c.cpython-310-x86_64-linux-gnu.so
[4.922s] -- Up-to-date: /workspaces/diffbot/ros2_ws/install/control_msgs/local/lib/python3.10/dist-packages/control_msgs/control_msgs_s__rosidl_typesupport_introspection_c.cpython-310-x86_64-linux-gnu.so
[4.923s] -- Up-to-date: /workspaces/diffbot/ros2_ws/install/control_msgs/local/lib/python3.10/dist-packages/control_msgs/control_msgs_s__rosidl_typesupport_c.cpython-310-x86_64-linux-gnu.so
[4.929s] -- Up-to-date: /workspaces/diffbot/ros2_ws/install/control_msgs/lib/libcontrol_msgs__rosidl_generator_py.so
[4.930s] -- Up-to-date: /workspaces/diffbot/ros2_ws/install/control_msgs/share/control_msgs/action/FollowJointTrajectory.idl
[4.930s] -- Up-to-date: /workspaces/diffbot/ros2_ws/install/control_msgs/share/control_msgs/action/GripperCommand.idl
[4.931s] -- Up-to-date: /workspaces/diffbot/ros2_ws/install/control_msgs/share/control_msgs/action/JointTrajectory.idl
[4.931s] -- Up-to-date: /workspaces/diffbot/ros2_ws/install/control_msgs/share/control_msgs/action/PointHead.idl
[4.932s] -- Up-to-date: /workspaces/diffbot/ros2_ws/install/control_msgs/share/control_msgs/action/SingleJointPosition.idl
[4.932s] -- Up-to-date: /workspaces/diffbot/ros2_ws/install/control_msgs/share/control_msgs/msg/AdmittanceControllerState.idl
[4.933s] -- Up-to-date: /workspaces/diffbot/ros2_ws/install/control_msgs/share/control_msgs/msg/DynamicJointState.idl
[4.933s] -- Up-to-date: /workspaces/diffbot/ros2_ws/install/control_msgs/share/control_msgs/msg/GripperCommand.idl
[4.934s] -- Up-to-date: /workspaces/diffbot/ros2_ws/install/control_msgs/share/control_msgs/msg/InterfaceValue.idl
[4.934s] -- Up-to-date: /workspaces/diffbot/ros2_ws/install/control_msgs/share/control_msgs/msg/JointComponentTolerance.idl
[4.935s] -- Up-to-date: /workspaces/diffbot/ros2_ws/install/control_msgs/share/control_msgs/msg/JointControllerState.idl
[4.935s] -- Up-to-date: /workspaces/diffbot/ros2_ws/install/control_msgs/share/control_msgs/msg/JointJog.idl
[4.936s] -- Up-to-date: /workspaces/diffbot/ros2_ws/install/control_msgs/share/control_msgs/msg/JointTolerance.idl
[4.937s] -- Up-to-date: /workspaces/diffbot/ros2_ws/install/control_msgs/share/control_msgs/msg/JointTrajectoryControllerState.idl
[4.937s] -- Up-to-date: /workspaces/diffbot/ros2_ws/install/control_msgs/share/control_msgs/msg/MecanumDriveControllerState.idl
[4.938s] -- Up-to-date: /workspaces/diffbot/ros2_ws/install/control_msgs/share/control_msgs/msg/PidState.idl
[4.939s] -- Up-to-date: /workspaces/diffbot/ros2_ws/install/control_msgs/share/control_msgs/msg/SteeringControllerStatus.idl
[4.940s] -- Up-to-date: /workspaces/diffbot/ros2_ws/install/control_msgs/share/control_msgs/srv/QueryCalibrationState.idl
[4.940s] -- Up-to-date: /workspaces/diffbot/ros2_ws/install/control_msgs/share/control_msgs/srv/QueryTrajectoryState.idl
[4.940s] -- Up-to-date: /workspaces/diffbot/ros2_ws/install/control_msgs/share/control_msgs/action/FollowJointTrajectory.action
[4.941s] -- Up-to-date: /workspaces/diffbot/ros2_ws/install/control_msgs/share/control_msgs/action/GripperCommand.action
[4.941s] -- Up-to-date: /workspaces/diffbot/ros2_ws/install/control_msgs/share/control_msgs/action/JointTrajectory.action
[4.942s] -- Up-to-date: /workspaces/diffbot/ros2_ws/install/control_msgs/share/control_msgs/action/PointHead.action
[4.942s] -- Up-to-date: /workspaces/diffbot/ros2_ws/install/control_msgs/share/control_msgs/action/SingleJointPosition.action
[4.944s] -- Up-to-date: /workspaces/diffbot/ros2_ws/install/control_msgs/share/control_msgs/msg/AdmittanceControllerState.msg
[4.946s] -- Up-to-date: /workspaces/diffbot/ros2_ws/install/control_msgs/share/control_msgs/msg/DynamicJointState.msg
[4.946s] -- Up-to-date: /workspaces/diffbot/ros2_ws/install/control_msgs/share/control_msgs/msg/GripperCommand.msg
[4.946s] -- Up-to-date: /workspaces/diffbot/ros2_ws/install/control_msgs/share/control_msgs/msg/InterfaceValue.msg
[4.946s] -- Up-to-date: /workspaces/diffbot/ros2_ws/install/control_msgs/share/control_msgs/msg/JointComponentTolerance.msg
[4.946s] -- Up-to-date: /workspaces/diffbot/ros2_ws/install/control_msgs/share/control_msgs/msg/JointControllerState.msg
[4.950s] -- Up-to-date: /workspaces/diffbot/ros2_ws/install/control_msgs/share/control_msgs/msg/JointJog.msg
[4.951s] -- Up-to-date: /workspaces/diffbot/ros2_ws/install/control_msgs/share/control_msgs/msg/JointTolerance.msg
[4.952s] -- Up-to-date: /workspaces/diffbot/ros2_ws/install/control_msgs/share/control_msgs/msg/JointTrajectoryControllerState.msg
[4.952s] -- Up-to-date: /workspaces/diffbot/ros2_ws/install/control_msgs/share/control_msgs/msg/MecanumDriveControllerState.msg
[4.955s] -- Up-to-date: /workspaces/diffbot/ros2_ws/install/control_msgs/share/control_msgs/msg/PidState.msg
[4.956s] -- Up-to-date: /workspaces/diffbot/ros2_ws/install/control_msgs/share/control_msgs/msg/SteeringControllerStatus.msg
[4.956s] -- Up-to-date: /workspaces/diffbot/ros2_ws/install/control_msgs/share/control_msgs/srv/QueryCalibrationState.srv
[4.957s] -- Up-to-date: /workspaces/diffbot/ros2_ws/install/control_msgs/share/control_msgs/srv/QueryCalibrationState_Request.msg
[4.958s] -- Up-to-date: /workspaces/diffbot/ros2_ws/install/control_msgs/share/control_msgs/srv/QueryCalibrationState_Response.msg
[4.958s] -- Up-to-date: /workspaces/diffbot/ros2_ws/install/control_msgs/share/control_msgs/srv/QueryTrajectoryState.srv
[4.958s] -- Up-to-date: /workspaces/diffbot/ros2_ws/install/control_msgs/share/control_msgs/srv/QueryTrajectoryState_Request.msg
[4.961s] -- Up-to-date: /workspaces/diffbot/ros2_ws/install/control_msgs/share/control_msgs/srv/QueryTrajectoryState_Response.msg
[4.961s] -- Up-to-date: /workspaces/diffbot/ros2_ws/install/control_msgs/share/ament_index/resource_index/package_run_dependencies/control_msgs
[4.962s] -- Up-to-date: /workspaces/diffbot/ros2_ws/install/control_msgs/share/ament_index/resource_index/parent_prefix_path/control_msgs
[4.962s] -- Up-to-date: /workspaces/diffbot/ros2_ws/install/control_msgs/share/control_msgs/environment/ament_prefix_path.sh
[4.962s] -- Up-to-date: /workspaces/diffbot/ros2_ws/install/control_msgs/share/control_msgs/environment/ament_prefix_path.dsv
[4.962s] -- Up-to-date: /workspaces/diffbot/ros2_ws/install/control_msgs/share/control_msgs/environment/path.sh
[4.963s] -- Up-to-date: /workspaces/diffbot/ros2_ws/install/control_msgs/share/control_msgs/environment/path.dsv
[4.963s] -- Up-to-date: /workspaces/diffbot/ros2_ws/install/control_msgs/share/control_msgs/local_setup.bash
[4.964s] -- Up-to-date: /workspaces/diffbot/ros2_ws/install/control_msgs/share/control_msgs/local_setup.sh
[4.964s] -- Up-to-date: /workspaces/diffbot/ros2_ws/install/control_msgs/share/control_msgs/local_setup.zsh
[4.964s] -- Up-to-date: /workspaces/diffbot/ros2_ws/install/control_msgs/share/control_msgs/local_setup.dsv
[4.964s] -- Installing: /workspaces/diffbot/ros2_ws/install/control_msgs/share/control_msgs/package.dsv
[4.965s] -- Up-to-date: /workspaces/diffbot/ros2_ws/install/control_msgs/share/ament_index/resource_index/packages/control_msgs
[4.966s] -- Up-to-date: /workspaces/diffbot/ros2_ws/install/control_msgs/share/control_msgs/cmake/export_control_msgs__rosidl_generator_cExport.cmake
[4.967s] -- Up-to-date: /workspaces/diffbot/ros2_ws/install/control_msgs/share/control_msgs/cmake/export_control_msgs__rosidl_generator_cExport-noconfig.cmake
[4.967s] -- Up-to-date: /workspaces/diffbot/ros2_ws/install/control_msgs/share/control_msgs/cmake/export_control_msgs__rosidl_typesupport_fastrtps_cExport.cmake
[4.968s] -- Up-to-date: /workspaces/diffbot/ros2_ws/install/control_msgs/share/control_msgs/cmake/export_control_msgs__rosidl_typesupport_fastrtps_cExport-noconfig.cmake
[4.968s] -- Up-to-date: /workspaces/diffbot/ros2_ws/install/control_msgs/share/control_msgs/cmake/export_control_msgs__rosidl_generator_cppExport.cmake
[4.968s] -- Up-to-date: /workspaces/diffbot/ros2_ws/install/control_msgs/share/control_msgs/cmake/export_control_msgs__rosidl_typesupport_fastrtps_cppExport.cmake
[4.968s] -- Up-to-date: /workspaces/diffbot/ros2_ws/install/control_msgs/share/control_msgs/cmake/export_control_msgs__rosidl_typesupport_fastrtps_cppExport-noconfig.cmake
[4.968s] -- Up-to-date: /workspaces/diffbot/ros2_ws/install/control_msgs/share/control_msgs/cmake/control_msgs__rosidl_typesupport_introspection_cExport.cmake
[4.968s] -- Up-to-date: /workspaces/diffbot/ros2_ws/install/control_msgs/share/control_msgs/cmake/control_msgs__rosidl_typesupport_introspection_cExport-noconfig.cmake
[4.970s] -- Up-to-date: /workspaces/diffbot/ros2_ws/install/control_msgs/share/control_msgs/cmake/control_msgs__rosidl_typesupport_cExport.cmake
[4.970s] -- Up-to-date: /workspaces/diffbot/ros2_ws/install/control_msgs/share/control_msgs/cmake/control_msgs__rosidl_typesupport_cExport-noconfig.cmake
[4.970s] -- Up-to-date: /workspaces/diffbot/ros2_ws/install/control_msgs/share/control_msgs/cmake/control_msgs__rosidl_typesupport_introspection_cppExport.cmake
[4.971s] -- Up-to-date: /workspaces/diffbot/ros2_ws/install/control_msgs/share/control_msgs/cmake/control_msgs__rosidl_typesupport_introspection_cppExport-noconfig.cmake
[4.971s] -- Up-to-date: /workspaces/diffbot/ros2_ws/install/control_msgs/share/control_msgs/cmake/control_msgs__rosidl_typesupport_cppExport.cmake
[4.971s] -- Up-to-date: /workspaces/diffbot/ros2_ws/install/control_msgs/share/control_msgs/cmake/control_msgs__rosidl_typesupport_cppExport-noconfig.cmake
[4.971s] -- Up-to-date: /workspaces/diffbot/ros2_ws/install/control_msgs/share/control_msgs/cmake/export_control_msgs__rosidl_generator_pyExport.cmake
[4.971s] -- Up-to-date: /workspaces/diffbot/ros2_ws/install/control_msgs/share/control_msgs/cmake/export_control_msgs__rosidl_generator_pyExport-noconfig.cmake
[4.971s] -- Up-to-date: /workspaces/diffbot/ros2_ws/install/control_msgs/share/control_msgs/cmake/rosidl_cmake-extras.cmake
[4.978s] -- Up-to-date: /workspaces/diffbot/ros2_ws/install/control_msgs/share/control_msgs/cmake/ament_cmake_export_dependencies-extras.cmake
[5.004s] -- Up-to-date: /workspaces/diffbot/ros2_ws/install/control_msgs/share/control_msgs/cmake/ament_cmake_export_include_directories-extras.cmake
[5.004s] -- Up-to-date: /workspaces/diffbot/ros2_ws/install/control_msgs/share/control_msgs/cmake/ament_cmake_export_libraries-extras.cmake
[5.004s] -- Up-to-date: /workspaces/diffbot/ros2_ws/install/control_msgs/share/control_msgs/cmake/ament_cmake_export_targets-extras.cmake
[5.004s] -- Up-to-date: /workspaces/diffbot/ros2_ws/install/control_msgs/share/control_msgs/cmake/rosidl_cmake_export_typesupport_targets-extras.cmake
[5.004s] -- Up-to-date: /workspaces/diffbot/ros2_ws/install/control_msgs/share/control_msgs/cmake/rosidl_cmake_export_typesupport_libraries-extras.cmake
[5.005s] -- Up-to-date: /workspaces/diffbot/ros2_ws/install/control_msgs/share/control_msgs/cmake/control_msgsConfig.cmake
[5.005s] -- Up-to-date: /workspaces/diffbot/ros2_ws/install/control_msgs/share/control_msgs/cmake/control_msgsConfig-version.cmake
[5.005s] -- Up-to-date: /workspaces/diffbot/ros2_ws/install/control_msgs/share/control_msgs/package.xml
[5.005s] Invoked command in '/workspaces/diffbot/ros2_ws/build/control_msgs' returned '0': CMAKE_PREFIX_PATH=${CMAKE_PREFIX_PATH}:/workspaces/diffbot/ros2_ws/install/rqt_controller_manager:/workspaces/diffbot/ros2_ws/install/ros2controlcli:/workspaces/diffbot/ros2_ws/install/ros2_controllers_test_nodes:/workspaces/diffbot/ros2_ws/install/controller:/opt/ros/humble /usr/bin/cmake --install /workspaces/diffbot/ros2_ws/build/control_msgs
