[0.219s] Invoking command in '/home/lulav/ros2_ws/build/ros2_control_demo_mydiffbot': AMENT_PREFIX_PATH=/home/lulav/ros2_ws/install/ros2controlcli:/home/lulav/ros2_ws/install/joint_state_broadcaster:/home/lulav/ros2_ws/install/diff_drive_controller:/home/lulav/ros2_ws/install/controller_manager:/home/lulav/ros2_ws/install/controller_interface:/home/lulav/ros2_ws/install/hardware_interface:/home/lulav/ros2_ws/install/ros2_controllers_test_nodes:/home/lulav/ros2_ws/install/ros2_control_test_assets:/home/lulav/ros2_ws/install/realtime_tools:/home/lulav/ros2_ws/install/controller_manager_msgs:/home/lulav/ros2_ws/install/control_msgs:${AMENT_PREFIX_PATH} CMAKE_PREFIX_PATH=/home/lulav/ros2_ws/install/joint_state_broadcaster:/home/lulav/ros2_ws/install/diff_drive_controller:/home/lulav/ros2_ws/install/controller_manager:/home/lulav/ros2_ws/install/controller_interface:/home/lulav/ros2_ws/install/hardware_interface:/home/lulav/ros2_ws/install/ros2_control_test_assets:/home/lulav/ros2_ws/install/realtime_tools:/home/lulav/ros2_ws/install/controller_manager_msgs:/home/lulav/ros2_ws/install/control_msgs:/opt/ros/humble LD_LIBRARY_PATH=/home/lulav/ros2_ws/install/joint_state_broadcaster/lib:/home/lulav/ros2_ws/install/diff_drive_controller/lib:/home/lulav/ros2_ws/install/controller_manager/lib:/home/lulav/ros2_ws/install/controller_interface/lib:/home/lulav/ros2_ws/install/hardware_interface/lib:/home/lulav/ros2_ws/install/realtime_tools/lib:/home/lulav/ros2_ws/install/controller_manager_msgs/lib:/home/lulav/ros2_ws/install/control_msgs/lib:${LD_LIBRARY_PATH} PYTHONPATH=/home/lulav/ros2_ws/install/ros2controlcli/lib/python3.10/site-packages:/home/lulav/ros2_ws/install/controller_manager/local/lib/python3.10/dist-packages:/home/lulav/ros2_ws/install/ros2_controllers_test_nodes/lib/python3.10/site-packages:/home/lulav/ros2_ws/install/controller_manager_msgs/local/lib/python3.10/dist-packages:/home/lulav/ros2_ws/install/control_msgs/local/lib/python3.10/dist-packages:${PYTHONPATH} /usr/bin/cmake /home/lulav/ros2_ws/src/mydiffbot -DCMAKE_INSTALL_PREFIX=/home/lulav/ros2_ws/install/ros2_control_demo_mydiffbot
[0.689s] -- The CXX compiler identification is GNU 11.4.0
[0.725s] -- Detecting CXX compiler ABI info
[1.032s] -- Detecting CXX compiler ABI info - done
[1.072s] -- Check for working CXX compiler: /usr/bin/c++ - skipped
[1.079s] -- Detecting CXX compile features
[1.082s] -- Detecting CXX compile features - done
[1.098s] -- Found ament_cmake: 1.3.5 (/opt/ros/humble/share/ament_cmake/cmake)
[1.683s] -- Found Python3: /usr/bin/python3.10 (found version "3.10.12") found components: Interpreter 
[1.945s] -- Found hardware_interface: 2.29.0 (/home/lulav/ros2_ws/install/hardware_interface/share/hardware_interface/cmake)
[2.063s] -- Found rosidl_generator_c: 3.1.5 (/opt/ros/humble/share/rosidl_generator_c/cmake)
[2.078s] -- Found rosidl_adapter: 3.1.5 (/opt/ros/humble/share/rosidl_adapter/cmake)
[2.103s] -- Found rosidl_generator_cpp: 3.1.5 (/opt/ros/humble/share/rosidl_generator_cpp/cmake)
[2.143s] -- Using all available rosidl_typesupport_c: rosidl_typesupport_fastrtps_c;rosidl_typesupport_introspection_c
[2.192s] -- Using all available rosidl_typesupport_cpp: rosidl_typesupport_fastrtps_cpp;rosidl_typesupport_introspection_cpp
[4.054s] -- Found rmw_implementation_cmake: 6.1.1 (/opt/ros/humble/share/rmw_implementation_cmake/cmake)
[4.062s] -- Found rmw_fastrtps_cpp: 6.2.3 (/opt/ros/humble/share/rmw_fastrtps_cpp/cmake)
[4.328s] -- Found OpenSSL: /usr/lib/x86_64-linux-gnu/libcrypto.so (found version "3.0.2")  
[4.408s] -- Found FastRTPS: /opt/ros/humble/include  
[4.535s] -- Using RMW implementation 'rmw_fastrtps_cpp' as default
[4.563s] -- Looking for C++ include pthread.h
[4.733s] -- Looking for C++ include pthread.h - found
[4.733s] -- Performing Test CMAKE_HAVE_LIBC_PTHREAD
[4.906s] -- Performing Test CMAKE_HAVE_LIBC_PTHREAD - Success
[4.908s] -- Found Threads: TRUE  
[5.389s] [31mCMake Error at /opt/ros/humble/share/pluginlib/cmake/pluginlib_export_plugin_description_file.cmake:84 (message):
[5.389s]   Given plugin description file
[5.389s]   '/home/lulav/ros2_ws/src/mydiffbot/ros2_control_demo_mydiffbot.xml' does
[5.389s]   not exist
[5.389s] Call Stack (most recent call first):
[5.390s]   CMakeLists.txt:44 (pluginlib_export_plugin_description_file)
[5.390s] 
[5.390s] [0m
[5.390s] -- Configuring incomplete, errors occurred!
[5.390s] See also "/home/lulav/ros2_ws/build/ros2_control_demo_mydiffbot/CMakeFiles/CMakeOutput.log".
[5.402s] Invoked command in '/home/lulav/ros2_ws/build/ros2_control_demo_mydiffbot' returned '1': AMENT_PREFIX_PATH=/home/lulav/ros2_ws/install/ros2controlcli:/home/lulav/ros2_ws/install/joint_state_broadcaster:/home/lulav/ros2_ws/install/diff_drive_controller:/home/lulav/ros2_ws/install/controller_manager:/home/lulav/ros2_ws/install/controller_interface:/home/lulav/ros2_ws/install/hardware_interface:/home/lulav/ros2_ws/install/ros2_controllers_test_nodes:/home/lulav/ros2_ws/install/ros2_control_test_assets:/home/lulav/ros2_ws/install/realtime_tools:/home/lulav/ros2_ws/install/controller_manager_msgs:/home/lulav/ros2_ws/install/control_msgs:${AMENT_PREFIX_PATH} CMAKE_PREFIX_PATH=/home/lulav/ros2_ws/install/joint_state_broadcaster:/home/lulav/ros2_ws/install/diff_drive_controller:/home/lulav/ros2_ws/install/controller_manager:/home/lulav/ros2_ws/install/controller_interface:/home/lulav/ros2_ws/install/hardware_interface:/home/lulav/ros2_ws/install/ros2_control_test_assets:/home/lulav/ros2_ws/install/realtime_tools:/home/lulav/ros2_ws/install/controller_manager_msgs:/home/lulav/ros2_ws/install/control_msgs:/opt/ros/humble LD_LIBRARY_PATH=/home/lulav/ros2_ws/install/joint_state_broadcaster/lib:/home/lulav/ros2_ws/install/diff_drive_controller/lib:/home/lulav/ros2_ws/install/controller_manager/lib:/home/lulav/ros2_ws/install/controller_interface/lib:/home/lulav/ros2_ws/install/hardware_interface/lib:/home/lulav/ros2_ws/install/realtime_tools/lib:/home/lulav/ros2_ws/install/controller_manager_msgs/lib:/home/lulav/ros2_ws/install/control_msgs/lib:${LD_LIBRARY_PATH} PYTHONPATH=/home/lulav/ros2_ws/install/ros2controlcli/lib/python3.10/site-packages:/home/lulav/ros2_ws/install/controller_manager/local/lib/python3.10/dist-packages:/home/lulav/ros2_ws/install/ros2_controllers_test_nodes/lib/python3.10/site-packages:/home/lulav/ros2_ws/install/controller_manager_msgs/local/lib/python3.10/dist-packages:/home/lulav/ros2_ws/install/control_msgs/local/lib/python3.10/dist-packages:${PYTHONPATH} /usr/bin/cmake /home/lulav/ros2_ws/src/mydiffbot -DCMAKE_INSTALL_PREFIX=/home/lulav/ros2_ws/install/ros2_control_demo_mydiffbot
