[0.054s] Invoking command in '/home/lulav/ros2_ws/build/realtime_tools': CMAKE_PREFIX_PATH=/opt/ros/humble /usr/bin/cmake --build /home/lulav/ros2_ws/build/realtime_tools -- -j8 -l8
[0.146s] [35m[1mConsolidate compiler generated dependencies of target realtime_tools[0m
[0.147s] [35m[1mConsolidate compiler generated dependencies of target gmock_main[0m
[0.155s] [35m[1mConsolidate compiler generated dependencies of target gmock[0m
[0.195s] [35m[1mConsolidate compiler generated dependencies of target thread_priority[0m
[0.201s] [  9%] Built target realtime_tools
[0.211s] [ 19%] Built target gmock_main
[0.279s] [ 28%] Built target thread_priority
[0.281s] [ 42%] Built target gmock
[0.369s] [35m[1mConsolidate compiler generated dependencies of target realtime_box_tests[0m
[0.415s] [35m[1mConsolidate compiler generated dependencies of target realtime_server_goal_handle_tests[0m
[0.423s] [35m[1mConsolidate compiler generated dependencies of target realtime_buffer_tests[0m
[0.424s] [35m[1mConsolidate compiler generated dependencies of target realtime_publisher_tests[0m
[0.436s] [35m[1mConsolidate compiler generated dependencies of target realtime_clock_tests[0m
[0.488s] [ 52%] Built target realtime_box_tests
[0.508s] [35m[1mConsolidate compiler generated dependencies of target realtime_publisher_tests_non_polling[0m
[0.546s] [ 61%] Built target realtime_buffer_tests
[0.553s] [ 71%] Built target realtime_server_goal_handle_tests
[0.559s] [ 80%] Built target realtime_clock_tests
[0.577s] [ 90%] Built target realtime_publisher_tests_non_polling
[0.588s] [100%] Built target realtime_publisher_tests
[0.974s] Invoked command in '/home/lulav/ros2_ws/build/realtime_tools' returned '0': CMAKE_PREFIX_PATH=/opt/ros/humble /usr/bin/cmake --build /home/lulav/ros2_ws/build/realtime_tools -- -j8 -l8
[1.080s] Invoking command in '/home/lulav/ros2_ws/build/realtime_tools': CMAKE_PREFIX_PATH=/opt/ros/humble /usr/bin/cmake --install /home/lulav/ros2_ws/build/realtime_tools
[1.105s] -- Install configuration: ""
[1.105s] -- Execute custom install script
[1.105s] -- Up-to-date symlink: /home/lulav/ros2_ws/install/realtime_tools/include/realtime_tools/realtime_tools/realtime_box.h
[1.105s] -- Up-to-date symlink: /home/lulav/ros2_ws/install/realtime_tools/include/realtime_tools/realtime_tools/realtime_buffer.h
[1.109s] -- Up-to-date symlink: /home/lulav/ros2_ws/install/realtime_tools/include/realtime_tools/realtime_tools/realtime_clock.h
[1.109s] -- Up-to-date symlink: /home/lulav/ros2_ws/install/realtime_tools/include/realtime_tools/realtime_tools/realtime_publisher.h
[1.109s] -- Up-to-date symlink: /home/lulav/ros2_ws/install/realtime_tools/include/realtime_tools/realtime_tools/realtime_server_goal_handle.h
[1.109s] -- Up-to-date symlink: /home/lulav/ros2_ws/install/realtime_tools/include/realtime_tools/realtime_tools/thread_priority.hpp
[1.110s] -- Up-to-date symlink: /home/lulav/ros2_ws/install/realtime_tools/share/realtime_tools/environment/library_path.sh
[1.110s] -- Up-to-date symlink: /home/lulav/ros2_ws/install/realtime_tools/share/realtime_tools/environment/library_path.dsv
[1.110s] -- Up-to-date symlink: /home/lulav/ros2_ws/install/realtime_tools/share/ament_index/resource_index/package_run_dependencies/realtime_tools
[1.110s] -- Up-to-date symlink: /home/lulav/ros2_ws/install/realtime_tools/share/ament_index/resource_index/parent_prefix_path/realtime_tools
[1.111s] -- Up-to-date symlink: /home/lulav/ros2_ws/install/realtime_tools/share/realtime_tools/environment/ament_prefix_path.sh
[1.111s] -- Up-to-date symlink: /home/lulav/ros2_ws/install/realtime_tools/share/realtime_tools/environment/ament_prefix_path.dsv
[1.111s] -- Up-to-date symlink: /home/lulav/ros2_ws/install/realtime_tools/share/realtime_tools/environment/path.sh
[1.112s] -- Up-to-date symlink: /home/lulav/ros2_ws/install/realtime_tools/share/realtime_tools/environment/path.dsv
[1.112s] -- Up-to-date symlink: /home/lulav/ros2_ws/install/realtime_tools/share/realtime_tools/local_setup.bash
[1.112s] -- Up-to-date symlink: /home/lulav/ros2_ws/install/realtime_tools/share/realtime_tools/local_setup.sh
[1.113s] -- Up-to-date symlink: /home/lulav/ros2_ws/install/realtime_tools/share/realtime_tools/local_setup.zsh
[1.113s] -- Up-to-date symlink: /home/lulav/ros2_ws/install/realtime_tools/share/realtime_tools/local_setup.dsv
[1.113s] -- Symlinking: /home/lulav/ros2_ws/install/realtime_tools/share/realtime_tools/package.dsv
[1.131s] -- Up-to-date symlink: /home/lulav/ros2_ws/install/realtime_tools/share/ament_index/resource_index/packages/realtime_tools
[1.131s] -- Up-to-date symlink: /home/lulav/ros2_ws/install/realtime_tools/share/realtime_tools/cmake/ament_cmake_export_targets-extras.cmake
[1.137s] -- Up-to-date symlink: /home/lulav/ros2_ws/install/realtime_tools/share/realtime_tools/cmake/ament_cmake_export_dependencies-extras.cmake
[1.138s] -- Up-to-date symlink: /home/lulav/ros2_ws/install/realtime_tools/share/realtime_tools/cmake/realtime_toolsConfig.cmake
[1.138s] -- Up-to-date symlink: /home/lulav/ros2_ws/install/realtime_tools/share/realtime_tools/cmake/realtime_toolsConfig-version.cmake
[1.139s] -- Up-to-date symlink: /home/lulav/ros2_ws/install/realtime_tools/share/realtime_tools/package.xml
[1.139s] -- Up-to-date: /home/lulav/ros2_ws/install/realtime_tools/lib/librealtime_tools.so
[1.139s] -- Up-to-date: /home/lulav/ros2_ws/install/realtime_tools/lib/libthread_priority.so
[1.139s] -- Up-to-date: /home/lulav/ros2_ws/install/realtime_tools/share/realtime_tools/cmake/export_realtime_toolsExport.cmake
[1.139s] -- Up-to-date: /home/lulav/ros2_ws/install/realtime_tools/share/realtime_tools/cmake/export_realtime_toolsExport-noconfig.cmake
[1.182s] Invoked command in '/home/lulav/ros2_ws/build/realtime_tools' returned '0': CMAKE_PREFIX_PATH=/opt/ros/humble /usr/bin/cmake --install /home/lulav/ros2_ws/build/realtime_tools
