running develop
/usr/lib/python3/dist-packages/setuptools/command/easy_install.py:158: EasyInstallDeprecationWarning: easy_install command is deprecated. Use build and pip and other standards-based tools.
  warnings.warn(
/usr/lib/python3/dist-packages/setuptools/command/install.py:34: SetuptoolsDeprecationWarning: setup.py install is deprecated. Use build and pip and other standards-based tools.
  warnings.warn(
Removing /home/lulav/ros2_ws/install/rqt_controller_manager/lib/python3.10/site-packages/rqt-controller-manager.egg-link (link to .)
running egg_info
writing ../../../build/rqt_controller_manager/rqt_controller_manager.egg-info/PKG-INFO
writing dependency_links to ../../../build/rqt_controller_manager/rqt_controller_manager.egg-info/dependency_links.txt
writing entry points to ../../../build/rqt_controller_manager/rqt_controller_manager.egg-info/entry_points.txt
writing requirements to ../../../build/rqt_controller_manager/rqt_controller_manager.egg-info/requires.txt
writing top-level names to ../../../build/rqt_controller_manager/rqt_controller_manager.egg-info/top_level.txt
reading manifest file '../../../build/rqt_controller_manager/rqt_controller_manager.egg-info/SOURCES.txt'
writing manifest file '../../../build/rqt_controller_manager/rqt_controller_manager.egg-info/SOURCES.txt'
running build
running build_py
creating /home/lulav/ros2_ws/build/rqt_controller_manager/build
creating /home/lulav/ros2_ws/build/rqt_controller_manager/build/lib
creating /home/lulav/ros2_ws/build/rqt_controller_manager/build/lib/rqt_controller_manager
copying rqt_controller_manager/controller_manager.py -> /home/lulav/ros2_ws/build/rqt_controller_manager/build/lib/rqt_controller_manager
copying rqt_controller_manager/main.py -> /home/lulav/ros2_ws/build/rqt_controller_manager/build/lib/rqt_controller_manager
copying rqt_controller_manager/update_combo.py -> /home/lulav/ros2_ws/build/rqt_controller_manager/build/lib/rqt_controller_manager
copying rqt_controller_manager/__init__.py -> /home/lulav/ros2_ws/build/rqt_controller_manager/build/lib/rqt_controller_manager
/usr/lib/python3/dist-packages/setuptools/command/install.py:34: SetuptoolsDeprecationWarning: setup.py install is deprecated. Use build and pip and other standards-based tools.
  warnings.warn(
running install
running install_lib
creating /home/lulav/ros2_ws/install/rqt_controller_manager/lib/python3.10/site-packages/rqt_controller_manager
copying /home/lulav/ros2_ws/build/rqt_controller_manager/build/lib/rqt_controller_manager/controller_manager.py -> /home/lulav/ros2_ws/install/rqt_controller_manager/lib/python3.10/site-packages/rqt_controller_manager
copying /home/lulav/ros2_ws/build/rqt_controller_manager/build/lib/rqt_controller_manager/main.py -> /home/lulav/ros2_ws/install/rqt_controller_manager/lib/python3.10/site-packages/rqt_controller_manager
copying /home/lulav/ros2_ws/build/rqt_controller_manager/build/lib/rqt_controller_manager/update_combo.py -> /home/lulav/ros2_ws/install/rqt_controller_manager/lib/python3.10/site-packages/rqt_controller_manager
copying /home/lulav/ros2_ws/build/rqt_controller_manager/build/lib/rqt_controller_manager/__init__.py -> /home/lulav/ros2_ws/install/rqt_controller_manager/lib/python3.10/site-packages/rqt_controller_manager
byte-compiling /home/lulav/ros2_ws/install/rqt_controller_manager/lib/python3.10/site-packages/rqt_controller_manager/controller_manager.py to controller_manager.cpython-310.pyc
byte-compiling /home/lulav/ros2_ws/install/rqt_controller_manager/lib/python3.10/site-packages/rqt_controller_manager/main.py to main.cpython-310.pyc
byte-compiling /home/lulav/ros2_ws/install/rqt_controller_manager/lib/python3.10/site-packages/rqt_controller_manager/update_combo.py to update_combo.cpython-310.pyc
byte-compiling /home/lulav/ros2_ws/install/rqt_controller_manager/lib/python3.10/site-packages/rqt_controller_manager/__init__.py to __init__.cpython-310.pyc
running install_data
running install_egg_info
Copying ../../../build/rqt_controller_manager/rqt_controller_manager.egg-info to /home/lulav/ros2_ws/install/rqt_controller_manager/lib/python3.10/site-packages/rqt_controller_manager-2.29.0-py3.10.egg-info
running install_scripts
Installing rqt_controller_manager script to /home/lulav/ros2_ws/install/rqt_controller_manager/lib/rqt_controller_manager
writing list of installed files to '/home/lulav/ros2_ws/build/rqt_controller_manager/install.log'
