-- The C compiler identification is GNU 11.4.0
-- The CXX compiler identification is GNU 11.4.0
-- Detecting C compiler ABI info
-- Detecting C compiler ABI info - done
-- Check for working C compiler: /usr/bin/cc - skipped
-- Detecting C compile features
-- Detecting C compile features - done
-- Detecting CXX compiler ABI info
-- Detecting CXX compiler ABI info - done
-- Check for working CXX compiler: /usr/bin/c++ - skipped
-- Detecting CXX compile features
-- Detecting CXX compile features - done
-- Found ament_cmake: 1.3.5 (/opt/ros/humble/share/ament_cmake/cmake)
-- Found Python3: /usr/bin/python3.10 (found version "3.10.12") found components: Interpreter 
-- Found hardware_interface: 2.30.0 (/workspaces/diffbot/ros2_ws/install/hardware_interface/share/hardware_interface/cmake)
-- Found rosidl_generator_c: 3.1.5 (/opt/ros/humble/share/rosidl_generator_c/cmake)
-- Found rosidl_adapter: 3.1.5 (/opt/ros/humble/share/rosidl_adapter/cmake)
-- Found rosidl_generator_cpp: 3.1.5 (/opt/ros/humble/share/rosidl_generator_cpp/cmake)
-- Using all available rosidl_typesupport_c: rosidl_typesupport_fastrtps_c;rosidl_typesupport_introspection_c
-- Using all available rosidl_typesupport_cpp: rosidl_typesupport_fastrtps_cpp;rosidl_typesupport_introspection_cpp
-- Found rmw_implementation_cmake: 6.1.1 (/opt/ros/humble/share/rmw_implementation_cmake/cmake)
-- Found rmw_fastrtps_cpp: 6.2.3 (/opt/ros/humble/share/rmw_fastrtps_cpp/cmake)
-- Found OpenSSL: /usr/lib/x86_64-linux-gnu/libcrypto.so (found version "3.0.2")  
-- Found FastRTPS: /opt/ros/humble/include  
-- Using RMW implementation 'rmw_fastrtps_cpp' as default
-- Looking for pthread.h
-- Looking for pthread.h - found
-- Performing Test CMAKE_HAVE_LIBC_PTHREAD
-- Performing Test CMAKE_HAVE_LIBC_PTHREAD - Success
-- Found Threads: TRUE  
-- Found ament_cmake_gmock: 1.3.5 (/opt/ros/humble/share/ament_cmake_gmock/cmake)
-- Found gmock sources under '/opt/ros/humble/src/gmock_vendor': C++ tests using 'Google Mock' will be built
-- Found ament_cmake_gtest: 1.3.5 (/opt/ros/humble/share/ament_cmake_gtest/cmake)
-- Found gtest sources under '/opt/ros/humble/src/gtest_vendor': C++ tests using 'Google Test' will be built
-- Configuring done
-- Generating done
-- Build files have been written to: /workspaces/diffbot/ros2_ws/build/transmission_interface
[  4%] [32mBuilding CXX object CMakeFiles/transmission_interface.dir/src/simple_transmission_loader.cpp.o[0m
[ 13%] [32mBuilding CXX object CMakeFiles/transmission_interface.dir/src/four_bar_linkage_transmission_loader.cpp.o[0m
[ 13%] [32mBuilding CXX object CMakeFiles/transmission_interface.dir/src/differential_transmission_loader.cpp.o[0m
[ 17%] [32m[1mLinking CXX shared library libtransmission_interface.so[0m
[ 17%] Built target transmission_interface
[ 21%] [32mBuilding CXX object gmock/CMakeFiles/gmock.dir/opt/ros/humble/src/gtest_vendor/src/gtest-all.cc.o[0m
[ 26%] [32mBuilding CXX object gmock/CMakeFiles/gmock_main.dir/src/gmock_main.cc.o[0m
[ 30%] [32mBuilding CXX object gmock/CMakeFiles/gmock.dir/src/gmock-all.cc.o[0m
[ 34%] [32m[1mLinking CXX static library libgmock_main.a[0m
[ 34%] Built target gmock_main
[ 39%] [32m[1mLinking CXX static library libgmock.a[0m
[ 39%] Built target gmock
[ 43%] [32mBuilding CXX object CMakeFiles/test_simple_transmission.dir/test/simple_transmission_test.cpp.o[0m
[ 47%] [32m[1mLinking CXX executable test_simple_transmission[0m
[ 47%] Built target test_simple_transmission
[ 52%] [32mBuilding CXX object CMakeFiles/test_utils.dir/test/utils_test.cpp.o[0m
[ 56%] [32m[1mLinking CXX executable test_utils[0m
[ 56%] Built target test_utils
[ 60%] [32mBuilding CXX object CMakeFiles/test_differential_transmission_loader.dir/test/differential_transmission_loader_test.cpp.o[0m
[ 65%] [32m[1mLinking CXX executable test_differential_transmission_loader[0m
[ 65%] Built target test_differential_transmission_loader
[ 69%] [32mBuilding CXX object CMakeFiles/test_four_bar_linkage_transmission_loader.dir/test/four_bar_linkage_transmission_loader_test.cpp.o[0m
[ 73%] [32m[1mLinking CXX executable test_four_bar_linkage_transmission_loader[0m
[ 73%] Built target test_four_bar_linkage_transmission_loader
[ 78%] [32mBuilding CXX object CMakeFiles/test_simple_transmission_loader.dir/test/simple_transmission_loader_test.cpp.o[0m
[ 82%] [32m[1mLinking CXX executable test_simple_transmission_loader[0m
[ 82%] Built target test_simple_transmission_loader
[ 86%] [32mBuilding CXX object CMakeFiles/test_four_bar_linkage_transmission.dir/test/four_bar_linkage_transmission_test.cpp.o[0m
[ 91%] [32m[1mLinking CXX executable test_four_bar_linkage_transmission[0m
[ 91%] Built target test_four_bar_linkage_transmission
[ 95%] [32mBuilding CXX object CMakeFiles/test_differential_transmission.dir/test/differential_transmission_test.cpp.o[0m
[100%] [32m[1mLinking CXX executable test_differential_transmission[0m
[100%] Built target test_differential_transmission
-- Install configuration: ""
-- Installing: /workspaces/diffbot/ros2_ws/install/transmission_interface/include
-- Installing: /workspaces/diffbot/ros2_ws/install/transmission_interface/include/transmission_interface
-- Installing: /workspaces/diffbot/ros2_ws/install/transmission_interface/include/transmission_interface/differential_transmission.hpp
-- Installing: /workspaces/diffbot/ros2_ws/install/transmission_interface/include/transmission_interface/handle.hpp
-- Installing: /workspaces/diffbot/ros2_ws/install/transmission_interface/include/transmission_interface/accessor.hpp
-- Installing: /workspaces/diffbot/ros2_ws/install/transmission_interface/include/transmission_interface/visibility_control.h
-- Installing: /workspaces/diffbot/ros2_ws/install/transmission_interface/include/transmission_interface/four_bar_linkage_transmission_loader.hpp
-- Installing: /workspaces/diffbot/ros2_ws/install/transmission_interface/include/transmission_interface/simple_transmission_loader.hpp
-- Installing: /workspaces/diffbot/ros2_ws/install/transmission_interface/include/transmission_interface/transmission.hpp
-- Installing: /workspaces/diffbot/ros2_ws/install/transmission_interface/include/transmission_interface/transmission_loader.hpp
-- Installing: /workspaces/diffbot/ros2_ws/install/transmission_interface/include/transmission_interface/simple_transmission.hpp
-- Installing: /workspaces/diffbot/ros2_ws/install/transmission_interface/include/transmission_interface/differential_transmission_loader.hpp
-- Installing: /workspaces/diffbot/ros2_ws/install/transmission_interface/include/transmission_interface/transmission_interface_exception.hpp
-- Installing: /workspaces/diffbot/ros2_ws/install/transmission_interface/include/transmission_interface/exception.hpp
-- Installing: /workspaces/diffbot/ros2_ws/install/transmission_interface/include/transmission_interface/four_bar_linkage_transmission.hpp
-- Installing: /workspaces/diffbot/ros2_ws/install/transmission_interface/share/transmission_interface/ros2_control_plugins.xml
-- Installing: /workspaces/diffbot/ros2_ws/install/transmission_interface/lib/libtransmission_interface.so
-- Set runtime path of "/workspaces/diffbot/ros2_ws/install/transmission_interface/lib/libtransmission_interface.so" to ""
-- Installing: /workspaces/diffbot/ros2_ws/install/transmission_interface/share/transmission_interface/environment/library_path.sh
-- Installing: /workspaces/diffbot/ros2_ws/install/transmission_interface/share/transmission_interface/environment/library_path.dsv
-- Installing: /workspaces/diffbot/ros2_ws/install/transmission_interface/share/ament_index/resource_index/package_run_dependencies/transmission_interface
-- Installing: /workspaces/diffbot/ros2_ws/install/transmission_interface/share/ament_index/resource_index/parent_prefix_path/transmission_interface
-- Installing: /workspaces/diffbot/ros2_ws/install/transmission_interface/share/transmission_interface/environment/ament_prefix_path.sh
-- Installing: /workspaces/diffbot/ros2_ws/install/transmission_interface/share/transmission_interface/environment/ament_prefix_path.dsv
-- Installing: /workspaces/diffbot/ros2_ws/install/transmission_interface/share/transmission_interface/environment/path.sh
-- Installing: /workspaces/diffbot/ros2_ws/install/transmission_interface/share/transmission_interface/environment/path.dsv
-- Installing: /workspaces/diffbot/ros2_ws/install/transmission_interface/share/transmission_interface/local_setup.bash
-- Installing: /workspaces/diffbot/ros2_ws/install/transmission_interface/share/transmission_interface/local_setup.sh
-- Installing: /workspaces/diffbot/ros2_ws/install/transmission_interface/share/transmission_interface/local_setup.zsh
-- Installing: /workspaces/diffbot/ros2_ws/install/transmission_interface/share/transmission_interface/local_setup.dsv
-- Installing: /workspaces/diffbot/ros2_ws/install/transmission_interface/share/transmission_interface/package.dsv
-- Installing: /workspaces/diffbot/ros2_ws/install/transmission_interface/share/ament_index/resource_index/packages/transmission_interface
-- Installing: /workspaces/diffbot/ros2_ws/install/transmission_interface/share/ament_index/resource_index/transmission_interface__pluginlib__plugin/transmission_interface
-- Installing: /workspaces/diffbot/ros2_ws/install/transmission_interface/share/transmission_interface/cmake/ament_cmake_export_include_directories-extras.cmake
-- Installing: /workspaces/diffbot/ros2_ws/install/transmission_interface/share/transmission_interface/cmake/ament_cmake_export_dependencies-extras.cmake
-- Installing: /workspaces/diffbot/ros2_ws/install/transmission_interface/share/transmission_interface/cmake/ament_cmake_export_libraries-extras.cmake
-- Installing: /workspaces/diffbot/ros2_ws/install/transmission_interface/share/transmission_interface/cmake/transmission_interfaceConfig.cmake
-- Installing: /workspaces/diffbot/ros2_ws/install/transmission_interface/share/transmission_interface/cmake/transmission_interfaceConfig-version.cmake
-- Installing: /workspaces/diffbot/ros2_ws/install/transmission_interface/share/transmission_interface/package.xml
