[0.055s] Invoking command in '/workspaces/diffbot/ros2_ws/build/transmission_interface': AMENT_PREFIX_PATH=/workspaces/diffbot/ros2_ws/install/control_msgs:${AMENT_PREFIX_PATH} CMAKE_PREFIX_PATH=/workspaces/diffbot/ros2_ws/install/hardware_interface:/workspaces/diffbot/ros2_ws/install/control_msgs:/workspaces/diffbot/ros2_ws/install/gazebo_ros2_control_demos:/workspaces/diffbot/ros2_ws/install/ros2_control:/workspaces/diffbot/ros2_ws/install/transmission_interface:/workspaces/diffbot/ros2_ws/install/ros2_controllers:/workspaces/diffbot/ros2_ws/install/steering_controllers_library:/workspaces/diffbot/ros2_ws/install/ros2_control_demos:/workspaces/diffbot/ros2_ws/install/ros2_control_demo_example_2:/workspaces/diffbot/ros2_ws/install/gazebo_ros2_control:/workspaces/diffbot/ros2_ws/install/diffbot_bringup:/workspaces/diffbot/ros2_ws/install/controller_manager:/workspaces/diffbot/ros2_ws/install/ros2_control_test_assets:/workspaces/diffbot/ros2_ws/install/ros2_control_demo_description:/workspaces/diffbot/ros2_ws/install/joint_state_broadcaster:/workspaces/diffbot/ros2_ws/install/diff_drive_controller:/workspaces/diffbot/ros2_ws/install/realtime_tools:/workspaces/diffbot/ros2_ws/install/position_controllers:/workspaces/diffbot/ros2_ws/install/joint_limits:/workspaces/diffbot/ros2_ws/install/controller_interface:/workspaces/diffbot/ros2_ws/install/controller_manager_msgs:/workspaces/diffbot/ros2_ws/install/rqt_controller_manager:/workspaces/diffbot/ros2_ws/install/ros2controlcli:/workspaces/diffbot/ros2_ws/install/ros2_controllers_test_nodes:/workspaces/diffbot/ros2_ws/install/controller:/opt/ros/humble LD_LIBRARY_PATH=/workspaces/diffbot/ros2_ws/install/hardware_interface/lib:/workspaces/diffbot/ros2_ws/install/control_msgs/lib:/workspaces/diffbot/ros2_ws/install/transmission_interface/lib:/workspaces/diffbot/ros2_ws/install/steering_controllers_library/lib:/workspaces/diffbot/ros2_ws/install/ros2_control_demo_example_2/lib:/workspaces/diffbot/ros2_ws/install/gazebo_ros2_control/lib:/workspaces/diffbot/ros2_ws/install/controller_manager/lib:/workspaces/diffbot/ros2_ws/install/joint_state_broadcaster/lib:/workspaces/diffbot/ros2_ws/install/diff_drive_controller/lib:/workspaces/diffbot/ros2_ws/install/realtime_tools/lib:/workspaces/diffbot/ros2_ws/install/position_controllers/lib:/workspaces/diffbot/ros2_ws/install/controller_interface/lib:/workspaces/diffbot/ros2_ws/install/controller_manager_msgs/lib:/opt/ros/humble/opt/rviz_ogre_vendor/lib:/opt/ros/humble/lib/x86_64-linux-gnu:/opt/ros/humble/lib PYTHONPATH=/workspaces/diffbot/ros2_ws/install/control_msgs/local/lib/python3.10/dist-packages:${PYTHONPATH} /usr/bin/cmake /workspaces/diffbot/ros2_ws/src/ros2_control/transmission_interface -DCMAKE_INSTALL_PREFIX=/workspaces/diffbot/ros2_ws/install/transmission_interface
[0.184s] -- The C compiler identification is GNU 11.4.0
[0.316s] -- The CXX compiler identification is GNU 11.4.0
[0.335s] -- Detecting C compiler ABI info
[0.539s] -- Detecting C compiler ABI info - done
[0.563s] -- Check for working C compiler: /usr/bin/cc - skipped
[0.564s] -- Detecting C compile features
[0.565s] -- Detecting C compile features - done
[0.572s] -- Detecting CXX compiler ABI info
[0.782s] -- Detecting CXX compiler ABI info - done
[0.804s] -- Check for working CXX compiler: /usr/bin/c++ - skipped
[0.804s] -- Detecting CXX compile features
[0.805s] -- Detecting CXX compile features - done
[0.811s] -- Found ament_cmake: 1.3.5 (/opt/ros/humble/share/ament_cmake/cmake)
[1.166s] -- Found Python3: /usr/bin/python3.10 (found version "3.10.12") found components: Interpreter 
[1.369s] -- Found hardware_interface: 2.30.0 (/workspaces/diffbot/ros2_ws/install/hardware_interface/share/hardware_interface/cmake)
[1.483s] -- Found rosidl_generator_c: 3.1.5 (/opt/ros/humble/share/rosidl_generator_c/cmake)
[1.502s] -- Found rosidl_adapter: 3.1.5 (/opt/ros/humble/share/rosidl_adapter/cmake)
[1.531s] -- Found rosidl_generator_cpp: 3.1.5 (/opt/ros/humble/share/rosidl_generator_cpp/cmake)
[1.580s] -- Using all available rosidl_typesupport_c: rosidl_typesupport_fastrtps_c;rosidl_typesupport_introspection_c
[1.640s] -- Using all available rosidl_typesupport_cpp: rosidl_typesupport_fastrtps_cpp;rosidl_typesupport_introspection_cpp
[3.259s] -- Found rmw_implementation_cmake: 6.1.1 (/opt/ros/humble/share/rmw_implementation_cmake/cmake)
[3.268s] -- Found rmw_fastrtps_cpp: 6.2.3 (/opt/ros/humble/share/rmw_fastrtps_cpp/cmake)
[3.500s] -- Found OpenSSL: /usr/lib/x86_64-linux-gnu/libcrypto.so (found version "3.0.2")  
[3.569s] -- Found FastRTPS: /opt/ros/humble/include  
[3.685s] -- Using RMW implementation 'rmw_fastrtps_cpp' as default
[3.710s] -- Looking for pthread.h
[3.872s] -- Looking for pthread.h - found
[3.872s] -- Performing Test CMAKE_HAVE_LIBC_PTHREAD
[4.072s] -- Performing Test CMAKE_HAVE_LIBC_PTHREAD - Success
[4.075s] -- Found Threads: TRUE  
[4.652s] -- Found ament_cmake_gmock: 1.3.5 (/opt/ros/humble/share/ament_cmake_gmock/cmake)
[4.658s] -- Found gmock sources under '/opt/ros/humble/src/gmock_vendor': C++ tests using 'Google Mock' will be built
[4.669s] -- Found ament_cmake_gtest: 1.3.5 (/opt/ros/humble/share/ament_cmake_gtest/cmake)
[4.670s] -- Found gtest sources under '/opt/ros/humble/src/gtest_vendor': C++ tests using 'Google Test' will be built
[5.780s] -- Configuring done
[6.115s] -- Generating done
[6.121s] -- Build files have been written to: /workspaces/diffbot/ros2_ws/build/transmission_interface
[6.146s] Invoked command in '/workspaces/diffbot/ros2_ws/build/transmission_interface' returned '0': AMENT_PREFIX_PATH=/workspaces/diffbot/ros2_ws/install/control_msgs:${AMENT_PREFIX_PATH} CMAKE_PREFIX_PATH=/workspaces/diffbot/ros2_ws/install/hardware_interface:/workspaces/diffbot/ros2_ws/install/control_msgs:/workspaces/diffbot/ros2_ws/install/gazebo_ros2_control_demos:/workspaces/diffbot/ros2_ws/install/ros2_control:/workspaces/diffbot/ros2_ws/install/transmission_interface:/workspaces/diffbot/ros2_ws/install/ros2_controllers:/workspaces/diffbot/ros2_ws/install/steering_controllers_library:/workspaces/diffbot/ros2_ws/install/ros2_control_demos:/workspaces/diffbot/ros2_ws/install/ros2_control_demo_example_2:/workspaces/diffbot/ros2_ws/install/gazebo_ros2_control:/workspaces/diffbot/ros2_ws/install/diffbot_bringup:/workspaces/diffbot/ros2_ws/install/controller_manager:/workspaces/diffbot/ros2_ws/install/ros2_control_test_assets:/workspaces/diffbot/ros2_ws/install/ros2_control_demo_description:/workspaces/diffbot/ros2_ws/install/joint_state_broadcaster:/workspaces/diffbot/ros2_ws/install/diff_drive_controller:/workspaces/diffbot/ros2_ws/install/realtime_tools:/workspaces/diffbot/ros2_ws/install/position_controllers:/workspaces/diffbot/ros2_ws/install/joint_limits:/workspaces/diffbot/ros2_ws/install/controller_interface:/workspaces/diffbot/ros2_ws/install/controller_manager_msgs:/workspaces/diffbot/ros2_ws/install/rqt_controller_manager:/workspaces/diffbot/ros2_ws/install/ros2controlcli:/workspaces/diffbot/ros2_ws/install/ros2_controllers_test_nodes:/workspaces/diffbot/ros2_ws/install/controller:/opt/ros/humble LD_LIBRARY_PATH=/workspaces/diffbot/ros2_ws/install/hardware_interface/lib:/workspaces/diffbot/ros2_ws/install/control_msgs/lib:/workspaces/diffbot/ros2_ws/install/transmission_interface/lib:/workspaces/diffbot/ros2_ws/install/steering_controllers_library/lib:/workspaces/diffbot/ros2_ws/install/ros2_control_demo_example_2/lib:/workspaces/diffbot/ros2_ws/install/gazebo_ros2_control/lib:/workspaces/diffbot/ros2_ws/install/controller_manager/lib:/workspaces/diffbot/ros2_ws/install/joint_state_broadcaster/lib:/workspaces/diffbot/ros2_ws/install/diff_drive_controller/lib:/workspaces/diffbot/ros2_ws/install/realtime_tools/lib:/workspaces/diffbot/ros2_ws/install/position_controllers/lib:/workspaces/diffbot/ros2_ws/install/controller_interface/lib:/workspaces/diffbot/ros2_ws/install/controller_manager_msgs/lib:/opt/ros/humble/opt/rviz_ogre_vendor/lib:/opt/ros/humble/lib/x86_64-linux-gnu:/opt/ros/humble/lib PYTHONPATH=/workspaces/diffbot/ros2_ws/install/control_msgs/local/lib/python3.10/dist-packages:${PYTHONPATH} /usr/bin/cmake /workspaces/diffbot/ros2_ws/src/ros2_control/transmission_interface -DCMAKE_INSTALL_PREFIX=/workspaces/diffbot/ros2_ws/install/transmission_interface
[6.147s] Invoking command in '/workspaces/diffbot/ros2_ws/build/transmission_interface': AMENT_PREFIX_PATH=/workspaces/diffbot/ros2_ws/install/control_msgs:${AMENT_PREFIX_PATH} CMAKE_PREFIX_PATH=/workspaces/diffbot/ros2_ws/install/hardware_interface:/workspaces/diffbot/ros2_ws/install/control_msgs:/workspaces/diffbot/ros2_ws/install/gazebo_ros2_control_demos:/workspaces/diffbot/ros2_ws/install/ros2_control:/workspaces/diffbot/ros2_ws/install/transmission_interface:/workspaces/diffbot/ros2_ws/install/ros2_controllers:/workspaces/diffbot/ros2_ws/install/steering_controllers_library:/workspaces/diffbot/ros2_ws/install/ros2_control_demos:/workspaces/diffbot/ros2_ws/install/ros2_control_demo_example_2:/workspaces/diffbot/ros2_ws/install/gazebo_ros2_control:/workspaces/diffbot/ros2_ws/install/diffbot_bringup:/workspaces/diffbot/ros2_ws/install/controller_manager:/workspaces/diffbot/ros2_ws/install/ros2_control_test_assets:/workspaces/diffbot/ros2_ws/install/ros2_control_demo_description:/workspaces/diffbot/ros2_ws/install/joint_state_broadcaster:/workspaces/diffbot/ros2_ws/install/diff_drive_controller:/workspaces/diffbot/ros2_ws/install/realtime_tools:/workspaces/diffbot/ros2_ws/install/position_controllers:/workspaces/diffbot/ros2_ws/install/joint_limits:/workspaces/diffbot/ros2_ws/install/controller_interface:/workspaces/diffbot/ros2_ws/install/controller_manager_msgs:/workspaces/diffbot/ros2_ws/install/rqt_controller_manager:/workspaces/diffbot/ros2_ws/install/ros2controlcli:/workspaces/diffbot/ros2_ws/install/ros2_controllers_test_nodes:/workspaces/diffbot/ros2_ws/install/controller:/opt/ros/humble LD_LIBRARY_PATH=/workspaces/diffbot/ros2_ws/install/hardware_interface/lib:/workspaces/diffbot/ros2_ws/install/control_msgs/lib:/workspaces/diffbot/ros2_ws/install/transmission_interface/lib:/workspaces/diffbot/ros2_ws/install/steering_controllers_library/lib:/workspaces/diffbot/ros2_ws/install/ros2_control_demo_example_2/lib:/workspaces/diffbot/ros2_ws/install/gazebo_ros2_control/lib:/workspaces/diffbot/ros2_ws/install/controller_manager/lib:/workspaces/diffbot/ros2_ws/install/joint_state_broadcaster/lib:/workspaces/diffbot/ros2_ws/install/diff_drive_controller/lib:/workspaces/diffbot/ros2_ws/install/realtime_tools/lib:/workspaces/diffbot/ros2_ws/install/position_controllers/lib:/workspaces/diffbot/ros2_ws/install/controller_interface/lib:/workspaces/diffbot/ros2_ws/install/controller_manager_msgs/lib:/opt/ros/humble/opt/rviz_ogre_vendor/lib:/opt/ros/humble/lib/x86_64-linux-gnu:/opt/ros/humble/lib PYTHONPATH=/workspaces/diffbot/ros2_ws/install/control_msgs/local/lib/python3.10/dist-packages:${PYTHONPATH} /usr/bin/cmake --build /workspaces/diffbot/ros2_ws/build/transmission_interface -- -j8 -l8
[6.278s] [  4%] [32mBuilding CXX object CMakeFiles/transmission_interface.dir/src/simple_transmission_loader.cpp.o[0m
[12.745s] [ 13%] [32mBuilding CXX object CMakeFiles/transmission_interface.dir/src/four_bar_linkage_transmission_loader.cpp.o[0m
[12.746s] [ 13%] [32mBuilding CXX object CMakeFiles/transmission_interface.dir/src/differential_transmission_loader.cpp.o[0m
[20.915s] [ 17%] [32m[1mLinking CXX shared library libtransmission_interface.so[0m
[21.350s] [ 17%] Built target transmission_interface
[21.420s] [ 21%] [32mBuilding CXX object gmock/CMakeFiles/gmock.dir/opt/ros/humble/src/gtest_vendor/src/gtest-all.cc.o[0m
[21.429s] [ 26%] [32mBuilding CXX object gmock/CMakeFiles/gmock_main.dir/src/gmock_main.cc.o[0m
[21.450s] [ 30%] [32mBuilding CXX object gmock/CMakeFiles/gmock.dir/src/gmock-all.cc.o[0m
[25.221s] [ 34%] [32m[1mLinking CXX static library libgmock_main.a[0m
[25.428s] [ 34%] Built target gmock_main
[30.032s] [ 39%] [32m[1mLinking CXX static library libgmock.a[0m
[30.192s] [ 39%] Built target gmock
[30.247s] [ 43%] [32mBuilding CXX object CMakeFiles/test_simple_transmission.dir/test/simple_transmission_test.cpp.o[0m
[34.807s] [ 47%] [32m[1mLinking CXX executable test_simple_transmission[0m
[35.812s] [ 47%] Built target test_simple_transmission
[35.867s] [ 52%] [32mBuilding CXX object CMakeFiles/test_utils.dir/test/utils_test.cpp.o[0m
[39.307s] [ 56%] [32m[1mLinking CXX executable test_utils[0m
[40.188s] [ 56%] Built target test_utils
[40.247s] [ 60%] [32mBuilding CXX object CMakeFiles/test_differential_transmission_loader.dir/test/differential_transmission_loader_test.cpp.o[0m
[49.848s] [ 65%] [32m[1mLinking CXX executable test_differential_transmission_loader[0m
[50.805s] [ 65%] Built target test_differential_transmission_loader
[50.851s] [ 69%] [32mBuilding CXX object CMakeFiles/test_four_bar_linkage_transmission_loader.dir/test/four_bar_linkage_transmission_loader_test.cpp.o[0m
[60.391s] [ 73%] [32m[1mLinking CXX executable test_four_bar_linkage_transmission_loader[0m
[61.302s] [ 73%] Built target test_four_bar_linkage_transmission_loader
[61.356s] [ 78%] [32mBuilding CXX object CMakeFiles/test_simple_transmission_loader.dir/test/simple_transmission_loader_test.cpp.o[0m
[70.983s] [ 82%] [32m[1mLinking CXX executable test_simple_transmission_loader[0m
[72.000s] [ 82%] Built target test_simple_transmission_loader
[72.044s] [ 86%] [32mBuilding CXX object CMakeFiles/test_four_bar_linkage_transmission.dir/test/four_bar_linkage_transmission_test.cpp.o[0m
[77.555s] [ 91%] [32m[1mLinking CXX executable test_four_bar_linkage_transmission[0m
[78.448s] [ 91%] Built target test_four_bar_linkage_transmission
[78.495s] [ 95%] [32mBuilding CXX object CMakeFiles/test_differential_transmission.dir/test/differential_transmission_test.cpp.o[0m
[83.253s] [100%] [32m[1mLinking CXX executable test_differential_transmission[0m
[84.213s] [100%] Built target test_differential_transmission
[84.243s] Invoked command in '/workspaces/diffbot/ros2_ws/build/transmission_interface' returned '0': AMENT_PREFIX_PATH=/workspaces/diffbot/ros2_ws/install/control_msgs:${AMENT_PREFIX_PATH} CMAKE_PREFIX_PATH=/workspaces/diffbot/ros2_ws/install/hardware_interface:/workspaces/diffbot/ros2_ws/install/control_msgs:/workspaces/diffbot/ros2_ws/install/gazebo_ros2_control_demos:/workspaces/diffbot/ros2_ws/install/ros2_control:/workspaces/diffbot/ros2_ws/install/transmission_interface:/workspaces/diffbot/ros2_ws/install/ros2_controllers:/workspaces/diffbot/ros2_ws/install/steering_controllers_library:/workspaces/diffbot/ros2_ws/install/ros2_control_demos:/workspaces/diffbot/ros2_ws/install/ros2_control_demo_example_2:/workspaces/diffbot/ros2_ws/install/gazebo_ros2_control:/workspaces/diffbot/ros2_ws/install/diffbot_bringup:/workspaces/diffbot/ros2_ws/install/controller_manager:/workspaces/diffbot/ros2_ws/install/ros2_control_test_assets:/workspaces/diffbot/ros2_ws/install/ros2_control_demo_description:/workspaces/diffbot/ros2_ws/install/joint_state_broadcaster:/workspaces/diffbot/ros2_ws/install/diff_drive_controller:/workspaces/diffbot/ros2_ws/install/realtime_tools:/workspaces/diffbot/ros2_ws/install/position_controllers:/workspaces/diffbot/ros2_ws/install/joint_limits:/workspaces/diffbot/ros2_ws/install/controller_interface:/workspaces/diffbot/ros2_ws/install/controller_manager_msgs:/workspaces/diffbot/ros2_ws/install/rqt_controller_manager:/workspaces/diffbot/ros2_ws/install/ros2controlcli:/workspaces/diffbot/ros2_ws/install/ros2_controllers_test_nodes:/workspaces/diffbot/ros2_ws/install/controller:/opt/ros/humble LD_LIBRARY_PATH=/workspaces/diffbot/ros2_ws/install/hardware_interface/lib:/workspaces/diffbot/ros2_ws/install/control_msgs/lib:/workspaces/diffbot/ros2_ws/install/transmission_interface/lib:/workspaces/diffbot/ros2_ws/install/steering_controllers_library/lib:/workspaces/diffbot/ros2_ws/install/ros2_control_demo_example_2/lib:/workspaces/diffbot/ros2_ws/install/gazebo_ros2_control/lib:/workspaces/diffbot/ros2_ws/install/controller_manager/lib:/workspaces/diffbot/ros2_ws/install/joint_state_broadcaster/lib:/workspaces/diffbot/ros2_ws/install/diff_drive_controller/lib:/workspaces/diffbot/ros2_ws/install/realtime_tools/lib:/workspaces/diffbot/ros2_ws/install/position_controllers/lib:/workspaces/diffbot/ros2_ws/install/controller_interface/lib:/workspaces/diffbot/ros2_ws/install/controller_manager_msgs/lib:/opt/ros/humble/opt/rviz_ogre_vendor/lib:/opt/ros/humble/lib/x86_64-linux-gnu:/opt/ros/humble/lib PYTHONPATH=/workspaces/diffbot/ros2_ws/install/control_msgs/local/lib/python3.10/dist-packages:${PYTHONPATH} /usr/bin/cmake --build /workspaces/diffbot/ros2_ws/build/transmission_interface -- -j8 -l8
[84.499s] Invoking command in '/workspaces/diffbot/ros2_ws/build/transmission_interface': AMENT_PREFIX_PATH=/workspaces/diffbot/ros2_ws/install/control_msgs:${AMENT_PREFIX_PATH} CMAKE_PREFIX_PATH=/workspaces/diffbot/ros2_ws/install/hardware_interface:/workspaces/diffbot/ros2_ws/install/control_msgs:/workspaces/diffbot/ros2_ws/install/gazebo_ros2_control_demos:/workspaces/diffbot/ros2_ws/install/ros2_control:/workspaces/diffbot/ros2_ws/install/transmission_interface:/workspaces/diffbot/ros2_ws/install/ros2_controllers:/workspaces/diffbot/ros2_ws/install/steering_controllers_library:/workspaces/diffbot/ros2_ws/install/ros2_control_demos:/workspaces/diffbot/ros2_ws/install/ros2_control_demo_example_2:/workspaces/diffbot/ros2_ws/install/gazebo_ros2_control:/workspaces/diffbot/ros2_ws/install/diffbot_bringup:/workspaces/diffbot/ros2_ws/install/controller_manager:/workspaces/diffbot/ros2_ws/install/ros2_control_test_assets:/workspaces/diffbot/ros2_ws/install/ros2_control_demo_description:/workspaces/diffbot/ros2_ws/install/joint_state_broadcaster:/workspaces/diffbot/ros2_ws/install/diff_drive_controller:/workspaces/diffbot/ros2_ws/install/realtime_tools:/workspaces/diffbot/ros2_ws/install/position_controllers:/workspaces/diffbot/ros2_ws/install/joint_limits:/workspaces/diffbot/ros2_ws/install/controller_interface:/workspaces/diffbot/ros2_ws/install/controller_manager_msgs:/workspaces/diffbot/ros2_ws/install/rqt_controller_manager:/workspaces/diffbot/ros2_ws/install/ros2controlcli:/workspaces/diffbot/ros2_ws/install/ros2_controllers_test_nodes:/workspaces/diffbot/ros2_ws/install/controller:/opt/ros/humble LD_LIBRARY_PATH=/workspaces/diffbot/ros2_ws/install/hardware_interface/lib:/workspaces/diffbot/ros2_ws/install/control_msgs/lib:/workspaces/diffbot/ros2_ws/install/transmission_interface/lib:/workspaces/diffbot/ros2_ws/install/steering_controllers_library/lib:/workspaces/diffbot/ros2_ws/install/ros2_control_demo_example_2/lib:/workspaces/diffbot/ros2_ws/install/gazebo_ros2_control/lib:/workspaces/diffbot/ros2_ws/install/controller_manager/lib:/workspaces/diffbot/ros2_ws/install/joint_state_broadcaster/lib:/workspaces/diffbot/ros2_ws/install/diff_drive_controller/lib:/workspaces/diffbot/ros2_ws/install/realtime_tools/lib:/workspaces/diffbot/ros2_ws/install/position_controllers/lib:/workspaces/diffbot/ros2_ws/install/controller_interface/lib:/workspaces/diffbot/ros2_ws/install/controller_manager_msgs/lib:/opt/ros/humble/opt/rviz_ogre_vendor/lib:/opt/ros/humble/lib/x86_64-linux-gnu:/opt/ros/humble/lib PYTHONPATH=/workspaces/diffbot/ros2_ws/install/control_msgs/local/lib/python3.10/dist-packages:${PYTHONPATH} /usr/bin/cmake --install /workspaces/diffbot/ros2_ws/build/transmission_interface
[84.513s] -- Install configuration: ""
[84.513s] -- Installing: /workspaces/diffbot/ros2_ws/install/transmission_interface/include
[84.514s] -- Installing: /workspaces/diffbot/ros2_ws/install/transmission_interface/include/transmission_interface
[84.514s] -- Installing: /workspaces/diffbot/ros2_ws/install/transmission_interface/include/transmission_interface/differential_transmission.hpp
[84.514s] -- Installing: /workspaces/diffbot/ros2_ws/install/transmission_interface/include/transmission_interface/handle.hpp
[84.514s] -- Installing: /workspaces/diffbot/ros2_ws/install/transmission_interface/include/transmission_interface/accessor.hpp
[84.515s] -- Installing: /workspaces/diffbot/ros2_ws/install/transmission_interface/include/transmission_interface/visibility_control.h
[84.515s] -- Installing: /workspaces/diffbot/ros2_ws/install/transmission_interface/include/transmission_interface/four_bar_linkage_transmission_loader.hpp
[84.515s] -- Installing: /workspaces/diffbot/ros2_ws/install/transmission_interface/include/transmission_interface/simple_transmission_loader.hpp
[84.516s] -- Installing: /workspaces/diffbot/ros2_ws/install/transmission_interface/include/transmission_interface/transmission.hpp
[84.516s] -- Installing: /workspaces/diffbot/ros2_ws/install/transmission_interface/include/transmission_interface/transmission_loader.hpp
[84.516s] -- Installing: /workspaces/diffbot/ros2_ws/install/transmission_interface/include/transmission_interface/simple_transmission.hpp
[84.516s] -- Installing: /workspaces/diffbot/ros2_ws/install/transmission_interface/include/transmission_interface/differential_transmission_loader.hpp
[84.516s] -- Installing: /workspaces/diffbot/ros2_ws/install/transmission_interface/include/transmission_interface/transmission_interface_exception.hpp
[84.516s] -- Installing: /workspaces/diffbot/ros2_ws/install/transmission_interface/include/transmission_interface/exception.hpp
[84.517s] -- Installing: /workspaces/diffbot/ros2_ws/install/transmission_interface/include/transmission_interface/four_bar_linkage_transmission.hpp
[84.518s] -- Installing: /workspaces/diffbot/ros2_ws/install/transmission_interface/share/transmission_interface/ros2_control_plugins.xml
[84.518s] -- Installing: /workspaces/diffbot/ros2_ws/install/transmission_interface/lib/libtransmission_interface.so
[84.520s] -- Set runtime path of "/workspaces/diffbot/ros2_ws/install/transmission_interface/lib/libtransmission_interface.so" to ""
[84.521s] -- Installing: /workspaces/diffbot/ros2_ws/install/transmission_interface/share/transmission_interface/environment/library_path.sh
[84.521s] -- Installing: /workspaces/diffbot/ros2_ws/install/transmission_interface/share/transmission_interface/environment/library_path.dsv
[84.521s] -- Installing: /workspaces/diffbot/ros2_ws/install/transmission_interface/share/ament_index/resource_index/package_run_dependencies/transmission_interface
[84.521s] -- Installing: /workspaces/diffbot/ros2_ws/install/transmission_interface/share/ament_index/resource_index/parent_prefix_path/transmission_interface
[84.522s] -- Installing: /workspaces/diffbot/ros2_ws/install/transmission_interface/share/transmission_interface/environment/ament_prefix_path.sh
[84.522s] -- Installing: /workspaces/diffbot/ros2_ws/install/transmission_interface/share/transmission_interface/environment/ament_prefix_path.dsv
[84.528s] -- Installing: /workspaces/diffbot/ros2_ws/install/transmission_interface/share/transmission_interface/environment/path.sh
[84.529s] -- Installing: /workspaces/diffbot/ros2_ws/install/transmission_interface/share/transmission_interface/environment/path.dsv
[84.529s] -- Installing: /workspaces/diffbot/ros2_ws/install/transmission_interface/share/transmission_interface/local_setup.bash
[84.529s] -- Installing: /workspaces/diffbot/ros2_ws/install/transmission_interface/share/transmission_interface/local_setup.sh
[84.529s] -- Installing: /workspaces/diffbot/ros2_ws/install/transmission_interface/share/transmission_interface/local_setup.zsh
[84.529s] -- Installing: /workspaces/diffbot/ros2_ws/install/transmission_interface/share/transmission_interface/local_setup.dsv
[84.530s] -- Installing: /workspaces/diffbot/ros2_ws/install/transmission_interface/share/transmission_interface/package.dsv
[84.530s] -- Installing: /workspaces/diffbot/ros2_ws/install/transmission_interface/share/ament_index/resource_index/packages/transmission_interface
[84.530s] -- Installing: /workspaces/diffbot/ros2_ws/install/transmission_interface/share/ament_index/resource_index/transmission_interface__pluginlib__plugin/transmission_interface
[84.531s] -- Installing: /workspaces/diffbot/ros2_ws/install/transmission_interface/share/transmission_interface/cmake/ament_cmake_export_include_directories-extras.cmake
[84.531s] -- Installing: /workspaces/diffbot/ros2_ws/install/transmission_interface/share/transmission_interface/cmake/ament_cmake_export_dependencies-extras.cmake
[84.531s] -- Installing: /workspaces/diffbot/ros2_ws/install/transmission_interface/share/transmission_interface/cmake/ament_cmake_export_libraries-extras.cmake
[84.531s] -- Installing: /workspaces/diffbot/ros2_ws/install/transmission_interface/share/transmission_interface/cmake/transmission_interfaceConfig.cmake
[84.531s] -- Installing: /workspaces/diffbot/ros2_ws/install/transmission_interface/share/transmission_interface/cmake/transmission_interfaceConfig-version.cmake
[84.531s] -- Installing: /workspaces/diffbot/ros2_ws/install/transmission_interface/share/transmission_interface/package.xml
[84.544s] Invoked command in '/workspaces/diffbot/ros2_ws/build/transmission_interface' returned '0': AMENT_PREFIX_PATH=/workspaces/diffbot/ros2_ws/install/control_msgs:${AMENT_PREFIX_PATH} CMAKE_PREFIX_PATH=/workspaces/diffbot/ros2_ws/install/hardware_interface:/workspaces/diffbot/ros2_ws/install/control_msgs:/workspaces/diffbot/ros2_ws/install/gazebo_ros2_control_demos:/workspaces/diffbot/ros2_ws/install/ros2_control:/workspaces/diffbot/ros2_ws/install/transmission_interface:/workspaces/diffbot/ros2_ws/install/ros2_controllers:/workspaces/diffbot/ros2_ws/install/steering_controllers_library:/workspaces/diffbot/ros2_ws/install/ros2_control_demos:/workspaces/diffbot/ros2_ws/install/ros2_control_demo_example_2:/workspaces/diffbot/ros2_ws/install/gazebo_ros2_control:/workspaces/diffbot/ros2_ws/install/diffbot_bringup:/workspaces/diffbot/ros2_ws/install/controller_manager:/workspaces/diffbot/ros2_ws/install/ros2_control_test_assets:/workspaces/diffbot/ros2_ws/install/ros2_control_demo_description:/workspaces/diffbot/ros2_ws/install/joint_state_broadcaster:/workspaces/diffbot/ros2_ws/install/diff_drive_controller:/workspaces/diffbot/ros2_ws/install/realtime_tools:/workspaces/diffbot/ros2_ws/install/position_controllers:/workspaces/diffbot/ros2_ws/install/joint_limits:/workspaces/diffbot/ros2_ws/install/controller_interface:/workspaces/diffbot/ros2_ws/install/controller_manager_msgs:/workspaces/diffbot/ros2_ws/install/rqt_controller_manager:/workspaces/diffbot/ros2_ws/install/ros2controlcli:/workspaces/diffbot/ros2_ws/install/ros2_controllers_test_nodes:/workspaces/diffbot/ros2_ws/install/controller:/opt/ros/humble LD_LIBRARY_PATH=/workspaces/diffbot/ros2_ws/install/hardware_interface/lib:/workspaces/diffbot/ros2_ws/install/control_msgs/lib:/workspaces/diffbot/ros2_ws/install/transmission_interface/lib:/workspaces/diffbot/ros2_ws/install/steering_controllers_library/lib:/workspaces/diffbot/ros2_ws/install/ros2_control_demo_example_2/lib:/workspaces/diffbot/ros2_ws/install/gazebo_ros2_control/lib:/workspaces/diffbot/ros2_ws/install/controller_manager/lib:/workspaces/diffbot/ros2_ws/install/joint_state_broadcaster/lib:/workspaces/diffbot/ros2_ws/install/diff_drive_controller/lib:/workspaces/diffbot/ros2_ws/install/realtime_tools/lib:/workspaces/diffbot/ros2_ws/install/position_controllers/lib:/workspaces/diffbot/ros2_ws/install/controller_interface/lib:/workspaces/diffbot/ros2_ws/install/controller_manager_msgs/lib:/opt/ros/humble/opt/rviz_ogre_vendor/lib:/opt/ros/humble/lib/x86_64-linux-gnu:/opt/ros/humble/lib PYTHONPATH=/workspaces/diffbot/ros2_ws/install/control_msgs/local/lib/python3.10/dist-packages:${PYTHONPATH} /usr/bin/cmake --install /workspaces/diffbot/ros2_ws/build/transmission_interface
