[0.017s] Invoking command in '/home/lulav/ros2_ws/build/controller_interface': AMENT_PREFIX_PATH=/home/lulav/ros2_ws/install/hardware_interface:/home/lulav/ros2_ws/install/control_msgs:${AMENT_PREFIX_PATH} CMAKE_PREFIX_PATH=/home/lulav/ros2_ws/install/hardware_interface:/home/lulav/ros2_ws/install/control_msgs:/opt/ros/humble LD_LIBRARY_PATH=/home/lulav/ros2_ws/install/hardware_interface/lib:/home/lulav/ros2_ws/install/control_msgs/lib:${LD_LIBRARY_PATH} PYTHONPATH=/home/lulav/ros2_ws/install/control_msgs/local/lib/python3.10/dist-packages:${PYTHONPATH} /usr/bin/cmake /home/lulav/ros2_ws/src/ros2_control/controller_interface -DAMENT_CMAKE_SYMLINK_INSTALL=1 -DCMAKE_INSTALL_PREFIX=/home/lulav/ros2_ws/install/controller_interface
[0.107s] -- The C compiler identification is GNU 11.4.0
[0.194s] -- The CXX compiler identification is GNU 11.4.0
[0.208s] -- Detecting C compiler ABI info
[0.310s] -- Detecting C compiler ABI info - done
[0.334s] -- Check for working C compiler: /usr/bin/cc - skipped
[0.334s] -- Detecting C compile features
[0.335s] -- Detecting C compile features - done
[0.343s] -- Detecting CXX compiler ABI info
[0.473s] -- Detecting CXX compiler ABI info - done
[0.498s] -- Check for working CXX compiler: /usr/bin/c++ - skipped
[0.498s] -- Detecting CXX compile features
[0.499s] -- Detecting CXX compile features - done
[0.505s] -- Found ament_cmake: 1.3.5 (/opt/ros/humble/share/ament_cmake/cmake)
[0.837s] -- Found Python3: /usr/bin/python3.10 (found version "3.10.12") found components: Interpreter 
[0.940s] -- Override CMake install command with custom implementation using symlinks instead of copying resources
[0.977s] -- Found hardware_interface: 2.29.0 (/home/lulav/ros2_ws/install/hardware_interface/share/hardware_interface/cmake)
[1.046s] -- Found rosidl_generator_c: 3.1.5 (/opt/ros/humble/share/rosidl_generator_c/cmake)
[1.059s] -- Found rosidl_adapter: 3.1.5 (/opt/ros/humble/share/rosidl_adapter/cmake)
[1.081s] -- Found rosidl_generator_cpp: 3.1.5 (/opt/ros/humble/share/rosidl_generator_cpp/cmake)
[1.116s] -- Using all available rosidl_typesupport_c: rosidl_typesupport_fastrtps_c;rosidl_typesupport_introspection_c
[1.147s] -- Using all available rosidl_typesupport_cpp: rosidl_typesupport_fastrtps_cpp;rosidl_typesupport_introspection_cpp
[2.260s] -- Found rmw_implementation_cmake: 6.1.1 (/opt/ros/humble/share/rmw_implementation_cmake/cmake)
[2.264s] -- Found rmw_fastrtps_cpp: 6.2.3 (/opt/ros/humble/share/rmw_fastrtps_cpp/cmake)
[2.424s] -- Found OpenSSL: /usr/lib/x86_64-linux-gnu/libcrypto.so (found version "3.0.2")  
[2.469s] -- Found FastRTPS: /opt/ros/humble/include  
[2.551s] -- Using RMW implementation 'rmw_fastrtps_cpp' as default
[2.566s] -- Looking for pthread.h
[2.674s] -- Looking for pthread.h - found
[2.674s] -- Performing Test CMAKE_HAVE_LIBC_PTHREAD
[2.789s] -- Performing Test CMAKE_HAVE_LIBC_PTHREAD - Success
[2.792s] -- Found Threads: TRUE  
[3.171s] -- Found ament_cmake_gmock: 1.3.5 (/opt/ros/humble/share/ament_cmake_gmock/cmake)
[3.175s] -- Found gmock sources under '/opt/ros/humble/src/gmock_vendor': C++ tests using 'Google Mock' will be built
[3.182s] -- Found ament_cmake_gtest: 1.3.5 (/opt/ros/humble/share/ament_cmake_gtest/cmake)
[3.183s] -- Found gtest sources under '/opt/ros/humble/src/gtest_vendor': C++ tests using 'Google Test' will be built
[3.682s] -- Configuring done
[3.852s] -- Generating done
[3.856s] -- Build files have been written to: /home/lulav/ros2_ws/build/controller_interface
[3.874s] Invoked command in '/home/lulav/ros2_ws/build/controller_interface' returned '0': AMENT_PREFIX_PATH=/home/lulav/ros2_ws/install/hardware_interface:/home/lulav/ros2_ws/install/control_msgs:${AMENT_PREFIX_PATH} CMAKE_PREFIX_PATH=/home/lulav/ros2_ws/install/hardware_interface:/home/lulav/ros2_ws/install/control_msgs:/opt/ros/humble LD_LIBRARY_PATH=/home/lulav/ros2_ws/install/hardware_interface/lib:/home/lulav/ros2_ws/install/control_msgs/lib:${LD_LIBRARY_PATH} PYTHONPATH=/home/lulav/ros2_ws/install/control_msgs/local/lib/python3.10/dist-packages:${PYTHONPATH} /usr/bin/cmake /home/lulav/ros2_ws/src/ros2_control/controller_interface -DAMENT_CMAKE_SYMLINK_INSTALL=1 -DCMAKE_INSTALL_PREFIX=/home/lulav/ros2_ws/install/controller_interface
[3.877s] Invoking command in '/home/lulav/ros2_ws/build/controller_interface': AMENT_PREFIX_PATH=/home/lulav/ros2_ws/install/hardware_interface:/home/lulav/ros2_ws/install/control_msgs:${AMENT_PREFIX_PATH} CMAKE_PREFIX_PATH=/home/lulav/ros2_ws/install/hardware_interface:/home/lulav/ros2_ws/install/control_msgs:/opt/ros/humble LD_LIBRARY_PATH=/home/lulav/ros2_ws/install/hardware_interface/lib:/home/lulav/ros2_ws/install/control_msgs/lib:${LD_LIBRARY_PATH} PYTHONPATH=/home/lulav/ros2_ws/install/control_msgs/local/lib/python3.10/dist-packages:${PYTHONPATH} /usr/bin/cmake --build /home/lulav/ros2_ws/build/controller_interface -- -j8 -l8
[3.960s] [  9%] [32mBuilding CXX object gmock/CMakeFiles/gmock.dir/src/gmock-all.cc.o[0m
[3.960s] [  9%] [32mBuilding CXX object gmock/CMakeFiles/gmock.dir/opt/ros/humble/src/gtest_vendor/src/gtest-all.cc.o[0m
[3.962s] [ 14%] [32mBuilding CXX object CMakeFiles/controller_interface.dir/src/controller_interface.cpp.o[0m
[3.963s] [ 19%] [32mBuilding CXX object CMakeFiles/controller_interface.dir/src/chainable_controller_interface.cpp.o[0m
[3.963s] [ 23%] [32mBuilding CXX object gmock/CMakeFiles/gmock_main.dir/src/gmock_main.cc.o[0m
[3.964s] [ 28%] [32mBuilding CXX object CMakeFiles/controller_interface.dir/src/controller_interface_base.cpp.o[0m
[8.815s] [ 33%] [32m[1mLinking CXX static library libgmock_main.a[0m
[9.249s] [ 33%] Built target gmock_main
[16.160s] [ 38%] [32m[1mLinking CXX shared library libcontroller_interface.so[0m
[16.629s] [ 38%] Built target controller_interface
[16.908s] [ 42%] [32m[1mLinking CXX static library libgmock.a[0m
[17.077s] [ 42%] Built target gmock
[17.137s] [ 47%] [32mBuilding CXX object CMakeFiles/test_controller_interface.dir/test/test_controller_interface.cpp.o[0m
[17.151s] [ 52%] [32mBuilding CXX object CMakeFiles/test_force_torque_sensor.dir/test/test_force_torque_sensor.cpp.o[0m
[17.173s] [ 57%] [32mBuilding CXX object CMakeFiles/test_controller_with_options.dir/test/test_controller_with_options.cpp.o[0m
[17.181s] [ 61%] [32mBuilding CXX object CMakeFiles/test_imu_sensor.dir/test/test_imu_sensor.cpp.o[0m
[17.194s] [ 66%] [32mBuilding CXX object CMakeFiles/test_chainable_controller_interface.dir/test/test_chainable_controller_interface.cpp.o[0m
[17.227s] [ 71%] [32mBuilding CXX object CMakeFiles/test_semantic_component_interface.dir/test/test_semantic_component_interface.cpp.o[0m
[22.372s] [ 76%] [32m[1mLinking CXX executable test_imu_sensor[0m
[24.765s] [ 76%] Built target test_imu_sensor
[27.190s] [ 80%] [32m[1mLinking CXX executable test_force_torque_sensor[0m
[27.213s] [ 85%] [32m[1mLinking CXX executable test_semantic_component_interface[0m
[28.432s] [ 85%] Built target test_force_torque_sensor
[28.787s] [ 85%] Built target test_semantic_component_interface
[32.804s] [ 90%] [32m[1mLinking CXX executable test_controller_interface[0m
[33.368s] [ 95%] [32m[1mLinking CXX executable test_chainable_controller_interface[0m
[33.431s] [100%] [32m[1mLinking CXX executable test_controller_with_options[0m
[33.608s] [100%] Built target test_controller_interface
[34.129s] [100%] Built target test_chainable_controller_interface
[34.213s] [100%] Built target test_controller_with_options
[34.233s] Invoked command in '/home/lulav/ros2_ws/build/controller_interface' returned '0': AMENT_PREFIX_PATH=/home/lulav/ros2_ws/install/hardware_interface:/home/lulav/ros2_ws/install/control_msgs:${AMENT_PREFIX_PATH} CMAKE_PREFIX_PATH=/home/lulav/ros2_ws/install/hardware_interface:/home/lulav/ros2_ws/install/control_msgs:/opt/ros/humble LD_LIBRARY_PATH=/home/lulav/ros2_ws/install/hardware_interface/lib:/home/lulav/ros2_ws/install/control_msgs/lib:${LD_LIBRARY_PATH} PYTHONPATH=/home/lulav/ros2_ws/install/control_msgs/local/lib/python3.10/dist-packages:${PYTHONPATH} /usr/bin/cmake --build /home/lulav/ros2_ws/build/controller_interface -- -j8 -l8
[34.309s] Invoking command in '/home/lulav/ros2_ws/build/controller_interface': AMENT_PREFIX_PATH=/home/lulav/ros2_ws/install/hardware_interface:/home/lulav/ros2_ws/install/control_msgs:${AMENT_PREFIX_PATH} CMAKE_PREFIX_PATH=/home/lulav/ros2_ws/install/hardware_interface:/home/lulav/ros2_ws/install/control_msgs:/opt/ros/humble LD_LIBRARY_PATH=/home/lulav/ros2_ws/install/hardware_interface/lib:/home/lulav/ros2_ws/install/control_msgs/lib:${LD_LIBRARY_PATH} PYTHONPATH=/home/lulav/ros2_ws/install/control_msgs/local/lib/python3.10/dist-packages:${PYTHONPATH} /usr/bin/cmake --install /home/lulav/ros2_ws/build/controller_interface
[34.320s] -- Install configuration: ""
[34.322s] -- Execute custom install script
[34.326s] -- Up-to-date symlink: /home/lulav/ros2_ws/install/controller_interface/include/controller_interface/chainable_controller_interface.hpp
[34.326s] -- Up-to-date symlink: /home/lulav/ros2_ws/install/controller_interface/include/controller_interface/controller_interface.hpp
[34.326s] -- Up-to-date symlink: /home/lulav/ros2_ws/install/controller_interface/include/controller_interface/controller_interface_base.hpp
[34.326s] -- Up-to-date symlink: /home/lulav/ros2_ws/install/controller_interface/include/controller_interface/helpers.hpp
[34.327s] -- Up-to-date symlink: /home/lulav/ros2_ws/install/controller_interface/include/controller_interface/visibility_control.h
[34.327s] -- Up-to-date symlink: /home/lulav/ros2_ws/install/controller_interface/include/semantic_components/force_torque_sensor.hpp
[34.327s] -- Up-to-date symlink: /home/lulav/ros2_ws/install/controller_interface/include/semantic_components/imu_sensor.hpp
[34.327s] -- Up-to-date symlink: /home/lulav/ros2_ws/install/controller_interface/include/semantic_components/semantic_component_interface.hpp
[34.327s] -- Up-to-date symlink: /home/lulav/ros2_ws/install/controller_interface/lib/libcontroller_interface.so
[34.327s] -- Up-to-date symlink: /home/lulav/ros2_ws/install/controller_interface/share/controller_interface/environment/library_path.sh
[34.328s] -- Up-to-date symlink: /home/lulav/ros2_ws/install/controller_interface/share/controller_interface/environment/library_path.dsv
[34.328s] -- Up-to-date symlink: /home/lulav/ros2_ws/install/controller_interface/share/ament_index/resource_index/package_run_dependencies/controller_interface
[34.328s] -- Up-to-date symlink: /home/lulav/ros2_ws/install/controller_interface/share/ament_index/resource_index/parent_prefix_path/controller_interface
[34.328s] -- Up-to-date symlink: /home/lulav/ros2_ws/install/controller_interface/share/controller_interface/environment/ament_prefix_path.sh
[34.328s] -- Up-to-date symlink: /home/lulav/ros2_ws/install/controller_interface/share/controller_interface/environment/ament_prefix_path.dsv
[34.329s] -- Up-to-date symlink: /home/lulav/ros2_ws/install/controller_interface/share/controller_interface/environment/path.sh
[34.329s] -- Up-to-date symlink: /home/lulav/ros2_ws/install/controller_interface/share/controller_interface/environment/path.dsv
[34.329s] -- Up-to-date symlink: /home/lulav/ros2_ws/install/controller_interface/share/controller_interface/local_setup.bash
[34.330s] -- Up-to-date symlink: /home/lulav/ros2_ws/install/controller_interface/share/controller_interface/local_setup.sh
[34.330s] -- Up-to-date symlink: /home/lulav/ros2_ws/install/controller_interface/share/controller_interface/local_setup.zsh
[34.330s] -- Up-to-date symlink: /home/lulav/ros2_ws/install/controller_interface/share/controller_interface/local_setup.dsv
[34.330s] -- Symlinking: /home/lulav/ros2_ws/install/controller_interface/share/controller_interface/package.dsv
[34.344s] -- Up-to-date symlink: /home/lulav/ros2_ws/install/controller_interface/share/ament_index/resource_index/packages/controller_interface
[34.345s] -- Up-to-date symlink: /home/lulav/ros2_ws/install/controller_interface/share/controller_interface/cmake/ament_cmake_export_dependencies-extras.cmake
[34.345s] -- Up-to-date symlink: /home/lulav/ros2_ws/install/controller_interface/share/controller_interface/cmake/ament_cmake_export_include_directories-extras.cmake
[34.345s] -- Up-to-date symlink: /home/lulav/ros2_ws/install/controller_interface/share/controller_interface/cmake/ament_cmake_export_libraries-extras.cmake
[34.346s] -- Up-to-date symlink: /home/lulav/ros2_ws/install/controller_interface/share/controller_interface/cmake/controller_interfaceConfig.cmake
[34.346s] -- Up-to-date symlink: /home/lulav/ros2_ws/install/controller_interface/share/controller_interface/cmake/controller_interfaceConfig-version.cmake
[34.346s] -- Up-to-date symlink: /home/lulav/ros2_ws/install/controller_interface/share/controller_interface/package.xml
[34.349s] Invoked command in '/home/lulav/ros2_ws/build/controller_interface' returned '0': AMENT_PREFIX_PATH=/home/lulav/ros2_ws/install/hardware_interface:/home/lulav/ros2_ws/install/control_msgs:${AMENT_PREFIX_PATH} CMAKE_PREFIX_PATH=/home/lulav/ros2_ws/install/hardware_interface:/home/lulav/ros2_ws/install/control_msgs:/opt/ros/humble LD_LIBRARY_PATH=/home/lulav/ros2_ws/install/hardware_interface/lib:/home/lulav/ros2_ws/install/control_msgs/lib:${LD_LIBRARY_PATH} PYTHONPATH=/home/lulav/ros2_ws/install/control_msgs/local/lib/python3.10/dist-packages:${PYTHONPATH} /usr/bin/cmake --install /home/lulav/ros2_ws/build/controller_interface
