[0.172s] Invoking command in '/home/lulav/ros2_ws/build/tricycle_controller': AMENT_PREFIX_PATH=/home/lulav/ros2_ws/install/controller_manager:/home/lulav/ros2_ws/install/controller_interface:/home/lulav/ros2_ws/install/hardware_interface:/home/lulav/ros2_ws/install/ros2_control_test_assets:/home/lulav/ros2_ws/install/realtime_tools:/home/lulav/ros2_ws/install/controller_manager_msgs:/home/lulav/ros2_ws/install/control_msgs:${AMENT_PREFIX_PATH} CMAKE_PREFIX_PATH=/home/lulav/ros2_ws/install/controller_manager:/home/lulav/ros2_ws/install/controller_interface:/home/lulav/ros2_ws/install/hardware_interface:/home/lulav/ros2_ws/install/ros2_control_test_assets:/home/lulav/ros2_ws/install/realtime_tools:/home/lulav/ros2_ws/install/controller_manager_msgs:/home/lulav/ros2_ws/install/control_msgs:/opt/ros/humble LD_LIBRARY_PATH=/home/lulav/ros2_ws/install/controller_manager/lib:/home/lulav/ros2_ws/install/controller_interface/lib:/home/lulav/ros2_ws/install/hardware_interface/lib:/home/lulav/ros2_ws/install/realtime_tools/lib:/home/lulav/ros2_ws/install/controller_manager_msgs/lib:/home/lulav/ros2_ws/install/control_msgs/lib:${LD_LIBRARY_PATH} PYTHONPATH=/home/lulav/ros2_ws/install/controller_manager/local/lib/python3.10/dist-packages:/home/lulav/ros2_ws/install/controller_manager_msgs/local/lib/python3.10/dist-packages:/home/lulav/ros2_ws/install/control_msgs/local/lib/python3.10/dist-packages:${PYTHONPATH} /usr/bin/cmake --build /home/lulav/ros2_ws/build/tricycle_controller -- -j8 -l8
[0.275s] [35m[1mConsolidate compiler generated dependencies of target gmock_main[0m
[0.275s] [35m[1mConsolidate compiler generated dependencies of target tricycle_controller[0m
[0.282s] [35m[1mConsolidate compiler generated dependencies of target gmock[0m
[0.341s] [ 14%] Built target gmock_main
[0.343s] [ 35%] Built target gmock
[0.344s] [ 71%] Built target tricycle_controller
[0.389s] [35m[1mConsolidate compiler generated dependencies of target test_load_tricycle_controller[0m
[0.425s] [35m[1mConsolidate compiler generated dependencies of target test_tricycle_controller[0m
[0.479s] [ 85%] Built target test_load_tricycle_controller
[0.530s] [100%] Built target test_tricycle_controller
[0.680s] Invoked command in '/home/lulav/ros2_ws/build/tricycle_controller' returned '0': AMENT_PREFIX_PATH=/home/lulav/ros2_ws/install/controller_manager:/home/lulav/ros2_ws/install/controller_interface:/home/lulav/ros2_ws/install/hardware_interface:/home/lulav/ros2_ws/install/ros2_control_test_assets:/home/lulav/ros2_ws/install/realtime_tools:/home/lulav/ros2_ws/install/controller_manager_msgs:/home/lulav/ros2_ws/install/control_msgs:${AMENT_PREFIX_PATH} CMAKE_PREFIX_PATH=/home/lulav/ros2_ws/install/controller_manager:/home/lulav/ros2_ws/install/controller_interface:/home/lulav/ros2_ws/install/hardware_interface:/home/lulav/ros2_ws/install/ros2_control_test_assets:/home/lulav/ros2_ws/install/realtime_tools:/home/lulav/ros2_ws/install/controller_manager_msgs:/home/lulav/ros2_ws/install/control_msgs:/opt/ros/humble LD_LIBRARY_PATH=/home/lulav/ros2_ws/install/controller_manager/lib:/home/lulav/ros2_ws/install/controller_interface/lib:/home/lulav/ros2_ws/install/hardware_interface/lib:/home/lulav/ros2_ws/install/realtime_tools/lib:/home/lulav/ros2_ws/install/controller_manager_msgs/lib:/home/lulav/ros2_ws/install/control_msgs/lib:${LD_LIBRARY_PATH} PYTHONPATH=/home/lulav/ros2_ws/install/controller_manager/local/lib/python3.10/dist-packages:/home/lulav/ros2_ws/install/controller_manager_msgs/local/lib/python3.10/dist-packages:/home/lulav/ros2_ws/install/control_msgs/local/lib/python3.10/dist-packages:${PYTHONPATH} /usr/bin/cmake --build /home/lulav/ros2_ws/build/tricycle_controller -- -j8 -l8
[0.995s] Invoking command in '/home/lulav/ros2_ws/build/tricycle_controller': AMENT_PREFIX_PATH=/home/lulav/ros2_ws/install/controller_manager:/home/lulav/ros2_ws/install/controller_interface:/home/lulav/ros2_ws/install/hardware_interface:/home/lulav/ros2_ws/install/ros2_control_test_assets:/home/lulav/ros2_ws/install/realtime_tools:/home/lulav/ros2_ws/install/controller_manager_msgs:/home/lulav/ros2_ws/install/control_msgs:${AMENT_PREFIX_PATH} CMAKE_PREFIX_PATH=/home/lulav/ros2_ws/install/controller_manager:/home/lulav/ros2_ws/install/controller_interface:/home/lulav/ros2_ws/install/hardware_interface:/home/lulav/ros2_ws/install/ros2_control_test_assets:/home/lulav/ros2_ws/install/realtime_tools:/home/lulav/ros2_ws/install/controller_manager_msgs:/home/lulav/ros2_ws/install/control_msgs:/opt/ros/humble LD_LIBRARY_PATH=/home/lulav/ros2_ws/install/controller_manager/lib:/home/lulav/ros2_ws/install/controller_interface/lib:/home/lulav/ros2_ws/install/hardware_interface/lib:/home/lulav/ros2_ws/install/realtime_tools/lib:/home/lulav/ros2_ws/install/controller_manager_msgs/lib:/home/lulav/ros2_ws/install/control_msgs/lib:${LD_LIBRARY_PATH} PYTHONPATH=/home/lulav/ros2_ws/install/controller_manager/local/lib/python3.10/dist-packages:/home/lulav/ros2_ws/install/controller_manager_msgs/local/lib/python3.10/dist-packages:/home/lulav/ros2_ws/install/control_msgs/local/lib/python3.10/dist-packages:${PYTHONPATH} /usr/bin/cmake --install /home/lulav/ros2_ws/build/tricycle_controller
[1.017s] -- Install configuration: ""
[1.018s] -- Execute custom install script
[1.031s] -- Up-to-date symlink: /home/lulav/ros2_ws/install/tricycle_controller/share/tricycle_controller//tricycle_controller.xml
[1.031s] -- Up-to-date symlink: /home/lulav/ros2_ws/install/tricycle_controller/include/tricycle_controller/tricycle_controller/odometry.hpp
[1.031s] -- Up-to-date symlink: /home/lulav/ros2_ws/install/tricycle_controller/include/tricycle_controller/tricycle_controller/steering_limiter.hpp
[1.031s] -- Up-to-date symlink: /home/lulav/ros2_ws/install/tricycle_controller/include/tricycle_controller/tricycle_controller/traction_limiter.hpp
[1.031s] -- Up-to-date symlink: /home/lulav/ros2_ws/install/tricycle_controller/include/tricycle_controller/tricycle_controller/tricycle_controller.hpp
[1.031s] -- Up-to-date symlink: /home/lulav/ros2_ws/install/tricycle_controller/include/tricycle_controller/tricycle_controller/visibility_control.h
[1.032s] -- Up-to-date symlink: /home/lulav/ros2_ws/install/tricycle_controller/share/tricycle_controller/environment/library_path.sh
[1.032s] -- Up-to-date symlink: /home/lulav/ros2_ws/install/tricycle_controller/share/tricycle_controller/environment/library_path.dsv
[1.032s] -- Up-to-date symlink: /home/lulav/ros2_ws/install/tricycle_controller/share/ament_index/resource_index/package_run_dependencies/tricycle_controller
[1.032s] -- Up-to-date symlink: /home/lulav/ros2_ws/install/tricycle_controller/share/ament_index/resource_index/parent_prefix_path/tricycle_controller
[1.032s] -- Up-to-date symlink: /home/lulav/ros2_ws/install/tricycle_controller/share/tricycle_controller/environment/ament_prefix_path.sh
[1.033s] -- Up-to-date symlink: /home/lulav/ros2_ws/install/tricycle_controller/share/tricycle_controller/environment/ament_prefix_path.dsv
[1.033s] -- Up-to-date symlink: /home/lulav/ros2_ws/install/tricycle_controller/share/tricycle_controller/environment/path.sh
[1.033s] -- Up-to-date symlink: /home/lulav/ros2_ws/install/tricycle_controller/share/tricycle_controller/environment/path.dsv
[1.033s] -- Up-to-date symlink: /home/lulav/ros2_ws/install/tricycle_controller/share/tricycle_controller/local_setup.bash
[1.033s] -- Up-to-date symlink: /home/lulav/ros2_ws/install/tricycle_controller/share/tricycle_controller/local_setup.sh
[1.033s] -- Up-to-date symlink: /home/lulav/ros2_ws/install/tricycle_controller/share/tricycle_controller/local_setup.zsh
[1.033s] -- Up-to-date symlink: /home/lulav/ros2_ws/install/tricycle_controller/share/tricycle_controller/local_setup.dsv
[1.034s] -- Symlinking: /home/lulav/ros2_ws/install/tricycle_controller/share/tricycle_controller/package.dsv
[1.059s] -- Up-to-date symlink: /home/lulav/ros2_ws/install/tricycle_controller/share/ament_index/resource_index/packages/tricycle_controller
[1.060s] -- Up-to-date symlink: /home/lulav/ros2_ws/install/tricycle_controller/share/ament_index/resource_index/controller_interface__pluginlib__plugin/tricycle_controller
[1.060s] -- Up-to-date symlink: /home/lulav/ros2_ws/install/tricycle_controller/share/tricycle_controller/cmake/ament_cmake_export_targets-extras.cmake
[1.060s] -- Up-to-date symlink: /home/lulav/ros2_ws/install/tricycle_controller/share/tricycle_controller/cmake/ament_cmake_export_dependencies-extras.cmake
[1.060s] -- Up-to-date symlink: /home/lulav/ros2_ws/install/tricycle_controller/share/tricycle_controller/cmake/tricycle_controllerConfig.cmake
[1.060s] -- Up-to-date symlink: /home/lulav/ros2_ws/install/tricycle_controller/share/tricycle_controller/cmake/tricycle_controllerConfig-version.cmake
[1.060s] -- Up-to-date symlink: /home/lulav/ros2_ws/install/tricycle_controller/share/tricycle_controller/package.xml
[1.064s] -- Up-to-date: /home/lulav/ros2_ws/install/tricycle_controller/lib/libtricycle_controller.so
[1.064s] -- Up-to-date: /home/lulav/ros2_ws/install/tricycle_controller/share/tricycle_controller/cmake/export_tricycle_controllerExport.cmake
[1.064s] -- Up-to-date: /home/lulav/ros2_ws/install/tricycle_controller/share/tricycle_controller/cmake/export_tricycle_controllerExport-noconfig.cmake
[1.171s] Invoked command in '/home/lulav/ros2_ws/build/tricycle_controller' returned '0': AMENT_PREFIX_PATH=/home/lulav/ros2_ws/install/controller_manager:/home/lulav/ros2_ws/install/controller_interface:/home/lulav/ros2_ws/install/hardware_interface:/home/lulav/ros2_ws/install/ros2_control_test_assets:/home/lulav/ros2_ws/install/realtime_tools:/home/lulav/ros2_ws/install/controller_manager_msgs:/home/lulav/ros2_ws/install/control_msgs:${AMENT_PREFIX_PATH} CMAKE_PREFIX_PATH=/home/lulav/ros2_ws/install/controller_manager:/home/lulav/ros2_ws/install/controller_interface:/home/lulav/ros2_ws/install/hardware_interface:/home/lulav/ros2_ws/install/ros2_control_test_assets:/home/lulav/ros2_ws/install/realtime_tools:/home/lulav/ros2_ws/install/controller_manager_msgs:/home/lulav/ros2_ws/install/control_msgs:/opt/ros/humble LD_LIBRARY_PATH=/home/lulav/ros2_ws/install/controller_manager/lib:/home/lulav/ros2_ws/install/controller_interface/lib:/home/lulav/ros2_ws/install/hardware_interface/lib:/home/lulav/ros2_ws/install/realtime_tools/lib:/home/lulav/ros2_ws/install/controller_manager_msgs/lib:/home/lulav/ros2_ws/install/control_msgs/lib:${LD_LIBRARY_PATH} PYTHONPATH=/home/lulav/ros2_ws/install/controller_manager/local/lib/python3.10/dist-packages:/home/lulav/ros2_ws/install/controller_manager_msgs/local/lib/python3.10/dist-packages:/home/lulav/ros2_ws/install/control_msgs/local/lib/python3.10/dist-packages:${PYTHONPATH} /usr/bin/cmake --install /home/lulav/ros2_ws/build/tricycle_controller
