[0.192s] Invoking command in '/home/lulav/ros2_ws/build/tricycle_controller': AMENT_PREFIX_PATH=/home/lulav/ros2_ws/install/controller_manager:/home/lulav/ros2_ws/install/controller_interface:/home/lulav/ros2_ws/install/hardware_interface:/home/lulav/ros2_ws/install/ros2_control_test_assets:/home/lulav/ros2_ws/install/realtime_tools:/home/lulav/ros2_ws/install/controller_manager_msgs:/home/lulav/ros2_ws/install/control_msgs:${AMENT_PREFIX_PATH} CMAKE_PREFIX_PATH=/home/lulav/ros2_ws/install/controller_manager:/home/lulav/ros2_ws/install/controller_interface:/home/lulav/ros2_ws/install/hardware_interface:/home/lulav/ros2_ws/install/ros2_control_test_assets:/home/lulav/ros2_ws/install/realtime_tools:/home/lulav/ros2_ws/install/controller_manager_msgs:/home/lulav/ros2_ws/install/control_msgs:/opt/ros/humble LD_LIBRARY_PATH=/home/lulav/ros2_ws/install/controller_manager/lib:/home/lulav/ros2_ws/install/controller_interface/lib:/home/lulav/ros2_ws/install/hardware_interface/lib:/home/lulav/ros2_ws/install/realtime_tools/lib:/home/lulav/ros2_ws/install/controller_manager_msgs/lib:/home/lulav/ros2_ws/install/control_msgs/lib:${LD_LIBRARY_PATH} PYTHONPATH=/home/lulav/ros2_ws/install/controller_manager/local/lib/python3.10/dist-packages:/home/lulav/ros2_ws/install/controller_manager_msgs/local/lib/python3.10/dist-packages:/home/lulav/ros2_ws/install/control_msgs/local/lib/python3.10/dist-packages:${PYTHONPATH} /usr/bin/cmake /home/lulav/ros2_ws/src/ros2_controllers/tricycle_controller -DCMAKE_INSTALL_PREFIX=/home/lulav/ros2_ws/install/tricycle_controller
[0.342s] -- Found ament_cmake: 1.3.5 (/opt/ros/humble/share/ament_cmake/cmake)
[0.738s] -- Override CMake install command with custom implementation using symlinks instead of copying resources
[0.791s] -- Found backward_ros: 1.0.2 (/opt/ros/humble/share/backward_ros/cmake)
[0.860s] -- Could NOT find libbfd (missing: LIBBFD_LIBRARY LIBBFD_INCLUDE_DIR) 
[0.860s] -- BACKWARD_HAS_UNWIND=1
[0.860s] -- BACKWARD_HAS_BACKTRACE=0
[0.861s] -- BACKWARD_HAS_BACKTRACE_SYMBOL=0
[0.861s] -- BACKWARD_HAS_DW=1
[0.861s] -- BACKWARD_HAS_BFD=0
[0.861s] -- Found Backward: /opt/ros/humble/share/backward_ros/cmake  
[0.861s] -- Found ackermann_msgs: 2.0.2 (/opt/ros/humble/share/ackermann_msgs/cmake)
[0.910s] -- Found rosidl_generator_c: 3.1.5 (/opt/ros/humble/share/rosidl_generator_c/cmake)
[0.941s] -- Found rosidl_adapter: 3.1.5 (/opt/ros/humble/share/rosidl_adapter/cmake)
[0.948s] -- Found rosidl_generator_cpp: 3.1.5 (/opt/ros/humble/share/rosidl_generator_cpp/cmake)
[0.996s] -- Using all available rosidl_typesupport_c: rosidl_typesupport_fastrtps_c;rosidl_typesupport_introspection_c
[1.085s] -- Using all available rosidl_typesupport_cpp: rosidl_typesupport_fastrtps_cpp;rosidl_typesupport_introspection_cpp
[1.450s] -- Found controller_interface: 2.29.0 (/home/lulav/ros2_ws/install/controller_interface/share/controller_interface/cmake)
[4.139s] -- Found rmw_implementation_cmake: 6.1.1 (/opt/ros/humble/share/rmw_implementation_cmake/cmake)
[4.143s] -- Found rmw_fastrtps_cpp: 6.2.3 (/opt/ros/humble/share/rmw_fastrtps_cpp/cmake)
[4.612s] -- Using RMW implementation 'rmw_fastrtps_cpp' as default
[5.885s] -- Found nav_msgs: 4.2.3 (/opt/ros/humble/share/nav_msgs/cmake)
[6.155s] -- Found realtime_tools: 2.5.0 (/home/lulav/ros2_ws/install/realtime_tools/share/realtime_tools/cmake)
[6.281s] -- Found std_srvs: 4.2.3 (/opt/ros/humble/share/std_srvs/cmake)
[6.322s] -- Found tf2: 0.25.3 (/opt/ros/humble/share/tf2/cmake)
[6.344s] -- Found tf2_msgs: 0.25.3 (/opt/ros/humble/share/tf2_msgs/cmake)
[7.660s] -- Found ament_cmake_gmock: 1.3.5 (/opt/ros/humble/share/ament_cmake_gmock/cmake)
[7.661s] -- Found controller_manager: 2.29.0 (/home/lulav/ros2_ws/install/controller_manager/share/controller_manager/cmake)
[8.780s] -- Found ros2_control_test_assets: 2.29.0 (/home/lulav/ros2_ws/install/ros2_control_test_assets/share/ros2_control_test_assets/cmake)
[8.783s] -- Found gmock sources under '/opt/ros/humble/src/gmock_vendor': C++ tests using 'Google Mock' will be built
[8.790s] -- Found ament_cmake_gtest: 1.3.5 (/opt/ros/humble/share/ament_cmake_gtest/cmake)
[8.792s] -- Found gtest sources under '/opt/ros/humble/src/gtest_vendor': C++ tests using 'Google Test' will be built
[10.261s] -- Configuring done
[10.544s] -- Generating done
[10.570s] -- Build files have been written to: /home/lulav/ros2_ws/build/tricycle_controller
[10.646s] Invoked command in '/home/lulav/ros2_ws/build/tricycle_controller' returned '0': AMENT_PREFIX_PATH=/home/lulav/ros2_ws/install/controller_manager:/home/lulav/ros2_ws/install/controller_interface:/home/lulav/ros2_ws/install/hardware_interface:/home/lulav/ros2_ws/install/ros2_control_test_assets:/home/lulav/ros2_ws/install/realtime_tools:/home/lulav/ros2_ws/install/controller_manager_msgs:/home/lulav/ros2_ws/install/control_msgs:${AMENT_PREFIX_PATH} CMAKE_PREFIX_PATH=/home/lulav/ros2_ws/install/controller_manager:/home/lulav/ros2_ws/install/controller_interface:/home/lulav/ros2_ws/install/hardware_interface:/home/lulav/ros2_ws/install/ros2_control_test_assets:/home/lulav/ros2_ws/install/realtime_tools:/home/lulav/ros2_ws/install/controller_manager_msgs:/home/lulav/ros2_ws/install/control_msgs:/opt/ros/humble LD_LIBRARY_PATH=/home/lulav/ros2_ws/install/controller_manager/lib:/home/lulav/ros2_ws/install/controller_interface/lib:/home/lulav/ros2_ws/install/hardware_interface/lib:/home/lulav/ros2_ws/install/realtime_tools/lib:/home/lulav/ros2_ws/install/controller_manager_msgs/lib:/home/lulav/ros2_ws/install/control_msgs/lib:${LD_LIBRARY_PATH} PYTHONPATH=/home/lulav/ros2_ws/install/controller_manager/local/lib/python3.10/dist-packages:/home/lulav/ros2_ws/install/controller_manager_msgs/local/lib/python3.10/dist-packages:/home/lulav/ros2_ws/install/control_msgs/local/lib/python3.10/dist-packages:${PYTHONPATH} /usr/bin/cmake /home/lulav/ros2_ws/src/ros2_controllers/tricycle_controller -DCMAKE_INSTALL_PREFIX=/home/lulav/ros2_ws/install/tricycle_controller
[10.647s] Invoking command in '/home/lulav/ros2_ws/build/tricycle_controller': AMENT_PREFIX_PATH=/home/lulav/ros2_ws/install/controller_manager:/home/lulav/ros2_ws/install/controller_interface:/home/lulav/ros2_ws/install/hardware_interface:/home/lulav/ros2_ws/install/ros2_control_test_assets:/home/lulav/ros2_ws/install/realtime_tools:/home/lulav/ros2_ws/install/controller_manager_msgs:/home/lulav/ros2_ws/install/control_msgs:${AMENT_PREFIX_PATH} CMAKE_PREFIX_PATH=/home/lulav/ros2_ws/install/controller_manager:/home/lulav/ros2_ws/install/controller_interface:/home/lulav/ros2_ws/install/hardware_interface:/home/lulav/ros2_ws/install/ros2_control_test_assets:/home/lulav/ros2_ws/install/realtime_tools:/home/lulav/ros2_ws/install/controller_manager_msgs:/home/lulav/ros2_ws/install/control_msgs:/opt/ros/humble LD_LIBRARY_PATH=/home/lulav/ros2_ws/install/controller_manager/lib:/home/lulav/ros2_ws/install/controller_interface/lib:/home/lulav/ros2_ws/install/hardware_interface/lib:/home/lulav/ros2_ws/install/realtime_tools/lib:/home/lulav/ros2_ws/install/controller_manager_msgs/lib:/home/lulav/ros2_ws/install/control_msgs/lib:${LD_LIBRARY_PATH} PYTHONPATH=/home/lulav/ros2_ws/install/controller_manager/local/lib/python3.10/dist-packages:/home/lulav/ros2_ws/install/controller_manager_msgs/local/lib/python3.10/dist-packages:/home/lulav/ros2_ws/install/control_msgs/local/lib/python3.10/dist-packages:${PYTHONPATH} /usr/bin/cmake --build /home/lulav/ros2_ws/build/tricycle_controller -- -j8 -l8
[11.030s] [35m[1mConsolidate compiler generated dependencies of target tricycle_controller[0m
[11.030s] [35m[1mConsolidate compiler generated dependencies of target gmock_main[0m
[11.030s] [ 14%] Built target gmock_main
[11.031s] [35m[1mConsolidate compiler generated dependencies of target gmock[0m
[11.031s] [ 50%] Built target tricycle_controller
[11.104s] [ 71%] Built target gmock
[11.137s] [35m[1mConsolidate compiler generated dependencies of target test_tricycle_controller[0m
[11.251s] [ 85%] Built target test_tricycle_controller
[11.323s] [35m[1mConsolidate compiler generated dependencies of target test_load_tricycle_controller[0m
[11.379s] [100%] Built target test_load_tricycle_controller
[11.419s] Invoked command in '/home/lulav/ros2_ws/build/tricycle_controller' returned '0': AMENT_PREFIX_PATH=/home/lulav/ros2_ws/install/controller_manager:/home/lulav/ros2_ws/install/controller_interface:/home/lulav/ros2_ws/install/hardware_interface:/home/lulav/ros2_ws/install/ros2_control_test_assets:/home/lulav/ros2_ws/install/realtime_tools:/home/lulav/ros2_ws/install/controller_manager_msgs:/home/lulav/ros2_ws/install/control_msgs:${AMENT_PREFIX_PATH} CMAKE_PREFIX_PATH=/home/lulav/ros2_ws/install/controller_manager:/home/lulav/ros2_ws/install/controller_interface:/home/lulav/ros2_ws/install/hardware_interface:/home/lulav/ros2_ws/install/ros2_control_test_assets:/home/lulav/ros2_ws/install/realtime_tools:/home/lulav/ros2_ws/install/controller_manager_msgs:/home/lulav/ros2_ws/install/control_msgs:/opt/ros/humble LD_LIBRARY_PATH=/home/lulav/ros2_ws/install/controller_manager/lib:/home/lulav/ros2_ws/install/controller_interface/lib:/home/lulav/ros2_ws/install/hardware_interface/lib:/home/lulav/ros2_ws/install/realtime_tools/lib:/home/lulav/ros2_ws/install/controller_manager_msgs/lib:/home/lulav/ros2_ws/install/control_msgs/lib:${LD_LIBRARY_PATH} PYTHONPATH=/home/lulav/ros2_ws/install/controller_manager/local/lib/python3.10/dist-packages:/home/lulav/ros2_ws/install/controller_manager_msgs/local/lib/python3.10/dist-packages:/home/lulav/ros2_ws/install/control_msgs/local/lib/python3.10/dist-packages:${PYTHONPATH} /usr/bin/cmake --build /home/lulav/ros2_ws/build/tricycle_controller -- -j8 -l8
[11.778s] Invoking command in '/home/lulav/ros2_ws/build/tricycle_controller': AMENT_PREFIX_PATH=/home/lulav/ros2_ws/install/controller_manager:/home/lulav/ros2_ws/install/controller_interface:/home/lulav/ros2_ws/install/hardware_interface:/home/lulav/ros2_ws/install/ros2_control_test_assets:/home/lulav/ros2_ws/install/realtime_tools:/home/lulav/ros2_ws/install/controller_manager_msgs:/home/lulav/ros2_ws/install/control_msgs:${AMENT_PREFIX_PATH} CMAKE_PREFIX_PATH=/home/lulav/ros2_ws/install/controller_manager:/home/lulav/ros2_ws/install/controller_interface:/home/lulav/ros2_ws/install/hardware_interface:/home/lulav/ros2_ws/install/ros2_control_test_assets:/home/lulav/ros2_ws/install/realtime_tools:/home/lulav/ros2_ws/install/controller_manager_msgs:/home/lulav/ros2_ws/install/control_msgs:/opt/ros/humble LD_LIBRARY_PATH=/home/lulav/ros2_ws/install/controller_manager/lib:/home/lulav/ros2_ws/install/controller_interface/lib:/home/lulav/ros2_ws/install/hardware_interface/lib:/home/lulav/ros2_ws/install/realtime_tools/lib:/home/lulav/ros2_ws/install/controller_manager_msgs/lib:/home/lulav/ros2_ws/install/control_msgs/lib:${LD_LIBRARY_PATH} PYTHONPATH=/home/lulav/ros2_ws/install/controller_manager/local/lib/python3.10/dist-packages:/home/lulav/ros2_ws/install/controller_manager_msgs/local/lib/python3.10/dist-packages:/home/lulav/ros2_ws/install/control_msgs/local/lib/python3.10/dist-packages:${PYTHONPATH} /usr/bin/cmake --install /home/lulav/ros2_ws/build/tricycle_controller
[11.800s] -- Install configuration: ""
[11.803s] -- Execute custom install script
[11.805s] -- Up-to-date symlink: /home/lulav/ros2_ws/install/tricycle_controller/share/tricycle_controller//tricycle_controller.xml
[11.807s] -- Up-to-date symlink: /home/lulav/ros2_ws/install/tricycle_controller/include/tricycle_controller/tricycle_controller/odometry.hpp
[11.808s] -- Up-to-date symlink: /home/lulav/ros2_ws/install/tricycle_controller/include/tricycle_controller/tricycle_controller/steering_limiter.hpp
[11.808s] -- Up-to-date symlink: /home/lulav/ros2_ws/install/tricycle_controller/include/tricycle_controller/tricycle_controller/traction_limiter.hpp
[11.809s] -- Up-to-date symlink: /home/lulav/ros2_ws/install/tricycle_controller/include/tricycle_controller/tricycle_controller/tricycle_controller.hpp
[11.809s] -- Up-to-date symlink: /home/lulav/ros2_ws/install/tricycle_controller/include/tricycle_controller/tricycle_controller/visibility_control.h
[11.809s] -- Up-to-date symlink: /home/lulav/ros2_ws/install/tricycle_controller/share/tricycle_controller/environment/library_path.sh
[11.809s] -- Up-to-date symlink: /home/lulav/ros2_ws/install/tricycle_controller/share/tricycle_controller/environment/library_path.dsv
[11.809s] -- Up-to-date symlink: /home/lulav/ros2_ws/install/tricycle_controller/share/ament_index/resource_index/package_run_dependencies/tricycle_controller
[11.809s] -- Up-to-date symlink: /home/lulav/ros2_ws/install/tricycle_controller/share/ament_index/resource_index/parent_prefix_path/tricycle_controller
[11.809s] -- Up-to-date symlink: /home/lulav/ros2_ws/install/tricycle_controller/share/tricycle_controller/environment/ament_prefix_path.sh
[11.810s] -- Up-to-date symlink: /home/lulav/ros2_ws/install/tricycle_controller/share/tricycle_controller/environment/ament_prefix_path.dsv
[11.810s] -- Up-to-date symlink: /home/lulav/ros2_ws/install/tricycle_controller/share/tricycle_controller/environment/path.sh
[11.810s] -- Up-to-date symlink: /home/lulav/ros2_ws/install/tricycle_controller/share/tricycle_controller/environment/path.dsv
[11.812s] -- Up-to-date symlink: /home/lulav/ros2_ws/install/tricycle_controller/share/tricycle_controller/local_setup.bash
[11.813s] -- Up-to-date symlink: /home/lulav/ros2_ws/install/tricycle_controller/share/tricycle_controller/local_setup.sh
[11.813s] -- Up-to-date symlink: /home/lulav/ros2_ws/install/tricycle_controller/share/tricycle_controller/local_setup.zsh
[11.813s] -- Up-to-date symlink: /home/lulav/ros2_ws/install/tricycle_controller/share/tricycle_controller/local_setup.dsv
[11.813s] -- Symlinking: /home/lulav/ros2_ws/install/tricycle_controller/share/tricycle_controller/package.dsv
[11.840s] -- Up-to-date symlink: /home/lulav/ros2_ws/install/tricycle_controller/share/ament_index/resource_index/packages/tricycle_controller
[11.840s] -- Up-to-date symlink: /home/lulav/ros2_ws/install/tricycle_controller/share/ament_index/resource_index/controller_interface__pluginlib__plugin/tricycle_controller
[11.841s] -- Up-to-date symlink: /home/lulav/ros2_ws/install/tricycle_controller/share/tricycle_controller/cmake/ament_cmake_export_targets-extras.cmake
[11.841s] -- Up-to-date symlink: /home/lulav/ros2_ws/install/tricycle_controller/share/tricycle_controller/cmake/ament_cmake_export_dependencies-extras.cmake
[11.841s] -- Up-to-date symlink: /home/lulav/ros2_ws/install/tricycle_controller/share/tricycle_controller/cmake/tricycle_controllerConfig.cmake
[11.841s] -- Up-to-date symlink: /home/lulav/ros2_ws/install/tricycle_controller/share/tricycle_controller/cmake/tricycle_controllerConfig-version.cmake
[11.841s] -- Up-to-date symlink: /home/lulav/ros2_ws/install/tricycle_controller/share/tricycle_controller/package.xml
[11.842s] -- Up-to-date: /home/lulav/ros2_ws/install/tricycle_controller/lib/libtricycle_controller.so
[11.842s] -- Up-to-date: /home/lulav/ros2_ws/install/tricycle_controller/share/tricycle_controller/cmake/export_tricycle_controllerExport.cmake
[11.843s] -- Up-to-date: /home/lulav/ros2_ws/install/tricycle_controller/share/tricycle_controller/cmake/export_tricycle_controllerExport-noconfig.cmake
[11.852s] Invoked command in '/home/lulav/ros2_ws/build/tricycle_controller' returned '0': AMENT_PREFIX_PATH=/home/lulav/ros2_ws/install/controller_manager:/home/lulav/ros2_ws/install/controller_interface:/home/lulav/ros2_ws/install/hardware_interface:/home/lulav/ros2_ws/install/ros2_control_test_assets:/home/lulav/ros2_ws/install/realtime_tools:/home/lulav/ros2_ws/install/controller_manager_msgs:/home/lulav/ros2_ws/install/control_msgs:${AMENT_PREFIX_PATH} CMAKE_PREFIX_PATH=/home/lulav/ros2_ws/install/controller_manager:/home/lulav/ros2_ws/install/controller_interface:/home/lulav/ros2_ws/install/hardware_interface:/home/lulav/ros2_ws/install/ros2_control_test_assets:/home/lulav/ros2_ws/install/realtime_tools:/home/lulav/ros2_ws/install/controller_manager_msgs:/home/lulav/ros2_ws/install/control_msgs:/opt/ros/humble LD_LIBRARY_PATH=/home/lulav/ros2_ws/install/controller_manager/lib:/home/lulav/ros2_ws/install/controller_interface/lib:/home/lulav/ros2_ws/install/hardware_interface/lib:/home/lulav/ros2_ws/install/realtime_tools/lib:/home/lulav/ros2_ws/install/controller_manager_msgs/lib:/home/lulav/ros2_ws/install/control_msgs/lib:${LD_LIBRARY_PATH} PYTHONPATH=/home/lulav/ros2_ws/install/controller_manager/local/lib/python3.10/dist-packages:/home/lulav/ros2_ws/install/controller_manager_msgs/local/lib/python3.10/dist-packages:/home/lulav/ros2_ws/install/control_msgs/local/lib/python3.10/dist-packages:${PYTHONPATH} /usr/bin/cmake --install /home/lulav/ros2_ws/build/tricycle_controller
