[3.107s] Invoking command in '/workspaces/diffbot/ros2_ws/src/controller': PYTHONPATH=/workspaces/diffbot/ros2_ws/build/controller/prefix_override:/workspaces/diffbot/ros2_ws/install/controller/lib/python3.10/site-packages:${PYTHONPATH} /usr/bin/python3 setup.py egg_info --egg-base ../../build/controller build --build-base /workspaces/diffbot/ros2_ws/build/controller/build install --record /workspaces/diffbot/ros2_ws/build/controller/install.log --single-version-externally-managed
[4.051s] running egg_info
[4.053s] writing ../../build/controller/controller.egg-info/PKG-INFO
[4.054s] writing dependency_links to ../../build/controller/controller.egg-info/dependency_links.txt
[4.054s] writing entry points to ../../build/controller/controller.egg-info/entry_points.txt
[4.055s] writing requirements to ../../build/controller/controller.egg-info/requires.txt
[4.055s] writing top-level names to ../../build/controller/controller.egg-info/top_level.txt
[4.061s] reading manifest file '../../build/controller/controller.egg-info/SOURCES.txt'
[4.068s] writing manifest file '../../build/controller/controller.egg-info/SOURCES.txt'
[4.068s] running build
[4.068s] running build_py
[4.068s] running install
[4.069s] running install_lib
[4.069s] /usr/lib/python3/dist-packages/setuptools/command/install.py:34: SetuptoolsDeprecationWarning: setup.py install is deprecated. Use build and pip and other standards-based tools.
[4.069s]   warnings.warn(
[4.075s] running install_data
[4.076s] running install_egg_info
[4.080s] removing '/workspaces/diffbot/ros2_ws/install/controller/lib/python3.10/site-packages/controller-0.0.0-py3.10.egg-info' (and everything under it)
[4.080s] Copying ../../build/controller/controller.egg-info to /workspaces/diffbot/ros2_ws/install/controller/lib/python3.10/site-packages/controller-0.0.0-py3.10.egg-info
[4.080s] running install_scripts
[4.142s] Installing controller script to /workspaces/diffbot/ros2_ws/install/controller/lib/controller
[4.143s] writing list of installed files to '/workspaces/diffbot/ros2_ws/build/controller/install.log'
[4.203s] Invoked command in '/workspaces/diffbot/ros2_ws/src/controller' returned '0': PYTHONPATH=/workspaces/diffbot/ros2_ws/build/controller/prefix_override:/workspaces/diffbot/ros2_ws/install/controller/lib/python3.10/site-packages:${PYTHONPATH} /usr/bin/python3 setup.py egg_info --egg-base ../../build/controller build --build-base /workspaces/diffbot/ros2_ws/build/controller/build install --record /workspaces/diffbot/ros2_ws/build/controller/install.log --single-version-externally-managed
