[0.152s] Invoking command in '/workspaces/diffbot/ros2_ws/build/controller_manager_msgs': CMAKE_PREFIX_PATH=${CMAKE_PREFIX_PATH}:/workspaces/diffbot/ros2_ws/install/rqt_controller_manager:/workspaces/diffbot/ros2_ws/install/ros2controlcli:/workspaces/diffbot/ros2_ws/install/ros2_controllers_test_nodes:/workspaces/diffbot/ros2_ws/install/controller:/opt/ros/humble /usr/bin/cmake --build /workspaces/diffbot/ros2_ws/build/controller_manager_msgs -- -j8 -l8
[1.821s] [ 12%] Built target controller_manager_msgs__rosidl_generator_c
[1.821s] [ 12%] Built target controller_manager_msgs__cpp
[1.821s] [ 12%] Built target ament_cmake_python_copy_controller_manager_msgs
[1.821s] [ 24%] Built target controller_manager_msgs__rosidl_typesupport_introspection_c
[1.822s] [ 36%] Built target controller_manager_msgs__rosidl_typesupport_introspection_cpp
[1.823s] [ 48%] Built target controller_manager_msgs__rosidl_typesupport_c
[1.824s] [ 60%] Built target controller_manager_msgs__rosidl_typesupport_fastrtps_c
[1.824s] [ 84%] Built target controller_manager_msgs__rosidl_typesupport_cpp
[1.824s] [ 84%] Built target controller_manager_msgs__rosidl_typesupport_fastrtps_cpp
[1.824s] [ 84%] Built target controller_manager_msgs
[1.825s] [ 85%] Built target controller_manager_msgs__py
[1.825s] [ 96%] Built target controller_manager_msgs__rosidl_generator_py
[1.826s] [ 97%] Built target controller_manager_msgs__rosidl_typesupport_fastrtps_c__pyext
[1.826s] [ 99%] Built target controller_manager_msgs__rosidl_typesupport_introspection_c__pyext
[1.826s] [100%] Built target controller_manager_msgs__rosidl_typesupport_c__pyext
[1.826s] running egg_info
[1.826s] writing controller_manager_msgs.egg-info/PKG-INFO
[1.826s] writing dependency_links to controller_manager_msgs.egg-info/dependency_links.txt
[1.827s] writing top-level names to controller_manager_msgs.egg-info/top_level.txt
[1.827s] reading manifest file 'controller_manager_msgs.egg-info/SOURCES.txt'
[1.827s] writing manifest file 'controller_manager_msgs.egg-info/SOURCES.txt'
[1.828s] [100%] Built target ament_cmake_python_build_controller_manager_msgs_egg
[1.874s] Invoked command in '/workspaces/diffbot/ros2_ws/build/controller_manager_msgs' returned '0': CMAKE_PREFIX_PATH=${CMAKE_PREFIX_PATH}:/workspaces/diffbot/ros2_ws/install/rqt_controller_manager:/workspaces/diffbot/ros2_ws/install/ros2controlcli:/workspaces/diffbot/ros2_ws/install/ros2_controllers_test_nodes:/workspaces/diffbot/ros2_ws/install/controller:/opt/ros/humble /usr/bin/cmake --build /workspaces/diffbot/ros2_ws/build/controller_manager_msgs -- -j8 -l8
[4.244s] Invoking command in '/workspaces/diffbot/ros2_ws/build/controller_manager_msgs': CMAKE_PREFIX_PATH=${CMAKE_PREFIX_PATH}:/workspaces/diffbot/ros2_ws/install/rqt_controller_manager:/workspaces/diffbot/ros2_ws/install/ros2controlcli:/workspaces/diffbot/ros2_ws/install/ros2_controllers_test_nodes:/workspaces/diffbot/ros2_ws/install/controller:/opt/ros/humble /usr/bin/cmake --install /workspaces/diffbot/ros2_ws/build/controller_manager_msgs
[4.267s] -- Install configuration: ""
[4.267s] -- Up-to-date: /workspaces/diffbot/ros2_ws/install/controller_manager_msgs/share/ament_index/resource_index/rosidl_interfaces/controller_manager_msgs
[4.267s] -- Up-to-date: /workspaces/diffbot/ros2_ws/install/controller_manager_msgs/include/controller_manager_msgs/controller_manager_msgs
[4.267s] -- Up-to-date: /workspaces/diffbot/ros2_ws/install/controller_manager_msgs/include/controller_manager_msgs/controller_manager_msgs/msg
[4.267s] -- Up-to-date: /workspaces/diffbot/ros2_ws/install/controller_manager_msgs/include/controller_manager_msgs/controller_manager_msgs/msg/detail
[4.267s] -- Up-to-date: /workspaces/diffbot/ros2_ws/install/controller_manager_msgs/include/controller_manager_msgs/controller_manager_msgs/msg/detail/hardware_interface__type_support.h
[4.268s] -- Up-to-date: /workspaces/diffbot/ros2_ws/install/controller_manager_msgs/include/controller_manager_msgs/controller_manager_msgs/msg/detail/controller_state__functions.c
[4.268s] -- Up-to-date: /workspaces/diffbot/ros2_ws/install/controller_manager_msgs/include/controller_manager_msgs/controller_manager_msgs/msg/detail/chain_connection__struct.h
[4.268s] -- Up-to-date: /workspaces/diffbot/ros2_ws/install/controller_manager_msgs/include/controller_manager_msgs/controller_manager_msgs/msg/detail/hardware_interface__struct.h
[4.268s] -- Up-to-date: /workspaces/diffbot/ros2_ws/install/controller_manager_msgs/include/controller_manager_msgs/controller_manager_msgs/msg/detail/hardware_interface__functions.c
[4.268s] -- Up-to-date: /workspaces/diffbot/ros2_ws/install/controller_manager_msgs/include/controller_manager_msgs/controller_manager_msgs/msg/detail/controller_state__struct.h
[4.268s] -- Up-to-date: /workspaces/diffbot/ros2_ws/install/controller_manager_msgs/include/controller_manager_msgs/controller_manager_msgs/msg/detail/hardware_component_state__functions.h
[4.271s] -- Up-to-date: /workspaces/diffbot/ros2_ws/install/controller_manager_msgs/include/controller_manager_msgs/controller_manager_msgs/msg/detail/controller_state__type_support.h
[4.272s] -- Up-to-date: /workspaces/diffbot/ros2_ws/install/controller_manager_msgs/include/controller_manager_msgs/controller_manager_msgs/msg/detail/hardware_component_state__struct.h
[4.272s] -- Up-to-date: /workspaces/diffbot/ros2_ws/install/controller_manager_msgs/include/controller_manager_msgs/controller_manager_msgs/msg/detail/hardware_component_state__functions.c
[4.272s] -- Up-to-date: /workspaces/diffbot/ros2_ws/install/controller_manager_msgs/include/controller_manager_msgs/controller_manager_msgs/msg/detail/hardware_interface__functions.h
[4.273s] -- Up-to-date: /workspaces/diffbot/ros2_ws/install/controller_manager_msgs/include/controller_manager_msgs/controller_manager_msgs/msg/detail/chain_connection__type_support.h
[4.276s] -- Up-to-date: /workspaces/diffbot/ros2_ws/install/controller_manager_msgs/include/controller_manager_msgs/controller_manager_msgs/msg/detail/controller_state__functions.h
[4.276s] -- Up-to-date: /workspaces/diffbot/ros2_ws/install/controller_manager_msgs/include/controller_manager_msgs/controller_manager_msgs/msg/detail/chain_connection__functions.h
[4.276s] -- Up-to-date: /workspaces/diffbot/ros2_ws/install/controller_manager_msgs/include/controller_manager_msgs/controller_manager_msgs/msg/detail/chain_connection__functions.c
[4.276s] -- Up-to-date: /workspaces/diffbot/ros2_ws/install/controller_manager_msgs/include/controller_manager_msgs/controller_manager_msgs/msg/detail/hardware_component_state__type_support.h
[4.277s] -- Up-to-date: /workspaces/diffbot/ros2_ws/install/controller_manager_msgs/include/controller_manager_msgs/controller_manager_msgs/msg/hardware_component_state.h
[4.277s] -- Up-to-date: /workspaces/diffbot/ros2_ws/install/controller_manager_msgs/include/controller_manager_msgs/controller_manager_msgs/msg/chain_connection.h
[4.277s] -- Up-to-date: /workspaces/diffbot/ros2_ws/install/controller_manager_msgs/include/controller_manager_msgs/controller_manager_msgs/msg/hardware_interface.h
[4.277s] -- Up-to-date: /workspaces/diffbot/ros2_ws/install/controller_manager_msgs/include/controller_manager_msgs/controller_manager_msgs/msg/controller_state.h
[4.278s] -- Up-to-date: /workspaces/diffbot/ros2_ws/install/controller_manager_msgs/include/controller_manager_msgs/controller_manager_msgs/msg/rosidl_generator_c__visibility_control.h
[4.278s] -- Up-to-date: /workspaces/diffbot/ros2_ws/install/controller_manager_msgs/include/controller_manager_msgs/controller_manager_msgs/srv
[4.278s] -- Up-to-date: /workspaces/diffbot/ros2_ws/install/controller_manager_msgs/include/controller_manager_msgs/controller_manager_msgs/srv/switch_controller.h
[4.282s] -- Up-to-date: /workspaces/diffbot/ros2_ws/install/controller_manager_msgs/include/controller_manager_msgs/controller_manager_msgs/srv/load_controller.h
[4.282s] -- Up-to-date: /workspaces/diffbot/ros2_ws/install/controller_manager_msgs/include/controller_manager_msgs/controller_manager_msgs/srv/configure_controller.h
[4.282s] -- Up-to-date: /workspaces/diffbot/ros2_ws/install/controller_manager_msgs/include/controller_manager_msgs/controller_manager_msgs/srv/set_hardware_component_state.h
[4.283s] -- Up-to-date: /workspaces/diffbot/ros2_ws/install/controller_manager_msgs/include/controller_manager_msgs/controller_manager_msgs/srv/list_hardware_interfaces.h
[4.283s] -- Up-to-date: /workspaces/diffbot/ros2_ws/install/controller_manager_msgs/include/controller_manager_msgs/controller_manager_msgs/srv/list_controller_types.h
[4.283s] -- Up-to-date: /workspaces/diffbot/ros2_ws/install/controller_manager_msgs/include/controller_manager_msgs/controller_manager_msgs/srv/detail
[4.283s] -- Up-to-date: /workspaces/diffbot/ros2_ws/install/controller_manager_msgs/include/controller_manager_msgs/controller_manager_msgs/srv/detail/reload_controller_libraries__functions.c
[4.283s] -- Up-to-date: /workspaces/diffbot/ros2_ws/install/controller_manager_msgs/include/controller_manager_msgs/controller_manager_msgs/srv/detail/switch_controller__struct.h
[4.283s] -- Up-to-date: /workspaces/diffbot/ros2_ws/install/controller_manager_msgs/include/controller_manager_msgs/controller_manager_msgs/srv/detail/list_controllers__type_support.h
[4.284s] -- Up-to-date: /workspaces/diffbot/ros2_ws/install/controller_manager_msgs/include/controller_manager_msgs/controller_manager_msgs/srv/detail/load_controller__struct.h
[4.285s] -- Up-to-date: /workspaces/diffbot/ros2_ws/install/controller_manager_msgs/include/controller_manager_msgs/controller_manager_msgs/srv/detail/list_hardware_interfaces__functions.c
[4.285s] -- Up-to-date: /workspaces/diffbot/ros2_ws/install/controller_manager_msgs/include/controller_manager_msgs/controller_manager_msgs/srv/detail/reload_controller_libraries__type_support.h
[4.285s] -- Up-to-date: /workspaces/diffbot/ros2_ws/install/controller_manager_msgs/include/controller_manager_msgs/controller_manager_msgs/srv/detail/list_hardware_interfaces__type_support.h
[4.287s] -- Up-to-date: /workspaces/diffbot/ros2_ws/install/controller_manager_msgs/include/controller_manager_msgs/controller_manager_msgs/srv/detail/list_hardware_interfaces__struct.h
[4.287s] -- Up-to-date: /workspaces/diffbot/ros2_ws/install/controller_manager_msgs/include/controller_manager_msgs/controller_manager_msgs/srv/detail/switch_controller__functions.c
[4.288s] -- Up-to-date: /workspaces/diffbot/ros2_ws/install/controller_manager_msgs/include/controller_manager_msgs/controller_manager_msgs/srv/detail/unload_controller__type_support.h
[4.288s] -- Up-to-date: /workspaces/diffbot/ros2_ws/install/controller_manager_msgs/include/controller_manager_msgs/controller_manager_msgs/srv/detail/load_controller__type_support.h
[4.288s] -- Up-to-date: /workspaces/diffbot/ros2_ws/install/controller_manager_msgs/include/controller_manager_msgs/controller_manager_msgs/srv/detail/list_hardware_components__type_support.h
[4.288s] -- Up-to-date: /workspaces/diffbot/ros2_ws/install/controller_manager_msgs/include/controller_manager_msgs/controller_manager_msgs/srv/detail/load_controller__functions.h
[4.288s] -- Up-to-date: /workspaces/diffbot/ros2_ws/install/controller_manager_msgs/include/controller_manager_msgs/controller_manager_msgs/srv/detail/list_controller_types__functions.h
[4.288s] -- Up-to-date: /workspaces/diffbot/ros2_ws/install/controller_manager_msgs/include/controller_manager_msgs/controller_manager_msgs/srv/detail/list_controller_types__type_support.h
[4.289s] -- Up-to-date: /workspaces/diffbot/ros2_ws/install/controller_manager_msgs/include/controller_manager_msgs/controller_manager_msgs/srv/detail/unload_controller__struct.h
[4.289s] -- Up-to-date: /workspaces/diffbot/ros2_ws/install/controller_manager_msgs/include/controller_manager_msgs/controller_manager_msgs/srv/detail/reload_controller_libraries__functions.h
[4.289s] -- Up-to-date: /workspaces/diffbot/ros2_ws/install/controller_manager_msgs/include/controller_manager_msgs/controller_manager_msgs/srv/detail/list_controller_types__functions.c
[4.289s] -- Up-to-date: /workspaces/diffbot/ros2_ws/install/controller_manager_msgs/include/controller_manager_msgs/controller_manager_msgs/srv/detail/list_hardware_interfaces__functions.h
[4.289s] -- Up-to-date: /workspaces/diffbot/ros2_ws/install/controller_manager_msgs/include/controller_manager_msgs/controller_manager_msgs/srv/detail/configure_controller__functions.c
[4.289s] -- Up-to-date: /workspaces/diffbot/ros2_ws/install/controller_manager_msgs/include/controller_manager_msgs/controller_manager_msgs/srv/detail/list_hardware_components__functions.c
[4.289s] -- Up-to-date: /workspaces/diffbot/ros2_ws/install/controller_manager_msgs/include/controller_manager_msgs/controller_manager_msgs/srv/detail/set_hardware_component_state__struct.h
[4.290s] -- Up-to-date: /workspaces/diffbot/ros2_ws/install/controller_manager_msgs/include/controller_manager_msgs/controller_manager_msgs/srv/detail/unload_controller__functions.c
[4.290s] -- Up-to-date: /workspaces/diffbot/ros2_ws/install/controller_manager_msgs/include/controller_manager_msgs/controller_manager_msgs/srv/detail/load_controller__functions.c
[4.290s] -- Up-to-date: /workspaces/diffbot/ros2_ws/install/controller_manager_msgs/include/controller_manager_msgs/controller_manager_msgs/srv/detail/list_controllers__functions.h
[4.290s] -- Up-to-date: /workspaces/diffbot/ros2_ws/install/controller_manager_msgs/include/controller_manager_msgs/controller_manager_msgs/srv/detail/set_hardware_component_state__functions.h
[4.290s] -- Up-to-date: /workspaces/diffbot/ros2_ws/install/controller_manager_msgs/include/controller_manager_msgs/controller_manager_msgs/srv/detail/configure_controller__struct.h
[4.294s] -- Up-to-date: /workspaces/diffbot/ros2_ws/install/controller_manager_msgs/include/controller_manager_msgs/controller_manager_msgs/srv/detail/list_hardware_components__struct.h
[4.294s] -- Up-to-date: /workspaces/diffbot/ros2_ws/install/controller_manager_msgs/include/controller_manager_msgs/controller_manager_msgs/srv/detail/list_controllers__struct.h
[4.294s] -- Up-to-date: /workspaces/diffbot/ros2_ws/install/controller_manager_msgs/include/controller_manager_msgs/controller_manager_msgs/srv/detail/configure_controller__functions.h
[4.294s] -- Up-to-date: /workspaces/diffbot/ros2_ws/install/controller_manager_msgs/include/controller_manager_msgs/controller_manager_msgs/srv/detail/list_controllers__functions.c
[4.294s] -- Up-to-date: /workspaces/diffbot/ros2_ws/install/controller_manager_msgs/include/controller_manager_msgs/controller_manager_msgs/srv/detail/list_controller_types__struct.h
[4.294s] -- Up-to-date: /workspaces/diffbot/ros2_ws/install/controller_manager_msgs/include/controller_manager_msgs/controller_manager_msgs/srv/detail/set_hardware_component_state__type_support.h
[4.295s] -- Up-to-date: /workspaces/diffbot/ros2_ws/install/controller_manager_msgs/include/controller_manager_msgs/controller_manager_msgs/srv/detail/switch_controller__type_support.h
[4.295s] -- Up-to-date: /workspaces/diffbot/ros2_ws/install/controller_manager_msgs/include/controller_manager_msgs/controller_manager_msgs/srv/detail/reload_controller_libraries__struct.h
[4.295s] -- Up-to-date: /workspaces/diffbot/ros2_ws/install/controller_manager_msgs/include/controller_manager_msgs/controller_manager_msgs/srv/detail/unload_controller__functions.h
[4.295s] -- Up-to-date: /workspaces/diffbot/ros2_ws/install/controller_manager_msgs/include/controller_manager_msgs/controller_manager_msgs/srv/detail/switch_controller__functions.h
[4.295s] -- Up-to-date: /workspaces/diffbot/ros2_ws/install/controller_manager_msgs/include/controller_manager_msgs/controller_manager_msgs/srv/detail/set_hardware_component_state__functions.c
[4.295s] -- Up-to-date: /workspaces/diffbot/ros2_ws/install/controller_manager_msgs/include/controller_manager_msgs/controller_manager_msgs/srv/detail/list_hardware_components__functions.h
[4.295s] -- Up-to-date: /workspaces/diffbot/ros2_ws/install/controller_manager_msgs/include/controller_manager_msgs/controller_manager_msgs/srv/detail/configure_controller__type_support.h
[4.296s] -- Up-to-date: /workspaces/diffbot/ros2_ws/install/controller_manager_msgs/include/controller_manager_msgs/controller_manager_msgs/srv/list_hardware_components.h
[4.296s] -- Up-to-date: /workspaces/diffbot/ros2_ws/install/controller_manager_msgs/include/controller_manager_msgs/controller_manager_msgs/srv/reload_controller_libraries.h
[4.296s] -- Up-to-date: /workspaces/diffbot/ros2_ws/install/controller_manager_msgs/include/controller_manager_msgs/controller_manager_msgs/srv/list_controllers.h
[4.296s] -- Up-to-date: /workspaces/diffbot/ros2_ws/install/controller_manager_msgs/include/controller_manager_msgs/controller_manager_msgs/srv/unload_controller.h
[4.296s] -- Up-to-date: /workspaces/diffbot/ros2_ws/install/controller_manager_msgs/share/controller_manager_msgs/environment/library_path.sh
[4.296s] -- Up-to-date: /workspaces/diffbot/ros2_ws/install/controller_manager_msgs/share/controller_manager_msgs/environment/library_path.dsv
[4.296s] -- Up-to-date: /workspaces/diffbot/ros2_ws/install/controller_manager_msgs/lib/libcontroller_manager_msgs__rosidl_generator_c.so
[4.296s] -- Up-to-date: /workspaces/diffbot/ros2_ws/install/controller_manager_msgs/include/controller_manager_msgs/controller_manager_msgs
[4.297s] -- Up-to-date: /workspaces/diffbot/ros2_ws/install/controller_manager_msgs/include/controller_manager_msgs/controller_manager_msgs/msg
[4.300s] -- Up-to-date: /workspaces/diffbot/ros2_ws/install/controller_manager_msgs/include/controller_manager_msgs/controller_manager_msgs/msg/detail
[4.301s] -- Up-to-date: /workspaces/diffbot/ros2_ws/install/controller_manager_msgs/include/controller_manager_msgs/controller_manager_msgs/msg/detail/controller_state__rosidl_typesupport_fastrtps_c.h
[4.301s] -- Up-to-date: /workspaces/diffbot/ros2_ws/install/controller_manager_msgs/include/controller_manager_msgs/controller_manager_msgs/msg/detail/hardware_interface__rosidl_typesupport_fastrtps_c.h
[4.301s] -- Up-to-date: /workspaces/diffbot/ros2_ws/install/controller_manager_msgs/include/controller_manager_msgs/controller_manager_msgs/msg/detail/hardware_component_state__rosidl_typesupport_fastrtps_c.h
[4.301s] -- Up-to-date: /workspaces/diffbot/ros2_ws/install/controller_manager_msgs/include/controller_manager_msgs/controller_manager_msgs/msg/detail/chain_connection__rosidl_typesupport_fastrtps_c.h
[4.301s] -- Up-to-date: /workspaces/diffbot/ros2_ws/install/controller_manager_msgs/include/controller_manager_msgs/controller_manager_msgs/msg/rosidl_typesupport_fastrtps_c__visibility_control.h
[4.301s] -- Up-to-date: /workspaces/diffbot/ros2_ws/install/controller_manager_msgs/include/controller_manager_msgs/controller_manager_msgs/srv
[4.302s] -- Up-to-date: /workspaces/diffbot/ros2_ws/install/controller_manager_msgs/include/controller_manager_msgs/controller_manager_msgs/srv/detail
[4.302s] -- Up-to-date: /workspaces/diffbot/ros2_ws/install/controller_manager_msgs/include/controller_manager_msgs/controller_manager_msgs/srv/detail/load_controller__rosidl_typesupport_fastrtps_c.h
[4.302s] -- Up-to-date: /workspaces/diffbot/ros2_ws/install/controller_manager_msgs/include/controller_manager_msgs/controller_manager_msgs/srv/detail/list_hardware_components__rosidl_typesupport_fastrtps_c.h
[4.302s] -- Up-to-date: /workspaces/diffbot/ros2_ws/install/controller_manager_msgs/include/controller_manager_msgs/controller_manager_msgs/srv/detail/configure_controller__rosidl_typesupport_fastrtps_c.h
[4.302s] -- Up-to-date: /workspaces/diffbot/ros2_ws/install/controller_manager_msgs/include/controller_manager_msgs/controller_manager_msgs/srv/detail/list_controllers__rosidl_typesupport_fastrtps_c.h
[4.302s] -- Up-to-date: /workspaces/diffbot/ros2_ws/install/controller_manager_msgs/include/controller_manager_msgs/controller_manager_msgs/srv/detail/list_controller_types__rosidl_typesupport_fastrtps_c.h
[4.302s] -- Up-to-date: /workspaces/diffbot/ros2_ws/install/controller_manager_msgs/include/controller_manager_msgs/controller_manager_msgs/srv/detail/set_hardware_component_state__rosidl_typesupport_fastrtps_c.h
[4.303s] -- Up-to-date: /workspaces/diffbot/ros2_ws/install/controller_manager_msgs/include/controller_manager_msgs/controller_manager_msgs/srv/detail/unload_controller__rosidl_typesupport_fastrtps_c.h
[4.303s] -- Up-to-date: /workspaces/diffbot/ros2_ws/install/controller_manager_msgs/include/controller_manager_msgs/controller_manager_msgs/srv/detail/list_hardware_interfaces__rosidl_typesupport_fastrtps_c.h
[4.303s] -- Up-to-date: /workspaces/diffbot/ros2_ws/install/controller_manager_msgs/include/controller_manager_msgs/controller_manager_msgs/srv/detail/reload_controller_libraries__rosidl_typesupport_fastrtps_c.h
[4.303s] -- Up-to-date: /workspaces/diffbot/ros2_ws/install/controller_manager_msgs/include/controller_manager_msgs/controller_manager_msgs/srv/detail/switch_controller__rosidl_typesupport_fastrtps_c.h
[4.303s] -- Up-to-date: /workspaces/diffbot/ros2_ws/install/controller_manager_msgs/lib/libcontroller_manager_msgs__rosidl_typesupport_fastrtps_c.so
[4.303s] -- Up-to-date: /workspaces/diffbot/ros2_ws/install/controller_manager_msgs/include/controller_manager_msgs/controller_manager_msgs
[4.308s] -- Up-to-date: /workspaces/diffbot/ros2_ws/install/controller_manager_msgs/include/controller_manager_msgs/controller_manager_msgs/msg
[4.308s] -- Up-to-date: /workspaces/diffbot/ros2_ws/install/controller_manager_msgs/include/controller_manager_msgs/controller_manager_msgs/msg/detail
[4.308s] -- Up-to-date: /workspaces/diffbot/ros2_ws/install/controller_manager_msgs/include/controller_manager_msgs/controller_manager_msgs/msg/detail/chain_connection__builder.hpp
[4.308s] -- Up-to-date: /workspaces/diffbot/ros2_ws/install/controller_manager_msgs/include/controller_manager_msgs/controller_manager_msgs/msg/detail/hardware_component_state__struct.hpp
[4.308s] -- Up-to-date: /workspaces/diffbot/ros2_ws/install/controller_manager_msgs/include/controller_manager_msgs/controller_manager_msgs/msg/detail/chain_connection__struct.hpp
[4.308s] -- Up-to-date: /workspaces/diffbot/ros2_ws/install/controller_manager_msgs/include/controller_manager_msgs/controller_manager_msgs/msg/detail/chain_connection__traits.hpp
[4.308s] -- Up-to-date: /workspaces/diffbot/ros2_ws/install/controller_manager_msgs/include/controller_manager_msgs/controller_manager_msgs/msg/detail/controller_state__builder.hpp
[4.309s] -- Up-to-date: /workspaces/diffbot/ros2_ws/install/controller_manager_msgs/include/controller_manager_msgs/controller_manager_msgs/msg/detail/controller_state__struct.hpp
[4.309s] -- Up-to-date: /workspaces/diffbot/ros2_ws/install/controller_manager_msgs/include/controller_manager_msgs/controller_manager_msgs/msg/detail/controller_state__traits.hpp
[4.309s] -- Up-to-date: /workspaces/diffbot/ros2_ws/install/controller_manager_msgs/include/controller_manager_msgs/controller_manager_msgs/msg/detail/hardware_interface__traits.hpp
[4.309s] -- Up-to-date: /workspaces/diffbot/ros2_ws/install/controller_manager_msgs/include/controller_manager_msgs/controller_manager_msgs/msg/detail/hardware_component_state__traits.hpp
[4.309s] -- Up-to-date: /workspaces/diffbot/ros2_ws/install/controller_manager_msgs/include/controller_manager_msgs/controller_manager_msgs/msg/detail/hardware_component_state__builder.hpp
[4.309s] -- Up-to-date: /workspaces/diffbot/ros2_ws/install/controller_manager_msgs/include/controller_manager_msgs/controller_manager_msgs/msg/detail/hardware_interface__struct.hpp
[4.309s] -- Up-to-date: /workspaces/diffbot/ros2_ws/install/controller_manager_msgs/include/controller_manager_msgs/controller_manager_msgs/msg/detail/hardware_interface__builder.hpp
[4.310s] -- Up-to-date: /workspaces/diffbot/ros2_ws/install/controller_manager_msgs/include/controller_manager_msgs/controller_manager_msgs/msg/hardware_component_state.hpp
[4.310s] -- Up-to-date: /workspaces/diffbot/ros2_ws/install/controller_manager_msgs/include/controller_manager_msgs/controller_manager_msgs/msg/chain_connection.hpp
[4.310s] -- Up-to-date: /workspaces/diffbot/ros2_ws/install/controller_manager_msgs/include/controller_manager_msgs/controller_manager_msgs/msg/controller_state.hpp
[4.310s] -- Up-to-date: /workspaces/diffbot/ros2_ws/install/controller_manager_msgs/include/controller_manager_msgs/controller_manager_msgs/msg/hardware_interface.hpp
[4.310s] -- Up-to-date: /workspaces/diffbot/ros2_ws/install/controller_manager_msgs/include/controller_manager_msgs/controller_manager_msgs/srv
[4.311s] -- Up-to-date: /workspaces/diffbot/ros2_ws/install/controller_manager_msgs/include/controller_manager_msgs/controller_manager_msgs/srv/load_controller.hpp
[4.311s] -- Up-to-date: /workspaces/diffbot/ros2_ws/install/controller_manager_msgs/include/controller_manager_msgs/controller_manager_msgs/srv/configure_controller.hpp
[4.311s] -- Up-to-date: /workspaces/diffbot/ros2_ws/install/controller_manager_msgs/include/controller_manager_msgs/controller_manager_msgs/srv/set_hardware_component_state.hpp
[4.311s] -- Up-to-date: /workspaces/diffbot/ros2_ws/install/controller_manager_msgs/include/controller_manager_msgs/controller_manager_msgs/srv/list_hardware_components.hpp
[4.311s] -- Up-to-date: /workspaces/diffbot/ros2_ws/install/controller_manager_msgs/include/controller_manager_msgs/controller_manager_msgs/srv/reload_controller_libraries.hpp
[4.311s] -- Up-to-date: /workspaces/diffbot/ros2_ws/install/controller_manager_msgs/include/controller_manager_msgs/controller_manager_msgs/srv/switch_controller.hpp
[4.311s] -- Up-to-date: /workspaces/diffbot/ros2_ws/install/controller_manager_msgs/include/controller_manager_msgs/controller_manager_msgs/srv/detail
[4.312s] -- Up-to-date: /workspaces/diffbot/ros2_ws/install/controller_manager_msgs/include/controller_manager_msgs/controller_manager_msgs/srv/detail/list_hardware_interfaces__struct.hpp
[4.312s] -- Up-to-date: /workspaces/diffbot/ros2_ws/install/controller_manager_msgs/include/controller_manager_msgs/controller_manager_msgs/srv/detail/list_hardware_components__traits.hpp
[4.312s] -- Up-to-date: /workspaces/diffbot/ros2_ws/install/controller_manager_msgs/include/controller_manager_msgs/controller_manager_msgs/srv/detail/list_controllers__builder.hpp
[4.312s] -- Up-to-date: /workspaces/diffbot/ros2_ws/install/controller_manager_msgs/include/controller_manager_msgs/controller_manager_msgs/srv/detail/reload_controller_libraries__struct.hpp
[4.312s] -- Up-to-date: /workspaces/diffbot/ros2_ws/install/controller_manager_msgs/include/controller_manager_msgs/controller_manager_msgs/srv/detail/load_controller__struct.hpp
[4.312s] -- Up-to-date: /workspaces/diffbot/ros2_ws/install/controller_manager_msgs/include/controller_manager_msgs/controller_manager_msgs/srv/detail/unload_controller__builder.hpp
[4.313s] -- Up-to-date: /workspaces/diffbot/ros2_ws/install/controller_manager_msgs/include/controller_manager_msgs/controller_manager_msgs/srv/detail/set_hardware_component_state__builder.hpp
[4.313s] -- Up-to-date: /workspaces/diffbot/ros2_ws/install/controller_manager_msgs/include/controller_manager_msgs/controller_manager_msgs/srv/detail/switch_controller__builder.hpp
[4.313s] -- Up-to-date: /workspaces/diffbot/ros2_ws/install/controller_manager_msgs/include/controller_manager_msgs/controller_manager_msgs/srv/detail/switch_controller__traits.hpp
[4.313s] -- Up-to-date: /workspaces/diffbot/ros2_ws/install/controller_manager_msgs/include/controller_manager_msgs/controller_manager_msgs/srv/detail/list_controllers__traits.hpp
[4.313s] -- Up-to-date: /workspaces/diffbot/ros2_ws/install/controller_manager_msgs/include/controller_manager_msgs/controller_manager_msgs/srv/detail/unload_controller__struct.hpp
[4.314s] -- Up-to-date: /workspaces/diffbot/ros2_ws/install/controller_manager_msgs/include/controller_manager_msgs/controller_manager_msgs/srv/detail/configure_controller__traits.hpp
[4.314s] -- Up-to-date: /workspaces/diffbot/ros2_ws/install/controller_manager_msgs/include/controller_manager_msgs/controller_manager_msgs/srv/detail/list_controllers__struct.hpp
[4.314s] -- Up-to-date: /workspaces/diffbot/ros2_ws/install/controller_manager_msgs/include/controller_manager_msgs/controller_manager_msgs/srv/detail/list_hardware_components__builder.hpp
[4.314s] -- Up-to-date: /workspaces/diffbot/ros2_ws/install/controller_manager_msgs/include/controller_manager_msgs/controller_manager_msgs/srv/detail/reload_controller_libraries__traits.hpp
[4.314s] -- Up-to-date: /workspaces/diffbot/ros2_ws/install/controller_manager_msgs/include/controller_manager_msgs/controller_manager_msgs/srv/detail/reload_controller_libraries__builder.hpp
[4.314s] -- Up-to-date: /workspaces/diffbot/ros2_ws/install/controller_manager_msgs/include/controller_manager_msgs/controller_manager_msgs/srv/detail/list_controller_types__traits.hpp
[4.315s] -- Up-to-date: /workspaces/diffbot/ros2_ws/install/controller_manager_msgs/include/controller_manager_msgs/controller_manager_msgs/srv/detail/configure_controller__builder.hpp
[4.315s] -- Up-to-date: /workspaces/diffbot/ros2_ws/install/controller_manager_msgs/include/controller_manager_msgs/controller_manager_msgs/srv/detail/load_controller__builder.hpp
[4.315s] -- Up-to-date: /workspaces/diffbot/ros2_ws/install/controller_manager_msgs/include/controller_manager_msgs/controller_manager_msgs/srv/detail/unload_controller__traits.hpp
[4.315s] -- Up-to-date: /workspaces/diffbot/ros2_ws/install/controller_manager_msgs/include/controller_manager_msgs/controller_manager_msgs/srv/detail/load_controller__traits.hpp
[4.315s] -- Up-to-date: /workspaces/diffbot/ros2_ws/install/controller_manager_msgs/include/controller_manager_msgs/controller_manager_msgs/srv/detail/list_hardware_interfaces__traits.hpp
[4.315s] -- Up-to-date: /workspaces/diffbot/ros2_ws/install/controller_manager_msgs/include/controller_manager_msgs/controller_manager_msgs/srv/detail/set_hardware_component_state__struct.hpp
[4.316s] -- Up-to-date: /workspaces/diffbot/ros2_ws/install/controller_manager_msgs/include/controller_manager_msgs/controller_manager_msgs/srv/detail/list_controller_types__builder.hpp
[4.316s] -- Up-to-date: /workspaces/diffbot/ros2_ws/install/controller_manager_msgs/include/controller_manager_msgs/controller_manager_msgs/srv/detail/list_hardware_interfaces__builder.hpp
[4.316s] -- Up-to-date: /workspaces/diffbot/ros2_ws/install/controller_manager_msgs/include/controller_manager_msgs/controller_manager_msgs/srv/detail/list_hardware_components__struct.hpp
[4.316s] -- Up-to-date: /workspaces/diffbot/ros2_ws/install/controller_manager_msgs/include/controller_manager_msgs/controller_manager_msgs/srv/detail/configure_controller__struct.hpp
[4.316s] -- Up-to-date: /workspaces/diffbot/ros2_ws/install/controller_manager_msgs/include/controller_manager_msgs/controller_manager_msgs/srv/detail/set_hardware_component_state__traits.hpp
[4.317s] -- Up-to-date: /workspaces/diffbot/ros2_ws/install/controller_manager_msgs/include/controller_manager_msgs/controller_manager_msgs/srv/detail/list_controller_types__struct.hpp
[4.317s] -- Up-to-date: /workspaces/diffbot/ros2_ws/install/controller_manager_msgs/include/controller_manager_msgs/controller_manager_msgs/srv/detail/switch_controller__struct.hpp
[4.317s] -- Up-to-date: /workspaces/diffbot/ros2_ws/install/controller_manager_msgs/include/controller_manager_msgs/controller_manager_msgs/srv/list_controller_types.hpp
[4.318s] -- Up-to-date: /workspaces/diffbot/ros2_ws/install/controller_manager_msgs/include/controller_manager_msgs/controller_manager_msgs/srv/unload_controller.hpp
[4.318s] -- Up-to-date: /workspaces/diffbot/ros2_ws/install/controller_manager_msgs/include/controller_manager_msgs/controller_manager_msgs/srv/list_hardware_interfaces.hpp
[4.318s] -- Up-to-date: /workspaces/diffbot/ros2_ws/install/controller_manager_msgs/include/controller_manager_msgs/controller_manager_msgs/srv/list_controllers.hpp
[4.318s] -- Up-to-date: /workspaces/diffbot/ros2_ws/install/controller_manager_msgs/include/controller_manager_msgs/controller_manager_msgs
[4.318s] -- Up-to-date: /workspaces/diffbot/ros2_ws/install/controller_manager_msgs/include/controller_manager_msgs/controller_manager_msgs/msg
[4.318s] -- Up-to-date: /workspaces/diffbot/ros2_ws/install/controller_manager_msgs/include/controller_manager_msgs/controller_manager_msgs/msg/detail
[4.319s] -- Up-to-date: /workspaces/diffbot/ros2_ws/install/controller_manager_msgs/include/controller_manager_msgs/controller_manager_msgs/msg/detail/dds_fastrtps
[4.319s] -- Up-to-date: /workspaces/diffbot/ros2_ws/install/controller_manager_msgs/include/controller_manager_msgs/controller_manager_msgs/msg/detail/chain_connection__rosidl_typesupport_fastrtps_cpp.hpp
[4.319s] -- Up-to-date: /workspaces/diffbot/ros2_ws/install/controller_manager_msgs/include/controller_manager_msgs/controller_manager_msgs/msg/detail/controller_state__rosidl_typesupport_fastrtps_cpp.hpp
[4.319s] -- Up-to-date: /workspaces/diffbot/ros2_ws/install/controller_manager_msgs/include/controller_manager_msgs/controller_manager_msgs/msg/detail/hardware_interface__rosidl_typesupport_fastrtps_cpp.hpp
[4.319s] -- Up-to-date: /workspaces/diffbot/ros2_ws/install/controller_manager_msgs/include/controller_manager_msgs/controller_manager_msgs/msg/detail/hardware_component_state__rosidl_typesupport_fastrtps_cpp.hpp
[4.320s] -- Up-to-date: /workspaces/diffbot/ros2_ws/install/controller_manager_msgs/include/controller_manager_msgs/controller_manager_msgs/msg/rosidl_typesupport_fastrtps_cpp__visibility_control.h
[4.320s] -- Up-to-date: /workspaces/diffbot/ros2_ws/install/controller_manager_msgs/include/controller_manager_msgs/controller_manager_msgs/srv
[4.320s] -- Up-to-date: /workspaces/diffbot/ros2_ws/install/controller_manager_msgs/include/controller_manager_msgs/controller_manager_msgs/srv/detail
[4.320s] -- Up-to-date: /workspaces/diffbot/ros2_ws/install/controller_manager_msgs/include/controller_manager_msgs/controller_manager_msgs/srv/detail/list_hardware_interfaces__rosidl_typesupport_fastrtps_cpp.hpp
[4.320s] -- Up-to-date: /workspaces/diffbot/ros2_ws/install/controller_manager_msgs/include/controller_manager_msgs/controller_manager_msgs/srv/detail/unload_controller__rosidl_typesupport_fastrtps_cpp.hpp
[4.321s] -- Up-to-date: /workspaces/diffbot/ros2_ws/install/controller_manager_msgs/include/controller_manager_msgs/controller_manager_msgs/srv/detail/list_hardware_components__rosidl_typesupport_fastrtps_cpp.hpp
[4.321s] -- Up-to-date: /workspaces/diffbot/ros2_ws/install/controller_manager_msgs/include/controller_manager_msgs/controller_manager_msgs/srv/detail/dds_fastrtps
[4.321s] -- Up-to-date: /workspaces/diffbot/ros2_ws/install/controller_manager_msgs/include/controller_manager_msgs/controller_manager_msgs/srv/detail/reload_controller_libraries__rosidl_typesupport_fastrtps_cpp.hpp
[4.321s] -- Up-to-date: /workspaces/diffbot/ros2_ws/install/controller_manager_msgs/include/controller_manager_msgs/controller_manager_msgs/srv/detail/list_controllers__rosidl_typesupport_fastrtps_cpp.hpp
[4.321s] -- Up-to-date: /workspaces/diffbot/ros2_ws/install/controller_manager_msgs/include/controller_manager_msgs/controller_manager_msgs/srv/detail/list_controller_types__rosidl_typesupport_fastrtps_cpp.hpp
[4.322s] -- Up-to-date: /workspaces/diffbot/ros2_ws/install/controller_manager_msgs/include/controller_manager_msgs/controller_manager_msgs/srv/detail/load_controller__rosidl_typesupport_fastrtps_cpp.hpp
[4.322s] -- Up-to-date: /workspaces/diffbot/ros2_ws/install/controller_manager_msgs/include/controller_manager_msgs/controller_manager_msgs/srv/detail/configure_controller__rosidl_typesupport_fastrtps_cpp.hpp
[4.322s] -- Up-to-date: /workspaces/diffbot/ros2_ws/install/controller_manager_msgs/include/controller_manager_msgs/controller_manager_msgs/srv/detail/set_hardware_component_state__rosidl_typesupport_fastrtps_cpp.hpp
[4.322s] -- Up-to-date: /workspaces/diffbot/ros2_ws/install/controller_manager_msgs/include/controller_manager_msgs/controller_manager_msgs/srv/detail/switch_controller__rosidl_typesupport_fastrtps_cpp.hpp
[4.322s] -- Up-to-date: /workspaces/diffbot/ros2_ws/install/controller_manager_msgs/lib/libcontroller_manager_msgs__rosidl_typesupport_fastrtps_cpp.so
[4.322s] -- Up-to-date: /workspaces/diffbot/ros2_ws/install/controller_manager_msgs/include/controller_manager_msgs/controller_manager_msgs
[4.323s] -- Up-to-date: /workspaces/diffbot/ros2_ws/install/controller_manager_msgs/include/controller_manager_msgs/controller_manager_msgs/msg
[4.323s] -- Up-to-date: /workspaces/diffbot/ros2_ws/install/controller_manager_msgs/include/controller_manager_msgs/controller_manager_msgs/msg/rosidl_typesupport_introspection_c__visibility_control.h
[4.323s] -- Up-to-date: /workspaces/diffbot/ros2_ws/install/controller_manager_msgs/include/controller_manager_msgs/controller_manager_msgs/msg/detail
[4.323s] -- Up-to-date: /workspaces/diffbot/ros2_ws/install/controller_manager_msgs/include/controller_manager_msgs/controller_manager_msgs/msg/detail/hardware_component_state__rosidl_typesupport_introspection_c.h
[4.323s] -- Up-to-date: /workspaces/diffbot/ros2_ws/install/controller_manager_msgs/include/controller_manager_msgs/controller_manager_msgs/msg/detail/controller_state__rosidl_typesupport_introspection_c.h
[4.323s] -- Up-to-date: /workspaces/diffbot/ros2_ws/install/controller_manager_msgs/include/controller_manager_msgs/controller_manager_msgs/msg/detail/controller_state__type_support.c
[4.324s] -- Up-to-date: /workspaces/diffbot/ros2_ws/install/controller_manager_msgs/include/controller_manager_msgs/controller_manager_msgs/msg/detail/hardware_component_state__type_support.c
[4.324s] -- Up-to-date: /workspaces/diffbot/ros2_ws/install/controller_manager_msgs/include/controller_manager_msgs/controller_manager_msgs/msg/detail/chain_connection__rosidl_typesupport_introspection_c.h
[4.324s] -- Up-to-date: /workspaces/diffbot/ros2_ws/install/controller_manager_msgs/include/controller_manager_msgs/controller_manager_msgs/msg/detail/chain_connection__type_support.c
[4.324s] -- Up-to-date: /workspaces/diffbot/ros2_ws/install/controller_manager_msgs/include/controller_manager_msgs/controller_manager_msgs/msg/detail/hardware_interface__type_support.c
[4.324s] -- Up-to-date: /workspaces/diffbot/ros2_ws/install/controller_manager_msgs/include/controller_manager_msgs/controller_manager_msgs/msg/detail/hardware_interface__rosidl_typesupport_introspection_c.h
[4.324s] -- Up-to-date: /workspaces/diffbot/ros2_ws/install/controller_manager_msgs/include/controller_manager_msgs/controller_manager_msgs/srv
[4.325s] -- Up-to-date: /workspaces/diffbot/ros2_ws/install/controller_manager_msgs/include/controller_manager_msgs/controller_manager_msgs/srv/detail
[4.325s] -- Up-to-date: /workspaces/diffbot/ros2_ws/install/controller_manager_msgs/include/controller_manager_msgs/controller_manager_msgs/srv/detail/list_controllers__rosidl_typesupport_introspection_c.h
[4.325s] -- Up-to-date: /workspaces/diffbot/ros2_ws/install/controller_manager_msgs/include/controller_manager_msgs/controller_manager_msgs/srv/detail/configure_controller__type_support.c
[4.325s] -- Up-to-date: /workspaces/diffbot/ros2_ws/install/controller_manager_msgs/include/controller_manager_msgs/controller_manager_msgs/srv/detail/unload_controller__rosidl_typesupport_introspection_c.h
[4.325s] -- Up-to-date: /workspaces/diffbot/ros2_ws/install/controller_manager_msgs/include/controller_manager_msgs/controller_manager_msgs/srv/detail/load_controller__rosidl_typesupport_introspection_c.h
[4.325s] -- Up-to-date: /workspaces/diffbot/ros2_ws/install/controller_manager_msgs/include/controller_manager_msgs/controller_manager_msgs/srv/detail/list_controllers__type_support.c
[4.325s] -- Up-to-date: /workspaces/diffbot/ros2_ws/install/controller_manager_msgs/include/controller_manager_msgs/controller_manager_msgs/srv/detail/set_hardware_component_state__rosidl_typesupport_introspection_c.h
[4.326s] -- Up-to-date: /workspaces/diffbot/ros2_ws/install/controller_manager_msgs/include/controller_manager_msgs/controller_manager_msgs/srv/detail/list_controller_types__type_support.c
[4.326s] -- Up-to-date: /workspaces/diffbot/ros2_ws/install/controller_manager_msgs/include/controller_manager_msgs/controller_manager_msgs/srv/detail/load_controller__type_support.c
[4.326s] -- Up-to-date: /workspaces/diffbot/ros2_ws/install/controller_manager_msgs/include/controller_manager_msgs/controller_manager_msgs/srv/detail/list_hardware_interfaces__rosidl_typesupport_introspection_c.h
[4.326s] -- Up-to-date: /workspaces/diffbot/ros2_ws/install/controller_manager_msgs/include/controller_manager_msgs/controller_manager_msgs/srv/detail/configure_controller__rosidl_typesupport_introspection_c.h
[4.326s] -- Up-to-date: /workspaces/diffbot/ros2_ws/install/controller_manager_msgs/include/controller_manager_msgs/controller_manager_msgs/srv/detail/reload_controller_libraries__rosidl_typesupport_introspection_c.h
[4.326s] -- Up-to-date: /workspaces/diffbot/ros2_ws/install/controller_manager_msgs/include/controller_manager_msgs/controller_manager_msgs/srv/detail/set_hardware_component_state__type_support.c
[4.327s] -- Up-to-date: /workspaces/diffbot/ros2_ws/install/controller_manager_msgs/include/controller_manager_msgs/controller_manager_msgs/srv/detail/unload_controller__type_support.c
[4.327s] -- Up-to-date: /workspaces/diffbot/ros2_ws/install/controller_manager_msgs/include/controller_manager_msgs/controller_manager_msgs/srv/detail/list_hardware_interfaces__type_support.c
[4.327s] -- Up-to-date: /workspaces/diffbot/ros2_ws/install/controller_manager_msgs/include/controller_manager_msgs/controller_manager_msgs/srv/detail/switch_controller__type_support.c
[4.327s] -- Up-to-date: /workspaces/diffbot/ros2_ws/install/controller_manager_msgs/include/controller_manager_msgs/controller_manager_msgs/srv/detail/list_hardware_components__type_support.c
[4.327s] -- Up-to-date: /workspaces/diffbot/ros2_ws/install/controller_manager_msgs/include/controller_manager_msgs/controller_manager_msgs/srv/detail/list_controller_types__rosidl_typesupport_introspection_c.h
[4.327s] -- Up-to-date: /workspaces/diffbot/ros2_ws/install/controller_manager_msgs/include/controller_manager_msgs/controller_manager_msgs/srv/detail/reload_controller_libraries__type_support.c
[4.327s] -- Up-to-date: /workspaces/diffbot/ros2_ws/install/controller_manager_msgs/include/controller_manager_msgs/controller_manager_msgs/srv/detail/switch_controller__rosidl_typesupport_introspection_c.h
[4.328s] -- Up-to-date: /workspaces/diffbot/ros2_ws/install/controller_manager_msgs/include/controller_manager_msgs/controller_manager_msgs/srv/detail/list_hardware_components__rosidl_typesupport_introspection_c.h
[4.328s] -- Up-to-date: /workspaces/diffbot/ros2_ws/install/controller_manager_msgs/lib/libcontroller_manager_msgs__rosidl_typesupport_introspection_c.so
[4.328s] -- Up-to-date: /workspaces/diffbot/ros2_ws/install/controller_manager_msgs/lib/libcontroller_manager_msgs__rosidl_typesupport_c.so
[4.328s] -- Up-to-date: /workspaces/diffbot/ros2_ws/install/controller_manager_msgs/include/controller_manager_msgs/controller_manager_msgs
[4.328s] -- Up-to-date: /workspaces/diffbot/ros2_ws/install/controller_manager_msgs/include/controller_manager_msgs/controller_manager_msgs/msg
[4.328s] -- Up-to-date: /workspaces/diffbot/ros2_ws/install/controller_manager_msgs/include/controller_manager_msgs/controller_manager_msgs/msg/detail
[4.328s] -- Up-to-date: /workspaces/diffbot/ros2_ws/install/controller_manager_msgs/include/controller_manager_msgs/controller_manager_msgs/msg/detail/hardware_component_state__type_support.cpp
[4.329s] -- Up-to-date: /workspaces/diffbot/ros2_ws/install/controller_manager_msgs/include/controller_manager_msgs/controller_manager_msgs/msg/detail/controller_state__type_support.cpp
[4.329s] -- Up-to-date: /workspaces/diffbot/ros2_ws/install/controller_manager_msgs/include/controller_manager_msgs/controller_manager_msgs/msg/detail/hardware_interface__type_support.cpp
[4.329s] -- Up-to-date: /workspaces/diffbot/ros2_ws/install/controller_manager_msgs/include/controller_manager_msgs/controller_manager_msgs/msg/detail/chain_connection__type_support.cpp
[4.329s] -- Up-to-date: /workspaces/diffbot/ros2_ws/install/controller_manager_msgs/include/controller_manager_msgs/controller_manager_msgs/msg/detail/hardware_component_state__rosidl_typesupport_introspection_cpp.hpp
[4.329s] -- Up-to-date: /workspaces/diffbot/ros2_ws/install/controller_manager_msgs/include/controller_manager_msgs/controller_manager_msgs/msg/detail/controller_state__rosidl_typesupport_introspection_cpp.hpp
[4.329s] -- Up-to-date: /workspaces/diffbot/ros2_ws/install/controller_manager_msgs/include/controller_manager_msgs/controller_manager_msgs/msg/detail/chain_connection__rosidl_typesupport_introspection_cpp.hpp
[4.330s] -- Up-to-date: /workspaces/diffbot/ros2_ws/install/controller_manager_msgs/include/controller_manager_msgs/controller_manager_msgs/msg/detail/hardware_interface__rosidl_typesupport_introspection_cpp.hpp
[4.330s] -- Up-to-date: /workspaces/diffbot/ros2_ws/install/controller_manager_msgs/include/controller_manager_msgs/controller_manager_msgs/srv
[4.330s] -- Up-to-date: /workspaces/diffbot/ros2_ws/install/controller_manager_msgs/include/controller_manager_msgs/controller_manager_msgs/srv/detail
[4.330s] -- Up-to-date: /workspaces/diffbot/ros2_ws/install/controller_manager_msgs/include/controller_manager_msgs/controller_manager_msgs/srv/detail/unload_controller__rosidl_typesupport_introspection_cpp.hpp
[4.330s] -- Up-to-date: /workspaces/diffbot/ros2_ws/install/controller_manager_msgs/include/controller_manager_msgs/controller_manager_msgs/srv/detail/list_controller_types__rosidl_typesupport_introspection_cpp.hpp
[4.330s] -- Up-to-date: /workspaces/diffbot/ros2_ws/install/controller_manager_msgs/include/controller_manager_msgs/controller_manager_msgs/srv/detail/switch_controller__rosidl_typesupport_introspection_cpp.hpp
[4.330s] -- Up-to-date: /workspaces/diffbot/ros2_ws/install/controller_manager_msgs/include/controller_manager_msgs/controller_manager_msgs/srv/detail/list_hardware_interfaces__type_support.cpp
[4.331s] -- Up-to-date: /workspaces/diffbot/ros2_ws/install/controller_manager_msgs/include/controller_manager_msgs/controller_manager_msgs/srv/detail/list_hardware_components__type_support.cpp
[4.331s] -- Up-to-date: /workspaces/diffbot/ros2_ws/install/controller_manager_msgs/include/controller_manager_msgs/controller_manager_msgs/srv/detail/list_controllers__rosidl_typesupport_introspection_cpp.hpp
[4.331s] -- Up-to-date: /workspaces/diffbot/ros2_ws/install/controller_manager_msgs/include/controller_manager_msgs/controller_manager_msgs/srv/detail/list_hardware_components__rosidl_typesupport_introspection_cpp.hpp
[4.331s] -- Up-to-date: /workspaces/diffbot/ros2_ws/install/controller_manager_msgs/include/controller_manager_msgs/controller_manager_msgs/srv/detail/switch_controller__type_support.cpp
[4.332s] -- Up-to-date: /workspaces/diffbot/ros2_ws/install/controller_manager_msgs/include/controller_manager_msgs/controller_manager_msgs/srv/detail/configure_controller__rosidl_typesupport_introspection_cpp.hpp
[4.332s] -- Up-to-date: /workspaces/diffbot/ros2_ws/install/controller_manager_msgs/include/controller_manager_msgs/controller_manager_msgs/srv/detail/reload_controller_libraries__rosidl_typesupport_introspection_cpp.hpp
[4.332s] -- Up-to-date: /workspaces/diffbot/ros2_ws/install/controller_manager_msgs/include/controller_manager_msgs/controller_manager_msgs/srv/detail/configure_controller__type_support.cpp
[4.332s] -- Up-to-date: /workspaces/diffbot/ros2_ws/install/controller_manager_msgs/include/controller_manager_msgs/controller_manager_msgs/srv/detail/load_controller__rosidl_typesupport_introspection_cpp.hpp
[4.332s] -- Up-to-date: /workspaces/diffbot/ros2_ws/install/controller_manager_msgs/include/controller_manager_msgs/controller_manager_msgs/srv/detail/load_controller__type_support.cpp
[4.332s] -- Up-to-date: /workspaces/diffbot/ros2_ws/install/controller_manager_msgs/include/controller_manager_msgs/controller_manager_msgs/srv/detail/set_hardware_component_state__type_support.cpp
[4.333s] -- Up-to-date: /workspaces/diffbot/ros2_ws/install/controller_manager_msgs/include/controller_manager_msgs/controller_manager_msgs/srv/detail/reload_controller_libraries__type_support.cpp
[4.333s] -- Up-to-date: /workspaces/diffbot/ros2_ws/install/controller_manager_msgs/include/controller_manager_msgs/controller_manager_msgs/srv/detail/list_controller_types__type_support.cpp
[4.333s] -- Up-to-date: /workspaces/diffbot/ros2_ws/install/controller_manager_msgs/include/controller_manager_msgs/controller_manager_msgs/srv/detail/set_hardware_component_state__rosidl_typesupport_introspection_cpp.hpp
[4.333s] -- Up-to-date: /workspaces/diffbot/ros2_ws/install/controller_manager_msgs/include/controller_manager_msgs/controller_manager_msgs/srv/detail/unload_controller__type_support.cpp
[4.333s] -- Up-to-date: /workspaces/diffbot/ros2_ws/install/controller_manager_msgs/include/controller_manager_msgs/controller_manager_msgs/srv/detail/list_controllers__type_support.cpp
[4.333s] -- Up-to-date: /workspaces/diffbot/ros2_ws/install/controller_manager_msgs/include/controller_manager_msgs/controller_manager_msgs/srv/detail/list_hardware_interfaces__rosidl_typesupport_introspection_cpp.hpp
[4.333s] -- Up-to-date: /workspaces/diffbot/ros2_ws/install/controller_manager_msgs/lib/libcontroller_manager_msgs__rosidl_typesupport_introspection_cpp.so
[4.334s] -- Up-to-date: /workspaces/diffbot/ros2_ws/install/controller_manager_msgs/lib/libcontroller_manager_msgs__rosidl_typesupport_cpp.so
[4.334s] -- Up-to-date: /workspaces/diffbot/ros2_ws/install/controller_manager_msgs/share/controller_manager_msgs/environment/pythonpath.sh
[4.334s] -- Up-to-date: /workspaces/diffbot/ros2_ws/install/controller_manager_msgs/share/controller_manager_msgs/environment/pythonpath.dsv
[4.334s] -- Up-to-date: /workspaces/diffbot/ros2_ws/install/controller_manager_msgs/local/lib/python3.10/dist-packages/controller_manager_msgs-2.30.0-py3.10.egg-info
[4.334s] -- Installing: /workspaces/diffbot/ros2_ws/install/controller_manager_msgs/local/lib/python3.10/dist-packages/controller_manager_msgs-2.30.0-py3.10.egg-info/top_level.txt
[4.334s] -- Installing: /workspaces/diffbot/ros2_ws/install/controller_manager_msgs/local/lib/python3.10/dist-packages/controller_manager_msgs-2.30.0-py3.10.egg-info/dependency_links.txt
[4.334s] -- Installing: /workspaces/diffbot/ros2_ws/install/controller_manager_msgs/local/lib/python3.10/dist-packages/controller_manager_msgs-2.30.0-py3.10.egg-info/PKG-INFO
[4.335s] -- Installing: /workspaces/diffbot/ros2_ws/install/controller_manager_msgs/local/lib/python3.10/dist-packages/controller_manager_msgs-2.30.0-py3.10.egg-info/SOURCES.txt
[4.335s] -- Up-to-date: /workspaces/diffbot/ros2_ws/install/controller_manager_msgs/local/lib/python3.10/dist-packages/controller_manager_msgs
[4.335s] -- Up-to-date: /workspaces/diffbot/ros2_ws/install/controller_manager_msgs/local/lib/python3.10/dist-packages/controller_manager_msgs/msg
[4.335s] -- Up-to-date: /workspaces/diffbot/ros2_ws/install/controller_manager_msgs/local/lib/python3.10/dist-packages/controller_manager_msgs/msg/_hardware_interface_s.c
[4.335s] -- Up-to-date: /workspaces/diffbot/ros2_ws/install/controller_manager_msgs/local/lib/python3.10/dist-packages/controller_manager_msgs/msg/_chain_connection.py
[4.335s] -- Up-to-date: /workspaces/diffbot/ros2_ws/install/controller_manager_msgs/local/lib/python3.10/dist-packages/controller_manager_msgs/msg/_hardware_component_state_s.c
[4.335s] -- Up-to-date: /workspaces/diffbot/ros2_ws/install/controller_manager_msgs/local/lib/python3.10/dist-packages/controller_manager_msgs/msg/_hardware_component_state.py
[4.335s] -- Up-to-date: /workspaces/diffbot/ros2_ws/install/controller_manager_msgs/local/lib/python3.10/dist-packages/controller_manager_msgs/msg/_hardware_interface.py
[4.336s] -- Up-to-date: /workspaces/diffbot/ros2_ws/install/controller_manager_msgs/local/lib/python3.10/dist-packages/controller_manager_msgs/msg/_chain_connection_s.c
[4.336s] -- Up-to-date: /workspaces/diffbot/ros2_ws/install/controller_manager_msgs/local/lib/python3.10/dist-packages/controller_manager_msgs/msg/_controller_state.py
[4.336s] -- Up-to-date: /workspaces/diffbot/ros2_ws/install/controller_manager_msgs/local/lib/python3.10/dist-packages/controller_manager_msgs/msg/_controller_state_s.c
[4.336s] -- Up-to-date: /workspaces/diffbot/ros2_ws/install/controller_manager_msgs/local/lib/python3.10/dist-packages/controller_manager_msgs/msg/__init__.py
[4.336s] -- Up-to-date: /workspaces/diffbot/ros2_ws/install/controller_manager_msgs/local/lib/python3.10/dist-packages/controller_manager_msgs/srv
[4.337s] -- Up-to-date: /workspaces/diffbot/ros2_ws/install/controller_manager_msgs/local/lib/python3.10/dist-packages/controller_manager_msgs/srv/_configure_controller_s.c
[4.337s] -- Up-to-date: /workspaces/diffbot/ros2_ws/install/controller_manager_msgs/local/lib/python3.10/dist-packages/controller_manager_msgs/srv/_load_controller_s.c
[4.337s] -- Up-to-date: /workspaces/diffbot/ros2_ws/install/controller_manager_msgs/local/lib/python3.10/dist-packages/controller_manager_msgs/srv/_list_controller_types.py
[4.337s] -- Up-to-date: /workspaces/diffbot/ros2_ws/install/controller_manager_msgs/local/lib/python3.10/dist-packages/controller_manager_msgs/srv/_set_hardware_component_state_s.c
[4.338s] -- Up-to-date: /workspaces/diffbot/ros2_ws/install/controller_manager_msgs/local/lib/python3.10/dist-packages/controller_manager_msgs/srv/_list_hardware_components.py
[4.338s] -- Up-to-date: /workspaces/diffbot/ros2_ws/install/controller_manager_msgs/local/lib/python3.10/dist-packages/controller_manager_msgs/srv/_unload_controller_s.c
[4.338s] -- Up-to-date: /workspaces/diffbot/ros2_ws/install/controller_manager_msgs/local/lib/python3.10/dist-packages/controller_manager_msgs/srv/_list_controllers_s.c
[4.338s] -- Up-to-date: /workspaces/diffbot/ros2_ws/install/controller_manager_msgs/local/lib/python3.10/dist-packages/controller_manager_msgs/srv/_load_controller.py
[4.339s] -- Up-to-date: /workspaces/diffbot/ros2_ws/install/controller_manager_msgs/local/lib/python3.10/dist-packages/controller_manager_msgs/srv/_list_hardware_interfaces.py
[4.339s] -- Up-to-date: /workspaces/diffbot/ros2_ws/install/controller_manager_msgs/local/lib/python3.10/dist-packages/controller_manager_msgs/srv/_list_controller_types_s.c
[4.339s] -- Up-to-date: /workspaces/diffbot/ros2_ws/install/controller_manager_msgs/local/lib/python3.10/dist-packages/controller_manager_msgs/srv/_configure_controller.py
[4.339s] -- Up-to-date: /workspaces/diffbot/ros2_ws/install/controller_manager_msgs/local/lib/python3.10/dist-packages/controller_manager_msgs/srv/_list_controllers.py
[4.339s] -- Up-to-date: /workspaces/diffbot/ros2_ws/install/controller_manager_msgs/local/lib/python3.10/dist-packages/controller_manager_msgs/srv/_list_hardware_interfaces_s.c
[4.339s] -- Up-to-date: /workspaces/diffbot/ros2_ws/install/controller_manager_msgs/local/lib/python3.10/dist-packages/controller_manager_msgs/srv/__init__.py
[4.339s] -- Up-to-date: /workspaces/diffbot/ros2_ws/install/controller_manager_msgs/local/lib/python3.10/dist-packages/controller_manager_msgs/srv/_list_hardware_components_s.c
[4.339s] -- Up-to-date: /workspaces/diffbot/ros2_ws/install/controller_manager_msgs/local/lib/python3.10/dist-packages/controller_manager_msgs/srv/_reload_controller_libraries_s.c
[4.340s] -- Up-to-date: /workspaces/diffbot/ros2_ws/install/controller_manager_msgs/local/lib/python3.10/dist-packages/controller_manager_msgs/srv/_switch_controller.py
[4.340s] -- Up-to-date: /workspaces/diffbot/ros2_ws/install/controller_manager_msgs/local/lib/python3.10/dist-packages/controller_manager_msgs/srv/_unload_controller.py
[4.340s] -- Up-to-date: /workspaces/diffbot/ros2_ws/install/controller_manager_msgs/local/lib/python3.10/dist-packages/controller_manager_msgs/srv/_set_hardware_component_state.py
[4.340s] -- Up-to-date: /workspaces/diffbot/ros2_ws/install/controller_manager_msgs/local/lib/python3.10/dist-packages/controller_manager_msgs/srv/_reload_controller_libraries.py
[4.340s] -- Up-to-date: /workspaces/diffbot/ros2_ws/install/controller_manager_msgs/local/lib/python3.10/dist-packages/controller_manager_msgs/srv/_switch_controller_s.c
[4.340s] -- Up-to-date: /workspaces/diffbot/ros2_ws/install/controller_manager_msgs/local/lib/python3.10/dist-packages/controller_manager_msgs/controller_manager_msgs_s__rosidl_typesupport_c.cpython-310-x86_64-linux-gnu.so
[4.341s] -- Up-to-date: /workspaces/diffbot/ros2_ws/install/controller_manager_msgs/local/lib/python3.10/dist-packages/controller_manager_msgs/controller_manager_msgs_s__rosidl_typesupport_fastrtps_c.cpython-310-x86_64-linux-gnu.so
[4.341s] -- Up-to-date: /workspaces/diffbot/ros2_ws/install/controller_manager_msgs/local/lib/python3.10/dist-packages/controller_manager_msgs/_controller_manager_msgs_s.ep.rosidl_typesupport_introspection_c.c
[4.341s] -- Up-to-date: /workspaces/diffbot/ros2_ws/install/controller_manager_msgs/local/lib/python3.10/dist-packages/controller_manager_msgs/_controller_manager_msgs_s.ep.rosidl_typesupport_c.c
[4.341s] -- Up-to-date: /workspaces/diffbot/ros2_ws/install/controller_manager_msgs/local/lib/python3.10/dist-packages/controller_manager_msgs/controller_manager_msgs_s__rosidl_typesupport_introspection_c.cpython-310-x86_64-linux-gnu.so
[4.341s] -- Up-to-date: /workspaces/diffbot/ros2_ws/install/controller_manager_msgs/local/lib/python3.10/dist-packages/controller_manager_msgs/__init__.py
[4.341s] -- Up-to-date: /workspaces/diffbot/ros2_ws/install/controller_manager_msgs/local/lib/python3.10/dist-packages/controller_manager_msgs/_controller_manager_msgs_s.ep.rosidl_typesupport_fastrtps_c.c
[4.341s] -- Up-to-date: /workspaces/diffbot/ros2_ws/install/controller_manager_msgs/local/lib/python3.10/dist-packages/controller_manager_msgs/libcontroller_manager_msgs__rosidl_generator_py.so
[4.417s] Listing '/workspaces/diffbot/ros2_ws/install/controller_manager_msgs/local/lib/python3.10/dist-packages/controller_manager_msgs'...
[4.418s] Listing '/workspaces/diffbot/ros2_ws/install/controller_manager_msgs/local/lib/python3.10/dist-packages/controller_manager_msgs/msg'...
[4.418s] Listing '/workspaces/diffbot/ros2_ws/install/controller_manager_msgs/local/lib/python3.10/dist-packages/controller_manager_msgs/srv'...
[4.427s] -- Up-to-date: /workspaces/diffbot/ros2_ws/install/controller_manager_msgs/local/lib/python3.10/dist-packages/controller_manager_msgs/controller_manager_msgs_s__rosidl_typesupport_fastrtps_c.cpython-310-x86_64-linux-gnu.so
[4.429s] -- Up-to-date: /workspaces/diffbot/ros2_ws/install/controller_manager_msgs/local/lib/python3.10/dist-packages/controller_manager_msgs/controller_manager_msgs_s__rosidl_typesupport_introspection_c.cpython-310-x86_64-linux-gnu.so
[4.430s] -- Up-to-date: /workspaces/diffbot/ros2_ws/install/controller_manager_msgs/local/lib/python3.10/dist-packages/controller_manager_msgs/controller_manager_msgs_s__rosidl_typesupport_c.cpython-310-x86_64-linux-gnu.so
[4.431s] -- Up-to-date: /workspaces/diffbot/ros2_ws/install/controller_manager_msgs/lib/libcontroller_manager_msgs__rosidl_generator_py.so
[4.432s] -- Up-to-date: /workspaces/diffbot/ros2_ws/install/controller_manager_msgs/share/controller_manager_msgs/msg/ControllerState.idl
[4.432s] -- Up-to-date: /workspaces/diffbot/ros2_ws/install/controller_manager_msgs/share/controller_manager_msgs/msg/ChainConnection.idl
[4.433s] -- Up-to-date: /workspaces/diffbot/ros2_ws/install/controller_manager_msgs/share/controller_manager_msgs/msg/HardwareComponentState.idl
[4.433s] -- Up-to-date: /workspaces/diffbot/ros2_ws/install/controller_manager_msgs/share/controller_manager_msgs/msg/HardwareInterface.idl
[4.434s] -- Up-to-date: /workspaces/diffbot/ros2_ws/install/controller_manager_msgs/share/controller_manager_msgs/srv/ConfigureController.idl
[4.434s] -- Up-to-date: /workspaces/diffbot/ros2_ws/install/controller_manager_msgs/share/controller_manager_msgs/srv/ListControllers.idl
[4.434s] -- Up-to-date: /workspaces/diffbot/ros2_ws/install/controller_manager_msgs/share/controller_manager_msgs/srv/ListControllerTypes.idl
[4.435s] -- Up-to-date: /workspaces/diffbot/ros2_ws/install/controller_manager_msgs/share/controller_manager_msgs/srv/ListHardwareComponents.idl
[4.435s] -- Up-to-date: /workspaces/diffbot/ros2_ws/install/controller_manager_msgs/share/controller_manager_msgs/srv/ListHardwareInterfaces.idl
[4.436s] -- Up-to-date: /workspaces/diffbot/ros2_ws/install/controller_manager_msgs/share/controller_manager_msgs/srv/LoadController.idl
[4.437s] -- Up-to-date: /workspaces/diffbot/ros2_ws/install/controller_manager_msgs/share/controller_manager_msgs/srv/ReloadControllerLibraries.idl
[4.437s] -- Up-to-date: /workspaces/diffbot/ros2_ws/install/controller_manager_msgs/share/controller_manager_msgs/srv/SetHardwareComponentState.idl
[4.438s] -- Up-to-date: /workspaces/diffbot/ros2_ws/install/controller_manager_msgs/share/controller_manager_msgs/srv/SwitchController.idl
[4.438s] -- Up-to-date: /workspaces/diffbot/ros2_ws/install/controller_manager_msgs/share/controller_manager_msgs/srv/UnloadController.idl
[4.439s] -- Up-to-date: /workspaces/diffbot/ros2_ws/install/controller_manager_msgs/share/controller_manager_msgs/msg/ControllerState.msg
[4.439s] -- Up-to-date: /workspaces/diffbot/ros2_ws/install/controller_manager_msgs/share/controller_manager_msgs/msg/ChainConnection.msg
[4.440s] -- Up-to-date: /workspaces/diffbot/ros2_ws/install/controller_manager_msgs/share/controller_manager_msgs/msg/HardwareComponentState.msg
[4.441s] -- Up-to-date: /workspaces/diffbot/ros2_ws/install/controller_manager_msgs/share/controller_manager_msgs/msg/HardwareInterface.msg
[4.441s] -- Up-to-date: /workspaces/diffbot/ros2_ws/install/controller_manager_msgs/share/controller_manager_msgs/srv/ConfigureController.srv
[4.441s] -- Up-to-date: /workspaces/diffbot/ros2_ws/install/controller_manager_msgs/share/controller_manager_msgs/srv/ConfigureController_Request.msg
[4.441s] -- Up-to-date: /workspaces/diffbot/ros2_ws/install/controller_manager_msgs/share/controller_manager_msgs/srv/ConfigureController_Response.msg
[4.442s] -- Up-to-date: /workspaces/diffbot/ros2_ws/install/controller_manager_msgs/share/controller_manager_msgs/srv/ListControllers.srv
[4.442s] -- Up-to-date: /workspaces/diffbot/ros2_ws/install/controller_manager_msgs/share/controller_manager_msgs/srv/ListControllers_Request.msg
[4.442s] -- Up-to-date: /workspaces/diffbot/ros2_ws/install/controller_manager_msgs/share/controller_manager_msgs/srv/ListControllers_Response.msg
[4.442s] -- Up-to-date: /workspaces/diffbot/ros2_ws/install/controller_manager_msgs/share/controller_manager_msgs/srv/ListControllerTypes.srv
[4.442s] -- Up-to-date: /workspaces/diffbot/ros2_ws/install/controller_manager_msgs/share/controller_manager_msgs/srv/ListControllerTypes_Request.msg
[4.443s] -- Up-to-date: /workspaces/diffbot/ros2_ws/install/controller_manager_msgs/share/controller_manager_msgs/srv/ListControllerTypes_Response.msg
[4.443s] -- Up-to-date: /workspaces/diffbot/ros2_ws/install/controller_manager_msgs/share/controller_manager_msgs/srv/ListHardwareComponents.srv
[4.443s] -- Up-to-date: /workspaces/diffbot/ros2_ws/install/controller_manager_msgs/share/controller_manager_msgs/srv/ListHardwareComponents_Request.msg
[4.443s] -- Up-to-date: /workspaces/diffbot/ros2_ws/install/controller_manager_msgs/share/controller_manager_msgs/srv/ListHardwareComponents_Response.msg
[4.443s] -- Up-to-date: /workspaces/diffbot/ros2_ws/install/controller_manager_msgs/share/controller_manager_msgs/srv/ListHardwareInterfaces.srv
[4.445s] -- Up-to-date: /workspaces/diffbot/ros2_ws/install/controller_manager_msgs/share/controller_manager_msgs/srv/ListHardwareInterfaces_Request.msg
[4.445s] -- Up-to-date: /workspaces/diffbot/ros2_ws/install/controller_manager_msgs/share/controller_manager_msgs/srv/ListHardwareInterfaces_Response.msg
[4.446s] -- Up-to-date: /workspaces/diffbot/ros2_ws/install/controller_manager_msgs/share/controller_manager_msgs/srv/LoadController.srv
[4.446s] -- Up-to-date: /workspaces/diffbot/ros2_ws/install/controller_manager_msgs/share/controller_manager_msgs/srv/LoadController_Request.msg
[4.446s] -- Up-to-date: /workspaces/diffbot/ros2_ws/install/controller_manager_msgs/share/controller_manager_msgs/srv/LoadController_Response.msg
[4.446s] -- Up-to-date: /workspaces/diffbot/ros2_ws/install/controller_manager_msgs/share/controller_manager_msgs/srv/ReloadControllerLibraries.srv
[4.447s] -- Up-to-date: /workspaces/diffbot/ros2_ws/install/controller_manager_msgs/share/controller_manager_msgs/srv/ReloadControllerLibraries_Request.msg
[4.447s] -- Up-to-date: /workspaces/diffbot/ros2_ws/install/controller_manager_msgs/share/controller_manager_msgs/srv/ReloadControllerLibraries_Response.msg
[4.447s] -- Up-to-date: /workspaces/diffbot/ros2_ws/install/controller_manager_msgs/share/controller_manager_msgs/srv/SetHardwareComponentState.srv
[4.447s] -- Up-to-date: /workspaces/diffbot/ros2_ws/install/controller_manager_msgs/share/controller_manager_msgs/srv/SetHardwareComponentState_Request.msg
[4.448s] -- Up-to-date: /workspaces/diffbot/ros2_ws/install/controller_manager_msgs/share/controller_manager_msgs/srv/SetHardwareComponentState_Response.msg
[4.448s] -- Up-to-date: /workspaces/diffbot/ros2_ws/install/controller_manager_msgs/share/controller_manager_msgs/srv/SwitchController.srv
[4.448s] -- Up-to-date: /workspaces/diffbot/ros2_ws/install/controller_manager_msgs/share/controller_manager_msgs/srv/SwitchController_Request.msg
[4.448s] -- Up-to-date: /workspaces/diffbot/ros2_ws/install/controller_manager_msgs/share/controller_manager_msgs/srv/SwitchController_Response.msg
[4.448s] -- Up-to-date: /workspaces/diffbot/ros2_ws/install/controller_manager_msgs/share/controller_manager_msgs/srv/UnloadController.srv
[4.449s] -- Up-to-date: /workspaces/diffbot/ros2_ws/install/controller_manager_msgs/share/controller_manager_msgs/srv/UnloadController_Request.msg
[4.449s] -- Up-to-date: /workspaces/diffbot/ros2_ws/install/controller_manager_msgs/share/controller_manager_msgs/srv/UnloadController_Response.msg
[4.449s] -- Up-to-date: /workspaces/diffbot/ros2_ws/install/controller_manager_msgs/share/ament_index/resource_index/package_run_dependencies/controller_manager_msgs
[4.449s] -- Up-to-date: /workspaces/diffbot/ros2_ws/install/controller_manager_msgs/share/ament_index/resource_index/parent_prefix_path/controller_manager_msgs
[4.449s] -- Up-to-date: /workspaces/diffbot/ros2_ws/install/controller_manager_msgs/share/controller_manager_msgs/environment/ament_prefix_path.sh
[4.450s] -- Up-to-date: /workspaces/diffbot/ros2_ws/install/controller_manager_msgs/share/controller_manager_msgs/environment/ament_prefix_path.dsv
[4.450s] -- Up-to-date: /workspaces/diffbot/ros2_ws/install/controller_manager_msgs/share/controller_manager_msgs/environment/path.sh
[4.450s] -- Up-to-date: /workspaces/diffbot/ros2_ws/install/controller_manager_msgs/share/controller_manager_msgs/environment/path.dsv
[4.450s] -- Up-to-date: /workspaces/diffbot/ros2_ws/install/controller_manager_msgs/share/controller_manager_msgs/local_setup.bash
[4.451s] -- Up-to-date: /workspaces/diffbot/ros2_ws/install/controller_manager_msgs/share/controller_manager_msgs/local_setup.sh
[4.451s] -- Up-to-date: /workspaces/diffbot/ros2_ws/install/controller_manager_msgs/share/controller_manager_msgs/local_setup.zsh
[4.451s] -- Up-to-date: /workspaces/diffbot/ros2_ws/install/controller_manager_msgs/share/controller_manager_msgs/local_setup.dsv
[4.451s] -- Installing: /workspaces/diffbot/ros2_ws/install/controller_manager_msgs/share/controller_manager_msgs/package.dsv
[4.451s] -- Up-to-date: /workspaces/diffbot/ros2_ws/install/controller_manager_msgs/share/ament_index/resource_index/packages/controller_manager_msgs
[4.451s] -- Up-to-date: /workspaces/diffbot/ros2_ws/install/controller_manager_msgs/share/controller_manager_msgs/cmake/export_controller_manager_msgs__rosidl_generator_cExport.cmake
[4.452s] -- Up-to-date: /workspaces/diffbot/ros2_ws/install/controller_manager_msgs/share/controller_manager_msgs/cmake/export_controller_manager_msgs__rosidl_generator_cExport-noconfig.cmake
[4.452s] -- Up-to-date: /workspaces/diffbot/ros2_ws/install/controller_manager_msgs/share/controller_manager_msgs/cmake/export_controller_manager_msgs__rosidl_typesupport_fastrtps_cExport.cmake
[4.459s] -- Up-to-date: /workspaces/diffbot/ros2_ws/install/controller_manager_msgs/share/controller_manager_msgs/cmake/export_controller_manager_msgs__rosidl_typesupport_fastrtps_cExport-noconfig.cmake
[4.459s] -- Up-to-date: /workspaces/diffbot/ros2_ws/install/controller_manager_msgs/share/controller_manager_msgs/cmake/export_controller_manager_msgs__rosidl_generator_cppExport.cmake
[4.460s] -- Up-to-date: /workspaces/diffbot/ros2_ws/install/controller_manager_msgs/share/controller_manager_msgs/cmake/export_controller_manager_msgs__rosidl_typesupport_fastrtps_cppExport.cmake
[4.460s] -- Up-to-date: /workspaces/diffbot/ros2_ws/install/controller_manager_msgs/share/controller_manager_msgs/cmake/export_controller_manager_msgs__rosidl_typesupport_fastrtps_cppExport-noconfig.cmake
[4.460s] -- Up-to-date: /workspaces/diffbot/ros2_ws/install/controller_manager_msgs/share/controller_manager_msgs/cmake/controller_manager_msgs__rosidl_typesupport_introspection_cExport.cmake
[4.480s] -- Up-to-date: /workspaces/diffbot/ros2_ws/install/controller_manager_msgs/share/controller_manager_msgs/cmake/controller_manager_msgs__rosidl_typesupport_introspection_cExport-noconfig.cmake
[4.481s] -- Up-to-date: /workspaces/diffbot/ros2_ws/install/controller_manager_msgs/share/controller_manager_msgs/cmake/controller_manager_msgs__rosidl_typesupport_cExport.cmake
[4.481s] -- Up-to-date: /workspaces/diffbot/ros2_ws/install/controller_manager_msgs/share/controller_manager_msgs/cmake/controller_manager_msgs__rosidl_typesupport_cExport-noconfig.cmake
[4.481s] -- Up-to-date: /workspaces/diffbot/ros2_ws/install/controller_manager_msgs/share/controller_manager_msgs/cmake/controller_manager_msgs__rosidl_typesupport_introspection_cppExport.cmake
[4.481s] -- Up-to-date: /workspaces/diffbot/ros2_ws/install/controller_manager_msgs/share/controller_manager_msgs/cmake/controller_manager_msgs__rosidl_typesupport_introspection_cppExport-noconfig.cmake
[4.481s] -- Up-to-date: /workspaces/diffbot/ros2_ws/install/controller_manager_msgs/share/controller_manager_msgs/cmake/controller_manager_msgs__rosidl_typesupport_cppExport.cmake
[4.481s] -- Up-to-date: /workspaces/diffbot/ros2_ws/install/controller_manager_msgs/share/controller_manager_msgs/cmake/controller_manager_msgs__rosidl_typesupport_cppExport-noconfig.cmake
[4.482s] -- Up-to-date: /workspaces/diffbot/ros2_ws/install/controller_manager_msgs/share/controller_manager_msgs/cmake/export_controller_manager_msgs__rosidl_generator_pyExport.cmake
[4.482s] -- Up-to-date: /workspaces/diffbot/ros2_ws/install/controller_manager_msgs/share/controller_manager_msgs/cmake/export_controller_manager_msgs__rosidl_generator_pyExport-noconfig.cmake
[4.482s] -- Up-to-date: /workspaces/diffbot/ros2_ws/install/controller_manager_msgs/share/controller_manager_msgs/cmake/rosidl_cmake-extras.cmake
[4.482s] -- Up-to-date: /workspaces/diffbot/ros2_ws/install/controller_manager_msgs/share/controller_manager_msgs/cmake/ament_cmake_export_dependencies-extras.cmake
[4.482s] -- Up-to-date: /workspaces/diffbot/ros2_ws/install/controller_manager_msgs/share/controller_manager_msgs/cmake/ament_cmake_export_include_directories-extras.cmake
[4.482s] -- Up-to-date: /workspaces/diffbot/ros2_ws/install/controller_manager_msgs/share/controller_manager_msgs/cmake/ament_cmake_export_libraries-extras.cmake
[4.482s] -- Up-to-date: /workspaces/diffbot/ros2_ws/install/controller_manager_msgs/share/controller_manager_msgs/cmake/ament_cmake_export_targets-extras.cmake
[4.483s] -- Up-to-date: /workspaces/diffbot/ros2_ws/install/controller_manager_msgs/share/controller_manager_msgs/cmake/rosidl_cmake_export_typesupport_targets-extras.cmake
[4.483s] -- Up-to-date: /workspaces/diffbot/ros2_ws/install/controller_manager_msgs/share/controller_manager_msgs/cmake/rosidl_cmake_export_typesupport_libraries-extras.cmake
[4.483s] -- Up-to-date: /workspaces/diffbot/ros2_ws/install/controller_manager_msgs/share/controller_manager_msgs/cmake/controller_manager_msgsConfig.cmake
[4.483s] -- Up-to-date: /workspaces/diffbot/ros2_ws/install/controller_manager_msgs/share/controller_manager_msgs/cmake/controller_manager_msgsConfig-version.cmake
[4.483s] -- Up-to-date: /workspaces/diffbot/ros2_ws/install/controller_manager_msgs/share/controller_manager_msgs/package.xml
[4.483s] Invoked command in '/workspaces/diffbot/ros2_ws/build/controller_manager_msgs' returned '0': CMAKE_PREFIX_PATH=${CMAKE_PREFIX_PATH}:/workspaces/diffbot/ros2_ws/install/rqt_controller_manager:/workspaces/diffbot/ros2_ws/install/ros2controlcli:/workspaces/diffbot/ros2_ws/install/ros2_controllers_test_nodes:/workspaces/diffbot/ros2_ws/install/controller:/opt/ros/humble /usr/bin/cmake --install /workspaces/diffbot/ros2_ws/build/controller_manager_msgs
