[0.123s] Invoking command in '/home/lulav/ros2_ws/build/diff_drive_controller': AMENT_PREFIX_PATH=/home/lulav/ros2_ws/install/controller_manager:/home/lulav/ros2_ws/install/controller_interface:/home/lulav/ros2_ws/install/hardware_interface:/home/lulav/ros2_ws/install/ros2_control_test_assets:/home/lulav/ros2_ws/install/realtime_tools:/home/lulav/ros2_ws/install/controller_manager_msgs:/home/lulav/ros2_ws/install/control_msgs:${AMENT_PREFIX_PATH} CMAKE_PREFIX_PATH=/home/lulav/ros2_ws/install/controller_manager:/home/lulav/ros2_ws/install/controller_interface:/home/lulav/ros2_ws/install/hardware_interface:/home/lulav/ros2_ws/install/ros2_control_test_assets:/home/lulav/ros2_ws/install/realtime_tools:/home/lulav/ros2_ws/install/controller_manager_msgs:/home/lulav/ros2_ws/install/control_msgs:/opt/ros/humble LD_LIBRARY_PATH=/home/lulav/ros2_ws/install/controller_manager/lib:/home/lulav/ros2_ws/install/controller_interface/lib:/home/lulav/ros2_ws/install/hardware_interface/lib:/home/lulav/ros2_ws/install/realtime_tools/lib:/home/lulav/ros2_ws/install/controller_manager_msgs/lib:/home/lulav/ros2_ws/install/control_msgs/lib:${LD_LIBRARY_PATH} PYTHONPATH=/home/lulav/ros2_ws/install/controller_manager/local/lib/python3.10/dist-packages:/home/lulav/ros2_ws/install/controller_manager_msgs/local/lib/python3.10/dist-packages:/home/lulav/ros2_ws/install/control_msgs/local/lib/python3.10/dist-packages:${PYTHONPATH} /usr/bin/cmake /home/lulav/ros2_ws/src/ros2_controllers/diff_drive_controller -DCMAKE_INSTALL_PREFIX=/home/lulav/ros2_ws/install/diff_drive_controller
[0.164s] -- Found ament_cmake: 1.3.5 (/opt/ros/humble/share/ament_cmake/cmake)
[0.616s] -- Override CMake install command with custom implementation using symlinks instead of copying resources
[0.653s] -- Found backward_ros: 1.0.2 (/opt/ros/humble/share/backward_ros/cmake)
[0.682s] -- Could NOT find libbfd (missing: LIBBFD_LIBRARY LIBBFD_INCLUDE_DIR) 
[0.682s] -- BACKWARD_HAS_UNWIND=1
[0.683s] -- BACKWARD_HAS_BACKTRACE=0
[0.683s] -- BACKWARD_HAS_BACKTRACE_SYMBOL=0
[0.683s] -- BACKWARD_HAS_DW=1
[0.683s] -- BACKWARD_HAS_BFD=0
[0.684s] -- Found Backward: /opt/ros/humble/share/backward_ros/cmake  
[0.685s] -- Found controller_interface: 2.29.0 (/home/lulav/ros2_ws/install/controller_interface/share/controller_interface/cmake)
[0.819s] -- Found rosidl_generator_c: 3.1.5 (/opt/ros/humble/share/rosidl_generator_c/cmake)
[0.833s] -- Found rosidl_adapter: 3.1.5 (/opt/ros/humble/share/rosidl_adapter/cmake)
[0.876s] -- Found rosidl_generator_cpp: 3.1.5 (/opt/ros/humble/share/rosidl_generator_cpp/cmake)
[0.957s] -- Using all available rosidl_typesupport_c: rosidl_typesupport_fastrtps_c;rosidl_typesupport_introspection_c
[1.006s] -- Using all available rosidl_typesupport_cpp: rosidl_typesupport_fastrtps_cpp;rosidl_typesupport_introspection_cpp
[4.001s] -- Found rmw_implementation_cmake: 6.1.1 (/opt/ros/humble/share/rmw_implementation_cmake/cmake)
[4.005s] -- Found rmw_fastrtps_cpp: 6.2.3 (/opt/ros/humble/share/rmw_fastrtps_cpp/cmake)
[4.447s] -- Using RMW implementation 'rmw_fastrtps_cpp' as default
[5.463s] -- Found generate_parameter_library: 0.3.3 (/opt/ros/humble/share/generate_parameter_library/cmake)
[5.465s] -- Found parameter_traits: 0.3.3 (/opt/ros/humble/share/parameter_traits/cmake)
[5.540s] -- Found nav_msgs: 4.2.3 (/opt/ros/humble/share/nav_msgs/cmake)
[5.821s] -- Found realtime_tools: 2.5.0 (/home/lulav/ros2_ws/install/realtime_tools/share/realtime_tools/cmake)
[5.938s] -- Found tf2: 0.25.3 (/opt/ros/humble/share/tf2/cmake)
[5.960s] -- Found tf2_msgs: 0.25.3 (/opt/ros/humble/share/tf2_msgs/cmake)
[7.399s] -- Found ament_cmake_gmock: 1.3.5 (/opt/ros/humble/share/ament_cmake_gmock/cmake)
[7.401s] -- Found controller_manager: 2.29.0 (/home/lulav/ros2_ws/install/controller_manager/share/controller_manager/cmake)
[8.499s] -- Found ros2_control_test_assets: 2.29.0 (/home/lulav/ros2_ws/install/ros2_control_test_assets/share/ros2_control_test_assets/cmake)
[8.517s] -- Found gmock sources under '/opt/ros/humble/src/gmock_vendor': C++ tests using 'Google Mock' will be built
[8.525s] -- Found ament_cmake_gtest: 1.3.5 (/opt/ros/humble/share/ament_cmake_gtest/cmake)
[8.531s] -- Found gtest sources under '/opt/ros/humble/src/gtest_vendor': C++ tests using 'Google Test' will be built
[10.241s] -- Configuring done
[10.459s] -- Generating done
[10.467s] -- Build files have been written to: /home/lulav/ros2_ws/build/diff_drive_controller
[10.499s] Invoked command in '/home/lulav/ros2_ws/build/diff_drive_controller' returned '0': AMENT_PREFIX_PATH=/home/lulav/ros2_ws/install/controller_manager:/home/lulav/ros2_ws/install/controller_interface:/home/lulav/ros2_ws/install/hardware_interface:/home/lulav/ros2_ws/install/ros2_control_test_assets:/home/lulav/ros2_ws/install/realtime_tools:/home/lulav/ros2_ws/install/controller_manager_msgs:/home/lulav/ros2_ws/install/control_msgs:${AMENT_PREFIX_PATH} CMAKE_PREFIX_PATH=/home/lulav/ros2_ws/install/controller_manager:/home/lulav/ros2_ws/install/controller_interface:/home/lulav/ros2_ws/install/hardware_interface:/home/lulav/ros2_ws/install/ros2_control_test_assets:/home/lulav/ros2_ws/install/realtime_tools:/home/lulav/ros2_ws/install/controller_manager_msgs:/home/lulav/ros2_ws/install/control_msgs:/opt/ros/humble LD_LIBRARY_PATH=/home/lulav/ros2_ws/install/controller_manager/lib:/home/lulav/ros2_ws/install/controller_interface/lib:/home/lulav/ros2_ws/install/hardware_interface/lib:/home/lulav/ros2_ws/install/realtime_tools/lib:/home/lulav/ros2_ws/install/controller_manager_msgs/lib:/home/lulav/ros2_ws/install/control_msgs/lib:${LD_LIBRARY_PATH} PYTHONPATH=/home/lulav/ros2_ws/install/controller_manager/local/lib/python3.10/dist-packages:/home/lulav/ros2_ws/install/controller_manager_msgs/local/lib/python3.10/dist-packages:/home/lulav/ros2_ws/install/control_msgs/local/lib/python3.10/dist-packages:${PYTHONPATH} /usr/bin/cmake /home/lulav/ros2_ws/src/ros2_controllers/diff_drive_controller -DCMAKE_INSTALL_PREFIX=/home/lulav/ros2_ws/install/diff_drive_controller
[10.500s] Invoking command in '/home/lulav/ros2_ws/build/diff_drive_controller': AMENT_PREFIX_PATH=/home/lulav/ros2_ws/install/controller_manager:/home/lulav/ros2_ws/install/controller_interface:/home/lulav/ros2_ws/install/hardware_interface:/home/lulav/ros2_ws/install/ros2_control_test_assets:/home/lulav/ros2_ws/install/realtime_tools:/home/lulav/ros2_ws/install/controller_manager_msgs:/home/lulav/ros2_ws/install/control_msgs:${AMENT_PREFIX_PATH} CMAKE_PREFIX_PATH=/home/lulav/ros2_ws/install/controller_manager:/home/lulav/ros2_ws/install/controller_interface:/home/lulav/ros2_ws/install/hardware_interface:/home/lulav/ros2_ws/install/ros2_control_test_assets:/home/lulav/ros2_ws/install/realtime_tools:/home/lulav/ros2_ws/install/controller_manager_msgs:/home/lulav/ros2_ws/install/control_msgs:/opt/ros/humble LD_LIBRARY_PATH=/home/lulav/ros2_ws/install/controller_manager/lib:/home/lulav/ros2_ws/install/controller_interface/lib:/home/lulav/ros2_ws/install/hardware_interface/lib:/home/lulav/ros2_ws/install/realtime_tools/lib:/home/lulav/ros2_ws/install/controller_manager_msgs/lib:/home/lulav/ros2_ws/install/control_msgs/lib:${LD_LIBRARY_PATH} PYTHONPATH=/home/lulav/ros2_ws/install/controller_manager/local/lib/python3.10/dist-packages:/home/lulav/ros2_ws/install/controller_manager_msgs/local/lib/python3.10/dist-packages:/home/lulav/ros2_ws/install/control_msgs/local/lib/python3.10/dist-packages:${PYTHONPATH} /usr/bin/cmake --build /home/lulav/ros2_ws/build/diff_drive_controller -- -j8 -l8
[11.444s] [35m[1mConsolidate compiler generated dependencies of target gmock_main[0m
[11.444s] [35m[1mConsolidate compiler generated dependencies of target gmock[0m
[11.444s] [  7%] Built target diff_drive_controller_parameters
[11.444s] [ 28%] Built target gmock
[11.444s] [ 42%] Built target gmock_main
[11.444s] [35m[1mConsolidate compiler generated dependencies of target diff_drive_controller[0m
[11.445s] [35m[1mConsolidate compiler generated dependencies of target test_load_diff_drive_controller[0m
[11.445s] [ 57%] Built target test_load_diff_drive_controller
[11.445s] [ 85%] Built target diff_drive_controller
[11.445s] [35m[1mConsolidate compiler generated dependencies of target test_diff_drive_controller[0m
[11.445s] [100%] Built target test_diff_drive_controller
[11.477s] Invoked command in '/home/lulav/ros2_ws/build/diff_drive_controller' returned '0': AMENT_PREFIX_PATH=/home/lulav/ros2_ws/install/controller_manager:/home/lulav/ros2_ws/install/controller_interface:/home/lulav/ros2_ws/install/hardware_interface:/home/lulav/ros2_ws/install/ros2_control_test_assets:/home/lulav/ros2_ws/install/realtime_tools:/home/lulav/ros2_ws/install/controller_manager_msgs:/home/lulav/ros2_ws/install/control_msgs:${AMENT_PREFIX_PATH} CMAKE_PREFIX_PATH=/home/lulav/ros2_ws/install/controller_manager:/home/lulav/ros2_ws/install/controller_interface:/home/lulav/ros2_ws/install/hardware_interface:/home/lulav/ros2_ws/install/ros2_control_test_assets:/home/lulav/ros2_ws/install/realtime_tools:/home/lulav/ros2_ws/install/controller_manager_msgs:/home/lulav/ros2_ws/install/control_msgs:/opt/ros/humble LD_LIBRARY_PATH=/home/lulav/ros2_ws/install/controller_manager/lib:/home/lulav/ros2_ws/install/controller_interface/lib:/home/lulav/ros2_ws/install/hardware_interface/lib:/home/lulav/ros2_ws/install/realtime_tools/lib:/home/lulav/ros2_ws/install/controller_manager_msgs/lib:/home/lulav/ros2_ws/install/control_msgs/lib:${LD_LIBRARY_PATH} PYTHONPATH=/home/lulav/ros2_ws/install/controller_manager/local/lib/python3.10/dist-packages:/home/lulav/ros2_ws/install/controller_manager_msgs/local/lib/python3.10/dist-packages:/home/lulav/ros2_ws/install/control_msgs/local/lib/python3.10/dist-packages:${PYTHONPATH} /usr/bin/cmake --build /home/lulav/ros2_ws/build/diff_drive_controller -- -j8 -l8
[11.969s] Invoking command in '/home/lulav/ros2_ws/build/diff_drive_controller': AMENT_PREFIX_PATH=/home/lulav/ros2_ws/install/controller_manager:/home/lulav/ros2_ws/install/controller_interface:/home/lulav/ros2_ws/install/hardware_interface:/home/lulav/ros2_ws/install/ros2_control_test_assets:/home/lulav/ros2_ws/install/realtime_tools:/home/lulav/ros2_ws/install/controller_manager_msgs:/home/lulav/ros2_ws/install/control_msgs:${AMENT_PREFIX_PATH} CMAKE_PREFIX_PATH=/home/lulav/ros2_ws/install/controller_manager:/home/lulav/ros2_ws/install/controller_interface:/home/lulav/ros2_ws/install/hardware_interface:/home/lulav/ros2_ws/install/ros2_control_test_assets:/home/lulav/ros2_ws/install/realtime_tools:/home/lulav/ros2_ws/install/controller_manager_msgs:/home/lulav/ros2_ws/install/control_msgs:/opt/ros/humble LD_LIBRARY_PATH=/home/lulav/ros2_ws/install/controller_manager/lib:/home/lulav/ros2_ws/install/controller_interface/lib:/home/lulav/ros2_ws/install/hardware_interface/lib:/home/lulav/ros2_ws/install/realtime_tools/lib:/home/lulav/ros2_ws/install/controller_manager_msgs/lib:/home/lulav/ros2_ws/install/control_msgs/lib:${LD_LIBRARY_PATH} PYTHONPATH=/home/lulav/ros2_ws/install/controller_manager/local/lib/python3.10/dist-packages:/home/lulav/ros2_ws/install/controller_manager_msgs/local/lib/python3.10/dist-packages:/home/lulav/ros2_ws/install/control_msgs/local/lib/python3.10/dist-packages:${PYTHONPATH} /usr/bin/cmake --install /home/lulav/ros2_ws/build/diff_drive_controller
[12.349s] -- Install configuration: ""
[12.349s] -- Execute custom install script
[12.352s] -- Up-to-date symlink: /home/lulav/ros2_ws/install/diff_drive_controller/include/diff_drive_controller_parameters/diff_drive_controller_parameters.hpp
[12.353s] -- Up-to-date symlink: /home/lulav/ros2_ws/install/diff_drive_controller/share/diff_drive_controller//diff_drive_plugin.xml
[12.353s] -- Up-to-date symlink: /home/lulav/ros2_ws/install/diff_drive_controller/include/diff_drive_controller/diff_drive_controller/diff_drive_controller.hpp
[12.353s] -- Up-to-date symlink: /home/lulav/ros2_ws/install/diff_drive_controller/include/diff_drive_controller/diff_drive_controller/odometry.hpp
[12.353s] -- Up-to-date symlink: /home/lulav/ros2_ws/install/diff_drive_controller/include/diff_drive_controller/diff_drive_controller/speed_limiter.hpp
[12.353s] -- Up-to-date symlink: /home/lulav/ros2_ws/install/diff_drive_controller/include/diff_drive_controller/diff_drive_controller/visibility_control.h
[12.354s] -- Up-to-date symlink: /home/lulav/ros2_ws/install/diff_drive_controller/share/diff_drive_controller/environment/library_path.sh
[12.354s] -- Up-to-date symlink: /home/lulav/ros2_ws/install/diff_drive_controller/share/diff_drive_controller/environment/library_path.dsv
[12.354s] -- Up-to-date symlink: /home/lulav/ros2_ws/install/diff_drive_controller/share/ament_index/resource_index/package_run_dependencies/diff_drive_controller
[12.354s] -- Up-to-date symlink: /home/lulav/ros2_ws/install/diff_drive_controller/share/ament_index/resource_index/parent_prefix_path/diff_drive_controller
[12.354s] -- Up-to-date symlink: /home/lulav/ros2_ws/install/diff_drive_controller/share/diff_drive_controller/environment/ament_prefix_path.sh
[12.354s] -- Up-to-date symlink: /home/lulav/ros2_ws/install/diff_drive_controller/share/diff_drive_controller/environment/ament_prefix_path.dsv
[12.354s] -- Up-to-date symlink: /home/lulav/ros2_ws/install/diff_drive_controller/share/diff_drive_controller/environment/path.sh
[12.355s] -- Up-to-date symlink: /home/lulav/ros2_ws/install/diff_drive_controller/share/diff_drive_controller/environment/path.dsv
[12.355s] -- Up-to-date symlink: /home/lulav/ros2_ws/install/diff_drive_controller/share/diff_drive_controller/local_setup.bash
[12.355s] -- Up-to-date symlink: /home/lulav/ros2_ws/install/diff_drive_controller/share/diff_drive_controller/local_setup.sh
[12.355s] -- Up-to-date symlink: /home/lulav/ros2_ws/install/diff_drive_controller/share/diff_drive_controller/local_setup.zsh
[12.356s] -- Up-to-date symlink: /home/lulav/ros2_ws/install/diff_drive_controller/share/diff_drive_controller/local_setup.dsv
[12.356s] -- Symlinking: /home/lulav/ros2_ws/install/diff_drive_controller/share/diff_drive_controller/package.dsv
[12.356s] -- Up-to-date symlink: /home/lulav/ros2_ws/install/diff_drive_controller/share/ament_index/resource_index/packages/diff_drive_controller
[12.356s] -- Up-to-date symlink: /home/lulav/ros2_ws/install/diff_drive_controller/share/ament_index/resource_index/controller_interface__pluginlib__plugin/diff_drive_controller
[12.356s] -- Up-to-date symlink: /home/lulav/ros2_ws/install/diff_drive_controller/share/diff_drive_controller/cmake/ament_cmake_export_targets-extras.cmake
[12.356s] -- Up-to-date symlink: /home/lulav/ros2_ws/install/diff_drive_controller/share/diff_drive_controller/cmake/ament_cmake_export_dependencies-extras.cmake
[12.357s] -- Up-to-date symlink: /home/lulav/ros2_ws/install/diff_drive_controller/share/diff_drive_controller/cmake/diff_drive_controllerConfig.cmake
[12.357s] -- Up-to-date symlink: /home/lulav/ros2_ws/install/diff_drive_controller/share/diff_drive_controller/cmake/diff_drive_controllerConfig-version.cmake
[12.357s] -- Up-to-date symlink: /home/lulav/ros2_ws/install/diff_drive_controller/share/diff_drive_controller/package.xml
[12.357s] -- Up-to-date: /home/lulav/ros2_ws/install/diff_drive_controller/lib/libdiff_drive_controller.so
[12.357s] -- Up-to-date: /home/lulav/ros2_ws/install/diff_drive_controller/share/diff_drive_controller/cmake/export_diff_drive_controllerExport.cmake
[12.357s] -- Up-to-date: /home/lulav/ros2_ws/install/diff_drive_controller/share/diff_drive_controller/cmake/export_diff_drive_controllerExport-noconfig.cmake
[12.429s] Invoked command in '/home/lulav/ros2_ws/build/diff_drive_controller' returned '0': AMENT_PREFIX_PATH=/home/lulav/ros2_ws/install/controller_manager:/home/lulav/ros2_ws/install/controller_interface:/home/lulav/ros2_ws/install/hardware_interface:/home/lulav/ros2_ws/install/ros2_control_test_assets:/home/lulav/ros2_ws/install/realtime_tools:/home/lulav/ros2_ws/install/controller_manager_msgs:/home/lulav/ros2_ws/install/control_msgs:${AMENT_PREFIX_PATH} CMAKE_PREFIX_PATH=/home/lulav/ros2_ws/install/controller_manager:/home/lulav/ros2_ws/install/controller_interface:/home/lulav/ros2_ws/install/hardware_interface:/home/lulav/ros2_ws/install/ros2_control_test_assets:/home/lulav/ros2_ws/install/realtime_tools:/home/lulav/ros2_ws/install/controller_manager_msgs:/home/lulav/ros2_ws/install/control_msgs:/opt/ros/humble LD_LIBRARY_PATH=/home/lulav/ros2_ws/install/controller_manager/lib:/home/lulav/ros2_ws/install/controller_interface/lib:/home/lulav/ros2_ws/install/hardware_interface/lib:/home/lulav/ros2_ws/install/realtime_tools/lib:/home/lulav/ros2_ws/install/controller_manager_msgs/lib:/home/lulav/ros2_ws/install/control_msgs/lib:${LD_LIBRARY_PATH} PYTHONPATH=/home/lulav/ros2_ws/install/controller_manager/local/lib/python3.10/dist-packages:/home/lulav/ros2_ws/install/controller_manager_msgs/local/lib/python3.10/dist-packages:/home/lulav/ros2_ws/install/control_msgs/local/lib/python3.10/dist-packages:${PYTHONPATH} /usr/bin/cmake --install /home/lulav/ros2_ws/build/diff_drive_controller
