[0.148s] Invoking command in '/workspaces/diffbot/ros2_ws/build/controller_manager_msgs': CMAKE_PREFIX_PATH=${CMAKE_PREFIX_PATH}:/workspaces/diffbot/ros2_ws/install/rqt_controller_manager:/workspaces/diffbot/ros2_ws/install/ros2controlcli:/workspaces/diffbot/ros2_ws/install/ros2_controllers_test_nodes:/workspaces/diffbot/ros2_ws/install/controller:/opt/ros/humble /usr/bin/cmake --build /workspaces/diffbot/ros2_ws/build/controller_manager_msgs -- -j8 -l8
[1.487s] [  0%] Built target controller_manager_msgs__cpp
[1.488s] [  0%] Built target ament_cmake_python_copy_controller_manager_msgs
[1.488s] [35m[1mConsolidate compiler generated dependencies of target controller_manager_msgs__rosidl_typesupport_introspection_cpp[0m
[1.488s] [ 12%] Built target controller_manager_msgs__rosidl_typesupport_introspection_cpp
[1.488s] running egg_info
[1.488s] writing controller_manager_msgs.egg-info/PKG-INFO
[1.488s] writing dependency_links to controller_manager_msgs.egg-info/dependency_links.txt
[1.489s] writing top-level names to controller_manager_msgs.egg-info/top_level.txt
[1.489s] reading manifest file 'controller_manager_msgs.egg-info/SOURCES.txt'
[1.489s] writing manifest file 'controller_manager_msgs.egg-info/SOURCES.txt'
[1.489s] [ 12%] Built target ament_cmake_python_build_controller_manager_msgs_egg
[1.489s] [35m[1mConsolidate compiler generated dependencies of target controller_manager_msgs__rosidl_typesupport_fastrtps_cpp[0m
[1.525s] [ 24%] Built target controller_manager_msgs__rosidl_typesupport_fastrtps_cpp
[1.578s] [35m[1mConsolidate compiler generated dependencies of target controller_manager_msgs__rosidl_typesupport_cpp[0m
[1.745s] [ 36%] Built target controller_manager_msgs__rosidl_typesupport_cpp
[1.818s] [35m[1mConsolidate compiler generated dependencies of target controller_manager_msgs__rosidl_generator_c[0m
[1.898s] [ 48%] Built target controller_manager_msgs__rosidl_generator_c
[1.979s] [35m[1mConsolidate compiler generated dependencies of target controller_manager_msgs__rosidl_typesupport_fastrtps_c[0m
[2.149s] [ 60%] Built target controller_manager_msgs__rosidl_typesupport_fastrtps_c
[2.237s] [35m[1mConsolidate compiler generated dependencies of target controller_manager_msgs__rosidl_typesupport_c[0m
[2.363s] [ 72%] Built target controller_manager_msgs__rosidl_typesupport_c
[2.453s] [35m[1mConsolidate compiler generated dependencies of target controller_manager_msgs__rosidl_typesupport_introspection_c[0m
[2.547s] [ 84%] Built target controller_manager_msgs__rosidl_typesupport_introspection_c
[2.645s] [ 84%] Built target controller_manager_msgs
[2.796s] [ 85%] Built target controller_manager_msgs__py
[2.870s] [35m[1mConsolidate compiler generated dependencies of target controller_manager_msgs__rosidl_generator_py[0m
[2.975s] [ 96%] Built target controller_manager_msgs__rosidl_generator_py
[3.049s] [35m[1mConsolidate compiler generated dependencies of target controller_manager_msgs__rosidl_typesupport_fastrtps_c__pyext[0m
[3.115s] [ 97%] Built target controller_manager_msgs__rosidl_typesupport_fastrtps_c__pyext
[3.185s] [35m[1mConsolidate compiler generated dependencies of target controller_manager_msgs__rosidl_typesupport_c__pyext[0m
[3.308s] [ 98%] Built target controller_manager_msgs__rosidl_typesupport_c__pyext
[3.381s] [35m[1mConsolidate compiler generated dependencies of target controller_manager_msgs__rosidl_typesupport_introspection_c__pyext[0m
[3.499s] [100%] Built target controller_manager_msgs__rosidl_typesupport_introspection_c__pyext
[3.582s] Invoked command in '/workspaces/diffbot/ros2_ws/build/controller_manager_msgs' returned '0': CMAKE_PREFIX_PATH=${CMAKE_PREFIX_PATH}:/workspaces/diffbot/ros2_ws/install/rqt_controller_manager:/workspaces/diffbot/ros2_ws/install/ros2controlcli:/workspaces/diffbot/ros2_ws/install/ros2_controllers_test_nodes:/workspaces/diffbot/ros2_ws/install/controller:/opt/ros/humble /usr/bin/cmake --build /workspaces/diffbot/ros2_ws/build/controller_manager_msgs -- -j8 -l8
[6.091s] Invoking command in '/workspaces/diffbot/ros2_ws/build/controller_manager_msgs': CMAKE_PREFIX_PATH=${CMAKE_PREFIX_PATH}:/workspaces/diffbot/ros2_ws/install/rqt_controller_manager:/workspaces/diffbot/ros2_ws/install/ros2controlcli:/workspaces/diffbot/ros2_ws/install/ros2_controllers_test_nodes:/workspaces/diffbot/ros2_ws/install/controller:/opt/ros/humble /usr/bin/cmake --install /workspaces/diffbot/ros2_ws/build/controller_manager_msgs
[6.117s] -- Install configuration: ""
[6.121s] -- Up-to-date: /workspaces/diffbot/ros2_ws/install/controller_manager_msgs/share/ament_index/resource_index/rosidl_interfaces/controller_manager_msgs
[6.121s] -- Up-to-date: /workspaces/diffbot/ros2_ws/install/controller_manager_msgs/include/controller_manager_msgs/controller_manager_msgs
[6.122s] -- Up-to-date: /workspaces/diffbot/ros2_ws/install/controller_manager_msgs/include/controller_manager_msgs/controller_manager_msgs/msg
[6.122s] -- Up-to-date: /workspaces/diffbot/ros2_ws/install/controller_manager_msgs/include/controller_manager_msgs/controller_manager_msgs/msg/detail
[6.123s] -- Up-to-date: /workspaces/diffbot/ros2_ws/install/controller_manager_msgs/include/controller_manager_msgs/controller_manager_msgs/msg/detail/hardware_interface__type_support.h
[6.123s] -- Up-to-date: /workspaces/diffbot/ros2_ws/install/controller_manager_msgs/include/controller_manager_msgs/controller_manager_msgs/msg/detail/controller_state__functions.c
[6.123s] -- Up-to-date: /workspaces/diffbot/ros2_ws/install/controller_manager_msgs/include/controller_manager_msgs/controller_manager_msgs/msg/detail/chain_connection__struct.h
[6.123s] -- Up-to-date: /workspaces/diffbot/ros2_ws/install/controller_manager_msgs/include/controller_manager_msgs/controller_manager_msgs/msg/detail/hardware_interface__struct.h
[6.124s] -- Up-to-date: /workspaces/diffbot/ros2_ws/install/controller_manager_msgs/include/controller_manager_msgs/controller_manager_msgs/msg/detail/hardware_interface__functions.c
[6.124s] -- Up-to-date: /workspaces/diffbot/ros2_ws/install/controller_manager_msgs/include/controller_manager_msgs/controller_manager_msgs/msg/detail/controller_state__struct.h
[6.125s] -- Up-to-date: /workspaces/diffbot/ros2_ws/install/controller_manager_msgs/include/controller_manager_msgs/controller_manager_msgs/msg/detail/hardware_component_state__functions.h
[6.125s] -- Up-to-date: /workspaces/diffbot/ros2_ws/install/controller_manager_msgs/include/controller_manager_msgs/controller_manager_msgs/msg/detail/controller_state__type_support.h
[6.125s] -- Up-to-date: /workspaces/diffbot/ros2_ws/install/controller_manager_msgs/include/controller_manager_msgs/controller_manager_msgs/msg/detail/hardware_component_state__struct.h
[6.126s] -- Up-to-date: /workspaces/diffbot/ros2_ws/install/controller_manager_msgs/include/controller_manager_msgs/controller_manager_msgs/msg/detail/hardware_component_state__functions.c
[6.126s] -- Up-to-date: /workspaces/diffbot/ros2_ws/install/controller_manager_msgs/include/controller_manager_msgs/controller_manager_msgs/msg/detail/hardware_interface__functions.h
[6.126s] -- Up-to-date: /workspaces/diffbot/ros2_ws/install/controller_manager_msgs/include/controller_manager_msgs/controller_manager_msgs/msg/detail/chain_connection__type_support.h
[6.127s] -- Up-to-date: /workspaces/diffbot/ros2_ws/install/controller_manager_msgs/include/controller_manager_msgs/controller_manager_msgs/msg/detail/controller_state__functions.h
[6.127s] -- Up-to-date: /workspaces/diffbot/ros2_ws/install/controller_manager_msgs/include/controller_manager_msgs/controller_manager_msgs/msg/detail/chain_connection__functions.h
[6.128s] -- Up-to-date: /workspaces/diffbot/ros2_ws/install/controller_manager_msgs/include/controller_manager_msgs/controller_manager_msgs/msg/detail/chain_connection__functions.c
[6.128s] -- Up-to-date: /workspaces/diffbot/ros2_ws/install/controller_manager_msgs/include/controller_manager_msgs/controller_manager_msgs/msg/detail/hardware_component_state__type_support.h
[6.128s] -- Up-to-date: /workspaces/diffbot/ros2_ws/install/controller_manager_msgs/include/controller_manager_msgs/controller_manager_msgs/msg/hardware_component_state.h
[6.129s] -- Up-to-date: /workspaces/diffbot/ros2_ws/install/controller_manager_msgs/include/controller_manager_msgs/controller_manager_msgs/msg/chain_connection.h
[6.129s] -- Up-to-date: /workspaces/diffbot/ros2_ws/install/controller_manager_msgs/include/controller_manager_msgs/controller_manager_msgs/msg/hardware_interface.h
[6.129s] -- Up-to-date: /workspaces/diffbot/ros2_ws/install/controller_manager_msgs/include/controller_manager_msgs/controller_manager_msgs/msg/controller_state.h
[6.130s] -- Up-to-date: /workspaces/diffbot/ros2_ws/install/controller_manager_msgs/include/controller_manager_msgs/controller_manager_msgs/msg/rosidl_generator_c__visibility_control.h
[6.130s] -- Up-to-date: /workspaces/diffbot/ros2_ws/install/controller_manager_msgs/include/controller_manager_msgs/controller_manager_msgs/srv
[6.131s] -- Up-to-date: /workspaces/diffbot/ros2_ws/install/controller_manager_msgs/include/controller_manager_msgs/controller_manager_msgs/srv/switch_controller.h
[6.131s] -- Up-to-date: /workspaces/diffbot/ros2_ws/install/controller_manager_msgs/include/controller_manager_msgs/controller_manager_msgs/srv/load_controller.h
[6.131s] -- Up-to-date: /workspaces/diffbot/ros2_ws/install/controller_manager_msgs/include/controller_manager_msgs/controller_manager_msgs/srv/configure_controller.h
[6.132s] -- Up-to-date: /workspaces/diffbot/ros2_ws/install/controller_manager_msgs/include/controller_manager_msgs/controller_manager_msgs/srv/set_hardware_component_state.h
[6.132s] -- Up-to-date: /workspaces/diffbot/ros2_ws/install/controller_manager_msgs/include/controller_manager_msgs/controller_manager_msgs/srv/list_hardware_interfaces.h
[6.133s] -- Up-to-date: /workspaces/diffbot/ros2_ws/install/controller_manager_msgs/include/controller_manager_msgs/controller_manager_msgs/srv/list_controller_types.h
[6.133s] -- Up-to-date: /workspaces/diffbot/ros2_ws/install/controller_manager_msgs/include/controller_manager_msgs/controller_manager_msgs/srv/detail
[6.133s] -- Up-to-date: /workspaces/diffbot/ros2_ws/install/controller_manager_msgs/include/controller_manager_msgs/controller_manager_msgs/srv/detail/reload_controller_libraries__functions.c
[6.134s] -- Up-to-date: /workspaces/diffbot/ros2_ws/install/controller_manager_msgs/include/controller_manager_msgs/controller_manager_msgs/srv/detail/switch_controller__struct.h
[6.134s] -- Up-to-date: /workspaces/diffbot/ros2_ws/install/controller_manager_msgs/include/controller_manager_msgs/controller_manager_msgs/srv/detail/list_controllers__type_support.h
[6.134s] -- Up-to-date: /workspaces/diffbot/ros2_ws/install/controller_manager_msgs/include/controller_manager_msgs/controller_manager_msgs/srv/detail/load_controller__struct.h
[6.135s] -- Up-to-date: /workspaces/diffbot/ros2_ws/install/controller_manager_msgs/include/controller_manager_msgs/controller_manager_msgs/srv/detail/list_hardware_interfaces__functions.c
[6.135s] -- Up-to-date: /workspaces/diffbot/ros2_ws/install/controller_manager_msgs/include/controller_manager_msgs/controller_manager_msgs/srv/detail/reload_controller_libraries__type_support.h
[6.135s] -- Up-to-date: /workspaces/diffbot/ros2_ws/install/controller_manager_msgs/include/controller_manager_msgs/controller_manager_msgs/srv/detail/list_hardware_interfaces__type_support.h
[6.136s] -- Up-to-date: /workspaces/diffbot/ros2_ws/install/controller_manager_msgs/include/controller_manager_msgs/controller_manager_msgs/srv/detail/list_hardware_interfaces__struct.h
[6.137s] -- Up-to-date: /workspaces/diffbot/ros2_ws/install/controller_manager_msgs/include/controller_manager_msgs/controller_manager_msgs/srv/detail/switch_controller__functions.c
[6.137s] -- Up-to-date: /workspaces/diffbot/ros2_ws/install/controller_manager_msgs/include/controller_manager_msgs/controller_manager_msgs/srv/detail/unload_controller__type_support.h
[6.137s] -- Up-to-date: /workspaces/diffbot/ros2_ws/install/controller_manager_msgs/include/controller_manager_msgs/controller_manager_msgs/srv/detail/load_controller__type_support.h
[6.138s] -- Up-to-date: /workspaces/diffbot/ros2_ws/install/controller_manager_msgs/include/controller_manager_msgs/controller_manager_msgs/srv/detail/list_hardware_components__type_support.h
[6.138s] -- Up-to-date: /workspaces/diffbot/ros2_ws/install/controller_manager_msgs/include/controller_manager_msgs/controller_manager_msgs/srv/detail/load_controller__functions.h
[6.138s] -- Up-to-date: /workspaces/diffbot/ros2_ws/install/controller_manager_msgs/include/controller_manager_msgs/controller_manager_msgs/srv/detail/list_controller_types__functions.h
[6.139s] -- Up-to-date: /workspaces/diffbot/ros2_ws/install/controller_manager_msgs/include/controller_manager_msgs/controller_manager_msgs/srv/detail/list_controller_types__type_support.h
[6.139s] -- Up-to-date: /workspaces/diffbot/ros2_ws/install/controller_manager_msgs/include/controller_manager_msgs/controller_manager_msgs/srv/detail/unload_controller__struct.h
[6.140s] -- Up-to-date: /workspaces/diffbot/ros2_ws/install/controller_manager_msgs/include/controller_manager_msgs/controller_manager_msgs/srv/detail/reload_controller_libraries__functions.h
[6.141s] -- Up-to-date: /workspaces/diffbot/ros2_ws/install/controller_manager_msgs/include/controller_manager_msgs/controller_manager_msgs/srv/detail/list_controller_types__functions.c
[6.142s] -- Up-to-date: /workspaces/diffbot/ros2_ws/install/controller_manager_msgs/include/controller_manager_msgs/controller_manager_msgs/srv/detail/list_hardware_interfaces__functions.h
[6.142s] -- Up-to-date: /workspaces/diffbot/ros2_ws/install/controller_manager_msgs/include/controller_manager_msgs/controller_manager_msgs/srv/detail/configure_controller__functions.c
[6.142s] -- Up-to-date: /workspaces/diffbot/ros2_ws/install/controller_manager_msgs/include/controller_manager_msgs/controller_manager_msgs/srv/detail/list_hardware_components__functions.c
[6.143s] -- Up-to-date: /workspaces/diffbot/ros2_ws/install/controller_manager_msgs/include/controller_manager_msgs/controller_manager_msgs/srv/detail/set_hardware_component_state__struct.h
[6.143s] -- Up-to-date: /workspaces/diffbot/ros2_ws/install/controller_manager_msgs/include/controller_manager_msgs/controller_manager_msgs/srv/detail/unload_controller__functions.c
[6.144s] -- Up-to-date: /workspaces/diffbot/ros2_ws/install/controller_manager_msgs/include/controller_manager_msgs/controller_manager_msgs/srv/detail/load_controller__functions.c
[6.144s] -- Up-to-date: /workspaces/diffbot/ros2_ws/install/controller_manager_msgs/include/controller_manager_msgs/controller_manager_msgs/srv/detail/list_controllers__functions.h
[6.144s] -- Up-to-date: /workspaces/diffbot/ros2_ws/install/controller_manager_msgs/include/controller_manager_msgs/controller_manager_msgs/srv/detail/set_hardware_component_state__functions.h
[6.145s] -- Up-to-date: /workspaces/diffbot/ros2_ws/install/controller_manager_msgs/include/controller_manager_msgs/controller_manager_msgs/srv/detail/configure_controller__struct.h
[6.145s] -- Up-to-date: /workspaces/diffbot/ros2_ws/install/controller_manager_msgs/include/controller_manager_msgs/controller_manager_msgs/srv/detail/list_hardware_components__struct.h
[6.145s] -- Up-to-date: /workspaces/diffbot/ros2_ws/install/controller_manager_msgs/include/controller_manager_msgs/controller_manager_msgs/srv/detail/list_controllers__struct.h
[6.146s] -- Up-to-date: /workspaces/diffbot/ros2_ws/install/controller_manager_msgs/include/controller_manager_msgs/controller_manager_msgs/srv/detail/configure_controller__functions.h
[6.146s] -- Up-to-date: /workspaces/diffbot/ros2_ws/install/controller_manager_msgs/include/controller_manager_msgs/controller_manager_msgs/srv/detail/list_controllers__functions.c
[6.146s] -- Up-to-date: /workspaces/diffbot/ros2_ws/install/controller_manager_msgs/include/controller_manager_msgs/controller_manager_msgs/srv/detail/list_controller_types__struct.h
[6.147s] -- Up-to-date: /workspaces/diffbot/ros2_ws/install/controller_manager_msgs/include/controller_manager_msgs/controller_manager_msgs/srv/detail/set_hardware_component_state__type_support.h
[6.147s] -- Up-to-date: /workspaces/diffbot/ros2_ws/install/controller_manager_msgs/include/controller_manager_msgs/controller_manager_msgs/srv/detail/switch_controller__type_support.h
[6.147s] -- Up-to-date: /workspaces/diffbot/ros2_ws/install/controller_manager_msgs/include/controller_manager_msgs/controller_manager_msgs/srv/detail/reload_controller_libraries__struct.h
[6.148s] -- Up-to-date: /workspaces/diffbot/ros2_ws/install/controller_manager_msgs/include/controller_manager_msgs/controller_manager_msgs/srv/detail/unload_controller__functions.h
[6.148s] -- Up-to-date: /workspaces/diffbot/ros2_ws/install/controller_manager_msgs/include/controller_manager_msgs/controller_manager_msgs/srv/detail/switch_controller__functions.h
[6.149s] -- Up-to-date: /workspaces/diffbot/ros2_ws/install/controller_manager_msgs/include/controller_manager_msgs/controller_manager_msgs/srv/detail/set_hardware_component_state__functions.c
[6.149s] -- Up-to-date: /workspaces/diffbot/ros2_ws/install/controller_manager_msgs/include/controller_manager_msgs/controller_manager_msgs/srv/detail/list_hardware_components__functions.h
[6.149s] -- Up-to-date: /workspaces/diffbot/ros2_ws/install/controller_manager_msgs/include/controller_manager_msgs/controller_manager_msgs/srv/detail/configure_controller__type_support.h
[6.150s] -- Up-to-date: /workspaces/diffbot/ros2_ws/install/controller_manager_msgs/include/controller_manager_msgs/controller_manager_msgs/srv/list_hardware_components.h
[6.150s] -- Up-to-date: /workspaces/diffbot/ros2_ws/install/controller_manager_msgs/include/controller_manager_msgs/controller_manager_msgs/srv/reload_controller_libraries.h
[6.150s] -- Up-to-date: /workspaces/diffbot/ros2_ws/install/controller_manager_msgs/include/controller_manager_msgs/controller_manager_msgs/srv/list_controllers.h
[6.151s] -- Up-to-date: /workspaces/diffbot/ros2_ws/install/controller_manager_msgs/include/controller_manager_msgs/controller_manager_msgs/srv/unload_controller.h
[6.151s] -- Up-to-date: /workspaces/diffbot/ros2_ws/install/controller_manager_msgs/share/controller_manager_msgs/environment/library_path.sh
[6.152s] -- Up-to-date: /workspaces/diffbot/ros2_ws/install/controller_manager_msgs/share/controller_manager_msgs/environment/library_path.dsv
[6.153s] -- Up-to-date: /workspaces/diffbot/ros2_ws/install/controller_manager_msgs/lib/libcontroller_manager_msgs__rosidl_generator_c.so
[6.153s] -- Up-to-date: /workspaces/diffbot/ros2_ws/install/controller_manager_msgs/include/controller_manager_msgs/controller_manager_msgs
[6.154s] -- Up-to-date: /workspaces/diffbot/ros2_ws/install/controller_manager_msgs/include/controller_manager_msgs/controller_manager_msgs/msg
[6.154s] -- Up-to-date: /workspaces/diffbot/ros2_ws/install/controller_manager_msgs/include/controller_manager_msgs/controller_manager_msgs/msg/detail
[6.155s] -- Up-to-date: /workspaces/diffbot/ros2_ws/install/controller_manager_msgs/include/controller_manager_msgs/controller_manager_msgs/msg/detail/controller_state__rosidl_typesupport_fastrtps_c.h
[6.155s] -- Up-to-date: /workspaces/diffbot/ros2_ws/install/controller_manager_msgs/include/controller_manager_msgs/controller_manager_msgs/msg/detail/hardware_interface__rosidl_typesupport_fastrtps_c.h
[6.156s] -- Up-to-date: /workspaces/diffbot/ros2_ws/install/controller_manager_msgs/include/controller_manager_msgs/controller_manager_msgs/msg/detail/hardware_component_state__rosidl_typesupport_fastrtps_c.h
[6.156s] -- Up-to-date: /workspaces/diffbot/ros2_ws/install/controller_manager_msgs/include/controller_manager_msgs/controller_manager_msgs/msg/detail/chain_connection__rosidl_typesupport_fastrtps_c.h
[6.156s] -- Up-to-date: /workspaces/diffbot/ros2_ws/install/controller_manager_msgs/include/controller_manager_msgs/controller_manager_msgs/msg/rosidl_typesupport_fastrtps_c__visibility_control.h
[6.157s] -- Up-to-date: /workspaces/diffbot/ros2_ws/install/controller_manager_msgs/include/controller_manager_msgs/controller_manager_msgs/srv
[6.157s] -- Up-to-date: /workspaces/diffbot/ros2_ws/install/controller_manager_msgs/include/controller_manager_msgs/controller_manager_msgs/srv/detail
[6.157s] -- Up-to-date: /workspaces/diffbot/ros2_ws/install/controller_manager_msgs/include/controller_manager_msgs/controller_manager_msgs/srv/detail/load_controller__rosidl_typesupport_fastrtps_c.h
[6.157s] -- Up-to-date: /workspaces/diffbot/ros2_ws/install/controller_manager_msgs/include/controller_manager_msgs/controller_manager_msgs/srv/detail/list_hardware_components__rosidl_typesupport_fastrtps_c.h
[6.158s] -- Up-to-date: /workspaces/diffbot/ros2_ws/install/controller_manager_msgs/include/controller_manager_msgs/controller_manager_msgs/srv/detail/configure_controller__rosidl_typesupport_fastrtps_c.h
[6.159s] -- Up-to-date: /workspaces/diffbot/ros2_ws/install/controller_manager_msgs/include/controller_manager_msgs/controller_manager_msgs/srv/detail/list_controllers__rosidl_typesupport_fastrtps_c.h
[6.159s] -- Up-to-date: /workspaces/diffbot/ros2_ws/install/controller_manager_msgs/include/controller_manager_msgs/controller_manager_msgs/srv/detail/list_controller_types__rosidl_typesupport_fastrtps_c.h
[6.159s] -- Up-to-date: /workspaces/diffbot/ros2_ws/install/controller_manager_msgs/include/controller_manager_msgs/controller_manager_msgs/srv/detail/set_hardware_component_state__rosidl_typesupport_fastrtps_c.h
[6.160s] -- Up-to-date: /workspaces/diffbot/ros2_ws/install/controller_manager_msgs/include/controller_manager_msgs/controller_manager_msgs/srv/detail/unload_controller__rosidl_typesupport_fastrtps_c.h
[6.160s] -- Up-to-date: /workspaces/diffbot/ros2_ws/install/controller_manager_msgs/include/controller_manager_msgs/controller_manager_msgs/srv/detail/list_hardware_interfaces__rosidl_typesupport_fastrtps_c.h
[6.161s] -- Up-to-date: /workspaces/diffbot/ros2_ws/install/controller_manager_msgs/include/controller_manager_msgs/controller_manager_msgs/srv/detail/reload_controller_libraries__rosidl_typesupport_fastrtps_c.h
[6.161s] -- Up-to-date: /workspaces/diffbot/ros2_ws/install/controller_manager_msgs/include/controller_manager_msgs/controller_manager_msgs/srv/detail/switch_controller__rosidl_typesupport_fastrtps_c.h
[6.162s] -- Up-to-date: /workspaces/diffbot/ros2_ws/install/controller_manager_msgs/lib/libcontroller_manager_msgs__rosidl_typesupport_fastrtps_c.so
[6.162s] -- Up-to-date: /workspaces/diffbot/ros2_ws/install/controller_manager_msgs/include/controller_manager_msgs/controller_manager_msgs
[6.162s] -- Up-to-date: /workspaces/diffbot/ros2_ws/install/controller_manager_msgs/include/controller_manager_msgs/controller_manager_msgs/msg
[6.163s] -- Up-to-date: /workspaces/diffbot/ros2_ws/install/controller_manager_msgs/include/controller_manager_msgs/controller_manager_msgs/msg/detail
[6.163s] -- Up-to-date: /workspaces/diffbot/ros2_ws/install/controller_manager_msgs/include/controller_manager_msgs/controller_manager_msgs/msg/detail/chain_connection__builder.hpp
[6.163s] -- Up-to-date: /workspaces/diffbot/ros2_ws/install/controller_manager_msgs/include/controller_manager_msgs/controller_manager_msgs/msg/detail/hardware_component_state__struct.hpp
[6.163s] -- Up-to-date: /workspaces/diffbot/ros2_ws/install/controller_manager_msgs/include/controller_manager_msgs/controller_manager_msgs/msg/detail/chain_connection__struct.hpp
[6.164s] -- Up-to-date: /workspaces/diffbot/ros2_ws/install/controller_manager_msgs/include/controller_manager_msgs/controller_manager_msgs/msg/detail/chain_connection__traits.hpp
[6.164s] -- Up-to-date: /workspaces/diffbot/ros2_ws/install/controller_manager_msgs/include/controller_manager_msgs/controller_manager_msgs/msg/detail/controller_state__builder.hpp
[6.165s] -- Up-to-date: /workspaces/diffbot/ros2_ws/install/controller_manager_msgs/include/controller_manager_msgs/controller_manager_msgs/msg/detail/controller_state__struct.hpp
[6.165s] -- Up-to-date: /workspaces/diffbot/ros2_ws/install/controller_manager_msgs/include/controller_manager_msgs/controller_manager_msgs/msg/detail/controller_state__traits.hpp
[6.165s] -- Up-to-date: /workspaces/diffbot/ros2_ws/install/controller_manager_msgs/include/controller_manager_msgs/controller_manager_msgs/msg/detail/hardware_interface__traits.hpp
[6.166s] -- Up-to-date: /workspaces/diffbot/ros2_ws/install/controller_manager_msgs/include/controller_manager_msgs/controller_manager_msgs/msg/detail/hardware_component_state__traits.hpp
[6.166s] -- Up-to-date: /workspaces/diffbot/ros2_ws/install/controller_manager_msgs/include/controller_manager_msgs/controller_manager_msgs/msg/detail/hardware_component_state__builder.hpp
[6.166s] -- Up-to-date: /workspaces/diffbot/ros2_ws/install/controller_manager_msgs/include/controller_manager_msgs/controller_manager_msgs/msg/detail/hardware_interface__struct.hpp
[6.166s] -- Up-to-date: /workspaces/diffbot/ros2_ws/install/controller_manager_msgs/include/controller_manager_msgs/controller_manager_msgs/msg/detail/hardware_interface__builder.hpp
[6.166s] -- Up-to-date: /workspaces/diffbot/ros2_ws/install/controller_manager_msgs/include/controller_manager_msgs/controller_manager_msgs/msg/hardware_component_state.hpp
[6.167s] -- Up-to-date: /workspaces/diffbot/ros2_ws/install/controller_manager_msgs/include/controller_manager_msgs/controller_manager_msgs/msg/chain_connection.hpp
[6.167s] -- Up-to-date: /workspaces/diffbot/ros2_ws/install/controller_manager_msgs/include/controller_manager_msgs/controller_manager_msgs/msg/controller_state.hpp
[6.167s] -- Up-to-date: /workspaces/diffbot/ros2_ws/install/controller_manager_msgs/include/controller_manager_msgs/controller_manager_msgs/msg/hardware_interface.hpp
[6.168s] -- Up-to-date: /workspaces/diffbot/ros2_ws/install/controller_manager_msgs/include/controller_manager_msgs/controller_manager_msgs/srv
[6.168s] -- Up-to-date: /workspaces/diffbot/ros2_ws/install/controller_manager_msgs/include/controller_manager_msgs/controller_manager_msgs/srv/load_controller.hpp
[6.168s] -- Up-to-date: /workspaces/diffbot/ros2_ws/install/controller_manager_msgs/include/controller_manager_msgs/controller_manager_msgs/srv/configure_controller.hpp
[6.169s] -- Up-to-date: /workspaces/diffbot/ros2_ws/install/controller_manager_msgs/include/controller_manager_msgs/controller_manager_msgs/srv/set_hardware_component_state.hpp
[6.169s] -- Up-to-date: /workspaces/diffbot/ros2_ws/install/controller_manager_msgs/include/controller_manager_msgs/controller_manager_msgs/srv/list_hardware_components.hpp
[6.169s] -- Up-to-date: /workspaces/diffbot/ros2_ws/install/controller_manager_msgs/include/controller_manager_msgs/controller_manager_msgs/srv/reload_controller_libraries.hpp
[6.169s] -- Up-to-date: /workspaces/diffbot/ros2_ws/install/controller_manager_msgs/include/controller_manager_msgs/controller_manager_msgs/srv/switch_controller.hpp
[6.170s] -- Up-to-date: /workspaces/diffbot/ros2_ws/install/controller_manager_msgs/include/controller_manager_msgs/controller_manager_msgs/srv/detail
[6.170s] -- Up-to-date: /workspaces/diffbot/ros2_ws/install/controller_manager_msgs/include/controller_manager_msgs/controller_manager_msgs/srv/detail/list_hardware_interfaces__struct.hpp
[6.170s] -- Up-to-date: /workspaces/diffbot/ros2_ws/install/controller_manager_msgs/include/controller_manager_msgs/controller_manager_msgs/srv/detail/list_hardware_components__traits.hpp
[6.171s] -- Up-to-date: /workspaces/diffbot/ros2_ws/install/controller_manager_msgs/include/controller_manager_msgs/controller_manager_msgs/srv/detail/list_controllers__builder.hpp
[6.171s] -- Up-to-date: /workspaces/diffbot/ros2_ws/install/controller_manager_msgs/include/controller_manager_msgs/controller_manager_msgs/srv/detail/reload_controller_libraries__struct.hpp
[6.171s] -- Up-to-date: /workspaces/diffbot/ros2_ws/install/controller_manager_msgs/include/controller_manager_msgs/controller_manager_msgs/srv/detail/load_controller__struct.hpp
[6.171s] -- Up-to-date: /workspaces/diffbot/ros2_ws/install/controller_manager_msgs/include/controller_manager_msgs/controller_manager_msgs/srv/detail/unload_controller__builder.hpp
[6.172s] -- Up-to-date: /workspaces/diffbot/ros2_ws/install/controller_manager_msgs/include/controller_manager_msgs/controller_manager_msgs/srv/detail/set_hardware_component_state__builder.hpp
[6.172s] -- Up-to-date: /workspaces/diffbot/ros2_ws/install/controller_manager_msgs/include/controller_manager_msgs/controller_manager_msgs/srv/detail/switch_controller__builder.hpp
[6.173s] -- Up-to-date: /workspaces/diffbot/ros2_ws/install/controller_manager_msgs/include/controller_manager_msgs/controller_manager_msgs/srv/detail/switch_controller__traits.hpp
[6.173s] -- Up-to-date: /workspaces/diffbot/ros2_ws/install/controller_manager_msgs/include/controller_manager_msgs/controller_manager_msgs/srv/detail/list_controllers__traits.hpp
[6.173s] -- Up-to-date: /workspaces/diffbot/ros2_ws/install/controller_manager_msgs/include/controller_manager_msgs/controller_manager_msgs/srv/detail/unload_controller__struct.hpp
[6.174s] -- Up-to-date: /workspaces/diffbot/ros2_ws/install/controller_manager_msgs/include/controller_manager_msgs/controller_manager_msgs/srv/detail/configure_controller__traits.hpp
[6.174s] -- Up-to-date: /workspaces/diffbot/ros2_ws/install/controller_manager_msgs/include/controller_manager_msgs/controller_manager_msgs/srv/detail/list_controllers__struct.hpp
[6.174s] -- Up-to-date: /workspaces/diffbot/ros2_ws/install/controller_manager_msgs/include/controller_manager_msgs/controller_manager_msgs/srv/detail/list_hardware_components__builder.hpp
[6.174s] -- Up-to-date: /workspaces/diffbot/ros2_ws/install/controller_manager_msgs/include/controller_manager_msgs/controller_manager_msgs/srv/detail/reload_controller_libraries__traits.hpp
[6.175s] -- Up-to-date: /workspaces/diffbot/ros2_ws/install/controller_manager_msgs/include/controller_manager_msgs/controller_manager_msgs/srv/detail/reload_controller_libraries__builder.hpp
[6.175s] -- Up-to-date: /workspaces/diffbot/ros2_ws/install/controller_manager_msgs/include/controller_manager_msgs/controller_manager_msgs/srv/detail/list_controller_types__traits.hpp
[6.175s] -- Up-to-date: /workspaces/diffbot/ros2_ws/install/controller_manager_msgs/include/controller_manager_msgs/controller_manager_msgs/srv/detail/configure_controller__builder.hpp
[6.175s] -- Up-to-date: /workspaces/diffbot/ros2_ws/install/controller_manager_msgs/include/controller_manager_msgs/controller_manager_msgs/srv/detail/load_controller__builder.hpp
[6.175s] -- Up-to-date: /workspaces/diffbot/ros2_ws/install/controller_manager_msgs/include/controller_manager_msgs/controller_manager_msgs/srv/detail/unload_controller__traits.hpp
[6.175s] -- Up-to-date: /workspaces/diffbot/ros2_ws/install/controller_manager_msgs/include/controller_manager_msgs/controller_manager_msgs/srv/detail/load_controller__traits.hpp
[6.176s] -- Up-to-date: /workspaces/diffbot/ros2_ws/install/controller_manager_msgs/include/controller_manager_msgs/controller_manager_msgs/srv/detail/list_hardware_interfaces__traits.hpp
[6.176s] -- Up-to-date: /workspaces/diffbot/ros2_ws/install/controller_manager_msgs/include/controller_manager_msgs/controller_manager_msgs/srv/detail/set_hardware_component_state__struct.hpp
[6.176s] -- Up-to-date: /workspaces/diffbot/ros2_ws/install/controller_manager_msgs/include/controller_manager_msgs/controller_manager_msgs/srv/detail/list_controller_types__builder.hpp
[6.176s] -- Up-to-date: /workspaces/diffbot/ros2_ws/install/controller_manager_msgs/include/controller_manager_msgs/controller_manager_msgs/srv/detail/list_hardware_interfaces__builder.hpp
[6.176s] -- Up-to-date: /workspaces/diffbot/ros2_ws/install/controller_manager_msgs/include/controller_manager_msgs/controller_manager_msgs/srv/detail/list_hardware_components__struct.hpp
[6.176s] -- Up-to-date: /workspaces/diffbot/ros2_ws/install/controller_manager_msgs/include/controller_manager_msgs/controller_manager_msgs/srv/detail/configure_controller__struct.hpp
[6.177s] -- Up-to-date: /workspaces/diffbot/ros2_ws/install/controller_manager_msgs/include/controller_manager_msgs/controller_manager_msgs/srv/detail/set_hardware_component_state__traits.hpp
[6.177s] -- Up-to-date: /workspaces/diffbot/ros2_ws/install/controller_manager_msgs/include/controller_manager_msgs/controller_manager_msgs/srv/detail/list_controller_types__struct.hpp
[6.177s] -- Up-to-date: /workspaces/diffbot/ros2_ws/install/controller_manager_msgs/include/controller_manager_msgs/controller_manager_msgs/srv/detail/switch_controller__struct.hpp
[6.177s] -- Up-to-date: /workspaces/diffbot/ros2_ws/install/controller_manager_msgs/include/controller_manager_msgs/controller_manager_msgs/srv/list_controller_types.hpp
[6.177s] -- Up-to-date: /workspaces/diffbot/ros2_ws/install/controller_manager_msgs/include/controller_manager_msgs/controller_manager_msgs/srv/unload_controller.hpp
[6.177s] -- Up-to-date: /workspaces/diffbot/ros2_ws/install/controller_manager_msgs/include/controller_manager_msgs/controller_manager_msgs/srv/list_hardware_interfaces.hpp
[6.177s] -- Up-to-date: /workspaces/diffbot/ros2_ws/install/controller_manager_msgs/include/controller_manager_msgs/controller_manager_msgs/srv/list_controllers.hpp
[6.178s] -- Up-to-date: /workspaces/diffbot/ros2_ws/install/controller_manager_msgs/include/controller_manager_msgs/controller_manager_msgs
[6.178s] -- Up-to-date: /workspaces/diffbot/ros2_ws/install/controller_manager_msgs/include/controller_manager_msgs/controller_manager_msgs/msg
[6.178s] -- Up-to-date: /workspaces/diffbot/ros2_ws/install/controller_manager_msgs/include/controller_manager_msgs/controller_manager_msgs/msg/detail
[6.178s] -- Up-to-date: /workspaces/diffbot/ros2_ws/install/controller_manager_msgs/include/controller_manager_msgs/controller_manager_msgs/msg/detail/dds_fastrtps
[6.178s] -- Up-to-date: /workspaces/diffbot/ros2_ws/install/controller_manager_msgs/include/controller_manager_msgs/controller_manager_msgs/msg/detail/chain_connection__rosidl_typesupport_fastrtps_cpp.hpp
[6.179s] -- Up-to-date: /workspaces/diffbot/ros2_ws/install/controller_manager_msgs/include/controller_manager_msgs/controller_manager_msgs/msg/detail/controller_state__rosidl_typesupport_fastrtps_cpp.hpp
[6.179s] -- Up-to-date: /workspaces/diffbot/ros2_ws/install/controller_manager_msgs/include/controller_manager_msgs/controller_manager_msgs/msg/detail/hardware_interface__rosidl_typesupport_fastrtps_cpp.hpp
[6.179s] -- Up-to-date: /workspaces/diffbot/ros2_ws/install/controller_manager_msgs/include/controller_manager_msgs/controller_manager_msgs/msg/detail/hardware_component_state__rosidl_typesupport_fastrtps_cpp.hpp
[6.179s] -- Up-to-date: /workspaces/diffbot/ros2_ws/install/controller_manager_msgs/include/controller_manager_msgs/controller_manager_msgs/msg/rosidl_typesupport_fastrtps_cpp__visibility_control.h
[6.180s] -- Up-to-date: /workspaces/diffbot/ros2_ws/install/controller_manager_msgs/include/controller_manager_msgs/controller_manager_msgs/srv
[6.180s] -- Up-to-date: /workspaces/diffbot/ros2_ws/install/controller_manager_msgs/include/controller_manager_msgs/controller_manager_msgs/srv/detail
[6.180s] -- Up-to-date: /workspaces/diffbot/ros2_ws/install/controller_manager_msgs/include/controller_manager_msgs/controller_manager_msgs/srv/detail/list_hardware_interfaces__rosidl_typesupport_fastrtps_cpp.hpp
[6.180s] -- Up-to-date: /workspaces/diffbot/ros2_ws/install/controller_manager_msgs/include/controller_manager_msgs/controller_manager_msgs/srv/detail/unload_controller__rosidl_typesupport_fastrtps_cpp.hpp
[6.180s] -- Up-to-date: /workspaces/diffbot/ros2_ws/install/controller_manager_msgs/include/controller_manager_msgs/controller_manager_msgs/srv/detail/list_hardware_components__rosidl_typesupport_fastrtps_cpp.hpp
[6.181s] -- Up-to-date: /workspaces/diffbot/ros2_ws/install/controller_manager_msgs/include/controller_manager_msgs/controller_manager_msgs/srv/detail/dds_fastrtps
[6.181s] -- Up-to-date: /workspaces/diffbot/ros2_ws/install/controller_manager_msgs/include/controller_manager_msgs/controller_manager_msgs/srv/detail/reload_controller_libraries__rosidl_typesupport_fastrtps_cpp.hpp
[6.181s] -- Up-to-date: /workspaces/diffbot/ros2_ws/install/controller_manager_msgs/include/controller_manager_msgs/controller_manager_msgs/srv/detail/list_controllers__rosidl_typesupport_fastrtps_cpp.hpp
[6.181s] -- Up-to-date: /workspaces/diffbot/ros2_ws/install/controller_manager_msgs/include/controller_manager_msgs/controller_manager_msgs/srv/detail/list_controller_types__rosidl_typesupport_fastrtps_cpp.hpp
[6.182s] -- Up-to-date: /workspaces/diffbot/ros2_ws/install/controller_manager_msgs/include/controller_manager_msgs/controller_manager_msgs/srv/detail/load_controller__rosidl_typesupport_fastrtps_cpp.hpp
[6.182s] -- Up-to-date: /workspaces/diffbot/ros2_ws/install/controller_manager_msgs/include/controller_manager_msgs/controller_manager_msgs/srv/detail/configure_controller__rosidl_typesupport_fastrtps_cpp.hpp
[6.182s] -- Up-to-date: /workspaces/diffbot/ros2_ws/install/controller_manager_msgs/include/controller_manager_msgs/controller_manager_msgs/srv/detail/set_hardware_component_state__rosidl_typesupport_fastrtps_cpp.hpp
[6.182s] -- Up-to-date: /workspaces/diffbot/ros2_ws/install/controller_manager_msgs/include/controller_manager_msgs/controller_manager_msgs/srv/detail/switch_controller__rosidl_typesupport_fastrtps_cpp.hpp
[6.182s] -- Up-to-date: /workspaces/diffbot/ros2_ws/install/controller_manager_msgs/lib/libcontroller_manager_msgs__rosidl_typesupport_fastrtps_cpp.so
[6.182s] -- Up-to-date: /workspaces/diffbot/ros2_ws/install/controller_manager_msgs/include/controller_manager_msgs/controller_manager_msgs
[6.182s] -- Up-to-date: /workspaces/diffbot/ros2_ws/install/controller_manager_msgs/include/controller_manager_msgs/controller_manager_msgs/msg
[6.183s] -- Up-to-date: /workspaces/diffbot/ros2_ws/install/controller_manager_msgs/include/controller_manager_msgs/controller_manager_msgs/msg/rosidl_typesupport_introspection_c__visibility_control.h
[6.183s] -- Up-to-date: /workspaces/diffbot/ros2_ws/install/controller_manager_msgs/include/controller_manager_msgs/controller_manager_msgs/msg/detail
[6.183s] -- Up-to-date: /workspaces/diffbot/ros2_ws/install/controller_manager_msgs/include/controller_manager_msgs/controller_manager_msgs/msg/detail/hardware_component_state__rosidl_typesupport_introspection_c.h
[6.183s] -- Up-to-date: /workspaces/diffbot/ros2_ws/install/controller_manager_msgs/include/controller_manager_msgs/controller_manager_msgs/msg/detail/controller_state__rosidl_typesupport_introspection_c.h
[6.183s] -- Up-to-date: /workspaces/diffbot/ros2_ws/install/controller_manager_msgs/include/controller_manager_msgs/controller_manager_msgs/msg/detail/controller_state__type_support.c
[6.183s] -- Up-to-date: /workspaces/diffbot/ros2_ws/install/controller_manager_msgs/include/controller_manager_msgs/controller_manager_msgs/msg/detail/hardware_component_state__type_support.c
[6.184s] -- Up-to-date: /workspaces/diffbot/ros2_ws/install/controller_manager_msgs/include/controller_manager_msgs/controller_manager_msgs/msg/detail/chain_connection__rosidl_typesupport_introspection_c.h
[6.184s] -- Up-to-date: /workspaces/diffbot/ros2_ws/install/controller_manager_msgs/include/controller_manager_msgs/controller_manager_msgs/msg/detail/chain_connection__type_support.c
[6.184s] -- Up-to-date: /workspaces/diffbot/ros2_ws/install/controller_manager_msgs/include/controller_manager_msgs/controller_manager_msgs/msg/detail/hardware_interface__type_support.c
[6.184s] -- Up-to-date: /workspaces/diffbot/ros2_ws/install/controller_manager_msgs/include/controller_manager_msgs/controller_manager_msgs/msg/detail/hardware_interface__rosidl_typesupport_introspection_c.h
[6.184s] -- Up-to-date: /workspaces/diffbot/ros2_ws/install/controller_manager_msgs/include/controller_manager_msgs/controller_manager_msgs/srv
[6.184s] -- Up-to-date: /workspaces/diffbot/ros2_ws/install/controller_manager_msgs/include/controller_manager_msgs/controller_manager_msgs/srv/detail
[6.185s] -- Up-to-date: /workspaces/diffbot/ros2_ws/install/controller_manager_msgs/include/controller_manager_msgs/controller_manager_msgs/srv/detail/list_controllers__rosidl_typesupport_introspection_c.h
[6.185s] -- Up-to-date: /workspaces/diffbot/ros2_ws/install/controller_manager_msgs/include/controller_manager_msgs/controller_manager_msgs/srv/detail/configure_controller__type_support.c
[6.185s] -- Up-to-date: /workspaces/diffbot/ros2_ws/install/controller_manager_msgs/include/controller_manager_msgs/controller_manager_msgs/srv/detail/unload_controller__rosidl_typesupport_introspection_c.h
[6.185s] -- Up-to-date: /workspaces/diffbot/ros2_ws/install/controller_manager_msgs/include/controller_manager_msgs/controller_manager_msgs/srv/detail/load_controller__rosidl_typesupport_introspection_c.h
[6.185s] -- Up-to-date: /workspaces/diffbot/ros2_ws/install/controller_manager_msgs/include/controller_manager_msgs/controller_manager_msgs/srv/detail/list_controllers__type_support.c
[6.185s] -- Up-to-date: /workspaces/diffbot/ros2_ws/install/controller_manager_msgs/include/controller_manager_msgs/controller_manager_msgs/srv/detail/set_hardware_component_state__rosidl_typesupport_introspection_c.h
[6.186s] -- Up-to-date: /workspaces/diffbot/ros2_ws/install/controller_manager_msgs/include/controller_manager_msgs/controller_manager_msgs/srv/detail/list_controller_types__type_support.c
[6.186s] -- Up-to-date: /workspaces/diffbot/ros2_ws/install/controller_manager_msgs/include/controller_manager_msgs/controller_manager_msgs/srv/detail/load_controller__type_support.c
[6.186s] -- Up-to-date: /workspaces/diffbot/ros2_ws/install/controller_manager_msgs/include/controller_manager_msgs/controller_manager_msgs/srv/detail/list_hardware_interfaces__rosidl_typesupport_introspection_c.h
[6.186s] -- Up-to-date: /workspaces/diffbot/ros2_ws/install/controller_manager_msgs/include/controller_manager_msgs/controller_manager_msgs/srv/detail/configure_controller__rosidl_typesupport_introspection_c.h
[6.186s] -- Up-to-date: /workspaces/diffbot/ros2_ws/install/controller_manager_msgs/include/controller_manager_msgs/controller_manager_msgs/srv/detail/reload_controller_libraries__rosidl_typesupport_introspection_c.h
[6.186s] -- Up-to-date: /workspaces/diffbot/ros2_ws/install/controller_manager_msgs/include/controller_manager_msgs/controller_manager_msgs/srv/detail/set_hardware_component_state__type_support.c
[6.186s] -- Up-to-date: /workspaces/diffbot/ros2_ws/install/controller_manager_msgs/include/controller_manager_msgs/controller_manager_msgs/srv/detail/unload_controller__type_support.c
[6.187s] -- Up-to-date: /workspaces/diffbot/ros2_ws/install/controller_manager_msgs/include/controller_manager_msgs/controller_manager_msgs/srv/detail/list_hardware_interfaces__type_support.c
[6.187s] -- Up-to-date: /workspaces/diffbot/ros2_ws/install/controller_manager_msgs/include/controller_manager_msgs/controller_manager_msgs/srv/detail/switch_controller__type_support.c
[6.187s] -- Up-to-date: /workspaces/diffbot/ros2_ws/install/controller_manager_msgs/include/controller_manager_msgs/controller_manager_msgs/srv/detail/list_hardware_components__type_support.c
[6.187s] -- Up-to-date: /workspaces/diffbot/ros2_ws/install/controller_manager_msgs/include/controller_manager_msgs/controller_manager_msgs/srv/detail/list_controller_types__rosidl_typesupport_introspection_c.h
[6.187s] -- Up-to-date: /workspaces/diffbot/ros2_ws/install/controller_manager_msgs/include/controller_manager_msgs/controller_manager_msgs/srv/detail/reload_controller_libraries__type_support.c
[6.187s] -- Up-to-date: /workspaces/diffbot/ros2_ws/install/controller_manager_msgs/include/controller_manager_msgs/controller_manager_msgs/srv/detail/switch_controller__rosidl_typesupport_introspection_c.h
[6.188s] -- Up-to-date: /workspaces/diffbot/ros2_ws/install/controller_manager_msgs/include/controller_manager_msgs/controller_manager_msgs/srv/detail/list_hardware_components__rosidl_typesupport_introspection_c.h
[6.188s] -- Up-to-date: /workspaces/diffbot/ros2_ws/install/controller_manager_msgs/lib/libcontroller_manager_msgs__rosidl_typesupport_introspection_c.so
[6.188s] -- Up-to-date: /workspaces/diffbot/ros2_ws/install/controller_manager_msgs/lib/libcontroller_manager_msgs__rosidl_typesupport_c.so
[6.188s] -- Up-to-date: /workspaces/diffbot/ros2_ws/install/controller_manager_msgs/include/controller_manager_msgs/controller_manager_msgs
[6.188s] -- Up-to-date: /workspaces/diffbot/ros2_ws/install/controller_manager_msgs/include/controller_manager_msgs/controller_manager_msgs/msg
[6.188s] -- Up-to-date: /workspaces/diffbot/ros2_ws/install/controller_manager_msgs/include/controller_manager_msgs/controller_manager_msgs/msg/detail
[6.189s] -- Up-to-date: /workspaces/diffbot/ros2_ws/install/controller_manager_msgs/include/controller_manager_msgs/controller_manager_msgs/msg/detail/hardware_component_state__type_support.cpp
[6.189s] -- Up-to-date: /workspaces/diffbot/ros2_ws/install/controller_manager_msgs/include/controller_manager_msgs/controller_manager_msgs/msg/detail/controller_state__type_support.cpp
[6.189s] -- Up-to-date: /workspaces/diffbot/ros2_ws/install/controller_manager_msgs/include/controller_manager_msgs/controller_manager_msgs/msg/detail/hardware_interface__type_support.cpp
[6.189s] -- Up-to-date: /workspaces/diffbot/ros2_ws/install/controller_manager_msgs/include/controller_manager_msgs/controller_manager_msgs/msg/detail/chain_connection__type_support.cpp
[6.189s] -- Up-to-date: /workspaces/diffbot/ros2_ws/install/controller_manager_msgs/include/controller_manager_msgs/controller_manager_msgs/msg/detail/hardware_component_state__rosidl_typesupport_introspection_cpp.hpp
[6.189s] -- Up-to-date: /workspaces/diffbot/ros2_ws/install/controller_manager_msgs/include/controller_manager_msgs/controller_manager_msgs/msg/detail/controller_state__rosidl_typesupport_introspection_cpp.hpp
[6.190s] -- Up-to-date: /workspaces/diffbot/ros2_ws/install/controller_manager_msgs/include/controller_manager_msgs/controller_manager_msgs/msg/detail/chain_connection__rosidl_typesupport_introspection_cpp.hpp
[6.190s] -- Up-to-date: /workspaces/diffbot/ros2_ws/install/controller_manager_msgs/include/controller_manager_msgs/controller_manager_msgs/msg/detail/hardware_interface__rosidl_typesupport_introspection_cpp.hpp
[6.190s] -- Up-to-date: /workspaces/diffbot/ros2_ws/install/controller_manager_msgs/include/controller_manager_msgs/controller_manager_msgs/srv
[6.190s] -- Up-to-date: /workspaces/diffbot/ros2_ws/install/controller_manager_msgs/include/controller_manager_msgs/controller_manager_msgs/srv/detail
[6.190s] -- Up-to-date: /workspaces/diffbot/ros2_ws/install/controller_manager_msgs/include/controller_manager_msgs/controller_manager_msgs/srv/detail/unload_controller__rosidl_typesupport_introspection_cpp.hpp
[6.190s] -- Up-to-date: /workspaces/diffbot/ros2_ws/install/controller_manager_msgs/include/controller_manager_msgs/controller_manager_msgs/srv/detail/list_controller_types__rosidl_typesupport_introspection_cpp.hpp
[6.191s] -- Up-to-date: /workspaces/diffbot/ros2_ws/install/controller_manager_msgs/include/controller_manager_msgs/controller_manager_msgs/srv/detail/switch_controller__rosidl_typesupport_introspection_cpp.hpp
[6.191s] -- Up-to-date: /workspaces/diffbot/ros2_ws/install/controller_manager_msgs/include/controller_manager_msgs/controller_manager_msgs/srv/detail/list_hardware_interfaces__type_support.cpp
[6.191s] -- Up-to-date: /workspaces/diffbot/ros2_ws/install/controller_manager_msgs/include/controller_manager_msgs/controller_manager_msgs/srv/detail/list_hardware_components__type_support.cpp
[6.191s] -- Up-to-date: /workspaces/diffbot/ros2_ws/install/controller_manager_msgs/include/controller_manager_msgs/controller_manager_msgs/srv/detail/list_controllers__rosidl_typesupport_introspection_cpp.hpp
[6.191s] -- Up-to-date: /workspaces/diffbot/ros2_ws/install/controller_manager_msgs/include/controller_manager_msgs/controller_manager_msgs/srv/detail/list_hardware_components__rosidl_typesupport_introspection_cpp.hpp
[6.191s] -- Up-to-date: /workspaces/diffbot/ros2_ws/install/controller_manager_msgs/include/controller_manager_msgs/controller_manager_msgs/srv/detail/switch_controller__type_support.cpp
[6.192s] -- Up-to-date: /workspaces/diffbot/ros2_ws/install/controller_manager_msgs/include/controller_manager_msgs/controller_manager_msgs/srv/detail/configure_controller__rosidl_typesupport_introspection_cpp.hpp
[6.192s] -- Up-to-date: /workspaces/diffbot/ros2_ws/install/controller_manager_msgs/include/controller_manager_msgs/controller_manager_msgs/srv/detail/reload_controller_libraries__rosidl_typesupport_introspection_cpp.hpp
[6.192s] -- Up-to-date: /workspaces/diffbot/ros2_ws/install/controller_manager_msgs/include/controller_manager_msgs/controller_manager_msgs/srv/detail/configure_controller__type_support.cpp
[6.192s] -- Up-to-date: /workspaces/diffbot/ros2_ws/install/controller_manager_msgs/include/controller_manager_msgs/controller_manager_msgs/srv/detail/load_controller__rosidl_typesupport_introspection_cpp.hpp
[6.192s] -- Up-to-date: /workspaces/diffbot/ros2_ws/install/controller_manager_msgs/include/controller_manager_msgs/controller_manager_msgs/srv/detail/load_controller__type_support.cpp
[6.192s] -- Up-to-date: /workspaces/diffbot/ros2_ws/install/controller_manager_msgs/include/controller_manager_msgs/controller_manager_msgs/srv/detail/set_hardware_component_state__type_support.cpp
[6.193s] -- Up-to-date: /workspaces/diffbot/ros2_ws/install/controller_manager_msgs/include/controller_manager_msgs/controller_manager_msgs/srv/detail/reload_controller_libraries__type_support.cpp
[6.193s] -- Up-to-date: /workspaces/diffbot/ros2_ws/install/controller_manager_msgs/include/controller_manager_msgs/controller_manager_msgs/srv/detail/list_controller_types__type_support.cpp
[6.193s] -- Up-to-date: /workspaces/diffbot/ros2_ws/install/controller_manager_msgs/include/controller_manager_msgs/controller_manager_msgs/srv/detail/set_hardware_component_state__rosidl_typesupport_introspection_cpp.hpp
[6.193s] -- Up-to-date: /workspaces/diffbot/ros2_ws/install/controller_manager_msgs/include/controller_manager_msgs/controller_manager_msgs/srv/detail/unload_controller__type_support.cpp
[6.193s] -- Up-to-date: /workspaces/diffbot/ros2_ws/install/controller_manager_msgs/include/controller_manager_msgs/controller_manager_msgs/srv/detail/list_controllers__type_support.cpp
[6.193s] -- Up-to-date: /workspaces/diffbot/ros2_ws/install/controller_manager_msgs/include/controller_manager_msgs/controller_manager_msgs/srv/detail/list_hardware_interfaces__rosidl_typesupport_introspection_cpp.hpp
[6.194s] -- Up-to-date: /workspaces/diffbot/ros2_ws/install/controller_manager_msgs/lib/libcontroller_manager_msgs__rosidl_typesupport_introspection_cpp.so
[6.194s] -- Up-to-date: /workspaces/diffbot/ros2_ws/install/controller_manager_msgs/lib/libcontroller_manager_msgs__rosidl_typesupport_cpp.so
[6.194s] -- Up-to-date: /workspaces/diffbot/ros2_ws/install/controller_manager_msgs/share/controller_manager_msgs/environment/pythonpath.sh
[6.194s] -- Up-to-date: /workspaces/diffbot/ros2_ws/install/controller_manager_msgs/share/controller_manager_msgs/environment/pythonpath.dsv
[6.194s] -- Up-to-date: /workspaces/diffbot/ros2_ws/install/controller_manager_msgs/local/lib/python3.10/dist-packages/controller_manager_msgs-2.30.0-py3.10.egg-info
[6.194s] -- Installing: /workspaces/diffbot/ros2_ws/install/controller_manager_msgs/local/lib/python3.10/dist-packages/controller_manager_msgs-2.30.0-py3.10.egg-info/top_level.txt
[6.195s] -- Installing: /workspaces/diffbot/ros2_ws/install/controller_manager_msgs/local/lib/python3.10/dist-packages/controller_manager_msgs-2.30.0-py3.10.egg-info/dependency_links.txt
[6.195s] -- Installing: /workspaces/diffbot/ros2_ws/install/controller_manager_msgs/local/lib/python3.10/dist-packages/controller_manager_msgs-2.30.0-py3.10.egg-info/PKG-INFO
[6.195s] -- Installing: /workspaces/diffbot/ros2_ws/install/controller_manager_msgs/local/lib/python3.10/dist-packages/controller_manager_msgs-2.30.0-py3.10.egg-info/SOURCES.txt
[6.195s] -- Up-to-date: /workspaces/diffbot/ros2_ws/install/controller_manager_msgs/local/lib/python3.10/dist-packages/controller_manager_msgs
[6.195s] -- Up-to-date: /workspaces/diffbot/ros2_ws/install/controller_manager_msgs/local/lib/python3.10/dist-packages/controller_manager_msgs/msg
[6.195s] -- Up-to-date: /workspaces/diffbot/ros2_ws/install/controller_manager_msgs/local/lib/python3.10/dist-packages/controller_manager_msgs/msg/_hardware_interface_s.c
[6.196s] -- Up-to-date: /workspaces/diffbot/ros2_ws/install/controller_manager_msgs/local/lib/python3.10/dist-packages/controller_manager_msgs/msg/_chain_connection.py
[6.210s] -- Up-to-date: /workspaces/diffbot/ros2_ws/install/controller_manager_msgs/local/lib/python3.10/dist-packages/controller_manager_msgs/msg/_hardware_component_state_s.c
[6.210s] -- Up-to-date: /workspaces/diffbot/ros2_ws/install/controller_manager_msgs/local/lib/python3.10/dist-packages/controller_manager_msgs/msg/_hardware_component_state.py
[6.210s] -- Up-to-date: /workspaces/diffbot/ros2_ws/install/controller_manager_msgs/local/lib/python3.10/dist-packages/controller_manager_msgs/msg/_hardware_interface.py
[6.210s] -- Up-to-date: /workspaces/diffbot/ros2_ws/install/controller_manager_msgs/local/lib/python3.10/dist-packages/controller_manager_msgs/msg/_chain_connection_s.c
[6.210s] -- Up-to-date: /workspaces/diffbot/ros2_ws/install/controller_manager_msgs/local/lib/python3.10/dist-packages/controller_manager_msgs/msg/_controller_state.py
[6.211s] -- Up-to-date: /workspaces/diffbot/ros2_ws/install/controller_manager_msgs/local/lib/python3.10/dist-packages/controller_manager_msgs/msg/_controller_state_s.c
[6.211s] -- Up-to-date: /workspaces/diffbot/ros2_ws/install/controller_manager_msgs/local/lib/python3.10/dist-packages/controller_manager_msgs/msg/__init__.py
[6.211s] -- Up-to-date: /workspaces/diffbot/ros2_ws/install/controller_manager_msgs/local/lib/python3.10/dist-packages/controller_manager_msgs/srv
[6.211s] -- Up-to-date: /workspaces/diffbot/ros2_ws/install/controller_manager_msgs/local/lib/python3.10/dist-packages/controller_manager_msgs/srv/_configure_controller_s.c
[6.211s] -- Up-to-date: /workspaces/diffbot/ros2_ws/install/controller_manager_msgs/local/lib/python3.10/dist-packages/controller_manager_msgs/srv/_load_controller_s.c
[6.211s] -- Up-to-date: /workspaces/diffbot/ros2_ws/install/controller_manager_msgs/local/lib/python3.10/dist-packages/controller_manager_msgs/srv/_list_controller_types.py
[6.211s] -- Up-to-date: /workspaces/diffbot/ros2_ws/install/controller_manager_msgs/local/lib/python3.10/dist-packages/controller_manager_msgs/srv/_set_hardware_component_state_s.c
[6.211s] -- Up-to-date: /workspaces/diffbot/ros2_ws/install/controller_manager_msgs/local/lib/python3.10/dist-packages/controller_manager_msgs/srv/_list_hardware_components.py
[6.212s] -- Up-to-date: /workspaces/diffbot/ros2_ws/install/controller_manager_msgs/local/lib/python3.10/dist-packages/controller_manager_msgs/srv/_unload_controller_s.c
[6.212s] -- Up-to-date: /workspaces/diffbot/ros2_ws/install/controller_manager_msgs/local/lib/python3.10/dist-packages/controller_manager_msgs/srv/_list_controllers_s.c
[6.212s] -- Up-to-date: /workspaces/diffbot/ros2_ws/install/controller_manager_msgs/local/lib/python3.10/dist-packages/controller_manager_msgs/srv/_load_controller.py
[6.212s] -- Up-to-date: /workspaces/diffbot/ros2_ws/install/controller_manager_msgs/local/lib/python3.10/dist-packages/controller_manager_msgs/srv/_list_hardware_interfaces.py
[6.212s] -- Up-to-date: /workspaces/diffbot/ros2_ws/install/controller_manager_msgs/local/lib/python3.10/dist-packages/controller_manager_msgs/srv/_list_controller_types_s.c
[6.212s] -- Up-to-date: /workspaces/diffbot/ros2_ws/install/controller_manager_msgs/local/lib/python3.10/dist-packages/controller_manager_msgs/srv/_configure_controller.py
[6.212s] -- Up-to-date: /workspaces/diffbot/ros2_ws/install/controller_manager_msgs/local/lib/python3.10/dist-packages/controller_manager_msgs/srv/_list_controllers.py
[6.213s] -- Up-to-date: /workspaces/diffbot/ros2_ws/install/controller_manager_msgs/local/lib/python3.10/dist-packages/controller_manager_msgs/srv/_list_hardware_interfaces_s.c
[6.213s] -- Up-to-date: /workspaces/diffbot/ros2_ws/install/controller_manager_msgs/local/lib/python3.10/dist-packages/controller_manager_msgs/srv/__init__.py
[6.213s] -- Up-to-date: /workspaces/diffbot/ros2_ws/install/controller_manager_msgs/local/lib/python3.10/dist-packages/controller_manager_msgs/srv/_list_hardware_components_s.c
[6.213s] -- Up-to-date: /workspaces/diffbot/ros2_ws/install/controller_manager_msgs/local/lib/python3.10/dist-packages/controller_manager_msgs/srv/_reload_controller_libraries_s.c
[6.213s] -- Up-to-date: /workspaces/diffbot/ros2_ws/install/controller_manager_msgs/local/lib/python3.10/dist-packages/controller_manager_msgs/srv/_switch_controller.py
[6.213s] -- Up-to-date: /workspaces/diffbot/ros2_ws/install/controller_manager_msgs/local/lib/python3.10/dist-packages/controller_manager_msgs/srv/_unload_controller.py
[6.213s] -- Up-to-date: /workspaces/diffbot/ros2_ws/install/controller_manager_msgs/local/lib/python3.10/dist-packages/controller_manager_msgs/srv/_set_hardware_component_state.py
[6.214s] -- Up-to-date: /workspaces/diffbot/ros2_ws/install/controller_manager_msgs/local/lib/python3.10/dist-packages/controller_manager_msgs/srv/_reload_controller_libraries.py
[6.214s] -- Up-to-date: /workspaces/diffbot/ros2_ws/install/controller_manager_msgs/local/lib/python3.10/dist-packages/controller_manager_msgs/srv/_switch_controller_s.c
[6.214s] -- Up-to-date: /workspaces/diffbot/ros2_ws/install/controller_manager_msgs/local/lib/python3.10/dist-packages/controller_manager_msgs/controller_manager_msgs_s__rosidl_typesupport_c.cpython-310-x86_64-linux-gnu.so
[6.214s] -- Up-to-date: /workspaces/diffbot/ros2_ws/install/controller_manager_msgs/local/lib/python3.10/dist-packages/controller_manager_msgs/controller_manager_msgs_s__rosidl_typesupport_fastrtps_c.cpython-310-x86_64-linux-gnu.so
[6.214s] -- Up-to-date: /workspaces/diffbot/ros2_ws/install/controller_manager_msgs/local/lib/python3.10/dist-packages/controller_manager_msgs/_controller_manager_msgs_s.ep.rosidl_typesupport_introspection_c.c
[6.214s] -- Up-to-date: /workspaces/diffbot/ros2_ws/install/controller_manager_msgs/local/lib/python3.10/dist-packages/controller_manager_msgs/_controller_manager_msgs_s.ep.rosidl_typesupport_c.c
[6.214s] -- Up-to-date: /workspaces/diffbot/ros2_ws/install/controller_manager_msgs/local/lib/python3.10/dist-packages/controller_manager_msgs/controller_manager_msgs_s__rosidl_typesupport_introspection_c.cpython-310-x86_64-linux-gnu.so
[6.215s] -- Up-to-date: /workspaces/diffbot/ros2_ws/install/controller_manager_msgs/local/lib/python3.10/dist-packages/controller_manager_msgs/__init__.py
[6.215s] -- Up-to-date: /workspaces/diffbot/ros2_ws/install/controller_manager_msgs/local/lib/python3.10/dist-packages/controller_manager_msgs/_controller_manager_msgs_s.ep.rosidl_typesupport_fastrtps_c.c
[6.215s] -- Up-to-date: /workspaces/diffbot/ros2_ws/install/controller_manager_msgs/local/lib/python3.10/dist-packages/controller_manager_msgs/libcontroller_manager_msgs__rosidl_generator_py.so
[6.284s] Listing '/workspaces/diffbot/ros2_ws/install/controller_manager_msgs/local/lib/python3.10/dist-packages/controller_manager_msgs'...
[6.284s] Listing '/workspaces/diffbot/ros2_ws/install/controller_manager_msgs/local/lib/python3.10/dist-packages/controller_manager_msgs/msg'...
[6.285s] Listing '/workspaces/diffbot/ros2_ws/install/controller_manager_msgs/local/lib/python3.10/dist-packages/controller_manager_msgs/srv'...
[6.298s] -- Up-to-date: /workspaces/diffbot/ros2_ws/install/controller_manager_msgs/local/lib/python3.10/dist-packages/controller_manager_msgs/controller_manager_msgs_s__rosidl_typesupport_fastrtps_c.cpython-310-x86_64-linux-gnu.so
[6.298s] -- Up-to-date: /workspaces/diffbot/ros2_ws/install/controller_manager_msgs/local/lib/python3.10/dist-packages/controller_manager_msgs/controller_manager_msgs_s__rosidl_typesupport_introspection_c.cpython-310-x86_64-linux-gnu.so
[6.301s] -- Up-to-date: /workspaces/diffbot/ros2_ws/install/controller_manager_msgs/local/lib/python3.10/dist-packages/controller_manager_msgs/controller_manager_msgs_s__rosidl_typesupport_c.cpython-310-x86_64-linux-gnu.so
[6.306s] -- Up-to-date: /workspaces/diffbot/ros2_ws/install/controller_manager_msgs/lib/libcontroller_manager_msgs__rosidl_generator_py.so
[6.310s] -- Up-to-date: /workspaces/diffbot/ros2_ws/install/controller_manager_msgs/share/controller_manager_msgs/msg/ControllerState.idl
[6.310s] -- Up-to-date: /workspaces/diffbot/ros2_ws/install/controller_manager_msgs/share/controller_manager_msgs/msg/ChainConnection.idl
[6.310s] -- Up-to-date: /workspaces/diffbot/ros2_ws/install/controller_manager_msgs/share/controller_manager_msgs/msg/HardwareComponentState.idl
[6.310s] -- Up-to-date: /workspaces/diffbot/ros2_ws/install/controller_manager_msgs/share/controller_manager_msgs/msg/HardwareInterface.idl
[6.311s] -- Up-to-date: /workspaces/diffbot/ros2_ws/install/controller_manager_msgs/share/controller_manager_msgs/srv/ConfigureController.idl
[6.311s] -- Up-to-date: /workspaces/diffbot/ros2_ws/install/controller_manager_msgs/share/controller_manager_msgs/srv/ListControllers.idl
[6.311s] -- Up-to-date: /workspaces/diffbot/ros2_ws/install/controller_manager_msgs/share/controller_manager_msgs/srv/ListControllerTypes.idl
[6.311s] -- Up-to-date: /workspaces/diffbot/ros2_ws/install/controller_manager_msgs/share/controller_manager_msgs/srv/ListHardwareComponents.idl
[6.312s] -- Up-to-date: /workspaces/diffbot/ros2_ws/install/controller_manager_msgs/share/controller_manager_msgs/srv/ListHardwareInterfaces.idl
[6.312s] -- Up-to-date: /workspaces/diffbot/ros2_ws/install/controller_manager_msgs/share/controller_manager_msgs/srv/LoadController.idl
[6.312s] -- Up-to-date: /workspaces/diffbot/ros2_ws/install/controller_manager_msgs/share/controller_manager_msgs/srv/ReloadControllerLibraries.idl
[6.312s] -- Up-to-date: /workspaces/diffbot/ros2_ws/install/controller_manager_msgs/share/controller_manager_msgs/srv/SetHardwareComponentState.idl
[6.312s] -- Up-to-date: /workspaces/diffbot/ros2_ws/install/controller_manager_msgs/share/controller_manager_msgs/srv/SwitchController.idl
[6.313s] -- Up-to-date: /workspaces/diffbot/ros2_ws/install/controller_manager_msgs/share/controller_manager_msgs/srv/UnloadController.idl
[6.313s] -- Up-to-date: /workspaces/diffbot/ros2_ws/install/controller_manager_msgs/share/controller_manager_msgs/msg/ControllerState.msg
[6.313s] -- Up-to-date: /workspaces/diffbot/ros2_ws/install/controller_manager_msgs/share/controller_manager_msgs/msg/ChainConnection.msg
[6.313s] -- Up-to-date: /workspaces/diffbot/ros2_ws/install/controller_manager_msgs/share/controller_manager_msgs/msg/HardwareComponentState.msg
[6.315s] -- Up-to-date: /workspaces/diffbot/ros2_ws/install/controller_manager_msgs/share/controller_manager_msgs/msg/HardwareInterface.msg
[6.315s] -- Up-to-date: /workspaces/diffbot/ros2_ws/install/controller_manager_msgs/share/controller_manager_msgs/srv/ConfigureController.srv
[6.316s] -- Up-to-date: /workspaces/diffbot/ros2_ws/install/controller_manager_msgs/share/controller_manager_msgs/srv/ConfigureController_Request.msg
[6.316s] -- Up-to-date: /workspaces/diffbot/ros2_ws/install/controller_manager_msgs/share/controller_manager_msgs/srv/ConfigureController_Response.msg
[6.316s] -- Up-to-date: /workspaces/diffbot/ros2_ws/install/controller_manager_msgs/share/controller_manager_msgs/srv/ListControllers.srv
[6.316s] -- Up-to-date: /workspaces/diffbot/ros2_ws/install/controller_manager_msgs/share/controller_manager_msgs/srv/ListControllers_Request.msg
[6.316s] -- Up-to-date: /workspaces/diffbot/ros2_ws/install/controller_manager_msgs/share/controller_manager_msgs/srv/ListControllers_Response.msg
[6.316s] -- Up-to-date: /workspaces/diffbot/ros2_ws/install/controller_manager_msgs/share/controller_manager_msgs/srv/ListControllerTypes.srv
[6.316s] -- Up-to-date: /workspaces/diffbot/ros2_ws/install/controller_manager_msgs/share/controller_manager_msgs/srv/ListControllerTypes_Request.msg
[6.317s] -- Up-to-date: /workspaces/diffbot/ros2_ws/install/controller_manager_msgs/share/controller_manager_msgs/srv/ListControllerTypes_Response.msg
[6.317s] -- Up-to-date: /workspaces/diffbot/ros2_ws/install/controller_manager_msgs/share/controller_manager_msgs/srv/ListHardwareComponents.srv
[6.317s] -- Up-to-date: /workspaces/diffbot/ros2_ws/install/controller_manager_msgs/share/controller_manager_msgs/srv/ListHardwareComponents_Request.msg
[6.317s] -- Up-to-date: /workspaces/diffbot/ros2_ws/install/controller_manager_msgs/share/controller_manager_msgs/srv/ListHardwareComponents_Response.msg
[6.317s] -- Up-to-date: /workspaces/diffbot/ros2_ws/install/controller_manager_msgs/share/controller_manager_msgs/srv/ListHardwareInterfaces.srv
[6.318s] -- Up-to-date: /workspaces/diffbot/ros2_ws/install/controller_manager_msgs/share/controller_manager_msgs/srv/ListHardwareInterfaces_Request.msg
[6.318s] -- Up-to-date: /workspaces/diffbot/ros2_ws/install/controller_manager_msgs/share/controller_manager_msgs/srv/ListHardwareInterfaces_Response.msg
[6.319s] -- Up-to-date: /workspaces/diffbot/ros2_ws/install/controller_manager_msgs/share/controller_manager_msgs/srv/LoadController.srv
[6.319s] -- Up-to-date: /workspaces/diffbot/ros2_ws/install/controller_manager_msgs/share/controller_manager_msgs/srv/LoadController_Request.msg
[6.320s] -- Up-to-date: /workspaces/diffbot/ros2_ws/install/controller_manager_msgs/share/controller_manager_msgs/srv/LoadController_Response.msg
[6.320s] -- Up-to-date: /workspaces/diffbot/ros2_ws/install/controller_manager_msgs/share/controller_manager_msgs/srv/ReloadControllerLibraries.srv
[6.321s] -- Up-to-date: /workspaces/diffbot/ros2_ws/install/controller_manager_msgs/share/controller_manager_msgs/srv/ReloadControllerLibraries_Request.msg
[6.321s] -- Up-to-date: /workspaces/diffbot/ros2_ws/install/controller_manager_msgs/share/controller_manager_msgs/srv/ReloadControllerLibraries_Response.msg
[6.321s] -- Up-to-date: /workspaces/diffbot/ros2_ws/install/controller_manager_msgs/share/controller_manager_msgs/srv/SetHardwareComponentState.srv
[6.322s] -- Up-to-date: /workspaces/diffbot/ros2_ws/install/controller_manager_msgs/share/controller_manager_msgs/srv/SetHardwareComponentState_Request.msg
[6.322s] -- Up-to-date: /workspaces/diffbot/ros2_ws/install/controller_manager_msgs/share/controller_manager_msgs/srv/SetHardwareComponentState_Response.msg
[6.323s] -- Up-to-date: /workspaces/diffbot/ros2_ws/install/controller_manager_msgs/share/controller_manager_msgs/srv/SwitchController.srv
[6.323s] -- Up-to-date: /workspaces/diffbot/ros2_ws/install/controller_manager_msgs/share/controller_manager_msgs/srv/SwitchController_Request.msg
[6.324s] -- Up-to-date: /workspaces/diffbot/ros2_ws/install/controller_manager_msgs/share/controller_manager_msgs/srv/SwitchController_Response.msg
[6.324s] -- Up-to-date: /workspaces/diffbot/ros2_ws/install/controller_manager_msgs/share/controller_manager_msgs/srv/UnloadController.srv
[6.325s] -- Up-to-date: /workspaces/diffbot/ros2_ws/install/controller_manager_msgs/share/controller_manager_msgs/srv/UnloadController_Request.msg
[6.326s] -- Up-to-date: /workspaces/diffbot/ros2_ws/install/controller_manager_msgs/share/controller_manager_msgs/srv/UnloadController_Response.msg
[6.326s] -- Up-to-date: /workspaces/diffbot/ros2_ws/install/controller_manager_msgs/share/ament_index/resource_index/package_run_dependencies/controller_manager_msgs
[6.327s] -- Up-to-date: /workspaces/diffbot/ros2_ws/install/controller_manager_msgs/share/ament_index/resource_index/parent_prefix_path/controller_manager_msgs
[6.327s] -- Up-to-date: /workspaces/diffbot/ros2_ws/install/controller_manager_msgs/share/controller_manager_msgs/environment/ament_prefix_path.sh
[6.327s] -- Up-to-date: /workspaces/diffbot/ros2_ws/install/controller_manager_msgs/share/controller_manager_msgs/environment/ament_prefix_path.dsv
[6.329s] -- Up-to-date: /workspaces/diffbot/ros2_ws/install/controller_manager_msgs/share/controller_manager_msgs/environment/path.sh
[6.329s] -- Up-to-date: /workspaces/diffbot/ros2_ws/install/controller_manager_msgs/share/controller_manager_msgs/environment/path.dsv
[6.330s] -- Up-to-date: /workspaces/diffbot/ros2_ws/install/controller_manager_msgs/share/controller_manager_msgs/local_setup.bash
[6.330s] -- Up-to-date: /workspaces/diffbot/ros2_ws/install/controller_manager_msgs/share/controller_manager_msgs/local_setup.sh
[6.331s] -- Up-to-date: /workspaces/diffbot/ros2_ws/install/controller_manager_msgs/share/controller_manager_msgs/local_setup.zsh
[6.331s] -- Up-to-date: /workspaces/diffbot/ros2_ws/install/controller_manager_msgs/share/controller_manager_msgs/local_setup.dsv
[6.331s] -- Installing: /workspaces/diffbot/ros2_ws/install/controller_manager_msgs/share/controller_manager_msgs/package.dsv
[6.331s] -- Up-to-date: /workspaces/diffbot/ros2_ws/install/controller_manager_msgs/share/ament_index/resource_index/packages/controller_manager_msgs
[6.332s] -- Up-to-date: /workspaces/diffbot/ros2_ws/install/controller_manager_msgs/share/controller_manager_msgs/cmake/export_controller_manager_msgs__rosidl_generator_cExport.cmake
[6.334s] -- Up-to-date: /workspaces/diffbot/ros2_ws/install/controller_manager_msgs/share/controller_manager_msgs/cmake/export_controller_manager_msgs__rosidl_generator_cExport-noconfig.cmake
[6.334s] -- Up-to-date: /workspaces/diffbot/ros2_ws/install/controller_manager_msgs/share/controller_manager_msgs/cmake/export_controller_manager_msgs__rosidl_typesupport_fastrtps_cExport.cmake
[6.335s] -- Up-to-date: /workspaces/diffbot/ros2_ws/install/controller_manager_msgs/share/controller_manager_msgs/cmake/export_controller_manager_msgs__rosidl_typesupport_fastrtps_cExport-noconfig.cmake
[6.336s] -- Up-to-date: /workspaces/diffbot/ros2_ws/install/controller_manager_msgs/share/controller_manager_msgs/cmake/export_controller_manager_msgs__rosidl_generator_cppExport.cmake
[6.338s] -- Up-to-date: /workspaces/diffbot/ros2_ws/install/controller_manager_msgs/share/controller_manager_msgs/cmake/export_controller_manager_msgs__rosidl_typesupport_fastrtps_cppExport.cmake
[6.338s] -- Up-to-date: /workspaces/diffbot/ros2_ws/install/controller_manager_msgs/share/controller_manager_msgs/cmake/export_controller_manager_msgs__rosidl_typesupport_fastrtps_cppExport-noconfig.cmake
[6.341s] -- Up-to-date: /workspaces/diffbot/ros2_ws/install/controller_manager_msgs/share/controller_manager_msgs/cmake/controller_manager_msgs__rosidl_typesupport_introspection_cExport.cmake
[6.355s] -- Up-to-date: /workspaces/diffbot/ros2_ws/install/controller_manager_msgs/share/controller_manager_msgs/cmake/controller_manager_msgs__rosidl_typesupport_introspection_cExport-noconfig.cmake
[6.355s] -- Up-to-date: /workspaces/diffbot/ros2_ws/install/controller_manager_msgs/share/controller_manager_msgs/cmake/controller_manager_msgs__rosidl_typesupport_cExport.cmake
[6.355s] -- Up-to-date: /workspaces/diffbot/ros2_ws/install/controller_manager_msgs/share/controller_manager_msgs/cmake/controller_manager_msgs__rosidl_typesupport_cExport-noconfig.cmake
[6.356s] -- Up-to-date: /workspaces/diffbot/ros2_ws/install/controller_manager_msgs/share/controller_manager_msgs/cmake/controller_manager_msgs__rosidl_typesupport_introspection_cppExport.cmake
[6.362s] -- Up-to-date: /workspaces/diffbot/ros2_ws/install/controller_manager_msgs/share/controller_manager_msgs/cmake/controller_manager_msgs__rosidl_typesupport_introspection_cppExport-noconfig.cmake
[6.362s] -- Up-to-date: /workspaces/diffbot/ros2_ws/install/controller_manager_msgs/share/controller_manager_msgs/cmake/controller_manager_msgs__rosidl_typesupport_cppExport.cmake
[6.363s] -- Up-to-date: /workspaces/diffbot/ros2_ws/install/controller_manager_msgs/share/controller_manager_msgs/cmake/controller_manager_msgs__rosidl_typesupport_cppExport-noconfig.cmake
[6.363s] -- Up-to-date: /workspaces/diffbot/ros2_ws/install/controller_manager_msgs/share/controller_manager_msgs/cmake/export_controller_manager_msgs__rosidl_generator_pyExport.cmake
[6.363s] -- Up-to-date: /workspaces/diffbot/ros2_ws/install/controller_manager_msgs/share/controller_manager_msgs/cmake/export_controller_manager_msgs__rosidl_generator_pyExport-noconfig.cmake
[6.363s] -- Up-to-date: /workspaces/diffbot/ros2_ws/install/controller_manager_msgs/share/controller_manager_msgs/cmake/rosidl_cmake-extras.cmake
[6.363s] -- Up-to-date: /workspaces/diffbot/ros2_ws/install/controller_manager_msgs/share/controller_manager_msgs/cmake/ament_cmake_export_dependencies-extras.cmake
[6.363s] -- Up-to-date: /workspaces/diffbot/ros2_ws/install/controller_manager_msgs/share/controller_manager_msgs/cmake/ament_cmake_export_include_directories-extras.cmake
[6.364s] -- Up-to-date: /workspaces/diffbot/ros2_ws/install/controller_manager_msgs/share/controller_manager_msgs/cmake/ament_cmake_export_libraries-extras.cmake
[6.364s] -- Up-to-date: /workspaces/diffbot/ros2_ws/install/controller_manager_msgs/share/controller_manager_msgs/cmake/ament_cmake_export_targets-extras.cmake
[6.364s] -- Up-to-date: /workspaces/diffbot/ros2_ws/install/controller_manager_msgs/share/controller_manager_msgs/cmake/rosidl_cmake_export_typesupport_targets-extras.cmake
[6.364s] -- Up-to-date: /workspaces/diffbot/ros2_ws/install/controller_manager_msgs/share/controller_manager_msgs/cmake/rosidl_cmake_export_typesupport_libraries-extras.cmake
[6.364s] -- Up-to-date: /workspaces/diffbot/ros2_ws/install/controller_manager_msgs/share/controller_manager_msgs/cmake/controller_manager_msgsConfig.cmake
[6.365s] -- Up-to-date: /workspaces/diffbot/ros2_ws/install/controller_manager_msgs/share/controller_manager_msgs/cmake/controller_manager_msgsConfig-version.cmake
[6.365s] -- Up-to-date: /workspaces/diffbot/ros2_ws/install/controller_manager_msgs/share/controller_manager_msgs/package.xml
[6.365s] Invoked command in '/workspaces/diffbot/ros2_ws/build/controller_manager_msgs' returned '0': CMAKE_PREFIX_PATH=${CMAKE_PREFIX_PATH}:/workspaces/diffbot/ros2_ws/install/rqt_controller_manager:/workspaces/diffbot/ros2_ws/install/ros2controlcli:/workspaces/diffbot/ros2_ws/install/ros2_controllers_test_nodes:/workspaces/diffbot/ros2_ws/install/controller:/opt/ros/humble /usr/bin/cmake --install /workspaces/diffbot/ros2_ws/build/controller_manager_msgs
