[0.073s] Invoking command in '/home/lulav/ros2_ws/build/joint_limits': CMAKE_PREFIX_PATH=/opt/ros/humble /usr/bin/cmake /home/lulav/ros2_ws/src/ros2_control/joint_limits -DAMENT_CMAKE_SYMLINK_INSTALL=1 -DCMAKE_INSTALL_PREFIX=/home/lulav/ros2_ws/install/joint_limits
[0.107s] -- Found ament_cmake: 1.3.5 (/opt/ros/humble/share/ament_cmake/cmake)
[0.554s] -- Override CMake install command with custom implementation using symlinks instead of copying resources
[0.582s] -- Found rclcpp: 16.0.5 (/opt/ros/humble/share/rclcpp/cmake)
[0.709s] -- Found rosidl_generator_c: 3.1.5 (/opt/ros/humble/share/rosidl_generator_c/cmake)
[0.716s] -- Found rosidl_adapter: 3.1.5 (/opt/ros/humble/share/rosidl_adapter/cmake)
[0.739s] -- Found rosidl_generator_cpp: 3.1.5 (/opt/ros/humble/share/rosidl_generator_cpp/cmake)
[0.768s] -- Using all available rosidl_typesupport_c: rosidl_typesupport_fastrtps_c;rosidl_typesupport_introspection_c
[0.817s] -- Using all available rosidl_typesupport_cpp: rosidl_typesupport_fastrtps_cpp;rosidl_typesupport_introspection_cpp
[1.003s] -- Found rmw_implementation_cmake: 6.1.1 (/opt/ros/humble/share/rmw_implementation_cmake/cmake)
[1.006s] -- Found rmw_fastrtps_cpp: 6.2.3 (/opt/ros/humble/share/rmw_fastrtps_cpp/cmake)
[1.361s] -- Using RMW implementation 'rmw_fastrtps_cpp' as default
[1.901s] -- Found rclcpp_lifecycle: 16.0.5 (/opt/ros/humble/share/rclcpp_lifecycle/cmake)
[2.007s] -- Found ament_cmake_gtest: 1.3.5 (/opt/ros/humble/share/ament_cmake_gtest/cmake)
[2.009s] -- Found launch_testing_ament_cmake: 1.0.4 (/opt/ros/humble/share/launch_testing_ament_cmake/cmake)
[2.010s] -- Found python_cmake_module: 0.10.0 (/opt/ros/humble/share/python_cmake_module/cmake)
[2.065s] -- Using PYTHON_EXECUTABLE: /usr/bin/python3
[2.066s] -- Using PYTHON_INCLUDE_DIRS: /usr/include/python3.10
[2.066s] -- Using PYTHON_LIBRARIES: /usr/lib/x86_64-linux-gnu/libpython3.10.so
[2.069s] -- Found gtest sources under '/opt/ros/humble/src/gtest_vendor': C++ tests using 'Google Test' will be built
[2.268s] -- Configuring done
[2.308s] -- Generating done
[2.315s] -- Build files have been written to: /home/lulav/ros2_ws/build/joint_limits
[2.333s] Invoked command in '/home/lulav/ros2_ws/build/joint_limits' returned '0': CMAKE_PREFIX_PATH=/opt/ros/humble /usr/bin/cmake /home/lulav/ros2_ws/src/ros2_control/joint_limits -DAMENT_CMAKE_SYMLINK_INSTALL=1 -DCMAKE_INSTALL_PREFIX=/home/lulav/ros2_ws/install/joint_limits
[2.347s] Invoking command in '/home/lulav/ros2_ws/build/joint_limits': CMAKE_PREFIX_PATH=/opt/ros/humble /usr/bin/cmake --build /home/lulav/ros2_ws/build/joint_limits -- -j8 -l8
[2.471s] [35m[1mConsolidate compiler generated dependencies of target gtest_main[0m
[2.478s] [35m[1mConsolidate compiler generated dependencies of target gtest[0m
[2.532s] [ 33%] Built target gtest_main
[2.533s] [ 66%] Built target gtest
[2.575s] [35m[1mConsolidate compiler generated dependencies of target joint_limits_rosparam_test[0m
[2.629s] [100%] Built target joint_limits_rosparam_test
[2.661s] Invoked command in '/home/lulav/ros2_ws/build/joint_limits' returned '0': CMAKE_PREFIX_PATH=/opt/ros/humble /usr/bin/cmake --build /home/lulav/ros2_ws/build/joint_limits -- -j8 -l8
[2.824s] Invoking command in '/home/lulav/ros2_ws/build/joint_limits': CMAKE_PREFIX_PATH=/opt/ros/humble /usr/bin/cmake --install /home/lulav/ros2_ws/build/joint_limits
[2.842s] -- Install configuration: ""
[2.844s] -- Execute custom install script
[2.844s] -- Up-to-date symlink: /home/lulav/ros2_ws/install/joint_limits/include/joint_limits/joint_limits.hpp
[2.845s] -- Up-to-date symlink: /home/lulav/ros2_ws/install/joint_limits/include/joint_limits/joint_limits_rosparam.hpp
[2.846s] -- Up-to-date symlink: /home/lulav/ros2_ws/install/joint_limits/lib/joint_limits/joint_limits_rosparam_test
[2.847s] -- Up-to-date symlink: /home/lulav/ros2_ws/install/joint_limits/share/joint_limits/test/joint_limits_rosparam.yaml
[2.848s] -- Up-to-date symlink: /home/lulav/ros2_ws/install/joint_limits/share/ament_index/resource_index/package_run_dependencies/joint_limits
[2.848s] -- Up-to-date symlink: /home/lulav/ros2_ws/install/joint_limits/share/ament_index/resource_index/parent_prefix_path/joint_limits
[2.849s] -- Up-to-date symlink: /home/lulav/ros2_ws/install/joint_limits/share/joint_limits/environment/ament_prefix_path.sh
[2.850s] -- Up-to-date symlink: /home/lulav/ros2_ws/install/joint_limits/share/joint_limits/environment/ament_prefix_path.dsv
[2.850s] -- Up-to-date symlink: /home/lulav/ros2_ws/install/joint_limits/share/joint_limits/environment/path.sh
[2.851s] -- Up-to-date symlink: /home/lulav/ros2_ws/install/joint_limits/share/joint_limits/environment/path.dsv
[2.852s] -- Up-to-date symlink: /home/lulav/ros2_ws/install/joint_limits/share/joint_limits/local_setup.bash
[2.852s] -- Up-to-date symlink: /home/lulav/ros2_ws/install/joint_limits/share/joint_limits/local_setup.sh
[2.854s] -- Up-to-date symlink: /home/lulav/ros2_ws/install/joint_limits/share/joint_limits/local_setup.zsh
[2.854s] -- Up-to-date symlink: /home/lulav/ros2_ws/install/joint_limits/share/joint_limits/local_setup.dsv
[2.855s] -- Symlinking: /home/lulav/ros2_ws/install/joint_limits/share/joint_limits/package.dsv
[2.898s] -- Up-to-date symlink: /home/lulav/ros2_ws/install/joint_limits/share/ament_index/resource_index/packages/joint_limits
[2.898s] -- Up-to-date symlink: /home/lulav/ros2_ws/install/joint_limits/share/joint_limits/cmake/ament_cmake_export_dependencies-extras.cmake
[2.899s] -- Up-to-date symlink: /home/lulav/ros2_ws/install/joint_limits/share/joint_limits/cmake/ament_cmake_export_include_directories-extras.cmake
[2.899s] -- Up-to-date symlink: /home/lulav/ros2_ws/install/joint_limits/share/joint_limits/cmake/joint_limitsConfig.cmake
[2.899s] -- Up-to-date symlink: /home/lulav/ros2_ws/install/joint_limits/share/joint_limits/cmake/joint_limitsConfig-version.cmake
[2.900s] -- Up-to-date symlink: /home/lulav/ros2_ws/install/joint_limits/share/joint_limits/package.xml
[2.912s] Invoked command in '/home/lulav/ros2_ws/build/joint_limits' returned '0': CMAKE_PREFIX_PATH=/opt/ros/humble /usr/bin/cmake --install /home/lulav/ros2_ws/build/joint_limits
