[0.046s] Invoking command in '/home/lulav/ros2_ws/build/realtime_tools': CMAKE_PREFIX_PATH=/opt/ros/humble /usr/bin/cmake /home/lulav/ros2_ws/src/realtime_tools -DAMENT_CMAKE_SYMLINK_INSTALL=1 -DCMAKE_INSTALL_PREFIX=/home/lulav/ros2_ws/install/realtime_tools
[0.186s] -- The CXX compiler identification is GNU 11.4.0
[0.206s] -- Detecting CXX compiler ABI info
[0.397s] -- Detecting CXX compiler ABI info - done
[0.420s] -- Check for working CXX compiler: /usr/bin/c++ - skipped
[0.420s] -- Detecting CXX compile features
[0.421s] -- Detecting CXX compile features - done
[0.425s] -- Found ament_cmake: 1.3.5 (/opt/ros/humble/share/ament_cmake/cmake)
[0.865s] -- Found Python3: /usr/bin/python3.10 (found version "3.10.12") found components: Interpreter 
[1.051s] -- Override CMake install command with custom implementation using symlinks instead of copying resources
[1.110s] -- Found rclcpp: 16.0.5 (/opt/ros/humble/share/rclcpp/cmake)
[1.202s] -- Found rosidl_generator_c: 3.1.5 (/opt/ros/humble/share/rosidl_generator_c/cmake)
[1.214s] -- Found rosidl_adapter: 3.1.5 (/opt/ros/humble/share/rosidl_adapter/cmake)
[1.230s] -- Found rosidl_generator_cpp: 3.1.5 (/opt/ros/humble/share/rosidl_generator_cpp/cmake)
[1.256s] -- Using all available rosidl_typesupport_c: rosidl_typesupport_fastrtps_c;rosidl_typesupport_introspection_c
[1.298s] -- Using all available rosidl_typesupport_cpp: rosidl_typesupport_fastrtps_cpp;rosidl_typesupport_introspection_cpp
[1.503s] -- Found rmw_implementation_cmake: 6.1.1 (/opt/ros/humble/share/rmw_implementation_cmake/cmake)
[1.509s] -- Found rmw_fastrtps_cpp: 6.2.3 (/opt/ros/humble/share/rmw_fastrtps_cpp/cmake)
[1.807s] -- Found OpenSSL: /usr/lib/x86_64-linux-gnu/libcrypto.so (found version "3.0.2")  
[1.889s] -- Found FastRTPS: /opt/ros/humble/include  
[2.018s] -- Using RMW implementation 'rmw_fastrtps_cpp' as default
[2.042s] -- Looking for C++ include pthread.h
[2.204s] -- Looking for C++ include pthread.h - found
[2.204s] -- Performing Test CMAKE_HAVE_LIBC_PTHREAD
[2.356s] -- Performing Test CMAKE_HAVE_LIBC_PTHREAD - Success
[2.359s] -- Found Threads: TRUE  
[2.739s] -- Found rclcpp_action: 16.0.5 (/opt/ros/humble/share/rclcpp_action/cmake)
[2.962s] -- Found ament_cmake_gmock: 1.3.5 (/opt/ros/humble/share/ament_cmake_gmock/cmake)
[2.964s] -- Found test_msgs: 1.2.1 (/opt/ros/humble/share/test_msgs/cmake)
[3.095s] -- Found gmock sources under '/opt/ros/humble/src/gmock_vendor': C++ tests using 'Google Mock' will be built
[3.170s] -- The C compiler identification is GNU 11.4.0
[3.185s] -- Detecting C compiler ABI info
[3.326s] -- Detecting C compiler ABI info - done
[3.353s] -- Check for working C compiler: /usr/bin/cc - skipped
[3.354s] -- Detecting C compile features
[3.355s] -- Detecting C compile features - done
[3.364s] -- Found ament_cmake_gtest: 1.3.5 (/opt/ros/humble/share/ament_cmake_gtest/cmake)
[3.366s] -- Found gtest sources under '/opt/ros/humble/src/gtest_vendor': C++ tests using 'Google Test' will be built
[3.568s] -- Configuring done
[3.667s] -- Generating done
[3.674s] -- Build files have been written to: /home/lulav/ros2_ws/build/realtime_tools
[3.705s] Invoked command in '/home/lulav/ros2_ws/build/realtime_tools' returned '0': CMAKE_PREFIX_PATH=/opt/ros/humble /usr/bin/cmake /home/lulav/ros2_ws/src/realtime_tools -DAMENT_CMAKE_SYMLINK_INSTALL=1 -DCMAKE_INSTALL_PREFIX=/home/lulav/ros2_ws/install/realtime_tools
[3.706s] Invoking command in '/home/lulav/ros2_ws/build/realtime_tools': CMAKE_PREFIX_PATH=/opt/ros/humble /usr/bin/cmake --build /home/lulav/ros2_ws/build/realtime_tools -- -j8 -l8
[3.855s] [  9%] [32mBuilding CXX object CMakeFiles/thread_priority.dir/src/thread_priority.cpp.o[0m
[3.859s] [ 14%] [32mBuilding CXX object gmock/CMakeFiles/gmock.dir/opt/ros/humble/src/gtest_vendor/src/gtest-all.cc.o[0m
[3.860s] [ 14%] [32mBuilding CXX object CMakeFiles/realtime_tools.dir/src/realtime_clock.cpp.o[0m
[3.879s] [ 19%] [32mBuilding CXX object gmock/CMakeFiles/gmock_main.dir/src/gmock_main.cc.o[0m
[3.896s] [ 23%] [32mBuilding CXX object gmock/CMakeFiles/gmock.dir/src/gmock-all.cc.o[0m
[5.072s] [ 28%] [32m[1mLinking CXX shared library libthread_priority.so[0m
[5.709s] [ 28%] Built target thread_priority
[7.194s] [ 33%] [32m[1mLinking CXX shared library librealtime_tools.so[0m
[7.692s] [ 33%] Built target realtime_tools
[8.439s] [ 38%] [32m[1mLinking CXX static library libgmock_main.a[0m
[8.644s] [ 38%] Built target gmock_main
[14.423s] [ 42%] [32m[1mLinking CXX static library libgmock.a[0m
[14.960s] [ 42%] Built target gmock
[15.118s] [ 47%] [32mBuilding CXX object CMakeFiles/realtime_box_tests.dir/test/realtime_box_tests.cpp.o[0m
[15.158s] [ 52%] [32mBuilding CXX object CMakeFiles/realtime_buffer_tests.dir/test/realtime_buffer_tests.cpp.o[0m
[15.166s] [ 57%] [32mBuilding CXX object CMakeFiles/realtime_clock_tests.dir/test/realtime_clock_tests.cpp.o[0m
[15.179s] [ 61%] [32mBuilding CXX object CMakeFiles/realtime_server_goal_handle_tests.dir/test/realtime_server_goal_handle_tests.cpp.o[0m
[15.202s] [ 66%] [32mBuilding CXX object CMakeFiles/realtime_publisher_tests_non_polling.dir/test/realtime_publisher_tests_non_polling.cpp.o[0m
[15.211s] [ 71%] [32mBuilding CXX object CMakeFiles/realtime_publisher_tests.dir/test/realtime_publisher_tests.cpp.o[0m
[23.757s] [ 76%] [32m[1mLinking CXX executable realtime_buffer_tests[0m
[25.216s] [ 76%] Built target realtime_buffer_tests
[25.934s] [ 80%] [32m[1mLinking CXX executable realtime_box_tests[0m
[27.571s] [ 80%] Built target realtime_box_tests
[27.864s] [ 85%] [32m[1mLinking CXX executable realtime_clock_tests[0m
[29.428s] [ 85%] Built target realtime_clock_tests
[31.003s] [01m[K/home/lulav/ros2_ws/src/realtime_tools/test/realtime_server_goal_handle_tests.cpp:[m[K In function ‘[01m[Kstd::shared_ptr<rclcpp_action::ClientGoalHandle<test_msgs::action::Fibonacci> > send_goal(rclcpp::Node::SharedPtr, std::shared_ptr<rclcpp_action::Client<test_msgs::action::Fibonacci> >, const string&, ActionClientCallbacks&)[m[K’:
[31.004s] [01m[K/home/lulav/ros2_ws/src/realtime_tools/test/realtime_server_goal_handle_tests.cpp:127:23:[m[K [01;35m[Kwarning: [m[Kunused parameter ‘[01m[Kserver_name[m[K’ [[01;35m[K]8;;https://gcc.gnu.org/onlinedocs/gcc/Warning-Options.html#index-Wunused-parameter-Wunused-parameter]8;;[m[K]
[31.005s]   127 |   [01;35m[Kconst std::string & server_name[m[K, ActionClientCallbacks & client_callbacks)
[31.008s]       |   [01;35m[K~~~~~~~~~~~~~~~~~~~~^~~~~~~~~~~[m[K
[34.008s] In file included from [01m[K/opt/ros/humble/src/gmock_vendor/include/gmock/internal/gmock-internal-utils.h:47[m[K,
[34.008s]                  from [01m[K/opt/ros/humble/src/gmock_vendor/include/gmock/gmock-actions.h:51[m[K,
[34.009s]                  from [01m[K/opt/ros/humble/src/gmock_vendor/include/gmock/gmock.h:59[m[K,
[34.009s]                  from [01m[K/home/lulav/ros2_ws/src/realtime_tools/test/realtime_server_goal_handle_tests.cpp:29[m[K:
[34.009s] /opt/ros/humble/src/gtest_vendor/include/gtest/gtest.h: In instantiation of ‘[01m[Ktesting::AssertionResult testing::internal::CmpHelperEQ(const char*, const char*, const T1&, const T2&) [with T1 = int; T2 = long unsigned int][m[K’:
[34.009s] [01m[K/opt/ros/humble/src/gtest_vendor/include/gtest/gtest.h:1554:23:[m[K   required from ‘[01m[Kstatic testing::AssertionResult testing::internal::EqHelper::Compare(const char*, const char*, const T1&, const T2&) [with T1 = int; T2 = long unsigned int; typename std::enable_if<((! std::is_integral<_Tp>::value) || (! std::is_pointer<_Dp>::value))>::type* <anonymous> = 0][m[K’
[34.009s] [01m[K/home/lulav/ros2_ws/src/realtime_tools/test/realtime_server_goal_handle_tests.cpp:203:3:[m[K   required from here
[34.009s] [01m[K/opt/ros/humble/src/gtest_vendor/include/gtest/gtest.h:1527:11:[m[K [01;35m[Kwarning: [m[Kcomparison of integer expressions of different signedness: ‘[01m[Kconst int[m[K’ and ‘[01m[Kconst long unsigned int[m[K’ [[01;35m[K]8;;https://gcc.gnu.org/onlinedocs/gcc/Warning-Options.html#index-Wsign-compare-Wsign-compare]8;;[m[K]
[34.015s]  1527 |   if ([01;35m[Klhs == rhs[m[K) {
[34.017s]       |       [01;35m[K~~~~^~~~~~[m[K
[41.851s] [ 90%] [32m[1mLinking CXX executable realtime_server_goal_handle_tests[0m
[42.862s] [ 90%] Built target realtime_server_goal_handle_tests
[48.963s] [ 95%] [32m[1mLinking CXX executable realtime_publisher_tests_non_polling[0m
[50.355s] [ 95%] Built target realtime_publisher_tests_non_polling
[51.496s] [100%] [32m[1mLinking CXX executable realtime_publisher_tests[0m
[52.683s] [100%] Built target realtime_publisher_tests
[52.707s] Invoked command in '/home/lulav/ros2_ws/build/realtime_tools' returned '0': CMAKE_PREFIX_PATH=/opt/ros/humble /usr/bin/cmake --build /home/lulav/ros2_ws/build/realtime_tools -- -j8 -l8
[52.810s] Invoking command in '/home/lulav/ros2_ws/build/realtime_tools': CMAKE_PREFIX_PATH=/opt/ros/humble /usr/bin/cmake --install /home/lulav/ros2_ws/build/realtime_tools
[52.826s] -- Install configuration: ""
[52.827s] -- Execute custom install script
[52.828s] -- Up-to-date symlink: /home/lulav/ros2_ws/install/realtime_tools/include/realtime_tools/realtime_tools/realtime_box.h
[52.829s] -- Up-to-date symlink: /home/lulav/ros2_ws/install/realtime_tools/include/realtime_tools/realtime_tools/realtime_buffer.h
[52.829s] -- Up-to-date symlink: /home/lulav/ros2_ws/install/realtime_tools/include/realtime_tools/realtime_tools/realtime_clock.h
[52.829s] -- Up-to-date symlink: /home/lulav/ros2_ws/install/realtime_tools/include/realtime_tools/realtime_tools/realtime_publisher.h
[52.829s] -- Up-to-date symlink: /home/lulav/ros2_ws/install/realtime_tools/include/realtime_tools/realtime_tools/realtime_server_goal_handle.h
[52.830s] -- Up-to-date symlink: /home/lulav/ros2_ws/install/realtime_tools/include/realtime_tools/realtime_tools/thread_priority.hpp
[52.833s] -- Up-to-date symlink: /home/lulav/ros2_ws/install/realtime_tools/share/realtime_tools/environment/library_path.sh
[52.833s] -- Up-to-date symlink: /home/lulav/ros2_ws/install/realtime_tools/share/realtime_tools/environment/library_path.dsv
[52.833s] -- Up-to-date symlink: /home/lulav/ros2_ws/install/realtime_tools/share/ament_index/resource_index/package_run_dependencies/realtime_tools
[52.833s] -- Up-to-date symlink: /home/lulav/ros2_ws/install/realtime_tools/share/ament_index/resource_index/parent_prefix_path/realtime_tools
[52.834s] -- Up-to-date symlink: /home/lulav/ros2_ws/install/realtime_tools/share/realtime_tools/environment/ament_prefix_path.sh
[52.834s] -- Up-to-date symlink: /home/lulav/ros2_ws/install/realtime_tools/share/realtime_tools/environment/ament_prefix_path.dsv
[52.834s] -- Up-to-date symlink: /home/lulav/ros2_ws/install/realtime_tools/share/realtime_tools/environment/path.sh
[52.834s] -- Up-to-date symlink: /home/lulav/ros2_ws/install/realtime_tools/share/realtime_tools/environment/path.dsv
[52.834s] -- Up-to-date symlink: /home/lulav/ros2_ws/install/realtime_tools/share/realtime_tools/local_setup.bash
[52.835s] -- Up-to-date symlink: /home/lulav/ros2_ws/install/realtime_tools/share/realtime_tools/local_setup.sh
[52.836s] -- Up-to-date symlink: /home/lulav/ros2_ws/install/realtime_tools/share/realtime_tools/local_setup.zsh
[52.836s] -- Up-to-date symlink: /home/lulav/ros2_ws/install/realtime_tools/share/realtime_tools/local_setup.dsv
[52.836s] -- Symlinking: /home/lulav/ros2_ws/install/realtime_tools/share/realtime_tools/package.dsv
[52.856s] -- Up-to-date symlink: /home/lulav/ros2_ws/install/realtime_tools/share/ament_index/resource_index/packages/realtime_tools
[52.856s] -- Up-to-date symlink: /home/lulav/ros2_ws/install/realtime_tools/share/realtime_tools/cmake/ament_cmake_export_targets-extras.cmake
[52.858s] -- Up-to-date symlink: /home/lulav/ros2_ws/install/realtime_tools/share/realtime_tools/cmake/ament_cmake_export_dependencies-extras.cmake
[52.859s] -- Up-to-date symlink: /home/lulav/ros2_ws/install/realtime_tools/share/realtime_tools/cmake/realtime_toolsConfig.cmake
[52.859s] -- Up-to-date symlink: /home/lulav/ros2_ws/install/realtime_tools/share/realtime_tools/cmake/realtime_toolsConfig-version.cmake
[52.859s] -- Up-to-date symlink: /home/lulav/ros2_ws/install/realtime_tools/share/realtime_tools/package.xml
[52.863s] -- Installing: /home/lulav/ros2_ws/install/realtime_tools/lib/librealtime_tools.so
[52.863s] -- Set runtime path of "/home/lulav/ros2_ws/install/realtime_tools/lib/librealtime_tools.so" to ""
[52.863s] -- Installing: /home/lulav/ros2_ws/install/realtime_tools/lib/libthread_priority.so
[52.863s] -- Set runtime path of "/home/lulav/ros2_ws/install/realtime_tools/lib/libthread_priority.so" to ""
[52.863s] -- Installing: /home/lulav/ros2_ws/install/realtime_tools/share/realtime_tools/cmake/export_realtime_toolsExport.cmake
[52.864s] -- Installing: /home/lulav/ros2_ws/install/realtime_tools/share/realtime_tools/cmake/export_realtime_toolsExport-noconfig.cmake
[52.872s] Invoked command in '/home/lulav/ros2_ws/build/realtime_tools' returned '0': CMAKE_PREFIX_PATH=/opt/ros/humble /usr/bin/cmake --install /home/lulav/ros2_ws/build/realtime_tools
