[0.344s] Invoking command in '/home/lulav/ros2_ws/build/admittance_controller': AMENT_PREFIX_PATH=/home/lulav/ros2_ws/install/joint_trajectory_controller:/home/lulav/ros2_ws/install/controller_manager:/home/lulav/ros2_ws/install/controller_interface:/home/lulav/ros2_ws/install/hardware_interface:/home/lulav/ros2_ws/install/ros2_control_test_assets:/home/lulav/ros2_ws/install/realtime_tools:/home/lulav/ros2_ws/install/controller_manager_msgs:/home/lulav/ros2_ws/install/control_msgs:${AMENT_PREFIX_PATH} CMAKE_PREFIX_PATH=/home/lulav/ros2_ws/install/joint_trajectory_controller:/home/lulav/ros2_ws/install/controller_manager:/home/lulav/ros2_ws/install/controller_interface:/home/lulav/ros2_ws/install/hardware_interface:/home/lulav/ros2_ws/install/ros2_control_test_assets:/home/lulav/ros2_ws/install/realtime_tools:/home/lulav/ros2_ws/install/controller_manager_msgs:/home/lulav/ros2_ws/install/control_msgs:/opt/ros/humble LD_LIBRARY_PATH=/home/lulav/ros2_ws/install/joint_trajectory_controller/lib:/home/lulav/ros2_ws/install/controller_manager/lib:/home/lulav/ros2_ws/install/controller_interface/lib:/home/lulav/ros2_ws/install/hardware_interface/lib:/home/lulav/ros2_ws/install/realtime_tools/lib:/home/lulav/ros2_ws/install/controller_manager_msgs/lib:/home/lulav/ros2_ws/install/control_msgs/lib:${LD_LIBRARY_PATH} PYTHONPATH=/home/lulav/ros2_ws/install/controller_manager/local/lib/python3.10/dist-packages:/home/lulav/ros2_ws/install/controller_manager_msgs/local/lib/python3.10/dist-packages:/home/lulav/ros2_ws/install/control_msgs/local/lib/python3.10/dist-packages:${PYTHONPATH} /usr/bin/cmake /home/lulav/ros2_ws/src/ros2_controllers/admittance_controller -DAMENT_CMAKE_SYMLINK_INSTALL=1 -DCMAKE_INSTALL_PREFIX=/home/lulav/ros2_ws/install/admittance_controller
[0.427s] -- Found ament_cmake: 1.3.5 (/opt/ros/humble/share/ament_cmake/cmake)
[1.259s] -- Override CMake install command with custom implementation using symlinks instead of copying resources
[1.284s] -- Found backward_ros: 1.0.2 (/opt/ros/humble/share/backward_ros/cmake)
[1.319s] -- Could NOT find libbfd (missing: LIBBFD_LIBRARY LIBBFD_INCLUDE_DIR) 
[1.320s] -- BACKWARD_HAS_UNWIND=1
[1.320s] -- BACKWARD_HAS_BACKTRACE=0
[1.320s] -- BACKWARD_HAS_BACKTRACE_SYMBOL=0
[1.320s] -- BACKWARD_HAS_DW=1
[1.320s] -- BACKWARD_HAS_BFD=0
[1.322s] -- Found Backward: /opt/ros/humble/share/backward_ros/cmake  
[1.323s] -- Found angles: 1.15.0 (/opt/ros/humble/share/angles/cmake)
[1.327s] -- Found control_msgs: 4.4.0 (/home/lulav/ros2_ws/install/control_msgs/share/control_msgs/cmake)
[1.389s] -- Found rosidl_generator_c: 3.1.5 (/opt/ros/humble/share/rosidl_generator_c/cmake)
[1.397s] -- Found rosidl_adapter: 3.1.5 (/opt/ros/humble/share/rosidl_adapter/cmake)
[1.438s] -- Found rosidl_generator_cpp: 3.1.5 (/opt/ros/humble/share/rosidl_generator_cpp/cmake)
[1.472s] -- Using all available rosidl_typesupport_c: rosidl_typesupport_fastrtps_c;rosidl_typesupport_introspection_c
[1.560s] -- Using all available rosidl_typesupport_cpp: rosidl_typesupport_fastrtps_cpp;rosidl_typesupport_introspection_cpp
[4.404s] -- Found control_toolbox: 3.1.0 (/opt/ros/humble/share/control_toolbox/cmake)
[4.648s] -- Found rmw_implementation_cmake: 6.1.1 (/opt/ros/humble/share/rmw_implementation_cmake/cmake)
[4.652s] -- Found rmw_fastrtps_cpp: 6.2.3 (/opt/ros/humble/share/rmw_fastrtps_cpp/cmake)
[5.077s] -- Using RMW implementation 'rmw_fastrtps_cpp' as default
[5.846s] -- Found controller_interface: 2.29.0 (/home/lulav/ros2_ws/install/controller_interface/share/controller_interface/cmake)
[6.335s] -- Found generate_parameter_library: 0.3.3 (/opt/ros/humble/share/generate_parameter_library/cmake)
[6.337s] -- Found parameter_traits: 0.3.3 (/opt/ros/humble/share/parameter_traits/cmake)
[6.409s] -- Found joint_trajectory_controller: 2.24.0 (/home/lulav/ros2_ws/install/joint_trajectory_controller/share/joint_trajectory_controller/cmake)
[7.268s] -- Found kinematics_interface: 0.1.0 (/opt/ros/humble/share/kinematics_interface/cmake)
[7.283s] -- Found tf2: 0.25.3 (/opt/ros/humble/share/tf2/cmake)
[7.337s] -- Found tf2_eigen: 0.25.3 (/opt/ros/humble/share/tf2_eigen/cmake)
[8.116s] -- Found tf2_geometry_msgs: 0.25.3 (/opt/ros/humble/share/tf2_geometry_msgs/cmake)
[8.146s] -- Found eigen3_cmake_module: 0.1.1 (/opt/ros/humble/share/eigen3_cmake_module/cmake)
[8.152s] -- Ensuring Eigen3 include directory is part of orocos-kdl CMake target
[8.182s] -- Found tf2_kdl: 0.25.3 (/opt/ros/humble/share/tf2_kdl/cmake)
[8.772s] -- Found ament_cmake_gmock: 1.3.5 (/opt/ros/humble/share/ament_cmake_gmock/cmake)
[8.776s] -- Found controller_manager: 2.29.0 (/home/lulav/ros2_ws/install/controller_manager/share/controller_manager/cmake)
[9.410s] -- Found ros2_control_test_assets: 2.29.0 (/home/lulav/ros2_ws/install/ros2_control_test_assets/share/ros2_control_test_assets/cmake)
[9.410s] -- Found kinematics_interface_kdl: 0.1.0 (/opt/ros/humble/share/kinematics_interface_kdl/cmake)
[9.429s] -- Found gmock sources under '/opt/ros/humble/src/gmock_vendor': C++ tests using 'Google Mock' will be built
[9.437s] -- Found ament_cmake_gtest: 1.3.5 (/opt/ros/humble/share/ament_cmake_gtest/cmake)
[9.441s] -- Found gtest sources under '/opt/ros/humble/src/gtest_vendor': C++ tests using 'Google Test' will be built
[10.743s] -- Found gmock sources under '/opt/ros/humble/src/gmock_vendor': C++ tests using 'Google Mock' will be built
[10.743s] -- Found ament_cmake_gtest: 1.3.5 (/opt/ros/humble/share/ament_cmake_gtest/cmake)
[10.744s] -- Found gtest sources under '/opt/ros/humble/src/gtest_vendor': C++ tests using 'Google Test' will be built
[11.522s] -- Configuring done
[11.750s] -- Generating done
[11.768s] -- Build files have been written to: /home/lulav/ros2_ws/build/admittance_controller
[11.798s] Invoked command in '/home/lulav/ros2_ws/build/admittance_controller' returned '0': AMENT_PREFIX_PATH=/home/lulav/ros2_ws/install/joint_trajectory_controller:/home/lulav/ros2_ws/install/controller_manager:/home/lulav/ros2_ws/install/controller_interface:/home/lulav/ros2_ws/install/hardware_interface:/home/lulav/ros2_ws/install/ros2_control_test_assets:/home/lulav/ros2_ws/install/realtime_tools:/home/lulav/ros2_ws/install/controller_manager_msgs:/home/lulav/ros2_ws/install/control_msgs:${AMENT_PREFIX_PATH} CMAKE_PREFIX_PATH=/home/lulav/ros2_ws/install/joint_trajectory_controller:/home/lulav/ros2_ws/install/controller_manager:/home/lulav/ros2_ws/install/controller_interface:/home/lulav/ros2_ws/install/hardware_interface:/home/lulav/ros2_ws/install/ros2_control_test_assets:/home/lulav/ros2_ws/install/realtime_tools:/home/lulav/ros2_ws/install/controller_manager_msgs:/home/lulav/ros2_ws/install/control_msgs:/opt/ros/humble LD_LIBRARY_PATH=/home/lulav/ros2_ws/install/joint_trajectory_controller/lib:/home/lulav/ros2_ws/install/controller_manager/lib:/home/lulav/ros2_ws/install/controller_interface/lib:/home/lulav/ros2_ws/install/hardware_interface/lib:/home/lulav/ros2_ws/install/realtime_tools/lib:/home/lulav/ros2_ws/install/controller_manager_msgs/lib:/home/lulav/ros2_ws/install/control_msgs/lib:${LD_LIBRARY_PATH} PYTHONPATH=/home/lulav/ros2_ws/install/controller_manager/local/lib/python3.10/dist-packages:/home/lulav/ros2_ws/install/controller_manager_msgs/local/lib/python3.10/dist-packages:/home/lulav/ros2_ws/install/control_msgs/local/lib/python3.10/dist-packages:${PYTHONPATH} /usr/bin/cmake /home/lulav/ros2_ws/src/ros2_controllers/admittance_controller -DAMENT_CMAKE_SYMLINK_INSTALL=1 -DCMAKE_INSTALL_PREFIX=/home/lulav/ros2_ws/install/admittance_controller
[11.811s] Invoking command in '/home/lulav/ros2_ws/build/admittance_controller': AMENT_PREFIX_PATH=/home/lulav/ros2_ws/install/joint_trajectory_controller:/home/lulav/ros2_ws/install/controller_manager:/home/lulav/ros2_ws/install/controller_interface:/home/lulav/ros2_ws/install/hardware_interface:/home/lulav/ros2_ws/install/ros2_control_test_assets:/home/lulav/ros2_ws/install/realtime_tools:/home/lulav/ros2_ws/install/controller_manager_msgs:/home/lulav/ros2_ws/install/control_msgs:${AMENT_PREFIX_PATH} CMAKE_PREFIX_PATH=/home/lulav/ros2_ws/install/joint_trajectory_controller:/home/lulav/ros2_ws/install/controller_manager:/home/lulav/ros2_ws/install/controller_interface:/home/lulav/ros2_ws/install/hardware_interface:/home/lulav/ros2_ws/install/ros2_control_test_assets:/home/lulav/ros2_ws/install/realtime_tools:/home/lulav/ros2_ws/install/controller_manager_msgs:/home/lulav/ros2_ws/install/control_msgs:/opt/ros/humble LD_LIBRARY_PATH=/home/lulav/ros2_ws/install/joint_trajectory_controller/lib:/home/lulav/ros2_ws/install/controller_manager/lib:/home/lulav/ros2_ws/install/controller_interface/lib:/home/lulav/ros2_ws/install/hardware_interface/lib:/home/lulav/ros2_ws/install/realtime_tools/lib:/home/lulav/ros2_ws/install/controller_manager_msgs/lib:/home/lulav/ros2_ws/install/control_msgs/lib:${LD_LIBRARY_PATH} PYTHONPATH=/home/lulav/ros2_ws/install/controller_manager/local/lib/python3.10/dist-packages:/home/lulav/ros2_ws/install/controller_manager_msgs/local/lib/python3.10/dist-packages:/home/lulav/ros2_ws/install/control_msgs/local/lib/python3.10/dist-packages:${PYTHONPATH} /usr/bin/cmake --build /home/lulav/ros2_ws/build/admittance_controller -- -j8 -l8
[13.399s] [ 10%] Built target admittance_controller_parameters
[13.399s] [35m[1mConsolidate compiler generated dependencies of target gmock[0m
[13.399s] [ 40%] Built target gmock
[13.399s] [35m[1mConsolidate compiler generated dependencies of target admittance_controller[0m
[13.399s] [ 60%] Built target admittance_controller
[13.400s] [35m[1mConsolidate compiler generated dependencies of target test_load_admittance_controller[0m
[13.400s] [ 80%] Built target test_load_admittance_controller
[13.400s] [35m[1mConsolidate compiler generated dependencies of target test_admittance_controller[0m
[13.400s] [100%] Built target test_admittance_controller
[13.500s] Invoked command in '/home/lulav/ros2_ws/build/admittance_controller' returned '0': AMENT_PREFIX_PATH=/home/lulav/ros2_ws/install/joint_trajectory_controller:/home/lulav/ros2_ws/install/controller_manager:/home/lulav/ros2_ws/install/controller_interface:/home/lulav/ros2_ws/install/hardware_interface:/home/lulav/ros2_ws/install/ros2_control_test_assets:/home/lulav/ros2_ws/install/realtime_tools:/home/lulav/ros2_ws/install/controller_manager_msgs:/home/lulav/ros2_ws/install/control_msgs:${AMENT_PREFIX_PATH} CMAKE_PREFIX_PATH=/home/lulav/ros2_ws/install/joint_trajectory_controller:/home/lulav/ros2_ws/install/controller_manager:/home/lulav/ros2_ws/install/controller_interface:/home/lulav/ros2_ws/install/hardware_interface:/home/lulav/ros2_ws/install/ros2_control_test_assets:/home/lulav/ros2_ws/install/realtime_tools:/home/lulav/ros2_ws/install/controller_manager_msgs:/home/lulav/ros2_ws/install/control_msgs:/opt/ros/humble LD_LIBRARY_PATH=/home/lulav/ros2_ws/install/joint_trajectory_controller/lib:/home/lulav/ros2_ws/install/controller_manager/lib:/home/lulav/ros2_ws/install/controller_interface/lib:/home/lulav/ros2_ws/install/hardware_interface/lib:/home/lulav/ros2_ws/install/realtime_tools/lib:/home/lulav/ros2_ws/install/controller_manager_msgs/lib:/home/lulav/ros2_ws/install/control_msgs/lib:${LD_LIBRARY_PATH} PYTHONPATH=/home/lulav/ros2_ws/install/controller_manager/local/lib/python3.10/dist-packages:/home/lulav/ros2_ws/install/controller_manager_msgs/local/lib/python3.10/dist-packages:/home/lulav/ros2_ws/install/control_msgs/local/lib/python3.10/dist-packages:${PYTHONPATH} /usr/bin/cmake --build /home/lulav/ros2_ws/build/admittance_controller -- -j8 -l8
[13.610s] Invoking command in '/home/lulav/ros2_ws/build/admittance_controller': AMENT_PREFIX_PATH=/home/lulav/ros2_ws/install/joint_trajectory_controller:/home/lulav/ros2_ws/install/controller_manager:/home/lulav/ros2_ws/install/controller_interface:/home/lulav/ros2_ws/install/hardware_interface:/home/lulav/ros2_ws/install/ros2_control_test_assets:/home/lulav/ros2_ws/install/realtime_tools:/home/lulav/ros2_ws/install/controller_manager_msgs:/home/lulav/ros2_ws/install/control_msgs:${AMENT_PREFIX_PATH} CMAKE_PREFIX_PATH=/home/lulav/ros2_ws/install/joint_trajectory_controller:/home/lulav/ros2_ws/install/controller_manager:/home/lulav/ros2_ws/install/controller_interface:/home/lulav/ros2_ws/install/hardware_interface:/home/lulav/ros2_ws/install/ros2_control_test_assets:/home/lulav/ros2_ws/install/realtime_tools:/home/lulav/ros2_ws/install/controller_manager_msgs:/home/lulav/ros2_ws/install/control_msgs:/opt/ros/humble LD_LIBRARY_PATH=/home/lulav/ros2_ws/install/joint_trajectory_controller/lib:/home/lulav/ros2_ws/install/controller_manager/lib:/home/lulav/ros2_ws/install/controller_interface/lib:/home/lulav/ros2_ws/install/hardware_interface/lib:/home/lulav/ros2_ws/install/realtime_tools/lib:/home/lulav/ros2_ws/install/controller_manager_msgs/lib:/home/lulav/ros2_ws/install/control_msgs/lib:${LD_LIBRARY_PATH} PYTHONPATH=/home/lulav/ros2_ws/install/controller_manager/local/lib/python3.10/dist-packages:/home/lulav/ros2_ws/install/controller_manager_msgs/local/lib/python3.10/dist-packages:/home/lulav/ros2_ws/install/control_msgs/local/lib/python3.10/dist-packages:${PYTHONPATH} /usr/bin/cmake --install /home/lulav/ros2_ws/build/admittance_controller
[14.276s] -- Install configuration: ""
[14.276s] -- Execute custom install script
[14.276s] -- Up-to-date symlink: /home/lulav/ros2_ws/install/admittance_controller/include/admittance_controller_parameters/admittance_controller_parameters.hpp
[14.276s] -- Up-to-date symlink: /home/lulav/ros2_ws/install/admittance_controller/share/admittance_controller//admittance_controller.xml
[14.276s] -- Up-to-date symlink: /home/lulav/ros2_ws/install/admittance_controller/include/admittance_controller/admittance_controller/admittance_controller.hpp
[14.276s] -- Up-to-date symlink: /home/lulav/ros2_ws/install/admittance_controller/include/admittance_controller/admittance_controller/admittance_rule.hpp
[14.277s] -- Up-to-date symlink: /home/lulav/ros2_ws/install/admittance_controller/include/admittance_controller/admittance_controller/admittance_rule_impl.hpp
[14.277s] -- Up-to-date symlink: /home/lulav/ros2_ws/install/admittance_controller/include/admittance_controller/admittance_controller/visibility_control.h
[14.277s] -- Up-to-date symlink: /home/lulav/ros2_ws/install/admittance_controller/share/admittance_controller/environment/library_path.sh
[14.277s] -- Up-to-date symlink: /home/lulav/ros2_ws/install/admittance_controller/share/admittance_controller/environment/library_path.dsv
[14.277s] -- Up-to-date symlink: /home/lulav/ros2_ws/install/admittance_controller/share/ament_index/resource_index/package_run_dependencies/admittance_controller
[14.278s] -- Up-to-date symlink: /home/lulav/ros2_ws/install/admittance_controller/share/ament_index/resource_index/parent_prefix_path/admittance_controller
[14.278s] -- Up-to-date symlink: /home/lulav/ros2_ws/install/admittance_controller/share/admittance_controller/environment/ament_prefix_path.sh
[14.278s] -- Up-to-date symlink: /home/lulav/ros2_ws/install/admittance_controller/share/admittance_controller/environment/ament_prefix_path.dsv
[14.278s] -- Up-to-date symlink: /home/lulav/ros2_ws/install/admittance_controller/share/admittance_controller/environment/path.sh
[14.278s] -- Up-to-date symlink: /home/lulav/ros2_ws/install/admittance_controller/share/admittance_controller/environment/path.dsv
[14.278s] -- Up-to-date symlink: /home/lulav/ros2_ws/install/admittance_controller/share/admittance_controller/local_setup.bash
[14.278s] -- Up-to-date symlink: /home/lulav/ros2_ws/install/admittance_controller/share/admittance_controller/local_setup.sh
[14.279s] -- Up-to-date symlink: /home/lulav/ros2_ws/install/admittance_controller/share/admittance_controller/local_setup.zsh
[14.279s] -- Up-to-date symlink: /home/lulav/ros2_ws/install/admittance_controller/share/admittance_controller/local_setup.dsv
[14.279s] -- Symlinking: /home/lulav/ros2_ws/install/admittance_controller/share/admittance_controller/package.dsv
[14.279s] -- Up-to-date symlink: /home/lulav/ros2_ws/install/admittance_controller/share/ament_index/resource_index/packages/admittance_controller
[14.279s] -- Up-to-date symlink: /home/lulav/ros2_ws/install/admittance_controller/share/ament_index/resource_index/controller_interface__pluginlib__plugin/admittance_controller
[14.279s] -- Up-to-date symlink: /home/lulav/ros2_ws/install/admittance_controller/share/admittance_controller/cmake/ament_cmake_export_targets-extras.cmake
[14.279s] -- Up-to-date symlink: /home/lulav/ros2_ws/install/admittance_controller/share/admittance_controller/cmake/ament_cmake_export_dependencies-extras.cmake
[14.280s] -- Up-to-date symlink: /home/lulav/ros2_ws/install/admittance_controller/share/admittance_controller/cmake/admittance_controllerConfig.cmake
[14.280s] -- Up-to-date symlink: /home/lulav/ros2_ws/install/admittance_controller/share/admittance_controller/cmake/admittance_controllerConfig-version.cmake
[14.280s] -- Up-to-date symlink: /home/lulav/ros2_ws/install/admittance_controller/share/admittance_controller/package.xml
[14.280s] -- Up-to-date: /home/lulav/ros2_ws/install/admittance_controller/lib/libadmittance_controller.so
[14.280s] -- Up-to-date: /home/lulav/ros2_ws/install/admittance_controller/share/admittance_controller/cmake/export_admittance_controllerExport.cmake
[14.280s] -- Up-to-date: /home/lulav/ros2_ws/install/admittance_controller/share/admittance_controller/cmake/export_admittance_controllerExport-noconfig.cmake
[14.308s] Invoked command in '/home/lulav/ros2_ws/build/admittance_controller' returned '0': AMENT_PREFIX_PATH=/home/lulav/ros2_ws/install/joint_trajectory_controller:/home/lulav/ros2_ws/install/controller_manager:/home/lulav/ros2_ws/install/controller_interface:/home/lulav/ros2_ws/install/hardware_interface:/home/lulav/ros2_ws/install/ros2_control_test_assets:/home/lulav/ros2_ws/install/realtime_tools:/home/lulav/ros2_ws/install/controller_manager_msgs:/home/lulav/ros2_ws/install/control_msgs:${AMENT_PREFIX_PATH} CMAKE_PREFIX_PATH=/home/lulav/ros2_ws/install/joint_trajectory_controller:/home/lulav/ros2_ws/install/controller_manager:/home/lulav/ros2_ws/install/controller_interface:/home/lulav/ros2_ws/install/hardware_interface:/home/lulav/ros2_ws/install/ros2_control_test_assets:/home/lulav/ros2_ws/install/realtime_tools:/home/lulav/ros2_ws/install/controller_manager_msgs:/home/lulav/ros2_ws/install/control_msgs:/opt/ros/humble LD_LIBRARY_PATH=/home/lulav/ros2_ws/install/joint_trajectory_controller/lib:/home/lulav/ros2_ws/install/controller_manager/lib:/home/lulav/ros2_ws/install/controller_interface/lib:/home/lulav/ros2_ws/install/hardware_interface/lib:/home/lulav/ros2_ws/install/realtime_tools/lib:/home/lulav/ros2_ws/install/controller_manager_msgs/lib:/home/lulav/ros2_ws/install/control_msgs/lib:${LD_LIBRARY_PATH} PYTHONPATH=/home/lulav/ros2_ws/install/controller_manager/local/lib/python3.10/dist-packages:/home/lulav/ros2_ws/install/controller_manager_msgs/local/lib/python3.10/dist-packages:/home/lulav/ros2_ws/install/control_msgs/local/lib/python3.10/dist-packages:${PYTHONPATH} /usr/bin/cmake --install /home/lulav/ros2_ws/build/admittance_controller
