/workspaces/diffbot/ros2_ws/install/rqt_controller_manager/lib/python3.10/site-packages/rqt_controller_manager/controller_manager.py
/workspaces/diffbot/ros2_ws/install/rqt_controller_manager/lib/python3.10/site-packages/rqt_controller_manager/main.py
/workspaces/diffbot/ros2_ws/install/rqt_controller_manager/lib/python3.10/site-packages/rqt_controller_manager/update_combo.py
/workspaces/diffbot/ros2_ws/install/rqt_controller_manager/lib/python3.10/site-packages/rqt_controller_manager/__init__.py
/workspaces/diffbot/ros2_ws/install/rqt_controller_manager/lib/python3.10/site-packages/rqt_controller_manager/__pycache__/controller_manager.cpython-310.pyc
/workspaces/diffbot/ros2_ws/install/rqt_controller_manager/lib/python3.10/site-packages/rqt_controller_manager/__pycache__/main.cpython-310.pyc
/workspaces/diffbot/ros2_ws/install/rqt_controller_manager/lib/python3.10/site-packages/rqt_controller_manager/__pycache__/update_combo.cpython-310.pyc
/workspaces/diffbot/ros2_ws/install/rqt_controller_manager/lib/python3.10/site-packages/rqt_controller_manager/__pycache__/__init__.cpython-310.pyc
/workspaces/diffbot/ros2_ws/install/rqt_controller_manager/share/ament_index/resource_index/packages/rqt_controller_manager
/workspaces/diffbot/ros2_ws/install/rqt_controller_manager/share/rqt_controller_manager/package.xml
/workspaces/diffbot/ros2_ws/install/rqt_controller_manager/share/rqt_controller_manager/resource/led_red.png
/workspaces/diffbot/ros2_ws/install/rqt_controller_manager/share/rqt_controller_manager/resource/controller_info.ui
/workspaces/diffbot/ros2_ws/install/rqt_controller_manager/share/rqt_controller_manager/resource/led_off.png
/workspaces/diffbot/ros2_ws/install/rqt_controller_manager/share/rqt_controller_manager/resource/led_green.png
/workspaces/diffbot/ros2_ws/install/rqt_controller_manager/share/rqt_controller_manager/resource/cm_icon.png
/workspaces/diffbot/ros2_ws/install/rqt_controller_manager/share/rqt_controller_manager/resource/controller_manager.ui
/workspaces/diffbot/ros2_ws/install/rqt_controller_manager/share/rqt_controller_manager/plugin.xml
/workspaces/diffbot/ros2_ws/install/rqt_controller_manager/lib/python3.10/site-packages/rqt_controller_manager-2.30.0-py3.10.egg-info/top_level.txt
/workspaces/diffbot/ros2_ws/install/rqt_controller_manager/lib/python3.10/site-packages/rqt_controller_manager-2.30.0-py3.10.egg-info/dependency_links.txt
/workspaces/diffbot/ros2_ws/install/rqt_controller_manager/lib/python3.10/site-packages/rqt_controller_manager-2.30.0-py3.10.egg-info/PKG-INFO
/workspaces/diffbot/ros2_ws/install/rqt_controller_manager/lib/python3.10/site-packages/rqt_controller_manager-2.30.0-py3.10.egg-info/entry_points.txt
/workspaces/diffbot/ros2_ws/install/rqt_controller_manager/lib/python3.10/site-packages/rqt_controller_manager-2.30.0-py3.10.egg-info/requires.txt
/workspaces/diffbot/ros2_ws/install/rqt_controller_manager/lib/python3.10/site-packages/rqt_controller_manager-2.30.0-py3.10.egg-info/SOURCES.txt
/workspaces/diffbot/ros2_ws/install/rqt_controller_manager/lib/python3.10/site-packages/rqt_controller_manager-2.30.0-py3.10.egg-info/zip-safe
/workspaces/diffbot/ros2_ws/install/rqt_controller_manager/lib/rqt_controller_manager/rqt_controller_manager
