-- Found ament_cmake: 1.3.5 (/opt/ros/humble/share/ament_cmake/cmake)
-- Override CMake install command with custom implementation using symlinks instead of copying resources
-- Configuring done
-- Generating done
-- Build files have been written to: /home/lulav/ros2_ws/build/ros2_controllers
-- Install configuration: ""
-- Execute custom install script
-- Up-to-date symlink: /home/lulav/ros2_ws/install/ros2_controllers/share/ament_index/resource_index/package_run_dependencies/ros2_controllers
-- Up-to-date symlink: /home/lulav/ros2_ws/install/ros2_controllers/share/ament_index/resource_index/parent_prefix_path/ros2_controllers
-- Up-to-date symlink: /home/lulav/ros2_ws/install/ros2_controllers/share/ros2_controllers/environment/ament_prefix_path.sh
-- Up-to-date symlink: /home/lulav/ros2_ws/install/ros2_controllers/share/ros2_controllers/environment/ament_prefix_path.dsv
-- Up-to-date symlink: /home/lulav/ros2_ws/install/ros2_controllers/share/ros2_controllers/environment/path.sh
-- Up-to-date symlink: /home/lulav/ros2_ws/install/ros2_controllers/share/ros2_controllers/environment/path.dsv
-- Up-to-date symlink: /home/lulav/ros2_ws/install/ros2_controllers/share/ros2_controllers/local_setup.bash
-- Up-to-date symlink: /home/lulav/ros2_ws/install/ros2_controllers/share/ros2_controllers/local_setup.sh
-- Up-to-date symlink: /home/lulav/ros2_ws/install/ros2_controllers/share/ros2_controllers/local_setup.zsh
-- Up-to-date symlink: /home/lulav/ros2_ws/install/ros2_controllers/share/ros2_controllers/local_setup.dsv
-- Symlinking: /home/lulav/ros2_ws/install/ros2_controllers/share/ros2_controllers/package.dsv
-- Up-to-date symlink: /home/lulav/ros2_ws/install/ros2_controllers/share/ament_index/resource_index/packages/ros2_controllers
-- Up-to-date symlink: /home/lulav/ros2_ws/install/ros2_controllers/share/ros2_controllers/cmake/ros2_controllersConfig.cmake
-- Up-to-date symlink: /home/lulav/ros2_ws/install/ros2_controllers/share/ros2_controllers/cmake/ros2_controllersConfig-version.cmake
-- Up-to-date symlink: /home/lulav/ros2_ws/install/ros2_controllers/share/ros2_controllers/package.xml
