[0.159s] Invoking command in '/home/lulav/ros2_ws/build/tricycle_steering_controller': AMENT_PREFIX_PATH=/home/lulav/ros2_ws/install/steering_controllers_library:/home/lulav/ros2_ws/install/controller_manager:/home/lulav/ros2_ws/install/controller_interface:/home/lulav/ros2_ws/install/hardware_interface:/home/lulav/ros2_ws/install/ros2_control_test_assets:/home/lulav/ros2_ws/install/realtime_tools:/home/lulav/ros2_ws/install/controller_manager_msgs:/home/lulav/ros2_ws/install/control_msgs:${AMENT_PREFIX_PATH} CMAKE_PREFIX_PATH=/home/lulav/ros2_ws/install/steering_controllers_library:/home/lulav/ros2_ws/install/controller_manager:/home/lulav/ros2_ws/install/controller_interface:/home/lulav/ros2_ws/install/hardware_interface:/home/lulav/ros2_ws/install/ros2_control_test_assets:/home/lulav/ros2_ws/install/realtime_tools:/home/lulav/ros2_ws/install/controller_manager_msgs:/home/lulav/ros2_ws/install/control_msgs:/opt/ros/humble LD_LIBRARY_PATH=/home/lulav/ros2_ws/install/steering_controllers_library/lib:/home/lulav/ros2_ws/install/controller_manager/lib:/home/lulav/ros2_ws/install/controller_interface/lib:/home/lulav/ros2_ws/install/hardware_interface/lib:/home/lulav/ros2_ws/install/realtime_tools/lib:/home/lulav/ros2_ws/install/controller_manager_msgs/lib:/home/lulav/ros2_ws/install/control_msgs/lib:${LD_LIBRARY_PATH} PYTHONPATH=/home/lulav/ros2_ws/install/controller_manager/local/lib/python3.10/dist-packages:/home/lulav/ros2_ws/install/controller_manager_msgs/local/lib/python3.10/dist-packages:/home/lulav/ros2_ws/install/control_msgs/local/lib/python3.10/dist-packages:${PYTHONPATH} /usr/bin/cmake --build /home/lulav/ros2_ws/build/tricycle_steering_controller -- -j8 -l8
[0.268s] [35m[1mConsolidate compiler generated dependencies of target gmock[0m
[0.300s] [  8%] Built target tricycle_steering_controller_parameters
[0.311s] [ 33%] Built target gmock
[0.321s] [35m[1mConsolidate compiler generated dependencies of target tricycle_steering_controller[0m
[0.347s] [35m[1mConsolidate compiler generated dependencies of target test_load_tricycle_steering_controller[0m
[0.365s] [ 50%] Built target tricycle_steering_controller
[0.395s] [ 66%] Built target test_load_tricycle_steering_controller
[0.395s] [35m[1mConsolidate compiler generated dependencies of target test_tricycle_steering_controller_preceeding[0m
[0.395s] [35m[1mConsolidate compiler generated dependencies of target test_tricycle_steering_controller[0m
[0.442s] [ 83%] Built target test_tricycle_steering_controller_preceeding
[0.442s] [100%] Built target test_tricycle_steering_controller
[0.473s] Invoked command in '/home/lulav/ros2_ws/build/tricycle_steering_controller' returned '0': AMENT_PREFIX_PATH=/home/lulav/ros2_ws/install/steering_controllers_library:/home/lulav/ros2_ws/install/controller_manager:/home/lulav/ros2_ws/install/controller_interface:/home/lulav/ros2_ws/install/hardware_interface:/home/lulav/ros2_ws/install/ros2_control_test_assets:/home/lulav/ros2_ws/install/realtime_tools:/home/lulav/ros2_ws/install/controller_manager_msgs:/home/lulav/ros2_ws/install/control_msgs:${AMENT_PREFIX_PATH} CMAKE_PREFIX_PATH=/home/lulav/ros2_ws/install/steering_controllers_library:/home/lulav/ros2_ws/install/controller_manager:/home/lulav/ros2_ws/install/controller_interface:/home/lulav/ros2_ws/install/hardware_interface:/home/lulav/ros2_ws/install/ros2_control_test_assets:/home/lulav/ros2_ws/install/realtime_tools:/home/lulav/ros2_ws/install/controller_manager_msgs:/home/lulav/ros2_ws/install/control_msgs:/opt/ros/humble LD_LIBRARY_PATH=/home/lulav/ros2_ws/install/steering_controllers_library/lib:/home/lulav/ros2_ws/install/controller_manager/lib:/home/lulav/ros2_ws/install/controller_interface/lib:/home/lulav/ros2_ws/install/hardware_interface/lib:/home/lulav/ros2_ws/install/realtime_tools/lib:/home/lulav/ros2_ws/install/controller_manager_msgs/lib:/home/lulav/ros2_ws/install/control_msgs/lib:${LD_LIBRARY_PATH} PYTHONPATH=/home/lulav/ros2_ws/install/controller_manager/local/lib/python3.10/dist-packages:/home/lulav/ros2_ws/install/controller_manager_msgs/local/lib/python3.10/dist-packages:/home/lulav/ros2_ws/install/control_msgs/local/lib/python3.10/dist-packages:${PYTHONPATH} /usr/bin/cmake --build /home/lulav/ros2_ws/build/tricycle_steering_controller -- -j8 -l8
[0.733s] Invoking command in '/home/lulav/ros2_ws/build/tricycle_steering_controller': AMENT_PREFIX_PATH=/home/lulav/ros2_ws/install/steering_controllers_library:/home/lulav/ros2_ws/install/controller_manager:/home/lulav/ros2_ws/install/controller_interface:/home/lulav/ros2_ws/install/hardware_interface:/home/lulav/ros2_ws/install/ros2_control_test_assets:/home/lulav/ros2_ws/install/realtime_tools:/home/lulav/ros2_ws/install/controller_manager_msgs:/home/lulav/ros2_ws/install/control_msgs:${AMENT_PREFIX_PATH} CMAKE_PREFIX_PATH=/home/lulav/ros2_ws/install/steering_controllers_library:/home/lulav/ros2_ws/install/controller_manager:/home/lulav/ros2_ws/install/controller_interface:/home/lulav/ros2_ws/install/hardware_interface:/home/lulav/ros2_ws/install/ros2_control_test_assets:/home/lulav/ros2_ws/install/realtime_tools:/home/lulav/ros2_ws/install/controller_manager_msgs:/home/lulav/ros2_ws/install/control_msgs:/opt/ros/humble LD_LIBRARY_PATH=/home/lulav/ros2_ws/install/steering_controllers_library/lib:/home/lulav/ros2_ws/install/controller_manager/lib:/home/lulav/ros2_ws/install/controller_interface/lib:/home/lulav/ros2_ws/install/hardware_interface/lib:/home/lulav/ros2_ws/install/realtime_tools/lib:/home/lulav/ros2_ws/install/controller_manager_msgs/lib:/home/lulav/ros2_ws/install/control_msgs/lib:${LD_LIBRARY_PATH} PYTHONPATH=/home/lulav/ros2_ws/install/controller_manager/local/lib/python3.10/dist-packages:/home/lulav/ros2_ws/install/controller_manager_msgs/local/lib/python3.10/dist-packages:/home/lulav/ros2_ws/install/control_msgs/local/lib/python3.10/dist-packages:${PYTHONPATH} /usr/bin/cmake --install /home/lulav/ros2_ws/build/tricycle_steering_controller
[0.755s] -- Install configuration: ""
[0.757s] -- Execute custom install script
[0.758s] -- Up-to-date symlink: /home/lulav/ros2_ws/install/tricycle_steering_controller/include/tricycle_steering_controller_parameters/tricycle_steering_controller_parameters.hpp
[0.760s] -- Up-to-date symlink: /home/lulav/ros2_ws/install/tricycle_steering_controller/share/tricycle_steering_controller//tricycle_steering_controller.xml
[0.761s] -- Up-to-date symlink: /home/lulav/ros2_ws/install/tricycle_steering_controller/include/tricycle_steering_controller/tricycle_steering_controller/tricycle_steering_controller.hpp
[0.761s] -- Up-to-date symlink: /home/lulav/ros2_ws/install/tricycle_steering_controller/include/tricycle_steering_controller/tricycle_steering_controller/visibility_control.h
[0.763s] -- Up-to-date symlink: /home/lulav/ros2_ws/install/tricycle_steering_controller/share/tricycle_steering_controller/environment/library_path.sh
[0.764s] -- Up-to-date symlink: /home/lulav/ros2_ws/install/tricycle_steering_controller/share/tricycle_steering_controller/environment/library_path.dsv
[0.765s] -- Up-to-date symlink: /home/lulav/ros2_ws/install/tricycle_steering_controller/share/ament_index/resource_index/package_run_dependencies/tricycle_steering_controller
[0.765s] -- Up-to-date symlink: /home/lulav/ros2_ws/install/tricycle_steering_controller/share/ament_index/resource_index/parent_prefix_path/tricycle_steering_controller
[0.766s] -- Up-to-date symlink: /home/lulav/ros2_ws/install/tricycle_steering_controller/share/tricycle_steering_controller/environment/ament_prefix_path.sh
[0.767s] -- Up-to-date symlink: /home/lulav/ros2_ws/install/tricycle_steering_controller/share/tricycle_steering_controller/environment/ament_prefix_path.dsv
[0.768s] -- Up-to-date symlink: /home/lulav/ros2_ws/install/tricycle_steering_controller/share/tricycle_steering_controller/environment/path.sh
[0.768s] -- Up-to-date symlink: /home/lulav/ros2_ws/install/tricycle_steering_controller/share/tricycle_steering_controller/environment/path.dsv
[0.769s] -- Up-to-date symlink: /home/lulav/ros2_ws/install/tricycle_steering_controller/share/tricycle_steering_controller/local_setup.bash
[0.770s] -- Up-to-date symlink: /home/lulav/ros2_ws/install/tricycle_steering_controller/share/tricycle_steering_controller/local_setup.sh
[0.771s] -- Up-to-date symlink: /home/lulav/ros2_ws/install/tricycle_steering_controller/share/tricycle_steering_controller/local_setup.zsh
[0.772s] -- Up-to-date symlink: /home/lulav/ros2_ws/install/tricycle_steering_controller/share/tricycle_steering_controller/local_setup.dsv
[0.776s] -- Symlinking: /home/lulav/ros2_ws/install/tricycle_steering_controller/share/tricycle_steering_controller/package.dsv
[0.800s] -- Up-to-date symlink: /home/lulav/ros2_ws/install/tricycle_steering_controller/share/ament_index/resource_index/packages/tricycle_steering_controller
[0.801s] -- Up-to-date symlink: /home/lulav/ros2_ws/install/tricycle_steering_controller/share/ament_index/resource_index/controller_interface__pluginlib__plugin/tricycle_steering_controller
[0.803s] -- Up-to-date symlink: /home/lulav/ros2_ws/install/tricycle_steering_controller/share/tricycle_steering_controller/cmake/ament_cmake_export_targets-extras.cmake
[0.803s] -- Up-to-date symlink: /home/lulav/ros2_ws/install/tricycle_steering_controller/share/tricycle_steering_controller/cmake/ament_cmake_export_dependencies-extras.cmake
[0.804s] -- Up-to-date symlink: /home/lulav/ros2_ws/install/tricycle_steering_controller/share/tricycle_steering_controller/cmake/tricycle_steering_controllerConfig.cmake
[0.805s] -- Up-to-date symlink: /home/lulav/ros2_ws/install/tricycle_steering_controller/share/tricycle_steering_controller/cmake/tricycle_steering_controllerConfig-version.cmake
[0.806s] -- Up-to-date symlink: /home/lulav/ros2_ws/install/tricycle_steering_controller/share/tricycle_steering_controller/package.xml
[0.807s] -- Up-to-date: /home/lulav/ros2_ws/install/tricycle_steering_controller/lib/libtricycle_steering_controller.so
[0.808s] -- Up-to-date: /home/lulav/ros2_ws/install/tricycle_steering_controller/share/tricycle_steering_controller/cmake/export_tricycle_steering_controllerExport.cmake
[0.809s] -- Up-to-date: /home/lulav/ros2_ws/install/tricycle_steering_controller/share/tricycle_steering_controller/cmake/export_tricycle_steering_controllerExport-noconfig.cmake
[0.823s] Invoked command in '/home/lulav/ros2_ws/build/tricycle_steering_controller' returned '0': AMENT_PREFIX_PATH=/home/lulav/ros2_ws/install/steering_controllers_library:/home/lulav/ros2_ws/install/controller_manager:/home/lulav/ros2_ws/install/controller_interface:/home/lulav/ros2_ws/install/hardware_interface:/home/lulav/ros2_ws/install/ros2_control_test_assets:/home/lulav/ros2_ws/install/realtime_tools:/home/lulav/ros2_ws/install/controller_manager_msgs:/home/lulav/ros2_ws/install/control_msgs:${AMENT_PREFIX_PATH} CMAKE_PREFIX_PATH=/home/lulav/ros2_ws/install/steering_controllers_library:/home/lulav/ros2_ws/install/controller_manager:/home/lulav/ros2_ws/install/controller_interface:/home/lulav/ros2_ws/install/hardware_interface:/home/lulav/ros2_ws/install/ros2_control_test_assets:/home/lulav/ros2_ws/install/realtime_tools:/home/lulav/ros2_ws/install/controller_manager_msgs:/home/lulav/ros2_ws/install/control_msgs:/opt/ros/humble LD_LIBRARY_PATH=/home/lulav/ros2_ws/install/steering_controllers_library/lib:/home/lulav/ros2_ws/install/controller_manager/lib:/home/lulav/ros2_ws/install/controller_interface/lib:/home/lulav/ros2_ws/install/hardware_interface/lib:/home/lulav/ros2_ws/install/realtime_tools/lib:/home/lulav/ros2_ws/install/controller_manager_msgs/lib:/home/lulav/ros2_ws/install/control_msgs/lib:${LD_LIBRARY_PATH} PYTHONPATH=/home/lulav/ros2_ws/install/controller_manager/local/lib/python3.10/dist-packages:/home/lulav/ros2_ws/install/controller_manager_msgs/local/lib/python3.10/dist-packages:/home/lulav/ros2_ws/install/control_msgs/local/lib/python3.10/dist-packages:${PYTHONPATH} /usr/bin/cmake --install /home/lulav/ros2_ws/build/tricycle_steering_controller
