[2.231s] Invoking command in '/workspaces/diffbot/ros2_ws/teleop_twist_keyboard': PYTHONPATH=/workspaces/diffbot/ros2_ws/build/teleop_twist_keyboard/prefix_override:/workspaces/diffbot/ros2_ws/install/teleop_twist_keyboard/lib/python3.10/site-packages:${PYTHONPATH} /usr/bin/python3 setup.py egg_info --egg-base ../build/teleop_twist_keyboard build --build-base /workspaces/diffbot/ros2_ws/build/teleop_twist_keyboard/build install --record /workspaces/diffbot/ros2_ws/build/teleop_twist_keyboard/install.log --single-version-externally-managed
[2.804s] running egg_info
[2.806s] writing ../build/teleop_twist_keyboard/teleop_twist_keyboard.egg-info/PKG-INFO
[2.807s] writing dependency_links to ../build/teleop_twist_keyboard/teleop_twist_keyboard.egg-info/dependency_links.txt
[2.807s] writing entry points to ../build/teleop_twist_keyboard/teleop_twist_keyboard.egg-info/entry_points.txt
[2.807s] writing requirements to ../build/teleop_twist_keyboard/teleop_twist_keyboard.egg-info/requires.txt
[2.807s] writing top-level names to ../build/teleop_twist_keyboard/teleop_twist_keyboard.egg-info/top_level.txt
[2.810s] reading manifest file '../build/teleop_twist_keyboard/teleop_twist_keyboard.egg-info/SOURCES.txt'
[2.811s] adding license file 'LICENSE'
[2.813s] writing manifest file '../build/teleop_twist_keyboard/teleop_twist_keyboard.egg-info/SOURCES.txt'
[2.818s] running build
[2.820s] running build_py
[2.820s] running install
[2.821s] /usr/lib/python3/dist-packages/setuptools/command/install.py:34: SetuptoolsDeprecationWarning: setup.py install is deprecated. Use build and pip and other standards-based tools.
[2.821s]   warnings.warn(
[2.821s] running install_lib
[2.822s] running install_data
[2.822s] running install_egg_info
[2.826s] removing '/workspaces/diffbot/ros2_ws/install/teleop_twist_keyboard/lib/python3.10/site-packages/teleop_twist_keyboard-2.3.2-py3.10.egg-info' (and everything under it)
[2.826s] Copying ../build/teleop_twist_keyboard/teleop_twist_keyboard.egg-info to /workspaces/diffbot/ros2_ws/install/teleop_twist_keyboard/lib/python3.10/site-packages/teleop_twist_keyboard-2.3.2-py3.10.egg-info
[2.829s] running install_scripts
[2.887s] Installing teleop_twist_keyboard script to /workspaces/diffbot/ros2_ws/install/teleop_twist_keyboard/lib/teleop_twist_keyboard
[2.888s] writing list of installed files to '/workspaces/diffbot/ros2_ws/build/teleop_twist_keyboard/install.log'
[2.943s] Invoked command in '/workspaces/diffbot/ros2_ws/teleop_twist_keyboard' returned '0': PYTHONPATH=/workspaces/diffbot/ros2_ws/build/teleop_twist_keyboard/prefix_override:/workspaces/diffbot/ros2_ws/install/teleop_twist_keyboard/lib/python3.10/site-packages:${PYTHONPATH} /usr/bin/python3 setup.py egg_info --egg-base ../build/teleop_twist_keyboard build --build-base /workspaces/diffbot/ros2_ws/build/teleop_twist_keyboard/build install --record /workspaces/diffbot/ros2_ws/build/teleop_twist_keyboard/install.log --single-version-externally-managed
