[ 50%] [32mBuilding CXX object CMakeFiles/ros2_control_demo_mydiffbot.dir/hardware/diffbot_system.cpp.o[0m
[100%] [32m[1mLinking CXX shared library libros2_control_demo_mydiffbot.so[0m
[100%] Built target ros2_control_demo_mydiffbot
-- Install configuration: ""
-- Execute custom install script
-- Symlinking: /home/lulav/ros2_ws/install/ros2_control_demo_mydiffbot/share/ros2_control_demo_mydiffbot//ros2_control_demo_mydiffbot.xml
-- Symlinking: /home/lulav/ros2_ws/install/ros2_control_demo_mydiffbot/include/ros2_control_demo_mydiffbot/ros2_control_demo_example_2/diffbot_system.hpp
-- Symlinking: /home/lulav/ros2_ws/install/ros2_control_demo_mydiffbot/include/ros2_control_demo_mydiffbot/ros2_control_demo_example_2/visibility_control.h
-- Symlinking: /home/lulav/ros2_ws/install/ros2_control_demo_mydiffbot/share/ros2_control_demo_mydiffbot/launch/view_robot.launch.py
-- Symlinking: /home/lulav/ros2_ws/install/ros2_control_demo_mydiffbot/share/ros2_control_demo_mydiffbot/ros2_control/diffbot.ros2_control.xacro
-- Symlinking: /home/lulav/ros2_ws/install/ros2_control_demo_mydiffbot/share/ros2_control_demo_mydiffbot/urdf/diffbot.materials.xacro
-- Symlinking: /home/lulav/ros2_ws/install/ros2_control_demo_mydiffbot/share/ros2_control_demo_mydiffbot/urdf/diffbot.urdf.xacro
-- Symlinking: /home/lulav/ros2_ws/install/ros2_control_demo_mydiffbot/share/ros2_control_demo_mydiffbot/urdf/diffbot_description.urdf.xacro
-- Symlinking: /home/lulav/ros2_ws/install/ros2_control_demo_mydiffbot/share/ros2_control_demo_mydiffbot/rviz/diffbot.rviz
-- Symlinking: /home/lulav/ros2_ws/install/ros2_control_demo_mydiffbot/share/ros2_control_demo_mydiffbot/rviz/diffbot_view.rviz
-- Symlinking: /home/lulav/ros2_ws/install/ros2_control_demo_mydiffbot/share/ros2_control_demo_mydiffbot/launch/diffbot.launch.py
-- Symlinking: /home/lulav/ros2_ws/install/ros2_control_demo_mydiffbot/share/ros2_control_demo_mydiffbot/config/diffbot_controllers.yaml
-- Symlinking: /home/lulav/ros2_ws/install/ros2_control_demo_mydiffbot/share/ros2_control_demo_mydiffbot/environment/library_path.sh
-- Symlinking: /home/lulav/ros2_ws/install/ros2_control_demo_mydiffbot/share/ros2_control_demo_mydiffbot/environment/library_path.dsv
-- Symlinking: /home/lulav/ros2_ws/install/ros2_control_demo_mydiffbot/share/ament_index/resource_index/package_run_dependencies/ros2_control_demo_mydiffbot
-- Symlinking: /home/lulav/ros2_ws/install/ros2_control_demo_mydiffbot/share/ament_index/resource_index/parent_prefix_path/ros2_control_demo_mydiffbot
-- Symlinking: /home/lulav/ros2_ws/install/ros2_control_demo_mydiffbot/share/ros2_control_demo_mydiffbot/environment/ament_prefix_path.sh
-- Symlinking: /home/lulav/ros2_ws/install/ros2_control_demo_mydiffbot/share/ros2_control_demo_mydiffbot/environment/ament_prefix_path.dsv
-- Symlinking: /home/lulav/ros2_ws/install/ros2_control_demo_mydiffbot/share/ros2_control_demo_mydiffbot/environment/path.sh
-- Symlinking: /home/lulav/ros2_ws/install/ros2_control_demo_mydiffbot/share/ros2_control_demo_mydiffbot/environment/path.dsv
-- Symlinking: /home/lulav/ros2_ws/install/ros2_control_demo_mydiffbot/share/ros2_control_demo_mydiffbot/local_setup.bash
-- Symlinking: /home/lulav/ros2_ws/install/ros2_control_demo_mydiffbot/share/ros2_control_demo_mydiffbot/local_setup.sh
-- Symlinking: /home/lulav/ros2_ws/install/ros2_control_demo_mydiffbot/share/ros2_control_demo_mydiffbot/local_setup.zsh
-- Symlinking: /home/lulav/ros2_ws/install/ros2_control_demo_mydiffbot/share/ros2_control_demo_mydiffbot/local_setup.dsv
-- Symlinking: /home/lulav/ros2_ws/install/ros2_control_demo_mydiffbot/share/ros2_control_demo_mydiffbot/package.dsv
-- Symlinking: /home/lulav/ros2_ws/install/ros2_control_demo_mydiffbot/share/ament_index/resource_index/packages/ros2_control_demo_mydiffbot
-- Symlinking: /home/lulav/ros2_ws/install/ros2_control_demo_mydiffbot/share/ament_index/resource_index/hardware_interface__pluginlib__plugin/ros2_control_demo_mydiffbot
-- Symlinking: /home/lulav/ros2_ws/install/ros2_control_demo_mydiffbot/share/ros2_control_demo_mydiffbot/cmake/ament_cmake_export_targets-extras.cmake
-- Symlinking: /home/lulav/ros2_ws/install/ros2_control_demo_mydiffbot/share/ros2_control_demo_mydiffbot/cmake/ament_cmake_export_dependencies-extras.cmake
-- Symlinking: /home/lulav/ros2_ws/install/ros2_control_demo_mydiffbot/share/ros2_control_demo_mydiffbot/cmake/ros2_control_demo_mydiffbotConfig.cmake
-- Symlinking: /home/lulav/ros2_ws/install/ros2_control_demo_mydiffbot/share/ros2_control_demo_mydiffbot/cmake/ros2_control_demo_mydiffbotConfig-version.cmake
-- Symlinking: /home/lulav/ros2_ws/install/ros2_control_demo_mydiffbot/share/ros2_control_demo_mydiffbot/package.xml
-- Installing: /home/lulav/ros2_ws/install/ros2_control_demo_mydiffbot/lib/libros2_control_demo_mydiffbot.so
-- Set runtime path of "/home/lulav/ros2_ws/install/ros2_control_demo_mydiffbot/lib/libros2_control_demo_mydiffbot.so" to ""
-- Installing: /home/lulav/ros2_ws/install/ros2_control_demo_mydiffbot/share/ros2_control_demo_mydiffbot/cmake/export_ros2_control_demo_mydiffbotExport.cmake
-- Installing: /home/lulav/ros2_ws/install/ros2_control_demo_mydiffbot/share/ros2_control_demo_mydiffbot/cmake/export_ros2_control_demo_mydiffbotExport-noconfig.cmake
