[0.037s] Invoking command in '/home/lulav/ros2_ws/build/hardware_interface': AMENT_PREFIX_PATH=/home/lulav/ros2_ws/install/ros2_control_test_assets:/home/lulav/ros2_ws/install/control_msgs:${AMENT_PREFIX_PATH} CMAKE_PREFIX_PATH=/home/lulav/ros2_ws/install/ros2_control_test_assets:/home/lulav/ros2_ws/install/control_msgs:/opt/ros/humble LD_LIBRARY_PATH=/home/lulav/ros2_ws/install/control_msgs/lib:${LD_LIBRARY_PATH} PYTHONPATH=/home/lulav/ros2_ws/install/control_msgs/local/lib/python3.10/dist-packages:${PYTHONPATH} /usr/bin/cmake /home/lulav/ros2_ws/src/ros2_control/hardware_interface -DCMAKE_INSTALL_PREFIX=/home/lulav/ros2_ws/install/hardware_interface
[0.063s] -- Found ament_cmake: 1.3.5 (/opt/ros/humble/share/ament_cmake/cmake)
[0.376s] -- Override CMake install command with custom implementation using symlinks instead of copying resources
[0.390s] -- Found control_msgs: 4.4.0 (/home/lulav/ros2_ws/install/control_msgs/share/control_msgs/cmake)
[0.450s] -- Found rosidl_generator_c: 3.1.5 (/opt/ros/humble/share/rosidl_generator_c/cmake)
[0.455s] -- Found rosidl_adapter: 3.1.5 (/opt/ros/humble/share/rosidl_adapter/cmake)
[0.471s] -- Found rosidl_generator_cpp: 3.1.5 (/opt/ros/humble/share/rosidl_generator_cpp/cmake)
[0.501s] -- Using all available rosidl_typesupport_c: rosidl_typesupport_fastrtps_c;rosidl_typesupport_introspection_c
[0.540s] -- Using all available rosidl_typesupport_cpp: rosidl_typesupport_fastrtps_cpp;rosidl_typesupport_introspection_cpp
[1.849s] -- Found lifecycle_msgs: 1.2.1 (/opt/ros/humble/share/lifecycle_msgs/cmake)
[1.878s] -- Found pluginlib: 5.1.0 (/opt/ros/humble/share/pluginlib/cmake)
[1.918s] -- Found rclcpp_lifecycle: 16.0.5 (/opt/ros/humble/share/rclcpp_lifecycle/cmake)
[2.040s] -- Found rmw_implementation_cmake: 6.1.1 (/opt/ros/humble/share/rmw_implementation_cmake/cmake)
[2.043s] -- Found rmw_fastrtps_cpp: 6.2.3 (/opt/ros/humble/share/rmw_fastrtps_cpp/cmake)
[2.284s] -- Using RMW implementation 'rmw_fastrtps_cpp' as default
[2.647s] -- Found ament_cmake_gmock: 1.3.5 (/opt/ros/humble/share/ament_cmake_gmock/cmake)
[2.647s] -- Found ros2_control_test_assets: 2.29.0 (/home/lulav/ros2_ws/install/ros2_control_test_assets/share/ros2_control_test_assets/cmake)
[2.650s] -- Found gmock sources under '/opt/ros/humble/src/gmock_vendor': C++ tests using 'Google Mock' will be built
[2.653s] -- Found ament_cmake_gtest: 1.3.5 (/opt/ros/humble/share/ament_cmake_gtest/cmake)
[2.654s] -- Found gtest sources under '/opt/ros/humble/src/gtest_vendor': C++ tests using 'Google Test' will be built
[2.817s] -- Configuring done
[2.949s] -- Generating done
[2.953s] -- Build files have been written to: /home/lulav/ros2_ws/build/hardware_interface
[2.971s] Invoked command in '/home/lulav/ros2_ws/build/hardware_interface' returned '0': AMENT_PREFIX_PATH=/home/lulav/ros2_ws/install/ros2_control_test_assets:/home/lulav/ros2_ws/install/control_msgs:${AMENT_PREFIX_PATH} CMAKE_PREFIX_PATH=/home/lulav/ros2_ws/install/ros2_control_test_assets:/home/lulav/ros2_ws/install/control_msgs:/opt/ros/humble LD_LIBRARY_PATH=/home/lulav/ros2_ws/install/control_msgs/lib:${LD_LIBRARY_PATH} PYTHONPATH=/home/lulav/ros2_ws/install/control_msgs/local/lib/python3.10/dist-packages:${PYTHONPATH} /usr/bin/cmake /home/lulav/ros2_ws/src/ros2_control/hardware_interface -DCMAKE_INSTALL_PREFIX=/home/lulav/ros2_ws/install/hardware_interface
[2.974s] Invoking command in '/home/lulav/ros2_ws/build/hardware_interface': AMENT_PREFIX_PATH=/home/lulav/ros2_ws/install/ros2_control_test_assets:/home/lulav/ros2_ws/install/control_msgs:${AMENT_PREFIX_PATH} CMAKE_PREFIX_PATH=/home/lulav/ros2_ws/install/ros2_control_test_assets:/home/lulav/ros2_ws/install/control_msgs:/opt/ros/humble LD_LIBRARY_PATH=/home/lulav/ros2_ws/install/control_msgs/lib:${LD_LIBRARY_PATH} PYTHONPATH=/home/lulav/ros2_ws/install/control_msgs/local/lib/python3.10/dist-packages:${PYTHONPATH} /usr/bin/cmake --build /home/lulav/ros2_ws/build/hardware_interface -- -j8 -l8
[3.058s] [35m[1mConsolidate compiler generated dependencies of target gmock_main[0m
[3.063s] [35m[1mConsolidate compiler generated dependencies of target gmock[0m
[3.065s] [35m[1mConsolidate compiler generated dependencies of target hardware_interface[0m
[3.086s] [  5%] Built target gmock_main
[3.101s] [ 12%] Built target gmock
[3.115s] [ 28%] Built target hardware_interface
[3.124s] [35m[1mConsolidate compiler generated dependencies of target test_macros[0m
[3.142s] [35m[1mConsolidate compiler generated dependencies of target test_inst_hardwares[0m
[3.155s] [35m[1mConsolidate compiler generated dependencies of target test_component_parser[0m
[3.155s] [35m[1mConsolidate compiler generated dependencies of target mock_components[0m
[3.163s] [ 33%] Built target test_macros
[3.165s] [35m[1mConsolidate compiler generated dependencies of target fake_components[0m
[3.166s] [35m[1mConsolidate compiler generated dependencies of target test_component_interfaces[0m
[3.171s] [35m[1mConsolidate compiler generated dependencies of target test_components[0m
[3.175s] [35m[1mConsolidate compiler generated dependencies of target test_joint_handle[0m
[3.205s] [35m[1mConsolidate compiler generated dependencies of target test_hardware_components[0m
[3.231s] [ 38%] Built target mock_components
[3.232s] [ 43%] Built target test_inst_hardwares
[3.232s] [ 48%] Built target test_component_parser
[3.242s] [ 56%] Built target fake_components
[3.242s] [ 61%] Built target test_component_interfaces
[3.251s] [ 66%] Built target test_joint_handle
[3.255s] [ 76%] Built target test_components
[3.262s] [ 89%] Built target test_hardware_components
[3.262s] [35m[1mConsolidate compiler generated dependencies of target test_generic_system[0m
[3.264s] [35m[1mConsolidate compiler generated dependencies of target test_resource_manager[0m
[3.305s] [100%] Built target test_generic_system
[3.306s] [100%] Built target test_resource_manager
[3.331s] Invoked command in '/home/lulav/ros2_ws/build/hardware_interface' returned '0': AMENT_PREFIX_PATH=/home/lulav/ros2_ws/install/ros2_control_test_assets:/home/lulav/ros2_ws/install/control_msgs:${AMENT_PREFIX_PATH} CMAKE_PREFIX_PATH=/home/lulav/ros2_ws/install/ros2_control_test_assets:/home/lulav/ros2_ws/install/control_msgs:/opt/ros/humble LD_LIBRARY_PATH=/home/lulav/ros2_ws/install/control_msgs/lib:${LD_LIBRARY_PATH} PYTHONPATH=/home/lulav/ros2_ws/install/control_msgs/local/lib/python3.10/dist-packages:${PYTHONPATH} /usr/bin/cmake --build /home/lulav/ros2_ws/build/hardware_interface -- -j8 -l8
[3.469s] Invoking command in '/home/lulav/ros2_ws/build/hardware_interface': AMENT_PREFIX_PATH=/home/lulav/ros2_ws/install/ros2_control_test_assets:/home/lulav/ros2_ws/install/control_msgs:${AMENT_PREFIX_PATH} CMAKE_PREFIX_PATH=/home/lulav/ros2_ws/install/ros2_control_test_assets:/home/lulav/ros2_ws/install/control_msgs:/opt/ros/humble LD_LIBRARY_PATH=/home/lulav/ros2_ws/install/control_msgs/lib:${LD_LIBRARY_PATH} PYTHONPATH=/home/lulav/ros2_ws/install/control_msgs/local/lib/python3.10/dist-packages:${PYTHONPATH} /usr/bin/cmake --install /home/lulav/ros2_ws/build/hardware_interface
[3.481s] -- Install configuration: ""
[3.482s] -- Execute custom install script
[3.482s] -- Up-to-date symlink: /home/lulav/ros2_ws/install/hardware_interface/share/hardware_interface//mock_components_plugin_description.xml
[3.482s] -- Up-to-date symlink: /home/lulav/ros2_ws/install/hardware_interface/share/hardware_interface//fake_components_plugin_description.xml
[3.483s] -- Up-to-date symlink: /home/lulav/ros2_ws/install/hardware_interface/include/fake_components/generic_system.hpp
[3.484s] -- Up-to-date symlink: /home/lulav/ros2_ws/install/hardware_interface/include/fake_components/visibility_control.h
[3.484s] -- Up-to-date symlink: /home/lulav/ros2_ws/install/hardware_interface/include/hardware_interface/actuator.hpp
[3.484s] -- Up-to-date symlink: /home/lulav/ros2_ws/install/hardware_interface/include/hardware_interface/actuator_interface.hpp
[3.485s] -- Up-to-date symlink: /home/lulav/ros2_ws/install/hardware_interface/include/hardware_interface/component_parser.hpp
[3.485s] -- Up-to-date symlink: /home/lulav/ros2_ws/install/hardware_interface/include/hardware_interface/controller_info.hpp
[3.485s] -- Up-to-date symlink: /home/lulav/ros2_ws/install/hardware_interface/include/hardware_interface/handle.hpp
[3.485s] -- Up-to-date symlink: /home/lulav/ros2_ws/install/hardware_interface/include/hardware_interface/hardware_component_info.hpp
[3.486s] -- Up-to-date symlink: /home/lulav/ros2_ws/install/hardware_interface/include/hardware_interface/hardware_info.hpp
[3.486s] -- Up-to-date symlink: /home/lulav/ros2_ws/install/hardware_interface/include/hardware_interface/loaned_command_interface.hpp
[3.486s] -- Up-to-date symlink: /home/lulav/ros2_ws/install/hardware_interface/include/hardware_interface/loaned_state_interface.hpp
[3.486s] -- Up-to-date symlink: /home/lulav/ros2_ws/install/hardware_interface/include/hardware_interface/macros.hpp
[3.487s] -- Up-to-date symlink: /home/lulav/ros2_ws/install/hardware_interface/include/hardware_interface/resource_manager.hpp
[3.487s] -- Up-to-date symlink: /home/lulav/ros2_ws/install/hardware_interface/include/hardware_interface/sensor.hpp
[3.487s] -- Up-to-date symlink: /home/lulav/ros2_ws/install/hardware_interface/include/hardware_interface/sensor_interface.hpp
[3.487s] -- Up-to-date symlink: /home/lulav/ros2_ws/install/hardware_interface/include/hardware_interface/system.hpp
[3.488s] -- Up-to-date symlink: /home/lulav/ros2_ws/install/hardware_interface/include/hardware_interface/system_interface.hpp
[3.488s] -- Up-to-date symlink: /home/lulav/ros2_ws/install/hardware_interface/include/hardware_interface/types/hardware_interface_return_values.hpp
[3.488s] -- Up-to-date symlink: /home/lulav/ros2_ws/install/hardware_interface/include/hardware_interface/types/hardware_interface_type_values.hpp
[3.488s] -- Up-to-date symlink: /home/lulav/ros2_ws/install/hardware_interface/include/hardware_interface/types/lifecycle_state_names.hpp
[3.489s] -- Up-to-date symlink: /home/lulav/ros2_ws/install/hardware_interface/include/hardware_interface/visibility_control.h
[3.489s] -- Up-to-date symlink: /home/lulav/ros2_ws/install/hardware_interface/include/mock_components/generic_system.hpp
[3.489s] -- Up-to-date symlink: /home/lulav/ros2_ws/install/hardware_interface/include/mock_components/visibility_control.h
[3.490s] -- Up-to-date symlink: /home/lulav/ros2_ws/install/hardware_interface/lib/libfake_components.so
[3.490s] -- Up-to-date symlink: /home/lulav/ros2_ws/install/hardware_interface/lib/libmock_components.so
[3.490s] -- Up-to-date symlink: /home/lulav/ros2_ws/install/hardware_interface/lib/libhardware_interface.so
[3.491s] -- Up-to-date symlink: /home/lulav/ros2_ws/install/hardware_interface/lib/libtest_components.so
[3.491s] -- Up-to-date symlink: /home/lulav/ros2_ws/install/hardware_interface/share/hardware_interface/test/test_components/test_components.xml
[3.491s] -- Up-to-date symlink: /home/lulav/ros2_ws/install/hardware_interface/lib/libtest_hardware_components.so
[3.492s] -- Up-to-date symlink: /home/lulav/ros2_ws/install/hardware_interface/share/hardware_interface/test/test_hardware_components/test_hardware_components.xml
[3.492s] -- Up-to-date symlink: /home/lulav/ros2_ws/install/hardware_interface/share/hardware_interface/environment/library_path.sh
[3.492s] -- Up-to-date symlink: /home/lulav/ros2_ws/install/hardware_interface/share/hardware_interface/environment/library_path.dsv
[3.493s] -- Up-to-date symlink: /home/lulav/ros2_ws/install/hardware_interface/share/ament_index/resource_index/package_run_dependencies/hardware_interface
[3.493s] -- Up-to-date symlink: /home/lulav/ros2_ws/install/hardware_interface/share/ament_index/resource_index/parent_prefix_path/hardware_interface
[3.493s] -- Up-to-date symlink: /home/lulav/ros2_ws/install/hardware_interface/share/hardware_interface/environment/ament_prefix_path.sh
[3.494s] -- Up-to-date symlink: /home/lulav/ros2_ws/install/hardware_interface/share/hardware_interface/environment/ament_prefix_path.dsv
[3.494s] -- Up-to-date symlink: /home/lulav/ros2_ws/install/hardware_interface/share/hardware_interface/environment/path.sh
[3.494s] -- Up-to-date symlink: /home/lulav/ros2_ws/install/hardware_interface/share/hardware_interface/environment/path.dsv
[3.495s] -- Up-to-date symlink: /home/lulav/ros2_ws/install/hardware_interface/share/hardware_interface/local_setup.bash
[3.500s] -- Up-to-date symlink: /home/lulav/ros2_ws/install/hardware_interface/share/hardware_interface/local_setup.sh
[3.500s] -- Up-to-date symlink: /home/lulav/ros2_ws/install/hardware_interface/share/hardware_interface/local_setup.zsh
[3.500s] -- Up-to-date symlink: /home/lulav/ros2_ws/install/hardware_interface/share/hardware_interface/local_setup.dsv
[3.500s] -- Symlinking: /home/lulav/ros2_ws/install/hardware_interface/share/hardware_interface/package.dsv
[3.517s] -- Up-to-date symlink: /home/lulav/ros2_ws/install/hardware_interface/share/ament_index/resource_index/packages/hardware_interface
[3.518s] -- Up-to-date symlink: /home/lulav/ros2_ws/install/hardware_interface/share/ament_index/resource_index/hardware_interface__pluginlib__plugin/hardware_interface
[3.518s] -- Up-to-date symlink: /home/lulav/ros2_ws/install/hardware_interface/share/hardware_interface/cmake/ament_cmake_export_include_directories-extras.cmake
[3.518s] -- Up-to-date symlink: /home/lulav/ros2_ws/install/hardware_interface/share/hardware_interface/cmake/ament_cmake_export_libraries-extras.cmake
[3.518s] -- Up-to-date symlink: /home/lulav/ros2_ws/install/hardware_interface/share/hardware_interface/cmake/ament_cmake_export_dependencies-extras.cmake
[3.518s] -- Up-to-date symlink: /home/lulav/ros2_ws/install/hardware_interface/share/hardware_interface/cmake/hardware_interfaceConfig.cmake
[3.519s] -- Up-to-date symlink: /home/lulav/ros2_ws/install/hardware_interface/share/hardware_interface/cmake/hardware_interfaceConfig-version.cmake
[3.519s] -- Up-to-date symlink: /home/lulav/ros2_ws/install/hardware_interface/share/hardware_interface/package.xml
[3.527s] Invoked command in '/home/lulav/ros2_ws/build/hardware_interface' returned '0': AMENT_PREFIX_PATH=/home/lulav/ros2_ws/install/ros2_control_test_assets:/home/lulav/ros2_ws/install/control_msgs:${AMENT_PREFIX_PATH} CMAKE_PREFIX_PATH=/home/lulav/ros2_ws/install/ros2_control_test_assets:/home/lulav/ros2_ws/install/control_msgs:/opt/ros/humble LD_LIBRARY_PATH=/home/lulav/ros2_ws/install/control_msgs/lib:${LD_LIBRARY_PATH} PYTHONPATH=/home/lulav/ros2_ws/install/control_msgs/local/lib/python3.10/dist-packages:${PYTHONPATH} /usr/bin/cmake --install /home/lulav/ros2_ws/build/hardware_interface
