[0.195s] Invoking command in '/workspaces/diffbot/ros2_ws/build/joint_state_broadcaster': AMENT_PREFIX_PATH=/workspaces/diffbot/ros2_ws/install/ros2_control_test_assets:/workspaces/diffbot/ros2_ws/install/realtime_tools:/workspaces/diffbot/ros2_ws/install/controller_manager_msgs:/workspaces/diffbot/ros2_ws/install/control_msgs:${AMENT_PREFIX_PATH} CMAKE_PREFIX_PATH=/workspaces/diffbot/ros2_ws/install/controller_manager:/workspaces/diffbot/ros2_ws/install/controller_interface:/workspaces/diffbot/ros2_ws/install/hardware_interface:/workspaces/diffbot/ros2_ws/install/ros2_control_test_assets:/workspaces/diffbot/ros2_ws/install/realtime_tools:/workspaces/diffbot/ros2_ws/install/controller_manager_msgs:/workspaces/diffbot/ros2_ws/install/control_msgs:/workspaces/diffbot/ros2_ws/install/gazebo_ros2_control_demos:/workspaces/diffbot/ros2_ws/install/ros2_control:/workspaces/diffbot/ros2_ws/install/transmission_interface:/workspaces/diffbot/ros2_ws/install/ros2_controllers:/workspaces/diffbot/ros2_ws/install/steering_controllers_library:/workspaces/diffbot/ros2_ws/install/ros2_control_demos:/workspaces/diffbot/ros2_ws/install/ros2_control_demo_example_2:/workspaces/diffbot/ros2_ws/install/gazebo_ros2_control:/workspaces/diffbot/ros2_ws/install/diffbot_bringup:/workspaces/diffbot/ros2_ws/install/ros2_control_demo_description:/workspaces/diffbot/ros2_ws/install/joint_state_broadcaster:/workspaces/diffbot/ros2_ws/install/diff_drive_controller:/workspaces/diffbot/ros2_ws/install/position_controllers:/workspaces/diffbot/ros2_ws/install/joint_limits:/workspaces/diffbot/ros2_ws/install/rqt_controller_manager:/workspaces/diffbot/ros2_ws/install/ros2controlcli:/workspaces/diffbot/ros2_ws/install/ros2_controllers_test_nodes:/workspaces/diffbot/ros2_ws/install/controller:/opt/ros/humble LD_LIBRARY_PATH=/workspaces/diffbot/ros2_ws/install/controller_manager/lib:/workspaces/diffbot/ros2_ws/install/controller_interface/lib:/workspaces/diffbot/ros2_ws/install/hardware_interface/lib:/workspaces/diffbot/ros2_ws/install/realtime_tools/lib:/workspaces/diffbot/ros2_ws/install/controller_manager_msgs/lib:/workspaces/diffbot/ros2_ws/install/control_msgs/lib:/workspaces/diffbot/ros2_ws/install/transmission_interface/lib:/workspaces/diffbot/ros2_ws/install/steering_controllers_library/lib:/workspaces/diffbot/ros2_ws/install/ros2_control_demo_example_2/lib:/workspaces/diffbot/ros2_ws/install/gazebo_ros2_control/lib:/workspaces/diffbot/ros2_ws/install/joint_state_broadcaster/lib:/workspaces/diffbot/ros2_ws/install/diff_drive_controller/lib:/workspaces/diffbot/ros2_ws/install/position_controllers/lib:/opt/ros/humble/opt/rviz_ogre_vendor/lib:/opt/ros/humble/lib/x86_64-linux-gnu:/opt/ros/humble/lib PYTHONPATH=/workspaces/diffbot/ros2_ws/install/controller_manager_msgs/local/lib/python3.10/dist-packages:/workspaces/diffbot/ros2_ws/install/control_msgs/local/lib/python3.10/dist-packages:${PYTHONPATH} /usr/bin/cmake /workspaces/diffbot/ros2_ws/src/ros2_controllers/joint_state_broadcaster -DCMAKE_INSTALL_PREFIX=/workspaces/diffbot/ros2_ws/install/joint_state_broadcaster
[0.450s] -- The CXX compiler identification is GNU 11.4.0
[0.472s] -- Detecting CXX compiler ABI info
[0.701s] -- Detecting CXX compiler ABI info - done
[0.741s] -- Check for working CXX compiler: /usr/bin/c++ - skipped
[0.741s] -- Detecting CXX compile features
[0.742s] -- Detecting CXX compile features - done
[0.760s] -- Found ament_cmake: 1.3.5 (/opt/ros/humble/share/ament_cmake/cmake)
[1.332s] -- Found Python3: /usr/bin/python3.10 (found version "3.10.12") found components: Interpreter 
[1.829s] -- Found backward_ros: 1.0.2 (/opt/ros/humble/share/backward_ros/cmake)
[1.850s] -- Found libdw: /usr/lib/x86_64-linux-gnu/libdw.so  
[1.864s] -- Could NOT find libbfd (missing: LIBBFD_LIBRARY LIBBFD_INCLUDE_DIR) 
[1.864s] -- BACKWARD_HAS_UNWIND=1
[1.865s] -- BACKWARD_HAS_BACKTRACE=0
[1.865s] -- BACKWARD_HAS_BACKTRACE_SYMBOL=0
[1.865s] -- BACKWARD_HAS_DW=1
[1.865s] -- BACKWARD_HAS_BFD=0
[1.868s] -- Found Backward: /opt/ros/humble/share/backward_ros/cmake  
[1.893s] -- Found builtin_interfaces: 1.2.1 (/opt/ros/humble/share/builtin_interfaces/cmake)
[1.999s] -- Found rosidl_generator_c: 3.1.5 (/opt/ros/humble/share/rosidl_generator_c/cmake)
[2.022s] -- Found rosidl_adapter: 3.1.5 (/opt/ros/humble/share/rosidl_adapter/cmake)
[2.055s] -- Found rosidl_generator_cpp: 3.1.5 (/opt/ros/humble/share/rosidl_generator_cpp/cmake)
[2.106s] -- Using all available rosidl_typesupport_c: rosidl_typesupport_fastrtps_c;rosidl_typesupport_introspection_c
[2.179s] -- Using all available rosidl_typesupport_cpp: rosidl_typesupport_fastrtps_cpp;rosidl_typesupport_introspection_cpp
[2.240s] -- Found control_msgs: 4.4.0 (/workspaces/diffbot/ros2_ws/install/control_msgs/share/control_msgs/cmake)
[4.273s] -- Found controller_interface: 2.30.0 (/workspaces/diffbot/ros2_ws/install/controller_interface/share/controller_interface/cmake)
[4.777s] -- Found rmw_implementation_cmake: 6.1.1 (/opt/ros/humble/share/rmw_implementation_cmake/cmake)
[4.789s] -- Found rmw_fastrtps_cpp: 6.2.3 (/opt/ros/humble/share/rmw_fastrtps_cpp/cmake)
[5.394s] -- Found OpenSSL: /usr/lib/x86_64-linux-gnu/libcrypto.so (found version "3.0.2")  
[5.501s] -- Found FastRTPS: /opt/ros/humble/include  
[5.715s] -- Using RMW implementation 'rmw_fastrtps_cpp' as default
[5.753s] -- Looking for C++ include pthread.h
[6.344s] -- Looking for C++ include pthread.h - found
[6.344s] -- Performing Test CMAKE_HAVE_LIBC_PTHREAD
[6.881s] -- Performing Test CMAKE_HAVE_LIBC_PTHREAD - Success
[6.882s] -- Found Threads: TRUE  
[7.868s] -- Found generate_parameter_library: 0.3.6 (/opt/ros/humble/share/generate_parameter_library/cmake)
[7.879s] -- Found parameter_traits: 0.3.6 (/opt/ros/humble/share/parameter_traits/cmake)
[8.014s] -- Found realtime_tools: 2.5.0 (/workspaces/diffbot/ros2_ws/install/realtime_tools/share/realtime_tools/cmake)
[8.363s] -- Found ament_cmake_gmock: 1.3.5 (/opt/ros/humble/share/ament_cmake_gmock/cmake)
[8.364s] -- Found controller_manager: 2.30.0 (/workspaces/diffbot/ros2_ws/install/controller_manager/share/controller_manager/cmake)
[8.996s] -- Found ros2_control_test_assets: 2.30.0 (/workspaces/diffbot/ros2_ws/install/ros2_control_test_assets/share/ros2_control_test_assets/cmake)
[9.007s] -- Found gmock sources under '/opt/ros/humble/src/gmock_vendor': C++ tests using 'Google Mock' will be built
[9.158s] -- The C compiler identification is GNU 11.4.0
[9.179s] -- Detecting C compiler ABI info
[9.511s] -- Detecting C compiler ABI info - done
[9.544s] -- Check for working C compiler: /usr/bin/cc - skipped
[9.545s] -- Detecting C compile features
[9.546s] -- Detecting C compile features - done
[9.568s] -- Found ament_cmake_gtest: 1.3.5 (/opt/ros/humble/share/ament_cmake_gtest/cmake)
[9.571s] -- Found gtest sources under '/opt/ros/humble/src/gtest_vendor': C++ tests using 'Google Test' will be built
[11.273s] -- Configuring done
[11.462s] -- Generating done
[11.475s] -- Build files have been written to: /workspaces/diffbot/ros2_ws/build/joint_state_broadcaster
[11.537s] Invoked command in '/workspaces/diffbot/ros2_ws/build/joint_state_broadcaster' returned '0': AMENT_PREFIX_PATH=/workspaces/diffbot/ros2_ws/install/ros2_control_test_assets:/workspaces/diffbot/ros2_ws/install/realtime_tools:/workspaces/diffbot/ros2_ws/install/controller_manager_msgs:/workspaces/diffbot/ros2_ws/install/control_msgs:${AMENT_PREFIX_PATH} CMAKE_PREFIX_PATH=/workspaces/diffbot/ros2_ws/install/controller_manager:/workspaces/diffbot/ros2_ws/install/controller_interface:/workspaces/diffbot/ros2_ws/install/hardware_interface:/workspaces/diffbot/ros2_ws/install/ros2_control_test_assets:/workspaces/diffbot/ros2_ws/install/realtime_tools:/workspaces/diffbot/ros2_ws/install/controller_manager_msgs:/workspaces/diffbot/ros2_ws/install/control_msgs:/workspaces/diffbot/ros2_ws/install/gazebo_ros2_control_demos:/workspaces/diffbot/ros2_ws/install/ros2_control:/workspaces/diffbot/ros2_ws/install/transmission_interface:/workspaces/diffbot/ros2_ws/install/ros2_controllers:/workspaces/diffbot/ros2_ws/install/steering_controllers_library:/workspaces/diffbot/ros2_ws/install/ros2_control_demos:/workspaces/diffbot/ros2_ws/install/ros2_control_demo_example_2:/workspaces/diffbot/ros2_ws/install/gazebo_ros2_control:/workspaces/diffbot/ros2_ws/install/diffbot_bringup:/workspaces/diffbot/ros2_ws/install/ros2_control_demo_description:/workspaces/diffbot/ros2_ws/install/joint_state_broadcaster:/workspaces/diffbot/ros2_ws/install/diff_drive_controller:/workspaces/diffbot/ros2_ws/install/position_controllers:/workspaces/diffbot/ros2_ws/install/joint_limits:/workspaces/diffbot/ros2_ws/install/rqt_controller_manager:/workspaces/diffbot/ros2_ws/install/ros2controlcli:/workspaces/diffbot/ros2_ws/install/ros2_controllers_test_nodes:/workspaces/diffbot/ros2_ws/install/controller:/opt/ros/humble LD_LIBRARY_PATH=/workspaces/diffbot/ros2_ws/install/controller_manager/lib:/workspaces/diffbot/ros2_ws/install/controller_interface/lib:/workspaces/diffbot/ros2_ws/install/hardware_interface/lib:/workspaces/diffbot/ros2_ws/install/realtime_tools/lib:/workspaces/diffbot/ros2_ws/install/controller_manager_msgs/lib:/workspaces/diffbot/ros2_ws/install/control_msgs/lib:/workspaces/diffbot/ros2_ws/install/transmission_interface/lib:/workspaces/diffbot/ros2_ws/install/steering_controllers_library/lib:/workspaces/diffbot/ros2_ws/install/ros2_control_demo_example_2/lib:/workspaces/diffbot/ros2_ws/install/gazebo_ros2_control/lib:/workspaces/diffbot/ros2_ws/install/joint_state_broadcaster/lib:/workspaces/diffbot/ros2_ws/install/diff_drive_controller/lib:/workspaces/diffbot/ros2_ws/install/position_controllers/lib:/opt/ros/humble/opt/rviz_ogre_vendor/lib:/opt/ros/humble/lib/x86_64-linux-gnu:/opt/ros/humble/lib PYTHONPATH=/workspaces/diffbot/ros2_ws/install/controller_manager_msgs/local/lib/python3.10/dist-packages:/workspaces/diffbot/ros2_ws/install/control_msgs/local/lib/python3.10/dist-packages:${PYTHONPATH} /usr/bin/cmake /workspaces/diffbot/ros2_ws/src/ros2_controllers/joint_state_broadcaster -DCMAKE_INSTALL_PREFIX=/workspaces/diffbot/ros2_ws/install/joint_state_broadcaster
[11.538s] Invoking command in '/workspaces/diffbot/ros2_ws/build/joint_state_broadcaster': AMENT_PREFIX_PATH=/workspaces/diffbot/ros2_ws/install/ros2_control_test_assets:/workspaces/diffbot/ros2_ws/install/realtime_tools:/workspaces/diffbot/ros2_ws/install/controller_manager_msgs:/workspaces/diffbot/ros2_ws/install/control_msgs:${AMENT_PREFIX_PATH} CMAKE_PREFIX_PATH=/workspaces/diffbot/ros2_ws/install/controller_manager:/workspaces/diffbot/ros2_ws/install/controller_interface:/workspaces/diffbot/ros2_ws/install/hardware_interface:/workspaces/diffbot/ros2_ws/install/ros2_control_test_assets:/workspaces/diffbot/ros2_ws/install/realtime_tools:/workspaces/diffbot/ros2_ws/install/controller_manager_msgs:/workspaces/diffbot/ros2_ws/install/control_msgs:/workspaces/diffbot/ros2_ws/install/gazebo_ros2_control_demos:/workspaces/diffbot/ros2_ws/install/ros2_control:/workspaces/diffbot/ros2_ws/install/transmission_interface:/workspaces/diffbot/ros2_ws/install/ros2_controllers:/workspaces/diffbot/ros2_ws/install/steering_controllers_library:/workspaces/diffbot/ros2_ws/install/ros2_control_demos:/workspaces/diffbot/ros2_ws/install/ros2_control_demo_example_2:/workspaces/diffbot/ros2_ws/install/gazebo_ros2_control:/workspaces/diffbot/ros2_ws/install/diffbot_bringup:/workspaces/diffbot/ros2_ws/install/ros2_control_demo_description:/workspaces/diffbot/ros2_ws/install/joint_state_broadcaster:/workspaces/diffbot/ros2_ws/install/diff_drive_controller:/workspaces/diffbot/ros2_ws/install/position_controllers:/workspaces/diffbot/ros2_ws/install/joint_limits:/workspaces/diffbot/ros2_ws/install/rqt_controller_manager:/workspaces/diffbot/ros2_ws/install/ros2controlcli:/workspaces/diffbot/ros2_ws/install/ros2_controllers_test_nodes:/workspaces/diffbot/ros2_ws/install/controller:/opt/ros/humble LD_LIBRARY_PATH=/workspaces/diffbot/ros2_ws/install/controller_manager/lib:/workspaces/diffbot/ros2_ws/install/controller_interface/lib:/workspaces/diffbot/ros2_ws/install/hardware_interface/lib:/workspaces/diffbot/ros2_ws/install/realtime_tools/lib:/workspaces/diffbot/ros2_ws/install/controller_manager_msgs/lib:/workspaces/diffbot/ros2_ws/install/control_msgs/lib:/workspaces/diffbot/ros2_ws/install/transmission_interface/lib:/workspaces/diffbot/ros2_ws/install/steering_controllers_library/lib:/workspaces/diffbot/ros2_ws/install/ros2_control_demo_example_2/lib:/workspaces/diffbot/ros2_ws/install/gazebo_ros2_control/lib:/workspaces/diffbot/ros2_ws/install/joint_state_broadcaster/lib:/workspaces/diffbot/ros2_ws/install/diff_drive_controller/lib:/workspaces/diffbot/ros2_ws/install/position_controllers/lib:/opt/ros/humble/opt/rviz_ogre_vendor/lib:/opt/ros/humble/lib/x86_64-linux-gnu:/opt/ros/humble/lib PYTHONPATH=/workspaces/diffbot/ros2_ws/install/controller_manager_msgs/local/lib/python3.10/dist-packages:/workspaces/diffbot/ros2_ws/install/control_msgs/local/lib/python3.10/dist-packages:${PYTHONPATH} /usr/bin/cmake --build /workspaces/diffbot/ros2_ws/build/joint_state_broadcaster -- -j8 -l8
[11.852s] [  8%] [34m[1mRunning `/opt/ros/humble/bin/generate_parameter_library_cpp /workspaces/diffbot/ros2_ws/build/joint_state_broadcaster/joint_state_broadcaster_parameters/include//joint_state_broadcaster_parameters.hpp /workspaces/diffbot/ros2_ws/src/ros2_controllers/joint_state_broadcaster/src/joint_state_broadcaster_parameters.yaml `[0m
[12.900s] [  8%] Built target joint_state_broadcaster_parameters
[12.986s] [ 16%] [32mBuilding CXX object gmock/CMakeFiles/gmock.dir/opt/ros/humble/src/gtest_vendor/src/gtest-all.cc.o[0m
[23.152s] [ 25%] [32mBuilding CXX object gmock/CMakeFiles/gmock.dir/src/gmock-all.cc.o[0m
[28.618s] [ 33%] [32m[1mLinking CXX static library libgmock.a[0m
[28.836s] [ 33%] Built target gmock
[28.904s] [ 41%] [32mBuilding CXX object CMakeFiles/joint_state_broadcaster.dir/src/joint_state_broadcaster.cpp.o[0m
[45.617s] [ 50%] [32m[1mLinking CXX shared library libjoint_state_broadcaster.so[0m
[46.677s] [ 50%] Built target joint_state_broadcaster
[46.767s] [ 58%] [32mBuilding CXX object gmock/CMakeFiles/gmock_main.dir/src/gmock_main.cc.o[0m
[50.146s] [ 66%] [32m[1mLinking CXX static library libgmock_main.a[0m
[50.241s] [ 66%] Built target gmock_main
[50.294s] [ 75%] [32mBuilding CXX object CMakeFiles/test_load_joint_state_broadcaster.dir/test/test_load_joint_state_broadcaster.cpp.o[0m
[64.952s] [ 83%] [32m[1mLinking CXX executable test_load_joint_state_broadcaster[0m
[66.732s] [ 83%] Built target test_load_joint_state_broadcaster
[66.805s] [ 91%] [32mBuilding CXX object CMakeFiles/test_joint_state_broadcaster.dir/test/test_joint_state_broadcaster.cpp.o[0m
[100.260s] [100%] [32m[1mLinking CXX executable test_joint_state_broadcaster[0m
[102.378s] [100%] Built target test_joint_state_broadcaster
[102.400s] Invoked command in '/workspaces/diffbot/ros2_ws/build/joint_state_broadcaster' returned '0': AMENT_PREFIX_PATH=/workspaces/diffbot/ros2_ws/install/ros2_control_test_assets:/workspaces/diffbot/ros2_ws/install/realtime_tools:/workspaces/diffbot/ros2_ws/install/controller_manager_msgs:/workspaces/diffbot/ros2_ws/install/control_msgs:${AMENT_PREFIX_PATH} CMAKE_PREFIX_PATH=/workspaces/diffbot/ros2_ws/install/controller_manager:/workspaces/diffbot/ros2_ws/install/controller_interface:/workspaces/diffbot/ros2_ws/install/hardware_interface:/workspaces/diffbot/ros2_ws/install/ros2_control_test_assets:/workspaces/diffbot/ros2_ws/install/realtime_tools:/workspaces/diffbot/ros2_ws/install/controller_manager_msgs:/workspaces/diffbot/ros2_ws/install/control_msgs:/workspaces/diffbot/ros2_ws/install/gazebo_ros2_control_demos:/workspaces/diffbot/ros2_ws/install/ros2_control:/workspaces/diffbot/ros2_ws/install/transmission_interface:/workspaces/diffbot/ros2_ws/install/ros2_controllers:/workspaces/diffbot/ros2_ws/install/steering_controllers_library:/workspaces/diffbot/ros2_ws/install/ros2_control_demos:/workspaces/diffbot/ros2_ws/install/ros2_control_demo_example_2:/workspaces/diffbot/ros2_ws/install/gazebo_ros2_control:/workspaces/diffbot/ros2_ws/install/diffbot_bringup:/workspaces/diffbot/ros2_ws/install/ros2_control_demo_description:/workspaces/diffbot/ros2_ws/install/joint_state_broadcaster:/workspaces/diffbot/ros2_ws/install/diff_drive_controller:/workspaces/diffbot/ros2_ws/install/position_controllers:/workspaces/diffbot/ros2_ws/install/joint_limits:/workspaces/diffbot/ros2_ws/install/rqt_controller_manager:/workspaces/diffbot/ros2_ws/install/ros2controlcli:/workspaces/diffbot/ros2_ws/install/ros2_controllers_test_nodes:/workspaces/diffbot/ros2_ws/install/controller:/opt/ros/humble LD_LIBRARY_PATH=/workspaces/diffbot/ros2_ws/install/controller_manager/lib:/workspaces/diffbot/ros2_ws/install/controller_interface/lib:/workspaces/diffbot/ros2_ws/install/hardware_interface/lib:/workspaces/diffbot/ros2_ws/install/realtime_tools/lib:/workspaces/diffbot/ros2_ws/install/controller_manager_msgs/lib:/workspaces/diffbot/ros2_ws/install/control_msgs/lib:/workspaces/diffbot/ros2_ws/install/transmission_interface/lib:/workspaces/diffbot/ros2_ws/install/steering_controllers_library/lib:/workspaces/diffbot/ros2_ws/install/ros2_control_demo_example_2/lib:/workspaces/diffbot/ros2_ws/install/gazebo_ros2_control/lib:/workspaces/diffbot/ros2_ws/install/joint_state_broadcaster/lib:/workspaces/diffbot/ros2_ws/install/diff_drive_controller/lib:/workspaces/diffbot/ros2_ws/install/position_controllers/lib:/opt/ros/humble/opt/rviz_ogre_vendor/lib:/opt/ros/humble/lib/x86_64-linux-gnu:/opt/ros/humble/lib PYTHONPATH=/workspaces/diffbot/ros2_ws/install/controller_manager_msgs/local/lib/python3.10/dist-packages:/workspaces/diffbot/ros2_ws/install/control_msgs/local/lib/python3.10/dist-packages:${PYTHONPATH} /usr/bin/cmake --build /workspaces/diffbot/ros2_ws/build/joint_state_broadcaster -- -j8 -l8
[102.501s] Invoking command in '/workspaces/diffbot/ros2_ws/build/joint_state_broadcaster': AMENT_PREFIX_PATH=/workspaces/diffbot/ros2_ws/install/ros2_control_test_assets:/workspaces/diffbot/ros2_ws/install/realtime_tools:/workspaces/diffbot/ros2_ws/install/controller_manager_msgs:/workspaces/diffbot/ros2_ws/install/control_msgs:${AMENT_PREFIX_PATH} CMAKE_PREFIX_PATH=/workspaces/diffbot/ros2_ws/install/controller_manager:/workspaces/diffbot/ros2_ws/install/controller_interface:/workspaces/diffbot/ros2_ws/install/hardware_interface:/workspaces/diffbot/ros2_ws/install/ros2_control_test_assets:/workspaces/diffbot/ros2_ws/install/realtime_tools:/workspaces/diffbot/ros2_ws/install/controller_manager_msgs:/workspaces/diffbot/ros2_ws/install/control_msgs:/workspaces/diffbot/ros2_ws/install/gazebo_ros2_control_demos:/workspaces/diffbot/ros2_ws/install/ros2_control:/workspaces/diffbot/ros2_ws/install/transmission_interface:/workspaces/diffbot/ros2_ws/install/ros2_controllers:/workspaces/diffbot/ros2_ws/install/steering_controllers_library:/workspaces/diffbot/ros2_ws/install/ros2_control_demos:/workspaces/diffbot/ros2_ws/install/ros2_control_demo_example_2:/workspaces/diffbot/ros2_ws/install/gazebo_ros2_control:/workspaces/diffbot/ros2_ws/install/diffbot_bringup:/workspaces/diffbot/ros2_ws/install/ros2_control_demo_description:/workspaces/diffbot/ros2_ws/install/joint_state_broadcaster:/workspaces/diffbot/ros2_ws/install/diff_drive_controller:/workspaces/diffbot/ros2_ws/install/position_controllers:/workspaces/diffbot/ros2_ws/install/joint_limits:/workspaces/diffbot/ros2_ws/install/rqt_controller_manager:/workspaces/diffbot/ros2_ws/install/ros2controlcli:/workspaces/diffbot/ros2_ws/install/ros2_controllers_test_nodes:/workspaces/diffbot/ros2_ws/install/controller:/opt/ros/humble LD_LIBRARY_PATH=/workspaces/diffbot/ros2_ws/install/controller_manager/lib:/workspaces/diffbot/ros2_ws/install/controller_interface/lib:/workspaces/diffbot/ros2_ws/install/hardware_interface/lib:/workspaces/diffbot/ros2_ws/install/realtime_tools/lib:/workspaces/diffbot/ros2_ws/install/controller_manager_msgs/lib:/workspaces/diffbot/ros2_ws/install/control_msgs/lib:/workspaces/diffbot/ros2_ws/install/transmission_interface/lib:/workspaces/diffbot/ros2_ws/install/steering_controllers_library/lib:/workspaces/diffbot/ros2_ws/install/ros2_control_demo_example_2/lib:/workspaces/diffbot/ros2_ws/install/gazebo_ros2_control/lib:/workspaces/diffbot/ros2_ws/install/joint_state_broadcaster/lib:/workspaces/diffbot/ros2_ws/install/diff_drive_controller/lib:/workspaces/diffbot/ros2_ws/install/position_controllers/lib:/opt/ros/humble/opt/rviz_ogre_vendor/lib:/opt/ros/humble/lib/x86_64-linux-gnu:/opt/ros/humble/lib PYTHONPATH=/workspaces/diffbot/ros2_ws/install/controller_manager_msgs/local/lib/python3.10/dist-packages:/workspaces/diffbot/ros2_ws/install/control_msgs/local/lib/python3.10/dist-packages:${PYTHONPATH} /usr/bin/cmake --install /workspaces/diffbot/ros2_ws/build/joint_state_broadcaster
[102.515s] -- Install configuration: ""
[102.515s] -- Installing: /workspaces/diffbot/ros2_ws/install/joint_state_broadcaster/include/joint_state_broadcaster_parameters
[102.516s] -- Installing: /workspaces/diffbot/ros2_ws/install/joint_state_broadcaster/include/joint_state_broadcaster_parameters/joint_state_broadcaster_parameters.hpp
[102.516s] -- Installing: /workspaces/diffbot/ros2_ws/install/joint_state_broadcaster/share/joint_state_broadcaster/joint_state_plugin.xml
[102.517s] -- Installing: /workspaces/diffbot/ros2_ws/install/joint_state_broadcaster/include/joint_state_broadcaster
[102.517s] -- Installing: /workspaces/diffbot/ros2_ws/install/joint_state_broadcaster/include/joint_state_broadcaster/joint_state_broadcaster
[102.517s] -- Installing: /workspaces/diffbot/ros2_ws/install/joint_state_broadcaster/include/joint_state_broadcaster/joint_state_broadcaster/visibility_control.h
[102.517s] -- Installing: /workspaces/diffbot/ros2_ws/install/joint_state_broadcaster/include/joint_state_broadcaster/joint_state_broadcaster/joint_state_broadcaster.hpp
[102.517s] -- Installing: /workspaces/diffbot/ros2_ws/install/joint_state_broadcaster/lib/libjoint_state_broadcaster.so
[102.527s] -- Set runtime path of "/workspaces/diffbot/ros2_ws/install/joint_state_broadcaster/lib/libjoint_state_broadcaster.so" to ""
[102.527s] -- Installing: /workspaces/diffbot/ros2_ws/install/joint_state_broadcaster/share/joint_state_broadcaster/environment/library_path.sh
[102.527s] -- Installing: /workspaces/diffbot/ros2_ws/install/joint_state_broadcaster/share/joint_state_broadcaster/environment/library_path.dsv
[102.527s] -- Installing: /workspaces/diffbot/ros2_ws/install/joint_state_broadcaster/share/ament_index/resource_index/package_run_dependencies/joint_state_broadcaster
[102.528s] -- Installing: /workspaces/diffbot/ros2_ws/install/joint_state_broadcaster/share/ament_index/resource_index/parent_prefix_path/joint_state_broadcaster
[102.528s] -- Installing: /workspaces/diffbot/ros2_ws/install/joint_state_broadcaster/share/joint_state_broadcaster/environment/ament_prefix_path.sh
[102.528s] -- Installing: /workspaces/diffbot/ros2_ws/install/joint_state_broadcaster/share/joint_state_broadcaster/environment/ament_prefix_path.dsv
[102.528s] -- Installing: /workspaces/diffbot/ros2_ws/install/joint_state_broadcaster/share/joint_state_broadcaster/environment/path.sh
[102.528s] -- Installing: /workspaces/diffbot/ros2_ws/install/joint_state_broadcaster/share/joint_state_broadcaster/environment/path.dsv
[102.529s] -- Installing: /workspaces/diffbot/ros2_ws/install/joint_state_broadcaster/share/joint_state_broadcaster/local_setup.bash
[102.529s] -- Installing: /workspaces/diffbot/ros2_ws/install/joint_state_broadcaster/share/joint_state_broadcaster/local_setup.sh
[102.529s] -- Installing: /workspaces/diffbot/ros2_ws/install/joint_state_broadcaster/share/joint_state_broadcaster/local_setup.zsh
[102.529s] -- Installing: /workspaces/diffbot/ros2_ws/install/joint_state_broadcaster/share/joint_state_broadcaster/local_setup.dsv
[102.530s] -- Installing: /workspaces/diffbot/ros2_ws/install/joint_state_broadcaster/share/joint_state_broadcaster/package.dsv
[102.530s] -- Installing: /workspaces/diffbot/ros2_ws/install/joint_state_broadcaster/share/ament_index/resource_index/packages/joint_state_broadcaster
[102.530s] -- Installing: /workspaces/diffbot/ros2_ws/install/joint_state_broadcaster/share/ament_index/resource_index/controller_interface__pluginlib__plugin/joint_state_broadcaster
[102.530s] -- Installing: /workspaces/diffbot/ros2_ws/install/joint_state_broadcaster/share/joint_state_broadcaster/cmake/export_joint_state_broadcasterExport.cmake
[102.530s] -- Installing: /workspaces/diffbot/ros2_ws/install/joint_state_broadcaster/share/joint_state_broadcaster/cmake/export_joint_state_broadcasterExport-noconfig.cmake
[102.531s] -- Installing: /workspaces/diffbot/ros2_ws/install/joint_state_broadcaster/share/joint_state_broadcaster/cmake/ament_cmake_export_targets-extras.cmake
[102.531s] -- Installing: /workspaces/diffbot/ros2_ws/install/joint_state_broadcaster/share/joint_state_broadcaster/cmake/ament_cmake_export_dependencies-extras.cmake
[102.531s] -- Installing: /workspaces/diffbot/ros2_ws/install/joint_state_broadcaster/share/joint_state_broadcaster/cmake/joint_state_broadcasterConfig.cmake
[102.531s] -- Installing: /workspaces/diffbot/ros2_ws/install/joint_state_broadcaster/share/joint_state_broadcaster/cmake/joint_state_broadcasterConfig-version.cmake
[102.531s] -- Installing: /workspaces/diffbot/ros2_ws/install/joint_state_broadcaster/share/joint_state_broadcaster/package.xml
[102.549s] Invoked command in '/workspaces/diffbot/ros2_ws/build/joint_state_broadcaster' returned '0': AMENT_PREFIX_PATH=/workspaces/diffbot/ros2_ws/install/ros2_control_test_assets:/workspaces/diffbot/ros2_ws/install/realtime_tools:/workspaces/diffbot/ros2_ws/install/controller_manager_msgs:/workspaces/diffbot/ros2_ws/install/control_msgs:${AMENT_PREFIX_PATH} CMAKE_PREFIX_PATH=/workspaces/diffbot/ros2_ws/install/controller_manager:/workspaces/diffbot/ros2_ws/install/controller_interface:/workspaces/diffbot/ros2_ws/install/hardware_interface:/workspaces/diffbot/ros2_ws/install/ros2_control_test_assets:/workspaces/diffbot/ros2_ws/install/realtime_tools:/workspaces/diffbot/ros2_ws/install/controller_manager_msgs:/workspaces/diffbot/ros2_ws/install/control_msgs:/workspaces/diffbot/ros2_ws/install/gazebo_ros2_control_demos:/workspaces/diffbot/ros2_ws/install/ros2_control:/workspaces/diffbot/ros2_ws/install/transmission_interface:/workspaces/diffbot/ros2_ws/install/ros2_controllers:/workspaces/diffbot/ros2_ws/install/steering_controllers_library:/workspaces/diffbot/ros2_ws/install/ros2_control_demos:/workspaces/diffbot/ros2_ws/install/ros2_control_demo_example_2:/workspaces/diffbot/ros2_ws/install/gazebo_ros2_control:/workspaces/diffbot/ros2_ws/install/diffbot_bringup:/workspaces/diffbot/ros2_ws/install/ros2_control_demo_description:/workspaces/diffbot/ros2_ws/install/joint_state_broadcaster:/workspaces/diffbot/ros2_ws/install/diff_drive_controller:/workspaces/diffbot/ros2_ws/install/position_controllers:/workspaces/diffbot/ros2_ws/install/joint_limits:/workspaces/diffbot/ros2_ws/install/rqt_controller_manager:/workspaces/diffbot/ros2_ws/install/ros2controlcli:/workspaces/diffbot/ros2_ws/install/ros2_controllers_test_nodes:/workspaces/diffbot/ros2_ws/install/controller:/opt/ros/humble LD_LIBRARY_PATH=/workspaces/diffbot/ros2_ws/install/controller_manager/lib:/workspaces/diffbot/ros2_ws/install/controller_interface/lib:/workspaces/diffbot/ros2_ws/install/hardware_interface/lib:/workspaces/diffbot/ros2_ws/install/realtime_tools/lib:/workspaces/diffbot/ros2_ws/install/controller_manager_msgs/lib:/workspaces/diffbot/ros2_ws/install/control_msgs/lib:/workspaces/diffbot/ros2_ws/install/transmission_interface/lib:/workspaces/diffbot/ros2_ws/install/steering_controllers_library/lib:/workspaces/diffbot/ros2_ws/install/ros2_control_demo_example_2/lib:/workspaces/diffbot/ros2_ws/install/gazebo_ros2_control/lib:/workspaces/diffbot/ros2_ws/install/joint_state_broadcaster/lib:/workspaces/diffbot/ros2_ws/install/diff_drive_controller/lib:/workspaces/diffbot/ros2_ws/install/position_controllers/lib:/opt/ros/humble/opt/rviz_ogre_vendor/lib:/opt/ros/humble/lib/x86_64-linux-gnu:/opt/ros/humble/lib PYTHONPATH=/workspaces/diffbot/ros2_ws/install/controller_manager_msgs/local/lib/python3.10/dist-packages:/workspaces/diffbot/ros2_ws/install/control_msgs/local/lib/python3.10/dist-packages:${PYTHONPATH} /usr/bin/cmake --install /workspaces/diffbot/ros2_ws/build/joint_state_broadcaster
