-- The C compiler identification is GNU 11.4.0
-- The CXX compiler identification is GNU 11.4.0
-- Detecting C compiler ABI info
-- Detecting C compiler ABI info - done
-- Check for working C compiler: /usr/bin/cc - skipped
-- Detecting C compile features
-- Detecting C compile features - done
-- Detecting CXX compiler ABI info
-- Detecting CXX compiler ABI info - done
-- Check for working CXX compiler: /usr/bin/c++ - skipped
-- Detecting CXX compile features
-- Detecting CXX compile features - done
-- Found ament_cmake: 1.3.5 (/opt/ros/humble/share/ament_cmake/cmake)
-- Found Python3: /usr/bin/python3.10 (found version "3.10.12") found components: Interpreter 
-- Override CMake install command with custom implementation using symlinks instead of copying resources
-- Configuring done
-- Generating done
-- Build files have been written to: /home/lulav/ros2_ws/build/ros2_control
-- Install configuration: ""
-- Execute custom install script
-- Symlinking: /home/lulav/ros2_ws/install/ros2_control/share/ament_index/resource_index/package_run_dependencies/ros2_control
-- Symlinking: /home/lulav/ros2_ws/install/ros2_control/share/ament_index/resource_index/parent_prefix_path/ros2_control
-- Symlinking: /home/lulav/ros2_ws/install/ros2_control/share/ros2_control/environment/ament_prefix_path.sh
-- Symlinking: /home/lulav/ros2_ws/install/ros2_control/share/ros2_control/environment/ament_prefix_path.dsv
-- Symlinking: /home/lulav/ros2_ws/install/ros2_control/share/ros2_control/environment/path.sh
-- Symlinking: /home/lulav/ros2_ws/install/ros2_control/share/ros2_control/environment/path.dsv
-- Symlinking: /home/lulav/ros2_ws/install/ros2_control/share/ros2_control/local_setup.bash
-- Symlinking: /home/lulav/ros2_ws/install/ros2_control/share/ros2_control/local_setup.sh
-- Symlinking: /home/lulav/ros2_ws/install/ros2_control/share/ros2_control/local_setup.zsh
-- Symlinking: /home/lulav/ros2_ws/install/ros2_control/share/ros2_control/local_setup.dsv
-- Symlinking: /home/lulav/ros2_ws/install/ros2_control/share/ros2_control/package.dsv
-- Symlinking: /home/lulav/ros2_ws/install/ros2_control/share/ament_index/resource_index/packages/ros2_control
-- Symlinking: /home/lulav/ros2_ws/install/ros2_control/share/ros2_control/cmake/ros2_controlConfig.cmake
-- Symlinking: /home/lulav/ros2_ws/install/ros2_control/share/ros2_control/cmake/ros2_controlConfig-version.cmake
-- Symlinking: /home/lulav/ros2_ws/install/ros2_control/share/ros2_control/package.xml
