[  7%] Built target diff_drive_controller_parameters
[35m[1mConsolidate compiler generated dependencies of target gmock[0m
[ 28%] Built target gmock
[35m[1mConsolidate compiler generated dependencies of target diff_drive_controller[0m
[ 57%] Built target diff_drive_controller
[35m[1mConsolidate compiler generated dependencies of target gmock_main[0m
[ 71%] Built target gmock_main
[35m[1mConsolidate compiler generated dependencies of target test_diff_drive_controller[0m
[ 85%] Built target test_diff_drive_controller
[35m[1mConsolidate compiler generated dependencies of target test_load_diff_drive_controller[0m
[100%] Built target test_load_diff_drive_controller
-- Install configuration: ""
-- Up-to-date: /workspaces/diffbot/ros2_ws/install/diff_drive_controller/include/diff_drive_controller_parameters
-- Up-to-date: /workspaces/diffbot/ros2_ws/install/diff_drive_controller/include/diff_drive_controller_parameters/diff_drive_controller_parameters.hpp
-- Up-to-date: /workspaces/diffbot/ros2_ws/install/diff_drive_controller/share/diff_drive_controller/diff_drive_plugin.xml
-- Up-to-date: /workspaces/diffbot/ros2_ws/install/diff_drive_controller/include/diff_drive_controller
-- Up-to-date: /workspaces/diffbot/ros2_ws/install/diff_drive_controller/include/diff_drive_controller/diff_drive_controller
-- Up-to-date: /workspaces/diffbot/ros2_ws/install/diff_drive_controller/include/diff_drive_controller/diff_drive_controller/visibility_control.h
-- Up-to-date: /workspaces/diffbot/ros2_ws/install/diff_drive_controller/include/diff_drive_controller/diff_drive_controller/speed_limiter.hpp
-- Up-to-date: /workspaces/diffbot/ros2_ws/install/diff_drive_controller/include/diff_drive_controller/diff_drive_controller/odometry.hpp
-- Up-to-date: /workspaces/diffbot/ros2_ws/install/diff_drive_controller/include/diff_drive_controller/diff_drive_controller/diff_drive_controller.hpp
-- Up-to-date: /workspaces/diffbot/ros2_ws/install/diff_drive_controller/lib/libdiff_drive_controller.so
-- Up-to-date: /workspaces/diffbot/ros2_ws/install/diff_drive_controller/share/diff_drive_controller/environment/library_path.sh
-- Up-to-date: /workspaces/diffbot/ros2_ws/install/diff_drive_controller/share/diff_drive_controller/environment/library_path.dsv
-- Up-to-date: /workspaces/diffbot/ros2_ws/install/diff_drive_controller/share/ament_index/resource_index/package_run_dependencies/diff_drive_controller
-- Up-to-date: /workspaces/diffbot/ros2_ws/install/diff_drive_controller/share/ament_index/resource_index/parent_prefix_path/diff_drive_controller
-- Up-to-date: /workspaces/diffbot/ros2_ws/install/diff_drive_controller/share/diff_drive_controller/environment/ament_prefix_path.sh
-- Up-to-date: /workspaces/diffbot/ros2_ws/install/diff_drive_controller/share/diff_drive_controller/environment/ament_prefix_path.dsv
-- Up-to-date: /workspaces/diffbot/ros2_ws/install/diff_drive_controller/share/diff_drive_controller/environment/path.sh
-- Up-to-date: /workspaces/diffbot/ros2_ws/install/diff_drive_controller/share/diff_drive_controller/environment/path.dsv
-- Up-to-date: /workspaces/diffbot/ros2_ws/install/diff_drive_controller/share/diff_drive_controller/local_setup.bash
-- Up-to-date: /workspaces/diffbot/ros2_ws/install/diff_drive_controller/share/diff_drive_controller/local_setup.sh
-- Up-to-date: /workspaces/diffbot/ros2_ws/install/diff_drive_controller/share/diff_drive_controller/local_setup.zsh
-- Up-to-date: /workspaces/diffbot/ros2_ws/install/diff_drive_controller/share/diff_drive_controller/local_setup.dsv
-- Installing: /workspaces/diffbot/ros2_ws/install/diff_drive_controller/share/diff_drive_controller/package.dsv
-- Up-to-date: /workspaces/diffbot/ros2_ws/install/diff_drive_controller/share/ament_index/resource_index/packages/diff_drive_controller
-- Up-to-date: /workspaces/diffbot/ros2_ws/install/diff_drive_controller/share/ament_index/resource_index/controller_interface__pluginlib__plugin/diff_drive_controller
-- Up-to-date: /workspaces/diffbot/ros2_ws/install/diff_drive_controller/share/diff_drive_controller/cmake/export_diff_drive_controllerExport.cmake
-- Up-to-date: /workspaces/diffbot/ros2_ws/install/diff_drive_controller/share/diff_drive_controller/cmake/export_diff_drive_controllerExport-noconfig.cmake
-- Up-to-date: /workspaces/diffbot/ros2_ws/install/diff_drive_controller/share/diff_drive_controller/cmake/ament_cmake_export_targets-extras.cmake
-- Up-to-date: /workspaces/diffbot/ros2_ws/install/diff_drive_controller/share/diff_drive_controller/cmake/ament_cmake_export_dependencies-extras.cmake
-- Up-to-date: /workspaces/diffbot/ros2_ws/install/diff_drive_controller/share/diff_drive_controller/cmake/diff_drive_controllerConfig.cmake
-- Up-to-date: /workspaces/diffbot/ros2_ws/install/diff_drive_controller/share/diff_drive_controller/cmake/diff_drive_controllerConfig-version.cmake
-- Up-to-date: /workspaces/diffbot/ros2_ws/install/diff_drive_controller/share/diff_drive_controller/package.xml
