[1.583s] Invoking command in '/home/lulav/ros2_ws/build/rqt_controller_manager': AMENT_PREFIX_PATH=/home/lulav/ros2_ws/install/controller_manager_msgs:${AMENT_PREFIX_PATH} CMAKE_PREFIX_PATH=/home/lulav/ros2_ws/install/controller_manager_msgs LD_LIBRARY_PATH=/home/lulav/ros2_ws/install/controller_manager_msgs/lib:${LD_LIBRARY_PATH} PYTHONPATH=/home/lulav/ros2_ws/build/rqt_controller_manager/prefix_override:/home/lulav/ros2_ws/install/rqt_controller_manager/lib/python3.10/site-packages:/home/lulav/ros2_ws/install/controller_manager_msgs/local/lib/python3.10/dist-packages:${PYTHONPATH} /usr/bin/python3 setup.py develop --editable --build-directory /home/lulav/ros2_ws/build/rqt_controller_manager/build --no-deps install_data
[2.329s] running develop
[2.330s] /usr/lib/python3/dist-packages/setuptools/command/easy_install.py:158: EasyInstallDeprecationWarning: easy_install command is deprecated. Use build and pip and other standards-based tools.
[2.330s]   warnings.warn(
[2.333s] /usr/lib/python3/dist-packages/setuptools/command/install.py:34: SetuptoolsDeprecationWarning: setup.py install is deprecated. Use build and pip and other standards-based tools.
[2.333s]   warnings.warn(
[2.757s] running egg_info
[2.757s] writing rqt_controller_manager.egg-info/PKG-INFO
[2.757s] writing dependency_links to rqt_controller_manager.egg-info/dependency_links.txt
[2.757s] writing entry points to rqt_controller_manager.egg-info/entry_points.txt
[2.757s] writing requirements to rqt_controller_manager.egg-info/requires.txt
[2.758s] writing top-level names to rqt_controller_manager.egg-info/top_level.txt
[2.762s] reading manifest file 'rqt_controller_manager.egg-info/SOURCES.txt'
[2.762s] writing manifest file 'rqt_controller_manager.egg-info/SOURCES.txt'
[2.766s] running build_ext
[2.766s] Creating /home/lulav/ros2_ws/install/rqt_controller_manager/lib/python3.10/site-packages/rqt-controller-manager.egg-link (link to .)
[2.771s] Installing rqt_controller_manager script to /home/lulav/ros2_ws/install/rqt_controller_manager/lib/rqt_controller_manager
[2.772s] 
[2.772s] Installed /home/lulav/ros2_ws/build/rqt_controller_manager
[2.772s] running install_data
[2.827s] Invoked command in '/home/lulav/ros2_ws/build/rqt_controller_manager' returned '0': AMENT_PREFIX_PATH=/home/lulav/ros2_ws/install/controller_manager_msgs:${AMENT_PREFIX_PATH} CMAKE_PREFIX_PATH=/home/lulav/ros2_ws/install/controller_manager_msgs LD_LIBRARY_PATH=/home/lulav/ros2_ws/install/controller_manager_msgs/lib:${LD_LIBRARY_PATH} PYTHONPATH=/home/lulav/ros2_ws/build/rqt_controller_manager/prefix_override:/home/lulav/ros2_ws/install/rqt_controller_manager/lib/python3.10/site-packages:/home/lulav/ros2_ws/install/controller_manager_msgs/local/lib/python3.10/dist-packages:${PYTHONPATH} /usr/bin/python3 setup.py develop --editable --build-directory /home/lulav/ros2_ws/build/rqt_controller_manager/build --no-deps install_data
