[0.054s] Invoking command in '/workspaces/diffbot/ros2_ws/build/controller_manager': AMENT_PREFIX_PATH=/workspaces/diffbot/ros2_ws/install/ros2_control_test_assets:/workspaces/diffbot/ros2_ws/install/realtime_tools:/workspaces/diffbot/ros2_ws/install/controller_manager_msgs:/workspaces/diffbot/ros2_ws/install/control_msgs:${AMENT_PREFIX_PATH} CMAKE_PREFIX_PATH=/workspaces/diffbot/ros2_ws/install/controller_interface:/workspaces/diffbot/ros2_ws/install/hardware_interface:/workspaces/diffbot/ros2_ws/install/ros2_control_test_assets:/workspaces/diffbot/ros2_ws/install/realtime_tools:/workspaces/diffbot/ros2_ws/install/controller_manager_msgs:/workspaces/diffbot/ros2_ws/install/control_msgs:/workspaces/diffbot/ros2_ws/install/gazebo_ros2_control_demos:/workspaces/diffbot/ros2_ws/install/ros2_control:/workspaces/diffbot/ros2_ws/install/transmission_interface:/workspaces/diffbot/ros2_ws/install/ros2_controllers:/workspaces/diffbot/ros2_ws/install/steering_controllers_library:/workspaces/diffbot/ros2_ws/install/ros2_control_demos:/workspaces/diffbot/ros2_ws/install/ros2_control_demo_example_2:/workspaces/diffbot/ros2_ws/install/gazebo_ros2_control:/workspaces/diffbot/ros2_ws/install/diffbot_bringup:/workspaces/diffbot/ros2_ws/install/controller_manager:/workspaces/diffbot/ros2_ws/install/ros2_control_demo_description:/workspaces/diffbot/ros2_ws/install/joint_state_broadcaster:/workspaces/diffbot/ros2_ws/install/diff_drive_controller:/workspaces/diffbot/ros2_ws/install/position_controllers:/workspaces/diffbot/ros2_ws/install/joint_limits:/workspaces/diffbot/ros2_ws/install/rqt_controller_manager:/workspaces/diffbot/ros2_ws/install/ros2controlcli:/workspaces/diffbot/ros2_ws/install/ros2_controllers_test_nodes:/workspaces/diffbot/ros2_ws/install/controller:/opt/ros/humble LD_LIBRARY_PATH=/workspaces/diffbot/ros2_ws/install/controller_interface/lib:/workspaces/diffbot/ros2_ws/install/hardware_interface/lib:/workspaces/diffbot/ros2_ws/install/realtime_tools/lib:/workspaces/diffbot/ros2_ws/install/controller_manager_msgs/lib:/workspaces/diffbot/ros2_ws/install/control_msgs/lib:/workspaces/diffbot/ros2_ws/install/transmission_interface/lib:/workspaces/diffbot/ros2_ws/install/steering_controllers_library/lib:/workspaces/diffbot/ros2_ws/install/ros2_control_demo_example_2/lib:/workspaces/diffbot/ros2_ws/install/gazebo_ros2_control/lib:/workspaces/diffbot/ros2_ws/install/controller_manager/lib:/workspaces/diffbot/ros2_ws/install/joint_state_broadcaster/lib:/workspaces/diffbot/ros2_ws/install/diff_drive_controller/lib:/workspaces/diffbot/ros2_ws/install/position_controllers/lib:/opt/ros/humble/opt/rviz_ogre_vendor/lib:/opt/ros/humble/lib/x86_64-linux-gnu:/opt/ros/humble/lib PYTHONPATH=/workspaces/diffbot/ros2_ws/install/controller_manager_msgs/local/lib/python3.10/dist-packages:/workspaces/diffbot/ros2_ws/install/control_msgs/local/lib/python3.10/dist-packages:${PYTHONPATH} /usr/bin/cmake --build /workspaces/diffbot/ros2_ws/build/controller_manager -- -j8 -l8
[0.217s] [  6%] Built target gmock_main
[0.224s] [ 15%] Built target gmock
[0.231s] [ 21%] Built target controller_manager
[0.246s] [ 21%] Built target ament_cmake_python_copy_controller_manager
[0.288s] [ 21%] Built target ament_cmake_python_copy_controller_manager_setup
[0.386s] [ 27%] Built target test_controller
[0.432s] [ 33%] Built target ros2_control_node
[0.437s] [ 39%] Built target test_controller_with_interfaces
[0.453s] [ 48%] Built target test_chainable_controller
[0.454s] [ 51%] Built target test_controller_failed_init
[0.509s] [ 57%] Built target test_controller_manager
[0.538s] [ 63%] Built target test_controller_manager_with_namespace.cpp
[0.538s] [ 69%] Built target test_hardware_management_srvs
[0.607s] [ 75%] Built target test_load_controller
[0.668s] [ 81%] Built target test_controllers_chaining_with_controller_manager
[0.705s] [ 87%] Built target test_controller_manager_srvs
[0.724s] [ 93%] Built target test_release_interfaces
[0.728s] [100%] Built target test_spawner_unspawner
[1.046s] running egg_info
[1.047s] writing controller_manager.egg-info/PKG-INFO
[1.047s] writing dependency_links to controller_manager.egg-info/dependency_links.txt
[1.051s] writing entry points to controller_manager.egg-info/entry_points.txt
[1.051s] writing top-level names to controller_manager.egg-info/top_level.txt
[1.052s] reading manifest file 'controller_manager.egg-info/SOURCES.txt'
[1.054s] writing manifest file 'controller_manager.egg-info/SOURCES.txt'
[1.103s] running install_scripts
[1.111s] [100%] Built target ament_cmake_python_build_controller_manager_egg
[1.166s] running egg_info
[1.167s] writing controller_manager.egg-info/PKG-INFO
[1.167s] writing dependency_links to controller_manager.egg-info/dependency_links.txt
[1.168s] writing entry points to controller_manager.egg-info/entry_points.txt
[1.168s] writing top-level names to controller_manager.egg-info/top_level.txt
[1.175s] reading manifest file 'controller_manager.egg-info/SOURCES.txt'
[1.177s] writing manifest file 'controller_manager.egg-info/SOURCES.txt'
[1.177s] Installing spawner script to scripts
[1.177s] Installing unspawner script to scripts
[1.246s] [100%] Built target ament_cmake_python_build_controller_manager_scripts
[1.275s] Invoked command in '/workspaces/diffbot/ros2_ws/build/controller_manager' returned '0': AMENT_PREFIX_PATH=/workspaces/diffbot/ros2_ws/install/ros2_control_test_assets:/workspaces/diffbot/ros2_ws/install/realtime_tools:/workspaces/diffbot/ros2_ws/install/controller_manager_msgs:/workspaces/diffbot/ros2_ws/install/control_msgs:${AMENT_PREFIX_PATH} CMAKE_PREFIX_PATH=/workspaces/diffbot/ros2_ws/install/controller_interface:/workspaces/diffbot/ros2_ws/install/hardware_interface:/workspaces/diffbot/ros2_ws/install/ros2_control_test_assets:/workspaces/diffbot/ros2_ws/install/realtime_tools:/workspaces/diffbot/ros2_ws/install/controller_manager_msgs:/workspaces/diffbot/ros2_ws/install/control_msgs:/workspaces/diffbot/ros2_ws/install/gazebo_ros2_control_demos:/workspaces/diffbot/ros2_ws/install/ros2_control:/workspaces/diffbot/ros2_ws/install/transmission_interface:/workspaces/diffbot/ros2_ws/install/ros2_controllers:/workspaces/diffbot/ros2_ws/install/steering_controllers_library:/workspaces/diffbot/ros2_ws/install/ros2_control_demos:/workspaces/diffbot/ros2_ws/install/ros2_control_demo_example_2:/workspaces/diffbot/ros2_ws/install/gazebo_ros2_control:/workspaces/diffbot/ros2_ws/install/diffbot_bringup:/workspaces/diffbot/ros2_ws/install/controller_manager:/workspaces/diffbot/ros2_ws/install/ros2_control_demo_description:/workspaces/diffbot/ros2_ws/install/joint_state_broadcaster:/workspaces/diffbot/ros2_ws/install/diff_drive_controller:/workspaces/diffbot/ros2_ws/install/position_controllers:/workspaces/diffbot/ros2_ws/install/joint_limits:/workspaces/diffbot/ros2_ws/install/rqt_controller_manager:/workspaces/diffbot/ros2_ws/install/ros2controlcli:/workspaces/diffbot/ros2_ws/install/ros2_controllers_test_nodes:/workspaces/diffbot/ros2_ws/install/controller:/opt/ros/humble LD_LIBRARY_PATH=/workspaces/diffbot/ros2_ws/install/controller_interface/lib:/workspaces/diffbot/ros2_ws/install/hardware_interface/lib:/workspaces/diffbot/ros2_ws/install/realtime_tools/lib:/workspaces/diffbot/ros2_ws/install/controller_manager_msgs/lib:/workspaces/diffbot/ros2_ws/install/control_msgs/lib:/workspaces/diffbot/ros2_ws/install/transmission_interface/lib:/workspaces/diffbot/ros2_ws/install/steering_controllers_library/lib:/workspaces/diffbot/ros2_ws/install/ros2_control_demo_example_2/lib:/workspaces/diffbot/ros2_ws/install/gazebo_ros2_control/lib:/workspaces/diffbot/ros2_ws/install/controller_manager/lib:/workspaces/diffbot/ros2_ws/install/joint_state_broadcaster/lib:/workspaces/diffbot/ros2_ws/install/diff_drive_controller/lib:/workspaces/diffbot/ros2_ws/install/position_controllers/lib:/opt/ros/humble/opt/rviz_ogre_vendor/lib:/opt/ros/humble/lib/x86_64-linux-gnu:/opt/ros/humble/lib PYTHONPATH=/workspaces/diffbot/ros2_ws/install/controller_manager_msgs/local/lib/python3.10/dist-packages:/workspaces/diffbot/ros2_ws/install/control_msgs/local/lib/python3.10/dist-packages:${PYTHONPATH} /usr/bin/cmake --build /workspaces/diffbot/ros2_ws/build/controller_manager -- -j8 -l8
[1.517s] Invoking command in '/workspaces/diffbot/ros2_ws/build/controller_manager': AMENT_PREFIX_PATH=/workspaces/diffbot/ros2_ws/install/ros2_control_test_assets:/workspaces/diffbot/ros2_ws/install/realtime_tools:/workspaces/diffbot/ros2_ws/install/controller_manager_msgs:/workspaces/diffbot/ros2_ws/install/control_msgs:${AMENT_PREFIX_PATH} CMAKE_PREFIX_PATH=/workspaces/diffbot/ros2_ws/install/controller_interface:/workspaces/diffbot/ros2_ws/install/hardware_interface:/workspaces/diffbot/ros2_ws/install/ros2_control_test_assets:/workspaces/diffbot/ros2_ws/install/realtime_tools:/workspaces/diffbot/ros2_ws/install/controller_manager_msgs:/workspaces/diffbot/ros2_ws/install/control_msgs:/workspaces/diffbot/ros2_ws/install/gazebo_ros2_control_demos:/workspaces/diffbot/ros2_ws/install/ros2_control:/workspaces/diffbot/ros2_ws/install/transmission_interface:/workspaces/diffbot/ros2_ws/install/ros2_controllers:/workspaces/diffbot/ros2_ws/install/steering_controllers_library:/workspaces/diffbot/ros2_ws/install/ros2_control_demos:/workspaces/diffbot/ros2_ws/install/ros2_control_demo_example_2:/workspaces/diffbot/ros2_ws/install/gazebo_ros2_control:/workspaces/diffbot/ros2_ws/install/diffbot_bringup:/workspaces/diffbot/ros2_ws/install/controller_manager:/workspaces/diffbot/ros2_ws/install/ros2_control_demo_description:/workspaces/diffbot/ros2_ws/install/joint_state_broadcaster:/workspaces/diffbot/ros2_ws/install/diff_drive_controller:/workspaces/diffbot/ros2_ws/install/position_controllers:/workspaces/diffbot/ros2_ws/install/joint_limits:/workspaces/diffbot/ros2_ws/install/rqt_controller_manager:/workspaces/diffbot/ros2_ws/install/ros2controlcli:/workspaces/diffbot/ros2_ws/install/ros2_controllers_test_nodes:/workspaces/diffbot/ros2_ws/install/controller:/opt/ros/humble LD_LIBRARY_PATH=/workspaces/diffbot/ros2_ws/install/controller_interface/lib:/workspaces/diffbot/ros2_ws/install/hardware_interface/lib:/workspaces/diffbot/ros2_ws/install/realtime_tools/lib:/workspaces/diffbot/ros2_ws/install/controller_manager_msgs/lib:/workspaces/diffbot/ros2_ws/install/control_msgs/lib:/workspaces/diffbot/ros2_ws/install/transmission_interface/lib:/workspaces/diffbot/ros2_ws/install/steering_controllers_library/lib:/workspaces/diffbot/ros2_ws/install/ros2_control_demo_example_2/lib:/workspaces/diffbot/ros2_ws/install/gazebo_ros2_control/lib:/workspaces/diffbot/ros2_ws/install/controller_manager/lib:/workspaces/diffbot/ros2_ws/install/joint_state_broadcaster/lib:/workspaces/diffbot/ros2_ws/install/diff_drive_controller/lib:/workspaces/diffbot/ros2_ws/install/position_controllers/lib:/opt/ros/humble/opt/rviz_ogre_vendor/lib:/opt/ros/humble/lib/x86_64-linux-gnu:/opt/ros/humble/lib PYTHONPATH=/workspaces/diffbot/ros2_ws/install/controller_manager_msgs/local/lib/python3.10/dist-packages:/workspaces/diffbot/ros2_ws/install/control_msgs/local/lib/python3.10/dist-packages:${PYTHONPATH} /usr/bin/cmake --install /workspaces/diffbot/ros2_ws/build/controller_manager
[1.530s] -- Install configuration: ""
[1.531s] -- Up-to-date: /workspaces/diffbot/ros2_ws/install/controller_manager/lib/libcontroller_manager.so
[1.532s] -- Up-to-date: /workspaces/diffbot/ros2_ws/install/controller_manager/lib/controller_manager/ros2_control_node
[1.532s] -- Up-to-date: /workspaces/diffbot/ros2_ws/install/controller_manager/include
[1.532s] -- Up-to-date: /workspaces/diffbot/ros2_ws/install/controller_manager/include/controller_manager
[1.532s] -- Up-to-date: /workspaces/diffbot/ros2_ws/install/controller_manager/include/controller_manager/controller_spec.hpp
[1.533s] -- Up-to-date: /workspaces/diffbot/ros2_ws/install/controller_manager/include/controller_manager/visibility_control.h
[1.533s] -- Up-to-date: /workspaces/diffbot/ros2_ws/install/controller_manager/include/controller_manager/controller_manager.hpp
[1.533s] -- Up-to-date: /workspaces/diffbot/ros2_ws/install/controller_manager/share/controller_manager/test/test_controller/test_controller.xml
[1.533s] -- Up-to-date: /workspaces/diffbot/ros2_ws/install/controller_manager/lib/libtest_controller.so
[1.534s] -- Up-to-date: /workspaces/diffbot/ros2_ws/install/controller_manager/share/controller_manager/test/test_controller_failed_init/test_controller_failed_init.xml
[1.534s] -- Up-to-date: /workspaces/diffbot/ros2_ws/install/controller_manager/lib/libtest_controller_failed_init.so
[1.535s] -- Up-to-date: /workspaces/diffbot/ros2_ws/install/controller_manager/share/controller_manager/test/test_chainable_controller/test_chainable_controller.xml
[1.536s] -- Up-to-date: /workspaces/diffbot/ros2_ws/install/controller_manager/lib/libtest_chainable_controller.so
[1.541s] -- Up-to-date: /workspaces/diffbot/ros2_ws/install/controller_manager/share/controller_manager/test/test_controller_with_interfaces/test_controller_with_interfaces.xml
[1.542s] -- Up-to-date: /workspaces/diffbot/ros2_ws/install/controller_manager/lib/libtest_controller_with_interfaces.so
[1.542s] -- Up-to-date: /workspaces/diffbot/ros2_ws/install/controller_manager/share/controller_manager/environment/pythonpath.sh
[1.542s] -- Up-to-date: /workspaces/diffbot/ros2_ws/install/controller_manager/share/controller_manager/environment/pythonpath.dsv
[1.542s] -- Up-to-date: /workspaces/diffbot/ros2_ws/install/controller_manager/local/lib/python3.10/dist-packages/controller_manager-2.30.0-py3.10.egg-info
[1.542s] -- Installing: /workspaces/diffbot/ros2_ws/install/controller_manager/local/lib/python3.10/dist-packages/controller_manager-2.30.0-py3.10.egg-info/top_level.txt
[1.542s] -- Installing: /workspaces/diffbot/ros2_ws/install/controller_manager/local/lib/python3.10/dist-packages/controller_manager-2.30.0-py3.10.egg-info/dependency_links.txt
[1.543s] -- Installing: /workspaces/diffbot/ros2_ws/install/controller_manager/local/lib/python3.10/dist-packages/controller_manager-2.30.0-py3.10.egg-info/PKG-INFO
[1.543s] -- Installing: /workspaces/diffbot/ros2_ws/install/controller_manager/local/lib/python3.10/dist-packages/controller_manager-2.30.0-py3.10.egg-info/entry_points.txt
[1.543s] -- Installing: /workspaces/diffbot/ros2_ws/install/controller_manager/local/lib/python3.10/dist-packages/controller_manager-2.30.0-py3.10.egg-info/SOURCES.txt
[1.543s] -- Up-to-date: /workspaces/diffbot/ros2_ws/install/controller_manager/lib/controller_manager/
[1.543s] -- Installing: /workspaces/diffbot/ros2_ws/install/controller_manager/lib/controller_manager//spawner
[1.543s] -- Installing: /workspaces/diffbot/ros2_ws/install/controller_manager/lib/controller_manager//unspawner
[1.543s] -- Up-to-date: /workspaces/diffbot/ros2_ws/install/controller_manager/local/lib/python3.10/dist-packages/controller_manager
[1.544s] -- Up-to-date: /workspaces/diffbot/ros2_ws/install/controller_manager/local/lib/python3.10/dist-packages/controller_manager/controller_manager_services.py
[1.544s] -- Up-to-date: /workspaces/diffbot/ros2_ws/install/controller_manager/local/lib/python3.10/dist-packages/controller_manager/spawner.py
[1.544s] -- Up-to-date: /workspaces/diffbot/ros2_ws/install/controller_manager/local/lib/python3.10/dist-packages/controller_manager/unspawner.py
[1.544s] -- Up-to-date: /workspaces/diffbot/ros2_ws/install/controller_manager/local/lib/python3.10/dist-packages/controller_manager/__init__.py
[1.544s] -- Up-to-date: /workspaces/diffbot/ros2_ws/install/controller_manager/local/lib/python3.10/dist-packages/controller_manager/launch_utils.py
[1.618s] Listing '/workspaces/diffbot/ros2_ws/install/controller_manager/local/lib/python3.10/dist-packages/controller_manager'...
[1.631s] -- Up-to-date: /workspaces/diffbot/ros2_ws/install/controller_manager/share/controller_manager/environment/library_path.sh
[1.633s] -- Up-to-date: /workspaces/diffbot/ros2_ws/install/controller_manager/share/controller_manager/environment/library_path.dsv
[1.633s] -- Up-to-date: /workspaces/diffbot/ros2_ws/install/controller_manager/share/ament_index/resource_index/package_run_dependencies/controller_manager
[1.633s] -- Up-to-date: /workspaces/diffbot/ros2_ws/install/controller_manager/share/ament_index/resource_index/parent_prefix_path/controller_manager
[1.633s] -- Up-to-date: /workspaces/diffbot/ros2_ws/install/controller_manager/share/controller_manager/environment/ament_prefix_path.sh
[1.634s] -- Up-to-date: /workspaces/diffbot/ros2_ws/install/controller_manager/share/controller_manager/environment/ament_prefix_path.dsv
[1.634s] -- Up-to-date: /workspaces/diffbot/ros2_ws/install/controller_manager/share/controller_manager/environment/path.sh
[1.634s] -- Up-to-date: /workspaces/diffbot/ros2_ws/install/controller_manager/share/controller_manager/environment/path.dsv
[1.634s] -- Up-to-date: /workspaces/diffbot/ros2_ws/install/controller_manager/share/controller_manager/local_setup.bash
[1.634s] -- Up-to-date: /workspaces/diffbot/ros2_ws/install/controller_manager/share/controller_manager/local_setup.sh
[1.634s] -- Up-to-date: /workspaces/diffbot/ros2_ws/install/controller_manager/share/controller_manager/local_setup.zsh
[1.634s] -- Up-to-date: /workspaces/diffbot/ros2_ws/install/controller_manager/share/controller_manager/local_setup.dsv
[1.635s] -- Installing: /workspaces/diffbot/ros2_ws/install/controller_manager/share/controller_manager/package.dsv
[1.635s] -- Up-to-date: /workspaces/diffbot/ros2_ws/install/controller_manager/share/ament_index/resource_index/packages/controller_manager
[1.635s] -- Up-to-date: /workspaces/diffbot/ros2_ws/install/controller_manager/share/ament_index/resource_index/controller_interface__pluginlib__plugin/controller_manager
[1.635s] -- Up-to-date: /workspaces/diffbot/ros2_ws/install/controller_manager/share/controller_manager/cmake/ament_cmake_export_libraries-extras.cmake
[1.636s] -- Up-to-date: /workspaces/diffbot/ros2_ws/install/controller_manager/share/controller_manager/cmake/ament_cmake_export_include_directories-extras.cmake
[1.636s] -- Up-to-date: /workspaces/diffbot/ros2_ws/install/controller_manager/share/controller_manager/cmake/ament_cmake_export_dependencies-extras.cmake
[1.636s] -- Up-to-date: /workspaces/diffbot/ros2_ws/install/controller_manager/share/controller_manager/cmake/controller_managerConfig.cmake
[1.636s] -- Up-to-date: /workspaces/diffbot/ros2_ws/install/controller_manager/share/controller_manager/cmake/controller_managerConfig-version.cmake
[1.636s] -- Up-to-date: /workspaces/diffbot/ros2_ws/install/controller_manager/share/controller_manager/package.xml
[1.649s] Invoked command in '/workspaces/diffbot/ros2_ws/build/controller_manager' returned '0': AMENT_PREFIX_PATH=/workspaces/diffbot/ros2_ws/install/ros2_control_test_assets:/workspaces/diffbot/ros2_ws/install/realtime_tools:/workspaces/diffbot/ros2_ws/install/controller_manager_msgs:/workspaces/diffbot/ros2_ws/install/control_msgs:${AMENT_PREFIX_PATH} CMAKE_PREFIX_PATH=/workspaces/diffbot/ros2_ws/install/controller_interface:/workspaces/diffbot/ros2_ws/install/hardware_interface:/workspaces/diffbot/ros2_ws/install/ros2_control_test_assets:/workspaces/diffbot/ros2_ws/install/realtime_tools:/workspaces/diffbot/ros2_ws/install/controller_manager_msgs:/workspaces/diffbot/ros2_ws/install/control_msgs:/workspaces/diffbot/ros2_ws/install/gazebo_ros2_control_demos:/workspaces/diffbot/ros2_ws/install/ros2_control:/workspaces/diffbot/ros2_ws/install/transmission_interface:/workspaces/diffbot/ros2_ws/install/ros2_controllers:/workspaces/diffbot/ros2_ws/install/steering_controllers_library:/workspaces/diffbot/ros2_ws/install/ros2_control_demos:/workspaces/diffbot/ros2_ws/install/ros2_control_demo_example_2:/workspaces/diffbot/ros2_ws/install/gazebo_ros2_control:/workspaces/diffbot/ros2_ws/install/diffbot_bringup:/workspaces/diffbot/ros2_ws/install/controller_manager:/workspaces/diffbot/ros2_ws/install/ros2_control_demo_description:/workspaces/diffbot/ros2_ws/install/joint_state_broadcaster:/workspaces/diffbot/ros2_ws/install/diff_drive_controller:/workspaces/diffbot/ros2_ws/install/position_controllers:/workspaces/diffbot/ros2_ws/install/joint_limits:/workspaces/diffbot/ros2_ws/install/rqt_controller_manager:/workspaces/diffbot/ros2_ws/install/ros2controlcli:/workspaces/diffbot/ros2_ws/install/ros2_controllers_test_nodes:/workspaces/diffbot/ros2_ws/install/controller:/opt/ros/humble LD_LIBRARY_PATH=/workspaces/diffbot/ros2_ws/install/controller_interface/lib:/workspaces/diffbot/ros2_ws/install/hardware_interface/lib:/workspaces/diffbot/ros2_ws/install/realtime_tools/lib:/workspaces/diffbot/ros2_ws/install/controller_manager_msgs/lib:/workspaces/diffbot/ros2_ws/install/control_msgs/lib:/workspaces/diffbot/ros2_ws/install/transmission_interface/lib:/workspaces/diffbot/ros2_ws/install/steering_controllers_library/lib:/workspaces/diffbot/ros2_ws/install/ros2_control_demo_example_2/lib:/workspaces/diffbot/ros2_ws/install/gazebo_ros2_control/lib:/workspaces/diffbot/ros2_ws/install/controller_manager/lib:/workspaces/diffbot/ros2_ws/install/joint_state_broadcaster/lib:/workspaces/diffbot/ros2_ws/install/diff_drive_controller/lib:/workspaces/diffbot/ros2_ws/install/position_controllers/lib:/opt/ros/humble/opt/rviz_ogre_vendor/lib:/opt/ros/humble/lib/x86_64-linux-gnu:/opt/ros/humble/lib PYTHONPATH=/workspaces/diffbot/ros2_ws/install/controller_manager_msgs/local/lib/python3.10/dist-packages:/workspaces/diffbot/ros2_ws/install/control_msgs/local/lib/python3.10/dist-packages:${PYTHONPATH} /usr/bin/cmake --install /workspaces/diffbot/ros2_ws/build/controller_manager
