[0.142s] Invoking command in '/home/lulav/ros2_ws/build/admittance_controller': AMENT_PREFIX_PATH=/home/lulav/ros2_ws/install/joint_trajectory_controller:/home/lulav/ros2_ws/install/controller_manager:/home/lulav/ros2_ws/install/controller_interface:/home/lulav/ros2_ws/install/hardware_interface:/home/lulav/ros2_ws/install/ros2_control_test_assets:/home/lulav/ros2_ws/install/realtime_tools:/home/lulav/ros2_ws/install/controller_manager_msgs:/home/lulav/ros2_ws/install/control_msgs:${AMENT_PREFIX_PATH} CMAKE_PREFIX_PATH=/home/lulav/ros2_ws/install/joint_trajectory_controller:/home/lulav/ros2_ws/install/controller_manager:/home/lulav/ros2_ws/install/controller_interface:/home/lulav/ros2_ws/install/hardware_interface:/home/lulav/ros2_ws/install/ros2_control_test_assets:/home/lulav/ros2_ws/install/realtime_tools:/home/lulav/ros2_ws/install/controller_manager_msgs:/home/lulav/ros2_ws/install/control_msgs:/opt/ros/humble LD_LIBRARY_PATH=/home/lulav/ros2_ws/install/joint_trajectory_controller/lib:/home/lulav/ros2_ws/install/controller_manager/lib:/home/lulav/ros2_ws/install/controller_interface/lib:/home/lulav/ros2_ws/install/hardware_interface/lib:/home/lulav/ros2_ws/install/realtime_tools/lib:/home/lulav/ros2_ws/install/controller_manager_msgs/lib:/home/lulav/ros2_ws/install/control_msgs/lib:${LD_LIBRARY_PATH} PYTHONPATH=/home/lulav/ros2_ws/install/controller_manager/local/lib/python3.10/dist-packages:/home/lulav/ros2_ws/install/controller_manager_msgs/local/lib/python3.10/dist-packages:/home/lulav/ros2_ws/install/control_msgs/local/lib/python3.10/dist-packages:${PYTHONPATH} /usr/bin/cmake --build /home/lulav/ros2_ws/build/admittance_controller -- -j8 -l8
[0.407s] [ 20%] Built target admittance_controller_parameters
[0.408s] [ 40%] Built target gmock
[0.586s] [ 60%] Built target admittance_controller
[0.605s] [ 80%] Built target test_load_admittance_controller
[0.696s] [100%] Built target test_admittance_controller
[0.737s] Invoked command in '/home/lulav/ros2_ws/build/admittance_controller' returned '0': AMENT_PREFIX_PATH=/home/lulav/ros2_ws/install/joint_trajectory_controller:/home/lulav/ros2_ws/install/controller_manager:/home/lulav/ros2_ws/install/controller_interface:/home/lulav/ros2_ws/install/hardware_interface:/home/lulav/ros2_ws/install/ros2_control_test_assets:/home/lulav/ros2_ws/install/realtime_tools:/home/lulav/ros2_ws/install/controller_manager_msgs:/home/lulav/ros2_ws/install/control_msgs:${AMENT_PREFIX_PATH} CMAKE_PREFIX_PATH=/home/lulav/ros2_ws/install/joint_trajectory_controller:/home/lulav/ros2_ws/install/controller_manager:/home/lulav/ros2_ws/install/controller_interface:/home/lulav/ros2_ws/install/hardware_interface:/home/lulav/ros2_ws/install/ros2_control_test_assets:/home/lulav/ros2_ws/install/realtime_tools:/home/lulav/ros2_ws/install/controller_manager_msgs:/home/lulav/ros2_ws/install/control_msgs:/opt/ros/humble LD_LIBRARY_PATH=/home/lulav/ros2_ws/install/joint_trajectory_controller/lib:/home/lulav/ros2_ws/install/controller_manager/lib:/home/lulav/ros2_ws/install/controller_interface/lib:/home/lulav/ros2_ws/install/hardware_interface/lib:/home/lulav/ros2_ws/install/realtime_tools/lib:/home/lulav/ros2_ws/install/controller_manager_msgs/lib:/home/lulav/ros2_ws/install/control_msgs/lib:${LD_LIBRARY_PATH} PYTHONPATH=/home/lulav/ros2_ws/install/controller_manager/local/lib/python3.10/dist-packages:/home/lulav/ros2_ws/install/controller_manager_msgs/local/lib/python3.10/dist-packages:/home/lulav/ros2_ws/install/control_msgs/local/lib/python3.10/dist-packages:${PYTHONPATH} /usr/bin/cmake --build /home/lulav/ros2_ws/build/admittance_controller -- -j8 -l8
[0.921s] Invoking command in '/home/lulav/ros2_ws/build/admittance_controller': AMENT_PREFIX_PATH=/home/lulav/ros2_ws/install/joint_trajectory_controller:/home/lulav/ros2_ws/install/controller_manager:/home/lulav/ros2_ws/install/controller_interface:/home/lulav/ros2_ws/install/hardware_interface:/home/lulav/ros2_ws/install/ros2_control_test_assets:/home/lulav/ros2_ws/install/realtime_tools:/home/lulav/ros2_ws/install/controller_manager_msgs:/home/lulav/ros2_ws/install/control_msgs:${AMENT_PREFIX_PATH} CMAKE_PREFIX_PATH=/home/lulav/ros2_ws/install/joint_trajectory_controller:/home/lulav/ros2_ws/install/controller_manager:/home/lulav/ros2_ws/install/controller_interface:/home/lulav/ros2_ws/install/hardware_interface:/home/lulav/ros2_ws/install/ros2_control_test_assets:/home/lulav/ros2_ws/install/realtime_tools:/home/lulav/ros2_ws/install/controller_manager_msgs:/home/lulav/ros2_ws/install/control_msgs:/opt/ros/humble LD_LIBRARY_PATH=/home/lulav/ros2_ws/install/joint_trajectory_controller/lib:/home/lulav/ros2_ws/install/controller_manager/lib:/home/lulav/ros2_ws/install/controller_interface/lib:/home/lulav/ros2_ws/install/hardware_interface/lib:/home/lulav/ros2_ws/install/realtime_tools/lib:/home/lulav/ros2_ws/install/controller_manager_msgs/lib:/home/lulav/ros2_ws/install/control_msgs/lib:${LD_LIBRARY_PATH} PYTHONPATH=/home/lulav/ros2_ws/install/controller_manager/local/lib/python3.10/dist-packages:/home/lulav/ros2_ws/install/controller_manager_msgs/local/lib/python3.10/dist-packages:/home/lulav/ros2_ws/install/control_msgs/local/lib/python3.10/dist-packages:${PYTHONPATH} /usr/bin/cmake --install /home/lulav/ros2_ws/build/admittance_controller
[0.938s] -- Install configuration: ""
[0.940s] -- Execute custom install script
[0.941s] -- Up-to-date symlink: /home/lulav/ros2_ws/install/admittance_controller/include/admittance_controller_parameters/admittance_controller_parameters.hpp
[0.941s] -- Up-to-date symlink: /home/lulav/ros2_ws/install/admittance_controller/share/admittance_controller//admittance_controller.xml
[0.944s] -- Up-to-date symlink: /home/lulav/ros2_ws/install/admittance_controller/include/admittance_controller/admittance_controller/admittance_controller.hpp
[0.945s] -- Up-to-date symlink: /home/lulav/ros2_ws/install/admittance_controller/include/admittance_controller/admittance_controller/admittance_rule.hpp
[0.945s] -- Up-to-date symlink: /home/lulav/ros2_ws/install/admittance_controller/include/admittance_controller/admittance_controller/admittance_rule_impl.hpp
[0.945s] -- Up-to-date symlink: /home/lulav/ros2_ws/install/admittance_controller/include/admittance_controller/admittance_controller/visibility_control.h
[0.945s] -- Up-to-date symlink: /home/lulav/ros2_ws/install/admittance_controller/share/admittance_controller/environment/library_path.sh
[0.945s] -- Up-to-date symlink: /home/lulav/ros2_ws/install/admittance_controller/share/admittance_controller/environment/library_path.dsv
[0.945s] -- Up-to-date symlink: /home/lulav/ros2_ws/install/admittance_controller/share/ament_index/resource_index/package_run_dependencies/admittance_controller
[0.946s] -- Up-to-date symlink: /home/lulav/ros2_ws/install/admittance_controller/share/ament_index/resource_index/parent_prefix_path/admittance_controller
[0.946s] -- Up-to-date symlink: /home/lulav/ros2_ws/install/admittance_controller/share/admittance_controller/environment/ament_prefix_path.sh
[0.946s] -- Up-to-date symlink: /home/lulav/ros2_ws/install/admittance_controller/share/admittance_controller/environment/ament_prefix_path.dsv
[0.946s] -- Up-to-date symlink: /home/lulav/ros2_ws/install/admittance_controller/share/admittance_controller/environment/path.sh
[0.947s] -- Up-to-date symlink: /home/lulav/ros2_ws/install/admittance_controller/share/admittance_controller/environment/path.dsv
[0.947s] -- Up-to-date symlink: /home/lulav/ros2_ws/install/admittance_controller/share/admittance_controller/local_setup.bash
[0.947s] -- Up-to-date symlink: /home/lulav/ros2_ws/install/admittance_controller/share/admittance_controller/local_setup.sh
[0.947s] -- Up-to-date symlink: /home/lulav/ros2_ws/install/admittance_controller/share/admittance_controller/local_setup.zsh
[0.950s] -- Up-to-date symlink: /home/lulav/ros2_ws/install/admittance_controller/share/admittance_controller/local_setup.dsv
[0.950s] -- Symlinking: /home/lulav/ros2_ws/install/admittance_controller/share/admittance_controller/package.dsv
[0.970s] -- Up-to-date symlink: /home/lulav/ros2_ws/install/admittance_controller/share/ament_index/resource_index/packages/admittance_controller
[0.970s] -- Up-to-date symlink: /home/lulav/ros2_ws/install/admittance_controller/share/ament_index/resource_index/controller_interface__pluginlib__plugin/admittance_controller
[0.970s] -- Up-to-date symlink: /home/lulav/ros2_ws/install/admittance_controller/share/admittance_controller/cmake/ament_cmake_export_targets-extras.cmake
[0.971s] -- Up-to-date symlink: /home/lulav/ros2_ws/install/admittance_controller/share/admittance_controller/cmake/ament_cmake_export_dependencies-extras.cmake
[0.971s] -- Up-to-date symlink: /home/lulav/ros2_ws/install/admittance_controller/share/admittance_controller/cmake/admittance_controllerConfig.cmake
[0.971s] -- Up-to-date symlink: /home/lulav/ros2_ws/install/admittance_controller/share/admittance_controller/cmake/admittance_controllerConfig-version.cmake
[0.972s] -- Up-to-date symlink: /home/lulav/ros2_ws/install/admittance_controller/share/admittance_controller/package.xml
[0.973s] -- Up-to-date: /home/lulav/ros2_ws/install/admittance_controller/lib/libadmittance_controller.so
[0.973s] -- Up-to-date: /home/lulav/ros2_ws/install/admittance_controller/share/admittance_controller/cmake/export_admittance_controllerExport.cmake
[0.973s] -- Up-to-date: /home/lulav/ros2_ws/install/admittance_controller/share/admittance_controller/cmake/export_admittance_controllerExport-noconfig.cmake
[0.995s] Invoked command in '/home/lulav/ros2_ws/build/admittance_controller' returned '0': AMENT_PREFIX_PATH=/home/lulav/ros2_ws/install/joint_trajectory_controller:/home/lulav/ros2_ws/install/controller_manager:/home/lulav/ros2_ws/install/controller_interface:/home/lulav/ros2_ws/install/hardware_interface:/home/lulav/ros2_ws/install/ros2_control_test_assets:/home/lulav/ros2_ws/install/realtime_tools:/home/lulav/ros2_ws/install/controller_manager_msgs:/home/lulav/ros2_ws/install/control_msgs:${AMENT_PREFIX_PATH} CMAKE_PREFIX_PATH=/home/lulav/ros2_ws/install/joint_trajectory_controller:/home/lulav/ros2_ws/install/controller_manager:/home/lulav/ros2_ws/install/controller_interface:/home/lulav/ros2_ws/install/hardware_interface:/home/lulav/ros2_ws/install/ros2_control_test_assets:/home/lulav/ros2_ws/install/realtime_tools:/home/lulav/ros2_ws/install/controller_manager_msgs:/home/lulav/ros2_ws/install/control_msgs:/opt/ros/humble LD_LIBRARY_PATH=/home/lulav/ros2_ws/install/joint_trajectory_controller/lib:/home/lulav/ros2_ws/install/controller_manager/lib:/home/lulav/ros2_ws/install/controller_interface/lib:/home/lulav/ros2_ws/install/hardware_interface/lib:/home/lulav/ros2_ws/install/realtime_tools/lib:/home/lulav/ros2_ws/install/controller_manager_msgs/lib:/home/lulav/ros2_ws/install/control_msgs/lib:${LD_LIBRARY_PATH} PYTHONPATH=/home/lulav/ros2_ws/install/controller_manager/local/lib/python3.10/dist-packages:/home/lulav/ros2_ws/install/controller_manager_msgs/local/lib/python3.10/dist-packages:/home/lulav/ros2_ws/install/control_msgs/local/lib/python3.10/dist-packages:${PYTHONPATH} /usr/bin/cmake --install /home/lulav/ros2_ws/build/admittance_controller
