[0.066s] Invoking command in '/home/lulav/ros2_ws/build/controller_manager': AMENT_PREFIX_PATH=/home/lulav/ros2_ws/install/controller_interface:/home/lulav/ros2_ws/install/hardware_interface:/home/lulav/ros2_ws/install/ros2_control_test_assets:/home/lulav/ros2_ws/install/realtime_tools:/home/lulav/ros2_ws/install/controller_manager_msgs:/home/lulav/ros2_ws/install/control_msgs:${AMENT_PREFIX_PATH} CMAKE_PREFIX_PATH=/home/lulav/ros2_ws/install/controller_interface:/home/lulav/ros2_ws/install/hardware_interface:/home/lulav/ros2_ws/install/ros2_control_test_assets:/home/lulav/ros2_ws/install/realtime_tools:/home/lulav/ros2_ws/install/controller_manager_msgs:/home/lulav/ros2_ws/install/control_msgs:/opt/ros/humble LD_LIBRARY_PATH=/home/lulav/ros2_ws/install/controller_interface/lib:/home/lulav/ros2_ws/install/hardware_interface/lib:/home/lulav/ros2_ws/install/realtime_tools/lib:/home/lulav/ros2_ws/install/controller_manager_msgs/lib:/home/lulav/ros2_ws/install/control_msgs/lib:${LD_LIBRARY_PATH} PYTHONPATH=/home/lulav/ros2_ws/install/controller_manager_msgs/local/lib/python3.10/dist-packages:/home/lulav/ros2_ws/install/control_msgs/local/lib/python3.10/dist-packages:${PYTHONPATH} /usr/bin/cmake --build /home/lulav/ros2_ws/build/controller_manager -- -j8 -l8
[0.230s] [  6%] Built target gmock_main
[0.232s] [ 15%] Built target gmock
[0.238s] [ 15%] Built target ament_cmake_python_symlink_controller_manager_setup
[0.240s] [ 15%] Built target ament_cmake_python_symlink_controller_manager
[0.267s] [ 21%] Built target controller_manager
[0.358s] [ 27%] Built target ros2_control_node
[0.385s] [ 33%] Built target test_controller
[0.392s] [ 39%] Built target test_chainable_controller
[0.401s] [ 45%] Built target test_controller_with_interfaces
[0.450s] [ 51%] Built target test_controller_failed_init
[0.470s] [ 57%] Built target test_controller_manager
[0.532s] [ 63%] Built target test_spawner_unspawner
[0.551s] [ 69%] Built target test_controller_manager_with_namespace.cpp
[0.579s] [ 75%] Built target test_hardware_management_srvs
[0.606s] [ 81%] Built target test_controllers_chaining_with_controller_manager
[0.611s] [ 87%] Built target test_load_controller
[0.629s] [ 93%] Built target test_controller_manager_srvs
[0.657s] [100%] Built target test_release_interfaces
[0.908s] running install_scripts
[0.913s] /usr/lib/python3/dist-packages/setuptools/command/install.py:34: SetuptoolsDeprecationWarning: setup.py install is deprecated. Use build and pip and other standards-based tools.
[0.913s]   warnings.warn(
[0.913s] running egg_info
[0.915s] writing controller_manager.egg-info/PKG-INFO
[0.915s] writing dependency_links to controller_manager.egg-info/dependency_links.txt
[0.916s] writing entry points to controller_manager.egg-info/entry_points.txt
[0.916s] writing top-level names to controller_manager.egg-info/top_level.txt
[0.921s] reading manifest file 'controller_manager.egg-info/SOURCES.txt'
[0.922s] writing manifest file 'controller_manager.egg-info/SOURCES.txt'
[0.957s] running egg_info
[0.959s] writing controller_manager.egg-info/PKG-INFO
[0.959s] writing dependency_links to controller_manager.egg-info/dependency_links.txt
[0.959s] writing entry points to controller_manager.egg-info/entry_points.txt
[0.960s] writing top-level names to controller_manager.egg-info/top_level.txt
[0.963s] reading manifest file 'controller_manager.egg-info/SOURCES.txt'
[0.964s] writing manifest file 'controller_manager.egg-info/SOURCES.txt'
[0.967s] Installing spawner script to scripts
[0.967s] Installing unspawner script to scripts
[0.971s] [100%] Built target ament_cmake_python_build_controller_manager_egg
[1.031s] [100%] Built target ament_cmake_python_build_controller_manager_scripts
[1.052s] Invoked command in '/home/lulav/ros2_ws/build/controller_manager' returned '0': AMENT_PREFIX_PATH=/home/lulav/ros2_ws/install/controller_interface:/home/lulav/ros2_ws/install/hardware_interface:/home/lulav/ros2_ws/install/ros2_control_test_assets:/home/lulav/ros2_ws/install/realtime_tools:/home/lulav/ros2_ws/install/controller_manager_msgs:/home/lulav/ros2_ws/install/control_msgs:${AMENT_PREFIX_PATH} CMAKE_PREFIX_PATH=/home/lulav/ros2_ws/install/controller_interface:/home/lulav/ros2_ws/install/hardware_interface:/home/lulav/ros2_ws/install/ros2_control_test_assets:/home/lulav/ros2_ws/install/realtime_tools:/home/lulav/ros2_ws/install/controller_manager_msgs:/home/lulav/ros2_ws/install/control_msgs:/opt/ros/humble LD_LIBRARY_PATH=/home/lulav/ros2_ws/install/controller_interface/lib:/home/lulav/ros2_ws/install/hardware_interface/lib:/home/lulav/ros2_ws/install/realtime_tools/lib:/home/lulav/ros2_ws/install/controller_manager_msgs/lib:/home/lulav/ros2_ws/install/control_msgs/lib:${LD_LIBRARY_PATH} PYTHONPATH=/home/lulav/ros2_ws/install/controller_manager_msgs/local/lib/python3.10/dist-packages:/home/lulav/ros2_ws/install/control_msgs/local/lib/python3.10/dist-packages:${PYTHONPATH} /usr/bin/cmake --build /home/lulav/ros2_ws/build/controller_manager -- -j8 -l8
[1.184s] Invoking command in '/home/lulav/ros2_ws/build/controller_manager': AMENT_PREFIX_PATH=/home/lulav/ros2_ws/install/controller_interface:/home/lulav/ros2_ws/install/hardware_interface:/home/lulav/ros2_ws/install/ros2_control_test_assets:/home/lulav/ros2_ws/install/realtime_tools:/home/lulav/ros2_ws/install/controller_manager_msgs:/home/lulav/ros2_ws/install/control_msgs:${AMENT_PREFIX_PATH} CMAKE_PREFIX_PATH=/home/lulav/ros2_ws/install/controller_interface:/home/lulav/ros2_ws/install/hardware_interface:/home/lulav/ros2_ws/install/ros2_control_test_assets:/home/lulav/ros2_ws/install/realtime_tools:/home/lulav/ros2_ws/install/controller_manager_msgs:/home/lulav/ros2_ws/install/control_msgs:/opt/ros/humble LD_LIBRARY_PATH=/home/lulav/ros2_ws/install/controller_interface/lib:/home/lulav/ros2_ws/install/hardware_interface/lib:/home/lulav/ros2_ws/install/realtime_tools/lib:/home/lulav/ros2_ws/install/controller_manager_msgs/lib:/home/lulav/ros2_ws/install/control_msgs/lib:${LD_LIBRARY_PATH} PYTHONPATH=/home/lulav/ros2_ws/install/controller_manager_msgs/local/lib/python3.10/dist-packages:/home/lulav/ros2_ws/install/control_msgs/local/lib/python3.10/dist-packages:${PYTHONPATH} /usr/bin/cmake --install /home/lulav/ros2_ws/build/controller_manager
[1.201s] -- Install configuration: ""
[1.203s] -- Execute custom install script
[1.204s] -- Up-to-date symlink: /home/lulav/ros2_ws/install/controller_manager/lib/libcontroller_manager.so
[1.205s] -- Up-to-date symlink: /home/lulav/ros2_ws/install/controller_manager/lib/controller_manager/ros2_control_node
[1.207s] -- Up-to-date symlink: /home/lulav/ros2_ws/install/controller_manager/include/controller_manager/controller_manager.hpp
[1.208s] -- Up-to-date symlink: /home/lulav/ros2_ws/install/controller_manager/include/controller_manager/controller_spec.hpp
[1.208s] -- Up-to-date symlink: /home/lulav/ros2_ws/install/controller_manager/include/controller_manager/visibility_control.h
[1.208s] -- Up-to-date symlink: /home/lulav/ros2_ws/install/controller_manager/share/controller_manager/test/test_controller/test_controller.xml
[1.208s] -- Up-to-date symlink: /home/lulav/ros2_ws/install/controller_manager/lib/libtest_controller.so
[1.208s] -- Up-to-date symlink: /home/lulav/ros2_ws/install/controller_manager/share/controller_manager/test/test_controller_failed_init/test_controller_failed_init.xml
[1.209s] -- Up-to-date symlink: /home/lulav/ros2_ws/install/controller_manager/lib/libtest_controller_failed_init.so
[1.209s] -- Up-to-date symlink: /home/lulav/ros2_ws/install/controller_manager/share/controller_manager/test/test_chainable_controller/test_chainable_controller.xml
[1.209s] -- Up-to-date symlink: /home/lulav/ros2_ws/install/controller_manager/lib/libtest_chainable_controller.so
[1.209s] -- Up-to-date symlink: /home/lulav/ros2_ws/install/controller_manager/share/controller_manager/test/test_controller_with_interfaces/test_controller_with_interfaces.xml
[1.210s] -- Up-to-date symlink: /home/lulav/ros2_ws/install/controller_manager/lib/libtest_controller_with_interfaces.so
[1.210s] -- Up-to-date symlink: /home/lulav/ros2_ws/install/controller_manager/share/controller_manager/environment/pythonpath.sh
[1.211s] -- Up-to-date symlink: /home/lulav/ros2_ws/install/controller_manager/share/controller_manager/environment/pythonpath.dsv
[1.212s] -- Up-to-date symlink: /home/lulav/ros2_ws/install/controller_manager/local/lib/python3.10/dist-packages/controller_manager-2.29.0-py3.10.egg-info/PKG-INFO
[1.212s] -- Up-to-date symlink: /home/lulav/ros2_ws/install/controller_manager/local/lib/python3.10/dist-packages/controller_manager-2.29.0-py3.10.egg-info/SOURCES.txt
[1.212s] -- Up-to-date symlink: /home/lulav/ros2_ws/install/controller_manager/local/lib/python3.10/dist-packages/controller_manager-2.29.0-py3.10.egg-info/dependency_links.txt
[1.214s] -- Up-to-date symlink: /home/lulav/ros2_ws/install/controller_manager/local/lib/python3.10/dist-packages/controller_manager-2.29.0-py3.10.egg-info/entry_points.txt
[1.215s] -- Up-to-date symlink: /home/lulav/ros2_ws/install/controller_manager/local/lib/python3.10/dist-packages/controller_manager-2.29.0-py3.10.egg-info/top_level.txt
[1.215s] -- Up-to-date symlink: /home/lulav/ros2_ws/install/controller_manager/lib/controller_manager//spawner
[1.217s] -- Up-to-date symlink: /home/lulav/ros2_ws/install/controller_manager/lib/controller_manager//unspawner
[1.223s] -- Up-to-date symlink: /home/lulav/ros2_ws/install/controller_manager/local/lib/python3.10/dist-packages/controller_manager/__init__.py
[1.224s] -- Up-to-date symlink: /home/lulav/ros2_ws/install/controller_manager/local/lib/python3.10/dist-packages/controller_manager/controller_manager_services.py
[1.224s] -- Up-to-date symlink: /home/lulav/ros2_ws/install/controller_manager/local/lib/python3.10/dist-packages/controller_manager/launch_utils.py
[1.224s] -- Up-to-date symlink: /home/lulav/ros2_ws/install/controller_manager/local/lib/python3.10/dist-packages/controller_manager/spawner.py
[1.225s] -- Up-to-date symlink: /home/lulav/ros2_ws/install/controller_manager/local/lib/python3.10/dist-packages/controller_manager/unspawner.py
[1.225s] -- Up-to-date symlink: /home/lulav/ros2_ws/install/controller_manager/share/controller_manager/environment/library_path.sh
[1.227s] -- Up-to-date symlink: /home/lulav/ros2_ws/install/controller_manager/share/controller_manager/environment/library_path.dsv
[1.227s] -- Up-to-date symlink: /home/lulav/ros2_ws/install/controller_manager/share/ament_index/resource_index/package_run_dependencies/controller_manager
[1.227s] -- Up-to-date symlink: /home/lulav/ros2_ws/install/controller_manager/share/ament_index/resource_index/parent_prefix_path/controller_manager
[1.228s] -- Up-to-date symlink: /home/lulav/ros2_ws/install/controller_manager/share/controller_manager/environment/ament_prefix_path.sh
[1.228s] -- Up-to-date symlink: /home/lulav/ros2_ws/install/controller_manager/share/controller_manager/environment/ament_prefix_path.dsv
[1.228s] -- Up-to-date symlink: /home/lulav/ros2_ws/install/controller_manager/share/controller_manager/environment/path.sh
[1.228s] -- Up-to-date symlink: /home/lulav/ros2_ws/install/controller_manager/share/controller_manager/environment/path.dsv
[1.229s] -- Up-to-date symlink: /home/lulav/ros2_ws/install/controller_manager/share/controller_manager/local_setup.bash
[1.230s] -- Up-to-date symlink: /home/lulav/ros2_ws/install/controller_manager/share/controller_manager/local_setup.sh
[1.231s] -- Up-to-date symlink: /home/lulav/ros2_ws/install/controller_manager/share/controller_manager/local_setup.zsh
[1.231s] -- Up-to-date symlink: /home/lulav/ros2_ws/install/controller_manager/share/controller_manager/local_setup.dsv
[1.231s] -- Symlinking: /home/lulav/ros2_ws/install/controller_manager/share/controller_manager/package.dsv
[1.251s] -- Up-to-date symlink: /home/lulav/ros2_ws/install/controller_manager/share/ament_index/resource_index/packages/controller_manager
[1.251s] -- Up-to-date symlink: /home/lulav/ros2_ws/install/controller_manager/share/ament_index/resource_index/controller_interface__pluginlib__plugin/controller_manager
[1.251s] -- Up-to-date symlink: /home/lulav/ros2_ws/install/controller_manager/share/controller_manager/cmake/ament_cmake_export_libraries-extras.cmake
[1.252s] -- Up-to-date symlink: /home/lulav/ros2_ws/install/controller_manager/share/controller_manager/cmake/ament_cmake_export_include_directories-extras.cmake
[1.252s] -- Up-to-date symlink: /home/lulav/ros2_ws/install/controller_manager/share/controller_manager/cmake/ament_cmake_export_dependencies-extras.cmake
[1.252s] -- Up-to-date symlink: /home/lulav/ros2_ws/install/controller_manager/share/controller_manager/cmake/controller_managerConfig.cmake
[1.252s] -- Up-to-date symlink: /home/lulav/ros2_ws/install/controller_manager/share/controller_manager/cmake/controller_managerConfig-version.cmake
[1.253s] -- Up-to-date symlink: /home/lulav/ros2_ws/install/controller_manager/share/controller_manager/package.xml
[1.328s] Listing '/home/lulav/ros2_ws/install/controller_manager/local/lib/python3.10/dist-packages/controller_manager'...
[1.344s] Invoked command in '/home/lulav/ros2_ws/build/controller_manager' returned '0': AMENT_PREFIX_PATH=/home/lulav/ros2_ws/install/controller_interface:/home/lulav/ros2_ws/install/hardware_interface:/home/lulav/ros2_ws/install/ros2_control_test_assets:/home/lulav/ros2_ws/install/realtime_tools:/home/lulav/ros2_ws/install/controller_manager_msgs:/home/lulav/ros2_ws/install/control_msgs:${AMENT_PREFIX_PATH} CMAKE_PREFIX_PATH=/home/lulav/ros2_ws/install/controller_interface:/home/lulav/ros2_ws/install/hardware_interface:/home/lulav/ros2_ws/install/ros2_control_test_assets:/home/lulav/ros2_ws/install/realtime_tools:/home/lulav/ros2_ws/install/controller_manager_msgs:/home/lulav/ros2_ws/install/control_msgs:/opt/ros/humble LD_LIBRARY_PATH=/home/lulav/ros2_ws/install/controller_interface/lib:/home/lulav/ros2_ws/install/hardware_interface/lib:/home/lulav/ros2_ws/install/realtime_tools/lib:/home/lulav/ros2_ws/install/controller_manager_msgs/lib:/home/lulav/ros2_ws/install/control_msgs/lib:${LD_LIBRARY_PATH} PYTHONPATH=/home/lulav/ros2_ws/install/controller_manager_msgs/local/lib/python3.10/dist-packages:/home/lulav/ros2_ws/install/control_msgs/local/lib/python3.10/dist-packages:${PYTHONPATH} /usr/bin/cmake --install /home/lulav/ros2_ws/build/controller_manager
