[0.015s] Invoking command in '/home/lulav/ros2_ws/build/transmission_interface': AMENT_PREFIX_PATH=/home/lulav/ros2_ws/install/hardware_interface:/home/lulav/ros2_ws/install/control_msgs:${AMENT_PREFIX_PATH} CMAKE_PREFIX_PATH=/home/lulav/ros2_ws/install/hardware_interface:/home/lulav/ros2_ws/install/control_msgs:/opt/ros/humble LD_LIBRARY_PATH=/home/lulav/ros2_ws/install/hardware_interface/lib:/home/lulav/ros2_ws/install/control_msgs/lib:${LD_LIBRARY_PATH} PYTHONPATH=/home/lulav/ros2_ws/install/control_msgs/local/lib/python3.10/dist-packages:${PYTHONPATH} /usr/bin/cmake /home/lulav/ros2_ws/src/ros2_control/transmission_interface -DAMENT_CMAKE_SYMLINK_INSTALL=1 -DCMAKE_INSTALL_PREFIX=/home/lulav/ros2_ws/install/transmission_interface
[0.100s] -- The C compiler identification is GNU 11.4.0
[0.189s] -- The CXX compiler identification is GNU 11.4.0
[0.201s] -- Detecting C compiler ABI info
[0.304s] -- Detecting C compiler ABI info - done
[0.316s] -- Check for working C compiler: /usr/bin/cc - skipped
[0.317s] -- Detecting C compile features
[0.318s] -- Detecting C compile features - done
[0.323s] -- Detecting CXX compiler ABI info
[0.442s] -- Detecting CXX compiler ABI info - done
[0.456s] -- Check for working CXX compiler: /usr/bin/c++ - skipped
[0.456s] -- Detecting CXX compile features
[0.457s] -- Detecting CXX compile features - done
[0.460s] -- Found ament_cmake: 1.3.5 (/opt/ros/humble/share/ament_cmake/cmake)
[0.743s] -- Found Python3: /usr/bin/python3.10 (found version "3.10.12") found components: Interpreter 
[0.843s] -- Override CMake install command with custom implementation using symlinks instead of copying resources
[0.879s] -- Found hardware_interface: 2.29.0 (/home/lulav/ros2_ws/install/hardware_interface/share/hardware_interface/cmake)
[0.940s] -- Found rosidl_generator_c: 3.1.5 (/opt/ros/humble/share/rosidl_generator_c/cmake)
[0.947s] -- Found rosidl_adapter: 3.1.5 (/opt/ros/humble/share/rosidl_adapter/cmake)
[0.960s] -- Found rosidl_generator_cpp: 3.1.5 (/opt/ros/humble/share/rosidl_generator_cpp/cmake)
[0.982s] -- Using all available rosidl_typesupport_c: rosidl_typesupport_fastrtps_c;rosidl_typesupport_introspection_c
[1.012s] -- Using all available rosidl_typesupport_cpp: rosidl_typesupport_fastrtps_cpp;rosidl_typesupport_introspection_cpp
[2.106s] -- Found rmw_implementation_cmake: 6.1.1 (/opt/ros/humble/share/rmw_implementation_cmake/cmake)
[2.109s] -- Found rmw_fastrtps_cpp: 6.2.3 (/opt/ros/humble/share/rmw_fastrtps_cpp/cmake)
[2.261s] -- Found OpenSSL: /usr/lib/x86_64-linux-gnu/libcrypto.so (found version "3.0.2")  
[2.315s] -- Found FastRTPS: /opt/ros/humble/include  
[2.405s] -- Using RMW implementation 'rmw_fastrtps_cpp' as default
[2.420s] -- Looking for pthread.h
[2.531s] -- Looking for pthread.h - found
[2.531s] -- Performing Test CMAKE_HAVE_LIBC_PTHREAD
[2.644s] -- Performing Test CMAKE_HAVE_LIBC_PTHREAD - Success
[2.647s] -- Found Threads: TRUE  
[3.014s] -- Found ament_cmake_gmock: 1.3.5 (/opt/ros/humble/share/ament_cmake_gmock/cmake)
[3.017s] -- Found gmock sources under '/opt/ros/humble/src/gmock_vendor': C++ tests using 'Google Mock' will be built
[3.024s] -- Found ament_cmake_gtest: 1.3.5 (/opt/ros/humble/share/ament_cmake_gtest/cmake)
[3.025s] -- Found gtest sources under '/opt/ros/humble/src/gtest_vendor': C++ tests using 'Google Test' will be built
[3.822s] -- Configuring done
[4.140s] -- Generating done
[4.146s] -- Build files have been written to: /home/lulav/ros2_ws/build/transmission_interface
[4.174s] Invoked command in '/home/lulav/ros2_ws/build/transmission_interface' returned '0': AMENT_PREFIX_PATH=/home/lulav/ros2_ws/install/hardware_interface:/home/lulav/ros2_ws/install/control_msgs:${AMENT_PREFIX_PATH} CMAKE_PREFIX_PATH=/home/lulav/ros2_ws/install/hardware_interface:/home/lulav/ros2_ws/install/control_msgs:/opt/ros/humble LD_LIBRARY_PATH=/home/lulav/ros2_ws/install/hardware_interface/lib:/home/lulav/ros2_ws/install/control_msgs/lib:${LD_LIBRARY_PATH} PYTHONPATH=/home/lulav/ros2_ws/install/control_msgs/local/lib/python3.10/dist-packages:${PYTHONPATH} /usr/bin/cmake /home/lulav/ros2_ws/src/ros2_control/transmission_interface -DAMENT_CMAKE_SYMLINK_INSTALL=1 -DCMAKE_INSTALL_PREFIX=/home/lulav/ros2_ws/install/transmission_interface
[4.177s] Invoking command in '/home/lulav/ros2_ws/build/transmission_interface': AMENT_PREFIX_PATH=/home/lulav/ros2_ws/install/hardware_interface:/home/lulav/ros2_ws/install/control_msgs:${AMENT_PREFIX_PATH} CMAKE_PREFIX_PATH=/home/lulav/ros2_ws/install/hardware_interface:/home/lulav/ros2_ws/install/control_msgs:/opt/ros/humble LD_LIBRARY_PATH=/home/lulav/ros2_ws/install/hardware_interface/lib:/home/lulav/ros2_ws/install/control_msgs/lib:${LD_LIBRARY_PATH} PYTHONPATH=/home/lulav/ros2_ws/install/control_msgs/local/lib/python3.10/dist-packages:${PYTHONPATH} /usr/bin/cmake --build /home/lulav/ros2_ws/build/transmission_interface -- -j8 -l8
[4.314s] [  4%] [32mBuilding CXX object CMakeFiles/transmission_interface.dir/src/four_bar_linkage_transmission_loader.cpp.o[0m
[4.325s] [  8%] [32mBuilding CXX object CMakeFiles/transmission_interface.dir/src/differential_transmission_loader.cpp.o[0m
[4.336s] [ 13%] [32mBuilding CXX object CMakeFiles/transmission_interface.dir/src/simple_transmission_loader.cpp.o[0m
[4.337s] [ 17%] [32mBuilding CXX object gmock/CMakeFiles/gmock_main.dir/src/gmock_main.cc.o[0m
[4.369s] [ 21%] [32mBuilding CXX object gmock/CMakeFiles/gmock.dir/src/gmock-all.cc.o[0m
[4.372s] [ 26%] [32mBuilding CXX object gmock/CMakeFiles/gmock.dir/opt/ros/humble/src/gtest_vendor/src/gtest-all.cc.o[0m
[8.642s] [ 30%] [32m[1mLinking CXX static library libgmock_main.a[0m
[9.034s] [ 30%] Built target gmock_main
[16.181s] [ 34%] [32m[1mLinking CXX static library libgmock.a[0m
[16.386s] [ 34%] Built target gmock
[16.440s] [ 39%] [32mBuilding CXX object CMakeFiles/test_simple_transmission.dir/test/simple_transmission_test.cpp.o[0m
[16.450s] [ 43%] [32mBuilding CXX object CMakeFiles/test_simple_transmission_loader.dir/test/simple_transmission_loader_test.cpp.o[0m
[16.453s] [ 47%] [32mBuilding CXX object CMakeFiles/test_differential_transmission.dir/test/differential_transmission_test.cpp.o[0m
[16.465s] [ 52%] [32mBuilding CXX object CMakeFiles/test_four_bar_linkage_transmission.dir/test/four_bar_linkage_transmission_test.cpp.o[0m
[17.336s] [ 56%] [32m[1mLinking CXX shared library libtransmission_interface.so[0m
[17.944s] [ 56%] Built target transmission_interface
[18.030s] [ 60%] [32mBuilding CXX object CMakeFiles/test_utils.dir/test/utils_test.cpp.o[0m
[18.031s] [ 65%] [32mBuilding CXX object CMakeFiles/test_four_bar_linkage_transmission_loader.dir/test/four_bar_linkage_transmission_loader_test.cpp.o[0m
[18.057s] [ 69%] [32mBuilding CXX object CMakeFiles/test_differential_transmission_loader.dir/test/differential_transmission_loader_test.cpp.o[0m
[26.813s] [ 73%] [32m[1mLinking CXX executable test_utils[0m
[27.843s] [ 78%] [32m[1mLinking CXX executable test_differential_transmission[0m
[28.182s] [ 82%] [32m[1mLinking CXX executable test_simple_transmission[0m
[28.453s] [ 86%] [32m[1mLinking CXX executable test_four_bar_linkage_transmission[0m
[28.565s] [ 86%] Built target test_utils
[29.304s] [ 86%] Built target test_differential_transmission
[29.603s] [ 86%] Built target test_simple_transmission
[29.645s] [ 86%] Built target test_four_bar_linkage_transmission
[31.512s] [ 91%] [32m[1mLinking CXX executable test_differential_transmission_loader[0m
[32.654s] [ 91%] Built target test_differential_transmission_loader
[33.232s] [ 95%] [32m[1mLinking CXX executable test_simple_transmission_loader[0m
[33.560s] [100%] [32m[1mLinking CXX executable test_four_bar_linkage_transmission_loader[0m
[34.018s] [100%] Built target test_simple_transmission_loader
[34.336s] [100%] Built target test_four_bar_linkage_transmission_loader
[34.354s] Invoked command in '/home/lulav/ros2_ws/build/transmission_interface' returned '0': AMENT_PREFIX_PATH=/home/lulav/ros2_ws/install/hardware_interface:/home/lulav/ros2_ws/install/control_msgs:${AMENT_PREFIX_PATH} CMAKE_PREFIX_PATH=/home/lulav/ros2_ws/install/hardware_interface:/home/lulav/ros2_ws/install/control_msgs:/opt/ros/humble LD_LIBRARY_PATH=/home/lulav/ros2_ws/install/hardware_interface/lib:/home/lulav/ros2_ws/install/control_msgs/lib:${LD_LIBRARY_PATH} PYTHONPATH=/home/lulav/ros2_ws/install/control_msgs/local/lib/python3.10/dist-packages:${PYTHONPATH} /usr/bin/cmake --build /home/lulav/ros2_ws/build/transmission_interface -- -j8 -l8
[34.433s] Invoking command in '/home/lulav/ros2_ws/build/transmission_interface': AMENT_PREFIX_PATH=/home/lulav/ros2_ws/install/hardware_interface:/home/lulav/ros2_ws/install/control_msgs:${AMENT_PREFIX_PATH} CMAKE_PREFIX_PATH=/home/lulav/ros2_ws/install/hardware_interface:/home/lulav/ros2_ws/install/control_msgs:/opt/ros/humble LD_LIBRARY_PATH=/home/lulav/ros2_ws/install/hardware_interface/lib:/home/lulav/ros2_ws/install/control_msgs/lib:${LD_LIBRARY_PATH} PYTHONPATH=/home/lulav/ros2_ws/install/control_msgs/local/lib/python3.10/dist-packages:${PYTHONPATH} /usr/bin/cmake --install /home/lulav/ros2_ws/build/transmission_interface
[34.444s] -- Install configuration: ""
[34.445s] -- Execute custom install script
[34.446s] -- Symlinking: /home/lulav/ros2_ws/install/transmission_interface/include/transmission_interface/accessor.hpp
[34.459s] -- Symlinking: /home/lulav/ros2_ws/install/transmission_interface/include/transmission_interface/differential_transmission.hpp
[34.472s] -- Symlinking: /home/lulav/ros2_ws/install/transmission_interface/include/transmission_interface/differential_transmission_loader.hpp
[34.485s] -- Symlinking: /home/lulav/ros2_ws/install/transmission_interface/include/transmission_interface/exception.hpp
[34.499s] -- Symlinking: /home/lulav/ros2_ws/install/transmission_interface/include/transmission_interface/four_bar_linkage_transmission.hpp
[34.513s] -- Symlinking: /home/lulav/ros2_ws/install/transmission_interface/include/transmission_interface/four_bar_linkage_transmission_loader.hpp
[34.526s] -- Symlinking: /home/lulav/ros2_ws/install/transmission_interface/include/transmission_interface/handle.hpp
[34.540s] -- Symlinking: /home/lulav/ros2_ws/install/transmission_interface/include/transmission_interface/simple_transmission.hpp
[34.553s] -- Symlinking: /home/lulav/ros2_ws/install/transmission_interface/include/transmission_interface/simple_transmission_loader.hpp
[34.566s] -- Symlinking: /home/lulav/ros2_ws/install/transmission_interface/include/transmission_interface/transmission.hpp
[34.580s] -- Symlinking: /home/lulav/ros2_ws/install/transmission_interface/include/transmission_interface/transmission_interface_exception.hpp
[34.593s] -- Symlinking: /home/lulav/ros2_ws/install/transmission_interface/include/transmission_interface/transmission_loader.hpp
[34.606s] -- Symlinking: /home/lulav/ros2_ws/install/transmission_interface/include/transmission_interface/visibility_control.h
[34.621s] -- Symlinking: /home/lulav/ros2_ws/install/transmission_interface/share/transmission_interface//ros2_control_plugins.xml
[34.635s] -- Symlinking: /home/lulav/ros2_ws/install/transmission_interface/share/transmission_interface/environment/library_path.sh
[34.649s] -- Symlinking: /home/lulav/ros2_ws/install/transmission_interface/share/transmission_interface/environment/library_path.dsv
[34.662s] -- Symlinking: /home/lulav/ros2_ws/install/transmission_interface/share/ament_index/resource_index/package_run_dependencies/transmission_interface
[34.675s] -- Symlinking: /home/lulav/ros2_ws/install/transmission_interface/share/ament_index/resource_index/parent_prefix_path/transmission_interface
[34.688s] -- Symlinking: /home/lulav/ros2_ws/install/transmission_interface/share/transmission_interface/environment/ament_prefix_path.sh
[34.701s] -- Symlinking: /home/lulav/ros2_ws/install/transmission_interface/share/transmission_interface/environment/ament_prefix_path.dsv
[34.715s] -- Symlinking: /home/lulav/ros2_ws/install/transmission_interface/share/transmission_interface/environment/path.sh
[34.729s] -- Symlinking: /home/lulav/ros2_ws/install/transmission_interface/share/transmission_interface/environment/path.dsv
[34.742s] -- Symlinking: /home/lulav/ros2_ws/install/transmission_interface/share/transmission_interface/local_setup.bash
[34.756s] -- Symlinking: /home/lulav/ros2_ws/install/transmission_interface/share/transmission_interface/local_setup.sh
[34.770s] -- Symlinking: /home/lulav/ros2_ws/install/transmission_interface/share/transmission_interface/local_setup.zsh
[34.783s] -- Symlinking: /home/lulav/ros2_ws/install/transmission_interface/share/transmission_interface/local_setup.dsv
[34.796s] -- Symlinking: /home/lulav/ros2_ws/install/transmission_interface/share/transmission_interface/package.dsv
[34.809s] -- Symlinking: /home/lulav/ros2_ws/install/transmission_interface/share/ament_index/resource_index/packages/transmission_interface
[34.823s] -- Symlinking: /home/lulav/ros2_ws/install/transmission_interface/share/ament_index/resource_index/transmission_interface__pluginlib__plugin/transmission_interface
[34.836s] -- Symlinking: /home/lulav/ros2_ws/install/transmission_interface/share/transmission_interface/cmake/ament_cmake_export_include_directories-extras.cmake
[34.849s] -- Symlinking: /home/lulav/ros2_ws/install/transmission_interface/share/transmission_interface/cmake/ament_cmake_export_dependencies-extras.cmake
[34.862s] -- Symlinking: /home/lulav/ros2_ws/install/transmission_interface/share/transmission_interface/cmake/ament_cmake_export_libraries-extras.cmake
[34.875s] -- Symlinking: /home/lulav/ros2_ws/install/transmission_interface/share/transmission_interface/cmake/transmission_interfaceConfig.cmake
[34.889s] -- Symlinking: /home/lulav/ros2_ws/install/transmission_interface/share/transmission_interface/cmake/transmission_interfaceConfig-version.cmake
[34.902s] -- Symlinking: /home/lulav/ros2_ws/install/transmission_interface/share/transmission_interface/package.xml
[34.917s] -- Installing: /home/lulav/ros2_ws/install/transmission_interface/lib/libtransmission_interface.so
[34.918s] -- Set runtime path of "/home/lulav/ros2_ws/install/transmission_interface/lib/libtransmission_interface.so" to ""
[34.921s] Invoked command in '/home/lulav/ros2_ws/build/transmission_interface' returned '0': AMENT_PREFIX_PATH=/home/lulav/ros2_ws/install/hardware_interface:/home/lulav/ros2_ws/install/control_msgs:${AMENT_PREFIX_PATH} CMAKE_PREFIX_PATH=/home/lulav/ros2_ws/install/hardware_interface:/home/lulav/ros2_ws/install/control_msgs:/opt/ros/humble LD_LIBRARY_PATH=/home/lulav/ros2_ws/install/hardware_interface/lib:/home/lulav/ros2_ws/install/control_msgs/lib:${LD_LIBRARY_PATH} PYTHONPATH=/home/lulav/ros2_ws/install/control_msgs/local/lib/python3.10/dist-packages:${PYTHONPATH} /usr/bin/cmake --install /home/lulav/ros2_ws/build/transmission_interface
