[0.214s] Invoking command in '/home/lulav/ros2_ws/build/position_controllers': AMENT_PREFIX_PATH=/home/lulav/ros2_ws/install/forward_command_controller:/home/lulav/ros2_ws/install/controller_manager:/home/lulav/ros2_ws/install/controller_interface:/home/lulav/ros2_ws/install/hardware_interface:/home/lulav/ros2_ws/install/ros2_control_test_assets:/home/lulav/ros2_ws/install/realtime_tools:/home/lulav/ros2_ws/install/controller_manager_msgs:/home/lulav/ros2_ws/install/control_msgs:${AMENT_PREFIX_PATH} CMAKE_PREFIX_PATH=/home/lulav/ros2_ws/install/forward_command_controller:/home/lulav/ros2_ws/install/controller_manager:/home/lulav/ros2_ws/install/controller_interface:/home/lulav/ros2_ws/install/hardware_interface:/home/lulav/ros2_ws/install/ros2_control_test_assets:/home/lulav/ros2_ws/install/realtime_tools:/home/lulav/ros2_ws/install/controller_manager_msgs:/home/lulav/ros2_ws/install/control_msgs:/opt/ros/humble LD_LIBRARY_PATH=/home/lulav/ros2_ws/install/forward_command_controller/lib:/home/lulav/ros2_ws/install/controller_manager/lib:/home/lulav/ros2_ws/install/controller_interface/lib:/home/lulav/ros2_ws/install/hardware_interface/lib:/home/lulav/ros2_ws/install/realtime_tools/lib:/home/lulav/ros2_ws/install/controller_manager_msgs/lib:/home/lulav/ros2_ws/install/control_msgs/lib:${LD_LIBRARY_PATH} PYTHONPATH=/home/lulav/ros2_ws/install/controller_manager/local/lib/python3.10/dist-packages:/home/lulav/ros2_ws/install/controller_manager_msgs/local/lib/python3.10/dist-packages:/home/lulav/ros2_ws/install/control_msgs/local/lib/python3.10/dist-packages:${PYTHONPATH} /usr/bin/cmake /home/lulav/ros2_ws/src/ros2_controllers/position_controllers -DCMAKE_INSTALL_PREFIX=/home/lulav/ros2_ws/install/position_controllers
[0.288s] -- Found ament_cmake: 1.3.5 (/opt/ros/humble/share/ament_cmake/cmake)
[0.712s] -- Override CMake install command with custom implementation using symlinks instead of copying resources
[0.742s] -- Found backward_ros: 1.0.2 (/opt/ros/humble/share/backward_ros/cmake)
[0.798s] -- Could NOT find libbfd (missing: LIBBFD_LIBRARY LIBBFD_INCLUDE_DIR) 
[0.798s] -- BACKWARD_HAS_UNWIND=1
[0.798s] -- BACKWARD_HAS_BACKTRACE=0
[0.799s] -- BACKWARD_HAS_BACKTRACE_SYMBOL=0
[0.799s] -- BACKWARD_HAS_DW=1
[0.799s] -- BACKWARD_HAS_BFD=0
[0.801s] -- Found Backward: /opt/ros/humble/share/backward_ros/cmake  
[0.803s] -- Found forward_command_controller: 2.24.0 (/home/lulav/ros2_ws/install/forward_command_controller/share/forward_command_controller/cmake)
[0.940s] -- Found rosidl_generator_c: 3.1.5 (/opt/ros/humble/share/rosidl_generator_c/cmake)
[0.948s] -- Found rosidl_adapter: 3.1.5 (/opt/ros/humble/share/rosidl_adapter/cmake)
[0.974s] -- Found rosidl_generator_cpp: 3.1.5 (/opt/ros/humble/share/rosidl_generator_cpp/cmake)
[1.010s] -- Using all available rosidl_typesupport_c: rosidl_typesupport_fastrtps_c;rosidl_typesupport_introspection_c
[1.065s] -- Using all available rosidl_typesupport_cpp: rosidl_typesupport_fastrtps_cpp;rosidl_typesupport_introspection_cpp
[3.395s] -- Found rmw_implementation_cmake: 6.1.1 (/opt/ros/humble/share/rmw_implementation_cmake/cmake)
[3.399s] -- Found rmw_fastrtps_cpp: 6.2.3 (/opt/ros/humble/share/rmw_fastrtps_cpp/cmake)
[3.775s] -- Using RMW implementation 'rmw_fastrtps_cpp' as default
[4.998s] -- Found parameter_traits: 0.3.3 (/opt/ros/humble/share/parameter_traits/cmake)
[5.547s] -- Found ament_cmake_gmock: 1.3.5 (/opt/ros/humble/share/ament_cmake_gmock/cmake)
[5.548s] -- Found controller_manager: 2.29.0 (/home/lulav/ros2_ws/install/controller_manager/share/controller_manager/cmake)
[6.310s] -- Found ros2_control_test_assets: 2.29.0 (/home/lulav/ros2_ws/install/ros2_control_test_assets/share/ros2_control_test_assets/cmake)
[6.313s] -- Found gmock sources under '/opt/ros/humble/src/gmock_vendor': C++ tests using 'Google Mock' will be built
[6.321s] -- Found ament_cmake_gtest: 1.3.5 (/opt/ros/humble/share/ament_cmake_gtest/cmake)
[6.322s] -- Found gtest sources under '/opt/ros/humble/src/gtest_vendor': C++ tests using 'Google Test' will be built
[7.291s] -- Configuring done
[7.486s] -- Generating done
[7.493s] -- Build files have been written to: /home/lulav/ros2_ws/build/position_controllers
[7.516s] Invoked command in '/home/lulav/ros2_ws/build/position_controllers' returned '0': AMENT_PREFIX_PATH=/home/lulav/ros2_ws/install/forward_command_controller:/home/lulav/ros2_ws/install/controller_manager:/home/lulav/ros2_ws/install/controller_interface:/home/lulav/ros2_ws/install/hardware_interface:/home/lulav/ros2_ws/install/ros2_control_test_assets:/home/lulav/ros2_ws/install/realtime_tools:/home/lulav/ros2_ws/install/controller_manager_msgs:/home/lulav/ros2_ws/install/control_msgs:${AMENT_PREFIX_PATH} CMAKE_PREFIX_PATH=/home/lulav/ros2_ws/install/forward_command_controller:/home/lulav/ros2_ws/install/controller_manager:/home/lulav/ros2_ws/install/controller_interface:/home/lulav/ros2_ws/install/hardware_interface:/home/lulav/ros2_ws/install/ros2_control_test_assets:/home/lulav/ros2_ws/install/realtime_tools:/home/lulav/ros2_ws/install/controller_manager_msgs:/home/lulav/ros2_ws/install/control_msgs:/opt/ros/humble LD_LIBRARY_PATH=/home/lulav/ros2_ws/install/forward_command_controller/lib:/home/lulav/ros2_ws/install/controller_manager/lib:/home/lulav/ros2_ws/install/controller_interface/lib:/home/lulav/ros2_ws/install/hardware_interface/lib:/home/lulav/ros2_ws/install/realtime_tools/lib:/home/lulav/ros2_ws/install/controller_manager_msgs/lib:/home/lulav/ros2_ws/install/control_msgs/lib:${LD_LIBRARY_PATH} PYTHONPATH=/home/lulav/ros2_ws/install/controller_manager/local/lib/python3.10/dist-packages:/home/lulav/ros2_ws/install/controller_manager_msgs/local/lib/python3.10/dist-packages:/home/lulav/ros2_ws/install/control_msgs/local/lib/python3.10/dist-packages:${PYTHONPATH} /usr/bin/cmake /home/lulav/ros2_ws/src/ros2_controllers/position_controllers -DCMAKE_INSTALL_PREFIX=/home/lulav/ros2_ws/install/position_controllers
[7.518s] Invoking command in '/home/lulav/ros2_ws/build/position_controllers': AMENT_PREFIX_PATH=/home/lulav/ros2_ws/install/forward_command_controller:/home/lulav/ros2_ws/install/controller_manager:/home/lulav/ros2_ws/install/controller_interface:/home/lulav/ros2_ws/install/hardware_interface:/home/lulav/ros2_ws/install/ros2_control_test_assets:/home/lulav/ros2_ws/install/realtime_tools:/home/lulav/ros2_ws/install/controller_manager_msgs:/home/lulav/ros2_ws/install/control_msgs:${AMENT_PREFIX_PATH} CMAKE_PREFIX_PATH=/home/lulav/ros2_ws/install/forward_command_controller:/home/lulav/ros2_ws/install/controller_manager:/home/lulav/ros2_ws/install/controller_interface:/home/lulav/ros2_ws/install/hardware_interface:/home/lulav/ros2_ws/install/ros2_control_test_assets:/home/lulav/ros2_ws/install/realtime_tools:/home/lulav/ros2_ws/install/controller_manager_msgs:/home/lulav/ros2_ws/install/control_msgs:/opt/ros/humble LD_LIBRARY_PATH=/home/lulav/ros2_ws/install/forward_command_controller/lib:/home/lulav/ros2_ws/install/controller_manager/lib:/home/lulav/ros2_ws/install/controller_interface/lib:/home/lulav/ros2_ws/install/hardware_interface/lib:/home/lulav/ros2_ws/install/realtime_tools/lib:/home/lulav/ros2_ws/install/controller_manager_msgs/lib:/home/lulav/ros2_ws/install/control_msgs/lib:${LD_LIBRARY_PATH} PYTHONPATH=/home/lulav/ros2_ws/install/controller_manager/local/lib/python3.10/dist-packages:/home/lulav/ros2_ws/install/controller_manager_msgs/local/lib/python3.10/dist-packages:/home/lulav/ros2_ws/install/control_msgs/local/lib/python3.10/dist-packages:${PYTHONPATH} /usr/bin/cmake --build /home/lulav/ros2_ws/build/position_controllers -- -j8 -l8
[7.629s] [35m[1mConsolidate compiler generated dependencies of target position_controllers[0m
[7.677s] [ 18%] Built target position_controllers
[7.709s] [35m[1mConsolidate compiler generated dependencies of target gmock[0m
[7.746s] [ 45%] Built target gmock
[7.772s] [35m[1mConsolidate compiler generated dependencies of target gmock_main[0m
[7.811s] [ 63%] Built target gmock_main
[7.857s] [35m[1mConsolidate compiler generated dependencies of target test_load_joint_group_position_controller[0m
[7.897s] [ 81%] Built target test_load_joint_group_position_controller
[7.925s] [35m[1mConsolidate compiler generated dependencies of target test_joint_group_position_controller[0m
[7.973s] [100%] Built target test_joint_group_position_controller
[7.998s] Invoked command in '/home/lulav/ros2_ws/build/position_controllers' returned '0': AMENT_PREFIX_PATH=/home/lulav/ros2_ws/install/forward_command_controller:/home/lulav/ros2_ws/install/controller_manager:/home/lulav/ros2_ws/install/controller_interface:/home/lulav/ros2_ws/install/hardware_interface:/home/lulav/ros2_ws/install/ros2_control_test_assets:/home/lulav/ros2_ws/install/realtime_tools:/home/lulav/ros2_ws/install/controller_manager_msgs:/home/lulav/ros2_ws/install/control_msgs:${AMENT_PREFIX_PATH} CMAKE_PREFIX_PATH=/home/lulav/ros2_ws/install/forward_command_controller:/home/lulav/ros2_ws/install/controller_manager:/home/lulav/ros2_ws/install/controller_interface:/home/lulav/ros2_ws/install/hardware_interface:/home/lulav/ros2_ws/install/ros2_control_test_assets:/home/lulav/ros2_ws/install/realtime_tools:/home/lulav/ros2_ws/install/controller_manager_msgs:/home/lulav/ros2_ws/install/control_msgs:/opt/ros/humble LD_LIBRARY_PATH=/home/lulav/ros2_ws/install/forward_command_controller/lib:/home/lulav/ros2_ws/install/controller_manager/lib:/home/lulav/ros2_ws/install/controller_interface/lib:/home/lulav/ros2_ws/install/hardware_interface/lib:/home/lulav/ros2_ws/install/realtime_tools/lib:/home/lulav/ros2_ws/install/controller_manager_msgs/lib:/home/lulav/ros2_ws/install/control_msgs/lib:${LD_LIBRARY_PATH} PYTHONPATH=/home/lulav/ros2_ws/install/controller_manager/local/lib/python3.10/dist-packages:/home/lulav/ros2_ws/install/controller_manager_msgs/local/lib/python3.10/dist-packages:/home/lulav/ros2_ws/install/control_msgs/local/lib/python3.10/dist-packages:${PYTHONPATH} /usr/bin/cmake --build /home/lulav/ros2_ws/build/position_controllers -- -j8 -l8
[8.077s] Invoking command in '/home/lulav/ros2_ws/build/position_controllers': AMENT_PREFIX_PATH=/home/lulav/ros2_ws/install/forward_command_controller:/home/lulav/ros2_ws/install/controller_manager:/home/lulav/ros2_ws/install/controller_interface:/home/lulav/ros2_ws/install/hardware_interface:/home/lulav/ros2_ws/install/ros2_control_test_assets:/home/lulav/ros2_ws/install/realtime_tools:/home/lulav/ros2_ws/install/controller_manager_msgs:/home/lulav/ros2_ws/install/control_msgs:${AMENT_PREFIX_PATH} CMAKE_PREFIX_PATH=/home/lulav/ros2_ws/install/forward_command_controller:/home/lulav/ros2_ws/install/controller_manager:/home/lulav/ros2_ws/install/controller_interface:/home/lulav/ros2_ws/install/hardware_interface:/home/lulav/ros2_ws/install/ros2_control_test_assets:/home/lulav/ros2_ws/install/realtime_tools:/home/lulav/ros2_ws/install/controller_manager_msgs:/home/lulav/ros2_ws/install/control_msgs:/opt/ros/humble LD_LIBRARY_PATH=/home/lulav/ros2_ws/install/forward_command_controller/lib:/home/lulav/ros2_ws/install/controller_manager/lib:/home/lulav/ros2_ws/install/controller_interface/lib:/home/lulav/ros2_ws/install/hardware_interface/lib:/home/lulav/ros2_ws/install/realtime_tools/lib:/home/lulav/ros2_ws/install/controller_manager_msgs/lib:/home/lulav/ros2_ws/install/control_msgs/lib:${LD_LIBRARY_PATH} PYTHONPATH=/home/lulav/ros2_ws/install/controller_manager/local/lib/python3.10/dist-packages:/home/lulav/ros2_ws/install/controller_manager_msgs/local/lib/python3.10/dist-packages:/home/lulav/ros2_ws/install/control_msgs/local/lib/python3.10/dist-packages:${PYTHONPATH} /usr/bin/cmake --install /home/lulav/ros2_ws/build/position_controllers
[8.096s] -- Install configuration: ""
[8.097s] -- Execute custom install script
[8.098s] -- Up-to-date symlink: /home/lulav/ros2_ws/install/position_controllers/share/position_controllers//position_controllers_plugins.xml
[8.099s] -- Up-to-date symlink: /home/lulav/ros2_ws/install/position_controllers/include/position_controllers/position_controllers/joint_group_position_controller.hpp
[8.099s] -- Up-to-date symlink: /home/lulav/ros2_ws/install/position_controllers/include/position_controllers/position_controllers/visibility_control.h
[8.100s] -- Up-to-date symlink: /home/lulav/ros2_ws/install/position_controllers/share/position_controllers/environment/library_path.sh
[8.101s] -- Up-to-date symlink: /home/lulav/ros2_ws/install/position_controllers/share/position_controllers/environment/library_path.dsv
[8.101s] -- Up-to-date symlink: /home/lulav/ros2_ws/install/position_controllers/share/ament_index/resource_index/package_run_dependencies/position_controllers
[8.102s] -- Up-to-date symlink: /home/lulav/ros2_ws/install/position_controllers/share/ament_index/resource_index/parent_prefix_path/position_controllers
[8.103s] -- Up-to-date symlink: /home/lulav/ros2_ws/install/position_controllers/share/position_controllers/environment/ament_prefix_path.sh
[8.104s] -- Up-to-date symlink: /home/lulav/ros2_ws/install/position_controllers/share/position_controllers/environment/ament_prefix_path.dsv
[8.104s] -- Up-to-date symlink: /home/lulav/ros2_ws/install/position_controllers/share/position_controllers/environment/path.sh
[8.104s] -- Up-to-date symlink: /home/lulav/ros2_ws/install/position_controllers/share/position_controllers/environment/path.dsv
[8.104s] -- Up-to-date symlink: /home/lulav/ros2_ws/install/position_controllers/share/position_controllers/local_setup.bash
[8.104s] -- Up-to-date symlink: /home/lulav/ros2_ws/install/position_controllers/share/position_controllers/local_setup.sh
[8.104s] -- Up-to-date symlink: /home/lulav/ros2_ws/install/position_controllers/share/position_controllers/local_setup.zsh
[8.104s] -- Up-to-date symlink: /home/lulav/ros2_ws/install/position_controllers/share/position_controllers/local_setup.dsv
[8.105s] -- Symlinking: /home/lulav/ros2_ws/install/position_controllers/share/position_controllers/package.dsv
[8.125s] -- Up-to-date symlink: /home/lulav/ros2_ws/install/position_controllers/share/ament_index/resource_index/packages/position_controllers
[8.125s] -- Up-to-date symlink: /home/lulav/ros2_ws/install/position_controllers/share/ament_index/resource_index/controller_interface__pluginlib__plugin/position_controllers
[8.126s] -- Up-to-date symlink: /home/lulav/ros2_ws/install/position_controllers/share/position_controllers/cmake/ament_cmake_export_targets-extras.cmake
[8.126s] -- Up-to-date symlink: /home/lulav/ros2_ws/install/position_controllers/share/position_controllers/cmake/ament_cmake_export_dependencies-extras.cmake
[8.126s] -- Up-to-date symlink: /home/lulav/ros2_ws/install/position_controllers/share/position_controllers/cmake/position_controllersConfig.cmake
[8.127s] -- Up-to-date symlink: /home/lulav/ros2_ws/install/position_controllers/share/position_controllers/cmake/position_controllersConfig-version.cmake
[8.127s] -- Up-to-date symlink: /home/lulav/ros2_ws/install/position_controllers/share/position_controllers/package.xml
[8.128s] -- Up-to-date: /home/lulav/ros2_ws/install/position_controllers/lib/libposition_controllers.so
[8.129s] -- Up-to-date: /home/lulav/ros2_ws/install/position_controllers/share/position_controllers/cmake/export_position_controllersExport.cmake
[8.129s] -- Up-to-date: /home/lulav/ros2_ws/install/position_controllers/share/position_controllers/cmake/export_position_controllersExport-noconfig.cmake
[8.138s] Invoked command in '/home/lulav/ros2_ws/build/position_controllers' returned '0': AMENT_PREFIX_PATH=/home/lulav/ros2_ws/install/forward_command_controller:/home/lulav/ros2_ws/install/controller_manager:/home/lulav/ros2_ws/install/controller_interface:/home/lulav/ros2_ws/install/hardware_interface:/home/lulav/ros2_ws/install/ros2_control_test_assets:/home/lulav/ros2_ws/install/realtime_tools:/home/lulav/ros2_ws/install/controller_manager_msgs:/home/lulav/ros2_ws/install/control_msgs:${AMENT_PREFIX_PATH} CMAKE_PREFIX_PATH=/home/lulav/ros2_ws/install/forward_command_controller:/home/lulav/ros2_ws/install/controller_manager:/home/lulav/ros2_ws/install/controller_interface:/home/lulav/ros2_ws/install/hardware_interface:/home/lulav/ros2_ws/install/ros2_control_test_assets:/home/lulav/ros2_ws/install/realtime_tools:/home/lulav/ros2_ws/install/controller_manager_msgs:/home/lulav/ros2_ws/install/control_msgs:/opt/ros/humble LD_LIBRARY_PATH=/home/lulav/ros2_ws/install/forward_command_controller/lib:/home/lulav/ros2_ws/install/controller_manager/lib:/home/lulav/ros2_ws/install/controller_interface/lib:/home/lulav/ros2_ws/install/hardware_interface/lib:/home/lulav/ros2_ws/install/realtime_tools/lib:/home/lulav/ros2_ws/install/controller_manager_msgs/lib:/home/lulav/ros2_ws/install/control_msgs/lib:${LD_LIBRARY_PATH} PYTHONPATH=/home/lulav/ros2_ws/install/controller_manager/local/lib/python3.10/dist-packages:/home/lulav/ros2_ws/install/controller_manager_msgs/local/lib/python3.10/dist-packages:/home/lulav/ros2_ws/install/control_msgs/local/lib/python3.10/dist-packages:${PYTHONPATH} /usr/bin/cmake --install /home/lulav/ros2_ws/build/position_controllers
