[0.084s] Invoking command in '/home/lulav/ros2_ws/build/controller_manager_msgs': CMAKE_PREFIX_PATH=/opt/ros/humble /usr/bin/cmake --build /home/lulav/ros2_ws/build/controller_manager_msgs -- -j8 -l8
[1.068s] [ 12%] Built target controller_manager_msgs__rosidl_generator_c
[1.068s] [ 12%] Built target controller_manager_msgs__cpp
[1.068s] [ 12%] Built target ament_cmake_python_symlink_controller_manager_msgs
[1.068s] [ 24%] Built target controller_manager_msgs__rosidl_typesupport_c
[1.068s] [ 36%] Built target controller_manager_msgs__rosidl_typesupport_fastrtps_c
[1.069s] [ 59%] Built target controller_manager_msgs__rosidl_typesupport_introspection_cpp
[1.069s] [ 60%] Built target controller_manager_msgs__rosidl_typesupport_introspection_c
[1.069s] [ 72%] Built target controller_manager_msgs__rosidl_typesupport_cpp
[1.069s] [ 84%] Built target controller_manager_msgs__rosidl_typesupport_fastrtps_cpp
[1.069s] [ 84%] Built target controller_manager_msgs
[1.069s] [ 85%] Built target controller_manager_msgs__py
[1.070s] [ 96%] Built target controller_manager_msgs__rosidl_generator_py
[1.070s] [ 98%] Built target controller_manager_msgs__rosidl_typesupport_introspection_c__pyext
[1.070s] [ 99%] Built target controller_manager_msgs__rosidl_typesupport_fastrtps_c__pyext
[1.070s] [100%] Built target controller_manager_msgs__rosidl_typesupport_c__pyext
[1.257s] running egg_info
[1.264s] writing controller_manager_msgs.egg-info/PKG-INFO
[1.264s] writing dependency_links to controller_manager_msgs.egg-info/dependency_links.txt
[1.264s] writing top-level names to controller_manager_msgs.egg-info/top_level.txt
[1.264s] reading manifest file 'controller_manager_msgs.egg-info/SOURCES.txt'
[1.266s] writing manifest file 'controller_manager_msgs.egg-info/SOURCES.txt'
[1.344s] [100%] Built target ament_cmake_python_build_controller_manager_msgs_egg
[1.432s] Invoked command in '/home/lulav/ros2_ws/build/controller_manager_msgs' returned '0': CMAKE_PREFIX_PATH=/opt/ros/humble /usr/bin/cmake --build /home/lulav/ros2_ws/build/controller_manager_msgs -- -j8 -l8
[2.050s] Invoking command in '/home/lulav/ros2_ws/build/controller_manager_msgs': CMAKE_PREFIX_PATH=/opt/ros/humble /usr/bin/cmake --install /home/lulav/ros2_ws/build/controller_manager_msgs
[2.065s] -- Install configuration: ""
[2.067s] -- Execute custom install script
[2.067s] -- Up-to-date symlink: /home/lulav/ros2_ws/install/controller_manager_msgs/share/ament_index/resource_index/rosidl_interfaces/controller_manager_msgs
[2.069s] -- Up-to-date symlink: /home/lulav/ros2_ws/install/controller_manager_msgs/include/controller_manager_msgs/controller_manager_msgs/msg/chain_connection.h
[2.070s] -- Up-to-date symlink: /home/lulav/ros2_ws/install/controller_manager_msgs/include/controller_manager_msgs/controller_manager_msgs/msg/controller_state.h
[2.070s] -- Up-to-date symlink: /home/lulav/ros2_ws/install/controller_manager_msgs/include/controller_manager_msgs/controller_manager_msgs/msg/detail/chain_connection__functions.h
[2.070s] -- Up-to-date symlink: /home/lulav/ros2_ws/install/controller_manager_msgs/include/controller_manager_msgs/controller_manager_msgs/msg/detail/chain_connection__struct.h
[2.070s] -- Up-to-date symlink: /home/lulav/ros2_ws/install/controller_manager_msgs/include/controller_manager_msgs/controller_manager_msgs/msg/detail/chain_connection__type_support.h
[2.071s] -- Up-to-date symlink: /home/lulav/ros2_ws/install/controller_manager_msgs/include/controller_manager_msgs/controller_manager_msgs/msg/detail/controller_state__functions.h
[2.071s] -- Up-to-date symlink: /home/lulav/ros2_ws/install/controller_manager_msgs/include/controller_manager_msgs/controller_manager_msgs/msg/detail/controller_state__struct.h
[2.071s] -- Up-to-date symlink: /home/lulav/ros2_ws/install/controller_manager_msgs/include/controller_manager_msgs/controller_manager_msgs/msg/detail/controller_state__type_support.h
[2.071s] -- Up-to-date symlink: /home/lulav/ros2_ws/install/controller_manager_msgs/include/controller_manager_msgs/controller_manager_msgs/msg/detail/hardware_component_state__functions.h
[2.072s] -- Up-to-date symlink: /home/lulav/ros2_ws/install/controller_manager_msgs/include/controller_manager_msgs/controller_manager_msgs/msg/detail/hardware_component_state__struct.h
[2.072s] -- Up-to-date symlink: /home/lulav/ros2_ws/install/controller_manager_msgs/include/controller_manager_msgs/controller_manager_msgs/msg/detail/hardware_component_state__type_support.h
[2.072s] -- Up-to-date symlink: /home/lulav/ros2_ws/install/controller_manager_msgs/include/controller_manager_msgs/controller_manager_msgs/msg/detail/hardware_interface__functions.h
[2.072s] -- Up-to-date symlink: /home/lulav/ros2_ws/install/controller_manager_msgs/include/controller_manager_msgs/controller_manager_msgs/msg/detail/hardware_interface__struct.h
[2.072s] -- Up-to-date symlink: /home/lulav/ros2_ws/install/controller_manager_msgs/include/controller_manager_msgs/controller_manager_msgs/msg/detail/hardware_interface__type_support.h
[2.073s] -- Up-to-date symlink: /home/lulav/ros2_ws/install/controller_manager_msgs/include/controller_manager_msgs/controller_manager_msgs/msg/hardware_component_state.h
[2.073s] -- Up-to-date symlink: /home/lulav/ros2_ws/install/controller_manager_msgs/include/controller_manager_msgs/controller_manager_msgs/msg/hardware_interface.h
[2.073s] -- Up-to-date symlink: /home/lulav/ros2_ws/install/controller_manager_msgs/include/controller_manager_msgs/controller_manager_msgs/msg/rosidl_generator_c__visibility_control.h
[2.073s] -- Up-to-date symlink: /home/lulav/ros2_ws/install/controller_manager_msgs/include/controller_manager_msgs/controller_manager_msgs/srv/configure_controller.h
[2.074s] -- Up-to-date symlink: /home/lulav/ros2_ws/install/controller_manager_msgs/include/controller_manager_msgs/controller_manager_msgs/srv/detail/configure_controller__functions.h
[2.074s] -- Up-to-date symlink: /home/lulav/ros2_ws/install/controller_manager_msgs/include/controller_manager_msgs/controller_manager_msgs/srv/detail/configure_controller__struct.h
[2.074s] -- Up-to-date symlink: /home/lulav/ros2_ws/install/controller_manager_msgs/include/controller_manager_msgs/controller_manager_msgs/srv/detail/configure_controller__type_support.h
[2.074s] -- Up-to-date symlink: /home/lulav/ros2_ws/install/controller_manager_msgs/include/controller_manager_msgs/controller_manager_msgs/srv/detail/list_controller_types__functions.h
[2.074s] -- Up-to-date symlink: /home/lulav/ros2_ws/install/controller_manager_msgs/include/controller_manager_msgs/controller_manager_msgs/srv/detail/list_controller_types__struct.h
[2.075s] -- Up-to-date symlink: /home/lulav/ros2_ws/install/controller_manager_msgs/include/controller_manager_msgs/controller_manager_msgs/srv/detail/list_controller_types__type_support.h
[2.075s] -- Up-to-date symlink: /home/lulav/ros2_ws/install/controller_manager_msgs/include/controller_manager_msgs/controller_manager_msgs/srv/detail/list_controllers__functions.h
[2.075s] -- Up-to-date symlink: /home/lulav/ros2_ws/install/controller_manager_msgs/include/controller_manager_msgs/controller_manager_msgs/srv/detail/list_controllers__struct.h
[2.075s] -- Up-to-date symlink: /home/lulav/ros2_ws/install/controller_manager_msgs/include/controller_manager_msgs/controller_manager_msgs/srv/detail/list_controllers__type_support.h
[2.076s] -- Up-to-date symlink: /home/lulav/ros2_ws/install/controller_manager_msgs/include/controller_manager_msgs/controller_manager_msgs/srv/detail/list_hardware_components__functions.h
[2.076s] -- Up-to-date symlink: /home/lulav/ros2_ws/install/controller_manager_msgs/include/controller_manager_msgs/controller_manager_msgs/srv/detail/list_hardware_components__struct.h
[2.076s] -- Up-to-date symlink: /home/lulav/ros2_ws/install/controller_manager_msgs/include/controller_manager_msgs/controller_manager_msgs/srv/detail/list_hardware_components__type_support.h
[2.076s] -- Up-to-date symlink: /home/lulav/ros2_ws/install/controller_manager_msgs/include/controller_manager_msgs/controller_manager_msgs/srv/detail/list_hardware_interfaces__functions.h
[2.077s] -- Up-to-date symlink: /home/lulav/ros2_ws/install/controller_manager_msgs/include/controller_manager_msgs/controller_manager_msgs/srv/detail/list_hardware_interfaces__struct.h
[2.077s] -- Up-to-date symlink: /home/lulav/ros2_ws/install/controller_manager_msgs/include/controller_manager_msgs/controller_manager_msgs/srv/detail/list_hardware_interfaces__type_support.h
[2.077s] -- Up-to-date symlink: /home/lulav/ros2_ws/install/controller_manager_msgs/include/controller_manager_msgs/controller_manager_msgs/srv/detail/load_controller__functions.h
[2.077s] -- Up-to-date symlink: /home/lulav/ros2_ws/install/controller_manager_msgs/include/controller_manager_msgs/controller_manager_msgs/srv/detail/load_controller__struct.h
[2.077s] -- Up-to-date symlink: /home/lulav/ros2_ws/install/controller_manager_msgs/include/controller_manager_msgs/controller_manager_msgs/srv/detail/load_controller__type_support.h
[2.077s] -- Up-to-date symlink: /home/lulav/ros2_ws/install/controller_manager_msgs/include/controller_manager_msgs/controller_manager_msgs/srv/detail/reload_controller_libraries__functions.h
[2.078s] -- Up-to-date symlink: /home/lulav/ros2_ws/install/controller_manager_msgs/include/controller_manager_msgs/controller_manager_msgs/srv/detail/reload_controller_libraries__struct.h
[2.078s] -- Up-to-date symlink: /home/lulav/ros2_ws/install/controller_manager_msgs/include/controller_manager_msgs/controller_manager_msgs/srv/detail/reload_controller_libraries__type_support.h
[2.078s] -- Up-to-date symlink: /home/lulav/ros2_ws/install/controller_manager_msgs/include/controller_manager_msgs/controller_manager_msgs/srv/detail/set_hardware_component_state__functions.h
[2.078s] -- Up-to-date symlink: /home/lulav/ros2_ws/install/controller_manager_msgs/include/controller_manager_msgs/controller_manager_msgs/srv/detail/set_hardware_component_state__struct.h
[2.079s] -- Up-to-date symlink: /home/lulav/ros2_ws/install/controller_manager_msgs/include/controller_manager_msgs/controller_manager_msgs/srv/detail/set_hardware_component_state__type_support.h
[2.079s] -- Up-to-date symlink: /home/lulav/ros2_ws/install/controller_manager_msgs/include/controller_manager_msgs/controller_manager_msgs/srv/detail/switch_controller__functions.h
[2.079s] -- Up-to-date symlink: /home/lulav/ros2_ws/install/controller_manager_msgs/include/controller_manager_msgs/controller_manager_msgs/srv/detail/switch_controller__struct.h
[2.079s] -- Up-to-date symlink: /home/lulav/ros2_ws/install/controller_manager_msgs/include/controller_manager_msgs/controller_manager_msgs/srv/detail/switch_controller__type_support.h
[2.079s] -- Up-to-date symlink: /home/lulav/ros2_ws/install/controller_manager_msgs/include/controller_manager_msgs/controller_manager_msgs/srv/detail/unload_controller__functions.h
[2.080s] -- Up-to-date symlink: /home/lulav/ros2_ws/install/controller_manager_msgs/include/controller_manager_msgs/controller_manager_msgs/srv/detail/unload_controller__struct.h
[2.080s] -- Up-to-date symlink: /home/lulav/ros2_ws/install/controller_manager_msgs/include/controller_manager_msgs/controller_manager_msgs/srv/detail/unload_controller__type_support.h
[2.081s] -- Up-to-date symlink: /home/lulav/ros2_ws/install/controller_manager_msgs/include/controller_manager_msgs/controller_manager_msgs/srv/list_controller_types.h
[2.081s] -- Up-to-date symlink: /home/lulav/ros2_ws/install/controller_manager_msgs/include/controller_manager_msgs/controller_manager_msgs/srv/list_controllers.h
[2.081s] -- Up-to-date symlink: /home/lulav/ros2_ws/install/controller_manager_msgs/include/controller_manager_msgs/controller_manager_msgs/srv/list_hardware_components.h
[2.081s] -- Up-to-date symlink: /home/lulav/ros2_ws/install/controller_manager_msgs/include/controller_manager_msgs/controller_manager_msgs/srv/list_hardware_interfaces.h
[2.082s] -- Up-to-date symlink: /home/lulav/ros2_ws/install/controller_manager_msgs/include/controller_manager_msgs/controller_manager_msgs/srv/load_controller.h
[2.082s] -- Up-to-date symlink: /home/lulav/ros2_ws/install/controller_manager_msgs/include/controller_manager_msgs/controller_manager_msgs/srv/reload_controller_libraries.h
[2.082s] -- Up-to-date symlink: /home/lulav/ros2_ws/install/controller_manager_msgs/include/controller_manager_msgs/controller_manager_msgs/srv/set_hardware_component_state.h
[2.082s] -- Up-to-date symlink: /home/lulav/ros2_ws/install/controller_manager_msgs/include/controller_manager_msgs/controller_manager_msgs/srv/switch_controller.h
[2.082s] -- Up-to-date symlink: /home/lulav/ros2_ws/install/controller_manager_msgs/include/controller_manager_msgs/controller_manager_msgs/srv/unload_controller.h
[2.083s] -- Up-to-date symlink: /home/lulav/ros2_ws/install/controller_manager_msgs/share/controller_manager_msgs/environment/library_path.sh
[2.083s] -- Up-to-date symlink: /home/lulav/ros2_ws/install/controller_manager_msgs/share/controller_manager_msgs/environment/library_path.dsv
[2.083s] -- Up-to-date symlink: /home/lulav/ros2_ws/install/controller_manager_msgs/include/controller_manager_msgs/controller_manager_msgs/msg/detail/chain_connection__rosidl_typesupport_fastrtps_c.h
[2.083s] -- Up-to-date symlink: /home/lulav/ros2_ws/install/controller_manager_msgs/include/controller_manager_msgs/controller_manager_msgs/msg/detail/controller_state__rosidl_typesupport_fastrtps_c.h
[2.084s] -- Up-to-date symlink: /home/lulav/ros2_ws/install/controller_manager_msgs/include/controller_manager_msgs/controller_manager_msgs/msg/detail/hardware_component_state__rosidl_typesupport_fastrtps_c.h
[2.084s] -- Up-to-date symlink: /home/lulav/ros2_ws/install/controller_manager_msgs/include/controller_manager_msgs/controller_manager_msgs/msg/detail/hardware_interface__rosidl_typesupport_fastrtps_c.h
[2.084s] -- Up-to-date symlink: /home/lulav/ros2_ws/install/controller_manager_msgs/include/controller_manager_msgs/controller_manager_msgs/msg/rosidl_typesupport_fastrtps_c__visibility_control.h
[2.085s] -- Up-to-date symlink: /home/lulav/ros2_ws/install/controller_manager_msgs/include/controller_manager_msgs/controller_manager_msgs/srv/detail/configure_controller__rosidl_typesupport_fastrtps_c.h
[2.085s] -- Up-to-date symlink: /home/lulav/ros2_ws/install/controller_manager_msgs/include/controller_manager_msgs/controller_manager_msgs/srv/detail/list_controller_types__rosidl_typesupport_fastrtps_c.h
[2.085s] -- Up-to-date symlink: /home/lulav/ros2_ws/install/controller_manager_msgs/include/controller_manager_msgs/controller_manager_msgs/srv/detail/list_controllers__rosidl_typesupport_fastrtps_c.h
[2.085s] -- Up-to-date symlink: /home/lulav/ros2_ws/install/controller_manager_msgs/include/controller_manager_msgs/controller_manager_msgs/srv/detail/list_hardware_components__rosidl_typesupport_fastrtps_c.h
[2.085s] -- Up-to-date symlink: /home/lulav/ros2_ws/install/controller_manager_msgs/include/controller_manager_msgs/controller_manager_msgs/srv/detail/list_hardware_interfaces__rosidl_typesupport_fastrtps_c.h
[2.086s] -- Up-to-date symlink: /home/lulav/ros2_ws/install/controller_manager_msgs/include/controller_manager_msgs/controller_manager_msgs/srv/detail/load_controller__rosidl_typesupport_fastrtps_c.h
[2.086s] -- Up-to-date symlink: /home/lulav/ros2_ws/install/controller_manager_msgs/include/controller_manager_msgs/controller_manager_msgs/srv/detail/reload_controller_libraries__rosidl_typesupport_fastrtps_c.h
[2.086s] -- Up-to-date symlink: /home/lulav/ros2_ws/install/controller_manager_msgs/include/controller_manager_msgs/controller_manager_msgs/srv/detail/set_hardware_component_state__rosidl_typesupport_fastrtps_c.h
[2.086s] -- Up-to-date symlink: /home/lulav/ros2_ws/install/controller_manager_msgs/include/controller_manager_msgs/controller_manager_msgs/srv/detail/switch_controller__rosidl_typesupport_fastrtps_c.h
[2.087s] -- Up-to-date symlink: /home/lulav/ros2_ws/install/controller_manager_msgs/include/controller_manager_msgs/controller_manager_msgs/srv/detail/unload_controller__rosidl_typesupport_fastrtps_c.h
[2.088s] -- Up-to-date symlink: /home/lulav/ros2_ws/install/controller_manager_msgs/include/controller_manager_msgs/controller_manager_msgs/msg/chain_connection.hpp
[2.088s] -- Up-to-date symlink: /home/lulav/ros2_ws/install/controller_manager_msgs/include/controller_manager_msgs/controller_manager_msgs/msg/controller_state.hpp
[2.088s] -- Up-to-date symlink: /home/lulav/ros2_ws/install/controller_manager_msgs/include/controller_manager_msgs/controller_manager_msgs/msg/detail/chain_connection__builder.hpp
[2.088s] -- Up-to-date symlink: /home/lulav/ros2_ws/install/controller_manager_msgs/include/controller_manager_msgs/controller_manager_msgs/msg/detail/chain_connection__struct.hpp
[2.089s] -- Up-to-date symlink: /home/lulav/ros2_ws/install/controller_manager_msgs/include/controller_manager_msgs/controller_manager_msgs/msg/detail/chain_connection__traits.hpp
[2.089s] -- Up-to-date symlink: /home/lulav/ros2_ws/install/controller_manager_msgs/include/controller_manager_msgs/controller_manager_msgs/msg/detail/controller_state__builder.hpp
[2.089s] -- Up-to-date symlink: /home/lulav/ros2_ws/install/controller_manager_msgs/include/controller_manager_msgs/controller_manager_msgs/msg/detail/controller_state__struct.hpp
[2.089s] -- Up-to-date symlink: /home/lulav/ros2_ws/install/controller_manager_msgs/include/controller_manager_msgs/controller_manager_msgs/msg/detail/controller_state__traits.hpp
[2.089s] -- Up-to-date symlink: /home/lulav/ros2_ws/install/controller_manager_msgs/include/controller_manager_msgs/controller_manager_msgs/msg/detail/hardware_component_state__builder.hpp
[2.089s] -- Up-to-date symlink: /home/lulav/ros2_ws/install/controller_manager_msgs/include/controller_manager_msgs/controller_manager_msgs/msg/detail/hardware_component_state__struct.hpp
[2.090s] -- Up-to-date symlink: /home/lulav/ros2_ws/install/controller_manager_msgs/include/controller_manager_msgs/controller_manager_msgs/msg/detail/hardware_component_state__traits.hpp
[2.090s] -- Up-to-date symlink: /home/lulav/ros2_ws/install/controller_manager_msgs/include/controller_manager_msgs/controller_manager_msgs/msg/detail/hardware_interface__builder.hpp
[2.090s] -- Up-to-date symlink: /home/lulav/ros2_ws/install/controller_manager_msgs/include/controller_manager_msgs/controller_manager_msgs/msg/detail/hardware_interface__struct.hpp
[2.091s] -- Up-to-date symlink: /home/lulav/ros2_ws/install/controller_manager_msgs/include/controller_manager_msgs/controller_manager_msgs/msg/detail/hardware_interface__traits.hpp
[2.091s] -- Up-to-date symlink: /home/lulav/ros2_ws/install/controller_manager_msgs/include/controller_manager_msgs/controller_manager_msgs/msg/hardware_component_state.hpp
[2.091s] -- Up-to-date symlink: /home/lulav/ros2_ws/install/controller_manager_msgs/include/controller_manager_msgs/controller_manager_msgs/msg/hardware_interface.hpp
[2.091s] -- Up-to-date symlink: /home/lulav/ros2_ws/install/controller_manager_msgs/include/controller_manager_msgs/controller_manager_msgs/srv/configure_controller.hpp
[2.091s] -- Up-to-date symlink: /home/lulav/ros2_ws/install/controller_manager_msgs/include/controller_manager_msgs/controller_manager_msgs/srv/detail/configure_controller__builder.hpp
[2.092s] -- Up-to-date symlink: /home/lulav/ros2_ws/install/controller_manager_msgs/include/controller_manager_msgs/controller_manager_msgs/srv/detail/configure_controller__struct.hpp
[2.092s] -- Up-to-date symlink: /home/lulav/ros2_ws/install/controller_manager_msgs/include/controller_manager_msgs/controller_manager_msgs/srv/detail/configure_controller__traits.hpp
[2.092s] -- Up-to-date symlink: /home/lulav/ros2_ws/install/controller_manager_msgs/include/controller_manager_msgs/controller_manager_msgs/srv/detail/list_controller_types__builder.hpp
[2.093s] -- Up-to-date symlink: /home/lulav/ros2_ws/install/controller_manager_msgs/include/controller_manager_msgs/controller_manager_msgs/srv/detail/list_controller_types__struct.hpp
[2.093s] -- Up-to-date symlink: /home/lulav/ros2_ws/install/controller_manager_msgs/include/controller_manager_msgs/controller_manager_msgs/srv/detail/list_controller_types__traits.hpp
[2.093s] -- Up-to-date symlink: /home/lulav/ros2_ws/install/controller_manager_msgs/include/controller_manager_msgs/controller_manager_msgs/srv/detail/list_controllers__builder.hpp
[2.093s] -- Up-to-date symlink: /home/lulav/ros2_ws/install/controller_manager_msgs/include/controller_manager_msgs/controller_manager_msgs/srv/detail/list_controllers__struct.hpp
[2.093s] -- Up-to-date symlink: /home/lulav/ros2_ws/install/controller_manager_msgs/include/controller_manager_msgs/controller_manager_msgs/srv/detail/list_controllers__traits.hpp
[2.094s] -- Up-to-date symlink: /home/lulav/ros2_ws/install/controller_manager_msgs/include/controller_manager_msgs/controller_manager_msgs/srv/detail/list_hardware_components__builder.hpp
[2.094s] -- Up-to-date symlink: /home/lulav/ros2_ws/install/controller_manager_msgs/include/controller_manager_msgs/controller_manager_msgs/srv/detail/list_hardware_components__struct.hpp
[2.094s] -- Up-to-date symlink: /home/lulav/ros2_ws/install/controller_manager_msgs/include/controller_manager_msgs/controller_manager_msgs/srv/detail/list_hardware_components__traits.hpp
[2.094s] -- Up-to-date symlink: /home/lulav/ros2_ws/install/controller_manager_msgs/include/controller_manager_msgs/controller_manager_msgs/srv/detail/list_hardware_interfaces__builder.hpp
[2.094s] -- Up-to-date symlink: /home/lulav/ros2_ws/install/controller_manager_msgs/include/controller_manager_msgs/controller_manager_msgs/srv/detail/list_hardware_interfaces__struct.hpp
[2.095s] -- Up-to-date symlink: /home/lulav/ros2_ws/install/controller_manager_msgs/include/controller_manager_msgs/controller_manager_msgs/srv/detail/list_hardware_interfaces__traits.hpp
[2.095s] -- Up-to-date symlink: /home/lulav/ros2_ws/install/controller_manager_msgs/include/controller_manager_msgs/controller_manager_msgs/srv/detail/load_controller__builder.hpp
[2.095s] -- Up-to-date symlink: /home/lulav/ros2_ws/install/controller_manager_msgs/include/controller_manager_msgs/controller_manager_msgs/srv/detail/load_controller__struct.hpp
[2.096s] -- Up-to-date symlink: /home/lulav/ros2_ws/install/controller_manager_msgs/include/controller_manager_msgs/controller_manager_msgs/srv/detail/load_controller__traits.hpp
[2.096s] -- Up-to-date symlink: /home/lulav/ros2_ws/install/controller_manager_msgs/include/controller_manager_msgs/controller_manager_msgs/srv/detail/reload_controller_libraries__builder.hpp
[2.096s] -- Up-to-date symlink: /home/lulav/ros2_ws/install/controller_manager_msgs/include/controller_manager_msgs/controller_manager_msgs/srv/detail/reload_controller_libraries__struct.hpp
[2.097s] -- Up-to-date symlink: /home/lulav/ros2_ws/install/controller_manager_msgs/include/controller_manager_msgs/controller_manager_msgs/srv/detail/reload_controller_libraries__traits.hpp
[2.097s] -- Up-to-date symlink: /home/lulav/ros2_ws/install/controller_manager_msgs/include/controller_manager_msgs/controller_manager_msgs/srv/detail/set_hardware_component_state__builder.hpp
[2.097s] -- Up-to-date symlink: /home/lulav/ros2_ws/install/controller_manager_msgs/include/controller_manager_msgs/controller_manager_msgs/srv/detail/set_hardware_component_state__struct.hpp
[2.098s] -- Up-to-date symlink: /home/lulav/ros2_ws/install/controller_manager_msgs/include/controller_manager_msgs/controller_manager_msgs/srv/detail/set_hardware_component_state__traits.hpp
[2.098s] -- Up-to-date symlink: /home/lulav/ros2_ws/install/controller_manager_msgs/include/controller_manager_msgs/controller_manager_msgs/srv/detail/switch_controller__builder.hpp
[2.098s] -- Up-to-date symlink: /home/lulav/ros2_ws/install/controller_manager_msgs/include/controller_manager_msgs/controller_manager_msgs/srv/detail/switch_controller__struct.hpp
[2.098s] -- Up-to-date symlink: /home/lulav/ros2_ws/install/controller_manager_msgs/include/controller_manager_msgs/controller_manager_msgs/srv/detail/switch_controller__traits.hpp
[2.099s] -- Up-to-date symlink: /home/lulav/ros2_ws/install/controller_manager_msgs/include/controller_manager_msgs/controller_manager_msgs/srv/detail/unload_controller__builder.hpp
[2.099s] -- Up-to-date symlink: /home/lulav/ros2_ws/install/controller_manager_msgs/include/controller_manager_msgs/controller_manager_msgs/srv/detail/unload_controller__struct.hpp
[2.099s] -- Up-to-date symlink: /home/lulav/ros2_ws/install/controller_manager_msgs/include/controller_manager_msgs/controller_manager_msgs/srv/detail/unload_controller__traits.hpp
[2.099s] -- Up-to-date symlink: /home/lulav/ros2_ws/install/controller_manager_msgs/include/controller_manager_msgs/controller_manager_msgs/srv/list_controller_types.hpp
[2.099s] -- Up-to-date symlink: /home/lulav/ros2_ws/install/controller_manager_msgs/include/controller_manager_msgs/controller_manager_msgs/srv/list_controllers.hpp
[2.100s] -- Up-to-date symlink: /home/lulav/ros2_ws/install/controller_manager_msgs/include/controller_manager_msgs/controller_manager_msgs/srv/list_hardware_components.hpp
[2.100s] -- Up-to-date symlink: /home/lulav/ros2_ws/install/controller_manager_msgs/include/controller_manager_msgs/controller_manager_msgs/srv/list_hardware_interfaces.hpp
[2.100s] -- Up-to-date symlink: /home/lulav/ros2_ws/install/controller_manager_msgs/include/controller_manager_msgs/controller_manager_msgs/srv/load_controller.hpp
[2.100s] -- Up-to-date symlink: /home/lulav/ros2_ws/install/controller_manager_msgs/include/controller_manager_msgs/controller_manager_msgs/srv/reload_controller_libraries.hpp
[2.100s] -- Up-to-date symlink: /home/lulav/ros2_ws/install/controller_manager_msgs/include/controller_manager_msgs/controller_manager_msgs/srv/set_hardware_component_state.hpp
[2.100s] -- Up-to-date symlink: /home/lulav/ros2_ws/install/controller_manager_msgs/include/controller_manager_msgs/controller_manager_msgs/srv/switch_controller.hpp
[2.101s] -- Up-to-date symlink: /home/lulav/ros2_ws/install/controller_manager_msgs/include/controller_manager_msgs/controller_manager_msgs/srv/unload_controller.hpp
[2.101s] -- Up-to-date symlink: /home/lulav/ros2_ws/install/controller_manager_msgs/include/controller_manager_msgs/controller_manager_msgs/msg/detail/chain_connection__rosidl_typesupport_fastrtps_cpp.hpp
[2.102s] -- Up-to-date symlink: /home/lulav/ros2_ws/install/controller_manager_msgs/include/controller_manager_msgs/controller_manager_msgs/msg/detail/controller_state__rosidl_typesupport_fastrtps_cpp.hpp
[2.102s] -- Up-to-date symlink: /home/lulav/ros2_ws/install/controller_manager_msgs/include/controller_manager_msgs/controller_manager_msgs/msg/detail/hardware_component_state__rosidl_typesupport_fastrtps_cpp.hpp
[2.102s] -- Up-to-date symlink: /home/lulav/ros2_ws/install/controller_manager_msgs/include/controller_manager_msgs/controller_manager_msgs/msg/detail/hardware_interface__rosidl_typesupport_fastrtps_cpp.hpp
[2.102s] -- Up-to-date symlink: /home/lulav/ros2_ws/install/controller_manager_msgs/include/controller_manager_msgs/controller_manager_msgs/msg/rosidl_typesupport_fastrtps_cpp__visibility_control.h
[2.103s] -- Up-to-date symlink: /home/lulav/ros2_ws/install/controller_manager_msgs/include/controller_manager_msgs/controller_manager_msgs/srv/detail/configure_controller__rosidl_typesupport_fastrtps_cpp.hpp
[2.103s] -- Up-to-date symlink: /home/lulav/ros2_ws/install/controller_manager_msgs/include/controller_manager_msgs/controller_manager_msgs/srv/detail/list_controller_types__rosidl_typesupport_fastrtps_cpp.hpp
[2.103s] -- Up-to-date symlink: /home/lulav/ros2_ws/install/controller_manager_msgs/include/controller_manager_msgs/controller_manager_msgs/srv/detail/list_controllers__rosidl_typesupport_fastrtps_cpp.hpp
[2.103s] -- Up-to-date symlink: /home/lulav/ros2_ws/install/controller_manager_msgs/include/controller_manager_msgs/controller_manager_msgs/srv/detail/list_hardware_components__rosidl_typesupport_fastrtps_cpp.hpp
[2.104s] -- Up-to-date symlink: /home/lulav/ros2_ws/install/controller_manager_msgs/include/controller_manager_msgs/controller_manager_msgs/srv/detail/list_hardware_interfaces__rosidl_typesupport_fastrtps_cpp.hpp
[2.104s] -- Up-to-date symlink: /home/lulav/ros2_ws/install/controller_manager_msgs/include/controller_manager_msgs/controller_manager_msgs/srv/detail/load_controller__rosidl_typesupport_fastrtps_cpp.hpp
[2.105s] -- Up-to-date symlink: /home/lulav/ros2_ws/install/controller_manager_msgs/include/controller_manager_msgs/controller_manager_msgs/srv/detail/reload_controller_libraries__rosidl_typesupport_fastrtps_cpp.hpp
[2.105s] -- Up-to-date symlink: /home/lulav/ros2_ws/install/controller_manager_msgs/include/controller_manager_msgs/controller_manager_msgs/srv/detail/set_hardware_component_state__rosidl_typesupport_fastrtps_cpp.hpp
[2.105s] -- Up-to-date symlink: /home/lulav/ros2_ws/install/controller_manager_msgs/include/controller_manager_msgs/controller_manager_msgs/srv/detail/switch_controller__rosidl_typesupport_fastrtps_cpp.hpp
[2.105s] -- Up-to-date symlink: /home/lulav/ros2_ws/install/controller_manager_msgs/include/controller_manager_msgs/controller_manager_msgs/srv/detail/unload_controller__rosidl_typesupport_fastrtps_cpp.hpp
[2.105s] -- Up-to-date symlink: /home/lulav/ros2_ws/install/controller_manager_msgs/include/controller_manager_msgs/controller_manager_msgs/msg/detail/chain_connection__rosidl_typesupport_introspection_c.h
[2.106s] -- Up-to-date symlink: /home/lulav/ros2_ws/install/controller_manager_msgs/include/controller_manager_msgs/controller_manager_msgs/msg/detail/controller_state__rosidl_typesupport_introspection_c.h
[2.106s] -- Up-to-date symlink: /home/lulav/ros2_ws/install/controller_manager_msgs/include/controller_manager_msgs/controller_manager_msgs/msg/detail/hardware_component_state__rosidl_typesupport_introspection_c.h
[2.106s] -- Up-to-date symlink: /home/lulav/ros2_ws/install/controller_manager_msgs/include/controller_manager_msgs/controller_manager_msgs/msg/detail/hardware_interface__rosidl_typesupport_introspection_c.h
[2.106s] -- Up-to-date symlink: /home/lulav/ros2_ws/install/controller_manager_msgs/include/controller_manager_msgs/controller_manager_msgs/msg/rosidl_typesupport_introspection_c__visibility_control.h
[2.107s] -- Up-to-date symlink: /home/lulav/ros2_ws/install/controller_manager_msgs/include/controller_manager_msgs/controller_manager_msgs/srv/detail/configure_controller__rosidl_typesupport_introspection_c.h
[2.107s] -- Up-to-date symlink: /home/lulav/ros2_ws/install/controller_manager_msgs/include/controller_manager_msgs/controller_manager_msgs/srv/detail/list_controller_types__rosidl_typesupport_introspection_c.h
[2.107s] -- Up-to-date symlink: /home/lulav/ros2_ws/install/controller_manager_msgs/include/controller_manager_msgs/controller_manager_msgs/srv/detail/list_controllers__rosidl_typesupport_introspection_c.h
[2.107s] -- Up-to-date symlink: /home/lulav/ros2_ws/install/controller_manager_msgs/include/controller_manager_msgs/controller_manager_msgs/srv/detail/list_hardware_components__rosidl_typesupport_introspection_c.h
[2.108s] -- Up-to-date symlink: /home/lulav/ros2_ws/install/controller_manager_msgs/include/controller_manager_msgs/controller_manager_msgs/srv/detail/list_hardware_interfaces__rosidl_typesupport_introspection_c.h
[2.108s] -- Up-to-date symlink: /home/lulav/ros2_ws/install/controller_manager_msgs/include/controller_manager_msgs/controller_manager_msgs/srv/detail/load_controller__rosidl_typesupport_introspection_c.h
[2.108s] -- Up-to-date symlink: /home/lulav/ros2_ws/install/controller_manager_msgs/include/controller_manager_msgs/controller_manager_msgs/srv/detail/reload_controller_libraries__rosidl_typesupport_introspection_c.h
[2.108s] -- Up-to-date symlink: /home/lulav/ros2_ws/install/controller_manager_msgs/include/controller_manager_msgs/controller_manager_msgs/srv/detail/set_hardware_component_state__rosidl_typesupport_introspection_c.h
[2.108s] -- Up-to-date symlink: /home/lulav/ros2_ws/install/controller_manager_msgs/include/controller_manager_msgs/controller_manager_msgs/srv/detail/switch_controller__rosidl_typesupport_introspection_c.h
[2.109s] -- Up-to-date symlink: /home/lulav/ros2_ws/install/controller_manager_msgs/include/controller_manager_msgs/controller_manager_msgs/srv/detail/unload_controller__rosidl_typesupport_introspection_c.h
[2.109s] -- Up-to-date symlink: /home/lulav/ros2_ws/install/controller_manager_msgs/include/controller_manager_msgs/controller_manager_msgs/msg/detail/chain_connection__rosidl_typesupport_introspection_cpp.hpp
[2.109s] -- Up-to-date symlink: /home/lulav/ros2_ws/install/controller_manager_msgs/include/controller_manager_msgs/controller_manager_msgs/msg/detail/controller_state__rosidl_typesupport_introspection_cpp.hpp
[2.109s] -- Up-to-date symlink: /home/lulav/ros2_ws/install/controller_manager_msgs/include/controller_manager_msgs/controller_manager_msgs/msg/detail/hardware_component_state__rosidl_typesupport_introspection_cpp.hpp
[2.110s] -- Up-to-date symlink: /home/lulav/ros2_ws/install/controller_manager_msgs/include/controller_manager_msgs/controller_manager_msgs/msg/detail/hardware_interface__rosidl_typesupport_introspection_cpp.hpp
[2.110s] -- Up-to-date symlink: /home/lulav/ros2_ws/install/controller_manager_msgs/include/controller_manager_msgs/controller_manager_msgs/srv/detail/configure_controller__rosidl_typesupport_introspection_cpp.hpp
[2.110s] -- Up-to-date symlink: /home/lulav/ros2_ws/install/controller_manager_msgs/include/controller_manager_msgs/controller_manager_msgs/srv/detail/list_controller_types__rosidl_typesupport_introspection_cpp.hpp
[2.110s] -- Up-to-date symlink: /home/lulav/ros2_ws/install/controller_manager_msgs/include/controller_manager_msgs/controller_manager_msgs/srv/detail/list_controllers__rosidl_typesupport_introspection_cpp.hpp
[2.111s] -- Up-to-date symlink: /home/lulav/ros2_ws/install/controller_manager_msgs/include/controller_manager_msgs/controller_manager_msgs/srv/detail/list_hardware_components__rosidl_typesupport_introspection_cpp.hpp
[2.111s] -- Up-to-date symlink: /home/lulav/ros2_ws/install/controller_manager_msgs/include/controller_manager_msgs/controller_manager_msgs/srv/detail/list_hardware_interfaces__rosidl_typesupport_introspection_cpp.hpp
[2.111s] -- Up-to-date symlink: /home/lulav/ros2_ws/install/controller_manager_msgs/include/controller_manager_msgs/controller_manager_msgs/srv/detail/load_controller__rosidl_typesupport_introspection_cpp.hpp
[2.111s] -- Up-to-date symlink: /home/lulav/ros2_ws/install/controller_manager_msgs/include/controller_manager_msgs/controller_manager_msgs/srv/detail/reload_controller_libraries__rosidl_typesupport_introspection_cpp.hpp
[2.111s] -- Up-to-date symlink: /home/lulav/ros2_ws/install/controller_manager_msgs/include/controller_manager_msgs/controller_manager_msgs/srv/detail/set_hardware_component_state__rosidl_typesupport_introspection_cpp.hpp
[2.112s] -- Up-to-date symlink: /home/lulav/ros2_ws/install/controller_manager_msgs/include/controller_manager_msgs/controller_manager_msgs/srv/detail/switch_controller__rosidl_typesupport_introspection_cpp.hpp
[2.112s] -- Up-to-date symlink: /home/lulav/ros2_ws/install/controller_manager_msgs/include/controller_manager_msgs/controller_manager_msgs/srv/detail/unload_controller__rosidl_typesupport_introspection_cpp.hpp
[2.112s] -- Up-to-date symlink: /home/lulav/ros2_ws/install/controller_manager_msgs/share/controller_manager_msgs/environment/pythonpath.sh
[2.112s] -- Up-to-date symlink: /home/lulav/ros2_ws/install/controller_manager_msgs/share/controller_manager_msgs/environment/pythonpath.dsv
[2.113s] -- Up-to-date symlink: /home/lulav/ros2_ws/install/controller_manager_msgs/local/lib/python3.10/dist-packages/controller_manager_msgs-2.29.0-py3.10.egg-info/PKG-INFO
[2.113s] -- Up-to-date symlink: /home/lulav/ros2_ws/install/controller_manager_msgs/local/lib/python3.10/dist-packages/controller_manager_msgs-2.29.0-py3.10.egg-info/SOURCES.txt
[2.113s] -- Up-to-date symlink: /home/lulav/ros2_ws/install/controller_manager_msgs/local/lib/python3.10/dist-packages/controller_manager_msgs-2.29.0-py3.10.egg-info/dependency_links.txt
[2.113s] -- Up-to-date symlink: /home/lulav/ros2_ws/install/controller_manager_msgs/local/lib/python3.10/dist-packages/controller_manager_msgs-2.29.0-py3.10.egg-info/top_level.txt
[2.115s] -- Up-to-date symlink: /home/lulav/ros2_ws/install/controller_manager_msgs/local/lib/python3.10/dist-packages/controller_manager_msgs/__init__.py
[2.115s] -- Up-to-date symlink: /home/lulav/ros2_ws/install/controller_manager_msgs/local/lib/python3.10/dist-packages/controller_manager_msgs/_controller_manager_msgs_s.ep.rosidl_typesupport_c.c
[2.116s] -- Up-to-date symlink: /home/lulav/ros2_ws/install/controller_manager_msgs/local/lib/python3.10/dist-packages/controller_manager_msgs/_controller_manager_msgs_s.ep.rosidl_typesupport_fastrtps_c.c
[2.116s] -- Up-to-date symlink: /home/lulav/ros2_ws/install/controller_manager_msgs/local/lib/python3.10/dist-packages/controller_manager_msgs/_controller_manager_msgs_s.ep.rosidl_typesupport_introspection_c.c
[2.116s] -- Up-to-date symlink: /home/lulav/ros2_ws/install/controller_manager_msgs/local/lib/python3.10/dist-packages/controller_manager_msgs/controller_manager_msgs_s__rosidl_typesupport_c.cpython-310-x86_64-linux-gnu.so
[2.116s] -- Up-to-date symlink: /home/lulav/ros2_ws/install/controller_manager_msgs/local/lib/python3.10/dist-packages/controller_manager_msgs/controller_manager_msgs_s__rosidl_typesupport_fastrtps_c.cpython-310-x86_64-linux-gnu.so
[2.117s] -- Up-to-date symlink: /home/lulav/ros2_ws/install/controller_manager_msgs/local/lib/python3.10/dist-packages/controller_manager_msgs/controller_manager_msgs_s__rosidl_typesupport_introspection_c.cpython-310-x86_64-linux-gnu.so
[2.117s] -- Up-to-date symlink: /home/lulav/ros2_ws/install/controller_manager_msgs/local/lib/python3.10/dist-packages/controller_manager_msgs/libcontroller_manager_msgs__rosidl_generator_py.so
[2.117s] -- Up-to-date symlink: /home/lulav/ros2_ws/install/controller_manager_msgs/local/lib/python3.10/dist-packages/controller_manager_msgs/msg/__init__.py
[2.117s] -- Up-to-date symlink: /home/lulav/ros2_ws/install/controller_manager_msgs/local/lib/python3.10/dist-packages/controller_manager_msgs/msg/_chain_connection.py
[2.117s] -- Up-to-date symlink: /home/lulav/ros2_ws/install/controller_manager_msgs/local/lib/python3.10/dist-packages/controller_manager_msgs/msg/_chain_connection_s.c
[2.118s] -- Up-to-date symlink: /home/lulav/ros2_ws/install/controller_manager_msgs/local/lib/python3.10/dist-packages/controller_manager_msgs/msg/_controller_state.py
[2.118s] -- Up-to-date symlink: /home/lulav/ros2_ws/install/controller_manager_msgs/local/lib/python3.10/dist-packages/controller_manager_msgs/msg/_controller_state_s.c
[2.118s] -- Up-to-date symlink: /home/lulav/ros2_ws/install/controller_manager_msgs/local/lib/python3.10/dist-packages/controller_manager_msgs/msg/_hardware_component_state.py
[2.118s] -- Up-to-date symlink: /home/lulav/ros2_ws/install/controller_manager_msgs/local/lib/python3.10/dist-packages/controller_manager_msgs/msg/_hardware_component_state_s.c
[2.119s] -- Up-to-date symlink: /home/lulav/ros2_ws/install/controller_manager_msgs/local/lib/python3.10/dist-packages/controller_manager_msgs/msg/_hardware_interface.py
[2.119s] -- Up-to-date symlink: /home/lulav/ros2_ws/install/controller_manager_msgs/local/lib/python3.10/dist-packages/controller_manager_msgs/msg/_hardware_interface_s.c
[2.121s] -- Up-to-date symlink: /home/lulav/ros2_ws/install/controller_manager_msgs/local/lib/python3.10/dist-packages/controller_manager_msgs/srv/__init__.py
[2.121s] -- Up-to-date symlink: /home/lulav/ros2_ws/install/controller_manager_msgs/local/lib/python3.10/dist-packages/controller_manager_msgs/srv/_configure_controller.py
[2.121s] -- Up-to-date symlink: /home/lulav/ros2_ws/install/controller_manager_msgs/local/lib/python3.10/dist-packages/controller_manager_msgs/srv/_configure_controller_s.c
[2.121s] -- Up-to-date symlink: /home/lulav/ros2_ws/install/controller_manager_msgs/local/lib/python3.10/dist-packages/controller_manager_msgs/srv/_list_controller_types.py
[2.122s] -- Up-to-date symlink: /home/lulav/ros2_ws/install/controller_manager_msgs/local/lib/python3.10/dist-packages/controller_manager_msgs/srv/_list_controller_types_s.c
[2.122s] -- Up-to-date symlink: /home/lulav/ros2_ws/install/controller_manager_msgs/local/lib/python3.10/dist-packages/controller_manager_msgs/srv/_list_controllers.py
[2.122s] -- Up-to-date symlink: /home/lulav/ros2_ws/install/controller_manager_msgs/local/lib/python3.10/dist-packages/controller_manager_msgs/srv/_list_controllers_s.c
[2.131s] -- Up-to-date symlink: /home/lulav/ros2_ws/install/controller_manager_msgs/local/lib/python3.10/dist-packages/controller_manager_msgs/srv/_list_hardware_components.py
[2.132s] -- Up-to-date symlink: /home/lulav/ros2_ws/install/controller_manager_msgs/local/lib/python3.10/dist-packages/controller_manager_msgs/srv/_list_hardware_components_s.c
[2.132s] -- Up-to-date symlink: /home/lulav/ros2_ws/install/controller_manager_msgs/local/lib/python3.10/dist-packages/controller_manager_msgs/srv/_list_hardware_interfaces.py
[2.133s] -- Up-to-date symlink: /home/lulav/ros2_ws/install/controller_manager_msgs/local/lib/python3.10/dist-packages/controller_manager_msgs/srv/_list_hardware_interfaces_s.c
[2.133s] -- Up-to-date symlink: /home/lulav/ros2_ws/install/controller_manager_msgs/local/lib/python3.10/dist-packages/controller_manager_msgs/srv/_load_controller.py
[2.134s] -- Up-to-date symlink: /home/lulav/ros2_ws/install/controller_manager_msgs/local/lib/python3.10/dist-packages/controller_manager_msgs/srv/_load_controller_s.c
[2.134s] -- Up-to-date symlink: /home/lulav/ros2_ws/install/controller_manager_msgs/local/lib/python3.10/dist-packages/controller_manager_msgs/srv/_reload_controller_libraries.py
[2.135s] -- Up-to-date symlink: /home/lulav/ros2_ws/install/controller_manager_msgs/local/lib/python3.10/dist-packages/controller_manager_msgs/srv/_reload_controller_libraries_s.c
[2.135s] -- Up-to-date symlink: /home/lulav/ros2_ws/install/controller_manager_msgs/local/lib/python3.10/dist-packages/controller_manager_msgs/srv/_set_hardware_component_state.py
[2.136s] -- Up-to-date symlink: /home/lulav/ros2_ws/install/controller_manager_msgs/local/lib/python3.10/dist-packages/controller_manager_msgs/srv/_set_hardware_component_state_s.c
[2.136s] -- Up-to-date symlink: /home/lulav/ros2_ws/install/controller_manager_msgs/local/lib/python3.10/dist-packages/controller_manager_msgs/srv/_switch_controller.py
[2.137s] -- Up-to-date symlink: /home/lulav/ros2_ws/install/controller_manager_msgs/local/lib/python3.10/dist-packages/controller_manager_msgs/srv/_switch_controller_s.c
[2.137s] -- Up-to-date symlink: /home/lulav/ros2_ws/install/controller_manager_msgs/local/lib/python3.10/dist-packages/controller_manager_msgs/srv/_unload_controller.py
[2.137s] -- Up-to-date symlink: /home/lulav/ros2_ws/install/controller_manager_msgs/local/lib/python3.10/dist-packages/controller_manager_msgs/srv/_unload_controller_s.c
[2.138s] -- Up-to-date symlink: /home/lulav/ros2_ws/install/controller_manager_msgs/local/lib/python3.10/dist-packages/controller_manager_msgs/controller_manager_msgs_s__rosidl_typesupport_fastrtps_c.cpython-310-x86_64-linux-gnu.so
[2.138s] -- Up-to-date symlink: /home/lulav/ros2_ws/install/controller_manager_msgs/local/lib/python3.10/dist-packages/controller_manager_msgs/controller_manager_msgs_s__rosidl_typesupport_introspection_c.cpython-310-x86_64-linux-gnu.so
[2.138s] -- Up-to-date symlink: /home/lulav/ros2_ws/install/controller_manager_msgs/local/lib/python3.10/dist-packages/controller_manager_msgs/controller_manager_msgs_s__rosidl_typesupport_c.cpython-310-x86_64-linux-gnu.so
[2.141s] -- Up-to-date symlink: /home/lulav/ros2_ws/install/controller_manager_msgs/share/controller_manager_msgs/msg/ControllerState.idl
[2.141s] -- Up-to-date symlink: /home/lulav/ros2_ws/install/controller_manager_msgs/share/controller_manager_msgs/msg/ChainConnection.idl
[2.142s] -- Up-to-date symlink: /home/lulav/ros2_ws/install/controller_manager_msgs/share/controller_manager_msgs/msg/HardwareComponentState.idl
[2.143s] -- Up-to-date symlink: /home/lulav/ros2_ws/install/controller_manager_msgs/share/controller_manager_msgs/msg/HardwareInterface.idl
[2.143s] -- Up-to-date symlink: /home/lulav/ros2_ws/install/controller_manager_msgs/share/controller_manager_msgs/srv/ConfigureController.idl
[2.144s] -- Up-to-date symlink: /home/lulav/ros2_ws/install/controller_manager_msgs/share/controller_manager_msgs/srv/ListControllers.idl
[2.146s] -- Up-to-date symlink: /home/lulav/ros2_ws/install/controller_manager_msgs/share/controller_manager_msgs/srv/ListControllerTypes.idl
[2.146s] -- Up-to-date symlink: /home/lulav/ros2_ws/install/controller_manager_msgs/share/controller_manager_msgs/srv/ListHardwareComponents.idl
[2.146s] -- Up-to-date symlink: /home/lulav/ros2_ws/install/controller_manager_msgs/share/controller_manager_msgs/srv/ListHardwareInterfaces.idl
[2.147s] -- Up-to-date symlink: /home/lulav/ros2_ws/install/controller_manager_msgs/share/controller_manager_msgs/srv/LoadController.idl
[2.147s] -- Up-to-date symlink: /home/lulav/ros2_ws/install/controller_manager_msgs/share/controller_manager_msgs/srv/ReloadControllerLibraries.idl
[2.147s] -- Up-to-date symlink: /home/lulav/ros2_ws/install/controller_manager_msgs/share/controller_manager_msgs/srv/SetHardwareComponentState.idl
[2.147s] -- Up-to-date symlink: /home/lulav/ros2_ws/install/controller_manager_msgs/share/controller_manager_msgs/srv/SwitchController.idl
[2.148s] -- Up-to-date symlink: /home/lulav/ros2_ws/install/controller_manager_msgs/share/controller_manager_msgs/srv/UnloadController.idl
[2.148s] -- Up-to-date symlink: /home/lulav/ros2_ws/install/controller_manager_msgs/share/controller_manager_msgs/msg/ControllerState.msg
[2.148s] -- Up-to-date symlink: /home/lulav/ros2_ws/install/controller_manager_msgs/share/controller_manager_msgs/msg/ChainConnection.msg
[2.148s] -- Up-to-date symlink: /home/lulav/ros2_ws/install/controller_manager_msgs/share/controller_manager_msgs/msg/HardwareComponentState.msg
[2.148s] -- Up-to-date symlink: /home/lulav/ros2_ws/install/controller_manager_msgs/share/controller_manager_msgs/msg/HardwareInterface.msg
[2.148s] -- Up-to-date symlink: /home/lulav/ros2_ws/install/controller_manager_msgs/share/controller_manager_msgs/srv/ConfigureController.srv
[2.149s] -- Up-to-date symlink: /home/lulav/ros2_ws/install/controller_manager_msgs/share/controller_manager_msgs/srv/ConfigureController_Request.msg
[2.149s] -- Up-to-date symlink: /home/lulav/ros2_ws/install/controller_manager_msgs/share/controller_manager_msgs/srv/ConfigureController_Response.msg
[2.149s] -- Up-to-date symlink: /home/lulav/ros2_ws/install/controller_manager_msgs/share/controller_manager_msgs/srv/ListControllers.srv
[2.149s] -- Up-to-date symlink: /home/lulav/ros2_ws/install/controller_manager_msgs/share/controller_manager_msgs/srv/ListControllers_Request.msg
[2.150s] -- Up-to-date symlink: /home/lulav/ros2_ws/install/controller_manager_msgs/share/controller_manager_msgs/srv/ListControllers_Response.msg
[2.150s] -- Up-to-date symlink: /home/lulav/ros2_ws/install/controller_manager_msgs/share/controller_manager_msgs/srv/ListControllerTypes.srv
[2.151s] -- Up-to-date symlink: /home/lulav/ros2_ws/install/controller_manager_msgs/share/controller_manager_msgs/srv/ListControllerTypes_Request.msg
[2.151s] -- Up-to-date symlink: /home/lulav/ros2_ws/install/controller_manager_msgs/share/controller_manager_msgs/srv/ListControllerTypes_Response.msg
[2.152s] -- Up-to-date symlink: /home/lulav/ros2_ws/install/controller_manager_msgs/share/controller_manager_msgs/srv/ListHardwareComponents.srv
[2.154s] -- Up-to-date symlink: /home/lulav/ros2_ws/install/controller_manager_msgs/share/controller_manager_msgs/srv/ListHardwareComponents_Request.msg
[2.154s] -- Up-to-date symlink: /home/lulav/ros2_ws/install/controller_manager_msgs/share/controller_manager_msgs/srv/ListHardwareComponents_Response.msg
[2.154s] -- Up-to-date symlink: /home/lulav/ros2_ws/install/controller_manager_msgs/share/controller_manager_msgs/srv/ListHardwareInterfaces.srv
[2.154s] -- Up-to-date symlink: /home/lulav/ros2_ws/install/controller_manager_msgs/share/controller_manager_msgs/srv/ListHardwareInterfaces_Request.msg
[2.154s] -- Up-to-date symlink: /home/lulav/ros2_ws/install/controller_manager_msgs/share/controller_manager_msgs/srv/ListHardwareInterfaces_Response.msg
[2.154s] -- Up-to-date symlink: /home/lulav/ros2_ws/install/controller_manager_msgs/share/controller_manager_msgs/srv/LoadController.srv
[2.154s] -- Up-to-date symlink: /home/lulav/ros2_ws/install/controller_manager_msgs/share/controller_manager_msgs/srv/LoadController_Request.msg
[2.155s] -- Up-to-date symlink: /home/lulav/ros2_ws/install/controller_manager_msgs/share/controller_manager_msgs/srv/LoadController_Response.msg
[2.155s] -- Up-to-date symlink: /home/lulav/ros2_ws/install/controller_manager_msgs/share/controller_manager_msgs/srv/ReloadControllerLibraries.srv
[2.155s] -- Up-to-date symlink: /home/lulav/ros2_ws/install/controller_manager_msgs/share/controller_manager_msgs/srv/ReloadControllerLibraries_Request.msg
[2.155s] -- Up-to-date symlink: /home/lulav/ros2_ws/install/controller_manager_msgs/share/controller_manager_msgs/srv/ReloadControllerLibraries_Response.msg
[2.155s] -- Up-to-date symlink: /home/lulav/ros2_ws/install/controller_manager_msgs/share/controller_manager_msgs/srv/SetHardwareComponentState.srv
[2.155s] -- Up-to-date symlink: /home/lulav/ros2_ws/install/controller_manager_msgs/share/controller_manager_msgs/srv/SetHardwareComponentState_Request.msg
[2.156s] -- Up-to-date symlink: /home/lulav/ros2_ws/install/controller_manager_msgs/share/controller_manager_msgs/srv/SetHardwareComponentState_Response.msg
[2.156s] -- Up-to-date symlink: /home/lulav/ros2_ws/install/controller_manager_msgs/share/controller_manager_msgs/srv/SwitchController.srv
[2.156s] -- Up-to-date symlink: /home/lulav/ros2_ws/install/controller_manager_msgs/share/controller_manager_msgs/srv/SwitchController_Request.msg
[2.156s] -- Up-to-date symlink: /home/lulav/ros2_ws/install/controller_manager_msgs/share/controller_manager_msgs/srv/SwitchController_Response.msg
[2.156s] -- Up-to-date symlink: /home/lulav/ros2_ws/install/controller_manager_msgs/share/controller_manager_msgs/srv/UnloadController.srv
[2.156s] -- Up-to-date symlink: /home/lulav/ros2_ws/install/controller_manager_msgs/share/controller_manager_msgs/srv/UnloadController_Request.msg
[2.157s] -- Up-to-date symlink: /home/lulav/ros2_ws/install/controller_manager_msgs/share/controller_manager_msgs/srv/UnloadController_Response.msg
[2.157s] -- Up-to-date symlink: /home/lulav/ros2_ws/install/controller_manager_msgs/share/ament_index/resource_index/package_run_dependencies/controller_manager_msgs
[2.157s] -- Up-to-date symlink: /home/lulav/ros2_ws/install/controller_manager_msgs/share/ament_index/resource_index/parent_prefix_path/controller_manager_msgs
[2.157s] -- Up-to-date symlink: /home/lulav/ros2_ws/install/controller_manager_msgs/share/controller_manager_msgs/environment/ament_prefix_path.sh
[2.157s] -- Up-to-date symlink: /home/lulav/ros2_ws/install/controller_manager_msgs/share/controller_manager_msgs/environment/ament_prefix_path.dsv
[2.157s] -- Up-to-date symlink: /home/lulav/ros2_ws/install/controller_manager_msgs/share/controller_manager_msgs/environment/path.sh
[2.157s] -- Up-to-date symlink: /home/lulav/ros2_ws/install/controller_manager_msgs/share/controller_manager_msgs/environment/path.dsv
[2.158s] -- Up-to-date symlink: /home/lulav/ros2_ws/install/controller_manager_msgs/share/controller_manager_msgs/local_setup.bash
[2.158s] -- Up-to-date symlink: /home/lulav/ros2_ws/install/controller_manager_msgs/share/controller_manager_msgs/local_setup.sh
[2.158s] -- Up-to-date symlink: /home/lulav/ros2_ws/install/controller_manager_msgs/share/controller_manager_msgs/local_setup.zsh
[2.158s] -- Up-to-date symlink: /home/lulav/ros2_ws/install/controller_manager_msgs/share/controller_manager_msgs/local_setup.dsv
[2.158s] -- Symlinking: /home/lulav/ros2_ws/install/controller_manager_msgs/share/controller_manager_msgs/package.dsv
[2.167s] -- Up-to-date symlink: /home/lulav/ros2_ws/install/controller_manager_msgs/share/ament_index/resource_index/packages/controller_manager_msgs
[2.167s] -- Up-to-date symlink: /home/lulav/ros2_ws/install/controller_manager_msgs/share/controller_manager_msgs/cmake/rosidl_cmake-extras.cmake
[2.168s] -- Up-to-date symlink: /home/lulav/ros2_ws/install/controller_manager_msgs/share/controller_manager_msgs/cmake/ament_cmake_export_dependencies-extras.cmake
[2.168s] -- Up-to-date symlink: /home/lulav/ros2_ws/install/controller_manager_msgs/share/controller_manager_msgs/cmake/ament_cmake_export_include_directories-extras.cmake
[2.168s] -- Up-to-date symlink: /home/lulav/ros2_ws/install/controller_manager_msgs/share/controller_manager_msgs/cmake/ament_cmake_export_libraries-extras.cmake
[2.169s] -- Up-to-date symlink: /home/lulav/ros2_ws/install/controller_manager_msgs/share/controller_manager_msgs/cmake/ament_cmake_export_targets-extras.cmake
[2.169s] -- Up-to-date symlink: /home/lulav/ros2_ws/install/controller_manager_msgs/share/controller_manager_msgs/cmake/rosidl_cmake_export_typesupport_targets-extras.cmake
[2.169s] -- Up-to-date symlink: /home/lulav/ros2_ws/install/controller_manager_msgs/share/controller_manager_msgs/cmake/rosidl_cmake_export_typesupport_libraries-extras.cmake
[2.170s] -- Up-to-date symlink: /home/lulav/ros2_ws/install/controller_manager_msgs/share/controller_manager_msgs/cmake/controller_manager_msgsConfig.cmake
[2.170s] -- Up-to-date symlink: /home/lulav/ros2_ws/install/controller_manager_msgs/share/controller_manager_msgs/cmake/controller_manager_msgsConfig-version.cmake
[2.171s] -- Up-to-date symlink: /home/lulav/ros2_ws/install/controller_manager_msgs/share/controller_manager_msgs/package.xml
[2.171s] -- Up-to-date: /home/lulav/ros2_ws/install/controller_manager_msgs/lib/libcontroller_manager_msgs__rosidl_generator_c.so
[2.172s] -- Up-to-date: /home/lulav/ros2_ws/install/controller_manager_msgs/lib/libcontroller_manager_msgs__rosidl_typesupport_fastrtps_c.so
[2.172s] -- Up-to-date: /home/lulav/ros2_ws/install/controller_manager_msgs/lib/libcontroller_manager_msgs__rosidl_typesupport_fastrtps_cpp.so
[2.173s] -- Up-to-date: /home/lulav/ros2_ws/install/controller_manager_msgs/lib/libcontroller_manager_msgs__rosidl_typesupport_introspection_c.so
[2.174s] -- Up-to-date: /home/lulav/ros2_ws/install/controller_manager_msgs/lib/libcontroller_manager_msgs__rosidl_typesupport_c.so
[2.174s] -- Up-to-date: /home/lulav/ros2_ws/install/controller_manager_msgs/lib/libcontroller_manager_msgs__rosidl_typesupport_introspection_cpp.so
[2.175s] -- Up-to-date: /home/lulav/ros2_ws/install/controller_manager_msgs/lib/libcontroller_manager_msgs__rosidl_typesupport_cpp.so
[2.244s] Listing '/home/lulav/ros2_ws/install/controller_manager_msgs/local/lib/python3.10/dist-packages/controller_manager_msgs'...
[2.244s] Listing '/home/lulav/ros2_ws/install/controller_manager_msgs/local/lib/python3.10/dist-packages/controller_manager_msgs/msg'...
[2.245s] Listing '/home/lulav/ros2_ws/install/controller_manager_msgs/local/lib/python3.10/dist-packages/controller_manager_msgs/srv'...
[2.254s] -- Up-to-date: /home/lulav/ros2_ws/install/controller_manager_msgs/lib/libcontroller_manager_msgs__rosidl_generator_py.so
[2.255s] -- Up-to-date: /home/lulav/ros2_ws/install/controller_manager_msgs/share/controller_manager_msgs/cmake/export_controller_manager_msgs__rosidl_generator_cExport.cmake
[2.255s] -- Up-to-date: /home/lulav/ros2_ws/install/controller_manager_msgs/share/controller_manager_msgs/cmake/export_controller_manager_msgs__rosidl_generator_cExport-noconfig.cmake
[2.256s] -- Up-to-date: /home/lulav/ros2_ws/install/controller_manager_msgs/share/controller_manager_msgs/cmake/export_controller_manager_msgs__rosidl_typesupport_fastrtps_cExport.cmake
[2.257s] -- Up-to-date: /home/lulav/ros2_ws/install/controller_manager_msgs/share/controller_manager_msgs/cmake/export_controller_manager_msgs__rosidl_typesupport_fastrtps_cExport-noconfig.cmake
[2.257s] -- Up-to-date: /home/lulav/ros2_ws/install/controller_manager_msgs/share/controller_manager_msgs/cmake/export_controller_manager_msgs__rosidl_generator_cppExport.cmake
[2.257s] -- Up-to-date: /home/lulav/ros2_ws/install/controller_manager_msgs/share/controller_manager_msgs/cmake/export_controller_manager_msgs__rosidl_typesupport_fastrtps_cppExport.cmake
[2.257s] -- Up-to-date: /home/lulav/ros2_ws/install/controller_manager_msgs/share/controller_manager_msgs/cmake/export_controller_manager_msgs__rosidl_typesupport_fastrtps_cppExport-noconfig.cmake
[2.257s] -- Up-to-date: /home/lulav/ros2_ws/install/controller_manager_msgs/share/controller_manager_msgs/cmake/controller_manager_msgs__rosidl_typesupport_introspection_cExport.cmake
[2.258s] -- Up-to-date: /home/lulav/ros2_ws/install/controller_manager_msgs/share/controller_manager_msgs/cmake/controller_manager_msgs__rosidl_typesupport_introspection_cExport-noconfig.cmake
[2.258s] -- Up-to-date: /home/lulav/ros2_ws/install/controller_manager_msgs/share/controller_manager_msgs/cmake/controller_manager_msgs__rosidl_typesupport_cExport.cmake
[2.258s] -- Up-to-date: /home/lulav/ros2_ws/install/controller_manager_msgs/share/controller_manager_msgs/cmake/controller_manager_msgs__rosidl_typesupport_cExport-noconfig.cmake
[2.258s] -- Up-to-date: /home/lulav/ros2_ws/install/controller_manager_msgs/share/controller_manager_msgs/cmake/controller_manager_msgs__rosidl_typesupport_introspection_cppExport.cmake
[2.258s] -- Up-to-date: /home/lulav/ros2_ws/install/controller_manager_msgs/share/controller_manager_msgs/cmake/controller_manager_msgs__rosidl_typesupport_introspection_cppExport-noconfig.cmake
[2.259s] -- Up-to-date: /home/lulav/ros2_ws/install/controller_manager_msgs/share/controller_manager_msgs/cmake/controller_manager_msgs__rosidl_typesupport_cppExport.cmake
[2.259s] -- Up-to-date: /home/lulav/ros2_ws/install/controller_manager_msgs/share/controller_manager_msgs/cmake/controller_manager_msgs__rosidl_typesupport_cppExport-noconfig.cmake
[2.259s] -- Up-to-date: /home/lulav/ros2_ws/install/controller_manager_msgs/share/controller_manager_msgs/cmake/export_controller_manager_msgs__rosidl_generator_pyExport.cmake
[2.259s] -- Up-to-date: /home/lulav/ros2_ws/install/controller_manager_msgs/share/controller_manager_msgs/cmake/export_controller_manager_msgs__rosidl_generator_pyExport-noconfig.cmake
[2.269s] Invoked command in '/home/lulav/ros2_ws/build/controller_manager_msgs' returned '0': CMAKE_PREFIX_PATH=/opt/ros/humble /usr/bin/cmake --install /home/lulav/ros2_ws/build/controller_manager_msgs
