[0.072s] Invoking command in '/workspaces/diffbot/ros2_ws/build/controller_manager': AMENT_PREFIX_PATH=/workspaces/diffbot/ros2_ws/install/ros2_control_test_assets:/workspaces/diffbot/ros2_ws/install/realtime_tools:/workspaces/diffbot/ros2_ws/install/controller_manager_msgs:/workspaces/diffbot/ros2_ws/install/control_msgs:${AMENT_PREFIX_PATH} CMAKE_PREFIX_PATH=/workspaces/diffbot/ros2_ws/install/controller_interface:/workspaces/diffbot/ros2_ws/install/hardware_interface:/workspaces/diffbot/ros2_ws/install/ros2_control_test_assets:/workspaces/diffbot/ros2_ws/install/realtime_tools:/workspaces/diffbot/ros2_ws/install/controller_manager_msgs:/workspaces/diffbot/ros2_ws/install/control_msgs:/workspaces/diffbot/ros2_ws/install/gazebo_ros2_control_demos:/workspaces/diffbot/ros2_ws/install/ros2_control:/workspaces/diffbot/ros2_ws/install/transmission_interface:/workspaces/diffbot/ros2_ws/install/ros2_controllers:/workspaces/diffbot/ros2_ws/install/steering_controllers_library:/workspaces/diffbot/ros2_ws/install/ros2_control_demos:/workspaces/diffbot/ros2_ws/install/ros2_control_demo_example_2:/workspaces/diffbot/ros2_ws/install/gazebo_ros2_control:/workspaces/diffbot/ros2_ws/install/diffbot_bringup:/workspaces/diffbot/ros2_ws/install/controller_manager:/workspaces/diffbot/ros2_ws/install/ros2_control_demo_description:/workspaces/diffbot/ros2_ws/install/joint_state_broadcaster:/workspaces/diffbot/ros2_ws/install/diff_drive_controller:/workspaces/diffbot/ros2_ws/install/position_controllers:/workspaces/diffbot/ros2_ws/install/joint_limits:/workspaces/diffbot/ros2_ws/install/rqt_controller_manager:/workspaces/diffbot/ros2_ws/install/ros2controlcli:/workspaces/diffbot/ros2_ws/install/ros2_controllers_test_nodes:/workspaces/diffbot/ros2_ws/install/controller:/opt/ros/humble LD_LIBRARY_PATH=/workspaces/diffbot/ros2_ws/install/controller_interface/lib:/workspaces/diffbot/ros2_ws/install/hardware_interface/lib:/workspaces/diffbot/ros2_ws/install/realtime_tools/lib:/workspaces/diffbot/ros2_ws/install/controller_manager_msgs/lib:/workspaces/diffbot/ros2_ws/install/control_msgs/lib:/workspaces/diffbot/ros2_ws/install/transmission_interface/lib:/workspaces/diffbot/ros2_ws/install/steering_controllers_library/lib:/workspaces/diffbot/ros2_ws/install/ros2_control_demo_example_2/lib:/workspaces/diffbot/ros2_ws/install/gazebo_ros2_control/lib:/workspaces/diffbot/ros2_ws/install/controller_manager/lib:/workspaces/diffbot/ros2_ws/install/joint_state_broadcaster/lib:/workspaces/diffbot/ros2_ws/install/diff_drive_controller/lib:/workspaces/diffbot/ros2_ws/install/position_controllers/lib:/opt/ros/humble/opt/rviz_ogre_vendor/lib:/opt/ros/humble/lib/x86_64-linux-gnu:/opt/ros/humble/lib PYTHONPATH=/workspaces/diffbot/ros2_ws/install/controller_manager_msgs/local/lib/python3.10/dist-packages:/workspaces/diffbot/ros2_ws/install/control_msgs/local/lib/python3.10/dist-packages:${PYTHONPATH} /usr/bin/cmake --build /workspaces/diffbot/ros2_ws/build/controller_manager -- -j8 -l8
[0.176s] [35m[1mConsolidate compiler generated dependencies of target controller_manager[0m
[0.220s] [  6%] Built target controller_manager
[0.292s] [  6%] Built target ament_cmake_python_copy_controller_manager
[0.322s] [35m[1mConsolidate compiler generated dependencies of target test_chainable_controller[0m
[0.365s] [ 12%] Built target test_chainable_controller
[0.393s] [35m[1mConsolidate compiler generated dependencies of target test_controller_with_interfaces[0m
[0.440s] [ 18%] Built target test_controller_with_interfaces
[0.463s] [35m[1mConsolidate compiler generated dependencies of target test_controller_failed_init[0m
[0.527s] [ 24%] Built target test_controller_failed_init
[0.551s] [35m[1mConsolidate compiler generated dependencies of target test_controller[0m
[0.597s] [ 30%] Built target test_controller
[0.630s] [35m[1mConsolidate compiler generated dependencies of target ros2_control_node[0m
[0.698s] [ 36%] Built target ros2_control_node
[0.777s] [ 36%] Built target ament_cmake_python_copy_controller_manager_setup
[0.826s] [35m[1mConsolidate compiler generated dependencies of target gmock[0m
[0.873s] [ 45%] Built target gmock
[1.307s] running install_scripts
[1.312s] /usr/lib/python3/dist-packages/setuptools/command/install.py:34: SetuptoolsDeprecationWarning: setup.py install is deprecated. Use build and pip and other standards-based tools.
[1.312s]   warnings.warn(
[1.355s] running egg_info
[1.357s] writing controller_manager.egg-info/PKG-INFO
[1.357s] writing dependency_links to controller_manager.egg-info/dependency_links.txt
[1.357s] writing entry points to controller_manager.egg-info/entry_points.txt
[1.357s] writing top-level names to controller_manager.egg-info/top_level.txt
[1.360s] reading manifest file 'controller_manager.egg-info/SOURCES.txt'
[1.361s] writing manifest file 'controller_manager.egg-info/SOURCES.txt'
[1.363s] Installing spawner script to scripts
[1.363s] Installing unspawner script to scripts
[1.423s] [ 45%] Built target ament_cmake_python_build_controller_manager_scripts
[1.831s] running egg_info
[1.832s] writing controller_manager.egg-info/PKG-INFO
[1.832s] writing dependency_links to controller_manager.egg-info/dependency_links.txt
[1.832s] writing entry points to controller_manager.egg-info/entry_points.txt
[1.833s] writing top-level names to controller_manager.egg-info/top_level.txt
[1.836s] reading manifest file 'controller_manager.egg-info/SOURCES.txt'
[1.837s] writing manifest file 'controller_manager.egg-info/SOURCES.txt'
[1.881s] [ 45%] Built target ament_cmake_python_build_controller_manager_egg
[1.912s] [35m[1mConsolidate compiler generated dependencies of target gmock_main[0m
[1.942s] [ 51%] Built target gmock_main
[1.963s] [35m[1mConsolidate compiler generated dependencies of target test_controller_manager[0m
[2.021s] [ 57%] Built target test_controller_manager
[2.045s] [35m[1mConsolidate compiler generated dependencies of target test_hardware_management_srvs[0m
[2.090s] [ 63%] Built target test_hardware_management_srvs
[2.120s] [35m[1mConsolidate compiler generated dependencies of target test_spawner_unspawner[0m
[2.161s] [ 69%] Built target test_spawner_unspawner
[2.188s] [35m[1mConsolidate compiler generated dependencies of target test_release_interfaces[0m
[2.241s] [ 75%] Built target test_release_interfaces
[2.264s] [35m[1mConsolidate compiler generated dependencies of target test_controller_manager_srvs[0m
[2.321s] [ 81%] Built target test_controller_manager_srvs
[2.344s] [35m[1mConsolidate compiler generated dependencies of target test_controllers_chaining_with_controller_manager[0m
[2.400s] [ 87%] Built target test_controllers_chaining_with_controller_manager
[2.436s] [35m[1mConsolidate compiler generated dependencies of target test_load_controller[0m
[2.502s] [ 93%] Built target test_load_controller
[2.539s] [35m[1mConsolidate compiler generated dependencies of target test_controller_manager_with_namespace.cpp[0m
[2.596s] [100%] Built target test_controller_manager_with_namespace.cpp
[2.633s] Invoked command in '/workspaces/diffbot/ros2_ws/build/controller_manager' returned '0': AMENT_PREFIX_PATH=/workspaces/diffbot/ros2_ws/install/ros2_control_test_assets:/workspaces/diffbot/ros2_ws/install/realtime_tools:/workspaces/diffbot/ros2_ws/install/controller_manager_msgs:/workspaces/diffbot/ros2_ws/install/control_msgs:${AMENT_PREFIX_PATH} CMAKE_PREFIX_PATH=/workspaces/diffbot/ros2_ws/install/controller_interface:/workspaces/diffbot/ros2_ws/install/hardware_interface:/workspaces/diffbot/ros2_ws/install/ros2_control_test_assets:/workspaces/diffbot/ros2_ws/install/realtime_tools:/workspaces/diffbot/ros2_ws/install/controller_manager_msgs:/workspaces/diffbot/ros2_ws/install/control_msgs:/workspaces/diffbot/ros2_ws/install/gazebo_ros2_control_demos:/workspaces/diffbot/ros2_ws/install/ros2_control:/workspaces/diffbot/ros2_ws/install/transmission_interface:/workspaces/diffbot/ros2_ws/install/ros2_controllers:/workspaces/diffbot/ros2_ws/install/steering_controllers_library:/workspaces/diffbot/ros2_ws/install/ros2_control_demos:/workspaces/diffbot/ros2_ws/install/ros2_control_demo_example_2:/workspaces/diffbot/ros2_ws/install/gazebo_ros2_control:/workspaces/diffbot/ros2_ws/install/diffbot_bringup:/workspaces/diffbot/ros2_ws/install/controller_manager:/workspaces/diffbot/ros2_ws/install/ros2_control_demo_description:/workspaces/diffbot/ros2_ws/install/joint_state_broadcaster:/workspaces/diffbot/ros2_ws/install/diff_drive_controller:/workspaces/diffbot/ros2_ws/install/position_controllers:/workspaces/diffbot/ros2_ws/install/joint_limits:/workspaces/diffbot/ros2_ws/install/rqt_controller_manager:/workspaces/diffbot/ros2_ws/install/ros2controlcli:/workspaces/diffbot/ros2_ws/install/ros2_controllers_test_nodes:/workspaces/diffbot/ros2_ws/install/controller:/opt/ros/humble LD_LIBRARY_PATH=/workspaces/diffbot/ros2_ws/install/controller_interface/lib:/workspaces/diffbot/ros2_ws/install/hardware_interface/lib:/workspaces/diffbot/ros2_ws/install/realtime_tools/lib:/workspaces/diffbot/ros2_ws/install/controller_manager_msgs/lib:/workspaces/diffbot/ros2_ws/install/control_msgs/lib:/workspaces/diffbot/ros2_ws/install/transmission_interface/lib:/workspaces/diffbot/ros2_ws/install/steering_controllers_library/lib:/workspaces/diffbot/ros2_ws/install/ros2_control_demo_example_2/lib:/workspaces/diffbot/ros2_ws/install/gazebo_ros2_control/lib:/workspaces/diffbot/ros2_ws/install/controller_manager/lib:/workspaces/diffbot/ros2_ws/install/joint_state_broadcaster/lib:/workspaces/diffbot/ros2_ws/install/diff_drive_controller/lib:/workspaces/diffbot/ros2_ws/install/position_controllers/lib:/opt/ros/humble/opt/rviz_ogre_vendor/lib:/opt/ros/humble/lib/x86_64-linux-gnu:/opt/ros/humble/lib PYTHONPATH=/workspaces/diffbot/ros2_ws/install/controller_manager_msgs/local/lib/python3.10/dist-packages:/workspaces/diffbot/ros2_ws/install/control_msgs/local/lib/python3.10/dist-packages:${PYTHONPATH} /usr/bin/cmake --build /workspaces/diffbot/ros2_ws/build/controller_manager -- -j8 -l8
[2.872s] Invoking command in '/workspaces/diffbot/ros2_ws/build/controller_manager': AMENT_PREFIX_PATH=/workspaces/diffbot/ros2_ws/install/ros2_control_test_assets:/workspaces/diffbot/ros2_ws/install/realtime_tools:/workspaces/diffbot/ros2_ws/install/controller_manager_msgs:/workspaces/diffbot/ros2_ws/install/control_msgs:${AMENT_PREFIX_PATH} CMAKE_PREFIX_PATH=/workspaces/diffbot/ros2_ws/install/controller_interface:/workspaces/diffbot/ros2_ws/install/hardware_interface:/workspaces/diffbot/ros2_ws/install/ros2_control_test_assets:/workspaces/diffbot/ros2_ws/install/realtime_tools:/workspaces/diffbot/ros2_ws/install/controller_manager_msgs:/workspaces/diffbot/ros2_ws/install/control_msgs:/workspaces/diffbot/ros2_ws/install/gazebo_ros2_control_demos:/workspaces/diffbot/ros2_ws/install/ros2_control:/workspaces/diffbot/ros2_ws/install/transmission_interface:/workspaces/diffbot/ros2_ws/install/ros2_controllers:/workspaces/diffbot/ros2_ws/install/steering_controllers_library:/workspaces/diffbot/ros2_ws/install/ros2_control_demos:/workspaces/diffbot/ros2_ws/install/ros2_control_demo_example_2:/workspaces/diffbot/ros2_ws/install/gazebo_ros2_control:/workspaces/diffbot/ros2_ws/install/diffbot_bringup:/workspaces/diffbot/ros2_ws/install/controller_manager:/workspaces/diffbot/ros2_ws/install/ros2_control_demo_description:/workspaces/diffbot/ros2_ws/install/joint_state_broadcaster:/workspaces/diffbot/ros2_ws/install/diff_drive_controller:/workspaces/diffbot/ros2_ws/install/position_controllers:/workspaces/diffbot/ros2_ws/install/joint_limits:/workspaces/diffbot/ros2_ws/install/rqt_controller_manager:/workspaces/diffbot/ros2_ws/install/ros2controlcli:/workspaces/diffbot/ros2_ws/install/ros2_controllers_test_nodes:/workspaces/diffbot/ros2_ws/install/controller:/opt/ros/humble LD_LIBRARY_PATH=/workspaces/diffbot/ros2_ws/install/controller_interface/lib:/workspaces/diffbot/ros2_ws/install/hardware_interface/lib:/workspaces/diffbot/ros2_ws/install/realtime_tools/lib:/workspaces/diffbot/ros2_ws/install/controller_manager_msgs/lib:/workspaces/diffbot/ros2_ws/install/control_msgs/lib:/workspaces/diffbot/ros2_ws/install/transmission_interface/lib:/workspaces/diffbot/ros2_ws/install/steering_controllers_library/lib:/workspaces/diffbot/ros2_ws/install/ros2_control_demo_example_2/lib:/workspaces/diffbot/ros2_ws/install/gazebo_ros2_control/lib:/workspaces/diffbot/ros2_ws/install/controller_manager/lib:/workspaces/diffbot/ros2_ws/install/joint_state_broadcaster/lib:/workspaces/diffbot/ros2_ws/install/diff_drive_controller/lib:/workspaces/diffbot/ros2_ws/install/position_controllers/lib:/opt/ros/humble/opt/rviz_ogre_vendor/lib:/opt/ros/humble/lib/x86_64-linux-gnu:/opt/ros/humble/lib PYTHONPATH=/workspaces/diffbot/ros2_ws/install/controller_manager_msgs/local/lib/python3.10/dist-packages:/workspaces/diffbot/ros2_ws/install/control_msgs/local/lib/python3.10/dist-packages:${PYTHONPATH} /usr/bin/cmake --install /workspaces/diffbot/ros2_ws/build/controller_manager
[2.890s] -- Install configuration: ""
[2.890s] -- Up-to-date: /workspaces/diffbot/ros2_ws/install/controller_manager/lib/libcontroller_manager.so
[2.890s] -- Up-to-date: /workspaces/diffbot/ros2_ws/install/controller_manager/lib/controller_manager/ros2_control_node
[2.891s] -- Up-to-date: /workspaces/diffbot/ros2_ws/install/controller_manager/include
[2.891s] -- Up-to-date: /workspaces/diffbot/ros2_ws/install/controller_manager/include/controller_manager
[2.891s] -- Up-to-date: /workspaces/diffbot/ros2_ws/install/controller_manager/include/controller_manager/controller_spec.hpp
[2.892s] -- Up-to-date: /workspaces/diffbot/ros2_ws/install/controller_manager/include/controller_manager/visibility_control.h
[2.892s] -- Up-to-date: /workspaces/diffbot/ros2_ws/install/controller_manager/include/controller_manager/controller_manager.hpp
[2.892s] -- Up-to-date: /workspaces/diffbot/ros2_ws/install/controller_manager/share/controller_manager/test/test_controller/test_controller.xml
[2.892s] -- Up-to-date: /workspaces/diffbot/ros2_ws/install/controller_manager/lib/libtest_controller.so
[2.892s] -- Up-to-date: /workspaces/diffbot/ros2_ws/install/controller_manager/share/controller_manager/test/test_controller_failed_init/test_controller_failed_init.xml
[2.893s] -- Up-to-date: /workspaces/diffbot/ros2_ws/install/controller_manager/lib/libtest_controller_failed_init.so
[2.893s] -- Up-to-date: /workspaces/diffbot/ros2_ws/install/controller_manager/share/controller_manager/test/test_chainable_controller/test_chainable_controller.xml
[2.893s] -- Up-to-date: /workspaces/diffbot/ros2_ws/install/controller_manager/lib/libtest_chainable_controller.so
[2.893s] -- Up-to-date: /workspaces/diffbot/ros2_ws/install/controller_manager/share/controller_manager/test/test_controller_with_interfaces/test_controller_with_interfaces.xml
[2.893s] -- Up-to-date: /workspaces/diffbot/ros2_ws/install/controller_manager/lib/libtest_controller_with_interfaces.so
[2.894s] -- Up-to-date: /workspaces/diffbot/ros2_ws/install/controller_manager/share/controller_manager/environment/pythonpath.sh
[2.894s] -- Up-to-date: /workspaces/diffbot/ros2_ws/install/controller_manager/share/controller_manager/environment/pythonpath.dsv
[2.894s] -- Up-to-date: /workspaces/diffbot/ros2_ws/install/controller_manager/local/lib/python3.10/dist-packages/controller_manager-2.30.0-py3.10.egg-info
[2.894s] -- Installing: /workspaces/diffbot/ros2_ws/install/controller_manager/local/lib/python3.10/dist-packages/controller_manager-2.30.0-py3.10.egg-info/top_level.txt
[2.894s] -- Installing: /workspaces/diffbot/ros2_ws/install/controller_manager/local/lib/python3.10/dist-packages/controller_manager-2.30.0-py3.10.egg-info/dependency_links.txt
[2.895s] -- Installing: /workspaces/diffbot/ros2_ws/install/controller_manager/local/lib/python3.10/dist-packages/controller_manager-2.30.0-py3.10.egg-info/PKG-INFO
[2.895s] -- Installing: /workspaces/diffbot/ros2_ws/install/controller_manager/local/lib/python3.10/dist-packages/controller_manager-2.30.0-py3.10.egg-info/entry_points.txt
[2.895s] -- Installing: /workspaces/diffbot/ros2_ws/install/controller_manager/local/lib/python3.10/dist-packages/controller_manager-2.30.0-py3.10.egg-info/SOURCES.txt
[2.895s] -- Up-to-date: /workspaces/diffbot/ros2_ws/install/controller_manager/lib/controller_manager/
[2.895s] -- Installing: /workspaces/diffbot/ros2_ws/install/controller_manager/lib/controller_manager//spawner
[2.895s] -- Installing: /workspaces/diffbot/ros2_ws/install/controller_manager/lib/controller_manager//unspawner
[2.896s] -- Up-to-date: /workspaces/diffbot/ros2_ws/install/controller_manager/local/lib/python3.10/dist-packages/controller_manager
[2.896s] -- Up-to-date: /workspaces/diffbot/ros2_ws/install/controller_manager/local/lib/python3.10/dist-packages/controller_manager/controller_manager_services.py
[2.896s] -- Up-to-date: /workspaces/diffbot/ros2_ws/install/controller_manager/local/lib/python3.10/dist-packages/controller_manager/spawner.py
[2.896s] -- Up-to-date: /workspaces/diffbot/ros2_ws/install/controller_manager/local/lib/python3.10/dist-packages/controller_manager/unspawner.py
[2.896s] -- Up-to-date: /workspaces/diffbot/ros2_ws/install/controller_manager/local/lib/python3.10/dist-packages/controller_manager/__init__.py
[2.896s] -- Up-to-date: /workspaces/diffbot/ros2_ws/install/controller_manager/local/lib/python3.10/dist-packages/controller_manager/launch_utils.py
[2.971s] Listing '/workspaces/diffbot/ros2_ws/install/controller_manager/local/lib/python3.10/dist-packages/controller_manager'...
[2.979s] -- Up-to-date: /workspaces/diffbot/ros2_ws/install/controller_manager/share/controller_manager/environment/library_path.sh
[2.979s] -- Up-to-date: /workspaces/diffbot/ros2_ws/install/controller_manager/share/controller_manager/environment/library_path.dsv
[2.980s] -- Up-to-date: /workspaces/diffbot/ros2_ws/install/controller_manager/share/ament_index/resource_index/package_run_dependencies/controller_manager
[2.980s] -- Up-to-date: /workspaces/diffbot/ros2_ws/install/controller_manager/share/ament_index/resource_index/parent_prefix_path/controller_manager
[2.980s] -- Up-to-date: /workspaces/diffbot/ros2_ws/install/controller_manager/share/controller_manager/environment/ament_prefix_path.sh
[2.980s] -- Up-to-date: /workspaces/diffbot/ros2_ws/install/controller_manager/share/controller_manager/environment/ament_prefix_path.dsv
[2.980s] -- Up-to-date: /workspaces/diffbot/ros2_ws/install/controller_manager/share/controller_manager/environment/path.sh
[2.980s] -- Up-to-date: /workspaces/diffbot/ros2_ws/install/controller_manager/share/controller_manager/environment/path.dsv
[2.980s] -- Up-to-date: /workspaces/diffbot/ros2_ws/install/controller_manager/share/controller_manager/local_setup.bash
[2.980s] -- Up-to-date: /workspaces/diffbot/ros2_ws/install/controller_manager/share/controller_manager/local_setup.sh
[2.981s] -- Up-to-date: /workspaces/diffbot/ros2_ws/install/controller_manager/share/controller_manager/local_setup.zsh
[2.981s] -- Up-to-date: /workspaces/diffbot/ros2_ws/install/controller_manager/share/controller_manager/local_setup.dsv
[2.981s] -- Installing: /workspaces/diffbot/ros2_ws/install/controller_manager/share/controller_manager/package.dsv
[2.981s] -- Up-to-date: /workspaces/diffbot/ros2_ws/install/controller_manager/share/ament_index/resource_index/packages/controller_manager
[2.981s] -- Up-to-date: /workspaces/diffbot/ros2_ws/install/controller_manager/share/ament_index/resource_index/controller_interface__pluginlib__plugin/controller_manager
[2.981s] -- Up-to-date: /workspaces/diffbot/ros2_ws/install/controller_manager/share/controller_manager/cmake/ament_cmake_export_libraries-extras.cmake
[2.981s] -- Up-to-date: /workspaces/diffbot/ros2_ws/install/controller_manager/share/controller_manager/cmake/ament_cmake_export_include_directories-extras.cmake
[2.982s] -- Up-to-date: /workspaces/diffbot/ros2_ws/install/controller_manager/share/controller_manager/cmake/ament_cmake_export_dependencies-extras.cmake
[2.982s] -- Up-to-date: /workspaces/diffbot/ros2_ws/install/controller_manager/share/controller_manager/cmake/controller_managerConfig.cmake
[2.982s] -- Up-to-date: /workspaces/diffbot/ros2_ws/install/controller_manager/share/controller_manager/cmake/controller_managerConfig-version.cmake
[2.982s] -- Up-to-date: /workspaces/diffbot/ros2_ws/install/controller_manager/share/controller_manager/package.xml
[2.989s] Invoked command in '/workspaces/diffbot/ros2_ws/build/controller_manager' returned '0': AMENT_PREFIX_PATH=/workspaces/diffbot/ros2_ws/install/ros2_control_test_assets:/workspaces/diffbot/ros2_ws/install/realtime_tools:/workspaces/diffbot/ros2_ws/install/controller_manager_msgs:/workspaces/diffbot/ros2_ws/install/control_msgs:${AMENT_PREFIX_PATH} CMAKE_PREFIX_PATH=/workspaces/diffbot/ros2_ws/install/controller_interface:/workspaces/diffbot/ros2_ws/install/hardware_interface:/workspaces/diffbot/ros2_ws/install/ros2_control_test_assets:/workspaces/diffbot/ros2_ws/install/realtime_tools:/workspaces/diffbot/ros2_ws/install/controller_manager_msgs:/workspaces/diffbot/ros2_ws/install/control_msgs:/workspaces/diffbot/ros2_ws/install/gazebo_ros2_control_demos:/workspaces/diffbot/ros2_ws/install/ros2_control:/workspaces/diffbot/ros2_ws/install/transmission_interface:/workspaces/diffbot/ros2_ws/install/ros2_controllers:/workspaces/diffbot/ros2_ws/install/steering_controllers_library:/workspaces/diffbot/ros2_ws/install/ros2_control_demos:/workspaces/diffbot/ros2_ws/install/ros2_control_demo_example_2:/workspaces/diffbot/ros2_ws/install/gazebo_ros2_control:/workspaces/diffbot/ros2_ws/install/diffbot_bringup:/workspaces/diffbot/ros2_ws/install/controller_manager:/workspaces/diffbot/ros2_ws/install/ros2_control_demo_description:/workspaces/diffbot/ros2_ws/install/joint_state_broadcaster:/workspaces/diffbot/ros2_ws/install/diff_drive_controller:/workspaces/diffbot/ros2_ws/install/position_controllers:/workspaces/diffbot/ros2_ws/install/joint_limits:/workspaces/diffbot/ros2_ws/install/rqt_controller_manager:/workspaces/diffbot/ros2_ws/install/ros2controlcli:/workspaces/diffbot/ros2_ws/install/ros2_controllers_test_nodes:/workspaces/diffbot/ros2_ws/install/controller:/opt/ros/humble LD_LIBRARY_PATH=/workspaces/diffbot/ros2_ws/install/controller_interface/lib:/workspaces/diffbot/ros2_ws/install/hardware_interface/lib:/workspaces/diffbot/ros2_ws/install/realtime_tools/lib:/workspaces/diffbot/ros2_ws/install/controller_manager_msgs/lib:/workspaces/diffbot/ros2_ws/install/control_msgs/lib:/workspaces/diffbot/ros2_ws/install/transmission_interface/lib:/workspaces/diffbot/ros2_ws/install/steering_controllers_library/lib:/workspaces/diffbot/ros2_ws/install/ros2_control_demo_example_2/lib:/workspaces/diffbot/ros2_ws/install/gazebo_ros2_control/lib:/workspaces/diffbot/ros2_ws/install/controller_manager/lib:/workspaces/diffbot/ros2_ws/install/joint_state_broadcaster/lib:/workspaces/diffbot/ros2_ws/install/diff_drive_controller/lib:/workspaces/diffbot/ros2_ws/install/position_controllers/lib:/opt/ros/humble/opt/rviz_ogre_vendor/lib:/opt/ros/humble/lib/x86_64-linux-gnu:/opt/ros/humble/lib PYTHONPATH=/workspaces/diffbot/ros2_ws/install/controller_manager_msgs/local/lib/python3.10/dist-packages:/workspaces/diffbot/ros2_ws/install/control_msgs/local/lib/python3.10/dist-packages:${PYTHONPATH} /usr/bin/cmake --install /workspaces/diffbot/ros2_ws/build/controller_manager
