[0.138s] Invoking command in '/home/lulav/ros2_ws/build/gripper_controllers': AMENT_PREFIX_PATH=/home/lulav/ros2_ws/install/controller_manager:/home/lulav/ros2_ws/install/controller_interface:/home/lulav/ros2_ws/install/hardware_interface:/home/lulav/ros2_ws/install/ros2_control_test_assets:/home/lulav/ros2_ws/install/realtime_tools:/home/lulav/ros2_ws/install/controller_manager_msgs:/home/lulav/ros2_ws/install/control_msgs:${AMENT_PREFIX_PATH} CMAKE_PREFIX_PATH=/home/lulav/ros2_ws/install/controller_manager:/home/lulav/ros2_ws/install/controller_interface:/home/lulav/ros2_ws/install/hardware_interface:/home/lulav/ros2_ws/install/ros2_control_test_assets:/home/lulav/ros2_ws/install/realtime_tools:/home/lulav/ros2_ws/install/controller_manager_msgs:/home/lulav/ros2_ws/install/control_msgs:/opt/ros/humble LD_LIBRARY_PATH=/home/lulav/ros2_ws/install/controller_manager/lib:/home/lulav/ros2_ws/install/controller_interface/lib:/home/lulav/ros2_ws/install/hardware_interface/lib:/home/lulav/ros2_ws/install/realtime_tools/lib:/home/lulav/ros2_ws/install/controller_manager_msgs/lib:/home/lulav/ros2_ws/install/control_msgs/lib:${LD_LIBRARY_PATH} PYTHONPATH=/home/lulav/ros2_ws/install/controller_manager/local/lib/python3.10/dist-packages:/home/lulav/ros2_ws/install/controller_manager_msgs/local/lib/python3.10/dist-packages:/home/lulav/ros2_ws/install/control_msgs/local/lib/python3.10/dist-packages:${PYTHONPATH} /usr/bin/cmake --build /home/lulav/ros2_ws/build/gripper_controllers -- -j8 -l8
[0.287s] [  8%] Built target gripper_action_controller_parameters
[0.332s] [ 33%] Built target gmock
[0.345s] [ 50%] Built target gmock_main
[0.398s] [ 66%] Built target gripper_action_controller
[0.452s] [ 83%] Built target test_load_gripper_action_controllers
[0.514s] [100%] Built target test_gripper_controllers
[0.592s] Invoked command in '/home/lulav/ros2_ws/build/gripper_controllers' returned '0': AMENT_PREFIX_PATH=/home/lulav/ros2_ws/install/controller_manager:/home/lulav/ros2_ws/install/controller_interface:/home/lulav/ros2_ws/install/hardware_interface:/home/lulav/ros2_ws/install/ros2_control_test_assets:/home/lulav/ros2_ws/install/realtime_tools:/home/lulav/ros2_ws/install/controller_manager_msgs:/home/lulav/ros2_ws/install/control_msgs:${AMENT_PREFIX_PATH} CMAKE_PREFIX_PATH=/home/lulav/ros2_ws/install/controller_manager:/home/lulav/ros2_ws/install/controller_interface:/home/lulav/ros2_ws/install/hardware_interface:/home/lulav/ros2_ws/install/ros2_control_test_assets:/home/lulav/ros2_ws/install/realtime_tools:/home/lulav/ros2_ws/install/controller_manager_msgs:/home/lulav/ros2_ws/install/control_msgs:/opt/ros/humble LD_LIBRARY_PATH=/home/lulav/ros2_ws/install/controller_manager/lib:/home/lulav/ros2_ws/install/controller_interface/lib:/home/lulav/ros2_ws/install/hardware_interface/lib:/home/lulav/ros2_ws/install/realtime_tools/lib:/home/lulav/ros2_ws/install/controller_manager_msgs/lib:/home/lulav/ros2_ws/install/control_msgs/lib:${LD_LIBRARY_PATH} PYTHONPATH=/home/lulav/ros2_ws/install/controller_manager/local/lib/python3.10/dist-packages:/home/lulav/ros2_ws/install/controller_manager_msgs/local/lib/python3.10/dist-packages:/home/lulav/ros2_ws/install/control_msgs/local/lib/python3.10/dist-packages:${PYTHONPATH} /usr/bin/cmake --build /home/lulav/ros2_ws/build/gripper_controllers -- -j8 -l8
[0.689s] Invoking command in '/home/lulav/ros2_ws/build/gripper_controllers': AMENT_PREFIX_PATH=/home/lulav/ros2_ws/install/controller_manager:/home/lulav/ros2_ws/install/controller_interface:/home/lulav/ros2_ws/install/hardware_interface:/home/lulav/ros2_ws/install/ros2_control_test_assets:/home/lulav/ros2_ws/install/realtime_tools:/home/lulav/ros2_ws/install/controller_manager_msgs:/home/lulav/ros2_ws/install/control_msgs:${AMENT_PREFIX_PATH} CMAKE_PREFIX_PATH=/home/lulav/ros2_ws/install/controller_manager:/home/lulav/ros2_ws/install/controller_interface:/home/lulav/ros2_ws/install/hardware_interface:/home/lulav/ros2_ws/install/ros2_control_test_assets:/home/lulav/ros2_ws/install/realtime_tools:/home/lulav/ros2_ws/install/controller_manager_msgs:/home/lulav/ros2_ws/install/control_msgs:/opt/ros/humble LD_LIBRARY_PATH=/home/lulav/ros2_ws/install/controller_manager/lib:/home/lulav/ros2_ws/install/controller_interface/lib:/home/lulav/ros2_ws/install/hardware_interface/lib:/home/lulav/ros2_ws/install/realtime_tools/lib:/home/lulav/ros2_ws/install/controller_manager_msgs/lib:/home/lulav/ros2_ws/install/control_msgs/lib:${LD_LIBRARY_PATH} PYTHONPATH=/home/lulav/ros2_ws/install/controller_manager/local/lib/python3.10/dist-packages:/home/lulav/ros2_ws/install/controller_manager_msgs/local/lib/python3.10/dist-packages:/home/lulav/ros2_ws/install/control_msgs/local/lib/python3.10/dist-packages:${PYTHONPATH} /usr/bin/cmake --install /home/lulav/ros2_ws/build/gripper_controllers
[0.699s] -- Install configuration: ""
[0.703s] -- Execute custom install script
[0.704s] -- Up-to-date symlink: /home/lulav/ros2_ws/install/gripper_controllers/include/gripper_action_controller_parameters/gripper_action_controller_parameters.hpp
[0.704s] -- Up-to-date symlink: /home/lulav/ros2_ws/install/gripper_controllers/share/gripper_controllers//ros_control_plugins.xml
[0.715s] -- Up-to-date symlink: /home/lulav/ros2_ws/install/gripper_controllers/include/gripper_action_controller/gripper_controllers/gripper_action_controller.hpp
[0.715s] -- Up-to-date symlink: /home/lulav/ros2_ws/install/gripper_controllers/include/gripper_action_controller/gripper_controllers/gripper_action_controller_impl.hpp
[0.715s] -- Up-to-date symlink: /home/lulav/ros2_ws/install/gripper_controllers/include/gripper_action_controller/gripper_controllers/hardware_interface_adapter.hpp
[0.715s] -- Up-to-date symlink: /home/lulav/ros2_ws/install/gripper_controllers/include/gripper_action_controller/gripper_controllers/visibility_control.hpp
[0.716s] -- Up-to-date symlink: /home/lulav/ros2_ws/install/gripper_controllers/share/gripper_controllers/environment/library_path.sh
[0.716s] -- Up-to-date symlink: /home/lulav/ros2_ws/install/gripper_controllers/share/gripper_controllers/environment/library_path.dsv
[0.716s] -- Up-to-date symlink: /home/lulav/ros2_ws/install/gripper_controllers/share/ament_index/resource_index/package_run_dependencies/gripper_controllers
[0.717s] -- Up-to-date symlink: /home/lulav/ros2_ws/install/gripper_controllers/share/ament_index/resource_index/parent_prefix_path/gripper_controllers
[0.717s] -- Up-to-date symlink: /home/lulav/ros2_ws/install/gripper_controllers/share/gripper_controllers/environment/ament_prefix_path.sh
[0.717s] -- Up-to-date symlink: /home/lulav/ros2_ws/install/gripper_controllers/share/gripper_controllers/environment/ament_prefix_path.dsv
[0.719s] -- Up-to-date symlink: /home/lulav/ros2_ws/install/gripper_controllers/share/gripper_controllers/environment/path.sh
[0.719s] -- Up-to-date symlink: /home/lulav/ros2_ws/install/gripper_controllers/share/gripper_controllers/environment/path.dsv
[0.719s] -- Up-to-date symlink: /home/lulav/ros2_ws/install/gripper_controllers/share/gripper_controllers/local_setup.bash
[0.719s] -- Up-to-date symlink: /home/lulav/ros2_ws/install/gripper_controllers/share/gripper_controllers/local_setup.sh
[0.720s] -- Up-to-date symlink: /home/lulav/ros2_ws/install/gripper_controllers/share/gripper_controllers/local_setup.zsh
[0.720s] -- Up-to-date symlink: /home/lulav/ros2_ws/install/gripper_controllers/share/gripper_controllers/local_setup.dsv
[0.720s] -- Symlinking: /home/lulav/ros2_ws/install/gripper_controllers/share/gripper_controllers/package.dsv
[0.739s] -- Up-to-date symlink: /home/lulav/ros2_ws/install/gripper_controllers/share/ament_index/resource_index/packages/gripper_controllers
[0.739s] -- Up-to-date symlink: /home/lulav/ros2_ws/install/gripper_controllers/share/ament_index/resource_index/controller_interface__pluginlib__plugin/gripper_controllers
[0.740s] -- Up-to-date symlink: /home/lulav/ros2_ws/install/gripper_controllers/share/gripper_controllers/cmake/ament_cmake_export_targets-extras.cmake
[0.740s] -- Up-to-date symlink: /home/lulav/ros2_ws/install/gripper_controllers/share/gripper_controllers/cmake/ament_cmake_export_dependencies-extras.cmake
[0.740s] -- Up-to-date symlink: /home/lulav/ros2_ws/install/gripper_controllers/share/gripper_controllers/cmake/gripper_controllersConfig.cmake
[0.740s] -- Up-to-date symlink: /home/lulav/ros2_ws/install/gripper_controllers/share/gripper_controllers/cmake/gripper_controllersConfig-version.cmake
[0.741s] -- Up-to-date symlink: /home/lulav/ros2_ws/install/gripper_controllers/share/gripper_controllers/package.xml
[0.741s] -- Up-to-date: /home/lulav/ros2_ws/install/gripper_controllers/lib/libgripper_action_controller.so
[0.743s] -- Up-to-date: /home/lulav/ros2_ws/install/gripper_controllers/share/gripper_controllers/cmake/export_gripper_action_controllerExport.cmake
[0.743s] -- Up-to-date: /home/lulav/ros2_ws/install/gripper_controllers/share/gripper_controllers/cmake/export_gripper_action_controllerExport-noconfig.cmake
[0.780s] Invoked command in '/home/lulav/ros2_ws/build/gripper_controllers' returned '0': AMENT_PREFIX_PATH=/home/lulav/ros2_ws/install/controller_manager:/home/lulav/ros2_ws/install/controller_interface:/home/lulav/ros2_ws/install/hardware_interface:/home/lulav/ros2_ws/install/ros2_control_test_assets:/home/lulav/ros2_ws/install/realtime_tools:/home/lulav/ros2_ws/install/controller_manager_msgs:/home/lulav/ros2_ws/install/control_msgs:${AMENT_PREFIX_PATH} CMAKE_PREFIX_PATH=/home/lulav/ros2_ws/install/controller_manager:/home/lulav/ros2_ws/install/controller_interface:/home/lulav/ros2_ws/install/hardware_interface:/home/lulav/ros2_ws/install/ros2_control_test_assets:/home/lulav/ros2_ws/install/realtime_tools:/home/lulav/ros2_ws/install/controller_manager_msgs:/home/lulav/ros2_ws/install/control_msgs:/opt/ros/humble LD_LIBRARY_PATH=/home/lulav/ros2_ws/install/controller_manager/lib:/home/lulav/ros2_ws/install/controller_interface/lib:/home/lulav/ros2_ws/install/hardware_interface/lib:/home/lulav/ros2_ws/install/realtime_tools/lib:/home/lulav/ros2_ws/install/controller_manager_msgs/lib:/home/lulav/ros2_ws/install/control_msgs/lib:${LD_LIBRARY_PATH} PYTHONPATH=/home/lulav/ros2_ws/install/controller_manager/local/lib/python3.10/dist-packages:/home/lulav/ros2_ws/install/controller_manager_msgs/local/lib/python3.10/dist-packages:/home/lulav/ros2_ws/install/control_msgs/local/lib/python3.10/dist-packages:${PYTHONPATH} /usr/bin/cmake --install /home/lulav/ros2_ws/build/gripper_controllers
