[0.039s] Invoking command in '/workspaces/diffbot/ros2_ws/build/transmission_interface': AMENT_PREFIX_PATH=/workspaces/diffbot/ros2_ws/install/control_msgs:${AMENT_PREFIX_PATH} CMAKE_PREFIX_PATH=/workspaces/diffbot/ros2_ws/install/hardware_interface:/workspaces/diffbot/ros2_ws/install/control_msgs:/workspaces/diffbot/ros2_ws/install/gazebo_ros2_control_demos:/workspaces/diffbot/ros2_ws/install/ros2_control:/workspaces/diffbot/ros2_ws/install/transmission_interface:/workspaces/diffbot/ros2_ws/install/ros2_controllers:/workspaces/diffbot/ros2_ws/install/steering_controllers_library:/workspaces/diffbot/ros2_ws/install/ros2_control_demos:/workspaces/diffbot/ros2_ws/install/ros2_control_demo_example_2:/workspaces/diffbot/ros2_ws/install/gazebo_ros2_control:/workspaces/diffbot/ros2_ws/install/diffbot_bringup:/workspaces/diffbot/ros2_ws/install/controller_manager:/workspaces/diffbot/ros2_ws/install/ros2_control_test_assets:/workspaces/diffbot/ros2_ws/install/ros2_control_demo_description:/workspaces/diffbot/ros2_ws/install/joint_state_broadcaster:/workspaces/diffbot/ros2_ws/install/diff_drive_controller:/workspaces/diffbot/ros2_ws/install/realtime_tools:/workspaces/diffbot/ros2_ws/install/position_controllers:/workspaces/diffbot/ros2_ws/install/joint_limits:/workspaces/diffbot/ros2_ws/install/controller_interface:/workspaces/diffbot/ros2_ws/install/controller_manager_msgs:/workspaces/diffbot/ros2_ws/install/rqt_controller_manager:/workspaces/diffbot/ros2_ws/install/ros2controlcli:/workspaces/diffbot/ros2_ws/install/ros2_controllers_test_nodes:/workspaces/diffbot/ros2_ws/install/controller:/opt/ros/humble LD_LIBRARY_PATH=/workspaces/diffbot/ros2_ws/install/hardware_interface/lib:/workspaces/diffbot/ros2_ws/install/control_msgs/lib:/workspaces/diffbot/ros2_ws/install/transmission_interface/lib:/workspaces/diffbot/ros2_ws/install/steering_controllers_library/lib:/workspaces/diffbot/ros2_ws/install/ros2_control_demo_example_2/lib:/workspaces/diffbot/ros2_ws/install/gazebo_ros2_control/lib:/workspaces/diffbot/ros2_ws/install/controller_manager/lib:/workspaces/diffbot/ros2_ws/install/joint_state_broadcaster/lib:/workspaces/diffbot/ros2_ws/install/diff_drive_controller/lib:/workspaces/diffbot/ros2_ws/install/realtime_tools/lib:/workspaces/diffbot/ros2_ws/install/position_controllers/lib:/workspaces/diffbot/ros2_ws/install/controller_interface/lib:/workspaces/diffbot/ros2_ws/install/controller_manager_msgs/lib:/opt/ros/humble/opt/rviz_ogre_vendor/lib:/opt/ros/humble/lib/x86_64-linux-gnu:/opt/ros/humble/lib PYTHONPATH=/workspaces/diffbot/ros2_ws/install/control_msgs/local/lib/python3.10/dist-packages:${PYTHONPATH} /usr/bin/cmake --build /workspaces/diffbot/ros2_ws/build/transmission_interface -- -j8 -l8
[0.158s] [35m[1mConsolidate compiler generated dependencies of target transmission_interface[0m
[0.214s] [ 17%] Built target transmission_interface
[0.246s] [35m[1mConsolidate compiler generated dependencies of target gmock[0m
[0.285s] [ 30%] Built target gmock
[0.310s] [35m[1mConsolidate compiler generated dependencies of target gmock_main[0m
[0.346s] [ 39%] Built target gmock_main
[0.376s] [35m[1mConsolidate compiler generated dependencies of target test_simple_transmission[0m
[0.416s] [ 47%] Built target test_simple_transmission
[0.444s] [35m[1mConsolidate compiler generated dependencies of target test_utils[0m
[0.485s] [ 56%] Built target test_utils
[0.514s] [35m[1mConsolidate compiler generated dependencies of target test_differential_transmission_loader[0m
[0.554s] [ 65%] Built target test_differential_transmission_loader
[0.583s] [35m[1mConsolidate compiler generated dependencies of target test_four_bar_linkage_transmission_loader[0m
[0.626s] [ 73%] Built target test_four_bar_linkage_transmission_loader
[0.659s] [35m[1mConsolidate compiler generated dependencies of target test_simple_transmission_loader[0m
[0.701s] [ 82%] Built target test_simple_transmission_loader
[0.731s] [35m[1mConsolidate compiler generated dependencies of target test_four_bar_linkage_transmission[0m
[0.767s] [ 91%] Built target test_four_bar_linkage_transmission
[0.788s] [35m[1mConsolidate compiler generated dependencies of target test_differential_transmission[0m
[0.826s] [100%] Built target test_differential_transmission
[0.858s] Invoked command in '/workspaces/diffbot/ros2_ws/build/transmission_interface' returned '0': AMENT_PREFIX_PATH=/workspaces/diffbot/ros2_ws/install/control_msgs:${AMENT_PREFIX_PATH} CMAKE_PREFIX_PATH=/workspaces/diffbot/ros2_ws/install/hardware_interface:/workspaces/diffbot/ros2_ws/install/control_msgs:/workspaces/diffbot/ros2_ws/install/gazebo_ros2_control_demos:/workspaces/diffbot/ros2_ws/install/ros2_control:/workspaces/diffbot/ros2_ws/install/transmission_interface:/workspaces/diffbot/ros2_ws/install/ros2_controllers:/workspaces/diffbot/ros2_ws/install/steering_controllers_library:/workspaces/diffbot/ros2_ws/install/ros2_control_demos:/workspaces/diffbot/ros2_ws/install/ros2_control_demo_example_2:/workspaces/diffbot/ros2_ws/install/gazebo_ros2_control:/workspaces/diffbot/ros2_ws/install/diffbot_bringup:/workspaces/diffbot/ros2_ws/install/controller_manager:/workspaces/diffbot/ros2_ws/install/ros2_control_test_assets:/workspaces/diffbot/ros2_ws/install/ros2_control_demo_description:/workspaces/diffbot/ros2_ws/install/joint_state_broadcaster:/workspaces/diffbot/ros2_ws/install/diff_drive_controller:/workspaces/diffbot/ros2_ws/install/realtime_tools:/workspaces/diffbot/ros2_ws/install/position_controllers:/workspaces/diffbot/ros2_ws/install/joint_limits:/workspaces/diffbot/ros2_ws/install/controller_interface:/workspaces/diffbot/ros2_ws/install/controller_manager_msgs:/workspaces/diffbot/ros2_ws/install/rqt_controller_manager:/workspaces/diffbot/ros2_ws/install/ros2controlcli:/workspaces/diffbot/ros2_ws/install/ros2_controllers_test_nodes:/workspaces/diffbot/ros2_ws/install/controller:/opt/ros/humble LD_LIBRARY_PATH=/workspaces/diffbot/ros2_ws/install/hardware_interface/lib:/workspaces/diffbot/ros2_ws/install/control_msgs/lib:/workspaces/diffbot/ros2_ws/install/transmission_interface/lib:/workspaces/diffbot/ros2_ws/install/steering_controllers_library/lib:/workspaces/diffbot/ros2_ws/install/ros2_control_demo_example_2/lib:/workspaces/diffbot/ros2_ws/install/gazebo_ros2_control/lib:/workspaces/diffbot/ros2_ws/install/controller_manager/lib:/workspaces/diffbot/ros2_ws/install/joint_state_broadcaster/lib:/workspaces/diffbot/ros2_ws/install/diff_drive_controller/lib:/workspaces/diffbot/ros2_ws/install/realtime_tools/lib:/workspaces/diffbot/ros2_ws/install/position_controllers/lib:/workspaces/diffbot/ros2_ws/install/controller_interface/lib:/workspaces/diffbot/ros2_ws/install/controller_manager_msgs/lib:/opt/ros/humble/opt/rviz_ogre_vendor/lib:/opt/ros/humble/lib/x86_64-linux-gnu:/opt/ros/humble/lib PYTHONPATH=/workspaces/diffbot/ros2_ws/install/control_msgs/local/lib/python3.10/dist-packages:${PYTHONPATH} /usr/bin/cmake --build /workspaces/diffbot/ros2_ws/build/transmission_interface -- -j8 -l8
[1.035s] Invoking command in '/workspaces/diffbot/ros2_ws/build/transmission_interface': AMENT_PREFIX_PATH=/workspaces/diffbot/ros2_ws/install/control_msgs:${AMENT_PREFIX_PATH} CMAKE_PREFIX_PATH=/workspaces/diffbot/ros2_ws/install/hardware_interface:/workspaces/diffbot/ros2_ws/install/control_msgs:/workspaces/diffbot/ros2_ws/install/gazebo_ros2_control_demos:/workspaces/diffbot/ros2_ws/install/ros2_control:/workspaces/diffbot/ros2_ws/install/transmission_interface:/workspaces/diffbot/ros2_ws/install/ros2_controllers:/workspaces/diffbot/ros2_ws/install/steering_controllers_library:/workspaces/diffbot/ros2_ws/install/ros2_control_demos:/workspaces/diffbot/ros2_ws/install/ros2_control_demo_example_2:/workspaces/diffbot/ros2_ws/install/gazebo_ros2_control:/workspaces/diffbot/ros2_ws/install/diffbot_bringup:/workspaces/diffbot/ros2_ws/install/controller_manager:/workspaces/diffbot/ros2_ws/install/ros2_control_test_assets:/workspaces/diffbot/ros2_ws/install/ros2_control_demo_description:/workspaces/diffbot/ros2_ws/install/joint_state_broadcaster:/workspaces/diffbot/ros2_ws/install/diff_drive_controller:/workspaces/diffbot/ros2_ws/install/realtime_tools:/workspaces/diffbot/ros2_ws/install/position_controllers:/workspaces/diffbot/ros2_ws/install/joint_limits:/workspaces/diffbot/ros2_ws/install/controller_interface:/workspaces/diffbot/ros2_ws/install/controller_manager_msgs:/workspaces/diffbot/ros2_ws/install/rqt_controller_manager:/workspaces/diffbot/ros2_ws/install/ros2controlcli:/workspaces/diffbot/ros2_ws/install/ros2_controllers_test_nodes:/workspaces/diffbot/ros2_ws/install/controller:/opt/ros/humble LD_LIBRARY_PATH=/workspaces/diffbot/ros2_ws/install/hardware_interface/lib:/workspaces/diffbot/ros2_ws/install/control_msgs/lib:/workspaces/diffbot/ros2_ws/install/transmission_interface/lib:/workspaces/diffbot/ros2_ws/install/steering_controllers_library/lib:/workspaces/diffbot/ros2_ws/install/ros2_control_demo_example_2/lib:/workspaces/diffbot/ros2_ws/install/gazebo_ros2_control/lib:/workspaces/diffbot/ros2_ws/install/controller_manager/lib:/workspaces/diffbot/ros2_ws/install/joint_state_broadcaster/lib:/workspaces/diffbot/ros2_ws/install/diff_drive_controller/lib:/workspaces/diffbot/ros2_ws/install/realtime_tools/lib:/workspaces/diffbot/ros2_ws/install/position_controllers/lib:/workspaces/diffbot/ros2_ws/install/controller_interface/lib:/workspaces/diffbot/ros2_ws/install/controller_manager_msgs/lib:/opt/ros/humble/opt/rviz_ogre_vendor/lib:/opt/ros/humble/lib/x86_64-linux-gnu:/opt/ros/humble/lib PYTHONPATH=/workspaces/diffbot/ros2_ws/install/control_msgs/local/lib/python3.10/dist-packages:${PYTHONPATH} /usr/bin/cmake --install /workspaces/diffbot/ros2_ws/build/transmission_interface
[1.049s] -- Install configuration: ""
[1.049s] -- Up-to-date: /workspaces/diffbot/ros2_ws/install/transmission_interface/include
[1.050s] -- Up-to-date: /workspaces/diffbot/ros2_ws/install/transmission_interface/include/transmission_interface
[1.050s] -- Up-to-date: /workspaces/diffbot/ros2_ws/install/transmission_interface/include/transmission_interface/differential_transmission.hpp
[1.050s] -- Up-to-date: /workspaces/diffbot/ros2_ws/install/transmission_interface/include/transmission_interface/handle.hpp
[1.050s] -- Up-to-date: /workspaces/diffbot/ros2_ws/install/transmission_interface/include/transmission_interface/accessor.hpp
[1.051s] -- Up-to-date: /workspaces/diffbot/ros2_ws/install/transmission_interface/include/transmission_interface/visibility_control.h
[1.051s] -- Up-to-date: /workspaces/diffbot/ros2_ws/install/transmission_interface/include/transmission_interface/four_bar_linkage_transmission_loader.hpp
[1.051s] -- Up-to-date: /workspaces/diffbot/ros2_ws/install/transmission_interface/include/transmission_interface/simple_transmission_loader.hpp
[1.051s] -- Up-to-date: /workspaces/diffbot/ros2_ws/install/transmission_interface/include/transmission_interface/transmission.hpp
[1.051s] -- Up-to-date: /workspaces/diffbot/ros2_ws/install/transmission_interface/include/transmission_interface/transmission_loader.hpp
[1.052s] -- Up-to-date: /workspaces/diffbot/ros2_ws/install/transmission_interface/include/transmission_interface/simple_transmission.hpp
[1.052s] -- Up-to-date: /workspaces/diffbot/ros2_ws/install/transmission_interface/include/transmission_interface/differential_transmission_loader.hpp
[1.052s] -- Up-to-date: /workspaces/diffbot/ros2_ws/install/transmission_interface/include/transmission_interface/transmission_interface_exception.hpp
[1.052s] -- Up-to-date: /workspaces/diffbot/ros2_ws/install/transmission_interface/include/transmission_interface/exception.hpp
[1.052s] -- Up-to-date: /workspaces/diffbot/ros2_ws/install/transmission_interface/include/transmission_interface/four_bar_linkage_transmission.hpp
[1.052s] -- Up-to-date: /workspaces/diffbot/ros2_ws/install/transmission_interface/share/transmission_interface/ros2_control_plugins.xml
[1.052s] -- Up-to-date: /workspaces/diffbot/ros2_ws/install/transmission_interface/lib/libtransmission_interface.so
[1.052s] -- Up-to-date: /workspaces/diffbot/ros2_ws/install/transmission_interface/share/transmission_interface/environment/library_path.sh
[1.052s] -- Up-to-date: /workspaces/diffbot/ros2_ws/install/transmission_interface/share/transmission_interface/environment/library_path.dsv
[1.053s] -- Up-to-date: /workspaces/diffbot/ros2_ws/install/transmission_interface/share/ament_index/resource_index/package_run_dependencies/transmission_interface
[1.053s] -- Up-to-date: /workspaces/diffbot/ros2_ws/install/transmission_interface/share/ament_index/resource_index/parent_prefix_path/transmission_interface
[1.053s] -- Up-to-date: /workspaces/diffbot/ros2_ws/install/transmission_interface/share/transmission_interface/environment/ament_prefix_path.sh
[1.053s] -- Up-to-date: /workspaces/diffbot/ros2_ws/install/transmission_interface/share/transmission_interface/environment/ament_prefix_path.dsv
[1.053s] -- Up-to-date: /workspaces/diffbot/ros2_ws/install/transmission_interface/share/transmission_interface/environment/path.sh
[1.053s] -- Up-to-date: /workspaces/diffbot/ros2_ws/install/transmission_interface/share/transmission_interface/environment/path.dsv
[1.053s] -- Up-to-date: /workspaces/diffbot/ros2_ws/install/transmission_interface/share/transmission_interface/local_setup.bash
[1.053s] -- Up-to-date: /workspaces/diffbot/ros2_ws/install/transmission_interface/share/transmission_interface/local_setup.sh
[1.053s] -- Up-to-date: /workspaces/diffbot/ros2_ws/install/transmission_interface/share/transmission_interface/local_setup.zsh
[1.054s] -- Up-to-date: /workspaces/diffbot/ros2_ws/install/transmission_interface/share/transmission_interface/local_setup.dsv
[1.054s] -- Installing: /workspaces/diffbot/ros2_ws/install/transmission_interface/share/transmission_interface/package.dsv
[1.054s] -- Up-to-date: /workspaces/diffbot/ros2_ws/install/transmission_interface/share/ament_index/resource_index/packages/transmission_interface
[1.054s] -- Up-to-date: /workspaces/diffbot/ros2_ws/install/transmission_interface/share/ament_index/resource_index/transmission_interface__pluginlib__plugin/transmission_interface
[1.054s] -- Up-to-date: /workspaces/diffbot/ros2_ws/install/transmission_interface/share/transmission_interface/cmake/ament_cmake_export_include_directories-extras.cmake
[1.054s] -- Up-to-date: /workspaces/diffbot/ros2_ws/install/transmission_interface/share/transmission_interface/cmake/ament_cmake_export_dependencies-extras.cmake
[1.054s] -- Up-to-date: /workspaces/diffbot/ros2_ws/install/transmission_interface/share/transmission_interface/cmake/ament_cmake_export_libraries-extras.cmake
[1.054s] -- Up-to-date: /workspaces/diffbot/ros2_ws/install/transmission_interface/share/transmission_interface/cmake/transmission_interfaceConfig.cmake
[1.055s] -- Up-to-date: /workspaces/diffbot/ros2_ws/install/transmission_interface/share/transmission_interface/cmake/transmission_interfaceConfig-version.cmake
[1.055s] -- Up-to-date: /workspaces/diffbot/ros2_ws/install/transmission_interface/share/transmission_interface/package.xml
[1.059s] Invoked command in '/workspaces/diffbot/ros2_ws/build/transmission_interface' returned '0': AMENT_PREFIX_PATH=/workspaces/diffbot/ros2_ws/install/control_msgs:${AMENT_PREFIX_PATH} CMAKE_PREFIX_PATH=/workspaces/diffbot/ros2_ws/install/hardware_interface:/workspaces/diffbot/ros2_ws/install/control_msgs:/workspaces/diffbot/ros2_ws/install/gazebo_ros2_control_demos:/workspaces/diffbot/ros2_ws/install/ros2_control:/workspaces/diffbot/ros2_ws/install/transmission_interface:/workspaces/diffbot/ros2_ws/install/ros2_controllers:/workspaces/diffbot/ros2_ws/install/steering_controllers_library:/workspaces/diffbot/ros2_ws/install/ros2_control_demos:/workspaces/diffbot/ros2_ws/install/ros2_control_demo_example_2:/workspaces/diffbot/ros2_ws/install/gazebo_ros2_control:/workspaces/diffbot/ros2_ws/install/diffbot_bringup:/workspaces/diffbot/ros2_ws/install/controller_manager:/workspaces/diffbot/ros2_ws/install/ros2_control_test_assets:/workspaces/diffbot/ros2_ws/install/ros2_control_demo_description:/workspaces/diffbot/ros2_ws/install/joint_state_broadcaster:/workspaces/diffbot/ros2_ws/install/diff_drive_controller:/workspaces/diffbot/ros2_ws/install/realtime_tools:/workspaces/diffbot/ros2_ws/install/position_controllers:/workspaces/diffbot/ros2_ws/install/joint_limits:/workspaces/diffbot/ros2_ws/install/controller_interface:/workspaces/diffbot/ros2_ws/install/controller_manager_msgs:/workspaces/diffbot/ros2_ws/install/rqt_controller_manager:/workspaces/diffbot/ros2_ws/install/ros2controlcli:/workspaces/diffbot/ros2_ws/install/ros2_controllers_test_nodes:/workspaces/diffbot/ros2_ws/install/controller:/opt/ros/humble LD_LIBRARY_PATH=/workspaces/diffbot/ros2_ws/install/hardware_interface/lib:/workspaces/diffbot/ros2_ws/install/control_msgs/lib:/workspaces/diffbot/ros2_ws/install/transmission_interface/lib:/workspaces/diffbot/ros2_ws/install/steering_controllers_library/lib:/workspaces/diffbot/ros2_ws/install/ros2_control_demo_example_2/lib:/workspaces/diffbot/ros2_ws/install/gazebo_ros2_control/lib:/workspaces/diffbot/ros2_ws/install/controller_manager/lib:/workspaces/diffbot/ros2_ws/install/joint_state_broadcaster/lib:/workspaces/diffbot/ros2_ws/install/diff_drive_controller/lib:/workspaces/diffbot/ros2_ws/install/realtime_tools/lib:/workspaces/diffbot/ros2_ws/install/position_controllers/lib:/workspaces/diffbot/ros2_ws/install/controller_interface/lib:/workspaces/diffbot/ros2_ws/install/controller_manager_msgs/lib:/opt/ros/humble/opt/rviz_ogre_vendor/lib:/opt/ros/humble/lib/x86_64-linux-gnu:/opt/ros/humble/lib PYTHONPATH=/workspaces/diffbot/ros2_ws/install/control_msgs/local/lib/python3.10/dist-packages:${PYTHONPATH} /usr/bin/cmake --install /workspaces/diffbot/ros2_ws/build/transmission_interface
