[0.042s] Invoking command in '/home/lulav/ros2_ws/build/joint_limits': CMAKE_PREFIX_PATH=/opt/ros/humble /usr/bin/cmake /home/lulav/ros2_ws/src/ros2_control/joint_limits -DAMENT_CMAKE_SYMLINK_INSTALL=1 -DCMAKE_INSTALL_PREFIX=/home/lulav/ros2_ws/install/joint_limits
[0.697s] -- The C compiler identification is GNU 11.4.0
[0.697s] -- The CXX compiler identification is GNU 11.4.0
[0.697s] -- Detecting C compiler ABI info
[0.698s] -- Detecting C compiler ABI info - done
[0.698s] -- Check for working C compiler: /usr/bin/cc - skipped
[0.698s] -- Detecting C compile features
[0.699s] -- Detecting C compile features - done
[0.699s] -- Detecting CXX compiler ABI info
[0.699s] -- Detecting CXX compiler ABI info - done
[0.699s] -- Check for working CXX compiler: /usr/bin/c++ - skipped
[0.699s] -- Detecting CXX compile features
[0.699s] -- Detecting CXX compile features - done
[0.700s] -- Found ament_cmake: 1.3.5 (/opt/ros/humble/share/ament_cmake/cmake)
[1.035s] -- Found Python3: /usr/bin/python3.10 (found version "3.10.12") found components: Interpreter 
[1.149s] -- Override CMake install command with custom implementation using symlinks instead of copying resources
[1.199s] -- Found rclcpp: 16.0.5 (/opt/ros/humble/share/rclcpp/cmake)
[1.290s] -- Found rosidl_generator_c: 3.1.5 (/opt/ros/humble/share/rosidl_generator_c/cmake)
[1.302s] -- Found rosidl_adapter: 3.1.5 (/opt/ros/humble/share/rosidl_adapter/cmake)
[1.321s] -- Found rosidl_generator_cpp: 3.1.5 (/opt/ros/humble/share/rosidl_generator_cpp/cmake)
[1.358s] -- Using all available rosidl_typesupport_c: rosidl_typesupport_fastrtps_c;rosidl_typesupport_introspection_c
[1.411s] -- Using all available rosidl_typesupport_cpp: rosidl_typesupport_fastrtps_cpp;rosidl_typesupport_introspection_cpp
[1.618s] -- Found rmw_implementation_cmake: 6.1.1 (/opt/ros/humble/share/rmw_implementation_cmake/cmake)
[1.624s] -- Found rmw_fastrtps_cpp: 6.2.3 (/opt/ros/humble/share/rmw_fastrtps_cpp/cmake)
[1.854s] -- Found OpenSSL: /usr/lib/x86_64-linux-gnu/libcrypto.so (found version "3.0.2")  
[1.924s] -- Found FastRTPS: /opt/ros/humble/include  
[2.043s] -- Using RMW implementation 'rmw_fastrtps_cpp' as default
[2.065s] -- Looking for pthread.h
[2.212s] -- Looking for pthread.h - found
[2.213s] -- Performing Test CMAKE_HAVE_LIBC_PTHREAD
[2.327s] -- Performing Test CMAKE_HAVE_LIBC_PTHREAD - Success
[2.329s] -- Found Threads: TRUE  
[2.679s] -- Found rclcpp_lifecycle: 16.0.5 (/opt/ros/humble/share/rclcpp_lifecycle/cmake)
[2.751s] -- Found ament_cmake_gtest: 1.3.5 (/opt/ros/humble/share/ament_cmake_gtest/cmake)
[2.754s] -- Found launch_testing_ament_cmake: 1.0.4 (/opt/ros/humble/share/launch_testing_ament_cmake/cmake)
[2.755s] -- Found python_cmake_module: 0.10.0 (/opt/ros/humble/share/python_cmake_module/cmake)
[2.790s] -- Found PythonInterp: /usr/bin/python3 (found suitable version "3.10.12", minimum required is "3.6") 
[2.799s] -- Found PythonLibs: /usr/lib/x86_64-linux-gnu/libpython3.10.so (found suitable version "3.10.12", minimum required is "3.5") 
[2.799s] -- Using PYTHON_EXECUTABLE: /usr/bin/python3
[2.799s] -- Using PYTHON_INCLUDE_DIRS: /usr/include/python3.10
[2.799s] -- Using PYTHON_LIBRARIES: /usr/lib/x86_64-linux-gnu/libpython3.10.so
[2.836s] -- Found PythonExtra: .so  
[2.840s] -- Found gtest sources under '/opt/ros/humble/src/gtest_vendor': C++ tests using 'Google Test' will be built
[2.962s] -- Configuring done
[2.979s] -- Generating done
[2.982s] -- Build files have been written to: /home/lulav/ros2_ws/build/joint_limits
[2.997s] Invoked command in '/home/lulav/ros2_ws/build/joint_limits' returned '0': CMAKE_PREFIX_PATH=/opt/ros/humble /usr/bin/cmake /home/lulav/ros2_ws/src/ros2_control/joint_limits -DAMENT_CMAKE_SYMLINK_INSTALL=1 -DCMAKE_INSTALL_PREFIX=/home/lulav/ros2_ws/install/joint_limits
[3.000s] Invoking command in '/home/lulav/ros2_ws/build/joint_limits': CMAKE_PREFIX_PATH=/opt/ros/humble /usr/bin/cmake --build /home/lulav/ros2_ws/build/joint_limits -- -j8 -l8
[3.078s] [ 16%] [32mBuilding CXX object gtest/CMakeFiles/gtest_main.dir/src/gtest_main.cc.o[0m
[3.081s] [ 33%] [32mBuilding CXX object gtest/CMakeFiles/gtest.dir/src/gtest-all.cc.o[0m
[5.032s] [ 50%] [32m[1mLinking CXX static library libgtest_main.a[0m
[5.371s] [ 50%] Built target gtest_main
[12.763s] [ 66%] [32m[1mLinking CXX static library libgtest.a[0m
[13.031s] [ 66%] Built target gtest
[13.132s] [ 83%] [32mBuilding CXX object CMakeFiles/joint_limits_rosparam_test.dir/test/joint_limits_rosparam_test.cpp.o[0m
[37.987s] [100%] [32m[1mLinking CXX executable joint_limits_rosparam_test[0m
[38.672s] [100%] Built target joint_limits_rosparam_test
[38.733s] Invoked command in '/home/lulav/ros2_ws/build/joint_limits' returned '0': CMAKE_PREFIX_PATH=/opt/ros/humble /usr/bin/cmake --build /home/lulav/ros2_ws/build/joint_limits -- -j8 -l8
[39.086s] Invoking command in '/home/lulav/ros2_ws/build/joint_limits': CMAKE_PREFIX_PATH=/opt/ros/humble /usr/bin/cmake --install /home/lulav/ros2_ws/build/joint_limits
[39.109s] -- Install configuration: ""
[39.110s] -- Execute custom install script
[39.112s] -- Symlinking: /home/lulav/ros2_ws/install/joint_limits/include/joint_limits/joint_limits.hpp
[39.169s] -- Symlinking: /home/lulav/ros2_ws/install/joint_limits/include/joint_limits/joint_limits_rosparam.hpp
[39.213s] -- Symlinking: /home/lulav/ros2_ws/install/joint_limits/lib/joint_limits/joint_limits_rosparam_test
[39.259s] -- Symlinking: /home/lulav/ros2_ws/install/joint_limits/share/joint_limits/test/joint_limits_rosparam.yaml
[39.302s] -- Symlinking: /home/lulav/ros2_ws/install/joint_limits/share/ament_index/resource_index/package_run_dependencies/joint_limits
[39.327s] -- Symlinking: /home/lulav/ros2_ws/install/joint_limits/share/ament_index/resource_index/parent_prefix_path/joint_limits
[39.349s] -- Symlinking: /home/lulav/ros2_ws/install/joint_limits/share/joint_limits/environment/ament_prefix_path.sh
[39.393s] -- Symlinking: /home/lulav/ros2_ws/install/joint_limits/share/joint_limits/environment/ament_prefix_path.dsv
[39.446s] -- Symlinking: /home/lulav/ros2_ws/install/joint_limits/share/joint_limits/environment/path.sh
[39.481s] -- Symlinking: /home/lulav/ros2_ws/install/joint_limits/share/joint_limits/environment/path.dsv
[39.521s] -- Symlinking: /home/lulav/ros2_ws/install/joint_limits/share/joint_limits/local_setup.bash
[39.581s] -- Symlinking: /home/lulav/ros2_ws/install/joint_limits/share/joint_limits/local_setup.sh
[39.608s] -- Symlinking: /home/lulav/ros2_ws/install/joint_limits/share/joint_limits/local_setup.zsh
[39.630s] -- Symlinking: /home/lulav/ros2_ws/install/joint_limits/share/joint_limits/local_setup.dsv
[39.690s] -- Symlinking: /home/lulav/ros2_ws/install/joint_limits/share/joint_limits/package.dsv
[39.721s] -- Symlinking: /home/lulav/ros2_ws/install/joint_limits/share/ament_index/resource_index/packages/joint_limits
[39.758s] -- Symlinking: /home/lulav/ros2_ws/install/joint_limits/share/joint_limits/cmake/ament_cmake_export_dependencies-extras.cmake
[39.787s] -- Symlinking: /home/lulav/ros2_ws/install/joint_limits/share/joint_limits/cmake/ament_cmake_export_include_directories-extras.cmake
[39.826s] -- Symlinking: /home/lulav/ros2_ws/install/joint_limits/share/joint_limits/cmake/joint_limitsConfig.cmake
[39.868s] -- Symlinking: /home/lulav/ros2_ws/install/joint_limits/share/joint_limits/cmake/joint_limitsConfig-version.cmake
[39.906s] -- Symlinking: /home/lulav/ros2_ws/install/joint_limits/share/joint_limits/package.xml
[39.956s] Invoked command in '/home/lulav/ros2_ws/build/joint_limits' returned '0': CMAKE_PREFIX_PATH=/opt/ros/humble /usr/bin/cmake --install /home/lulav/ros2_ws/build/joint_limits
