[0.247s] Invoking command in '/home/lulav/ros2_ws/build/position_controllers': AMENT_PREFIX_PATH=/home/lulav/ros2_ws/install/forward_command_controller:/home/lulav/ros2_ws/install/controller_manager:/home/lulav/ros2_ws/install/controller_interface:/home/lulav/ros2_ws/install/hardware_interface:/home/lulav/ros2_ws/install/ros2_control_test_assets:/home/lulav/ros2_ws/install/realtime_tools:/home/lulav/ros2_ws/install/controller_manager_msgs:/home/lulav/ros2_ws/install/control_msgs:${AMENT_PREFIX_PATH} CMAKE_PREFIX_PATH=/home/lulav/ros2_ws/install/forward_command_controller:/home/lulav/ros2_ws/install/controller_manager:/home/lulav/ros2_ws/install/controller_interface:/home/lulav/ros2_ws/install/hardware_interface:/home/lulav/ros2_ws/install/ros2_control_test_assets:/home/lulav/ros2_ws/install/realtime_tools:/home/lulav/ros2_ws/install/controller_manager_msgs:/home/lulav/ros2_ws/install/control_msgs:/opt/ros/humble LD_LIBRARY_PATH=/home/lulav/ros2_ws/install/forward_command_controller/lib:/home/lulav/ros2_ws/install/controller_manager/lib:/home/lulav/ros2_ws/install/controller_interface/lib:/home/lulav/ros2_ws/install/hardware_interface/lib:/home/lulav/ros2_ws/install/realtime_tools/lib:/home/lulav/ros2_ws/install/controller_manager_msgs/lib:/home/lulav/ros2_ws/install/control_msgs/lib:${LD_LIBRARY_PATH} PYTHONPATH=/home/lulav/ros2_ws/install/controller_manager/local/lib/python3.10/dist-packages:/home/lulav/ros2_ws/install/controller_manager_msgs/local/lib/python3.10/dist-packages:/home/lulav/ros2_ws/install/control_msgs/local/lib/python3.10/dist-packages:${PYTHONPATH} /usr/bin/cmake --build /home/lulav/ros2_ws/build/position_controllers -- -j8 -l8
[0.426s] [ 18%] Built target position_controllers
[0.445s] [ 45%] Built target gmock
[0.446s] [ 63%] Built target gmock_main
[0.528s] [ 81%] Built target test_joint_group_position_controller
[0.538s] [100%] Built target test_load_joint_group_position_controller
[0.845s] Invoked command in '/home/lulav/ros2_ws/build/position_controllers' returned '0': AMENT_PREFIX_PATH=/home/lulav/ros2_ws/install/forward_command_controller:/home/lulav/ros2_ws/install/controller_manager:/home/lulav/ros2_ws/install/controller_interface:/home/lulav/ros2_ws/install/hardware_interface:/home/lulav/ros2_ws/install/ros2_control_test_assets:/home/lulav/ros2_ws/install/realtime_tools:/home/lulav/ros2_ws/install/controller_manager_msgs:/home/lulav/ros2_ws/install/control_msgs:${AMENT_PREFIX_PATH} CMAKE_PREFIX_PATH=/home/lulav/ros2_ws/install/forward_command_controller:/home/lulav/ros2_ws/install/controller_manager:/home/lulav/ros2_ws/install/controller_interface:/home/lulav/ros2_ws/install/hardware_interface:/home/lulav/ros2_ws/install/ros2_control_test_assets:/home/lulav/ros2_ws/install/realtime_tools:/home/lulav/ros2_ws/install/controller_manager_msgs:/home/lulav/ros2_ws/install/control_msgs:/opt/ros/humble LD_LIBRARY_PATH=/home/lulav/ros2_ws/install/forward_command_controller/lib:/home/lulav/ros2_ws/install/controller_manager/lib:/home/lulav/ros2_ws/install/controller_interface/lib:/home/lulav/ros2_ws/install/hardware_interface/lib:/home/lulav/ros2_ws/install/realtime_tools/lib:/home/lulav/ros2_ws/install/controller_manager_msgs/lib:/home/lulav/ros2_ws/install/control_msgs/lib:${LD_LIBRARY_PATH} PYTHONPATH=/home/lulav/ros2_ws/install/controller_manager/local/lib/python3.10/dist-packages:/home/lulav/ros2_ws/install/controller_manager_msgs/local/lib/python3.10/dist-packages:/home/lulav/ros2_ws/install/control_msgs/local/lib/python3.10/dist-packages:${PYTHONPATH} /usr/bin/cmake --build /home/lulav/ros2_ws/build/position_controllers -- -j8 -l8
[0.972s] Invoking command in '/home/lulav/ros2_ws/build/position_controllers': AMENT_PREFIX_PATH=/home/lulav/ros2_ws/install/forward_command_controller:/home/lulav/ros2_ws/install/controller_manager:/home/lulav/ros2_ws/install/controller_interface:/home/lulav/ros2_ws/install/hardware_interface:/home/lulav/ros2_ws/install/ros2_control_test_assets:/home/lulav/ros2_ws/install/realtime_tools:/home/lulav/ros2_ws/install/controller_manager_msgs:/home/lulav/ros2_ws/install/control_msgs:${AMENT_PREFIX_PATH} CMAKE_PREFIX_PATH=/home/lulav/ros2_ws/install/forward_command_controller:/home/lulav/ros2_ws/install/controller_manager:/home/lulav/ros2_ws/install/controller_interface:/home/lulav/ros2_ws/install/hardware_interface:/home/lulav/ros2_ws/install/ros2_control_test_assets:/home/lulav/ros2_ws/install/realtime_tools:/home/lulav/ros2_ws/install/controller_manager_msgs:/home/lulav/ros2_ws/install/control_msgs:/opt/ros/humble LD_LIBRARY_PATH=/home/lulav/ros2_ws/install/forward_command_controller/lib:/home/lulav/ros2_ws/install/controller_manager/lib:/home/lulav/ros2_ws/install/controller_interface/lib:/home/lulav/ros2_ws/install/hardware_interface/lib:/home/lulav/ros2_ws/install/realtime_tools/lib:/home/lulav/ros2_ws/install/controller_manager_msgs/lib:/home/lulav/ros2_ws/install/control_msgs/lib:${LD_LIBRARY_PATH} PYTHONPATH=/home/lulav/ros2_ws/install/controller_manager/local/lib/python3.10/dist-packages:/home/lulav/ros2_ws/install/controller_manager_msgs/local/lib/python3.10/dist-packages:/home/lulav/ros2_ws/install/control_msgs/local/lib/python3.10/dist-packages:${PYTHONPATH} /usr/bin/cmake --install /home/lulav/ros2_ws/build/position_controllers
[1.000s] -- Install configuration: ""
[1.003s] -- Execute custom install script
[1.021s] -- Up-to-date symlink: /home/lulav/ros2_ws/install/position_controllers/share/position_controllers//position_controllers_plugins.xml
[1.022s] -- Up-to-date symlink: /home/lulav/ros2_ws/install/position_controllers/include/position_controllers/position_controllers/joint_group_position_controller.hpp
[1.022s] -- Up-to-date symlink: /home/lulav/ros2_ws/install/position_controllers/include/position_controllers/position_controllers/visibility_control.h
[1.023s] -- Up-to-date symlink: /home/lulav/ros2_ws/install/position_controllers/share/position_controllers/environment/library_path.sh
[1.023s] -- Up-to-date symlink: /home/lulav/ros2_ws/install/position_controllers/share/position_controllers/environment/library_path.dsv
[1.023s] -- Up-to-date symlink: /home/lulav/ros2_ws/install/position_controllers/share/ament_index/resource_index/package_run_dependencies/position_controllers
[1.024s] -- Up-to-date symlink: /home/lulav/ros2_ws/install/position_controllers/share/ament_index/resource_index/parent_prefix_path/position_controllers
[1.024s] -- Up-to-date symlink: /home/lulav/ros2_ws/install/position_controllers/share/position_controllers/environment/ament_prefix_path.sh
[1.025s] -- Up-to-date symlink: /home/lulav/ros2_ws/install/position_controllers/share/position_controllers/environment/ament_prefix_path.dsv
[1.025s] -- Up-to-date symlink: /home/lulav/ros2_ws/install/position_controllers/share/position_controllers/environment/path.sh
[1.025s] -- Up-to-date symlink: /home/lulav/ros2_ws/install/position_controllers/share/position_controllers/environment/path.dsv
[1.026s] -- Up-to-date symlink: /home/lulav/ros2_ws/install/position_controllers/share/position_controllers/local_setup.bash
[1.026s] -- Up-to-date symlink: /home/lulav/ros2_ws/install/position_controllers/share/position_controllers/local_setup.sh
[1.026s] -- Up-to-date symlink: /home/lulav/ros2_ws/install/position_controllers/share/position_controllers/local_setup.zsh
[1.027s] -- Up-to-date symlink: /home/lulav/ros2_ws/install/position_controllers/share/position_controllers/local_setup.dsv
[1.027s] -- Symlinking: /home/lulav/ros2_ws/install/position_controllers/share/position_controllers/package.dsv
[1.075s] -- Up-to-date symlink: /home/lulav/ros2_ws/install/position_controllers/share/ament_index/resource_index/packages/position_controllers
[1.075s] -- Up-to-date symlink: /home/lulav/ros2_ws/install/position_controllers/share/ament_index/resource_index/controller_interface__pluginlib__plugin/position_controllers
[1.075s] -- Up-to-date symlink: /home/lulav/ros2_ws/install/position_controllers/share/position_controllers/cmake/ament_cmake_export_targets-extras.cmake
[1.076s] -- Up-to-date symlink: /home/lulav/ros2_ws/install/position_controllers/share/position_controllers/cmake/ament_cmake_export_dependencies-extras.cmake
[1.076s] -- Up-to-date symlink: /home/lulav/ros2_ws/install/position_controllers/share/position_controllers/cmake/position_controllersConfig.cmake
[1.076s] -- Up-to-date symlink: /home/lulav/ros2_ws/install/position_controllers/share/position_controllers/cmake/position_controllersConfig-version.cmake
[1.076s] -- Up-to-date symlink: /home/lulav/ros2_ws/install/position_controllers/share/position_controllers/package.xml
[1.076s] -- Up-to-date: /home/lulav/ros2_ws/install/position_controllers/lib/libposition_controllers.so
[1.077s] -- Up-to-date: /home/lulav/ros2_ws/install/position_controllers/share/position_controllers/cmake/export_position_controllersExport.cmake
[1.077s] -- Up-to-date: /home/lulav/ros2_ws/install/position_controllers/share/position_controllers/cmake/export_position_controllersExport-noconfig.cmake
[1.121s] Invoked command in '/home/lulav/ros2_ws/build/position_controllers' returned '0': AMENT_PREFIX_PATH=/home/lulav/ros2_ws/install/forward_command_controller:/home/lulav/ros2_ws/install/controller_manager:/home/lulav/ros2_ws/install/controller_interface:/home/lulav/ros2_ws/install/hardware_interface:/home/lulav/ros2_ws/install/ros2_control_test_assets:/home/lulav/ros2_ws/install/realtime_tools:/home/lulav/ros2_ws/install/controller_manager_msgs:/home/lulav/ros2_ws/install/control_msgs:${AMENT_PREFIX_PATH} CMAKE_PREFIX_PATH=/home/lulav/ros2_ws/install/forward_command_controller:/home/lulav/ros2_ws/install/controller_manager:/home/lulav/ros2_ws/install/controller_interface:/home/lulav/ros2_ws/install/hardware_interface:/home/lulav/ros2_ws/install/ros2_control_test_assets:/home/lulav/ros2_ws/install/realtime_tools:/home/lulav/ros2_ws/install/controller_manager_msgs:/home/lulav/ros2_ws/install/control_msgs:/opt/ros/humble LD_LIBRARY_PATH=/home/lulav/ros2_ws/install/forward_command_controller/lib:/home/lulav/ros2_ws/install/controller_manager/lib:/home/lulav/ros2_ws/install/controller_interface/lib:/home/lulav/ros2_ws/install/hardware_interface/lib:/home/lulav/ros2_ws/install/realtime_tools/lib:/home/lulav/ros2_ws/install/controller_manager_msgs/lib:/home/lulav/ros2_ws/install/control_msgs/lib:${LD_LIBRARY_PATH} PYTHONPATH=/home/lulav/ros2_ws/install/controller_manager/local/lib/python3.10/dist-packages:/home/lulav/ros2_ws/install/controller_manager_msgs/local/lib/python3.10/dist-packages:/home/lulav/ros2_ws/install/control_msgs/local/lib/python3.10/dist-packages:${PYTHONPATH} /usr/bin/cmake --install /home/lulav/ros2_ws/build/position_controllers
