[0.229s] Invoking command in '/home/lulav/ros2_ws/build/bicycle_steering_controller': AMENT_PREFIX_PATH=/home/lulav/ros2_ws/install/steering_controllers_library:/home/lulav/ros2_ws/install/controller_manager:/home/lulav/ros2_ws/install/controller_interface:/home/lulav/ros2_ws/install/hardware_interface:/home/lulav/ros2_ws/install/ros2_control_test_assets:/home/lulav/ros2_ws/install/realtime_tools:/home/lulav/ros2_ws/install/controller_manager_msgs:/home/lulav/ros2_ws/install/control_msgs:${AMENT_PREFIX_PATH} CMAKE_PREFIX_PATH=/home/lulav/ros2_ws/install/steering_controllers_library:/home/lulav/ros2_ws/install/controller_manager:/home/lulav/ros2_ws/install/controller_interface:/home/lulav/ros2_ws/install/hardware_interface:/home/lulav/ros2_ws/install/ros2_control_test_assets:/home/lulav/ros2_ws/install/realtime_tools:/home/lulav/ros2_ws/install/controller_manager_msgs:/home/lulav/ros2_ws/install/control_msgs:/opt/ros/humble LD_LIBRARY_PATH=/home/lulav/ros2_ws/install/steering_controllers_library/lib:/home/lulav/ros2_ws/install/controller_manager/lib:/home/lulav/ros2_ws/install/controller_interface/lib:/home/lulav/ros2_ws/install/hardware_interface/lib:/home/lulav/ros2_ws/install/realtime_tools/lib:/home/lulav/ros2_ws/install/controller_manager_msgs/lib:/home/lulav/ros2_ws/install/control_msgs/lib:${LD_LIBRARY_PATH} PYTHONPATH=/home/lulav/ros2_ws/install/controller_manager/local/lib/python3.10/dist-packages:/home/lulav/ros2_ws/install/controller_manager_msgs/local/lib/python3.10/dist-packages:/home/lulav/ros2_ws/install/control_msgs/local/lib/python3.10/dist-packages:${PYTHONPATH} /usr/bin/cmake /home/lulav/ros2_ws/src/ros2_controllers/bicycle_steering_controller -DCMAKE_INSTALL_PREFIX=/home/lulav/ros2_ws/install/bicycle_steering_controller
[0.307s] -- Found ament_cmake: 1.3.5 (/opt/ros/humble/share/ament_cmake/cmake)
[0.837s] -- Override CMake install command with custom implementation using symlinks instead of copying resources
[0.867s] -- Found backward_ros: 1.0.2 (/opt/ros/humble/share/backward_ros/cmake)
[0.901s] -- Could NOT find libbfd (missing: LIBBFD_LIBRARY LIBBFD_INCLUDE_DIR) 
[0.902s] -- BACKWARD_HAS_UNWIND=1
[0.902s] -- BACKWARD_HAS_BACKTRACE=0
[0.902s] -- BACKWARD_HAS_BACKTRACE_SYMBOL=0
[0.903s] -- BACKWARD_HAS_DW=1
[0.903s] -- BACKWARD_HAS_BFD=0
[0.905s] -- Found Backward: /opt/ros/humble/share/backward_ros/cmake  
[0.907s] -- Found controller_interface: 2.29.0 (/home/lulav/ros2_ws/install/controller_interface/share/controller_interface/cmake)
[0.976s] -- Found rosidl_generator_c: 3.1.5 (/opt/ros/humble/share/rosidl_generator_c/cmake)
[0.983s] -- Found rosidl_adapter: 3.1.5 (/opt/ros/humble/share/rosidl_adapter/cmake)
[1.017s] -- Found rosidl_generator_cpp: 3.1.5 (/opt/ros/humble/share/rosidl_generator_cpp/cmake)
[1.085s] -- Using all available rosidl_typesupport_c: rosidl_typesupport_fastrtps_c;rosidl_typesupport_introspection_c
[1.126s] -- Using all available rosidl_typesupport_cpp: rosidl_typesupport_fastrtps_cpp;rosidl_typesupport_introspection_cpp
[3.127s] -- Found rmw_implementation_cmake: 6.1.1 (/opt/ros/humble/share/rmw_implementation_cmake/cmake)
[3.131s] -- Found rmw_fastrtps_cpp: 6.2.3 (/opt/ros/humble/share/rmw_fastrtps_cpp/cmake)
[3.609s] -- Using RMW implementation 'rmw_fastrtps_cpp' as default
[4.410s] -- Found generate_parameter_library: 0.3.3 (/opt/ros/humble/share/generate_parameter_library/cmake)
[4.412s] -- Found parameter_traits: 0.3.3 (/opt/ros/humble/share/parameter_traits/cmake)
[4.461s] -- Found realtime_tools: 2.5.0 (/home/lulav/ros2_ws/install/realtime_tools/share/realtime_tools/cmake)
[4.572s] -- Found std_srvs: 4.2.3 (/opt/ros/humble/share/std_srvs/cmake)
[4.627s] -- Found steering_controllers_library: 2.24.0 (/home/lulav/ros2_ws/install/steering_controllers_library/share/steering_controllers_library/cmake)
[6.502s] -- Found eigen3_cmake_module: 0.1.1 (/opt/ros/humble/share/eigen3_cmake_module/cmake)
[6.517s] -- Ensuring Eigen3 include directory is part of orocos-kdl CMake target
[8.354s] -- Found ament_cmake_gmock: 1.3.5 (/opt/ros/humble/share/ament_cmake_gmock/cmake)
[8.354s] -- Found controller_manager: 2.29.0 (/home/lulav/ros2_ws/install/controller_manager/share/controller_manager/cmake)
[9.560s] -- Found ros2_control_test_assets: 2.29.0 (/home/lulav/ros2_ws/install/ros2_control_test_assets/share/ros2_control_test_assets/cmake)
[9.564s] -- Found gmock sources under '/opt/ros/humble/src/gmock_vendor': C++ tests using 'Google Mock' will be built
[9.573s] -- Found ament_cmake_gtest: 1.3.5 (/opt/ros/humble/share/ament_cmake_gtest/cmake)
[9.575s] -- Found gtest sources under '/opt/ros/humble/src/gtest_vendor': C++ tests using 'Google Test' will be built
[11.219s] -- Found gmock sources under '/opt/ros/humble/src/gmock_vendor': C++ tests using 'Google Mock' will be built
[11.219s] -- Found ament_cmake_gtest: 1.3.5 (/opt/ros/humble/share/ament_cmake_gtest/cmake)
[11.221s] -- Found gtest sources under '/opt/ros/humble/src/gtest_vendor': C++ tests using 'Google Test' will be built
[11.956s] -- Found gmock sources under '/opt/ros/humble/src/gmock_vendor': C++ tests using 'Google Mock' will be built
[11.957s] -- Found ament_cmake_gtest: 1.3.5 (/opt/ros/humble/share/ament_cmake_gtest/cmake)
[11.961s] -- Found gtest sources under '/opt/ros/humble/src/gtest_vendor': C++ tests using 'Google Test' will be built
[12.915s] -- Configuring done
[13.193s] -- Generating done
[13.202s] -- Build files have been written to: /home/lulav/ros2_ws/build/bicycle_steering_controller
[13.231s] Invoked command in '/home/lulav/ros2_ws/build/bicycle_steering_controller' returned '0': AMENT_PREFIX_PATH=/home/lulav/ros2_ws/install/steering_controllers_library:/home/lulav/ros2_ws/install/controller_manager:/home/lulav/ros2_ws/install/controller_interface:/home/lulav/ros2_ws/install/hardware_interface:/home/lulav/ros2_ws/install/ros2_control_test_assets:/home/lulav/ros2_ws/install/realtime_tools:/home/lulav/ros2_ws/install/controller_manager_msgs:/home/lulav/ros2_ws/install/control_msgs:${AMENT_PREFIX_PATH} CMAKE_PREFIX_PATH=/home/lulav/ros2_ws/install/steering_controllers_library:/home/lulav/ros2_ws/install/controller_manager:/home/lulav/ros2_ws/install/controller_interface:/home/lulav/ros2_ws/install/hardware_interface:/home/lulav/ros2_ws/install/ros2_control_test_assets:/home/lulav/ros2_ws/install/realtime_tools:/home/lulav/ros2_ws/install/controller_manager_msgs:/home/lulav/ros2_ws/install/control_msgs:/opt/ros/humble LD_LIBRARY_PATH=/home/lulav/ros2_ws/install/steering_controllers_library/lib:/home/lulav/ros2_ws/install/controller_manager/lib:/home/lulav/ros2_ws/install/controller_interface/lib:/home/lulav/ros2_ws/install/hardware_interface/lib:/home/lulav/ros2_ws/install/realtime_tools/lib:/home/lulav/ros2_ws/install/controller_manager_msgs/lib:/home/lulav/ros2_ws/install/control_msgs/lib:${LD_LIBRARY_PATH} PYTHONPATH=/home/lulav/ros2_ws/install/controller_manager/local/lib/python3.10/dist-packages:/home/lulav/ros2_ws/install/controller_manager_msgs/local/lib/python3.10/dist-packages:/home/lulav/ros2_ws/install/control_msgs/local/lib/python3.10/dist-packages:${PYTHONPATH} /usr/bin/cmake /home/lulav/ros2_ws/src/ros2_controllers/bicycle_steering_controller -DCMAKE_INSTALL_PREFIX=/home/lulav/ros2_ws/install/bicycle_steering_controller
[13.232s] Invoking command in '/home/lulav/ros2_ws/build/bicycle_steering_controller': AMENT_PREFIX_PATH=/home/lulav/ros2_ws/install/steering_controllers_library:/home/lulav/ros2_ws/install/controller_manager:/home/lulav/ros2_ws/install/controller_interface:/home/lulav/ros2_ws/install/hardware_interface:/home/lulav/ros2_ws/install/ros2_control_test_assets:/home/lulav/ros2_ws/install/realtime_tools:/home/lulav/ros2_ws/install/controller_manager_msgs:/home/lulav/ros2_ws/install/control_msgs:${AMENT_PREFIX_PATH} CMAKE_PREFIX_PATH=/home/lulav/ros2_ws/install/steering_controllers_library:/home/lulav/ros2_ws/install/controller_manager:/home/lulav/ros2_ws/install/controller_interface:/home/lulav/ros2_ws/install/hardware_interface:/home/lulav/ros2_ws/install/ros2_control_test_assets:/home/lulav/ros2_ws/install/realtime_tools:/home/lulav/ros2_ws/install/controller_manager_msgs:/home/lulav/ros2_ws/install/control_msgs:/opt/ros/humble LD_LIBRARY_PATH=/home/lulav/ros2_ws/install/steering_controllers_library/lib:/home/lulav/ros2_ws/install/controller_manager/lib:/home/lulav/ros2_ws/install/controller_interface/lib:/home/lulav/ros2_ws/install/hardware_interface/lib:/home/lulav/ros2_ws/install/realtime_tools/lib:/home/lulav/ros2_ws/install/controller_manager_msgs/lib:/home/lulav/ros2_ws/install/control_msgs/lib:${LD_LIBRARY_PATH} PYTHONPATH=/home/lulav/ros2_ws/install/controller_manager/local/lib/python3.10/dist-packages:/home/lulav/ros2_ws/install/controller_manager_msgs/local/lib/python3.10/dist-packages:/home/lulav/ros2_ws/install/control_msgs/local/lib/python3.10/dist-packages:${PYTHONPATH} /usr/bin/cmake --build /home/lulav/ros2_ws/build/bicycle_steering_controller -- -j8 -l8
[13.459s] [  8%] Built target bicycle_steering_controller_parameters
[13.499s] [35m[1mConsolidate compiler generated dependencies of target gmock[0m
[13.558s] [ 33%] Built target gmock
[13.595s] [35m[1mConsolidate compiler generated dependencies of target bicycle_steering_controller[0m
[13.663s] [ 50%] Built target bicycle_steering_controller
[13.707s] [35m[1mConsolidate compiler generated dependencies of target test_load_bicycle_steering_controller[0m
[13.763s] [ 66%] Built target test_load_bicycle_steering_controller
[13.816s] [35m[1mConsolidate compiler generated dependencies of target test_bicycle_steering_controller_preceeding[0m
[13.899s] [ 83%] Built target test_bicycle_steering_controller_preceeding
[13.942s] [35m[1mConsolidate compiler generated dependencies of target test_bicycle_steering_controller[0m
[14.012s] [100%] Built target test_bicycle_steering_controller
[14.043s] Invoked command in '/home/lulav/ros2_ws/build/bicycle_steering_controller' returned '0': AMENT_PREFIX_PATH=/home/lulav/ros2_ws/install/steering_controllers_library:/home/lulav/ros2_ws/install/controller_manager:/home/lulav/ros2_ws/install/controller_interface:/home/lulav/ros2_ws/install/hardware_interface:/home/lulav/ros2_ws/install/ros2_control_test_assets:/home/lulav/ros2_ws/install/realtime_tools:/home/lulav/ros2_ws/install/controller_manager_msgs:/home/lulav/ros2_ws/install/control_msgs:${AMENT_PREFIX_PATH} CMAKE_PREFIX_PATH=/home/lulav/ros2_ws/install/steering_controllers_library:/home/lulav/ros2_ws/install/controller_manager:/home/lulav/ros2_ws/install/controller_interface:/home/lulav/ros2_ws/install/hardware_interface:/home/lulav/ros2_ws/install/ros2_control_test_assets:/home/lulav/ros2_ws/install/realtime_tools:/home/lulav/ros2_ws/install/controller_manager_msgs:/home/lulav/ros2_ws/install/control_msgs:/opt/ros/humble LD_LIBRARY_PATH=/home/lulav/ros2_ws/install/steering_controllers_library/lib:/home/lulav/ros2_ws/install/controller_manager/lib:/home/lulav/ros2_ws/install/controller_interface/lib:/home/lulav/ros2_ws/install/hardware_interface/lib:/home/lulav/ros2_ws/install/realtime_tools/lib:/home/lulav/ros2_ws/install/controller_manager_msgs/lib:/home/lulav/ros2_ws/install/control_msgs/lib:${LD_LIBRARY_PATH} PYTHONPATH=/home/lulav/ros2_ws/install/controller_manager/local/lib/python3.10/dist-packages:/home/lulav/ros2_ws/install/controller_manager_msgs/local/lib/python3.10/dist-packages:/home/lulav/ros2_ws/install/control_msgs/local/lib/python3.10/dist-packages:${PYTHONPATH} /usr/bin/cmake --build /home/lulav/ros2_ws/build/bicycle_steering_controller -- -j8 -l8
[14.157s] Invoking command in '/home/lulav/ros2_ws/build/bicycle_steering_controller': AMENT_PREFIX_PATH=/home/lulav/ros2_ws/install/steering_controllers_library:/home/lulav/ros2_ws/install/controller_manager:/home/lulav/ros2_ws/install/controller_interface:/home/lulav/ros2_ws/install/hardware_interface:/home/lulav/ros2_ws/install/ros2_control_test_assets:/home/lulav/ros2_ws/install/realtime_tools:/home/lulav/ros2_ws/install/controller_manager_msgs:/home/lulav/ros2_ws/install/control_msgs:${AMENT_PREFIX_PATH} CMAKE_PREFIX_PATH=/home/lulav/ros2_ws/install/steering_controllers_library:/home/lulav/ros2_ws/install/controller_manager:/home/lulav/ros2_ws/install/controller_interface:/home/lulav/ros2_ws/install/hardware_interface:/home/lulav/ros2_ws/install/ros2_control_test_assets:/home/lulav/ros2_ws/install/realtime_tools:/home/lulav/ros2_ws/install/controller_manager_msgs:/home/lulav/ros2_ws/install/control_msgs:/opt/ros/humble LD_LIBRARY_PATH=/home/lulav/ros2_ws/install/steering_controllers_library/lib:/home/lulav/ros2_ws/install/controller_manager/lib:/home/lulav/ros2_ws/install/controller_interface/lib:/home/lulav/ros2_ws/install/hardware_interface/lib:/home/lulav/ros2_ws/install/realtime_tools/lib:/home/lulav/ros2_ws/install/controller_manager_msgs/lib:/home/lulav/ros2_ws/install/control_msgs/lib:${LD_LIBRARY_PATH} PYTHONPATH=/home/lulav/ros2_ws/install/controller_manager/local/lib/python3.10/dist-packages:/home/lulav/ros2_ws/install/controller_manager_msgs/local/lib/python3.10/dist-packages:/home/lulav/ros2_ws/install/control_msgs/local/lib/python3.10/dist-packages:${PYTHONPATH} /usr/bin/cmake --install /home/lulav/ros2_ws/build/bicycle_steering_controller
[14.174s] -- Install configuration: ""
[14.180s] -- Execute custom install script
[14.180s] -- Up-to-date symlink: /home/lulav/ros2_ws/install/bicycle_steering_controller/include/bicycle_steering_controller_parameters/bicycle_steering_controller_parameters.hpp
[14.180s] -- Up-to-date symlink: /home/lulav/ros2_ws/install/bicycle_steering_controller/share/bicycle_steering_controller//bicycle_steering_controller.xml
[14.181s] -- Up-to-date symlink: /home/lulav/ros2_ws/install/bicycle_steering_controller/include/bicycle_steering_controller/bicycle_steering_controller/bicycle_steering_controller.hpp
[14.181s] -- Up-to-date symlink: /home/lulav/ros2_ws/install/bicycle_steering_controller/include/bicycle_steering_controller/bicycle_steering_controller/visibility_control.h
[14.181s] -- Up-to-date symlink: /home/lulav/ros2_ws/install/bicycle_steering_controller/share/bicycle_steering_controller/environment/library_path.sh
[14.181s] -- Up-to-date symlink: /home/lulav/ros2_ws/install/bicycle_steering_controller/share/bicycle_steering_controller/environment/library_path.dsv
[14.181s] -- Up-to-date symlink: /home/lulav/ros2_ws/install/bicycle_steering_controller/share/ament_index/resource_index/package_run_dependencies/bicycle_steering_controller
[14.181s] -- Up-to-date symlink: /home/lulav/ros2_ws/install/bicycle_steering_controller/share/ament_index/resource_index/parent_prefix_path/bicycle_steering_controller
[14.182s] -- Up-to-date symlink: /home/lulav/ros2_ws/install/bicycle_steering_controller/share/bicycle_steering_controller/environment/ament_prefix_path.sh
[14.182s] -- Up-to-date symlink: /home/lulav/ros2_ws/install/bicycle_steering_controller/share/bicycle_steering_controller/environment/ament_prefix_path.dsv
[14.182s] -- Up-to-date symlink: /home/lulav/ros2_ws/install/bicycle_steering_controller/share/bicycle_steering_controller/environment/path.sh
[14.182s] -- Up-to-date symlink: /home/lulav/ros2_ws/install/bicycle_steering_controller/share/bicycle_steering_controller/environment/path.dsv
[14.182s] -- Up-to-date symlink: /home/lulav/ros2_ws/install/bicycle_steering_controller/share/bicycle_steering_controller/local_setup.bash
[14.183s] -- Up-to-date symlink: /home/lulav/ros2_ws/install/bicycle_steering_controller/share/bicycle_steering_controller/local_setup.sh
[14.183s] -- Up-to-date symlink: /home/lulav/ros2_ws/install/bicycle_steering_controller/share/bicycle_steering_controller/local_setup.zsh
[14.183s] -- Up-to-date symlink: /home/lulav/ros2_ws/install/bicycle_steering_controller/share/bicycle_steering_controller/local_setup.dsv
[14.183s] -- Symlinking: /home/lulav/ros2_ws/install/bicycle_steering_controller/share/bicycle_steering_controller/package.dsv
[14.199s] -- Up-to-date symlink: /home/lulav/ros2_ws/install/bicycle_steering_controller/share/ament_index/resource_index/packages/bicycle_steering_controller
[14.199s] -- Up-to-date symlink: /home/lulav/ros2_ws/install/bicycle_steering_controller/share/ament_index/resource_index/controller_interface__pluginlib__plugin/bicycle_steering_controller
[14.200s] -- Up-to-date symlink: /home/lulav/ros2_ws/install/bicycle_steering_controller/share/bicycle_steering_controller/cmake/ament_cmake_export_targets-extras.cmake
[14.200s] -- Up-to-date symlink: /home/lulav/ros2_ws/install/bicycle_steering_controller/share/bicycle_steering_controller/cmake/ament_cmake_export_dependencies-extras.cmake
[14.201s] -- Up-to-date symlink: /home/lulav/ros2_ws/install/bicycle_steering_controller/share/bicycle_steering_controller/cmake/bicycle_steering_controllerConfig.cmake
[14.201s] -- Up-to-date symlink: /home/lulav/ros2_ws/install/bicycle_steering_controller/share/bicycle_steering_controller/cmake/bicycle_steering_controllerConfig-version.cmake
[14.201s] -- Up-to-date symlink: /home/lulav/ros2_ws/install/bicycle_steering_controller/share/bicycle_steering_controller/package.xml
[14.205s] -- Up-to-date: /home/lulav/ros2_ws/install/bicycle_steering_controller/lib/libbicycle_steering_controller.so
[14.206s] -- Up-to-date: /home/lulav/ros2_ws/install/bicycle_steering_controller/share/bicycle_steering_controller/cmake/export_bicycle_steering_controllerExport.cmake
[14.206s] -- Up-to-date: /home/lulav/ros2_ws/install/bicycle_steering_controller/share/bicycle_steering_controller/cmake/export_bicycle_steering_controllerExport-noconfig.cmake
[14.221s] Invoked command in '/home/lulav/ros2_ws/build/bicycle_steering_controller' returned '0': AMENT_PREFIX_PATH=/home/lulav/ros2_ws/install/steering_controllers_library:/home/lulav/ros2_ws/install/controller_manager:/home/lulav/ros2_ws/install/controller_interface:/home/lulav/ros2_ws/install/hardware_interface:/home/lulav/ros2_ws/install/ros2_control_test_assets:/home/lulav/ros2_ws/install/realtime_tools:/home/lulav/ros2_ws/install/controller_manager_msgs:/home/lulav/ros2_ws/install/control_msgs:${AMENT_PREFIX_PATH} CMAKE_PREFIX_PATH=/home/lulav/ros2_ws/install/steering_controllers_library:/home/lulav/ros2_ws/install/controller_manager:/home/lulav/ros2_ws/install/controller_interface:/home/lulav/ros2_ws/install/hardware_interface:/home/lulav/ros2_ws/install/ros2_control_test_assets:/home/lulav/ros2_ws/install/realtime_tools:/home/lulav/ros2_ws/install/controller_manager_msgs:/home/lulav/ros2_ws/install/control_msgs:/opt/ros/humble LD_LIBRARY_PATH=/home/lulav/ros2_ws/install/steering_controllers_library/lib:/home/lulav/ros2_ws/install/controller_manager/lib:/home/lulav/ros2_ws/install/controller_interface/lib:/home/lulav/ros2_ws/install/hardware_interface/lib:/home/lulav/ros2_ws/install/realtime_tools/lib:/home/lulav/ros2_ws/install/controller_manager_msgs/lib:/home/lulav/ros2_ws/install/control_msgs/lib:${LD_LIBRARY_PATH} PYTHONPATH=/home/lulav/ros2_ws/install/controller_manager/local/lib/python3.10/dist-packages:/home/lulav/ros2_ws/install/controller_manager_msgs/local/lib/python3.10/dist-packages:/home/lulav/ros2_ws/install/control_msgs/local/lib/python3.10/dist-packages:${PYTHONPATH} /usr/bin/cmake --install /home/lulav/ros2_ws/build/bicycle_steering_controller
