[0.039s] Invoking command in '/home/lulav/ros2_ws/build/transmission_interface': AMENT_PREFIX_PATH=/home/lulav/ros2_ws/install/hardware_interface:/home/lulav/ros2_ws/install/control_msgs:${AMENT_PREFIX_PATH} CMAKE_PREFIX_PATH=/home/lulav/ros2_ws/install/hardware_interface:/home/lulav/ros2_ws/install/control_msgs:/opt/ros/humble LD_LIBRARY_PATH=/home/lulav/ros2_ws/install/hardware_interface/lib:/home/lulav/ros2_ws/install/control_msgs/lib:${LD_LIBRARY_PATH} PYTHONPATH=/home/lulav/ros2_ws/install/control_msgs/local/lib/python3.10/dist-packages:${PYTHONPATH} /usr/bin/cmake --build /home/lulav/ros2_ws/build/transmission_interface -- -j8 -l8
[0.194s] [ 17%] Built target transmission_interface
[0.199s] [ 30%] Built target gmock
[0.207s] [ 39%] Built target gmock_main
[0.394s] [ 47%] Built target test_four_bar_linkage_transmission
[0.403s] [ 56%] Built target test_simple_transmission
[0.430s] [ 65%] Built target test_differential_transmission
[0.439s] [ 78%] Built target test_simple_transmission_loader
[0.440s] [ 86%] Built target test_four_bar_linkage_transmission_loader
[0.444s] [ 91%] Built target test_utils
[0.450s] [100%] Built target test_differential_transmission_loader
[0.494s] Invoked command in '/home/lulav/ros2_ws/build/transmission_interface' returned '0': AMENT_PREFIX_PATH=/home/lulav/ros2_ws/install/hardware_interface:/home/lulav/ros2_ws/install/control_msgs:${AMENT_PREFIX_PATH} CMAKE_PREFIX_PATH=/home/lulav/ros2_ws/install/hardware_interface:/home/lulav/ros2_ws/install/control_msgs:/opt/ros/humble LD_LIBRARY_PATH=/home/lulav/ros2_ws/install/hardware_interface/lib:/home/lulav/ros2_ws/install/control_msgs/lib:${LD_LIBRARY_PATH} PYTHONPATH=/home/lulav/ros2_ws/install/control_msgs/local/lib/python3.10/dist-packages:${PYTHONPATH} /usr/bin/cmake --build /home/lulav/ros2_ws/build/transmission_interface -- -j8 -l8
[0.621s] Invoking command in '/home/lulav/ros2_ws/build/transmission_interface': AMENT_PREFIX_PATH=/home/lulav/ros2_ws/install/hardware_interface:/home/lulav/ros2_ws/install/control_msgs:${AMENT_PREFIX_PATH} CMAKE_PREFIX_PATH=/home/lulav/ros2_ws/install/hardware_interface:/home/lulav/ros2_ws/install/control_msgs:/opt/ros/humble LD_LIBRARY_PATH=/home/lulav/ros2_ws/install/hardware_interface/lib:/home/lulav/ros2_ws/install/control_msgs/lib:${LD_LIBRARY_PATH} PYTHONPATH=/home/lulav/ros2_ws/install/control_msgs/local/lib/python3.10/dist-packages:${PYTHONPATH} /usr/bin/cmake --install /home/lulav/ros2_ws/build/transmission_interface
[0.637s] -- Install configuration: ""
[0.638s] -- Execute custom install script
[0.639s] -- Up-to-date symlink: /home/lulav/ros2_ws/install/transmission_interface/include/transmission_interface/accessor.hpp
[0.641s] -- Up-to-date symlink: /home/lulav/ros2_ws/install/transmission_interface/include/transmission_interface/differential_transmission.hpp
[0.641s] -- Up-to-date symlink: /home/lulav/ros2_ws/install/transmission_interface/include/transmission_interface/differential_transmission_loader.hpp
[0.641s] -- Up-to-date symlink: /home/lulav/ros2_ws/install/transmission_interface/include/transmission_interface/exception.hpp
[0.641s] -- Up-to-date symlink: /home/lulav/ros2_ws/install/transmission_interface/include/transmission_interface/four_bar_linkage_transmission.hpp
[0.642s] -- Up-to-date symlink: /home/lulav/ros2_ws/install/transmission_interface/include/transmission_interface/four_bar_linkage_transmission_loader.hpp
[0.642s] -- Up-to-date symlink: /home/lulav/ros2_ws/install/transmission_interface/include/transmission_interface/handle.hpp
[0.642s] -- Up-to-date symlink: /home/lulav/ros2_ws/install/transmission_interface/include/transmission_interface/simple_transmission.hpp
[0.642s] -- Up-to-date symlink: /home/lulav/ros2_ws/install/transmission_interface/include/transmission_interface/simple_transmission_loader.hpp
[0.643s] -- Up-to-date symlink: /home/lulav/ros2_ws/install/transmission_interface/include/transmission_interface/transmission.hpp
[0.643s] -- Up-to-date symlink: /home/lulav/ros2_ws/install/transmission_interface/include/transmission_interface/transmission_interface_exception.hpp
[0.643s] -- Up-to-date symlink: /home/lulav/ros2_ws/install/transmission_interface/include/transmission_interface/transmission_loader.hpp
[0.644s] -- Up-to-date symlink: /home/lulav/ros2_ws/install/transmission_interface/include/transmission_interface/visibility_control.h
[0.644s] -- Up-to-date symlink: /home/lulav/ros2_ws/install/transmission_interface/share/transmission_interface//ros2_control_plugins.xml
[0.645s] -- Up-to-date symlink: /home/lulav/ros2_ws/install/transmission_interface/share/transmission_interface/environment/library_path.sh
[0.646s] -- Up-to-date symlink: /home/lulav/ros2_ws/install/transmission_interface/share/transmission_interface/environment/library_path.dsv
[0.647s] -- Up-to-date symlink: /home/lulav/ros2_ws/install/transmission_interface/share/ament_index/resource_index/package_run_dependencies/transmission_interface
[0.647s] -- Up-to-date symlink: /home/lulav/ros2_ws/install/transmission_interface/share/ament_index/resource_index/parent_prefix_path/transmission_interface
[0.648s] -- Up-to-date symlink: /home/lulav/ros2_ws/install/transmission_interface/share/transmission_interface/environment/ament_prefix_path.sh
[0.649s] -- Up-to-date symlink: /home/lulav/ros2_ws/install/transmission_interface/share/transmission_interface/environment/ament_prefix_path.dsv
[0.650s] -- Up-to-date symlink: /home/lulav/ros2_ws/install/transmission_interface/share/transmission_interface/environment/path.sh
[0.650s] -- Up-to-date symlink: /home/lulav/ros2_ws/install/transmission_interface/share/transmission_interface/environment/path.dsv
[0.651s] -- Up-to-date symlink: /home/lulav/ros2_ws/install/transmission_interface/share/transmission_interface/local_setup.bash
[0.652s] -- Up-to-date symlink: /home/lulav/ros2_ws/install/transmission_interface/share/transmission_interface/local_setup.sh
[0.653s] -- Up-to-date symlink: /home/lulav/ros2_ws/install/transmission_interface/share/transmission_interface/local_setup.zsh
[0.653s] -- Up-to-date symlink: /home/lulav/ros2_ws/install/transmission_interface/share/transmission_interface/local_setup.dsv
[0.654s] -- Symlinking: /home/lulav/ros2_ws/install/transmission_interface/share/transmission_interface/package.dsv
[0.678s] -- Up-to-date symlink: /home/lulav/ros2_ws/install/transmission_interface/share/ament_index/resource_index/packages/transmission_interface
[0.678s] -- Up-to-date symlink: /home/lulav/ros2_ws/install/transmission_interface/share/ament_index/resource_index/transmission_interface__pluginlib__plugin/transmission_interface
[0.678s] -- Up-to-date symlink: /home/lulav/ros2_ws/install/transmission_interface/share/transmission_interface/cmake/ament_cmake_export_include_directories-extras.cmake
[0.679s] -- Up-to-date symlink: /home/lulav/ros2_ws/install/transmission_interface/share/transmission_interface/cmake/ament_cmake_export_dependencies-extras.cmake
[0.679s] -- Up-to-date symlink: /home/lulav/ros2_ws/install/transmission_interface/share/transmission_interface/cmake/ament_cmake_export_libraries-extras.cmake
[0.679s] -- Up-to-date symlink: /home/lulav/ros2_ws/install/transmission_interface/share/transmission_interface/cmake/transmission_interfaceConfig.cmake
[0.680s] -- Up-to-date symlink: /home/lulav/ros2_ws/install/transmission_interface/share/transmission_interface/cmake/transmission_interfaceConfig-version.cmake
[0.682s] -- Up-to-date symlink: /home/lulav/ros2_ws/install/transmission_interface/share/transmission_interface/package.xml
[0.682s] -- Up-to-date: /home/lulav/ros2_ws/install/transmission_interface/lib/libtransmission_interface.so
[0.700s] Invoked command in '/home/lulav/ros2_ws/build/transmission_interface' returned '0': AMENT_PREFIX_PATH=/home/lulav/ros2_ws/install/hardware_interface:/home/lulav/ros2_ws/install/control_msgs:${AMENT_PREFIX_PATH} CMAKE_PREFIX_PATH=/home/lulav/ros2_ws/install/hardware_interface:/home/lulav/ros2_ws/install/control_msgs:/opt/ros/humble LD_LIBRARY_PATH=/home/lulav/ros2_ws/install/hardware_interface/lib:/home/lulav/ros2_ws/install/control_msgs/lib:${LD_LIBRARY_PATH} PYTHONPATH=/home/lulav/ros2_ws/install/control_msgs/local/lib/python3.10/dist-packages:${PYTHONPATH} /usr/bin/cmake --install /home/lulav/ros2_ws/build/transmission_interface
