running develop
running egg_info
creating ros2controlcli.egg-info
writing ros2controlcli.egg-info/PKG-INFO
writing dependency_links to ros2controlcli.egg-info/dependency_links.txt
writing entry points to ros2controlcli.egg-info/entry_points.txt
writing requirements to ros2controlcli.egg-info/requires.txt
writing top-level names to ros2controlcli.egg-info/top_level.txt
writing manifest file 'ros2controlcli.egg-info/SOURCES.txt'
reading manifest file 'ros2controlcli.egg-info/SOURCES.txt'
writing manifest file 'ros2controlcli.egg-info/SOURCES.txt'
running build_ext
Creating /home/lulav/ros2_ws/install/ros2controlcli/lib/python3.10/site-packages/ros2controlcli.egg-link (link to .)

Installed /home/lulav/ros2_ws/build/ros2controlcli
running install_data
copying package.xml -> /home/lulav/ros2_ws/install/ros2controlcli/share/ros2controlcli
creating /home/lulav/ros2_ws/install/ros2controlcli/share/ament_index
creating /home/lulav/ros2_ws/install/ros2controlcli/share/ament_index/resource_index
creating /home/lulav/ros2_ws/install/ros2controlcli/share/ament_index/resource_index/packages
copying resource/ros2controlcli -> /home/lulav/ros2_ws/install/ros2controlcli/share/ament_index/resource_index/packages
/usr/lib/python3/dist-packages/setuptools/command/easy_install.py:158: EasyInstallDeprecationWarning: easy_install command is deprecated. Use build and pip and other standards-based tools.
  warnings.warn(
/usr/lib/python3/dist-packages/setuptools/command/install.py:34: SetuptoolsDeprecationWarning: setup.py install is deprecated. Use build and pip and other standards-based tools.
  warnings.warn(
