[1.832s] Invoking command in '/home/lulav/ros2_ws/build/ros2controlcli': AMENT_PREFIX_PATH=/home/lulav/ros2_ws/install/controller_manager:/home/lulav/ros2_ws/install/controller_interface:/home/lulav/ros2_ws/install/hardware_interface:/home/lulav/ros2_ws/install/ros2_control_test_assets:/home/lulav/ros2_ws/install/realtime_tools:/home/lulav/ros2_ws/install/controller_manager_msgs:/home/lulav/ros2_ws/install/control_msgs:${AMENT_PREFIX_PATH} CMAKE_PREFIX_PATH=/home/lulav/ros2_ws/install/controller_manager:/home/lulav/ros2_ws/install/controller_interface:/home/lulav/ros2_ws/install/hardware_interface:/home/lulav/ros2_ws/install/ros2_control_test_assets:/home/lulav/ros2_ws/install/realtime_tools:/home/lulav/ros2_ws/install/controller_manager_msgs:/home/lulav/ros2_ws/install/control_msgs LD_LIBRARY_PATH=/home/lulav/ros2_ws/install/controller_manager/lib:/home/lulav/ros2_ws/install/controller_interface/lib:/home/lulav/ros2_ws/install/hardware_interface/lib:/home/lulav/ros2_ws/install/realtime_tools/lib:/home/lulav/ros2_ws/install/controller_manager_msgs/lib:/home/lulav/ros2_ws/install/control_msgs/lib:${LD_LIBRARY_PATH} PYTHONPATH=/home/lulav/ros2_ws/build/ros2controlcli/prefix_override:/home/lulav/ros2_ws/install/ros2controlcli/lib/python3.10/site-packages:/home/lulav/ros2_ws/install/controller_manager/local/lib/python3.10/dist-packages:/home/lulav/ros2_ws/install/controller_manager_msgs/local/lib/python3.10/dist-packages:/home/lulav/ros2_ws/install/control_msgs/local/lib/python3.10/dist-packages:${PYTHONPATH} /usr/bin/python3 setup.py develop --editable --build-directory /home/lulav/ros2_ws/build/ros2controlcli/build --no-deps install_data
[8.504s] running develop
[8.504s] running egg_info
[8.504s] creating ros2controlcli.egg-info
[8.505s] writing ros2controlcli.egg-info/PKG-INFO
[8.505s] writing dependency_links to ros2controlcli.egg-info/dependency_links.txt
[8.505s] writing entry points to ros2controlcli.egg-info/entry_points.txt
[8.505s] writing requirements to ros2controlcli.egg-info/requires.txt
[8.505s] writing top-level names to ros2controlcli.egg-info/top_level.txt
[8.506s] writing manifest file 'ros2controlcli.egg-info/SOURCES.txt'
[8.506s] reading manifest file 'ros2controlcli.egg-info/SOURCES.txt'
[8.506s] writing manifest file 'ros2controlcli.egg-info/SOURCES.txt'
[8.506s] running build_ext
[8.506s] Creating /home/lulav/ros2_ws/install/ros2controlcli/lib/python3.10/site-packages/ros2controlcli.egg-link (link to .)
[8.506s] 
[8.507s] Installed /home/lulav/ros2_ws/build/ros2controlcli
[8.507s] running install_data
[8.507s] copying package.xml -> /home/lulav/ros2_ws/install/ros2controlcli/share/ros2controlcli
[8.507s] creating /home/lulav/ros2_ws/install/ros2controlcli/share/ament_index
[8.507s] creating /home/lulav/ros2_ws/install/ros2controlcli/share/ament_index/resource_index
[8.508s] creating /home/lulav/ros2_ws/install/ros2controlcli/share/ament_index/resource_index/packages
[8.508s] copying resource/ros2controlcli -> /home/lulav/ros2_ws/install/ros2controlcli/share/ament_index/resource_index/packages
[8.517s] /usr/lib/python3/dist-packages/setuptools/command/easy_install.py:158: EasyInstallDeprecationWarning: easy_install command is deprecated. Use build and pip and other standards-based tools.
[8.517s]   warnings.warn(
[8.517s] /usr/lib/python3/dist-packages/setuptools/command/install.py:34: SetuptoolsDeprecationWarning: setup.py install is deprecated. Use build and pip and other standards-based tools.
[8.517s]   warnings.warn(
[8.552s] Invoked command in '/home/lulav/ros2_ws/build/ros2controlcli' returned '0': AMENT_PREFIX_PATH=/home/lulav/ros2_ws/install/controller_manager:/home/lulav/ros2_ws/install/controller_interface:/home/lulav/ros2_ws/install/hardware_interface:/home/lulav/ros2_ws/install/ros2_control_test_assets:/home/lulav/ros2_ws/install/realtime_tools:/home/lulav/ros2_ws/install/controller_manager_msgs:/home/lulav/ros2_ws/install/control_msgs:${AMENT_PREFIX_PATH} CMAKE_PREFIX_PATH=/home/lulav/ros2_ws/install/controller_manager:/home/lulav/ros2_ws/install/controller_interface:/home/lulav/ros2_ws/install/hardware_interface:/home/lulav/ros2_ws/install/ros2_control_test_assets:/home/lulav/ros2_ws/install/realtime_tools:/home/lulav/ros2_ws/install/controller_manager_msgs:/home/lulav/ros2_ws/install/control_msgs LD_LIBRARY_PATH=/home/lulav/ros2_ws/install/controller_manager/lib:/home/lulav/ros2_ws/install/controller_interface/lib:/home/lulav/ros2_ws/install/hardware_interface/lib:/home/lulav/ros2_ws/install/realtime_tools/lib:/home/lulav/ros2_ws/install/controller_manager_msgs/lib:/home/lulav/ros2_ws/install/control_msgs/lib:${LD_LIBRARY_PATH} PYTHONPATH=/home/lulav/ros2_ws/build/ros2controlcli/prefix_override:/home/lulav/ros2_ws/install/ros2controlcli/lib/python3.10/site-packages:/home/lulav/ros2_ws/install/controller_manager/local/lib/python3.10/dist-packages:/home/lulav/ros2_ws/install/controller_manager_msgs/local/lib/python3.10/dist-packages:/home/lulav/ros2_ws/install/control_msgs/local/lib/python3.10/dist-packages:${PYTHONPATH} /usr/bin/python3 setup.py develop --editable --build-directory /home/lulav/ros2_ws/build/ros2controlcli/build --no-deps install_data
