[0.033s] Invoking command in '/home/lulav/ros2_ws/build/controller_manager': AMENT_PREFIX_PATH=/home/lulav/ros2_ws/install/controller_interface:/home/lulav/ros2_ws/install/hardware_interface:/home/lulav/ros2_ws/install/ros2_control_test_assets:/home/lulav/ros2_ws/install/realtime_tools:/home/lulav/ros2_ws/install/controller_manager_msgs:/home/lulav/ros2_ws/install/control_msgs:${AMENT_PREFIX_PATH} CMAKE_PREFIX_PATH=/home/lulav/ros2_ws/install/controller_interface:/home/lulav/ros2_ws/install/hardware_interface:/home/lulav/ros2_ws/install/ros2_control_test_assets:/home/lulav/ros2_ws/install/realtime_tools:/home/lulav/ros2_ws/install/controller_manager_msgs:/home/lulav/ros2_ws/install/control_msgs:/opt/ros/humble LD_LIBRARY_PATH=/home/lulav/ros2_ws/install/controller_interface/lib:/home/lulav/ros2_ws/install/hardware_interface/lib:/home/lulav/ros2_ws/install/realtime_tools/lib:/home/lulav/ros2_ws/install/controller_manager_msgs/lib:/home/lulav/ros2_ws/install/control_msgs/lib:${LD_LIBRARY_PATH} PYTHONPATH=/home/lulav/ros2_ws/install/controller_manager_msgs/local/lib/python3.10/dist-packages:/home/lulav/ros2_ws/install/control_msgs/local/lib/python3.10/dist-packages:${PYTHONPATH} /usr/bin/cmake /home/lulav/ros2_ws/src/ros2_control/controller_manager -DAMENT_CMAKE_SYMLINK_INSTALL=1 -DCMAKE_INSTALL_PREFIX=/home/lulav/ros2_ws/install/controller_manager
[0.139s] -- The C compiler identification is GNU 11.4.0
[0.232s] -- The CXX compiler identification is GNU 11.4.0
[0.246s] -- Detecting C compiler ABI info
[0.364s] -- Detecting C compiler ABI info - done
[0.388s] -- Check for working C compiler: /usr/bin/cc - skipped
[0.389s] -- Detecting C compile features
[0.390s] -- Detecting C compile features - done
[0.399s] -- Detecting CXX compiler ABI info
[0.558s] -- Detecting CXX compiler ABI info - done
[0.586s] -- Check for working CXX compiler: /usr/bin/c++ - skipped
[0.586s] -- Detecting CXX compile features
[0.588s] -- Detecting CXX compile features - done
[0.595s] -- Found ament_cmake: 1.3.5 (/opt/ros/humble/share/ament_cmake/cmake)
[0.948s] -- Found Python3: /usr/bin/python3.10 (found version "3.10.12") found components: Interpreter 
[1.094s] -- Override CMake install command with custom implementation using symlinks instead of copying resources
[1.156s] -- Found backward_ros: 1.0.2 (/opt/ros/humble/share/backward_ros/cmake)
[1.175s] -- Found libdw: /usr/lib/x86_64-linux-gnu/libdw.so  
[1.187s] -- Could NOT find libbfd (missing: LIBBFD_LIBRARY LIBBFD_INCLUDE_DIR) 
[1.188s] -- BACKWARD_HAS_UNWIND=1
[1.188s] -- BACKWARD_HAS_BACKTRACE=0
[1.188s] -- BACKWARD_HAS_BACKTRACE_SYMBOL=0
[1.188s] -- BACKWARD_HAS_DW=1
[1.188s] -- BACKWARD_HAS_BFD=0
[1.193s] -- Found Backward: /opt/ros/humble/share/backward_ros/cmake  
[1.193s] -- Found ament_index_cpp: 1.4.0 (/opt/ros/humble/share/ament_index_cpp/cmake)
[1.194s] -- Found controller_interface: 2.29.0 (/home/lulav/ros2_ws/install/controller_interface/share/controller_interface/cmake)
[1.257s] -- Found rosidl_generator_c: 3.1.5 (/opt/ros/humble/share/rosidl_generator_c/cmake)
[1.268s] -- Found rosidl_adapter: 3.1.5 (/opt/ros/humble/share/rosidl_adapter/cmake)
[1.286s] -- Found rosidl_generator_cpp: 3.1.5 (/opt/ros/humble/share/rosidl_generator_cpp/cmake)
[1.320s] -- Using all available rosidl_typesupport_c: rosidl_typesupport_fastrtps_c;rosidl_typesupport_introspection_c
[1.364s] -- Using all available rosidl_typesupport_cpp: rosidl_typesupport_fastrtps_cpp;rosidl_typesupport_introspection_cpp
[2.710s] -- Found rmw_implementation_cmake: 6.1.1 (/opt/ros/humble/share/rmw_implementation_cmake/cmake)
[2.715s] -- Found rmw_fastrtps_cpp: 6.2.3 (/opt/ros/humble/share/rmw_fastrtps_cpp/cmake)
[2.876s] -- Found OpenSSL: /usr/lib/x86_64-linux-gnu/libcrypto.so (found version "3.0.2")  
[2.917s] -- Found FastRTPS: /opt/ros/humble/include  
[2.997s] -- Using RMW implementation 'rmw_fastrtps_cpp' as default
[3.013s] -- Looking for pthread.h
[3.170s] -- Looking for pthread.h - found
[3.171s] -- Performing Test CMAKE_HAVE_LIBC_PTHREAD
[3.329s] -- Performing Test CMAKE_HAVE_LIBC_PTHREAD - Success
[3.331s] -- Found Threads: TRUE  
[3.770s] -- Found controller_manager_msgs: 2.29.0 (/home/lulav/ros2_ws/install/controller_manager_msgs/share/controller_manager_msgs/cmake)
[3.902s] -- Found realtime_tools: 2.5.0 (/home/lulav/ros2_ws/install/realtime_tools/share/realtime_tools/cmake)
[4.761s] -- Found ament_cmake_gmock: 1.3.5 (/opt/ros/humble/share/ament_cmake_gmock/cmake)
[4.763s] -- Found ros2_control_test_assets: 2.29.0 (/home/lulav/ros2_ws/install/ros2_control_test_assets/share/ros2_control_test_assets/cmake)
[4.771s] -- Found gmock sources under '/opt/ros/humble/src/gmock_vendor': C++ tests using 'Google Mock' will be built
[4.779s] -- Found ament_cmake_gtest: 1.3.5 (/opt/ros/humble/share/ament_cmake_gtest/cmake)
[4.780s] -- Found gtest sources under '/opt/ros/humble/src/gtest_vendor': C++ tests using 'Google Test' will be built
[5.083s] -- Configuring done
[5.467s] -- Generating done
[5.472s] -- Build files have been written to: /home/lulav/ros2_ws/build/controller_manager
[5.493s] Invoked command in '/home/lulav/ros2_ws/build/controller_manager' returned '0': AMENT_PREFIX_PATH=/home/lulav/ros2_ws/install/controller_interface:/home/lulav/ros2_ws/install/hardware_interface:/home/lulav/ros2_ws/install/ros2_control_test_assets:/home/lulav/ros2_ws/install/realtime_tools:/home/lulav/ros2_ws/install/controller_manager_msgs:/home/lulav/ros2_ws/install/control_msgs:${AMENT_PREFIX_PATH} CMAKE_PREFIX_PATH=/home/lulav/ros2_ws/install/controller_interface:/home/lulav/ros2_ws/install/hardware_interface:/home/lulav/ros2_ws/install/ros2_control_test_assets:/home/lulav/ros2_ws/install/realtime_tools:/home/lulav/ros2_ws/install/controller_manager_msgs:/home/lulav/ros2_ws/install/control_msgs:/opt/ros/humble LD_LIBRARY_PATH=/home/lulav/ros2_ws/install/controller_interface/lib:/home/lulav/ros2_ws/install/hardware_interface/lib:/home/lulav/ros2_ws/install/realtime_tools/lib:/home/lulav/ros2_ws/install/controller_manager_msgs/lib:/home/lulav/ros2_ws/install/control_msgs/lib:${LD_LIBRARY_PATH} PYTHONPATH=/home/lulav/ros2_ws/install/controller_manager_msgs/local/lib/python3.10/dist-packages:/home/lulav/ros2_ws/install/control_msgs/local/lib/python3.10/dist-packages:${PYTHONPATH} /usr/bin/cmake /home/lulav/ros2_ws/src/ros2_control/controller_manager -DAMENT_CMAKE_SYMLINK_INSTALL=1 -DCMAKE_INSTALL_PREFIX=/home/lulav/ros2_ws/install/controller_manager
[5.496s] Invoking command in '/home/lulav/ros2_ws/build/controller_manager': AMENT_PREFIX_PATH=/home/lulav/ros2_ws/install/controller_interface:/home/lulav/ros2_ws/install/hardware_interface:/home/lulav/ros2_ws/install/ros2_control_test_assets:/home/lulav/ros2_ws/install/realtime_tools:/home/lulav/ros2_ws/install/controller_manager_msgs:/home/lulav/ros2_ws/install/control_msgs:${AMENT_PREFIX_PATH} CMAKE_PREFIX_PATH=/home/lulav/ros2_ws/install/controller_interface:/home/lulav/ros2_ws/install/hardware_interface:/home/lulav/ros2_ws/install/ros2_control_test_assets:/home/lulav/ros2_ws/install/realtime_tools:/home/lulav/ros2_ws/install/controller_manager_msgs:/home/lulav/ros2_ws/install/control_msgs:/opt/ros/humble LD_LIBRARY_PATH=/home/lulav/ros2_ws/install/controller_interface/lib:/home/lulav/ros2_ws/install/hardware_interface/lib:/home/lulav/ros2_ws/install/realtime_tools/lib:/home/lulav/ros2_ws/install/controller_manager_msgs/lib:/home/lulav/ros2_ws/install/control_msgs/lib:${LD_LIBRARY_PATH} PYTHONPATH=/home/lulav/ros2_ws/install/controller_manager_msgs/local/lib/python3.10/dist-packages:/home/lulav/ros2_ws/install/control_msgs/local/lib/python3.10/dist-packages:${PYTHONPATH} /usr/bin/cmake --build /home/lulav/ros2_ws/build/controller_manager -- -j8 -l8
[5.590s] [  3%] [32mBuilding CXX object gmock/CMakeFiles/gmock_main.dir/src/gmock_main.cc.o[0m
[5.591s] [  6%] [32mBuilding CXX object gmock/CMakeFiles/gmock.dir/src/gmock-all.cc.o[0m
[5.591s] [  9%] [32mBuilding CXX object CMakeFiles/controller_manager.dir/src/controller_manager.cpp.o[0m
[5.592s] [ 12%] [32mBuilding CXX object gmock/CMakeFiles/gmock.dir/opt/ros/humble/src/gtest_vendor/src/gtest-all.cc.o[0m
[5.611s] [ 12%] Built target ament_cmake_python_symlink_controller_manager_setup
[5.682s] [ 12%] Built target ament_cmake_python_symlink_controller_manager
[6.413s] running egg_info
[6.415s] creating controller_manager.egg-info
[6.416s] writing controller_manager.egg-info/PKG-INFO
[6.416s] writing dependency_links to controller_manager.egg-info/dependency_links.txt
[6.417s] writing entry points to controller_manager.egg-info/entry_points.txt
[6.417s] writing top-level names to controller_manager.egg-info/top_level.txt
[6.417s] writing manifest file 'controller_manager.egg-info/SOURCES.txt'
[6.423s] reading manifest file 'controller_manager.egg-info/SOURCES.txt'
[6.425s] writing manifest file 'controller_manager.egg-info/SOURCES.txt'
[6.482s] [ 12%] Built target ament_cmake_python_build_controller_manager_egg
[6.960s] running install_scripts
[6.964s] /usr/lib/python3/dist-packages/setuptools/command/install.py:34: SetuptoolsDeprecationWarning: setup.py install is deprecated. Use build and pip and other standards-based tools.
[6.964s]   warnings.warn(
[7.002s] running egg_info
[7.005s] writing controller_manager.egg-info/PKG-INFO
[7.006s] writing dependency_links to controller_manager.egg-info/dependency_links.txt
[7.006s] writing entry points to controller_manager.egg-info/entry_points.txt
[7.006s] writing top-level names to controller_manager.egg-info/top_level.txt
[7.008s] reading manifest file 'controller_manager.egg-info/SOURCES.txt'
[7.009s] writing manifest file 'controller_manager.egg-info/SOURCES.txt'
[7.010s] Installing spawner script to scripts
[7.010s] Installing unspawner script to scripts
[7.056s] [ 12%] Built target ament_cmake_python_build_controller_manager_scripts
[8.020s] [ 15%] [32m[1mLinking CXX static library libgmock_main.a[0m
[8.116s] [ 15%] Built target gmock_main
[12.150s] [ 18%] [32m[1mLinking CXX static library libgmock.a[0m
[12.302s] [ 18%] Built target gmock
[28.132s] [ 21%] [32m[1mLinking CXX shared library libcontroller_manager.so[0m
[29.639s] [ 21%] Built target controller_manager
[29.676s] [ 24%] [32mBuilding CXX object CMakeFiles/test_controller_failed_init.dir/test/test_controller_failed_init/test_controller_failed_init.cpp.o[0m
[29.676s] [ 27%] [32mBuilding CXX object CMakeFiles/test_controller.dir/test/test_controller/test_controller.cpp.o[0m
[29.682s] [ 30%] [32mBuilding CXX object CMakeFiles/ros2_control_node.dir/src/ros2_control_node.cpp.o[0m
[29.684s] [ 33%] [32mBuilding CXX object CMakeFiles/test_controller_with_interfaces.dir/test/test_controller_with_interfaces/test_controller_with_interfaces.cpp.o[0m
[29.687s] [ 36%] [32mBuilding CXX object CMakeFiles/test_chainable_controller.dir/test/test_chainable_controller/test_chainable_controller.cpp.o[0m
[36.979s] [ 39%] [32m[1mLinking CXX shared library libtest_controller.so[0m
[37.411s] [ 39%] Built target test_controller
[37.473s] [ 42%] [32mBuilding CXX object CMakeFiles/test_hardware_management_srvs.dir/test/test_hardware_management_srvs.cpp.o[0m
[37.476s] [ 45%] [32mBuilding CXX object CMakeFiles/test_controller_manager_with_namespace.cpp.dir/test/test_controller_manager_with_namespace.cpp.o[0m
[37.491s] [ 48%] [32mBuilding CXX object CMakeFiles/test_controller_manager.dir/test/test_controller_manager.cpp.o[0m
[37.562s] [ 51%] [32mBuilding CXX object CMakeFiles/test_spawner_unspawner.dir/test/test_spawner_unspawner.cpp.o[0m
[40.539s] [ 54%] [32m[1mLinking CXX shared library libtest_controller_failed_init.so[0m
[40.942s] [ 57%] [32m[1mLinking CXX shared library libtest_controller_with_interfaces.so[0m
[41.189s] [ 57%] Built target test_controller_failed_init
[41.353s] [ 60%] [32m[1mLinking CXX executable ros2_control_node[0m
[41.386s] [ 63%] [32mBuilding CXX object CMakeFiles/test_load_controller.dir/test/test_load_controller.cpp.o[0m
[41.603s] [ 63%] Built target test_controller_with_interfaces
[41.810s] [ 66%] [32mBuilding CXX object CMakeFiles/test_release_interfaces.dir/test/test_release_interfaces.cpp.o[0m
[42.919s] [ 66%] Built target ros2_control_node
[54.610s] [ 69%] [32m[1mLinking CXX executable test_controller_manager_with_namespace.cpp[0m
[55.091s] [ 72%] [32m[1mLinking CXX shared library libtest_chainable_controller.so[0m
[56.603s] [ 75%] [32m[1mLinking CXX executable test_spawner_unspawner[0m
[56.923s] [ 75%] Built target test_controller_manager_with_namespace.cpp
[56.994s] [ 75%] Built target test_chainable_controller
[57.059s] [ 81%] [32mBuilding CXX object CMakeFiles/test_controllers_chaining_with_controller_manager.dir/test/test_controllers_chaining_with_controller_manager.cpp.o[0m
[57.060s] [ 81%] [32mBuilding CXX object CMakeFiles/test_controller_manager_srvs.dir/test/test_controller_manager_srvs.cpp.o[0m
[58.644s] [ 81%] Built target test_spawner_unspawner
[59.481s] [ 84%] [32m[1mLinking CXX executable test_release_interfaces[0m
[59.888s] [ 87%] [32m[1mLinking CXX executable test_controller_manager[0m
[60.481s] [ 90%] [32m[1mLinking CXX executable test_hardware_management_srvs[0m
[62.131s] [ 90%] Built target test_release_interfaces
[62.340s] [ 90%] Built target test_controller_manager
[62.819s] [ 93%] [32m[1mLinking CXX executable test_load_controller[0m
[63.222s] [ 93%] Built target test_hardware_management_srvs
[64.460s] [ 93%] Built target test_load_controller
[71.716s] [ 96%] [32m[1mLinking CXX executable test_controllers_chaining_with_controller_manager[0m
[73.440s] [ 96%] Built target test_controllers_chaining_with_controller_manager
[77.636s] [100%] [32m[1mLinking CXX executable test_controller_manager_srvs[0m
[79.964s] [100%] Built target test_controller_manager_srvs
[79.983s] Invoked command in '/home/lulav/ros2_ws/build/controller_manager' returned '0': AMENT_PREFIX_PATH=/home/lulav/ros2_ws/install/controller_interface:/home/lulav/ros2_ws/install/hardware_interface:/home/lulav/ros2_ws/install/ros2_control_test_assets:/home/lulav/ros2_ws/install/realtime_tools:/home/lulav/ros2_ws/install/controller_manager_msgs:/home/lulav/ros2_ws/install/control_msgs:${AMENT_PREFIX_PATH} CMAKE_PREFIX_PATH=/home/lulav/ros2_ws/install/controller_interface:/home/lulav/ros2_ws/install/hardware_interface:/home/lulav/ros2_ws/install/ros2_control_test_assets:/home/lulav/ros2_ws/install/realtime_tools:/home/lulav/ros2_ws/install/controller_manager_msgs:/home/lulav/ros2_ws/install/control_msgs:/opt/ros/humble LD_LIBRARY_PATH=/home/lulav/ros2_ws/install/controller_interface/lib:/home/lulav/ros2_ws/install/hardware_interface/lib:/home/lulav/ros2_ws/install/realtime_tools/lib:/home/lulav/ros2_ws/install/controller_manager_msgs/lib:/home/lulav/ros2_ws/install/control_msgs/lib:${LD_LIBRARY_PATH} PYTHONPATH=/home/lulav/ros2_ws/install/controller_manager_msgs/local/lib/python3.10/dist-packages:/home/lulav/ros2_ws/install/control_msgs/local/lib/python3.10/dist-packages:${PYTHONPATH} /usr/bin/cmake --build /home/lulav/ros2_ws/build/controller_manager -- -j8 -l8
[80.083s] Invoking command in '/home/lulav/ros2_ws/build/controller_manager': AMENT_PREFIX_PATH=/home/lulav/ros2_ws/install/controller_interface:/home/lulav/ros2_ws/install/hardware_interface:/home/lulav/ros2_ws/install/ros2_control_test_assets:/home/lulav/ros2_ws/install/realtime_tools:/home/lulav/ros2_ws/install/controller_manager_msgs:/home/lulav/ros2_ws/install/control_msgs:${AMENT_PREFIX_PATH} CMAKE_PREFIX_PATH=/home/lulav/ros2_ws/install/controller_interface:/home/lulav/ros2_ws/install/hardware_interface:/home/lulav/ros2_ws/install/ros2_control_test_assets:/home/lulav/ros2_ws/install/realtime_tools:/home/lulav/ros2_ws/install/controller_manager_msgs:/home/lulav/ros2_ws/install/control_msgs:/opt/ros/humble LD_LIBRARY_PATH=/home/lulav/ros2_ws/install/controller_interface/lib:/home/lulav/ros2_ws/install/hardware_interface/lib:/home/lulav/ros2_ws/install/realtime_tools/lib:/home/lulav/ros2_ws/install/controller_manager_msgs/lib:/home/lulav/ros2_ws/install/control_msgs/lib:${LD_LIBRARY_PATH} PYTHONPATH=/home/lulav/ros2_ws/install/controller_manager_msgs/local/lib/python3.10/dist-packages:/home/lulav/ros2_ws/install/control_msgs/local/lib/python3.10/dist-packages:${PYTHONPATH} /usr/bin/cmake --install /home/lulav/ros2_ws/build/controller_manager
[80.093s] -- Install configuration: ""
[80.095s] -- Execute custom install script
[80.095s] -- Up-to-date symlink: /home/lulav/ros2_ws/install/controller_manager/lib/libcontroller_manager.so
[80.096s] -- Up-to-date symlink: /home/lulav/ros2_ws/install/controller_manager/lib/controller_manager/ros2_control_node
[80.096s] -- Up-to-date symlink: /home/lulav/ros2_ws/install/controller_manager/include/controller_manager/controller_manager.hpp
[80.097s] -- Up-to-date symlink: /home/lulav/ros2_ws/install/controller_manager/include/controller_manager/controller_spec.hpp
[80.097s] -- Up-to-date symlink: /home/lulav/ros2_ws/install/controller_manager/include/controller_manager/visibility_control.h
[80.097s] -- Up-to-date symlink: /home/lulav/ros2_ws/install/controller_manager/share/controller_manager/test/test_controller/test_controller.xml
[80.097s] -- Up-to-date symlink: /home/lulav/ros2_ws/install/controller_manager/lib/libtest_controller.so
[80.098s] -- Up-to-date symlink: /home/lulav/ros2_ws/install/controller_manager/share/controller_manager/test/test_controller_failed_init/test_controller_failed_init.xml
[80.098s] -- Up-to-date symlink: /home/lulav/ros2_ws/install/controller_manager/lib/libtest_controller_failed_init.so
[80.098s] -- Up-to-date symlink: /home/lulav/ros2_ws/install/controller_manager/share/controller_manager/test/test_chainable_controller/test_chainable_controller.xml
[80.098s] -- Up-to-date symlink: /home/lulav/ros2_ws/install/controller_manager/lib/libtest_chainable_controller.so
[80.099s] -- Up-to-date symlink: /home/lulav/ros2_ws/install/controller_manager/share/controller_manager/test/test_controller_with_interfaces/test_controller_with_interfaces.xml
[80.099s] -- Up-to-date symlink: /home/lulav/ros2_ws/install/controller_manager/lib/libtest_controller_with_interfaces.so
[80.099s] -- Up-to-date symlink: /home/lulav/ros2_ws/install/controller_manager/share/controller_manager/environment/pythonpath.sh
[80.099s] -- Up-to-date symlink: /home/lulav/ros2_ws/install/controller_manager/share/controller_manager/environment/pythonpath.dsv
[80.100s] -- Up-to-date symlink: /home/lulav/ros2_ws/install/controller_manager/local/lib/python3.10/dist-packages/controller_manager-2.29.0-py3.10.egg-info/PKG-INFO
[80.100s] -- Up-to-date symlink: /home/lulav/ros2_ws/install/controller_manager/local/lib/python3.10/dist-packages/controller_manager-2.29.0-py3.10.egg-info/SOURCES.txt
[80.100s] -- Up-to-date symlink: /home/lulav/ros2_ws/install/controller_manager/local/lib/python3.10/dist-packages/controller_manager-2.29.0-py3.10.egg-info/dependency_links.txt
[80.101s] -- Up-to-date symlink: /home/lulav/ros2_ws/install/controller_manager/local/lib/python3.10/dist-packages/controller_manager-2.29.0-py3.10.egg-info/entry_points.txt
[80.101s] -- Up-to-date symlink: /home/lulav/ros2_ws/install/controller_manager/local/lib/python3.10/dist-packages/controller_manager-2.29.0-py3.10.egg-info/top_level.txt
[80.101s] -- Up-to-date symlink: /home/lulav/ros2_ws/install/controller_manager/lib/controller_manager//spawner
[80.101s] -- Up-to-date symlink: /home/lulav/ros2_ws/install/controller_manager/lib/controller_manager//unspawner
[80.102s] -- Up-to-date symlink: /home/lulav/ros2_ws/install/controller_manager/local/lib/python3.10/dist-packages/controller_manager/__init__.py
[80.102s] -- Up-to-date symlink: /home/lulav/ros2_ws/install/controller_manager/local/lib/python3.10/dist-packages/controller_manager/controller_manager_services.py
[80.102s] -- Up-to-date symlink: /home/lulav/ros2_ws/install/controller_manager/local/lib/python3.10/dist-packages/controller_manager/launch_utils.py
[80.102s] -- Up-to-date symlink: /home/lulav/ros2_ws/install/controller_manager/local/lib/python3.10/dist-packages/controller_manager/spawner.py
[80.103s] -- Up-to-date symlink: /home/lulav/ros2_ws/install/controller_manager/local/lib/python3.10/dist-packages/controller_manager/unspawner.py
[80.103s] -- Up-to-date symlink: /home/lulav/ros2_ws/install/controller_manager/share/controller_manager/environment/library_path.sh
[80.103s] -- Up-to-date symlink: /home/lulav/ros2_ws/install/controller_manager/share/controller_manager/environment/library_path.dsv
[80.103s] -- Up-to-date symlink: /home/lulav/ros2_ws/install/controller_manager/share/ament_index/resource_index/package_run_dependencies/controller_manager
[80.103s] -- Up-to-date symlink: /home/lulav/ros2_ws/install/controller_manager/share/ament_index/resource_index/parent_prefix_path/controller_manager
[80.104s] -- Up-to-date symlink: /home/lulav/ros2_ws/install/controller_manager/share/controller_manager/environment/ament_prefix_path.sh
[80.104s] -- Up-to-date symlink: /home/lulav/ros2_ws/install/controller_manager/share/controller_manager/environment/ament_prefix_path.dsv
[80.104s] -- Up-to-date symlink: /home/lulav/ros2_ws/install/controller_manager/share/controller_manager/environment/path.sh
[80.104s] -- Up-to-date symlink: /home/lulav/ros2_ws/install/controller_manager/share/controller_manager/environment/path.dsv
[80.104s] -- Up-to-date symlink: /home/lulav/ros2_ws/install/controller_manager/share/controller_manager/local_setup.bash
[80.105s] -- Up-to-date symlink: /home/lulav/ros2_ws/install/controller_manager/share/controller_manager/local_setup.sh
[80.105s] -- Up-to-date symlink: /home/lulav/ros2_ws/install/controller_manager/share/controller_manager/local_setup.zsh
[80.105s] -- Up-to-date symlink: /home/lulav/ros2_ws/install/controller_manager/share/controller_manager/local_setup.dsv
[80.105s] -- Symlinking: /home/lulav/ros2_ws/install/controller_manager/share/controller_manager/package.dsv
[80.121s] -- Up-to-date symlink: /home/lulav/ros2_ws/install/controller_manager/share/ament_index/resource_index/packages/controller_manager
[80.122s] -- Up-to-date symlink: /home/lulav/ros2_ws/install/controller_manager/share/ament_index/resource_index/controller_interface__pluginlib__plugin/controller_manager
[80.122s] -- Up-to-date symlink: /home/lulav/ros2_ws/install/controller_manager/share/controller_manager/cmake/ament_cmake_export_libraries-extras.cmake
[80.122s] -- Up-to-date symlink: /home/lulav/ros2_ws/install/controller_manager/share/controller_manager/cmake/ament_cmake_export_include_directories-extras.cmake
[80.122s] -- Up-to-date symlink: /home/lulav/ros2_ws/install/controller_manager/share/controller_manager/cmake/ament_cmake_export_dependencies-extras.cmake
[80.122s] -- Up-to-date symlink: /home/lulav/ros2_ws/install/controller_manager/share/controller_manager/cmake/controller_managerConfig.cmake
[80.123s] -- Up-to-date symlink: /home/lulav/ros2_ws/install/controller_manager/share/controller_manager/cmake/controller_managerConfig-version.cmake
[80.123s] -- Up-to-date symlink: /home/lulav/ros2_ws/install/controller_manager/share/controller_manager/package.xml
[80.176s] Listing '/home/lulav/ros2_ws/install/controller_manager/local/lib/python3.10/dist-packages/controller_manager'...
[80.192s] Invoked command in '/home/lulav/ros2_ws/build/controller_manager' returned '0': AMENT_PREFIX_PATH=/home/lulav/ros2_ws/install/controller_interface:/home/lulav/ros2_ws/install/hardware_interface:/home/lulav/ros2_ws/install/ros2_control_test_assets:/home/lulav/ros2_ws/install/realtime_tools:/home/lulav/ros2_ws/install/controller_manager_msgs:/home/lulav/ros2_ws/install/control_msgs:${AMENT_PREFIX_PATH} CMAKE_PREFIX_PATH=/home/lulav/ros2_ws/install/controller_interface:/home/lulav/ros2_ws/install/hardware_interface:/home/lulav/ros2_ws/install/ros2_control_test_assets:/home/lulav/ros2_ws/install/realtime_tools:/home/lulav/ros2_ws/install/controller_manager_msgs:/home/lulav/ros2_ws/install/control_msgs:/opt/ros/humble LD_LIBRARY_PATH=/home/lulav/ros2_ws/install/controller_interface/lib:/home/lulav/ros2_ws/install/hardware_interface/lib:/home/lulav/ros2_ws/install/realtime_tools/lib:/home/lulav/ros2_ws/install/controller_manager_msgs/lib:/home/lulav/ros2_ws/install/control_msgs/lib:${LD_LIBRARY_PATH} PYTHONPATH=/home/lulav/ros2_ws/install/controller_manager_msgs/local/lib/python3.10/dist-packages:/home/lulav/ros2_ws/install/control_msgs/local/lib/python3.10/dist-packages:${PYTHONPATH} /usr/bin/cmake --install /home/lulav/ros2_ws/build/controller_manager
