[0.019s] Invoking command in '/home/lulav/ros2_ws/build/hardware_interface': AMENT_PREFIX_PATH=/home/lulav/ros2_ws/install/ros2_control_test_assets:/home/lulav/ros2_ws/install/control_msgs:${AMENT_PREFIX_PATH} CMAKE_PREFIX_PATH=/home/lulav/ros2_ws/install/ros2_control_test_assets:/home/lulav/ros2_ws/install/control_msgs:/opt/ros/humble LD_LIBRARY_PATH=/home/lulav/ros2_ws/install/control_msgs/lib:${LD_LIBRARY_PATH} PYTHONPATH=/home/lulav/ros2_ws/install/control_msgs/local/lib/python3.10/dist-packages:${PYTHONPATH} /usr/bin/cmake /home/lulav/ros2_ws/src/ros2_control/hardware_interface -DAMENT_CMAKE_SYMLINK_INSTALL=1 -DCMAKE_INSTALL_PREFIX=/home/lulav/ros2_ws/install/hardware_interface
[0.104s] -- The C compiler identification is GNU 11.4.0
[0.193s] -- The CXX compiler identification is GNU 11.4.0
[0.204s] -- Detecting C compiler ABI info
[0.305s] -- Detecting C compiler ABI info - done
[0.317s] -- Check for working C compiler: /usr/bin/cc - skipped
[0.318s] -- Detecting C compile features
[0.319s] -- Detecting C compile features - done
[0.324s] -- Detecting CXX compiler ABI info
[0.448s] -- Detecting CXX compiler ABI info - done
[0.464s] -- Check for working CXX compiler: /usr/bin/c++ - skipped
[0.464s] -- Detecting CXX compile features
[0.464s] -- Detecting CXX compile features - done
[0.467s] -- Found ament_cmake: 1.3.5 (/opt/ros/humble/share/ament_cmake/cmake)
[0.756s] -- Found Python3: /usr/bin/python3.10 (found version "3.10.12") found components: Interpreter 
[0.860s] -- Override CMake install command with custom implementation using symlinks instead of copying resources
[0.908s] -- Found control_msgs: 4.4.0 (/home/lulav/ros2_ws/install/control_msgs/share/control_msgs/cmake)
[0.991s] -- Found rosidl_generator_c: 3.1.5 (/opt/ros/humble/share/rosidl_generator_c/cmake)
[1.004s] -- Found rosidl_adapter: 3.1.5 (/opt/ros/humble/share/rosidl_adapter/cmake)
[1.027s] -- Found rosidl_generator_cpp: 3.1.5 (/opt/ros/humble/share/rosidl_generator_cpp/cmake)
[1.067s] -- Using all available rosidl_typesupport_c: rosidl_typesupport_fastrtps_c;rosidl_typesupport_introspection_c
[1.128s] -- Using all available rosidl_typesupport_cpp: rosidl_typesupport_fastrtps_cpp;rosidl_typesupport_introspection_cpp
[2.076s] -- Found lifecycle_msgs: 1.2.1 (/opt/ros/humble/share/lifecycle_msgs/cmake)
[2.105s] -- Found pluginlib: 5.1.0 (/opt/ros/humble/share/pluginlib/cmake)
[2.148s] -- Found rclcpp_lifecycle: 16.0.5 (/opt/ros/humble/share/rclcpp_lifecycle/cmake)
[2.246s] -- Found rmw_implementation_cmake: 6.1.1 (/opt/ros/humble/share/rmw_implementation_cmake/cmake)
[2.250s] -- Found rmw_fastrtps_cpp: 6.2.3 (/opt/ros/humble/share/rmw_fastrtps_cpp/cmake)
[2.398s] -- Found OpenSSL: /usr/lib/x86_64-linux-gnu/libcrypto.so (found version "3.0.2")  
[2.444s] -- Found FastRTPS: /opt/ros/humble/include  
[2.524s] -- Using RMW implementation 'rmw_fastrtps_cpp' as default
[2.539s] -- Looking for pthread.h
[2.650s] -- Looking for pthread.h - found
[2.650s] -- Performing Test CMAKE_HAVE_LIBC_PTHREAD
[2.758s] -- Performing Test CMAKE_HAVE_LIBC_PTHREAD - Success
[2.760s] -- Found Threads: TRUE  
[3.030s] -- Found TinyXML2: /usr/lib/x86_64-linux-gnu/libtinyxml2.so  
[3.039s] -- Found ament_cmake_gmock: 1.3.5 (/opt/ros/humble/share/ament_cmake_gmock/cmake)
[3.040s] -- Found ros2_control_test_assets: 2.29.0 (/home/lulav/ros2_ws/install/ros2_control_test_assets/share/ros2_control_test_assets/cmake)
[3.045s] -- Found gmock sources under '/opt/ros/humble/src/gmock_vendor': C++ tests using 'Google Mock' will be built
[3.052s] -- Found ament_cmake_gtest: 1.3.5 (/opt/ros/humble/share/ament_cmake_gtest/cmake)
[3.053s] -- Found gtest sources under '/opt/ros/humble/src/gtest_vendor': C++ tests using 'Google Test' will be built
[3.186s] -- Configuring done
[3.306s] -- Generating done
[3.310s] -- Build files have been written to: /home/lulav/ros2_ws/build/hardware_interface
[3.328s] Invoked command in '/home/lulav/ros2_ws/build/hardware_interface' returned '0': AMENT_PREFIX_PATH=/home/lulav/ros2_ws/install/ros2_control_test_assets:/home/lulav/ros2_ws/install/control_msgs:${AMENT_PREFIX_PATH} CMAKE_PREFIX_PATH=/home/lulav/ros2_ws/install/ros2_control_test_assets:/home/lulav/ros2_ws/install/control_msgs:/opt/ros/humble LD_LIBRARY_PATH=/home/lulav/ros2_ws/install/control_msgs/lib:${LD_LIBRARY_PATH} PYTHONPATH=/home/lulav/ros2_ws/install/control_msgs/local/lib/python3.10/dist-packages:${PYTHONPATH} /usr/bin/cmake /home/lulav/ros2_ws/src/ros2_control/hardware_interface -DAMENT_CMAKE_SYMLINK_INSTALL=1 -DCMAKE_INSTALL_PREFIX=/home/lulav/ros2_ws/install/hardware_interface
[3.330s] Invoking command in '/home/lulav/ros2_ws/build/hardware_interface': AMENT_PREFIX_PATH=/home/lulav/ros2_ws/install/ros2_control_test_assets:/home/lulav/ros2_ws/install/control_msgs:${AMENT_PREFIX_PATH} CMAKE_PREFIX_PATH=/home/lulav/ros2_ws/install/ros2_control_test_assets:/home/lulav/ros2_ws/install/control_msgs:/opt/ros/humble LD_LIBRARY_PATH=/home/lulav/ros2_ws/install/control_msgs/lib:${LD_LIBRARY_PATH} PYTHONPATH=/home/lulav/ros2_ws/install/control_msgs/local/lib/python3.10/dist-packages:${PYTHONPATH} /usr/bin/cmake --build /home/lulav/ros2_ws/build/hardware_interface -- -j8 -l8
[3.410s] [  2%] [32mBuilding CXX object gmock/CMakeFiles/gmock.dir/opt/ros/humble/src/gtest_vendor/src/gtest-all.cc.o[0m
[3.410s] [  7%] [32mBuilding CXX object CMakeFiles/hardware_interface.dir/src/actuator.cpp.o[0m
[3.411s] [ 10%] [32mBuilding CXX object CMakeFiles/hardware_interface.dir/src/component_parser.cpp.o[0m
[3.411s] [ 12%] [32mBuilding CXX object CMakeFiles/hardware_interface.dir/src/resource_manager.cpp.o[0m
[3.413s] [ 15%] [32mBuilding CXX object gmock/CMakeFiles/gmock_main.dir/src/gmock_main.cc.o[0m
[3.413s] [ 15%] [32mBuilding CXX object gmock/CMakeFiles/gmock.dir/src/gmock-all.cc.o[0m
[3.414s] [ 17%] [32mBuilding CXX object CMakeFiles/hardware_interface.dir/src/system.cpp.o[0m
[3.429s] [ 20%] [32mBuilding CXX object CMakeFiles/hardware_interface.dir/src/sensor.cpp.o[0m
[7.091s] [ 23%] [32m[1mLinking CXX static library libgmock_main.a[0m
[7.197s] [ 23%] Built target gmock_main
[11.109s] [ 25%] [32m[1mLinking CXX static library libgmock.a[0m
[11.253s] [ 25%] Built target gmock
[11.282s] [ 28%] [32mBuilding CXX object CMakeFiles/test_macros.dir/test/test_macros.cpp.o[0m
[13.346s] [ 30%] [32m[1mLinking CXX executable test_macros[0m
[13.534s] [ 33%] [32m[1mLinking CXX shared library libhardware_interface.so[0m
[13.604s] [ 33%] Built target test_macros
[14.055s] [ 33%] Built target hardware_interface
[14.097s] [ 35%] [32mBuilding CXX object CMakeFiles/mock_components.dir/src/mock_components/generic_system.cpp.o[0m
[14.099s] [ 38%] [32mBuilding CXX object CMakeFiles/test_joint_handle.dir/test/test_handle.cpp.o[0m
[14.099s] [ 41%] [32mBuilding CXX object CMakeFiles/fake_components.dir/src/mock_components/generic_system.cpp.o[0m
[14.102s] [ 43%] [32mBuilding CXX object CMakeFiles/test_component_interfaces.dir/test/test_component_interfaces.cpp.o[0m
[14.104s] [ 46%] [32mBuilding CXX object CMakeFiles/test_inst_hardwares.dir/test/test_inst_hardwares.cpp.o[0m
[14.108s] [ 48%] [32mBuilding CXX object CMakeFiles/test_component_parser.dir/test/test_component_parser.cpp.o[0m
[14.116s] [ 51%] [32mBuilding CXX object CMakeFiles/test_components.dir/test/test_components/test_actuator.cpp.o[0m
[14.159s] [ 53%] [32mBuilding CXX object CMakeFiles/test_hardware_components.dir/test/test_hardware_components/test_single_joint_actuator.cpp.o[0m
[17.682s] [ 56%] [32mBuilding CXX object CMakeFiles/test_components.dir/test/test_components/test_sensor.cpp.o[0m
[18.353s] [ 58%] [32mBuilding CXX object CMakeFiles/test_hardware_components.dir/test/test_hardware_components/test_force_torque_sensor.cpp.o[0m
[18.457s] [ 61%] [32m[1mLinking CXX executable test_joint_handle[0m
[19.437s] [ 61%] Built target test_joint_handle
[19.500s] [ 64%] [32mBuilding CXX object CMakeFiles/test_components.dir/test/test_components/test_system.cpp.o[0m
[19.531s] [ 66%] [32mBuilding CXX object CMakeFiles/fake_components.dir/src/mock_components/fake_generic_system.cpp.o[0m
[19.628s] [ 69%] [32m[1mLinking CXX executable test_inst_hardwares[0m
[19.788s] [ 71%] [32m[1mLinking CXX shared library libmock_components.so[0m
[20.596s] [ 71%] Built target mock_components
[20.610s] [ 71%] Built target test_inst_hardwares
[20.688s] [ 74%] [32mBuilding CXX object CMakeFiles/test_generic_system.dir/test/mock_components/test_generic_system.cpp.o[0m
[20.721s] [ 76%] [32mBuilding CXX object CMakeFiles/test_resource_manager.dir/test/test_resource_manager.cpp.o[0m
[21.587s] [ 79%] [32mBuilding CXX object CMakeFiles/test_hardware_components.dir/test/test_hardware_components/test_two_joint_system.cpp.o[0m
[22.504s] [ 82%] [32m[1mLinking CXX executable test_component_interfaces[0m
[22.553s] [ 84%] [32mBuilding CXX object CMakeFiles/test_hardware_components.dir/test/test_hardware_components/test_system_with_command_modes.cpp.o[0m
[23.222s] [ 87%] [32m[1mLinking CXX shared library libtest_components.so[0m
[23.419s] [ 87%] Built target test_component_interfaces
[23.582s] [ 89%] [32m[1mLinking CXX shared library libfake_components.so[0m
[23.723s] [ 89%] Built target test_components
[24.030s] [ 89%] Built target fake_components
[24.920s] [ 92%] [32m[1mLinking CXX executable test_component_parser[0m
[25.590s] [ 92%] Built target test_component_parser
[25.952s] [ 94%] [32m[1mLinking CXX shared library libtest_hardware_components.so[0m
[26.266s] [ 94%] Built target test_hardware_components
[27.289s] [ 97%] [32m[1mLinking CXX executable test_generic_system[0m
[27.791s] [ 97%] Built target test_generic_system
[28.165s] [100%] [32m[1mLinking CXX executable test_resource_manager[0m
[28.726s] [100%] Built target test_resource_manager
[28.744s] Invoked command in '/home/lulav/ros2_ws/build/hardware_interface' returned '0': AMENT_PREFIX_PATH=/home/lulav/ros2_ws/install/ros2_control_test_assets:/home/lulav/ros2_ws/install/control_msgs:${AMENT_PREFIX_PATH} CMAKE_PREFIX_PATH=/home/lulav/ros2_ws/install/ros2_control_test_assets:/home/lulav/ros2_ws/install/control_msgs:/opt/ros/humble LD_LIBRARY_PATH=/home/lulav/ros2_ws/install/control_msgs/lib:${LD_LIBRARY_PATH} PYTHONPATH=/home/lulav/ros2_ws/install/control_msgs/local/lib/python3.10/dist-packages:${PYTHONPATH} /usr/bin/cmake --build /home/lulav/ros2_ws/build/hardware_interface -- -j8 -l8
[28.854s] Invoking command in '/home/lulav/ros2_ws/build/hardware_interface': AMENT_PREFIX_PATH=/home/lulav/ros2_ws/install/ros2_control_test_assets:/home/lulav/ros2_ws/install/control_msgs:${AMENT_PREFIX_PATH} CMAKE_PREFIX_PATH=/home/lulav/ros2_ws/install/ros2_control_test_assets:/home/lulav/ros2_ws/install/control_msgs:/opt/ros/humble LD_LIBRARY_PATH=/home/lulav/ros2_ws/install/control_msgs/lib:${LD_LIBRARY_PATH} PYTHONPATH=/home/lulav/ros2_ws/install/control_msgs/local/lib/python3.10/dist-packages:${PYTHONPATH} /usr/bin/cmake --install /home/lulav/ros2_ws/build/hardware_interface
[28.865s] -- Install configuration: ""
[28.866s] -- Execute custom install script
[28.867s] -- Up-to-date symlink: /home/lulav/ros2_ws/install/hardware_interface/share/hardware_interface//mock_components_plugin_description.xml
[28.867s] -- Up-to-date symlink: /home/lulav/ros2_ws/install/hardware_interface/share/hardware_interface//fake_components_plugin_description.xml
[28.869s] -- Up-to-date symlink: /home/lulav/ros2_ws/install/hardware_interface/include/fake_components/generic_system.hpp
[28.869s] -- Up-to-date symlink: /home/lulav/ros2_ws/install/hardware_interface/include/fake_components/visibility_control.h
[28.869s] -- Up-to-date symlink: /home/lulav/ros2_ws/install/hardware_interface/include/hardware_interface/actuator.hpp
[28.870s] -- Up-to-date symlink: /home/lulav/ros2_ws/install/hardware_interface/include/hardware_interface/actuator_interface.hpp
[28.870s] -- Up-to-date symlink: /home/lulav/ros2_ws/install/hardware_interface/include/hardware_interface/component_parser.hpp
[28.870s] -- Up-to-date symlink: /home/lulav/ros2_ws/install/hardware_interface/include/hardware_interface/controller_info.hpp
[28.870s] -- Up-to-date symlink: /home/lulav/ros2_ws/install/hardware_interface/include/hardware_interface/handle.hpp
[28.871s] -- Up-to-date symlink: /home/lulav/ros2_ws/install/hardware_interface/include/hardware_interface/hardware_component_info.hpp
[28.871s] -- Up-to-date symlink: /home/lulav/ros2_ws/install/hardware_interface/include/hardware_interface/hardware_info.hpp
[28.871s] -- Up-to-date symlink: /home/lulav/ros2_ws/install/hardware_interface/include/hardware_interface/loaned_command_interface.hpp
[28.871s] -- Up-to-date symlink: /home/lulav/ros2_ws/install/hardware_interface/include/hardware_interface/loaned_state_interface.hpp
[28.871s] -- Up-to-date symlink: /home/lulav/ros2_ws/install/hardware_interface/include/hardware_interface/macros.hpp
[28.872s] -- Up-to-date symlink: /home/lulav/ros2_ws/install/hardware_interface/include/hardware_interface/resource_manager.hpp
[28.872s] -- Up-to-date symlink: /home/lulav/ros2_ws/install/hardware_interface/include/hardware_interface/sensor.hpp
[28.872s] -- Up-to-date symlink: /home/lulav/ros2_ws/install/hardware_interface/include/hardware_interface/sensor_interface.hpp
[28.872s] -- Up-to-date symlink: /home/lulav/ros2_ws/install/hardware_interface/include/hardware_interface/system.hpp
[28.873s] -- Up-to-date symlink: /home/lulav/ros2_ws/install/hardware_interface/include/hardware_interface/system_interface.hpp
[28.873s] -- Up-to-date symlink: /home/lulav/ros2_ws/install/hardware_interface/include/hardware_interface/types/hardware_interface_return_values.hpp
[28.873s] -- Up-to-date symlink: /home/lulav/ros2_ws/install/hardware_interface/include/hardware_interface/types/hardware_interface_type_values.hpp
[28.873s] -- Up-to-date symlink: /home/lulav/ros2_ws/install/hardware_interface/include/hardware_interface/types/lifecycle_state_names.hpp
[28.874s] -- Up-to-date symlink: /home/lulav/ros2_ws/install/hardware_interface/include/hardware_interface/visibility_control.h
[28.874s] -- Up-to-date symlink: /home/lulav/ros2_ws/install/hardware_interface/include/mock_components/generic_system.hpp
[28.874s] -- Up-to-date symlink: /home/lulav/ros2_ws/install/hardware_interface/include/mock_components/visibility_control.h
[28.875s] -- Up-to-date symlink: /home/lulav/ros2_ws/install/hardware_interface/lib/libfake_components.so
[28.875s] -- Up-to-date symlink: /home/lulav/ros2_ws/install/hardware_interface/lib/libmock_components.so
[28.875s] -- Up-to-date symlink: /home/lulav/ros2_ws/install/hardware_interface/lib/libhardware_interface.so
[28.876s] -- Up-to-date symlink: /home/lulav/ros2_ws/install/hardware_interface/lib/libtest_components.so
[28.876s] -- Up-to-date symlink: /home/lulav/ros2_ws/install/hardware_interface/share/hardware_interface/test/test_components/test_components.xml
[28.877s] -- Up-to-date symlink: /home/lulav/ros2_ws/install/hardware_interface/lib/libtest_hardware_components.so
[28.877s] -- Up-to-date symlink: /home/lulav/ros2_ws/install/hardware_interface/share/hardware_interface/test/test_hardware_components/test_hardware_components.xml
[28.877s] -- Up-to-date symlink: /home/lulav/ros2_ws/install/hardware_interface/share/hardware_interface/environment/library_path.sh
[28.877s] -- Up-to-date symlink: /home/lulav/ros2_ws/install/hardware_interface/share/hardware_interface/environment/library_path.dsv
[28.878s] -- Up-to-date symlink: /home/lulav/ros2_ws/install/hardware_interface/share/ament_index/resource_index/package_run_dependencies/hardware_interface
[28.878s] -- Up-to-date symlink: /home/lulav/ros2_ws/install/hardware_interface/share/ament_index/resource_index/parent_prefix_path/hardware_interface
[28.878s] -- Up-to-date symlink: /home/lulav/ros2_ws/install/hardware_interface/share/hardware_interface/environment/ament_prefix_path.sh
[28.878s] -- Up-to-date symlink: /home/lulav/ros2_ws/install/hardware_interface/share/hardware_interface/environment/ament_prefix_path.dsv
[28.878s] -- Up-to-date symlink: /home/lulav/ros2_ws/install/hardware_interface/share/hardware_interface/environment/path.sh
[28.879s] -- Up-to-date symlink: /home/lulav/ros2_ws/install/hardware_interface/share/hardware_interface/environment/path.dsv
[28.879s] -- Up-to-date symlink: /home/lulav/ros2_ws/install/hardware_interface/share/hardware_interface/local_setup.bash
[28.879s] -- Up-to-date symlink: /home/lulav/ros2_ws/install/hardware_interface/share/hardware_interface/local_setup.sh
[28.879s] -- Up-to-date symlink: /home/lulav/ros2_ws/install/hardware_interface/share/hardware_interface/local_setup.zsh
[28.880s] -- Up-to-date symlink: /home/lulav/ros2_ws/install/hardware_interface/share/hardware_interface/local_setup.dsv
[28.880s] -- Symlinking: /home/lulav/ros2_ws/install/hardware_interface/share/hardware_interface/package.dsv
[28.895s] -- Up-to-date symlink: /home/lulav/ros2_ws/install/hardware_interface/share/ament_index/resource_index/packages/hardware_interface
[28.895s] -- Up-to-date symlink: /home/lulav/ros2_ws/install/hardware_interface/share/ament_index/resource_index/hardware_interface__pluginlib__plugin/hardware_interface
[28.895s] -- Up-to-date symlink: /home/lulav/ros2_ws/install/hardware_interface/share/hardware_interface/cmake/ament_cmake_export_include_directories-extras.cmake
[28.896s] -- Up-to-date symlink: /home/lulav/ros2_ws/install/hardware_interface/share/hardware_interface/cmake/ament_cmake_export_libraries-extras.cmake
[28.896s] -- Up-to-date symlink: /home/lulav/ros2_ws/install/hardware_interface/share/hardware_interface/cmake/ament_cmake_export_dependencies-extras.cmake
[28.896s] -- Up-to-date symlink: /home/lulav/ros2_ws/install/hardware_interface/share/hardware_interface/cmake/hardware_interfaceConfig.cmake
[28.896s] -- Up-to-date symlink: /home/lulav/ros2_ws/install/hardware_interface/share/hardware_interface/cmake/hardware_interfaceConfig-version.cmake
[28.896s] -- Up-to-date symlink: /home/lulav/ros2_ws/install/hardware_interface/share/hardware_interface/package.xml
[28.905s] Invoked command in '/home/lulav/ros2_ws/build/hardware_interface' returned '0': AMENT_PREFIX_PATH=/home/lulav/ros2_ws/install/ros2_control_test_assets:/home/lulav/ros2_ws/install/control_msgs:${AMENT_PREFIX_PATH} CMAKE_PREFIX_PATH=/home/lulav/ros2_ws/install/ros2_control_test_assets:/home/lulav/ros2_ws/install/control_msgs:/opt/ros/humble LD_LIBRARY_PATH=/home/lulav/ros2_ws/install/control_msgs/lib:${LD_LIBRARY_PATH} PYTHONPATH=/home/lulav/ros2_ws/install/control_msgs/local/lib/python3.10/dist-packages:${PYTHONPATH} /usr/bin/cmake --install /home/lulav/ros2_ws/build/hardware_interface
