[0.026s] Invoking command in '/home/lulav/ros2_ws/build/hardware_interface': AMENT_PREFIX_PATH=/home/lulav/ros2_ws/install/ros2_control_test_assets:/home/lulav/ros2_ws/install/control_msgs:${AMENT_PREFIX_PATH} CMAKE_PREFIX_PATH=/home/lulav/ros2_ws/install/ros2_control_test_assets:/home/lulav/ros2_ws/install/control_msgs:/opt/ros/humble LD_LIBRARY_PATH=/home/lulav/ros2_ws/install/control_msgs/lib:${LD_LIBRARY_PATH} PYTHONPATH=/home/lulav/ros2_ws/install/control_msgs/local/lib/python3.10/dist-packages:${PYTHONPATH} /usr/bin/cmake /home/lulav/ros2_ws/src/ros2_control/hardware_interface -DAMENT_CMAKE_SYMLINK_INSTALL=1 -DCMAKE_INSTALL_PREFIX=/home/lulav/ros2_ws/install/hardware_interface
[0.118s] -- The C compiler identification is GNU 11.4.0
[0.213s] -- The CXX compiler identification is GNU 11.4.0
[0.226s] -- Detecting C compiler ABI info
[0.342s] -- Detecting C compiler ABI info - done
[0.366s] -- Check for working C compiler: /usr/bin/cc - skipped
[0.366s] -- Detecting C compile features
[0.367s] -- Detecting C compile features - done
[0.375s] -- Detecting CXX compiler ABI info
[0.494s] -- Detecting CXX compiler ABI info - done
[0.507s] -- Check for working CXX compiler: /usr/bin/c++ - skipped
[0.508s] -- Detecting CXX compile features
[0.509s] -- Detecting CXX compile features - done
[0.512s] -- Found ament_cmake: 1.3.5 (/opt/ros/humble/share/ament_cmake/cmake)
[0.796s] -- Found Python3: /usr/bin/python3.10 (found version "3.10.12") found components: Interpreter 
[0.897s] -- Override CMake install command with custom implementation using symlinks instead of copying resources
[0.942s] -- Found control_msgs: 4.4.0 (/home/lulav/ros2_ws/install/control_msgs/share/control_msgs/cmake)
[1.001s] -- Found rosidl_generator_c: 3.1.5 (/opt/ros/humble/share/rosidl_generator_c/cmake)
[1.008s] -- Found rosidl_adapter: 3.1.5 (/opt/ros/humble/share/rosidl_adapter/cmake)
[1.022s] -- Found rosidl_generator_cpp: 3.1.5 (/opt/ros/humble/share/rosidl_generator_cpp/cmake)
[1.043s] -- Using all available rosidl_typesupport_c: rosidl_typesupport_fastrtps_c;rosidl_typesupport_introspection_c
[1.074s] -- Using all available rosidl_typesupport_cpp: rosidl_typesupport_fastrtps_cpp;rosidl_typesupport_introspection_cpp
[1.984s] -- Found lifecycle_msgs: 1.2.1 (/opt/ros/humble/share/lifecycle_msgs/cmake)
[2.012s] -- Found pluginlib: 5.1.0 (/opt/ros/humble/share/pluginlib/cmake)
[2.054s] -- Found rclcpp_lifecycle: 16.0.5 (/opt/ros/humble/share/rclcpp_lifecycle/cmake)
[2.151s] -- Found rmw_implementation_cmake: 6.1.1 (/opt/ros/humble/share/rmw_implementation_cmake/cmake)
[2.155s] -- Found rmw_fastrtps_cpp: 6.2.3 (/opt/ros/humble/share/rmw_fastrtps_cpp/cmake)
[2.305s] -- Found OpenSSL: /usr/lib/x86_64-linux-gnu/libcrypto.so (found version "3.0.2")  
[2.352s] -- Found FastRTPS: /opt/ros/humble/include  
[2.428s] -- Using RMW implementation 'rmw_fastrtps_cpp' as default
[2.442s] -- Looking for pthread.h
[2.546s] -- Looking for pthread.h - found
[2.546s] -- Performing Test CMAKE_HAVE_LIBC_PTHREAD
[2.654s] -- Performing Test CMAKE_HAVE_LIBC_PTHREAD - Success
[2.656s] -- Found Threads: TRUE  
[2.925s] -- Found TinyXML2: /usr/lib/x86_64-linux-gnu/libtinyxml2.so  
[2.933s] -- Found ament_cmake_gmock: 1.3.5 (/opt/ros/humble/share/ament_cmake_gmock/cmake)
[2.934s] -- Found ros2_control_test_assets: 2.29.0 (/home/lulav/ros2_ws/install/ros2_control_test_assets/share/ros2_control_test_assets/cmake)
[2.937s] -- Found gmock sources under '/opt/ros/humble/src/gmock_vendor': C++ tests using 'Google Mock' will be built
[2.943s] -- Found ament_cmake_gtest: 1.3.5 (/opt/ros/humble/share/ament_cmake_gtest/cmake)
[2.945s] -- Found gtest sources under '/opt/ros/humble/src/gtest_vendor': C++ tests using 'Google Test' will be built
[3.068s] -- Configuring done
[3.159s] -- Generating done
[3.163s] -- Build files have been written to: /home/lulav/ros2_ws/build/hardware_interface
[3.181s] Invoked command in '/home/lulav/ros2_ws/build/hardware_interface' returned '0': AMENT_PREFIX_PATH=/home/lulav/ros2_ws/install/ros2_control_test_assets:/home/lulav/ros2_ws/install/control_msgs:${AMENT_PREFIX_PATH} CMAKE_PREFIX_PATH=/home/lulav/ros2_ws/install/ros2_control_test_assets:/home/lulav/ros2_ws/install/control_msgs:/opt/ros/humble LD_LIBRARY_PATH=/home/lulav/ros2_ws/install/control_msgs/lib:${LD_LIBRARY_PATH} PYTHONPATH=/home/lulav/ros2_ws/install/control_msgs/local/lib/python3.10/dist-packages:${PYTHONPATH} /usr/bin/cmake /home/lulav/ros2_ws/src/ros2_control/hardware_interface -DAMENT_CMAKE_SYMLINK_INSTALL=1 -DCMAKE_INSTALL_PREFIX=/home/lulav/ros2_ws/install/hardware_interface
[3.183s] Invoking command in '/home/lulav/ros2_ws/build/hardware_interface': AMENT_PREFIX_PATH=/home/lulav/ros2_ws/install/ros2_control_test_assets:/home/lulav/ros2_ws/install/control_msgs:${AMENT_PREFIX_PATH} CMAKE_PREFIX_PATH=/home/lulav/ros2_ws/install/ros2_control_test_assets:/home/lulav/ros2_ws/install/control_msgs:/opt/ros/humble LD_LIBRARY_PATH=/home/lulav/ros2_ws/install/control_msgs/lib:${LD_LIBRARY_PATH} PYTHONPATH=/home/lulav/ros2_ws/install/control_msgs/local/lib/python3.10/dist-packages:${PYTHONPATH} /usr/bin/cmake --build /home/lulav/ros2_ws/build/hardware_interface -- -j8 -l8
[3.267s] [  2%] [32mBuilding CXX object gmock/CMakeFiles/gmock.dir/opt/ros/humble/src/gtest_vendor/src/gtest-all.cc.o[0m
[3.267s] [  5%] [32mBuilding CXX object gmock/CMakeFiles/gmock_main.dir/src/gmock_main.cc.o[0m
[3.267s] [  7%] [32mBuilding CXX object CMakeFiles/hardware_interface.dir/src/actuator.cpp.o[0m
[3.268s] [ 10%] [32mBuilding CXX object CMakeFiles/hardware_interface.dir/src/sensor.cpp.o[0m
[3.269s] [ 12%] [32mBuilding CXX object CMakeFiles/hardware_interface.dir/src/system.cpp.o[0m
[3.270s] [ 15%] [32mBuilding CXX object gmock/CMakeFiles/gmock.dir/src/gmock-all.cc.o[0m
[3.273s] [ 17%] [32mBuilding CXX object CMakeFiles/hardware_interface.dir/src/component_parser.cpp.o[0m
[3.277s] [ 20%] [32mBuilding CXX object CMakeFiles/hardware_interface.dir/src/resource_manager.cpp.o[0m
[6.164s] [ 23%] [32m[1mLinking CXX static library libgmock_main.a[0m
[6.272s] [ 23%] Built target gmock_main
[10.255s] [ 25%] [32m[1mLinking CXX static library libgmock.a[0m
[10.394s] [ 25%] Built target gmock
[10.424s] [ 28%] [32mBuilding CXX object CMakeFiles/test_macros.dir/test/test_macros.cpp.o[0m
[12.081s] [ 30%] [32m[1mLinking CXX shared library libhardware_interface.so[0m
[12.480s] [ 33%] [32m[1mLinking CXX executable test_macros[0m
[12.606s] [ 33%] Built target hardware_interface
[12.652s] [ 43%] [32mBuilding CXX object CMakeFiles/fake_components.dir/src/mock_components/generic_system.cpp.o[0m
[12.652s] [ 46%] [32mBuilding CXX object CMakeFiles/mock_components.dir/src/mock_components/generic_system.cpp.o[0m
[12.652s] [ 43%] [32mBuilding CXX object CMakeFiles/test_inst_hardwares.dir/test/test_inst_hardwares.cpp.o[0m
[12.652s] [ 46%] [32mBuilding CXX object CMakeFiles/test_component_interfaces.dir/test/test_component_interfaces.cpp.o[0m
[12.652s] [ 46%] [32mBuilding CXX object CMakeFiles/test_joint_handle.dir/test/test_handle.cpp.o[0m
[12.653s] [ 48%] [32mBuilding CXX object CMakeFiles/test_components.dir/test/test_components/test_actuator.cpp.o[0m
[12.653s] [ 51%] [32mBuilding CXX object CMakeFiles/test_component_parser.dir/test/test_component_parser.cpp.o[0m
[12.780s] [ 51%] Built target test_macros
[12.826s] [ 53%] [32mBuilding CXX object CMakeFiles/test_hardware_components.dir/test/test_hardware_components/test_single_joint_actuator.cpp.o[0m
[16.184s] [ 56%] [32mBuilding CXX object CMakeFiles/test_components.dir/test/test_components/test_sensor.cpp.o[0m
[16.228s] [ 58%] [32mBuilding CXX object CMakeFiles/test_hardware_components.dir/test/test_hardware_components/test_force_torque_sensor.cpp.o[0m
[16.488s] [ 61%] [32m[1mLinking CXX executable test_joint_handle[0m
[17.061s] [ 64%] [32m[1mLinking CXX executable test_inst_hardwares[0m
[17.155s] [ 64%] Built target test_joint_handle
[17.206s] [ 66%] [32mBuilding CXX object CMakeFiles/test_resource_manager.dir/test/test_resource_manager.cpp.o[0m
[17.240s] [ 69%] [32mBuilding CXX object CMakeFiles/fake_components.dir/src/mock_components/fake_generic_system.cpp.o[0m
[17.495s] [ 71%] [32m[1mLinking CXX shared library libmock_components.so[0m
[17.761s] [ 71%] Built target test_inst_hardwares
[17.816s] [ 74%] [32mBuilding CXX object CMakeFiles/test_generic_system.dir/test/mock_components/test_generic_system.cpp.o[0m
[17.999s] [ 74%] Built target mock_components
[18.020s] [ 76%] [32mBuilding CXX object CMakeFiles/test_hardware_components.dir/test/test_hardware_components/test_two_joint_system.cpp.o[0m
[19.646s] [ 79%] [32mBuilding CXX object CMakeFiles/test_components.dir/test/test_components/test_system.cpp.o[0m
[19.842s] [ 82%] [32mBuilding CXX object CMakeFiles/test_hardware_components.dir/test/test_hardware_components/test_system_with_command_modes.cpp.o[0m
[19.907s] [ 84%] [32m[1mLinking CXX executable test_component_interfaces[0m
[20.573s] [ 87%] [32m[1mLinking CXX shared library libfake_components.so[0m
[20.764s] [ 87%] Built target test_component_interfaces
[21.138s] [ 87%] Built target fake_components
[21.674s] [ 89%] [32m[1mLinking CXX executable test_component_parser[0m
[22.538s] [ 89%] Built target test_component_parser
[22.761s] [ 92%] [32m[1mLinking CXX shared library libtest_components.so[0m
[23.078s] [ 92%] Built target test_components
[23.488s] [ 94%] [32m[1mLinking CXX shared library libtest_hardware_components.so[0m
[23.818s] [ 94%] Built target test_hardware_components
[24.374s] [ 97%] [32m[1mLinking CXX executable test_generic_system[0m
[24.921s] [ 97%] Built target test_generic_system
[24.959s] [100%] [32m[1mLinking CXX executable test_resource_manager[0m
[25.540s] [100%] Built target test_resource_manager
[25.558s] Invoked command in '/home/lulav/ros2_ws/build/hardware_interface' returned '0': AMENT_PREFIX_PATH=/home/lulav/ros2_ws/install/ros2_control_test_assets:/home/lulav/ros2_ws/install/control_msgs:${AMENT_PREFIX_PATH} CMAKE_PREFIX_PATH=/home/lulav/ros2_ws/install/ros2_control_test_assets:/home/lulav/ros2_ws/install/control_msgs:/opt/ros/humble LD_LIBRARY_PATH=/home/lulav/ros2_ws/install/control_msgs/lib:${LD_LIBRARY_PATH} PYTHONPATH=/home/lulav/ros2_ws/install/control_msgs/local/lib/python3.10/dist-packages:${PYTHONPATH} /usr/bin/cmake --build /home/lulav/ros2_ws/build/hardware_interface -- -j8 -l8
[25.673s] Invoking command in '/home/lulav/ros2_ws/build/hardware_interface': AMENT_PREFIX_PATH=/home/lulav/ros2_ws/install/ros2_control_test_assets:/home/lulav/ros2_ws/install/control_msgs:${AMENT_PREFIX_PATH} CMAKE_PREFIX_PATH=/home/lulav/ros2_ws/install/ros2_control_test_assets:/home/lulav/ros2_ws/install/control_msgs:/opt/ros/humble LD_LIBRARY_PATH=/home/lulav/ros2_ws/install/control_msgs/lib:${LD_LIBRARY_PATH} PYTHONPATH=/home/lulav/ros2_ws/install/control_msgs/local/lib/python3.10/dist-packages:${PYTHONPATH} /usr/bin/cmake --install /home/lulav/ros2_ws/build/hardware_interface
[25.684s] -- Install configuration: ""
[25.685s] -- Execute custom install script
[25.685s] -- Symlinking: /home/lulav/ros2_ws/install/hardware_interface/share/hardware_interface//mock_components_plugin_description.xml
[25.698s] -- Symlinking: /home/lulav/ros2_ws/install/hardware_interface/share/hardware_interface//fake_components_plugin_description.xml
[25.712s] -- Symlinking: /home/lulav/ros2_ws/install/hardware_interface/include/fake_components/generic_system.hpp
[25.725s] -- Symlinking: /home/lulav/ros2_ws/install/hardware_interface/include/fake_components/visibility_control.h
[25.738s] -- Symlinking: /home/lulav/ros2_ws/install/hardware_interface/include/hardware_interface/actuator.hpp
[25.751s] -- Symlinking: /home/lulav/ros2_ws/install/hardware_interface/include/hardware_interface/actuator_interface.hpp
[25.764s] -- Symlinking: /home/lulav/ros2_ws/install/hardware_interface/include/hardware_interface/component_parser.hpp
[25.777s] -- Symlinking: /home/lulav/ros2_ws/install/hardware_interface/include/hardware_interface/controller_info.hpp
[25.791s] -- Symlinking: /home/lulav/ros2_ws/install/hardware_interface/include/hardware_interface/handle.hpp
[25.805s] -- Symlinking: /home/lulav/ros2_ws/install/hardware_interface/include/hardware_interface/hardware_component_info.hpp
[25.817s] -- Symlinking: /home/lulav/ros2_ws/install/hardware_interface/include/hardware_interface/hardware_info.hpp
[25.830s] -- Symlinking: /home/lulav/ros2_ws/install/hardware_interface/include/hardware_interface/loaned_command_interface.hpp
[25.843s] -- Symlinking: /home/lulav/ros2_ws/install/hardware_interface/include/hardware_interface/loaned_state_interface.hpp
[25.855s] -- Symlinking: /home/lulav/ros2_ws/install/hardware_interface/include/hardware_interface/macros.hpp
[25.868s] -- Symlinking: /home/lulav/ros2_ws/install/hardware_interface/include/hardware_interface/resource_manager.hpp
[25.881s] -- Symlinking: /home/lulav/ros2_ws/install/hardware_interface/include/hardware_interface/sensor.hpp
[25.894s] -- Symlinking: /home/lulav/ros2_ws/install/hardware_interface/include/hardware_interface/sensor_interface.hpp
[25.907s] -- Symlinking: /home/lulav/ros2_ws/install/hardware_interface/include/hardware_interface/system.hpp
[25.920s] -- Symlinking: /home/lulav/ros2_ws/install/hardware_interface/include/hardware_interface/system_interface.hpp
[25.932s] -- Symlinking: /home/lulav/ros2_ws/install/hardware_interface/include/hardware_interface/types/hardware_interface_return_values.hpp
[25.945s] -- Symlinking: /home/lulav/ros2_ws/install/hardware_interface/include/hardware_interface/types/hardware_interface_type_values.hpp
[25.959s] -- Symlinking: /home/lulav/ros2_ws/install/hardware_interface/include/hardware_interface/types/lifecycle_state_names.hpp
[25.972s] -- Symlinking: /home/lulav/ros2_ws/install/hardware_interface/include/hardware_interface/visibility_control.h
[25.985s] -- Symlinking: /home/lulav/ros2_ws/install/hardware_interface/include/mock_components/generic_system.hpp
[25.998s] -- Symlinking: /home/lulav/ros2_ws/install/hardware_interface/include/mock_components/visibility_control.h
[26.011s] -- Symlinking: /home/lulav/ros2_ws/install/hardware_interface/lib/libfake_components.so
[26.024s] -- Symlinking: /home/lulav/ros2_ws/install/hardware_interface/lib/libmock_components.so
[26.038s] -- Symlinking: /home/lulav/ros2_ws/install/hardware_interface/lib/libhardware_interface.so
[26.051s] -- Symlinking: /home/lulav/ros2_ws/install/hardware_interface/lib/libtest_components.so
[26.065s] -- Symlinking: /home/lulav/ros2_ws/install/hardware_interface/share/hardware_interface/test/test_components/test_components.xml
[26.078s] -- Symlinking: /home/lulav/ros2_ws/install/hardware_interface/lib/libtest_hardware_components.so
[26.091s] -- Symlinking: /home/lulav/ros2_ws/install/hardware_interface/share/hardware_interface/test/test_hardware_components/test_hardware_components.xml
[26.104s] -- Symlinking: /home/lulav/ros2_ws/install/hardware_interface/share/hardware_interface/environment/library_path.sh
[26.116s] -- Symlinking: /home/lulav/ros2_ws/install/hardware_interface/share/hardware_interface/environment/library_path.dsv
[26.130s] -- Symlinking: /home/lulav/ros2_ws/install/hardware_interface/share/ament_index/resource_index/package_run_dependencies/hardware_interface
[26.143s] -- Symlinking: /home/lulav/ros2_ws/install/hardware_interface/share/ament_index/resource_index/parent_prefix_path/hardware_interface
[26.155s] -- Symlinking: /home/lulav/ros2_ws/install/hardware_interface/share/hardware_interface/environment/ament_prefix_path.sh
[26.168s] -- Symlinking: /home/lulav/ros2_ws/install/hardware_interface/share/hardware_interface/environment/ament_prefix_path.dsv
[26.181s] -- Symlinking: /home/lulav/ros2_ws/install/hardware_interface/share/hardware_interface/environment/path.sh
[26.193s] -- Symlinking: /home/lulav/ros2_ws/install/hardware_interface/share/hardware_interface/environment/path.dsv
[26.206s] -- Symlinking: /home/lulav/ros2_ws/install/hardware_interface/share/hardware_interface/local_setup.bash
[26.219s] -- Symlinking: /home/lulav/ros2_ws/install/hardware_interface/share/hardware_interface/local_setup.sh
[26.232s] -- Symlinking: /home/lulav/ros2_ws/install/hardware_interface/share/hardware_interface/local_setup.zsh
[26.244s] -- Symlinking: /home/lulav/ros2_ws/install/hardware_interface/share/hardware_interface/local_setup.dsv
[26.257s] -- Symlinking: /home/lulav/ros2_ws/install/hardware_interface/share/hardware_interface/package.dsv
[26.271s] -- Symlinking: /home/lulav/ros2_ws/install/hardware_interface/share/ament_index/resource_index/packages/hardware_interface
[26.284s] -- Symlinking: /home/lulav/ros2_ws/install/hardware_interface/share/ament_index/resource_index/hardware_interface__pluginlib__plugin/hardware_interface
[26.297s] -- Symlinking: /home/lulav/ros2_ws/install/hardware_interface/share/hardware_interface/cmake/ament_cmake_export_include_directories-extras.cmake
[26.310s] -- Symlinking: /home/lulav/ros2_ws/install/hardware_interface/share/hardware_interface/cmake/ament_cmake_export_libraries-extras.cmake
[26.324s] -- Symlinking: /home/lulav/ros2_ws/install/hardware_interface/share/hardware_interface/cmake/ament_cmake_export_dependencies-extras.cmake
[26.336s] -- Symlinking: /home/lulav/ros2_ws/install/hardware_interface/share/hardware_interface/cmake/hardware_interfaceConfig.cmake
[26.350s] -- Symlinking: /home/lulav/ros2_ws/install/hardware_interface/share/hardware_interface/cmake/hardware_interfaceConfig-version.cmake
[26.364s] -- Symlinking: /home/lulav/ros2_ws/install/hardware_interface/share/hardware_interface/package.xml
[26.384s] Invoked command in '/home/lulav/ros2_ws/build/hardware_interface' returned '0': AMENT_PREFIX_PATH=/home/lulav/ros2_ws/install/ros2_control_test_assets:/home/lulav/ros2_ws/install/control_msgs:${AMENT_PREFIX_PATH} CMAKE_PREFIX_PATH=/home/lulav/ros2_ws/install/ros2_control_test_assets:/home/lulav/ros2_ws/install/control_msgs:/opt/ros/humble LD_LIBRARY_PATH=/home/lulav/ros2_ws/install/control_msgs/lib:${LD_LIBRARY_PATH} PYTHONPATH=/home/lulav/ros2_ws/install/control_msgs/local/lib/python3.10/dist-packages:${PYTHONPATH} /usr/bin/cmake --install /home/lulav/ros2_ws/build/hardware_interface
