[0.067s] Invoking command in '/home/lulav/ros2_ws/build/control_msgs': CMAKE_PREFIX_PATH=/opt/ros/humble /usr/bin/cmake --build /home/lulav/ros2_ws/build/control_msgs -- -j8 -l8
[0.200s] [35m[1mConsolidate compiler generated dependencies of target control_msgs__rosidl_generator_c[0m
[0.235s] [  0%] Built target control_msgs__cpp
[0.273s] [ 12%] Built target control_msgs__rosidl_generator_c
[0.292s] [ 12%] Built target ament_cmake_python_symlink_control_msgs
[0.305s] [35m[1mConsolidate compiler generated dependencies of target control_msgs__rosidl_typesupport_cpp[0m
[0.382s] [35m[1mConsolidate compiler generated dependencies of target control_msgs__rosidl_typesupport_introspection_cpp[0m
[0.386s] [35m[1mConsolidate compiler generated dependencies of target control_msgs__rosidl_typesupport_fastrtps_cpp[0m
[0.402s] [35m[1mConsolidate compiler generated dependencies of target control_msgs__rosidl_typesupport_c[0m
[0.415s] [35m[1mConsolidate compiler generated dependencies of target control_msgs__rosidl_typesupport_introspection_c[0m
[0.437s] [35m[1mConsolidate compiler generated dependencies of target control_msgs__rosidl_typesupport_fastrtps_c[0m
[0.478s] [ 24%] Built target control_msgs__rosidl_typesupport_cpp
[0.531s] [ 36%] Built target control_msgs__rosidl_typesupport_c
[0.558s] [ 48%] Built target control_msgs__rosidl_typesupport_fastrtps_cpp
[0.574s] [ 60%] Built target control_msgs__rosidl_typesupport_introspection_c
[0.586s] [ 72%] Built target control_msgs__rosidl_typesupport_introspection_cpp
[0.615s] [ 84%] Built target control_msgs__rosidl_typesupport_fastrtps_c
[0.666s] [ 84%] Built target control_msgs
[0.725s] [ 85%] Built target control_msgs__py
[0.794s] [35m[1mConsolidate compiler generated dependencies of target control_msgs__rosidl_generator_py[0m
[0.875s] [ 96%] Built target control_msgs__rosidl_generator_py
[0.899s] [35m[1mConsolidate compiler generated dependencies of target control_msgs__rosidl_typesupport_c__pyext[0m
[0.899s] [35m[1mConsolidate compiler generated dependencies of target control_msgs__rosidl_typesupport_fastrtps_c__pyext[0m
[0.899s] [35m[1mConsolidate compiler generated dependencies of target control_msgs__rosidl_typesupport_introspection_c__pyext[0m
[0.932s] [ 98%] Built target control_msgs__rosidl_typesupport_introspection_c__pyext
[0.933s] [ 99%] Built target control_msgs__rosidl_typesupport_c__pyext
[0.933s] [100%] Built target control_msgs__rosidl_typesupport_fastrtps_c__pyext
[1.117s] running egg_info
[1.128s] writing control_msgs.egg-info/PKG-INFO
[1.129s] writing dependency_links to control_msgs.egg-info/dependency_links.txt
[1.131s] writing top-level names to control_msgs.egg-info/top_level.txt
[1.131s] reading manifest file 'control_msgs.egg-info/SOURCES.txt'
[1.133s] writing manifest file 'control_msgs.egg-info/SOURCES.txt'
[1.185s] [100%] Built target ament_cmake_python_build_control_msgs_egg
[1.254s] Invoked command in '/home/lulav/ros2_ws/build/control_msgs' returned '0': CMAKE_PREFIX_PATH=/opt/ros/humble /usr/bin/cmake --build /home/lulav/ros2_ws/build/control_msgs -- -j8 -l8
[1.809s] Invoking command in '/home/lulav/ros2_ws/build/control_msgs': CMAKE_PREFIX_PATH=/opt/ros/humble /usr/bin/cmake --install /home/lulav/ros2_ws/build/control_msgs
[1.822s] -- Install configuration: ""
[1.823s] -- Execute custom install script
[1.823s] -- Up-to-date symlink: /home/lulav/ros2_ws/install/control_msgs/share/ament_index/resource_index/rosidl_interfaces/control_msgs
[1.826s] -- Up-to-date symlink: /home/lulav/ros2_ws/install/control_msgs/include/control_msgs/control_msgs/action/detail/follow_joint_trajectory__functions.h
[1.826s] -- Up-to-date symlink: /home/lulav/ros2_ws/install/control_msgs/include/control_msgs/control_msgs/action/detail/follow_joint_trajectory__struct.h
[1.826s] -- Up-to-date symlink: /home/lulav/ros2_ws/install/control_msgs/include/control_msgs/control_msgs/action/detail/follow_joint_trajectory__type_support.h
[1.826s] -- Up-to-date symlink: /home/lulav/ros2_ws/install/control_msgs/include/control_msgs/control_msgs/action/detail/gripper_command__functions.h
[1.827s] -- Up-to-date symlink: /home/lulav/ros2_ws/install/control_msgs/include/control_msgs/control_msgs/action/detail/gripper_command__struct.h
[1.827s] -- Up-to-date symlink: /home/lulav/ros2_ws/install/control_msgs/include/control_msgs/control_msgs/action/detail/gripper_command__type_support.h
[1.827s] -- Up-to-date symlink: /home/lulav/ros2_ws/install/control_msgs/include/control_msgs/control_msgs/action/detail/joint_trajectory__functions.h
[1.827s] -- Up-to-date symlink: /home/lulav/ros2_ws/install/control_msgs/include/control_msgs/control_msgs/action/detail/joint_trajectory__struct.h
[1.827s] -- Up-to-date symlink: /home/lulav/ros2_ws/install/control_msgs/include/control_msgs/control_msgs/action/detail/joint_trajectory__type_support.h
[1.828s] -- Up-to-date symlink: /home/lulav/ros2_ws/install/control_msgs/include/control_msgs/control_msgs/action/detail/point_head__functions.h
[1.828s] -- Up-to-date symlink: /home/lulav/ros2_ws/install/control_msgs/include/control_msgs/control_msgs/action/detail/point_head__struct.h
[1.828s] -- Up-to-date symlink: /home/lulav/ros2_ws/install/control_msgs/include/control_msgs/control_msgs/action/detail/point_head__type_support.h
[1.829s] -- Up-to-date symlink: /home/lulav/ros2_ws/install/control_msgs/include/control_msgs/control_msgs/action/detail/single_joint_position__functions.h
[1.829s] -- Up-to-date symlink: /home/lulav/ros2_ws/install/control_msgs/include/control_msgs/control_msgs/action/detail/single_joint_position__struct.h
[1.829s] -- Up-to-date symlink: /home/lulav/ros2_ws/install/control_msgs/include/control_msgs/control_msgs/action/detail/single_joint_position__type_support.h
[1.830s] -- Up-to-date symlink: /home/lulav/ros2_ws/install/control_msgs/include/control_msgs/control_msgs/action/follow_joint_trajectory.h
[1.830s] -- Up-to-date symlink: /home/lulav/ros2_ws/install/control_msgs/include/control_msgs/control_msgs/action/gripper_command.h
[1.830s] -- Up-to-date symlink: /home/lulav/ros2_ws/install/control_msgs/include/control_msgs/control_msgs/action/joint_trajectory.h
[1.830s] -- Up-to-date symlink: /home/lulav/ros2_ws/install/control_msgs/include/control_msgs/control_msgs/action/point_head.h
[1.831s] -- Up-to-date symlink: /home/lulav/ros2_ws/install/control_msgs/include/control_msgs/control_msgs/action/single_joint_position.h
[1.831s] -- Up-to-date symlink: /home/lulav/ros2_ws/install/control_msgs/include/control_msgs/control_msgs/msg/admittance_controller_state.h
[1.831s] -- Up-to-date symlink: /home/lulav/ros2_ws/install/control_msgs/include/control_msgs/control_msgs/msg/detail/admittance_controller_state__functions.h
[1.831s] -- Up-to-date symlink: /home/lulav/ros2_ws/install/control_msgs/include/control_msgs/control_msgs/msg/detail/admittance_controller_state__struct.h
[1.831s] -- Up-to-date symlink: /home/lulav/ros2_ws/install/control_msgs/include/control_msgs/control_msgs/msg/detail/admittance_controller_state__type_support.h
[1.832s] -- Up-to-date symlink: /home/lulav/ros2_ws/install/control_msgs/include/control_msgs/control_msgs/msg/detail/dynamic_joint_state__functions.h
[1.832s] -- Up-to-date symlink: /home/lulav/ros2_ws/install/control_msgs/include/control_msgs/control_msgs/msg/detail/dynamic_joint_state__struct.h
[1.832s] -- Up-to-date symlink: /home/lulav/ros2_ws/install/control_msgs/include/control_msgs/control_msgs/msg/detail/dynamic_joint_state__type_support.h
[1.832s] -- Up-to-date symlink: /home/lulav/ros2_ws/install/control_msgs/include/control_msgs/control_msgs/msg/detail/gripper_command__functions.h
[1.832s] -- Up-to-date symlink: /home/lulav/ros2_ws/install/control_msgs/include/control_msgs/control_msgs/msg/detail/gripper_command__struct.h
[1.833s] -- Up-to-date symlink: /home/lulav/ros2_ws/install/control_msgs/include/control_msgs/control_msgs/msg/detail/gripper_command__type_support.h
[1.833s] -- Up-to-date symlink: /home/lulav/ros2_ws/install/control_msgs/include/control_msgs/control_msgs/msg/detail/interface_value__functions.h
[1.833s] -- Up-to-date symlink: /home/lulav/ros2_ws/install/control_msgs/include/control_msgs/control_msgs/msg/detail/interface_value__struct.h
[1.834s] -- Up-to-date symlink: /home/lulav/ros2_ws/install/control_msgs/include/control_msgs/control_msgs/msg/detail/interface_value__type_support.h
[1.834s] -- Up-to-date symlink: /home/lulav/ros2_ws/install/control_msgs/include/control_msgs/control_msgs/msg/detail/joint_component_tolerance__functions.h
[1.834s] -- Up-to-date symlink: /home/lulav/ros2_ws/install/control_msgs/include/control_msgs/control_msgs/msg/detail/joint_component_tolerance__struct.h
[1.834s] -- Up-to-date symlink: /home/lulav/ros2_ws/install/control_msgs/include/control_msgs/control_msgs/msg/detail/joint_component_tolerance__type_support.h
[1.834s] -- Up-to-date symlink: /home/lulav/ros2_ws/install/control_msgs/include/control_msgs/control_msgs/msg/detail/joint_controller_state__functions.h
[1.834s] -- Up-to-date symlink: /home/lulav/ros2_ws/install/control_msgs/include/control_msgs/control_msgs/msg/detail/joint_controller_state__struct.h
[1.835s] -- Up-to-date symlink: /home/lulav/ros2_ws/install/control_msgs/include/control_msgs/control_msgs/msg/detail/joint_controller_state__type_support.h
[1.835s] -- Up-to-date symlink: /home/lulav/ros2_ws/install/control_msgs/include/control_msgs/control_msgs/msg/detail/joint_jog__functions.h
[1.835s] -- Up-to-date symlink: /home/lulav/ros2_ws/install/control_msgs/include/control_msgs/control_msgs/msg/detail/joint_jog__struct.h
[1.835s] -- Up-to-date symlink: /home/lulav/ros2_ws/install/control_msgs/include/control_msgs/control_msgs/msg/detail/joint_jog__type_support.h
[1.836s] -- Up-to-date symlink: /home/lulav/ros2_ws/install/control_msgs/include/control_msgs/control_msgs/msg/detail/joint_tolerance__functions.h
[1.836s] -- Up-to-date symlink: /home/lulav/ros2_ws/install/control_msgs/include/control_msgs/control_msgs/msg/detail/joint_tolerance__struct.h
[1.836s] -- Up-to-date symlink: /home/lulav/ros2_ws/install/control_msgs/include/control_msgs/control_msgs/msg/detail/joint_tolerance__type_support.h
[1.836s] -- Up-to-date symlink: /home/lulav/ros2_ws/install/control_msgs/include/control_msgs/control_msgs/msg/detail/joint_trajectory_controller_state__functions.h
[1.836s] -- Up-to-date symlink: /home/lulav/ros2_ws/install/control_msgs/include/control_msgs/control_msgs/msg/detail/joint_trajectory_controller_state__struct.h
[1.837s] -- Up-to-date symlink: /home/lulav/ros2_ws/install/control_msgs/include/control_msgs/control_msgs/msg/detail/joint_trajectory_controller_state__type_support.h
[1.837s] -- Up-to-date symlink: /home/lulav/ros2_ws/install/control_msgs/include/control_msgs/control_msgs/msg/detail/mecanum_drive_controller_state__functions.h
[1.837s] -- Up-to-date symlink: /home/lulav/ros2_ws/install/control_msgs/include/control_msgs/control_msgs/msg/detail/mecanum_drive_controller_state__struct.h
[1.837s] -- Up-to-date symlink: /home/lulav/ros2_ws/install/control_msgs/include/control_msgs/control_msgs/msg/detail/mecanum_drive_controller_state__type_support.h
[1.838s] -- Up-to-date symlink: /home/lulav/ros2_ws/install/control_msgs/include/control_msgs/control_msgs/msg/detail/pid_state__functions.h
[1.838s] -- Up-to-date symlink: /home/lulav/ros2_ws/install/control_msgs/include/control_msgs/control_msgs/msg/detail/pid_state__struct.h
[1.838s] -- Up-to-date symlink: /home/lulav/ros2_ws/install/control_msgs/include/control_msgs/control_msgs/msg/detail/pid_state__type_support.h
[1.839s] -- Up-to-date symlink: /home/lulav/ros2_ws/install/control_msgs/include/control_msgs/control_msgs/msg/detail/steering_controller_status__functions.h
[1.839s] -- Up-to-date symlink: /home/lulav/ros2_ws/install/control_msgs/include/control_msgs/control_msgs/msg/detail/steering_controller_status__struct.h
[1.839s] -- Up-to-date symlink: /home/lulav/ros2_ws/install/control_msgs/include/control_msgs/control_msgs/msg/detail/steering_controller_status__type_support.h
[1.839s] -- Up-to-date symlink: /home/lulav/ros2_ws/install/control_msgs/include/control_msgs/control_msgs/msg/dynamic_joint_state.h
[1.839s] -- Up-to-date symlink: /home/lulav/ros2_ws/install/control_msgs/include/control_msgs/control_msgs/msg/gripper_command.h
[1.839s] -- Up-to-date symlink: /home/lulav/ros2_ws/install/control_msgs/include/control_msgs/control_msgs/msg/interface_value.h
[1.840s] -- Up-to-date symlink: /home/lulav/ros2_ws/install/control_msgs/include/control_msgs/control_msgs/msg/joint_component_tolerance.h
[1.840s] -- Up-to-date symlink: /home/lulav/ros2_ws/install/control_msgs/include/control_msgs/control_msgs/msg/joint_controller_state.h
[1.840s] -- Up-to-date symlink: /home/lulav/ros2_ws/install/control_msgs/include/control_msgs/control_msgs/msg/joint_jog.h
[1.840s] -- Up-to-date symlink: /home/lulav/ros2_ws/install/control_msgs/include/control_msgs/control_msgs/msg/joint_tolerance.h
[1.840s] -- Up-to-date symlink: /home/lulav/ros2_ws/install/control_msgs/include/control_msgs/control_msgs/msg/joint_trajectory_controller_state.h
[1.840s] -- Up-to-date symlink: /home/lulav/ros2_ws/install/control_msgs/include/control_msgs/control_msgs/msg/mecanum_drive_controller_state.h
[1.841s] -- Up-to-date symlink: /home/lulav/ros2_ws/install/control_msgs/include/control_msgs/control_msgs/msg/pid_state.h
[1.841s] -- Up-to-date symlink: /home/lulav/ros2_ws/install/control_msgs/include/control_msgs/control_msgs/msg/rosidl_generator_c__visibility_control.h
[1.841s] -- Up-to-date symlink: /home/lulav/ros2_ws/install/control_msgs/include/control_msgs/control_msgs/msg/steering_controller_status.h
[1.841s] -- Up-to-date symlink: /home/lulav/ros2_ws/install/control_msgs/include/control_msgs/control_msgs/srv/detail/query_calibration_state__functions.h
[1.841s] -- Up-to-date symlink: /home/lulav/ros2_ws/install/control_msgs/include/control_msgs/control_msgs/srv/detail/query_calibration_state__struct.h
[1.842s] -- Up-to-date symlink: /home/lulav/ros2_ws/install/control_msgs/include/control_msgs/control_msgs/srv/detail/query_calibration_state__type_support.h
[1.842s] -- Up-to-date symlink: /home/lulav/ros2_ws/install/control_msgs/include/control_msgs/control_msgs/srv/detail/query_trajectory_state__functions.h
[1.842s] -- Up-to-date symlink: /home/lulav/ros2_ws/install/control_msgs/include/control_msgs/control_msgs/srv/detail/query_trajectory_state__struct.h
[1.842s] -- Up-to-date symlink: /home/lulav/ros2_ws/install/control_msgs/include/control_msgs/control_msgs/srv/detail/query_trajectory_state__type_support.h
[1.842s] -- Up-to-date symlink: /home/lulav/ros2_ws/install/control_msgs/include/control_msgs/control_msgs/srv/query_calibration_state.h
[1.842s] -- Up-to-date symlink: /home/lulav/ros2_ws/install/control_msgs/include/control_msgs/control_msgs/srv/query_trajectory_state.h
[1.842s] -- Up-to-date symlink: /home/lulav/ros2_ws/install/control_msgs/share/control_msgs/environment/library_path.sh
[1.843s] -- Up-to-date symlink: /home/lulav/ros2_ws/install/control_msgs/share/control_msgs/environment/library_path.dsv
[1.843s] -- Up-to-date symlink: /home/lulav/ros2_ws/install/control_msgs/include/control_msgs/control_msgs/action/detail/follow_joint_trajectory__rosidl_typesupport_fastrtps_c.h
[1.843s] -- Up-to-date symlink: /home/lulav/ros2_ws/install/control_msgs/include/control_msgs/control_msgs/action/detail/gripper_command__rosidl_typesupport_fastrtps_c.h
[1.843s] -- Up-to-date symlink: /home/lulav/ros2_ws/install/control_msgs/include/control_msgs/control_msgs/action/detail/joint_trajectory__rosidl_typesupport_fastrtps_c.h
[1.843s] -- Up-to-date symlink: /home/lulav/ros2_ws/install/control_msgs/include/control_msgs/control_msgs/action/detail/point_head__rosidl_typesupport_fastrtps_c.h
[1.844s] -- Up-to-date symlink: /home/lulav/ros2_ws/install/control_msgs/include/control_msgs/control_msgs/action/detail/single_joint_position__rosidl_typesupport_fastrtps_c.h
[1.844s] -- Up-to-date symlink: /home/lulav/ros2_ws/install/control_msgs/include/control_msgs/control_msgs/msg/detail/admittance_controller_state__rosidl_typesupport_fastrtps_c.h
[1.844s] -- Up-to-date symlink: /home/lulav/ros2_ws/install/control_msgs/include/control_msgs/control_msgs/msg/detail/dynamic_joint_state__rosidl_typesupport_fastrtps_c.h
[1.844s] -- Up-to-date symlink: /home/lulav/ros2_ws/install/control_msgs/include/control_msgs/control_msgs/msg/detail/gripper_command__rosidl_typesupport_fastrtps_c.h
[1.845s] -- Up-to-date symlink: /home/lulav/ros2_ws/install/control_msgs/include/control_msgs/control_msgs/msg/detail/interface_value__rosidl_typesupport_fastrtps_c.h
[1.845s] -- Up-to-date symlink: /home/lulav/ros2_ws/install/control_msgs/include/control_msgs/control_msgs/msg/detail/joint_component_tolerance__rosidl_typesupport_fastrtps_c.h
[1.845s] -- Up-to-date symlink: /home/lulav/ros2_ws/install/control_msgs/include/control_msgs/control_msgs/msg/detail/joint_controller_state__rosidl_typesupport_fastrtps_c.h
[1.846s] -- Up-to-date symlink: /home/lulav/ros2_ws/install/control_msgs/include/control_msgs/control_msgs/msg/detail/joint_jog__rosidl_typesupport_fastrtps_c.h
[1.846s] -- Up-to-date symlink: /home/lulav/ros2_ws/install/control_msgs/include/control_msgs/control_msgs/msg/detail/joint_tolerance__rosidl_typesupport_fastrtps_c.h
[1.846s] -- Up-to-date symlink: /home/lulav/ros2_ws/install/control_msgs/include/control_msgs/control_msgs/msg/detail/joint_trajectory_controller_state__rosidl_typesupport_fastrtps_c.h
[1.846s] -- Up-to-date symlink: /home/lulav/ros2_ws/install/control_msgs/include/control_msgs/control_msgs/msg/detail/mecanum_drive_controller_state__rosidl_typesupport_fastrtps_c.h
[1.847s] -- Up-to-date symlink: /home/lulav/ros2_ws/install/control_msgs/include/control_msgs/control_msgs/msg/detail/pid_state__rosidl_typesupport_fastrtps_c.h
[1.847s] -- Up-to-date symlink: /home/lulav/ros2_ws/install/control_msgs/include/control_msgs/control_msgs/msg/detail/steering_controller_status__rosidl_typesupport_fastrtps_c.h
[1.847s] -- Up-to-date symlink: /home/lulav/ros2_ws/install/control_msgs/include/control_msgs/control_msgs/msg/rosidl_typesupport_fastrtps_c__visibility_control.h
[1.847s] -- Up-to-date symlink: /home/lulav/ros2_ws/install/control_msgs/include/control_msgs/control_msgs/srv/detail/query_calibration_state__rosidl_typesupport_fastrtps_c.h
[1.848s] -- Up-to-date symlink: /home/lulav/ros2_ws/install/control_msgs/include/control_msgs/control_msgs/srv/detail/query_trajectory_state__rosidl_typesupport_fastrtps_c.h
[1.848s] -- Up-to-date symlink: /home/lulav/ros2_ws/install/control_msgs/include/control_msgs/control_msgs/action/detail/follow_joint_trajectory__builder.hpp
[1.848s] -- Up-to-date symlink: /home/lulav/ros2_ws/install/control_msgs/include/control_msgs/control_msgs/action/detail/follow_joint_trajectory__struct.hpp
[1.848s] -- Up-to-date symlink: /home/lulav/ros2_ws/install/control_msgs/include/control_msgs/control_msgs/action/detail/follow_joint_trajectory__traits.hpp
[1.848s] -- Up-to-date symlink: /home/lulav/ros2_ws/install/control_msgs/include/control_msgs/control_msgs/action/detail/gripper_command__builder.hpp
[1.848s] -- Up-to-date symlink: /home/lulav/ros2_ws/install/control_msgs/include/control_msgs/control_msgs/action/detail/gripper_command__struct.hpp
[1.849s] -- Up-to-date symlink: /home/lulav/ros2_ws/install/control_msgs/include/control_msgs/control_msgs/action/detail/gripper_command__traits.hpp
[1.849s] -- Up-to-date symlink: /home/lulav/ros2_ws/install/control_msgs/include/control_msgs/control_msgs/action/detail/joint_trajectory__builder.hpp
[1.849s] -- Up-to-date symlink: /home/lulav/ros2_ws/install/control_msgs/include/control_msgs/control_msgs/action/detail/joint_trajectory__struct.hpp
[1.849s] -- Up-to-date symlink: /home/lulav/ros2_ws/install/control_msgs/include/control_msgs/control_msgs/action/detail/joint_trajectory__traits.hpp
[1.850s] -- Up-to-date symlink: /home/lulav/ros2_ws/install/control_msgs/include/control_msgs/control_msgs/action/detail/point_head__builder.hpp
[1.850s] -- Up-to-date symlink: /home/lulav/ros2_ws/install/control_msgs/include/control_msgs/control_msgs/action/detail/point_head__struct.hpp
[1.850s] -- Up-to-date symlink: /home/lulav/ros2_ws/install/control_msgs/include/control_msgs/control_msgs/action/detail/point_head__traits.hpp
[1.850s] -- Up-to-date symlink: /home/lulav/ros2_ws/install/control_msgs/include/control_msgs/control_msgs/action/detail/single_joint_position__builder.hpp
[1.851s] -- Up-to-date symlink: /home/lulav/ros2_ws/install/control_msgs/include/control_msgs/control_msgs/action/detail/single_joint_position__struct.hpp
[1.851s] -- Up-to-date symlink: /home/lulav/ros2_ws/install/control_msgs/include/control_msgs/control_msgs/action/detail/single_joint_position__traits.hpp
[1.851s] -- Up-to-date symlink: /home/lulav/ros2_ws/install/control_msgs/include/control_msgs/control_msgs/action/follow_joint_trajectory.hpp
[1.852s] -- Up-to-date symlink: /home/lulav/ros2_ws/install/control_msgs/include/control_msgs/control_msgs/action/gripper_command.hpp
[1.852s] -- Up-to-date symlink: /home/lulav/ros2_ws/install/control_msgs/include/control_msgs/control_msgs/action/joint_trajectory.hpp
[1.852s] -- Up-to-date symlink: /home/lulav/ros2_ws/install/control_msgs/include/control_msgs/control_msgs/action/point_head.hpp
[1.852s] -- Up-to-date symlink: /home/lulav/ros2_ws/install/control_msgs/include/control_msgs/control_msgs/action/single_joint_position.hpp
[1.852s] -- Up-to-date symlink: /home/lulav/ros2_ws/install/control_msgs/include/control_msgs/control_msgs/msg/admittance_controller_state.hpp
[1.853s] -- Up-to-date symlink: /home/lulav/ros2_ws/install/control_msgs/include/control_msgs/control_msgs/msg/detail/admittance_controller_state__builder.hpp
[1.853s] -- Up-to-date symlink: /home/lulav/ros2_ws/install/control_msgs/include/control_msgs/control_msgs/msg/detail/admittance_controller_state__struct.hpp
[1.853s] -- Up-to-date symlink: /home/lulav/ros2_ws/install/control_msgs/include/control_msgs/control_msgs/msg/detail/admittance_controller_state__traits.hpp
[1.853s] -- Up-to-date symlink: /home/lulav/ros2_ws/install/control_msgs/include/control_msgs/control_msgs/msg/detail/dynamic_joint_state__builder.hpp
[1.854s] -- Up-to-date symlink: /home/lulav/ros2_ws/install/control_msgs/include/control_msgs/control_msgs/msg/detail/dynamic_joint_state__struct.hpp
[1.854s] -- Up-to-date symlink: /home/lulav/ros2_ws/install/control_msgs/include/control_msgs/control_msgs/msg/detail/dynamic_joint_state__traits.hpp
[1.854s] -- Up-to-date symlink: /home/lulav/ros2_ws/install/control_msgs/include/control_msgs/control_msgs/msg/detail/gripper_command__builder.hpp
[1.854s] -- Up-to-date symlink: /home/lulav/ros2_ws/install/control_msgs/include/control_msgs/control_msgs/msg/detail/gripper_command__struct.hpp
[1.855s] -- Up-to-date symlink: /home/lulav/ros2_ws/install/control_msgs/include/control_msgs/control_msgs/msg/detail/gripper_command__traits.hpp
[1.855s] -- Up-to-date symlink: /home/lulav/ros2_ws/install/control_msgs/include/control_msgs/control_msgs/msg/detail/interface_value__builder.hpp
[1.855s] -- Up-to-date symlink: /home/lulav/ros2_ws/install/control_msgs/include/control_msgs/control_msgs/msg/detail/interface_value__struct.hpp
[1.855s] -- Up-to-date symlink: /home/lulav/ros2_ws/install/control_msgs/include/control_msgs/control_msgs/msg/detail/interface_value__traits.hpp
[1.856s] -- Up-to-date symlink: /home/lulav/ros2_ws/install/control_msgs/include/control_msgs/control_msgs/msg/detail/joint_component_tolerance__builder.hpp
[1.856s] -- Up-to-date symlink: /home/lulav/ros2_ws/install/control_msgs/include/control_msgs/control_msgs/msg/detail/joint_component_tolerance__struct.hpp
[1.856s] -- Up-to-date symlink: /home/lulav/ros2_ws/install/control_msgs/include/control_msgs/control_msgs/msg/detail/joint_component_tolerance__traits.hpp
[1.856s] -- Up-to-date symlink: /home/lulav/ros2_ws/install/control_msgs/include/control_msgs/control_msgs/msg/detail/joint_controller_state__builder.hpp
[1.857s] -- Up-to-date symlink: /home/lulav/ros2_ws/install/control_msgs/include/control_msgs/control_msgs/msg/detail/joint_controller_state__struct.hpp
[1.857s] -- Up-to-date symlink: /home/lulav/ros2_ws/install/control_msgs/include/control_msgs/control_msgs/msg/detail/joint_controller_state__traits.hpp
[1.858s] -- Up-to-date symlink: /home/lulav/ros2_ws/install/control_msgs/include/control_msgs/control_msgs/msg/detail/joint_jog__builder.hpp
[1.858s] -- Up-to-date symlink: /home/lulav/ros2_ws/install/control_msgs/include/control_msgs/control_msgs/msg/detail/joint_jog__struct.hpp
[1.858s] -- Up-to-date symlink: /home/lulav/ros2_ws/install/control_msgs/include/control_msgs/control_msgs/msg/detail/joint_jog__traits.hpp
[1.858s] -- Up-to-date symlink: /home/lulav/ros2_ws/install/control_msgs/include/control_msgs/control_msgs/msg/detail/joint_tolerance__builder.hpp
[1.858s] -- Up-to-date symlink: /home/lulav/ros2_ws/install/control_msgs/include/control_msgs/control_msgs/msg/detail/joint_tolerance__struct.hpp
[1.858s] -- Up-to-date symlink: /home/lulav/ros2_ws/install/control_msgs/include/control_msgs/control_msgs/msg/detail/joint_tolerance__traits.hpp
[1.858s] -- Up-to-date symlink: /home/lulav/ros2_ws/install/control_msgs/include/control_msgs/control_msgs/msg/detail/joint_trajectory_controller_state__builder.hpp
[1.858s] -- Up-to-date symlink: /home/lulav/ros2_ws/install/control_msgs/include/control_msgs/control_msgs/msg/detail/joint_trajectory_controller_state__struct.hpp
[1.859s] -- Up-to-date symlink: /home/lulav/ros2_ws/install/control_msgs/include/control_msgs/control_msgs/msg/detail/joint_trajectory_controller_state__traits.hpp
[1.859s] -- Up-to-date symlink: /home/lulav/ros2_ws/install/control_msgs/include/control_msgs/control_msgs/msg/detail/mecanum_drive_controller_state__builder.hpp
[1.859s] -- Up-to-date symlink: /home/lulav/ros2_ws/install/control_msgs/include/control_msgs/control_msgs/msg/detail/mecanum_drive_controller_state__struct.hpp
[1.859s] -- Up-to-date symlink: /home/lulav/ros2_ws/install/control_msgs/include/control_msgs/control_msgs/msg/detail/mecanum_drive_controller_state__traits.hpp
[1.859s] -- Up-to-date symlink: /home/lulav/ros2_ws/install/control_msgs/include/control_msgs/control_msgs/msg/detail/pid_state__builder.hpp
[1.859s] -- Up-to-date symlink: /home/lulav/ros2_ws/install/control_msgs/include/control_msgs/control_msgs/msg/detail/pid_state__struct.hpp
[1.859s] -- Up-to-date symlink: /home/lulav/ros2_ws/install/control_msgs/include/control_msgs/control_msgs/msg/detail/pid_state__traits.hpp
[1.859s] -- Up-to-date symlink: /home/lulav/ros2_ws/install/control_msgs/include/control_msgs/control_msgs/msg/detail/steering_controller_status__builder.hpp
[1.860s] -- Up-to-date symlink: /home/lulav/ros2_ws/install/control_msgs/include/control_msgs/control_msgs/msg/detail/steering_controller_status__struct.hpp
[1.860s] -- Up-to-date symlink: /home/lulav/ros2_ws/install/control_msgs/include/control_msgs/control_msgs/msg/detail/steering_controller_status__traits.hpp
[1.860s] -- Up-to-date symlink: /home/lulav/ros2_ws/install/control_msgs/include/control_msgs/control_msgs/msg/dynamic_joint_state.hpp
[1.860s] -- Up-to-date symlink: /home/lulav/ros2_ws/install/control_msgs/include/control_msgs/control_msgs/msg/gripper_command.hpp
[1.860s] -- Up-to-date symlink: /home/lulav/ros2_ws/install/control_msgs/include/control_msgs/control_msgs/msg/interface_value.hpp
[1.860s] -- Up-to-date symlink: /home/lulav/ros2_ws/install/control_msgs/include/control_msgs/control_msgs/msg/joint_component_tolerance.hpp
[1.860s] -- Up-to-date symlink: /home/lulav/ros2_ws/install/control_msgs/include/control_msgs/control_msgs/msg/joint_controller_state.hpp
[1.860s] -- Up-to-date symlink: /home/lulav/ros2_ws/install/control_msgs/include/control_msgs/control_msgs/msg/joint_jog.hpp
[1.860s] -- Up-to-date symlink: /home/lulav/ros2_ws/install/control_msgs/include/control_msgs/control_msgs/msg/joint_tolerance.hpp
[1.860s] -- Up-to-date symlink: /home/lulav/ros2_ws/install/control_msgs/include/control_msgs/control_msgs/msg/joint_trajectory_controller_state.hpp
[1.861s] -- Up-to-date symlink: /home/lulav/ros2_ws/install/control_msgs/include/control_msgs/control_msgs/msg/mecanum_drive_controller_state.hpp
[1.861s] -- Up-to-date symlink: /home/lulav/ros2_ws/install/control_msgs/include/control_msgs/control_msgs/msg/pid_state.hpp
[1.861s] -- Up-to-date symlink: /home/lulav/ros2_ws/install/control_msgs/include/control_msgs/control_msgs/msg/steering_controller_status.hpp
[1.861s] -- Up-to-date symlink: /home/lulav/ros2_ws/install/control_msgs/include/control_msgs/control_msgs/srv/detail/query_calibration_state__builder.hpp
[1.861s] -- Up-to-date symlink: /home/lulav/ros2_ws/install/control_msgs/include/control_msgs/control_msgs/srv/detail/query_calibration_state__struct.hpp
[1.862s] -- Up-to-date symlink: /home/lulav/ros2_ws/install/control_msgs/include/control_msgs/control_msgs/srv/detail/query_calibration_state__traits.hpp
[1.862s] -- Up-to-date symlink: /home/lulav/ros2_ws/install/control_msgs/include/control_msgs/control_msgs/srv/detail/query_trajectory_state__builder.hpp
[1.862s] -- Up-to-date symlink: /home/lulav/ros2_ws/install/control_msgs/include/control_msgs/control_msgs/srv/detail/query_trajectory_state__struct.hpp
[1.862s] -- Up-to-date symlink: /home/lulav/ros2_ws/install/control_msgs/include/control_msgs/control_msgs/srv/detail/query_trajectory_state__traits.hpp
[1.862s] -- Up-to-date symlink: /home/lulav/ros2_ws/install/control_msgs/include/control_msgs/control_msgs/srv/query_calibration_state.hpp
[1.863s] -- Up-to-date symlink: /home/lulav/ros2_ws/install/control_msgs/include/control_msgs/control_msgs/srv/query_trajectory_state.hpp
[1.863s] -- Up-to-date symlink: /home/lulav/ros2_ws/install/control_msgs/include/control_msgs/control_msgs/action/detail/follow_joint_trajectory__rosidl_typesupport_fastrtps_cpp.hpp
[1.863s] -- Up-to-date symlink: /home/lulav/ros2_ws/install/control_msgs/include/control_msgs/control_msgs/action/detail/gripper_command__rosidl_typesupport_fastrtps_cpp.hpp
[1.863s] -- Up-to-date symlink: /home/lulav/ros2_ws/install/control_msgs/include/control_msgs/control_msgs/action/detail/joint_trajectory__rosidl_typesupport_fastrtps_cpp.hpp
[1.864s] -- Up-to-date symlink: /home/lulav/ros2_ws/install/control_msgs/include/control_msgs/control_msgs/action/detail/point_head__rosidl_typesupport_fastrtps_cpp.hpp
[1.864s] -- Up-to-date symlink: /home/lulav/ros2_ws/install/control_msgs/include/control_msgs/control_msgs/action/detail/single_joint_position__rosidl_typesupport_fastrtps_cpp.hpp
[1.864s] -- Up-to-date symlink: /home/lulav/ros2_ws/install/control_msgs/include/control_msgs/control_msgs/msg/detail/admittance_controller_state__rosidl_typesupport_fastrtps_cpp.hpp
[1.864s] -- Up-to-date symlink: /home/lulav/ros2_ws/install/control_msgs/include/control_msgs/control_msgs/msg/detail/dynamic_joint_state__rosidl_typesupport_fastrtps_cpp.hpp
[1.865s] -- Up-to-date symlink: /home/lulav/ros2_ws/install/control_msgs/include/control_msgs/control_msgs/msg/detail/gripper_command__rosidl_typesupport_fastrtps_cpp.hpp
[1.865s] -- Up-to-date symlink: /home/lulav/ros2_ws/install/control_msgs/include/control_msgs/control_msgs/msg/detail/interface_value__rosidl_typesupport_fastrtps_cpp.hpp
[1.865s] -- Up-to-date symlink: /home/lulav/ros2_ws/install/control_msgs/include/control_msgs/control_msgs/msg/detail/joint_component_tolerance__rosidl_typesupport_fastrtps_cpp.hpp
[1.865s] -- Up-to-date symlink: /home/lulav/ros2_ws/install/control_msgs/include/control_msgs/control_msgs/msg/detail/joint_controller_state__rosidl_typesupport_fastrtps_cpp.hpp
[1.866s] -- Up-to-date symlink: /home/lulav/ros2_ws/install/control_msgs/include/control_msgs/control_msgs/msg/detail/joint_jog__rosidl_typesupport_fastrtps_cpp.hpp
[1.866s] -- Up-to-date symlink: /home/lulav/ros2_ws/install/control_msgs/include/control_msgs/control_msgs/msg/detail/joint_tolerance__rosidl_typesupport_fastrtps_cpp.hpp
[1.866s] -- Up-to-date symlink: /home/lulav/ros2_ws/install/control_msgs/include/control_msgs/control_msgs/msg/detail/joint_trajectory_controller_state__rosidl_typesupport_fastrtps_cpp.hpp
[1.866s] -- Up-to-date symlink: /home/lulav/ros2_ws/install/control_msgs/include/control_msgs/control_msgs/msg/detail/mecanum_drive_controller_state__rosidl_typesupport_fastrtps_cpp.hpp
[1.866s] -- Up-to-date symlink: /home/lulav/ros2_ws/install/control_msgs/include/control_msgs/control_msgs/msg/detail/pid_state__rosidl_typesupport_fastrtps_cpp.hpp
[1.866s] -- Up-to-date symlink: /home/lulav/ros2_ws/install/control_msgs/include/control_msgs/control_msgs/msg/detail/steering_controller_status__rosidl_typesupport_fastrtps_cpp.hpp
[1.867s] -- Up-to-date symlink: /home/lulav/ros2_ws/install/control_msgs/include/control_msgs/control_msgs/msg/rosidl_typesupport_fastrtps_cpp__visibility_control.h
[1.867s] -- Up-to-date symlink: /home/lulav/ros2_ws/install/control_msgs/include/control_msgs/control_msgs/srv/detail/query_calibration_state__rosidl_typesupport_fastrtps_cpp.hpp
[1.867s] -- Up-to-date symlink: /home/lulav/ros2_ws/install/control_msgs/include/control_msgs/control_msgs/srv/detail/query_trajectory_state__rosidl_typesupport_fastrtps_cpp.hpp
[1.867s] -- Up-to-date symlink: /home/lulav/ros2_ws/install/control_msgs/include/control_msgs/control_msgs/action/detail/follow_joint_trajectory__rosidl_typesupport_introspection_c.h
[1.867s] -- Up-to-date symlink: /home/lulav/ros2_ws/install/control_msgs/include/control_msgs/control_msgs/action/detail/gripper_command__rosidl_typesupport_introspection_c.h
[1.867s] -- Up-to-date symlink: /home/lulav/ros2_ws/install/control_msgs/include/control_msgs/control_msgs/action/detail/joint_trajectory__rosidl_typesupport_introspection_c.h
[1.867s] -- Up-to-date symlink: /home/lulav/ros2_ws/install/control_msgs/include/control_msgs/control_msgs/action/detail/point_head__rosidl_typesupport_introspection_c.h
[1.868s] -- Up-to-date symlink: /home/lulav/ros2_ws/install/control_msgs/include/control_msgs/control_msgs/action/detail/single_joint_position__rosidl_typesupport_introspection_c.h
[1.868s] -- Up-to-date symlink: /home/lulav/ros2_ws/install/control_msgs/include/control_msgs/control_msgs/msg/detail/admittance_controller_state__rosidl_typesupport_introspection_c.h
[1.868s] -- Up-to-date symlink: /home/lulav/ros2_ws/install/control_msgs/include/control_msgs/control_msgs/msg/detail/dynamic_joint_state__rosidl_typesupport_introspection_c.h
[1.868s] -- Up-to-date symlink: /home/lulav/ros2_ws/install/control_msgs/include/control_msgs/control_msgs/msg/detail/gripper_command__rosidl_typesupport_introspection_c.h
[1.868s] -- Up-to-date symlink: /home/lulav/ros2_ws/install/control_msgs/include/control_msgs/control_msgs/msg/detail/interface_value__rosidl_typesupport_introspection_c.h
[1.869s] -- Up-to-date symlink: /home/lulav/ros2_ws/install/control_msgs/include/control_msgs/control_msgs/msg/detail/joint_component_tolerance__rosidl_typesupport_introspection_c.h
[1.869s] -- Up-to-date symlink: /home/lulav/ros2_ws/install/control_msgs/include/control_msgs/control_msgs/msg/detail/joint_controller_state__rosidl_typesupport_introspection_c.h
[1.869s] -- Up-to-date symlink: /home/lulav/ros2_ws/install/control_msgs/include/control_msgs/control_msgs/msg/detail/joint_jog__rosidl_typesupport_introspection_c.h
[1.869s] -- Up-to-date symlink: /home/lulav/ros2_ws/install/control_msgs/include/control_msgs/control_msgs/msg/detail/joint_tolerance__rosidl_typesupport_introspection_c.h
[1.869s] -- Up-to-date symlink: /home/lulav/ros2_ws/install/control_msgs/include/control_msgs/control_msgs/msg/detail/joint_trajectory_controller_state__rosidl_typesupport_introspection_c.h
[1.869s] -- Up-to-date symlink: /home/lulav/ros2_ws/install/control_msgs/include/control_msgs/control_msgs/msg/detail/mecanum_drive_controller_state__rosidl_typesupport_introspection_c.h
[1.870s] -- Up-to-date symlink: /home/lulav/ros2_ws/install/control_msgs/include/control_msgs/control_msgs/msg/detail/pid_state__rosidl_typesupport_introspection_c.h
[1.870s] -- Up-to-date symlink: /home/lulav/ros2_ws/install/control_msgs/include/control_msgs/control_msgs/msg/detail/steering_controller_status__rosidl_typesupport_introspection_c.h
[1.870s] -- Up-to-date symlink: /home/lulav/ros2_ws/install/control_msgs/include/control_msgs/control_msgs/msg/rosidl_typesupport_introspection_c__visibility_control.h
[1.870s] -- Up-to-date symlink: /home/lulav/ros2_ws/install/control_msgs/include/control_msgs/control_msgs/srv/detail/query_calibration_state__rosidl_typesupport_introspection_c.h
[1.870s] -- Up-to-date symlink: /home/lulav/ros2_ws/install/control_msgs/include/control_msgs/control_msgs/srv/detail/query_trajectory_state__rosidl_typesupport_introspection_c.h
[1.870s] -- Up-to-date symlink: /home/lulav/ros2_ws/install/control_msgs/include/control_msgs/control_msgs/action/detail/follow_joint_trajectory__rosidl_typesupport_introspection_cpp.hpp
[1.871s] -- Up-to-date symlink: /home/lulav/ros2_ws/install/control_msgs/include/control_msgs/control_msgs/action/detail/gripper_command__rosidl_typesupport_introspection_cpp.hpp
[1.871s] -- Up-to-date symlink: /home/lulav/ros2_ws/install/control_msgs/include/control_msgs/control_msgs/action/detail/joint_trajectory__rosidl_typesupport_introspection_cpp.hpp
[1.871s] -- Up-to-date symlink: /home/lulav/ros2_ws/install/control_msgs/include/control_msgs/control_msgs/action/detail/point_head__rosidl_typesupport_introspection_cpp.hpp
[1.871s] -- Up-to-date symlink: /home/lulav/ros2_ws/install/control_msgs/include/control_msgs/control_msgs/action/detail/single_joint_position__rosidl_typesupport_introspection_cpp.hpp
[1.872s] -- Up-to-date symlink: /home/lulav/ros2_ws/install/control_msgs/include/control_msgs/control_msgs/msg/detail/admittance_controller_state__rosidl_typesupport_introspection_cpp.hpp
[1.872s] -- Up-to-date symlink: /home/lulav/ros2_ws/install/control_msgs/include/control_msgs/control_msgs/msg/detail/dynamic_joint_state__rosidl_typesupport_introspection_cpp.hpp
[1.872s] -- Up-to-date symlink: /home/lulav/ros2_ws/install/control_msgs/include/control_msgs/control_msgs/msg/detail/gripper_command__rosidl_typesupport_introspection_cpp.hpp
[1.872s] -- Up-to-date symlink: /home/lulav/ros2_ws/install/control_msgs/include/control_msgs/control_msgs/msg/detail/interface_value__rosidl_typesupport_introspection_cpp.hpp
[1.873s] -- Up-to-date symlink: /home/lulav/ros2_ws/install/control_msgs/include/control_msgs/control_msgs/msg/detail/joint_component_tolerance__rosidl_typesupport_introspection_cpp.hpp
[1.873s] -- Up-to-date symlink: /home/lulav/ros2_ws/install/control_msgs/include/control_msgs/control_msgs/msg/detail/joint_controller_state__rosidl_typesupport_introspection_cpp.hpp
[1.873s] -- Up-to-date symlink: /home/lulav/ros2_ws/install/control_msgs/include/control_msgs/control_msgs/msg/detail/joint_jog__rosidl_typesupport_introspection_cpp.hpp
[1.873s] -- Up-to-date symlink: /home/lulav/ros2_ws/install/control_msgs/include/control_msgs/control_msgs/msg/detail/joint_tolerance__rosidl_typesupport_introspection_cpp.hpp
[1.874s] -- Up-to-date symlink: /home/lulav/ros2_ws/install/control_msgs/include/control_msgs/control_msgs/msg/detail/joint_trajectory_controller_state__rosidl_typesupport_introspection_cpp.hpp
[1.874s] -- Up-to-date symlink: /home/lulav/ros2_ws/install/control_msgs/include/control_msgs/control_msgs/msg/detail/mecanum_drive_controller_state__rosidl_typesupport_introspection_cpp.hpp
[1.874s] -- Up-to-date symlink: /home/lulav/ros2_ws/install/control_msgs/include/control_msgs/control_msgs/msg/detail/pid_state__rosidl_typesupport_introspection_cpp.hpp
[1.874s] -- Up-to-date symlink: /home/lulav/ros2_ws/install/control_msgs/include/control_msgs/control_msgs/msg/detail/steering_controller_status__rosidl_typesupport_introspection_cpp.hpp
[1.875s] -- Up-to-date symlink: /home/lulav/ros2_ws/install/control_msgs/include/control_msgs/control_msgs/srv/detail/query_calibration_state__rosidl_typesupport_introspection_cpp.hpp
[1.875s] -- Up-to-date symlink: /home/lulav/ros2_ws/install/control_msgs/include/control_msgs/control_msgs/srv/detail/query_trajectory_state__rosidl_typesupport_introspection_cpp.hpp
[1.875s] -- Up-to-date symlink: /home/lulav/ros2_ws/install/control_msgs/share/control_msgs/environment/pythonpath.sh
[1.875s] -- Up-to-date symlink: /home/lulav/ros2_ws/install/control_msgs/share/control_msgs/environment/pythonpath.dsv
[1.876s] -- Up-to-date symlink: /home/lulav/ros2_ws/install/control_msgs/local/lib/python3.10/dist-packages/control_msgs-4.4.0-py3.10.egg-info/PKG-INFO
[1.876s] -- Up-to-date symlink: /home/lulav/ros2_ws/install/control_msgs/local/lib/python3.10/dist-packages/control_msgs-4.4.0-py3.10.egg-info/SOURCES.txt
[1.876s] -- Up-to-date symlink: /home/lulav/ros2_ws/install/control_msgs/local/lib/python3.10/dist-packages/control_msgs-4.4.0-py3.10.egg-info/dependency_links.txt
[1.877s] -- Up-to-date symlink: /home/lulav/ros2_ws/install/control_msgs/local/lib/python3.10/dist-packages/control_msgs-4.4.0-py3.10.egg-info/top_level.txt
[1.878s] -- Up-to-date symlink: /home/lulav/ros2_ws/install/control_msgs/local/lib/python3.10/dist-packages/control_msgs/__init__.py
[1.878s] -- Up-to-date symlink: /home/lulav/ros2_ws/install/control_msgs/local/lib/python3.10/dist-packages/control_msgs/_control_msgs_s.ep.rosidl_typesupport_c.c
[1.878s] -- Up-to-date symlink: /home/lulav/ros2_ws/install/control_msgs/local/lib/python3.10/dist-packages/control_msgs/_control_msgs_s.ep.rosidl_typesupport_fastrtps_c.c
[1.879s] -- Up-to-date symlink: /home/lulav/ros2_ws/install/control_msgs/local/lib/python3.10/dist-packages/control_msgs/_control_msgs_s.ep.rosidl_typesupport_introspection_c.c
[1.879s] -- Up-to-date symlink: /home/lulav/ros2_ws/install/control_msgs/local/lib/python3.10/dist-packages/control_msgs/action/__init__.py
[1.879s] -- Up-to-date symlink: /home/lulav/ros2_ws/install/control_msgs/local/lib/python3.10/dist-packages/control_msgs/action/_follow_joint_trajectory.py
[1.879s] -- Up-to-date symlink: /home/lulav/ros2_ws/install/control_msgs/local/lib/python3.10/dist-packages/control_msgs/action/_follow_joint_trajectory_s.c
[1.880s] -- Up-to-date symlink: /home/lulav/ros2_ws/install/control_msgs/local/lib/python3.10/dist-packages/control_msgs/action/_gripper_command.py
[1.880s] -- Up-to-date symlink: /home/lulav/ros2_ws/install/control_msgs/local/lib/python3.10/dist-packages/control_msgs/action/_gripper_command_s.c
[1.880s] -- Up-to-date symlink: /home/lulav/ros2_ws/install/control_msgs/local/lib/python3.10/dist-packages/control_msgs/action/_joint_trajectory.py
[1.880s] -- Up-to-date symlink: /home/lulav/ros2_ws/install/control_msgs/local/lib/python3.10/dist-packages/control_msgs/action/_joint_trajectory_s.c
[1.881s] -- Up-to-date symlink: /home/lulav/ros2_ws/install/control_msgs/local/lib/python3.10/dist-packages/control_msgs/action/_point_head.py
[1.881s] -- Up-to-date symlink: /home/lulav/ros2_ws/install/control_msgs/local/lib/python3.10/dist-packages/control_msgs/action/_point_head_s.c
[1.881s] -- Up-to-date symlink: /home/lulav/ros2_ws/install/control_msgs/local/lib/python3.10/dist-packages/control_msgs/action/_single_joint_position.py
[1.881s] -- Up-to-date symlink: /home/lulav/ros2_ws/install/control_msgs/local/lib/python3.10/dist-packages/control_msgs/action/_single_joint_position_s.c
[1.881s] -- Up-to-date symlink: /home/lulav/ros2_ws/install/control_msgs/local/lib/python3.10/dist-packages/control_msgs/control_msgs_s__rosidl_typesupport_c.cpython-310-x86_64-linux-gnu.so
[1.882s] -- Up-to-date symlink: /home/lulav/ros2_ws/install/control_msgs/local/lib/python3.10/dist-packages/control_msgs/control_msgs_s__rosidl_typesupport_fastrtps_c.cpython-310-x86_64-linux-gnu.so
[1.882s] -- Up-to-date symlink: /home/lulav/ros2_ws/install/control_msgs/local/lib/python3.10/dist-packages/control_msgs/control_msgs_s__rosidl_typesupport_introspection_c.cpython-310-x86_64-linux-gnu.so
[1.882s] -- Up-to-date symlink: /home/lulav/ros2_ws/install/control_msgs/local/lib/python3.10/dist-packages/control_msgs/libcontrol_msgs__rosidl_generator_py.so
[1.882s] -- Up-to-date symlink: /home/lulav/ros2_ws/install/control_msgs/local/lib/python3.10/dist-packages/control_msgs/msg/__init__.py
[1.882s] -- Up-to-date symlink: /home/lulav/ros2_ws/install/control_msgs/local/lib/python3.10/dist-packages/control_msgs/msg/_admittance_controller_state.py
[1.883s] -- Up-to-date symlink: /home/lulav/ros2_ws/install/control_msgs/local/lib/python3.10/dist-packages/control_msgs/msg/_admittance_controller_state_s.c
[1.883s] -- Up-to-date symlink: /home/lulav/ros2_ws/install/control_msgs/local/lib/python3.10/dist-packages/control_msgs/msg/_dynamic_joint_state.py
[1.883s] -- Up-to-date symlink: /home/lulav/ros2_ws/install/control_msgs/local/lib/python3.10/dist-packages/control_msgs/msg/_dynamic_joint_state_s.c
[1.883s] -- Up-to-date symlink: /home/lulav/ros2_ws/install/control_msgs/local/lib/python3.10/dist-packages/control_msgs/msg/_gripper_command.py
[1.884s] -- Up-to-date symlink: /home/lulav/ros2_ws/install/control_msgs/local/lib/python3.10/dist-packages/control_msgs/msg/_gripper_command_s.c
[1.884s] -- Up-to-date symlink: /home/lulav/ros2_ws/install/control_msgs/local/lib/python3.10/dist-packages/control_msgs/msg/_interface_value.py
[1.884s] -- Up-to-date symlink: /home/lulav/ros2_ws/install/control_msgs/local/lib/python3.10/dist-packages/control_msgs/msg/_interface_value_s.c
[1.884s] -- Up-to-date symlink: /home/lulav/ros2_ws/install/control_msgs/local/lib/python3.10/dist-packages/control_msgs/msg/_joint_component_tolerance.py
[1.884s] -- Up-to-date symlink: /home/lulav/ros2_ws/install/control_msgs/local/lib/python3.10/dist-packages/control_msgs/msg/_joint_component_tolerance_s.c
[1.885s] -- Up-to-date symlink: /home/lulav/ros2_ws/install/control_msgs/local/lib/python3.10/dist-packages/control_msgs/msg/_joint_controller_state.py
[1.885s] -- Up-to-date symlink: /home/lulav/ros2_ws/install/control_msgs/local/lib/python3.10/dist-packages/control_msgs/msg/_joint_controller_state_s.c
[1.885s] -- Up-to-date symlink: /home/lulav/ros2_ws/install/control_msgs/local/lib/python3.10/dist-packages/control_msgs/msg/_joint_jog.py
[1.885s] -- Up-to-date symlink: /home/lulav/ros2_ws/install/control_msgs/local/lib/python3.10/dist-packages/control_msgs/msg/_joint_jog_s.c
[1.885s] -- Up-to-date symlink: /home/lulav/ros2_ws/install/control_msgs/local/lib/python3.10/dist-packages/control_msgs/msg/_joint_tolerance.py
[1.886s] -- Up-to-date symlink: /home/lulav/ros2_ws/install/control_msgs/local/lib/python3.10/dist-packages/control_msgs/msg/_joint_tolerance_s.c
[1.886s] -- Up-to-date symlink: /home/lulav/ros2_ws/install/control_msgs/local/lib/python3.10/dist-packages/control_msgs/msg/_joint_trajectory_controller_state.py
[1.886s] -- Up-to-date symlink: /home/lulav/ros2_ws/install/control_msgs/local/lib/python3.10/dist-packages/control_msgs/msg/_joint_trajectory_controller_state_s.c
[1.887s] -- Up-to-date symlink: /home/lulav/ros2_ws/install/control_msgs/local/lib/python3.10/dist-packages/control_msgs/msg/_mecanum_drive_controller_state.py
[1.887s] -- Up-to-date symlink: /home/lulav/ros2_ws/install/control_msgs/local/lib/python3.10/dist-packages/control_msgs/msg/_mecanum_drive_controller_state_s.c
[1.887s] -- Up-to-date symlink: /home/lulav/ros2_ws/install/control_msgs/local/lib/python3.10/dist-packages/control_msgs/msg/_pid_state.py
[1.887s] -- Up-to-date symlink: /home/lulav/ros2_ws/install/control_msgs/local/lib/python3.10/dist-packages/control_msgs/msg/_pid_state_s.c
[1.888s] -- Up-to-date symlink: /home/lulav/ros2_ws/install/control_msgs/local/lib/python3.10/dist-packages/control_msgs/msg/_steering_controller_status.py
[1.888s] -- Up-to-date symlink: /home/lulav/ros2_ws/install/control_msgs/local/lib/python3.10/dist-packages/control_msgs/msg/_steering_controller_status_s.c
[1.888s] -- Up-to-date symlink: /home/lulav/ros2_ws/install/control_msgs/local/lib/python3.10/dist-packages/control_msgs/srv/__init__.py
[1.888s] -- Up-to-date symlink: /home/lulav/ros2_ws/install/control_msgs/local/lib/python3.10/dist-packages/control_msgs/srv/_query_calibration_state.py
[1.888s] -- Up-to-date symlink: /home/lulav/ros2_ws/install/control_msgs/local/lib/python3.10/dist-packages/control_msgs/srv/_query_calibration_state_s.c
[1.889s] -- Up-to-date symlink: /home/lulav/ros2_ws/install/control_msgs/local/lib/python3.10/dist-packages/control_msgs/srv/_query_trajectory_state.py
[1.889s] -- Up-to-date symlink: /home/lulav/ros2_ws/install/control_msgs/local/lib/python3.10/dist-packages/control_msgs/srv/_query_trajectory_state_s.c
[1.889s] -- Up-to-date symlink: /home/lulav/ros2_ws/install/control_msgs/local/lib/python3.10/dist-packages/control_msgs/control_msgs_s__rosidl_typesupport_fastrtps_c.cpython-310-x86_64-linux-gnu.so
[1.889s] -- Up-to-date symlink: /home/lulav/ros2_ws/install/control_msgs/local/lib/python3.10/dist-packages/control_msgs/control_msgs_s__rosidl_typesupport_introspection_c.cpython-310-x86_64-linux-gnu.so
[1.890s] -- Up-to-date symlink: /home/lulav/ros2_ws/install/control_msgs/local/lib/python3.10/dist-packages/control_msgs/control_msgs_s__rosidl_typesupport_c.cpython-310-x86_64-linux-gnu.so
[1.890s] -- Up-to-date symlink: /home/lulav/ros2_ws/install/control_msgs/share/control_msgs/action/FollowJointTrajectory.idl
[1.890s] -- Up-to-date symlink: /home/lulav/ros2_ws/install/control_msgs/share/control_msgs/action/GripperCommand.idl
[1.890s] -- Up-to-date symlink: /home/lulav/ros2_ws/install/control_msgs/share/control_msgs/action/JointTrajectory.idl
[1.890s] -- Up-to-date symlink: /home/lulav/ros2_ws/install/control_msgs/share/control_msgs/action/PointHead.idl
[1.890s] -- Up-to-date symlink: /home/lulav/ros2_ws/install/control_msgs/share/control_msgs/action/SingleJointPosition.idl
[1.891s] -- Up-to-date symlink: /home/lulav/ros2_ws/install/control_msgs/share/control_msgs/msg/AdmittanceControllerState.idl
[1.891s] -- Up-to-date symlink: /home/lulav/ros2_ws/install/control_msgs/share/control_msgs/msg/DynamicJointState.idl
[1.891s] -- Up-to-date symlink: /home/lulav/ros2_ws/install/control_msgs/share/control_msgs/msg/GripperCommand.idl
[1.891s] -- Up-to-date symlink: /home/lulav/ros2_ws/install/control_msgs/share/control_msgs/msg/InterfaceValue.idl
[1.891s] -- Up-to-date symlink: /home/lulav/ros2_ws/install/control_msgs/share/control_msgs/msg/JointComponentTolerance.idl
[1.892s] -- Up-to-date symlink: /home/lulav/ros2_ws/install/control_msgs/share/control_msgs/msg/JointControllerState.idl
[1.892s] -- Up-to-date symlink: /home/lulav/ros2_ws/install/control_msgs/share/control_msgs/msg/JointJog.idl
[1.892s] -- Up-to-date symlink: /home/lulav/ros2_ws/install/control_msgs/share/control_msgs/msg/JointTolerance.idl
[1.892s] -- Up-to-date symlink: /home/lulav/ros2_ws/install/control_msgs/share/control_msgs/msg/JointTrajectoryControllerState.idl
[1.892s] -- Up-to-date symlink: /home/lulav/ros2_ws/install/control_msgs/share/control_msgs/msg/MecanumDriveControllerState.idl
[1.893s] -- Up-to-date symlink: /home/lulav/ros2_ws/install/control_msgs/share/control_msgs/msg/PidState.idl
[1.893s] -- Up-to-date symlink: /home/lulav/ros2_ws/install/control_msgs/share/control_msgs/msg/SteeringControllerStatus.idl
[1.893s] -- Up-to-date symlink: /home/lulav/ros2_ws/install/control_msgs/share/control_msgs/srv/QueryCalibrationState.idl
[1.893s] -- Up-to-date symlink: /home/lulav/ros2_ws/install/control_msgs/share/control_msgs/srv/QueryTrajectoryState.idl
[1.893s] -- Up-to-date symlink: /home/lulav/ros2_ws/install/control_msgs/share/control_msgs/action/FollowJointTrajectory.action
[1.893s] -- Up-to-date symlink: /home/lulav/ros2_ws/install/control_msgs/share/control_msgs/action/GripperCommand.action
[1.894s] -- Up-to-date symlink: /home/lulav/ros2_ws/install/control_msgs/share/control_msgs/action/JointTrajectory.action
[1.894s] -- Up-to-date symlink: /home/lulav/ros2_ws/install/control_msgs/share/control_msgs/action/PointHead.action
[1.894s] -- Up-to-date symlink: /home/lulav/ros2_ws/install/control_msgs/share/control_msgs/action/SingleJointPosition.action
[1.895s] -- Up-to-date symlink: /home/lulav/ros2_ws/install/control_msgs/share/control_msgs/msg/AdmittanceControllerState.msg
[1.895s] -- Up-to-date symlink: /home/lulav/ros2_ws/install/control_msgs/share/control_msgs/msg/DynamicJointState.msg
[1.895s] -- Up-to-date symlink: /home/lulav/ros2_ws/install/control_msgs/share/control_msgs/msg/GripperCommand.msg
[1.895s] -- Up-to-date symlink: /home/lulav/ros2_ws/install/control_msgs/share/control_msgs/msg/InterfaceValue.msg
[1.895s] -- Up-to-date symlink: /home/lulav/ros2_ws/install/control_msgs/share/control_msgs/msg/JointComponentTolerance.msg
[1.895s] -- Up-to-date symlink: /home/lulav/ros2_ws/install/control_msgs/share/control_msgs/msg/JointControllerState.msg
[1.895s] -- Up-to-date symlink: /home/lulav/ros2_ws/install/control_msgs/share/control_msgs/msg/JointJog.msg
[1.895s] -- Up-to-date symlink: /home/lulav/ros2_ws/install/control_msgs/share/control_msgs/msg/JointTolerance.msg
[1.895s] -- Up-to-date symlink: /home/lulav/ros2_ws/install/control_msgs/share/control_msgs/msg/JointTrajectoryControllerState.msg
[1.896s] -- Up-to-date symlink: /home/lulav/ros2_ws/install/control_msgs/share/control_msgs/msg/MecanumDriveControllerState.msg
[1.896s] -- Up-to-date symlink: /home/lulav/ros2_ws/install/control_msgs/share/control_msgs/msg/PidState.msg
[1.896s] -- Up-to-date symlink: /home/lulav/ros2_ws/install/control_msgs/share/control_msgs/msg/SteeringControllerStatus.msg
[1.896s] -- Up-to-date symlink: /home/lulav/ros2_ws/install/control_msgs/share/control_msgs/srv/QueryCalibrationState.srv
[1.896s] -- Up-to-date symlink: /home/lulav/ros2_ws/install/control_msgs/share/control_msgs/srv/QueryCalibrationState_Request.msg
[1.897s] -- Up-to-date symlink: /home/lulav/ros2_ws/install/control_msgs/share/control_msgs/srv/QueryCalibrationState_Response.msg
[1.897s] -- Up-to-date symlink: /home/lulav/ros2_ws/install/control_msgs/share/control_msgs/srv/QueryTrajectoryState.srv
[1.897s] -- Up-to-date symlink: /home/lulav/ros2_ws/install/control_msgs/share/control_msgs/srv/QueryTrajectoryState_Request.msg
[1.897s] -- Up-to-date symlink: /home/lulav/ros2_ws/install/control_msgs/share/control_msgs/srv/QueryTrajectoryState_Response.msg
[1.898s] -- Up-to-date symlink: /home/lulav/ros2_ws/install/control_msgs/share/ament_index/resource_index/package_run_dependencies/control_msgs
[1.898s] -- Up-to-date symlink: /home/lulav/ros2_ws/install/control_msgs/share/ament_index/resource_index/parent_prefix_path/control_msgs
[1.898s] -- Up-to-date symlink: /home/lulav/ros2_ws/install/control_msgs/share/control_msgs/environment/ament_prefix_path.sh
[1.898s] -- Up-to-date symlink: /home/lulav/ros2_ws/install/control_msgs/share/control_msgs/environment/ament_prefix_path.dsv
[1.898s] -- Up-to-date symlink: /home/lulav/ros2_ws/install/control_msgs/share/control_msgs/environment/path.sh
[1.898s] -- Up-to-date symlink: /home/lulav/ros2_ws/install/control_msgs/share/control_msgs/environment/path.dsv
[1.898s] -- Up-to-date symlink: /home/lulav/ros2_ws/install/control_msgs/share/control_msgs/local_setup.bash
[1.899s] -- Up-to-date symlink: /home/lulav/ros2_ws/install/control_msgs/share/control_msgs/local_setup.sh
[1.899s] -- Up-to-date symlink: /home/lulav/ros2_ws/install/control_msgs/share/control_msgs/local_setup.zsh
[1.899s] -- Up-to-date symlink: /home/lulav/ros2_ws/install/control_msgs/share/control_msgs/local_setup.dsv
[1.899s] -- Symlinking: /home/lulav/ros2_ws/install/control_msgs/share/control_msgs/package.dsv
[1.913s] -- Up-to-date symlink: /home/lulav/ros2_ws/install/control_msgs/share/ament_index/resource_index/packages/control_msgs
[1.913s] -- Up-to-date symlink: /home/lulav/ros2_ws/install/control_msgs/share/control_msgs/cmake/rosidl_cmake-extras.cmake
[1.914s] -- Up-to-date symlink: /home/lulav/ros2_ws/install/control_msgs/share/control_msgs/cmake/ament_cmake_export_dependencies-extras.cmake
[1.914s] -- Up-to-date symlink: /home/lulav/ros2_ws/install/control_msgs/share/control_msgs/cmake/ament_cmake_export_include_directories-extras.cmake
[1.914s] -- Up-to-date symlink: /home/lulav/ros2_ws/install/control_msgs/share/control_msgs/cmake/ament_cmake_export_libraries-extras.cmake
[1.914s] -- Up-to-date symlink: /home/lulav/ros2_ws/install/control_msgs/share/control_msgs/cmake/ament_cmake_export_targets-extras.cmake
[1.915s] -- Up-to-date symlink: /home/lulav/ros2_ws/install/control_msgs/share/control_msgs/cmake/rosidl_cmake_export_typesupport_targets-extras.cmake
[1.915s] -- Up-to-date symlink: /home/lulav/ros2_ws/install/control_msgs/share/control_msgs/cmake/rosidl_cmake_export_typesupport_libraries-extras.cmake
[1.915s] -- Up-to-date symlink: /home/lulav/ros2_ws/install/control_msgs/share/control_msgs/cmake/control_msgsConfig.cmake
[1.915s] -- Up-to-date symlink: /home/lulav/ros2_ws/install/control_msgs/share/control_msgs/cmake/control_msgsConfig-version.cmake
[1.916s] -- Up-to-date symlink: /home/lulav/ros2_ws/install/control_msgs/share/control_msgs/package.xml
[1.916s] -- Up-to-date: /home/lulav/ros2_ws/install/control_msgs/lib/libcontrol_msgs__rosidl_generator_c.so
[1.917s] -- Up-to-date: /home/lulav/ros2_ws/install/control_msgs/lib/libcontrol_msgs__rosidl_typesupport_fastrtps_c.so
[1.917s] -- Up-to-date: /home/lulav/ros2_ws/install/control_msgs/lib/libcontrol_msgs__rosidl_typesupport_fastrtps_cpp.so
[1.917s] -- Up-to-date: /home/lulav/ros2_ws/install/control_msgs/lib/libcontrol_msgs__rosidl_typesupport_introspection_c.so
[1.918s] -- Up-to-date: /home/lulav/ros2_ws/install/control_msgs/lib/libcontrol_msgs__rosidl_typesupport_c.so
[1.918s] -- Up-to-date: /home/lulav/ros2_ws/install/control_msgs/lib/libcontrol_msgs__rosidl_typesupport_introspection_cpp.so
[1.919s] -- Up-to-date: /home/lulav/ros2_ws/install/control_msgs/lib/libcontrol_msgs__rosidl_typesupport_cpp.so
[1.976s] Listing '/home/lulav/ros2_ws/install/control_msgs/local/lib/python3.10/dist-packages/control_msgs'...
[1.976s] Listing '/home/lulav/ros2_ws/install/control_msgs/local/lib/python3.10/dist-packages/control_msgs/action'...
[1.976s] Listing '/home/lulav/ros2_ws/install/control_msgs/local/lib/python3.10/dist-packages/control_msgs/msg'...
[1.976s] Listing '/home/lulav/ros2_ws/install/control_msgs/local/lib/python3.10/dist-packages/control_msgs/srv'...
[1.985s] -- Up-to-date: /home/lulav/ros2_ws/install/control_msgs/lib/libcontrol_msgs__rosidl_generator_py.so
[1.986s] -- Up-to-date: /home/lulav/ros2_ws/install/control_msgs/share/control_msgs/cmake/export_control_msgs__rosidl_generator_cExport.cmake
[1.986s] -- Up-to-date: /home/lulav/ros2_ws/install/control_msgs/share/control_msgs/cmake/export_control_msgs__rosidl_generator_cExport-noconfig.cmake
[1.986s] -- Up-to-date: /home/lulav/ros2_ws/install/control_msgs/share/control_msgs/cmake/export_control_msgs__rosidl_typesupport_fastrtps_cExport.cmake
[1.986s] -- Up-to-date: /home/lulav/ros2_ws/install/control_msgs/share/control_msgs/cmake/export_control_msgs__rosidl_typesupport_fastrtps_cExport-noconfig.cmake
[1.987s] -- Up-to-date: /home/lulav/ros2_ws/install/control_msgs/share/control_msgs/cmake/export_control_msgs__rosidl_generator_cppExport.cmake
[1.987s] -- Up-to-date: /home/lulav/ros2_ws/install/control_msgs/share/control_msgs/cmake/export_control_msgs__rosidl_typesupport_fastrtps_cppExport.cmake
[1.987s] -- Up-to-date: /home/lulav/ros2_ws/install/control_msgs/share/control_msgs/cmake/export_control_msgs__rosidl_typesupport_fastrtps_cppExport-noconfig.cmake
[1.987s] -- Up-to-date: /home/lulav/ros2_ws/install/control_msgs/share/control_msgs/cmake/control_msgs__rosidl_typesupport_introspection_cExport.cmake
[1.987s] -- Up-to-date: /home/lulav/ros2_ws/install/control_msgs/share/control_msgs/cmake/control_msgs__rosidl_typesupport_introspection_cExport-noconfig.cmake
[1.988s] -- Up-to-date: /home/lulav/ros2_ws/install/control_msgs/share/control_msgs/cmake/control_msgs__rosidl_typesupport_cExport.cmake
[1.988s] -- Up-to-date: /home/lulav/ros2_ws/install/control_msgs/share/control_msgs/cmake/control_msgs__rosidl_typesupport_cExport-noconfig.cmake
[1.988s] -- Up-to-date: /home/lulav/ros2_ws/install/control_msgs/share/control_msgs/cmake/control_msgs__rosidl_typesupport_introspection_cppExport.cmake
[1.988s] -- Up-to-date: /home/lulav/ros2_ws/install/control_msgs/share/control_msgs/cmake/control_msgs__rosidl_typesupport_introspection_cppExport-noconfig.cmake
[1.988s] -- Up-to-date: /home/lulav/ros2_ws/install/control_msgs/share/control_msgs/cmake/control_msgs__rosidl_typesupport_cppExport.cmake
[1.989s] -- Up-to-date: /home/lulav/ros2_ws/install/control_msgs/share/control_msgs/cmake/control_msgs__rosidl_typesupport_cppExport-noconfig.cmake
[1.989s] -- Up-to-date: /home/lulav/ros2_ws/install/control_msgs/share/control_msgs/cmake/export_control_msgs__rosidl_generator_pyExport.cmake
[1.989s] -- Up-to-date: /home/lulav/ros2_ws/install/control_msgs/share/control_msgs/cmake/export_control_msgs__rosidl_generator_pyExport-noconfig.cmake
[1.997s] Invoked command in '/home/lulav/ros2_ws/build/control_msgs' returned '0': CMAKE_PREFIX_PATH=/opt/ros/humble /usr/bin/cmake --install /home/lulav/ros2_ws/build/control_msgs
