[0.239s] Invoking command in '/home/lulav/ros2_ws/build/admittance_controller': AMENT_PREFIX_PATH=/home/lulav/ros2_ws/install/joint_trajectory_controller:/home/lulav/ros2_ws/install/controller_manager:/home/lulav/ros2_ws/install/controller_interface:/home/lulav/ros2_ws/install/hardware_interface:/home/lulav/ros2_ws/install/ros2_control_test_assets:/home/lulav/ros2_ws/install/realtime_tools:/home/lulav/ros2_ws/install/controller_manager_msgs:/home/lulav/ros2_ws/install/control_msgs:${AMENT_PREFIX_PATH} CMAKE_PREFIX_PATH=/home/lulav/ros2_ws/install/joint_trajectory_controller:/home/lulav/ros2_ws/install/controller_manager:/home/lulav/ros2_ws/install/controller_interface:/home/lulav/ros2_ws/install/hardware_interface:/home/lulav/ros2_ws/install/ros2_control_test_assets:/home/lulav/ros2_ws/install/realtime_tools:/home/lulav/ros2_ws/install/controller_manager_msgs:/home/lulav/ros2_ws/install/control_msgs:/opt/ros/humble LD_LIBRARY_PATH=/home/lulav/ros2_ws/install/joint_trajectory_controller/lib:/home/lulav/ros2_ws/install/controller_manager/lib:/home/lulav/ros2_ws/install/controller_interface/lib:/home/lulav/ros2_ws/install/hardware_interface/lib:/home/lulav/ros2_ws/install/realtime_tools/lib:/home/lulav/ros2_ws/install/controller_manager_msgs/lib:/home/lulav/ros2_ws/install/control_msgs/lib:${LD_LIBRARY_PATH} PYTHONPATH=/home/lulav/ros2_ws/install/controller_manager/local/lib/python3.10/dist-packages:/home/lulav/ros2_ws/install/controller_manager_msgs/local/lib/python3.10/dist-packages:/home/lulav/ros2_ws/install/control_msgs/local/lib/python3.10/dist-packages:${PYTHONPATH} /usr/bin/cmake --build /home/lulav/ros2_ws/build/admittance_controller -- -j8 -l8
[0.492s] [ 30%] Built target gmock
[0.503s] [ 40%] Built target admittance_controller_parameters
[0.693s] [ 60%] Built target admittance_controller
[0.746s] [ 80%] Built target test_load_admittance_controller
[0.847s] [100%] Built target test_admittance_controller
[0.919s] Invoked command in '/home/lulav/ros2_ws/build/admittance_controller' returned '0': AMENT_PREFIX_PATH=/home/lulav/ros2_ws/install/joint_trajectory_controller:/home/lulav/ros2_ws/install/controller_manager:/home/lulav/ros2_ws/install/controller_interface:/home/lulav/ros2_ws/install/hardware_interface:/home/lulav/ros2_ws/install/ros2_control_test_assets:/home/lulav/ros2_ws/install/realtime_tools:/home/lulav/ros2_ws/install/controller_manager_msgs:/home/lulav/ros2_ws/install/control_msgs:${AMENT_PREFIX_PATH} CMAKE_PREFIX_PATH=/home/lulav/ros2_ws/install/joint_trajectory_controller:/home/lulav/ros2_ws/install/controller_manager:/home/lulav/ros2_ws/install/controller_interface:/home/lulav/ros2_ws/install/hardware_interface:/home/lulav/ros2_ws/install/ros2_control_test_assets:/home/lulav/ros2_ws/install/realtime_tools:/home/lulav/ros2_ws/install/controller_manager_msgs:/home/lulav/ros2_ws/install/control_msgs:/opt/ros/humble LD_LIBRARY_PATH=/home/lulav/ros2_ws/install/joint_trajectory_controller/lib:/home/lulav/ros2_ws/install/controller_manager/lib:/home/lulav/ros2_ws/install/controller_interface/lib:/home/lulav/ros2_ws/install/hardware_interface/lib:/home/lulav/ros2_ws/install/realtime_tools/lib:/home/lulav/ros2_ws/install/controller_manager_msgs/lib:/home/lulav/ros2_ws/install/control_msgs/lib:${LD_LIBRARY_PATH} PYTHONPATH=/home/lulav/ros2_ws/install/controller_manager/local/lib/python3.10/dist-packages:/home/lulav/ros2_ws/install/controller_manager_msgs/local/lib/python3.10/dist-packages:/home/lulav/ros2_ws/install/control_msgs/local/lib/python3.10/dist-packages:${PYTHONPATH} /usr/bin/cmake --build /home/lulav/ros2_ws/build/admittance_controller -- -j8 -l8
[1.260s] Invoking command in '/home/lulav/ros2_ws/build/admittance_controller': AMENT_PREFIX_PATH=/home/lulav/ros2_ws/install/joint_trajectory_controller:/home/lulav/ros2_ws/install/controller_manager:/home/lulav/ros2_ws/install/controller_interface:/home/lulav/ros2_ws/install/hardware_interface:/home/lulav/ros2_ws/install/ros2_control_test_assets:/home/lulav/ros2_ws/install/realtime_tools:/home/lulav/ros2_ws/install/controller_manager_msgs:/home/lulav/ros2_ws/install/control_msgs:${AMENT_PREFIX_PATH} CMAKE_PREFIX_PATH=/home/lulav/ros2_ws/install/joint_trajectory_controller:/home/lulav/ros2_ws/install/controller_manager:/home/lulav/ros2_ws/install/controller_interface:/home/lulav/ros2_ws/install/hardware_interface:/home/lulav/ros2_ws/install/ros2_control_test_assets:/home/lulav/ros2_ws/install/realtime_tools:/home/lulav/ros2_ws/install/controller_manager_msgs:/home/lulav/ros2_ws/install/control_msgs:/opt/ros/humble LD_LIBRARY_PATH=/home/lulav/ros2_ws/install/joint_trajectory_controller/lib:/home/lulav/ros2_ws/install/controller_manager/lib:/home/lulav/ros2_ws/install/controller_interface/lib:/home/lulav/ros2_ws/install/hardware_interface/lib:/home/lulav/ros2_ws/install/realtime_tools/lib:/home/lulav/ros2_ws/install/controller_manager_msgs/lib:/home/lulav/ros2_ws/install/control_msgs/lib:${LD_LIBRARY_PATH} PYTHONPATH=/home/lulav/ros2_ws/install/controller_manager/local/lib/python3.10/dist-packages:/home/lulav/ros2_ws/install/controller_manager_msgs/local/lib/python3.10/dist-packages:/home/lulav/ros2_ws/install/control_msgs/local/lib/python3.10/dist-packages:${PYTHONPATH} /usr/bin/cmake --install /home/lulav/ros2_ws/build/admittance_controller
[1.333s] -- Install configuration: ""
[1.333s] -- Execute custom install script
[1.333s] -- Up-to-date symlink: /home/lulav/ros2_ws/install/admittance_controller/include/admittance_controller_parameters/admittance_controller_parameters.hpp
[1.333s] -- Up-to-date symlink: /home/lulav/ros2_ws/install/admittance_controller/share/admittance_controller//admittance_controller.xml
[1.333s] -- Up-to-date symlink: /home/lulav/ros2_ws/install/admittance_controller/include/admittance_controller/admittance_controller/admittance_controller.hpp
[1.334s] -- Up-to-date symlink: /home/lulav/ros2_ws/install/admittance_controller/include/admittance_controller/admittance_controller/admittance_rule.hpp
[1.334s] -- Up-to-date symlink: /home/lulav/ros2_ws/install/admittance_controller/include/admittance_controller/admittance_controller/admittance_rule_impl.hpp
[1.334s] -- Up-to-date symlink: /home/lulav/ros2_ws/install/admittance_controller/include/admittance_controller/admittance_controller/visibility_control.h
[1.334s] -- Up-to-date symlink: /home/lulav/ros2_ws/install/admittance_controller/share/admittance_controller/environment/library_path.sh
[1.335s] -- Up-to-date symlink: /home/lulav/ros2_ws/install/admittance_controller/share/admittance_controller/environment/library_path.dsv
[1.335s] -- Up-to-date symlink: /home/lulav/ros2_ws/install/admittance_controller/share/ament_index/resource_index/package_run_dependencies/admittance_controller
[1.336s] -- Up-to-date symlink: /home/lulav/ros2_ws/install/admittance_controller/share/ament_index/resource_index/parent_prefix_path/admittance_controller
[1.336s] -- Up-to-date symlink: /home/lulav/ros2_ws/install/admittance_controller/share/admittance_controller/environment/ament_prefix_path.sh
[1.337s] -- Up-to-date symlink: /home/lulav/ros2_ws/install/admittance_controller/share/admittance_controller/environment/ament_prefix_path.dsv
[1.337s] -- Up-to-date symlink: /home/lulav/ros2_ws/install/admittance_controller/share/admittance_controller/environment/path.sh
[1.338s] -- Up-to-date symlink: /home/lulav/ros2_ws/install/admittance_controller/share/admittance_controller/environment/path.dsv
[1.338s] -- Up-to-date symlink: /home/lulav/ros2_ws/install/admittance_controller/share/admittance_controller/local_setup.bash
[1.339s] -- Up-to-date symlink: /home/lulav/ros2_ws/install/admittance_controller/share/admittance_controller/local_setup.sh
[1.339s] -- Up-to-date symlink: /home/lulav/ros2_ws/install/admittance_controller/share/admittance_controller/local_setup.zsh
[1.340s] -- Up-to-date symlink: /home/lulav/ros2_ws/install/admittance_controller/share/admittance_controller/local_setup.dsv
[1.340s] -- Symlinking: /home/lulav/ros2_ws/install/admittance_controller/share/admittance_controller/package.dsv
[1.377s] -- Up-to-date symlink: /home/lulav/ros2_ws/install/admittance_controller/share/ament_index/resource_index/packages/admittance_controller
[1.377s] -- Up-to-date symlink: /home/lulav/ros2_ws/install/admittance_controller/share/ament_index/resource_index/controller_interface__pluginlib__plugin/admittance_controller
[1.378s] -- Up-to-date symlink: /home/lulav/ros2_ws/install/admittance_controller/share/admittance_controller/cmake/ament_cmake_export_targets-extras.cmake
[1.378s] -- Up-to-date symlink: /home/lulav/ros2_ws/install/admittance_controller/share/admittance_controller/cmake/ament_cmake_export_dependencies-extras.cmake
[1.378s] -- Up-to-date symlink: /home/lulav/ros2_ws/install/admittance_controller/share/admittance_controller/cmake/admittance_controllerConfig.cmake
[1.379s] -- Up-to-date symlink: /home/lulav/ros2_ws/install/admittance_controller/share/admittance_controller/cmake/admittance_controllerConfig-version.cmake
[1.379s] -- Up-to-date symlink: /home/lulav/ros2_ws/install/admittance_controller/share/admittance_controller/package.xml
[1.380s] -- Up-to-date: /home/lulav/ros2_ws/install/admittance_controller/lib/libadmittance_controller.so
[1.381s] -- Up-to-date: /home/lulav/ros2_ws/install/admittance_controller/share/admittance_controller/cmake/export_admittance_controllerExport.cmake
[1.381s] -- Up-to-date: /home/lulav/ros2_ws/install/admittance_controller/share/admittance_controller/cmake/export_admittance_controllerExport-noconfig.cmake
[1.483s] Invoked command in '/home/lulav/ros2_ws/build/admittance_controller' returned '0': AMENT_PREFIX_PATH=/home/lulav/ros2_ws/install/joint_trajectory_controller:/home/lulav/ros2_ws/install/controller_manager:/home/lulav/ros2_ws/install/controller_interface:/home/lulav/ros2_ws/install/hardware_interface:/home/lulav/ros2_ws/install/ros2_control_test_assets:/home/lulav/ros2_ws/install/realtime_tools:/home/lulav/ros2_ws/install/controller_manager_msgs:/home/lulav/ros2_ws/install/control_msgs:${AMENT_PREFIX_PATH} CMAKE_PREFIX_PATH=/home/lulav/ros2_ws/install/joint_trajectory_controller:/home/lulav/ros2_ws/install/controller_manager:/home/lulav/ros2_ws/install/controller_interface:/home/lulav/ros2_ws/install/hardware_interface:/home/lulav/ros2_ws/install/ros2_control_test_assets:/home/lulav/ros2_ws/install/realtime_tools:/home/lulav/ros2_ws/install/controller_manager_msgs:/home/lulav/ros2_ws/install/control_msgs:/opt/ros/humble LD_LIBRARY_PATH=/home/lulav/ros2_ws/install/joint_trajectory_controller/lib:/home/lulav/ros2_ws/install/controller_manager/lib:/home/lulav/ros2_ws/install/controller_interface/lib:/home/lulav/ros2_ws/install/hardware_interface/lib:/home/lulav/ros2_ws/install/realtime_tools/lib:/home/lulav/ros2_ws/install/controller_manager_msgs/lib:/home/lulav/ros2_ws/install/control_msgs/lib:${LD_LIBRARY_PATH} PYTHONPATH=/home/lulav/ros2_ws/install/controller_manager/local/lib/python3.10/dist-packages:/home/lulav/ros2_ws/install/controller_manager_msgs/local/lib/python3.10/dist-packages:/home/lulav/ros2_ws/install/control_msgs/local/lib/python3.10/dist-packages:${PYTHONPATH} /usr/bin/cmake --install /home/lulav/ros2_ws/build/admittance_controller
