[0.167s] Invoking command in '/home/lulav/ros2_ws/build/gripper_controllers': AMENT_PREFIX_PATH=/home/lulav/ros2_ws/install/controller_manager:/home/lulav/ros2_ws/install/controller_interface:/home/lulav/ros2_ws/install/hardware_interface:/home/lulav/ros2_ws/install/ros2_control_test_assets:/home/lulav/ros2_ws/install/realtime_tools:/home/lulav/ros2_ws/install/controller_manager_msgs:/home/lulav/ros2_ws/install/control_msgs:${AMENT_PREFIX_PATH} CMAKE_PREFIX_PATH=/home/lulav/ros2_ws/install/controller_manager:/home/lulav/ros2_ws/install/controller_interface:/home/lulav/ros2_ws/install/hardware_interface:/home/lulav/ros2_ws/install/ros2_control_test_assets:/home/lulav/ros2_ws/install/realtime_tools:/home/lulav/ros2_ws/install/controller_manager_msgs:/home/lulav/ros2_ws/install/control_msgs:/opt/ros/humble LD_LIBRARY_PATH=/home/lulav/ros2_ws/install/controller_manager/lib:/home/lulav/ros2_ws/install/controller_interface/lib:/home/lulav/ros2_ws/install/hardware_interface/lib:/home/lulav/ros2_ws/install/realtime_tools/lib:/home/lulav/ros2_ws/install/controller_manager_msgs/lib:/home/lulav/ros2_ws/install/control_msgs/lib:${LD_LIBRARY_PATH} PYTHONPATH=/home/lulav/ros2_ws/install/controller_manager/local/lib/python3.10/dist-packages:/home/lulav/ros2_ws/install/controller_manager_msgs/local/lib/python3.10/dist-packages:/home/lulav/ros2_ws/install/control_msgs/local/lib/python3.10/dist-packages:${PYTHONPATH} /usr/bin/cmake --build /home/lulav/ros2_ws/build/gripper_controllers -- -j8 -l8
[0.363s] [ 16%] Built target gmock_main
[0.381s] [ 25%] Built target gripper_action_controller_parameters
[0.387s] [ 50%] Built target gmock
[0.463s] [ 66%] Built target gripper_action_controller
[0.483s] [ 83%] Built target test_load_gripper_action_controllers
[0.545s] [100%] Built target test_gripper_controllers
[0.582s] Invoked command in '/home/lulav/ros2_ws/build/gripper_controllers' returned '0': AMENT_PREFIX_PATH=/home/lulav/ros2_ws/install/controller_manager:/home/lulav/ros2_ws/install/controller_interface:/home/lulav/ros2_ws/install/hardware_interface:/home/lulav/ros2_ws/install/ros2_control_test_assets:/home/lulav/ros2_ws/install/realtime_tools:/home/lulav/ros2_ws/install/controller_manager_msgs:/home/lulav/ros2_ws/install/control_msgs:${AMENT_PREFIX_PATH} CMAKE_PREFIX_PATH=/home/lulav/ros2_ws/install/controller_manager:/home/lulav/ros2_ws/install/controller_interface:/home/lulav/ros2_ws/install/hardware_interface:/home/lulav/ros2_ws/install/ros2_control_test_assets:/home/lulav/ros2_ws/install/realtime_tools:/home/lulav/ros2_ws/install/controller_manager_msgs:/home/lulav/ros2_ws/install/control_msgs:/opt/ros/humble LD_LIBRARY_PATH=/home/lulav/ros2_ws/install/controller_manager/lib:/home/lulav/ros2_ws/install/controller_interface/lib:/home/lulav/ros2_ws/install/hardware_interface/lib:/home/lulav/ros2_ws/install/realtime_tools/lib:/home/lulav/ros2_ws/install/controller_manager_msgs/lib:/home/lulav/ros2_ws/install/control_msgs/lib:${LD_LIBRARY_PATH} PYTHONPATH=/home/lulav/ros2_ws/install/controller_manager/local/lib/python3.10/dist-packages:/home/lulav/ros2_ws/install/controller_manager_msgs/local/lib/python3.10/dist-packages:/home/lulav/ros2_ws/install/control_msgs/local/lib/python3.10/dist-packages:${PYTHONPATH} /usr/bin/cmake --build /home/lulav/ros2_ws/build/gripper_controllers -- -j8 -l8
[0.754s] Invoking command in '/home/lulav/ros2_ws/build/gripper_controllers': AMENT_PREFIX_PATH=/home/lulav/ros2_ws/install/controller_manager:/home/lulav/ros2_ws/install/controller_interface:/home/lulav/ros2_ws/install/hardware_interface:/home/lulav/ros2_ws/install/ros2_control_test_assets:/home/lulav/ros2_ws/install/realtime_tools:/home/lulav/ros2_ws/install/controller_manager_msgs:/home/lulav/ros2_ws/install/control_msgs:${AMENT_PREFIX_PATH} CMAKE_PREFIX_PATH=/home/lulav/ros2_ws/install/controller_manager:/home/lulav/ros2_ws/install/controller_interface:/home/lulav/ros2_ws/install/hardware_interface:/home/lulav/ros2_ws/install/ros2_control_test_assets:/home/lulav/ros2_ws/install/realtime_tools:/home/lulav/ros2_ws/install/controller_manager_msgs:/home/lulav/ros2_ws/install/control_msgs:/opt/ros/humble LD_LIBRARY_PATH=/home/lulav/ros2_ws/install/controller_manager/lib:/home/lulav/ros2_ws/install/controller_interface/lib:/home/lulav/ros2_ws/install/hardware_interface/lib:/home/lulav/ros2_ws/install/realtime_tools/lib:/home/lulav/ros2_ws/install/controller_manager_msgs/lib:/home/lulav/ros2_ws/install/control_msgs/lib:${LD_LIBRARY_PATH} PYTHONPATH=/home/lulav/ros2_ws/install/controller_manager/local/lib/python3.10/dist-packages:/home/lulav/ros2_ws/install/controller_manager_msgs/local/lib/python3.10/dist-packages:/home/lulav/ros2_ws/install/control_msgs/local/lib/python3.10/dist-packages:${PYTHONPATH} /usr/bin/cmake --install /home/lulav/ros2_ws/build/gripper_controllers
[0.777s] -- Install configuration: ""
[0.777s] -- Execute custom install script
[0.778s] -- Up-to-date symlink: /home/lulav/ros2_ws/install/gripper_controllers/include/gripper_action_controller_parameters/gripper_action_controller_parameters.hpp
[0.778s] -- Up-to-date symlink: /home/lulav/ros2_ws/install/gripper_controllers/share/gripper_controllers//ros_control_plugins.xml
[0.778s] -- Up-to-date symlink: /home/lulav/ros2_ws/install/gripper_controllers/include/gripper_action_controller/gripper_controllers/gripper_action_controller.hpp
[0.778s] -- Up-to-date symlink: /home/lulav/ros2_ws/install/gripper_controllers/include/gripper_action_controller/gripper_controllers/gripper_action_controller_impl.hpp
[0.779s] -- Up-to-date symlink: /home/lulav/ros2_ws/install/gripper_controllers/include/gripper_action_controller/gripper_controllers/hardware_interface_adapter.hpp
[0.779s] -- Up-to-date symlink: /home/lulav/ros2_ws/install/gripper_controllers/include/gripper_action_controller/gripper_controllers/visibility_control.hpp
[0.779s] -- Up-to-date symlink: /home/lulav/ros2_ws/install/gripper_controllers/share/gripper_controllers/environment/library_path.sh
[0.779s] -- Up-to-date symlink: /home/lulav/ros2_ws/install/gripper_controllers/share/gripper_controllers/environment/library_path.dsv
[0.779s] -- Up-to-date symlink: /home/lulav/ros2_ws/install/gripper_controllers/share/ament_index/resource_index/package_run_dependencies/gripper_controllers
[0.780s] -- Up-to-date symlink: /home/lulav/ros2_ws/install/gripper_controllers/share/ament_index/resource_index/parent_prefix_path/gripper_controllers
[0.780s] -- Up-to-date symlink: /home/lulav/ros2_ws/install/gripper_controllers/share/gripper_controllers/environment/ament_prefix_path.sh
[0.780s] -- Up-to-date symlink: /home/lulav/ros2_ws/install/gripper_controllers/share/gripper_controllers/environment/ament_prefix_path.dsv
[0.780s] -- Up-to-date symlink: /home/lulav/ros2_ws/install/gripper_controllers/share/gripper_controllers/environment/path.sh
[0.780s] -- Up-to-date symlink: /home/lulav/ros2_ws/install/gripper_controllers/share/gripper_controllers/environment/path.dsv
[0.781s] -- Up-to-date symlink: /home/lulav/ros2_ws/install/gripper_controllers/share/gripper_controllers/local_setup.bash
[0.794s] -- Up-to-date symlink: /home/lulav/ros2_ws/install/gripper_controllers/share/gripper_controllers/local_setup.sh
[0.794s] -- Up-to-date symlink: /home/lulav/ros2_ws/install/gripper_controllers/share/gripper_controllers/local_setup.zsh
[0.794s] -- Up-to-date symlink: /home/lulav/ros2_ws/install/gripper_controllers/share/gripper_controllers/local_setup.dsv
[0.795s] -- Symlinking: /home/lulav/ros2_ws/install/gripper_controllers/share/gripper_controllers/package.dsv
[0.815s] -- Up-to-date symlink: /home/lulav/ros2_ws/install/gripper_controllers/share/ament_index/resource_index/packages/gripper_controllers
[0.816s] -- Up-to-date symlink: /home/lulav/ros2_ws/install/gripper_controllers/share/ament_index/resource_index/controller_interface__pluginlib__plugin/gripper_controllers
[0.816s] -- Up-to-date symlink: /home/lulav/ros2_ws/install/gripper_controllers/share/gripper_controllers/cmake/ament_cmake_export_targets-extras.cmake
[0.816s] -- Up-to-date symlink: /home/lulav/ros2_ws/install/gripper_controllers/share/gripper_controllers/cmake/ament_cmake_export_dependencies-extras.cmake
[0.816s] -- Up-to-date symlink: /home/lulav/ros2_ws/install/gripper_controllers/share/gripper_controllers/cmake/gripper_controllersConfig.cmake
[0.817s] -- Up-to-date symlink: /home/lulav/ros2_ws/install/gripper_controllers/share/gripper_controllers/cmake/gripper_controllersConfig-version.cmake
[0.817s] -- Up-to-date symlink: /home/lulav/ros2_ws/install/gripper_controllers/share/gripper_controllers/package.xml
[0.822s] -- Up-to-date: /home/lulav/ros2_ws/install/gripper_controllers/lib/libgripper_action_controller.so
[0.822s] -- Up-to-date: /home/lulav/ros2_ws/install/gripper_controllers/share/gripper_controllers/cmake/export_gripper_action_controllerExport.cmake
[0.822s] -- Up-to-date: /home/lulav/ros2_ws/install/gripper_controllers/share/gripper_controllers/cmake/export_gripper_action_controllerExport-noconfig.cmake
[0.921s] Invoked command in '/home/lulav/ros2_ws/build/gripper_controllers' returned '0': AMENT_PREFIX_PATH=/home/lulav/ros2_ws/install/controller_manager:/home/lulav/ros2_ws/install/controller_interface:/home/lulav/ros2_ws/install/hardware_interface:/home/lulav/ros2_ws/install/ros2_control_test_assets:/home/lulav/ros2_ws/install/realtime_tools:/home/lulav/ros2_ws/install/controller_manager_msgs:/home/lulav/ros2_ws/install/control_msgs:${AMENT_PREFIX_PATH} CMAKE_PREFIX_PATH=/home/lulav/ros2_ws/install/controller_manager:/home/lulav/ros2_ws/install/controller_interface:/home/lulav/ros2_ws/install/hardware_interface:/home/lulav/ros2_ws/install/ros2_control_test_assets:/home/lulav/ros2_ws/install/realtime_tools:/home/lulav/ros2_ws/install/controller_manager_msgs:/home/lulav/ros2_ws/install/control_msgs:/opt/ros/humble LD_LIBRARY_PATH=/home/lulav/ros2_ws/install/controller_manager/lib:/home/lulav/ros2_ws/install/controller_interface/lib:/home/lulav/ros2_ws/install/hardware_interface/lib:/home/lulav/ros2_ws/install/realtime_tools/lib:/home/lulav/ros2_ws/install/controller_manager_msgs/lib:/home/lulav/ros2_ws/install/control_msgs/lib:${LD_LIBRARY_PATH} PYTHONPATH=/home/lulav/ros2_ws/install/controller_manager/local/lib/python3.10/dist-packages:/home/lulav/ros2_ws/install/controller_manager_msgs/local/lib/python3.10/dist-packages:/home/lulav/ros2_ws/install/control_msgs/local/lib/python3.10/dist-packages:${PYTHONPATH} /usr/bin/cmake --install /home/lulav/ros2_ws/build/gripper_controllers
