[0.039s] Invoking command in '/home/lulav/ros2_ws/build/controller_interface': AMENT_PREFIX_PATH=/home/lulav/ros2_ws/install/hardware_interface:/home/lulav/ros2_ws/install/control_msgs:${AMENT_PREFIX_PATH} CMAKE_PREFIX_PATH=/home/lulav/ros2_ws/install/hardware_interface:/home/lulav/ros2_ws/install/control_msgs:/opt/ros/humble LD_LIBRARY_PATH=/home/lulav/ros2_ws/install/hardware_interface/lib:/home/lulav/ros2_ws/install/control_msgs/lib:${LD_LIBRARY_PATH} PYTHONPATH=/home/lulav/ros2_ws/install/control_msgs/local/lib/python3.10/dist-packages:${PYTHONPATH} /usr/bin/cmake --build /home/lulav/ros2_ws/build/controller_interface -- -j8 -l8
[0.161s] [  9%] Built target gmock_main
[0.201s] [ 28%] Built target controller_interface
[0.217s] [ 42%] Built target gmock
[0.348s] [ 52%] Built target test_controller_with_options
[0.359s] [ 61%] Built target test_controller_interface
[0.374s] [ 71%] Built target test_imu_sensor
[0.384s] [ 80%] Built target test_chainable_controller_interface
[0.386s] [ 90%] Built target test_semantic_component_interface
[0.394s] [100%] Built target test_force_torque_sensor
[0.422s] Invoked command in '/home/lulav/ros2_ws/build/controller_interface' returned '0': AMENT_PREFIX_PATH=/home/lulav/ros2_ws/install/hardware_interface:/home/lulav/ros2_ws/install/control_msgs:${AMENT_PREFIX_PATH} CMAKE_PREFIX_PATH=/home/lulav/ros2_ws/install/hardware_interface:/home/lulav/ros2_ws/install/control_msgs:/opt/ros/humble LD_LIBRARY_PATH=/home/lulav/ros2_ws/install/hardware_interface/lib:/home/lulav/ros2_ws/install/control_msgs/lib:${LD_LIBRARY_PATH} PYTHONPATH=/home/lulav/ros2_ws/install/control_msgs/local/lib/python3.10/dist-packages:${PYTHONPATH} /usr/bin/cmake --build /home/lulav/ros2_ws/build/controller_interface -- -j8 -l8
[0.561s] Invoking command in '/home/lulav/ros2_ws/build/controller_interface': AMENT_PREFIX_PATH=/home/lulav/ros2_ws/install/hardware_interface:/home/lulav/ros2_ws/install/control_msgs:${AMENT_PREFIX_PATH} CMAKE_PREFIX_PATH=/home/lulav/ros2_ws/install/hardware_interface:/home/lulav/ros2_ws/install/control_msgs:/opt/ros/humble LD_LIBRARY_PATH=/home/lulav/ros2_ws/install/hardware_interface/lib:/home/lulav/ros2_ws/install/control_msgs/lib:${LD_LIBRARY_PATH} PYTHONPATH=/home/lulav/ros2_ws/install/control_msgs/local/lib/python3.10/dist-packages:${PYTHONPATH} /usr/bin/cmake --install /home/lulav/ros2_ws/build/controller_interface
[0.577s] -- Install configuration: ""
[0.580s] -- Execute custom install script
[0.581s] -- Up-to-date symlink: /home/lulav/ros2_ws/install/controller_interface/include/controller_interface/chainable_controller_interface.hpp
[0.583s] -- Up-to-date symlink: /home/lulav/ros2_ws/install/controller_interface/include/controller_interface/controller_interface.hpp
[0.585s] -- Up-to-date symlink: /home/lulav/ros2_ws/install/controller_interface/include/controller_interface/controller_interface_base.hpp
[0.585s] -- Up-to-date symlink: /home/lulav/ros2_ws/install/controller_interface/include/controller_interface/helpers.hpp
[0.585s] -- Up-to-date symlink: /home/lulav/ros2_ws/install/controller_interface/include/controller_interface/visibility_control.h
[0.585s] -- Up-to-date symlink: /home/lulav/ros2_ws/install/controller_interface/include/semantic_components/force_torque_sensor.hpp
[0.586s] -- Up-to-date symlink: /home/lulav/ros2_ws/install/controller_interface/include/semantic_components/imu_sensor.hpp
[0.586s] -- Up-to-date symlink: /home/lulav/ros2_ws/install/controller_interface/include/semantic_components/semantic_component_interface.hpp
[0.586s] -- Up-to-date symlink: /home/lulav/ros2_ws/install/controller_interface/lib/libcontroller_interface.so
[0.587s] -- Up-to-date symlink: /home/lulav/ros2_ws/install/controller_interface/share/controller_interface/environment/library_path.sh
[0.587s] -- Up-to-date symlink: /home/lulav/ros2_ws/install/controller_interface/share/controller_interface/environment/library_path.dsv
[0.587s] -- Up-to-date symlink: /home/lulav/ros2_ws/install/controller_interface/share/ament_index/resource_index/package_run_dependencies/controller_interface
[0.587s] -- Up-to-date symlink: /home/lulav/ros2_ws/install/controller_interface/share/ament_index/resource_index/parent_prefix_path/controller_interface
[0.587s] -- Up-to-date symlink: /home/lulav/ros2_ws/install/controller_interface/share/controller_interface/environment/ament_prefix_path.sh
[0.588s] -- Up-to-date symlink: /home/lulav/ros2_ws/install/controller_interface/share/controller_interface/environment/ament_prefix_path.dsv
[0.588s] -- Up-to-date symlink: /home/lulav/ros2_ws/install/controller_interface/share/controller_interface/environment/path.sh
[0.588s] -- Up-to-date symlink: /home/lulav/ros2_ws/install/controller_interface/share/controller_interface/environment/path.dsv
[0.589s] -- Up-to-date symlink: /home/lulav/ros2_ws/install/controller_interface/share/controller_interface/local_setup.bash
[0.589s] -- Up-to-date symlink: /home/lulav/ros2_ws/install/controller_interface/share/controller_interface/local_setup.sh
[0.589s] -- Up-to-date symlink: /home/lulav/ros2_ws/install/controller_interface/share/controller_interface/local_setup.zsh
[0.590s] -- Up-to-date symlink: /home/lulav/ros2_ws/install/controller_interface/share/controller_interface/local_setup.dsv
[0.590s] -- Symlinking: /home/lulav/ros2_ws/install/controller_interface/share/controller_interface/package.dsv
[0.611s] -- Up-to-date symlink: /home/lulav/ros2_ws/install/controller_interface/share/ament_index/resource_index/packages/controller_interface
[0.612s] -- Up-to-date symlink: /home/lulav/ros2_ws/install/controller_interface/share/controller_interface/cmake/ament_cmake_export_dependencies-extras.cmake
[0.612s] -- Up-to-date symlink: /home/lulav/ros2_ws/install/controller_interface/share/controller_interface/cmake/ament_cmake_export_include_directories-extras.cmake
[0.612s] -- Up-to-date symlink: /home/lulav/ros2_ws/install/controller_interface/share/controller_interface/cmake/ament_cmake_export_libraries-extras.cmake
[0.613s] -- Up-to-date symlink: /home/lulav/ros2_ws/install/controller_interface/share/controller_interface/cmake/controller_interfaceConfig.cmake
[0.613s] -- Up-to-date symlink: /home/lulav/ros2_ws/install/controller_interface/share/controller_interface/cmake/controller_interfaceConfig-version.cmake
[0.613s] -- Up-to-date symlink: /home/lulav/ros2_ws/install/controller_interface/share/controller_interface/package.xml
[0.618s] Invoked command in '/home/lulav/ros2_ws/build/controller_interface' returned '0': AMENT_PREFIX_PATH=/home/lulav/ros2_ws/install/hardware_interface:/home/lulav/ros2_ws/install/control_msgs:${AMENT_PREFIX_PATH} CMAKE_PREFIX_PATH=/home/lulav/ros2_ws/install/hardware_interface:/home/lulav/ros2_ws/install/control_msgs:/opt/ros/humble LD_LIBRARY_PATH=/home/lulav/ros2_ws/install/hardware_interface/lib:/home/lulav/ros2_ws/install/control_msgs/lib:${LD_LIBRARY_PATH} PYTHONPATH=/home/lulav/ros2_ws/install/control_msgs/local/lib/python3.10/dist-packages:${PYTHONPATH} /usr/bin/cmake --install /home/lulav/ros2_ws/build/controller_interface
