[0.083s] Invoking command in '/home/lulav/ros2_ws/build/joint_limits': CMAKE_PREFIX_PATH=/opt/ros/humble /usr/bin/cmake --build /home/lulav/ros2_ws/build/joint_limits -- -j8 -l8
[0.232s] [ 33%] Built target gtest_main
[0.251s] [ 66%] Built target gtest
[0.412s] [100%] Built target joint_limits_rosparam_test
[0.934s] Invoked command in '/home/lulav/ros2_ws/build/joint_limits' returned '0': CMAKE_PREFIX_PATH=/opt/ros/humble /usr/bin/cmake --build /home/lulav/ros2_ws/build/joint_limits -- -j8 -l8
[1.026s] Invoking command in '/home/lulav/ros2_ws/build/joint_limits': CMAKE_PREFIX_PATH=/opt/ros/humble /usr/bin/cmake --install /home/lulav/ros2_ws/build/joint_limits
[1.045s] -- Install configuration: ""
[1.045s] -- Execute custom install script
[1.045s] -- Up-to-date symlink: /home/lulav/ros2_ws/install/joint_limits/include/joint_limits/joint_limits.hpp
[1.045s] -- Up-to-date symlink: /home/lulav/ros2_ws/install/joint_limits/include/joint_limits/joint_limits_rosparam.hpp
[1.046s] -- Up-to-date symlink: /home/lulav/ros2_ws/install/joint_limits/lib/joint_limits/joint_limits_rosparam_test
[1.047s] -- Up-to-date symlink: /home/lulav/ros2_ws/install/joint_limits/share/joint_limits/test/joint_limits_rosparam.yaml
[1.048s] -- Up-to-date symlink: /home/lulav/ros2_ws/install/joint_limits/share/ament_index/resource_index/package_run_dependencies/joint_limits
[1.048s] -- Up-to-date symlink: /home/lulav/ros2_ws/install/joint_limits/share/ament_index/resource_index/parent_prefix_path/joint_limits
[1.049s] -- Up-to-date symlink: /home/lulav/ros2_ws/install/joint_limits/share/joint_limits/environment/ament_prefix_path.sh
[1.049s] -- Up-to-date symlink: /home/lulav/ros2_ws/install/joint_limits/share/joint_limits/environment/ament_prefix_path.dsv
[1.049s] -- Up-to-date symlink: /home/lulav/ros2_ws/install/joint_limits/share/joint_limits/environment/path.sh
[1.050s] -- Up-to-date symlink: /home/lulav/ros2_ws/install/joint_limits/share/joint_limits/environment/path.dsv
[1.050s] -- Up-to-date symlink: /home/lulav/ros2_ws/install/joint_limits/share/joint_limits/local_setup.bash
[1.050s] -- Up-to-date symlink: /home/lulav/ros2_ws/install/joint_limits/share/joint_limits/local_setup.sh
[1.051s] -- Up-to-date symlink: /home/lulav/ros2_ws/install/joint_limits/share/joint_limits/local_setup.zsh
[1.051s] -- Up-to-date symlink: /home/lulav/ros2_ws/install/joint_limits/share/joint_limits/local_setup.dsv
[1.052s] -- Symlinking: /home/lulav/ros2_ws/install/joint_limits/share/joint_limits/package.dsv
[1.074s] -- Up-to-date symlink: /home/lulav/ros2_ws/install/joint_limits/share/ament_index/resource_index/packages/joint_limits
[1.074s] -- Up-to-date symlink: /home/lulav/ros2_ws/install/joint_limits/share/joint_limits/cmake/ament_cmake_export_dependencies-extras.cmake
[1.074s] -- Up-to-date symlink: /home/lulav/ros2_ws/install/joint_limits/share/joint_limits/cmake/ament_cmake_export_include_directories-extras.cmake
[1.075s] -- Up-to-date symlink: /home/lulav/ros2_ws/install/joint_limits/share/joint_limits/cmake/joint_limitsConfig.cmake
[1.075s] -- Up-to-date symlink: /home/lulav/ros2_ws/install/joint_limits/share/joint_limits/cmake/joint_limitsConfig-version.cmake
[1.080s] -- Up-to-date symlink: /home/lulav/ros2_ws/install/joint_limits/share/joint_limits/package.xml
[1.092s] Invoked command in '/home/lulav/ros2_ws/build/joint_limits' returned '0': CMAKE_PREFIX_PATH=/opt/ros/humble /usr/bin/cmake --install /home/lulav/ros2_ws/build/joint_limits
