[1.419s] Invoking command in '/workspaces/diffbot/ros2_ws/build/joint_limits': CMAKE_PREFIX_PATH=${CMAKE_PREFIX_PATH}:/workspaces/diffbot/ros2_ws/install/rqt_controller_manager:/workspaces/diffbot/ros2_ws/install/ros2controlcli:/workspaces/diffbot/ros2_ws/install/ros2_controllers_test_nodes:/workspaces/diffbot/ros2_ws/install/controller:/opt/ros/humble /usr/bin/cmake --build /workspaces/diffbot/ros2_ws/build/joint_limits -- -j8 -l8
[1.646s] [35m[1mConsolidate compiler generated dependencies of target gtest_main[0m
[1.735s] [ 33%] Built target gtest_main
[1.809s] [35m[1mConsolidate compiler generated dependencies of target gtest[0m
[1.881s] [ 66%] Built target gtest
[1.951s] [35m[1mConsolidate compiler generated dependencies of target joint_limits_rosparam_test[0m
[2.102s] [100%] Built target joint_limits_rosparam_test
[2.252s] Invoked command in '/workspaces/diffbot/ros2_ws/build/joint_limits' returned '0': CMAKE_PREFIX_PATH=${CMAKE_PREFIX_PATH}:/workspaces/diffbot/ros2_ws/install/rqt_controller_manager:/workspaces/diffbot/ros2_ws/install/ros2controlcli:/workspaces/diffbot/ros2_ws/install/ros2_controllers_test_nodes:/workspaces/diffbot/ros2_ws/install/controller:/opt/ros/humble /usr/bin/cmake --build /workspaces/diffbot/ros2_ws/build/joint_limits -- -j8 -l8
[3.099s] Invoking command in '/workspaces/diffbot/ros2_ws/build/joint_limits': CMAKE_PREFIX_PATH=${CMAKE_PREFIX_PATH}:/workspaces/diffbot/ros2_ws/install/rqt_controller_manager:/workspaces/diffbot/ros2_ws/install/ros2controlcli:/workspaces/diffbot/ros2_ws/install/ros2_controllers_test_nodes:/workspaces/diffbot/ros2_ws/install/controller:/opt/ros/humble /usr/bin/cmake --install /workspaces/diffbot/ros2_ws/build/joint_limits
[3.142s] -- Install configuration: ""
[3.143s] -- Up-to-date: /workspaces/diffbot/ros2_ws/install/joint_limits/include
[3.143s] -- Up-to-date: /workspaces/diffbot/ros2_ws/install/joint_limits/include/joint_limits
[3.143s] -- Up-to-date: /workspaces/diffbot/ros2_ws/install/joint_limits/include/joint_limits/joint_limits.hpp
[3.143s] -- Up-to-date: /workspaces/diffbot/ros2_ws/install/joint_limits/include/joint_limits/joint_limits_rosparam.hpp
[3.143s] -- Up-to-date: /workspaces/diffbot/ros2_ws/install/joint_limits/lib/joint_limits/joint_limits_rosparam_test
[3.144s] -- Up-to-date: /workspaces/diffbot/ros2_ws/install/joint_limits/share/joint_limits/test/joint_limits_rosparam.yaml
[3.144s] -- Up-to-date: /workspaces/diffbot/ros2_ws/install/joint_limits/share/ament_index/resource_index/package_run_dependencies/joint_limits
[3.144s] -- Up-to-date: /workspaces/diffbot/ros2_ws/install/joint_limits/share/ament_index/resource_index/parent_prefix_path/joint_limits
[3.144s] -- Up-to-date: /workspaces/diffbot/ros2_ws/install/joint_limits/share/joint_limits/environment/ament_prefix_path.sh
[3.145s] -- Up-to-date: /workspaces/diffbot/ros2_ws/install/joint_limits/share/joint_limits/environment/ament_prefix_path.dsv
[3.145s] -- Up-to-date: /workspaces/diffbot/ros2_ws/install/joint_limits/share/joint_limits/environment/path.sh
[3.145s] -- Up-to-date: /workspaces/diffbot/ros2_ws/install/joint_limits/share/joint_limits/environment/path.dsv
[3.145s] -- Up-to-date: /workspaces/diffbot/ros2_ws/install/joint_limits/share/joint_limits/local_setup.bash
[3.145s] -- Up-to-date: /workspaces/diffbot/ros2_ws/install/joint_limits/share/joint_limits/local_setup.sh
[3.146s] -- Up-to-date: /workspaces/diffbot/ros2_ws/install/joint_limits/share/joint_limits/local_setup.zsh
[3.148s] -- Up-to-date: /workspaces/diffbot/ros2_ws/install/joint_limits/share/joint_limits/local_setup.dsv
[3.149s] -- Installing: /workspaces/diffbot/ros2_ws/install/joint_limits/share/joint_limits/package.dsv
[3.149s] -- Up-to-date: /workspaces/diffbot/ros2_ws/install/joint_limits/share/ament_index/resource_index/packages/joint_limits
[3.150s] -- Up-to-date: /workspaces/diffbot/ros2_ws/install/joint_limits/share/joint_limits/cmake/ament_cmake_export_dependencies-extras.cmake
[3.150s] -- Up-to-date: /workspaces/diffbot/ros2_ws/install/joint_limits/share/joint_limits/cmake/ament_cmake_export_include_directories-extras.cmake
[3.150s] -- Up-to-date: /workspaces/diffbot/ros2_ws/install/joint_limits/share/joint_limits/cmake/joint_limitsConfig.cmake
[3.158s] -- Up-to-date: /workspaces/diffbot/ros2_ws/install/joint_limits/share/joint_limits/cmake/joint_limitsConfig-version.cmake
[3.158s] -- Up-to-date: /workspaces/diffbot/ros2_ws/install/joint_limits/share/joint_limits/package.xml
[3.275s] Invoked command in '/workspaces/diffbot/ros2_ws/build/joint_limits' returned '0': CMAKE_PREFIX_PATH=${CMAKE_PREFIX_PATH}:/workspaces/diffbot/ros2_ws/install/rqt_controller_manager:/workspaces/diffbot/ros2_ws/install/ros2controlcli:/workspaces/diffbot/ros2_ws/install/ros2_controllers_test_nodes:/workspaces/diffbot/ros2_ws/install/controller:/opt/ros/humble /usr/bin/cmake --install /workspaces/diffbot/ros2_ws/build/joint_limits
