[0.050s] Invoking command in '/home/lulav/ros2_ws/build/realtime_tools': CMAKE_PREFIX_PATH=/opt/ros/humble /usr/bin/cmake /home/lulav/ros2_ws/src/realtime_tools -DAMENT_CMAKE_SYMLINK_INSTALL=1 -DCMAKE_INSTALL_PREFIX=/home/lulav/ros2_ws/install/realtime_tools
[0.704s] -- The CXX compiler identification is GNU 11.4.0
[0.704s] -- Detecting CXX compiler ABI info
[0.704s] -- Detecting CXX compiler ABI info - done
[0.705s] -- Check for working CXX compiler: /usr/bin/c++ - skipped
[0.705s] -- Detecting CXX compile features
[0.705s] -- Detecting CXX compile features - done
[0.705s] -- Found ament_cmake: 1.3.5 (/opt/ros/humble/share/ament_cmake/cmake)
[0.806s] -- Found Python3: /usr/bin/python3.10 (found version "3.10.12") found components: Interpreter 
[0.942s] -- Override CMake install command with custom implementation using symlinks instead of copying resources
[0.979s] -- Found rclcpp: 16.0.5 (/opt/ros/humble/share/rclcpp/cmake)
[1.071s] -- Found rosidl_generator_c: 3.1.5 (/opt/ros/humble/share/rosidl_generator_c/cmake)
[1.081s] -- Found rosidl_adapter: 3.1.5 (/opt/ros/humble/share/rosidl_adapter/cmake)
[1.104s] -- Found rosidl_generator_cpp: 3.1.5 (/opt/ros/humble/share/rosidl_generator_cpp/cmake)
[1.143s] -- Using all available rosidl_typesupport_c: rosidl_typesupport_fastrtps_c;rosidl_typesupport_introspection_c
[1.199s] -- Using all available rosidl_typesupport_cpp: rosidl_typesupport_fastrtps_cpp;rosidl_typesupport_introspection_cpp
[1.334s] -- Found rmw_implementation_cmake: 6.1.1 (/opt/ros/humble/share/rmw_implementation_cmake/cmake)
[1.338s] -- Found rmw_fastrtps_cpp: 6.2.3 (/opt/ros/humble/share/rmw_fastrtps_cpp/cmake)
[1.519s] -- Found OpenSSL: /usr/lib/x86_64-linux-gnu/libcrypto.so (found version "3.0.2")  
[1.589s] -- Found FastRTPS: /opt/ros/humble/include  
[1.717s] -- Using RMW implementation 'rmw_fastrtps_cpp' as default
[1.740s] -- Looking for C++ include pthread.h
[1.912s] -- Looking for C++ include pthread.h - found
[1.913s] -- Performing Test CMAKE_HAVE_LIBC_PTHREAD
[2.059s] -- Performing Test CMAKE_HAVE_LIBC_PTHREAD - Success
[2.061s] -- Found Threads: TRUE  
[2.420s] -- Found rclcpp_action: 16.0.5 (/opt/ros/humble/share/rclcpp_action/cmake)
[2.598s] -- Found ament_cmake_gmock: 1.3.5 (/opt/ros/humble/share/ament_cmake_gmock/cmake)
[2.600s] -- Found test_msgs: 1.2.1 (/opt/ros/humble/share/test_msgs/cmake)
[2.730s] -- Found gmock sources under '/opt/ros/humble/src/gmock_vendor': C++ tests using 'Google Mock' will be built
[2.797s] -- The C compiler identification is GNU 11.4.0
[2.813s] -- Detecting C compiler ABI info
[2.924s] -- Detecting C compiler ABI info - done
[2.936s] -- Check for working C compiler: /usr/bin/cc - skipped
[2.937s] -- Detecting C compile features
[2.938s] -- Detecting C compile features - done
[2.945s] -- Found ament_cmake_gtest: 1.3.5 (/opt/ros/humble/share/ament_cmake_gtest/cmake)
[2.946s] -- Found gtest sources under '/opt/ros/humble/src/gtest_vendor': C++ tests using 'Google Test' will be built
[3.092s] -- Configuring done
[3.177s] -- Generating done
[3.183s] -- Build files have been written to: /home/lulav/ros2_ws/build/realtime_tools
[3.207s] Invoked command in '/home/lulav/ros2_ws/build/realtime_tools' returned '0': CMAKE_PREFIX_PATH=/opt/ros/humble /usr/bin/cmake /home/lulav/ros2_ws/src/realtime_tools -DAMENT_CMAKE_SYMLINK_INSTALL=1 -DCMAKE_INSTALL_PREFIX=/home/lulav/ros2_ws/install/realtime_tools
[3.210s] Invoking command in '/home/lulav/ros2_ws/build/realtime_tools': CMAKE_PREFIX_PATH=/opt/ros/humble /usr/bin/cmake --build /home/lulav/ros2_ws/build/realtime_tools -- -j8 -l8
[3.299s] [  4%] [32mBuilding CXX object CMakeFiles/thread_priority.dir/src/thread_priority.cpp.o[0m
[3.300s] [  9%] [32mBuilding CXX object gmock/CMakeFiles/gmock_main.dir/src/gmock_main.cc.o[0m
[3.305s] [ 14%] [32mBuilding CXX object gmock/CMakeFiles/gmock.dir/src/gmock-all.cc.o[0m
[3.307s] [ 19%] [32mBuilding CXX object gmock/CMakeFiles/gmock.dir/opt/ros/humble/src/gtest_vendor/src/gtest-all.cc.o[0m
[3.316s] [ 23%] [32mBuilding CXX object CMakeFiles/realtime_tools.dir/src/realtime_clock.cpp.o[0m
[4.264s] [ 28%] [32m[1mLinking CXX shared library libthread_priority.so[0m
[4.778s] [ 28%] Built target thread_priority
[6.213s] [ 33%] [32m[1mLinking CXX shared library librealtime_tools.so[0m
[6.503s] [ 33%] Built target realtime_tools
[6.983s] [ 38%] [32m[1mLinking CXX static library libgmock_main.a[0m
[7.126s] [ 38%] Built target gmock_main
[13.950s] [ 42%] [32m[1mLinking CXX static library libgmock.a[0m
[14.164s] [ 42%] Built target gmock
[14.276s] [ 47%] [32mBuilding CXX object CMakeFiles/realtime_box_tests.dir/test/realtime_box_tests.cpp.o[0m
[14.278s] [ 52%] [32mBuilding CXX object CMakeFiles/realtime_buffer_tests.dir/test/realtime_buffer_tests.cpp.o[0m
[14.285s] [ 57%] [32mBuilding CXX object CMakeFiles/realtime_clock_tests.dir/test/realtime_clock_tests.cpp.o[0m
[14.309s] [ 61%] [32mBuilding CXX object CMakeFiles/realtime_publisher_tests_non_polling.dir/test/realtime_publisher_tests_non_polling.cpp.o[0m
[14.391s] [ 66%] [32mBuilding CXX object CMakeFiles/realtime_server_goal_handle_tests.dir/test/realtime_server_goal_handle_tests.cpp.o[0m
[14.418s] [ 71%] [32mBuilding CXX object CMakeFiles/realtime_publisher_tests.dir/test/realtime_publisher_tests.cpp.o[0m
[22.326s] [ 76%] [32m[1mLinking CXX executable realtime_box_tests[0m
[22.791s] [ 80%] [32m[1mLinking CXX executable realtime_buffer_tests[0m
[23.636s] [ 80%] Built target realtime_box_tests
[24.228s] [ 80%] Built target realtime_buffer_tests
[25.102s] [ 85%] [32m[1mLinking CXX executable realtime_clock_tests[0m
[26.529s] [ 85%] Built target realtime_clock_tests
[29.343s] [01m[K/home/lulav/ros2_ws/src/realtime_tools/test/realtime_server_goal_handle_tests.cpp:[m[K In function ‘[01m[Kstd::shared_ptr<rclcpp_action::ClientGoalHandle<test_msgs::action::Fibonacci> > send_goal(rclcpp::Node::SharedPtr, std::shared_ptr<rclcpp_action::Client<test_msgs::action::Fibonacci> >, const string&, ActionClientCallbacks&)[m[K’:
[29.343s] [01m[K/home/lulav/ros2_ws/src/realtime_tools/test/realtime_server_goal_handle_tests.cpp:127:23:[m[K [01;35m[Kwarning: [m[Kunused parameter ‘[01m[Kserver_name[m[K’ [[01;35m[K]8;;https://gcc.gnu.org/onlinedocs/gcc/Warning-Options.html#index-Wunused-parameter-Wunused-parameter]8;;[m[K]
[29.343s]   127 |   [01;35m[Kconst std::string & server_name[m[K, ActionClientCallbacks & client_callbacks)
[29.344s]       |   [01;35m[K~~~~~~~~~~~~~~~~~~~~^~~~~~~~~~~[m[K
[31.631s] In file included from [01m[K/opt/ros/humble/src/gmock_vendor/include/gmock/internal/gmock-internal-utils.h:47[m[K,
[31.631s]                  from [01m[K/opt/ros/humble/src/gmock_vendor/include/gmock/gmock-actions.h:51[m[K,
[31.631s]                  from [01m[K/opt/ros/humble/src/gmock_vendor/include/gmock/gmock.h:59[m[K,
[31.632s]                  from [01m[K/home/lulav/ros2_ws/src/realtime_tools/test/realtime_server_goal_handle_tests.cpp:29[m[K:
[31.632s] /opt/ros/humble/src/gtest_vendor/include/gtest/gtest.h: In instantiation of ‘[01m[Ktesting::AssertionResult testing::internal::CmpHelperEQ(const char*, const char*, const T1&, const T2&) [with T1 = int; T2 = long unsigned int][m[K’:
[31.632s] [01m[K/opt/ros/humble/src/gtest_vendor/include/gtest/gtest.h:1554:23:[m[K   required from ‘[01m[Kstatic testing::AssertionResult testing::internal::EqHelper::Compare(const char*, const char*, const T1&, const T2&) [with T1 = int; T2 = long unsigned int; typename std::enable_if<((! std::is_integral<_Tp>::value) || (! std::is_pointer<_Dp>::value))>::type* <anonymous> = 0][m[K’
[31.632s] [01m[K/home/lulav/ros2_ws/src/realtime_tools/test/realtime_server_goal_handle_tests.cpp:203:3:[m[K   required from here
[31.633s] [01m[K/opt/ros/humble/src/gtest_vendor/include/gtest/gtest.h:1527:11:[m[K [01;35m[Kwarning: [m[Kcomparison of integer expressions of different signedness: ‘[01m[Kconst int[m[K’ and ‘[01m[Kconst long unsigned int[m[K’ [[01;35m[K]8;;https://gcc.gnu.org/onlinedocs/gcc/Warning-Options.html#index-Wsign-compare-Wsign-compare]8;;[m[K]
[31.633s]  1527 |   if ([01;35m[Klhs == rhs[m[K) {
[31.633s]       |       [01;35m[K~~~~^~~~~~[m[K
[42.680s] [ 90%] [32m[1mLinking CXX executable realtime_server_goal_handle_tests[0m
[43.868s] [ 90%] Built target realtime_server_goal_handle_tests
[51.127s] [ 95%] [32m[1mLinking CXX executable realtime_publisher_tests_non_polling[0m
[51.741s] [100%] [32m[1mLinking CXX executable realtime_publisher_tests[0m
[52.513s] [100%] Built target realtime_publisher_tests_non_polling
[52.960s] [100%] Built target realtime_publisher_tests
[52.980s] Invoked command in '/home/lulav/ros2_ws/build/realtime_tools' returned '0': CMAKE_PREFIX_PATH=/opt/ros/humble /usr/bin/cmake --build /home/lulav/ros2_ws/build/realtime_tools -- -j8 -l8
[53.054s] Invoking command in '/home/lulav/ros2_ws/build/realtime_tools': CMAKE_PREFIX_PATH=/opt/ros/humble /usr/bin/cmake --install /home/lulav/ros2_ws/build/realtime_tools
[53.066s] -- Install configuration: ""
[53.066s] -- Execute custom install script
[53.067s] -- Symlinking: /home/lulav/ros2_ws/install/realtime_tools/include/realtime_tools/realtime_tools/realtime_box.h
[53.082s] -- Symlinking: /home/lulav/ros2_ws/install/realtime_tools/include/realtime_tools/realtime_tools/realtime_buffer.h
[53.097s] -- Symlinking: /home/lulav/ros2_ws/install/realtime_tools/include/realtime_tools/realtime_tools/realtime_clock.h
[53.112s] -- Symlinking: /home/lulav/ros2_ws/install/realtime_tools/include/realtime_tools/realtime_tools/realtime_publisher.h
[53.133s] -- Symlinking: /home/lulav/ros2_ws/install/realtime_tools/include/realtime_tools/realtime_tools/realtime_server_goal_handle.h
[53.154s] -- Symlinking: /home/lulav/ros2_ws/install/realtime_tools/include/realtime_tools/realtime_tools/thread_priority.hpp
[53.176s] -- Symlinking: /home/lulav/ros2_ws/install/realtime_tools/share/realtime_tools/environment/library_path.sh
[53.191s] -- Symlinking: /home/lulav/ros2_ws/install/realtime_tools/share/realtime_tools/environment/library_path.dsv
[53.207s] -- Symlinking: /home/lulav/ros2_ws/install/realtime_tools/share/ament_index/resource_index/package_run_dependencies/realtime_tools
[53.222s] -- Symlinking: /home/lulav/ros2_ws/install/realtime_tools/share/ament_index/resource_index/parent_prefix_path/realtime_tools
[53.241s] -- Symlinking: /home/lulav/ros2_ws/install/realtime_tools/share/realtime_tools/environment/ament_prefix_path.sh
[53.254s] -- Symlinking: /home/lulav/ros2_ws/install/realtime_tools/share/realtime_tools/environment/ament_prefix_path.dsv
[53.268s] -- Symlinking: /home/lulav/ros2_ws/install/realtime_tools/share/realtime_tools/environment/path.sh
[53.281s] -- Symlinking: /home/lulav/ros2_ws/install/realtime_tools/share/realtime_tools/environment/path.dsv
[53.295s] -- Symlinking: /home/lulav/ros2_ws/install/realtime_tools/share/realtime_tools/local_setup.bash
[53.309s] -- Symlinking: /home/lulav/ros2_ws/install/realtime_tools/share/realtime_tools/local_setup.sh
[53.323s] -- Symlinking: /home/lulav/ros2_ws/install/realtime_tools/share/realtime_tools/local_setup.zsh
[53.338s] -- Symlinking: /home/lulav/ros2_ws/install/realtime_tools/share/realtime_tools/local_setup.dsv
[53.353s] -- Symlinking: /home/lulav/ros2_ws/install/realtime_tools/share/realtime_tools/package.dsv
[53.373s] -- Symlinking: /home/lulav/ros2_ws/install/realtime_tools/share/ament_index/resource_index/packages/realtime_tools
[53.388s] -- Symlinking: /home/lulav/ros2_ws/install/realtime_tools/share/realtime_tools/cmake/ament_cmake_export_targets-extras.cmake
[53.401s] -- Symlinking: /home/lulav/ros2_ws/install/realtime_tools/share/realtime_tools/cmake/ament_cmake_export_dependencies-extras.cmake
[53.416s] -- Symlinking: /home/lulav/ros2_ws/install/realtime_tools/share/realtime_tools/cmake/realtime_toolsConfig.cmake
[53.430s] -- Symlinking: /home/lulav/ros2_ws/install/realtime_tools/share/realtime_tools/cmake/realtime_toolsConfig-version.cmake
[53.445s] -- Symlinking: /home/lulav/ros2_ws/install/realtime_tools/share/realtime_tools/package.xml
[53.459s] -- Installing: /home/lulav/ros2_ws/install/realtime_tools/lib/librealtime_tools.so
[53.460s] -- Set runtime path of "/home/lulav/ros2_ws/install/realtime_tools/lib/librealtime_tools.so" to ""
[53.460s] -- Installing: /home/lulav/ros2_ws/install/realtime_tools/lib/libthread_priority.so
[53.461s] -- Set runtime path of "/home/lulav/ros2_ws/install/realtime_tools/lib/libthread_priority.so" to ""
[53.461s] -- Installing: /home/lulav/ros2_ws/install/realtime_tools/share/realtime_tools/cmake/export_realtime_toolsExport.cmake
[53.461s] -- Installing: /home/lulav/ros2_ws/install/realtime_tools/share/realtime_tools/cmake/export_realtime_toolsExport-noconfig.cmake
[53.466s] Invoked command in '/home/lulav/ros2_ws/build/realtime_tools' returned '0': CMAKE_PREFIX_PATH=/opt/ros/humble /usr/bin/cmake --install /home/lulav/ros2_ws/build/realtime_tools
