[0.161s] Invoking command in '/workspaces/diffbot/ros2_ws/build/control_msgs': CMAKE_PREFIX_PATH=${CMAKE_PREFIX_PATH}:/workspaces/diffbot/ros2_ws/install/rqt_controller_manager:/workspaces/diffbot/ros2_ws/install/ros2controlcli:/workspaces/diffbot/ros2_ws/install/ros2_controllers_test_nodes:/workspaces/diffbot/ros2_ws/install/controller:/opt/ros/humble /usr/bin/cmake --build /workspaces/diffbot/ros2_ws/build/control_msgs -- -j8 -l8
[1.504s] [  0%] Built target control_msgs__cpp
[1.504s] [  0%] Built target ament_cmake_python_copy_control_msgs
[1.504s] [35m[1mConsolidate compiler generated dependencies of target control_msgs__rosidl_typesupport_introspection_cpp[0m
[1.505s] [ 12%] Built target control_msgs__rosidl_typesupport_introspection_cpp
[1.505s] running egg_info
[1.505s] writing control_msgs.egg-info/PKG-INFO
[1.505s] writing dependency_links to control_msgs.egg-info/dependency_links.txt
[1.505s] writing top-level names to control_msgs.egg-info/top_level.txt
[1.505s] reading manifest file 'control_msgs.egg-info/SOURCES.txt'
[1.506s] writing manifest file 'control_msgs.egg-info/SOURCES.txt'
[1.506s] [ 12%] Built target ament_cmake_python_build_control_msgs_egg
[1.506s] [35m[1mConsolidate compiler generated dependencies of target control_msgs__rosidl_typesupport_fastrtps_cpp[0m
[1.550s] [ 24%] Built target control_msgs__rosidl_typesupport_fastrtps_cpp
[1.624s] [35m[1mConsolidate compiler generated dependencies of target control_msgs__rosidl_typesupport_cpp[0m
[1.767s] [ 36%] Built target control_msgs__rosidl_typesupport_cpp
[1.892s] [35m[1mConsolidate compiler generated dependencies of target control_msgs__rosidl_generator_c[0m
[2.010s] [ 48%] Built target control_msgs__rosidl_generator_c
[2.089s] [35m[1mConsolidate compiler generated dependencies of target control_msgs__rosidl_typesupport_fastrtps_c[0m
[2.255s] [ 60%] Built target control_msgs__rosidl_typesupport_fastrtps_c
[2.369s] [35m[1mConsolidate compiler generated dependencies of target control_msgs__rosidl_typesupport_c[0m
[2.432s] [ 72%] Built target control_msgs__rosidl_typesupport_c
[2.507s] [35m[1mConsolidate compiler generated dependencies of target control_msgs__rosidl_typesupport_introspection_c[0m
[2.657s] [ 84%] Built target control_msgs__rosidl_typesupport_introspection_c
[2.846s] [ 84%] Built target control_msgs
[2.967s] [ 85%] Built target control_msgs__py
[3.062s] [35m[1mConsolidate compiler generated dependencies of target control_msgs__rosidl_generator_py[0m
[3.170s] [ 96%] Built target control_msgs__rosidl_generator_py
[3.286s] [35m[1mConsolidate compiler generated dependencies of target control_msgs__rosidl_typesupport_fastrtps_c__pyext[0m
[3.441s] [ 97%] Built target control_msgs__rosidl_typesupport_fastrtps_c__pyext
[3.521s] [35m[1mConsolidate compiler generated dependencies of target control_msgs__rosidl_typesupport_c__pyext[0m
[3.629s] [ 98%] Built target control_msgs__rosidl_typesupport_c__pyext
[3.707s] [35m[1mConsolidate compiler generated dependencies of target control_msgs__rosidl_typesupport_introspection_c__pyext[0m
[3.795s] [100%] Built target control_msgs__rosidl_typesupport_introspection_c__pyext
[3.880s] Invoked command in '/workspaces/diffbot/ros2_ws/build/control_msgs' returned '0': CMAKE_PREFIX_PATH=${CMAKE_PREFIX_PATH}:/workspaces/diffbot/ros2_ws/install/rqt_controller_manager:/workspaces/diffbot/ros2_ws/install/ros2controlcli:/workspaces/diffbot/ros2_ws/install/ros2_controllers_test_nodes:/workspaces/diffbot/ros2_ws/install/controller:/opt/ros/humble /usr/bin/cmake --build /workspaces/diffbot/ros2_ws/build/control_msgs -- -j8 -l8
[6.648s] Invoking command in '/workspaces/diffbot/ros2_ws/build/control_msgs': CMAKE_PREFIX_PATH=${CMAKE_PREFIX_PATH}:/workspaces/diffbot/ros2_ws/install/rqt_controller_manager:/workspaces/diffbot/ros2_ws/install/ros2controlcli:/workspaces/diffbot/ros2_ws/install/ros2_controllers_test_nodes:/workspaces/diffbot/ros2_ws/install/controller:/opt/ros/humble /usr/bin/cmake --install /workspaces/diffbot/ros2_ws/build/control_msgs
[6.674s] -- Install configuration: ""
[6.674s] -- Up-to-date: /workspaces/diffbot/ros2_ws/install/control_msgs/share/ament_index/resource_index/rosidl_interfaces/control_msgs
[6.674s] -- Up-to-date: /workspaces/diffbot/ros2_ws/install/control_msgs/include/control_msgs/control_msgs
[6.675s] -- Up-to-date: /workspaces/diffbot/ros2_ws/install/control_msgs/include/control_msgs/control_msgs/msg
[6.675s] -- Up-to-date: /workspaces/diffbot/ros2_ws/install/control_msgs/include/control_msgs/control_msgs/msg/joint_jog.h
[6.675s] -- Up-to-date: /workspaces/diffbot/ros2_ws/install/control_msgs/include/control_msgs/control_msgs/msg/mecanum_drive_controller_state.h
[6.676s] -- Up-to-date: /workspaces/diffbot/ros2_ws/install/control_msgs/include/control_msgs/control_msgs/msg/joint_trajectory_controller_state.h
[6.676s] -- Up-to-date: /workspaces/diffbot/ros2_ws/install/control_msgs/include/control_msgs/control_msgs/msg/joint_component_tolerance.h
[6.676s] -- Up-to-date: /workspaces/diffbot/ros2_ws/install/control_msgs/include/control_msgs/control_msgs/msg/joint_controller_state.h
[6.676s] -- Up-to-date: /workspaces/diffbot/ros2_ws/install/control_msgs/include/control_msgs/control_msgs/msg/joint_tolerance.h
[6.676s] -- Up-to-date: /workspaces/diffbot/ros2_ws/install/control_msgs/include/control_msgs/control_msgs/msg/admittance_controller_state.h
[6.676s] -- Up-to-date: /workspaces/diffbot/ros2_ws/install/control_msgs/include/control_msgs/control_msgs/msg/pid_state.h
[6.677s] -- Up-to-date: /workspaces/diffbot/ros2_ws/install/control_msgs/include/control_msgs/control_msgs/msg/steering_controller_status.h
[6.677s] -- Up-to-date: /workspaces/diffbot/ros2_ws/install/control_msgs/include/control_msgs/control_msgs/msg/detail
[6.677s] -- Up-to-date: /workspaces/diffbot/ros2_ws/install/control_msgs/include/control_msgs/control_msgs/msg/detail/pid_state__functions.c
[6.677s] -- Up-to-date: /workspaces/diffbot/ros2_ws/install/control_msgs/include/control_msgs/control_msgs/msg/detail/admittance_controller_state__struct.h
[6.677s] -- Up-to-date: /workspaces/diffbot/ros2_ws/install/control_msgs/include/control_msgs/control_msgs/msg/detail/joint_tolerance__type_support.h
[6.677s] -- Up-to-date: /workspaces/diffbot/ros2_ws/install/control_msgs/include/control_msgs/control_msgs/msg/detail/interface_value__type_support.h
[6.678s] -- Up-to-date: /workspaces/diffbot/ros2_ws/install/control_msgs/include/control_msgs/control_msgs/msg/detail/joint_trajectory_controller_state__type_support.h
[6.678s] -- Up-to-date: /workspaces/diffbot/ros2_ws/install/control_msgs/include/control_msgs/control_msgs/msg/detail/joint_component_tolerance__functions.h
[6.678s] -- Up-to-date: /workspaces/diffbot/ros2_ws/install/control_msgs/include/control_msgs/control_msgs/msg/detail/joint_jog__functions.h
[6.678s] -- Up-to-date: /workspaces/diffbot/ros2_ws/install/control_msgs/include/control_msgs/control_msgs/msg/detail/pid_state__struct.h
[6.678s] -- Up-to-date: /workspaces/diffbot/ros2_ws/install/control_msgs/include/control_msgs/control_msgs/msg/detail/joint_jog__struct.h
[6.678s] -- Up-to-date: /workspaces/diffbot/ros2_ws/install/control_msgs/include/control_msgs/control_msgs/msg/detail/interface_value__functions.h
[6.679s] -- Up-to-date: /workspaces/diffbot/ros2_ws/install/control_msgs/include/control_msgs/control_msgs/msg/detail/mecanum_drive_controller_state__functions.c
[6.679s] -- Up-to-date: /workspaces/diffbot/ros2_ws/install/control_msgs/include/control_msgs/control_msgs/msg/detail/gripper_command__functions.h
[6.679s] -- Up-to-date: /workspaces/diffbot/ros2_ws/install/control_msgs/include/control_msgs/control_msgs/msg/detail/joint_tolerance__struct.h
[6.679s] -- Up-to-date: /workspaces/diffbot/ros2_ws/install/control_msgs/include/control_msgs/control_msgs/msg/detail/dynamic_joint_state__struct.h
[6.679s] -- Up-to-date: /workspaces/diffbot/ros2_ws/install/control_msgs/include/control_msgs/control_msgs/msg/detail/joint_component_tolerance__functions.c
[6.679s] -- Up-to-date: /workspaces/diffbot/ros2_ws/install/control_msgs/include/control_msgs/control_msgs/msg/detail/joint_jog__functions.c
[6.680s] -- Up-to-date: /workspaces/diffbot/ros2_ws/install/control_msgs/include/control_msgs/control_msgs/msg/detail/joint_component_tolerance__struct.h
[6.680s] -- Up-to-date: /workspaces/diffbot/ros2_ws/install/control_msgs/include/control_msgs/control_msgs/msg/detail/joint_controller_state__functions.h
[6.680s] -- Up-to-date: /workspaces/diffbot/ros2_ws/install/control_msgs/include/control_msgs/control_msgs/msg/detail/admittance_controller_state__functions.c
[6.680s] -- Up-to-date: /workspaces/diffbot/ros2_ws/install/control_msgs/include/control_msgs/control_msgs/msg/detail/steering_controller_status__functions.c
[6.680s] -- Up-to-date: /workspaces/diffbot/ros2_ws/install/control_msgs/include/control_msgs/control_msgs/msg/detail/dynamic_joint_state__functions.h
[6.684s] -- Up-to-date: /workspaces/diffbot/ros2_ws/install/control_msgs/include/control_msgs/control_msgs/msg/detail/admittance_controller_state__functions.h
[6.684s] -- Up-to-date: /workspaces/diffbot/ros2_ws/install/control_msgs/include/control_msgs/control_msgs/msg/detail/pid_state__functions.h
[6.685s] -- Up-to-date: /workspaces/diffbot/ros2_ws/install/control_msgs/include/control_msgs/control_msgs/msg/detail/mecanum_drive_controller_state__struct.h
[6.686s] -- Up-to-date: /workspaces/diffbot/ros2_ws/install/control_msgs/include/control_msgs/control_msgs/msg/detail/mecanum_drive_controller_state__type_support.h
[6.686s] -- Up-to-date: /workspaces/diffbot/ros2_ws/install/control_msgs/include/control_msgs/control_msgs/msg/detail/interface_value__struct.h
[6.688s] -- Up-to-date: /workspaces/diffbot/ros2_ws/install/control_msgs/include/control_msgs/control_msgs/msg/detail/interface_value__functions.c
[6.688s] -- Up-to-date: /workspaces/diffbot/ros2_ws/install/control_msgs/include/control_msgs/control_msgs/msg/detail/joint_component_tolerance__type_support.h
[6.688s] -- Up-to-date: /workspaces/diffbot/ros2_ws/install/control_msgs/include/control_msgs/control_msgs/msg/detail/dynamic_joint_state__functions.c
[6.689s] -- Up-to-date: /workspaces/diffbot/ros2_ws/install/control_msgs/include/control_msgs/control_msgs/msg/detail/admittance_controller_state__type_support.h
[6.689s] -- Up-to-date: /workspaces/diffbot/ros2_ws/install/control_msgs/include/control_msgs/control_msgs/msg/detail/gripper_command__functions.c
[6.689s] -- Up-to-date: /workspaces/diffbot/ros2_ws/install/control_msgs/include/control_msgs/control_msgs/msg/detail/joint_controller_state__functions.c
[6.690s] -- Up-to-date: /workspaces/diffbot/ros2_ws/install/control_msgs/include/control_msgs/control_msgs/msg/detail/steering_controller_status__type_support.h
[6.690s] -- Up-to-date: /workspaces/diffbot/ros2_ws/install/control_msgs/include/control_msgs/control_msgs/msg/detail/pid_state__type_support.h
[6.690s] -- Up-to-date: /workspaces/diffbot/ros2_ws/install/control_msgs/include/control_msgs/control_msgs/msg/detail/mecanum_drive_controller_state__functions.h
[6.691s] -- Up-to-date: /workspaces/diffbot/ros2_ws/install/control_msgs/include/control_msgs/control_msgs/msg/detail/gripper_command__type_support.h
[6.692s] -- Up-to-date: /workspaces/diffbot/ros2_ws/install/control_msgs/include/control_msgs/control_msgs/msg/detail/joint_controller_state__type_support.h
[6.692s] -- Up-to-date: /workspaces/diffbot/ros2_ws/install/control_msgs/include/control_msgs/control_msgs/msg/detail/steering_controller_status__struct.h
[6.692s] -- Up-to-date: /workspaces/diffbot/ros2_ws/install/control_msgs/include/control_msgs/control_msgs/msg/detail/joint_jog__type_support.h
[6.692s] -- Up-to-date: /workspaces/diffbot/ros2_ws/install/control_msgs/include/control_msgs/control_msgs/msg/detail/joint_trajectory_controller_state__functions.c
[6.692s] -- Up-to-date: /workspaces/diffbot/ros2_ws/install/control_msgs/include/control_msgs/control_msgs/msg/detail/joint_controller_state__struct.h
[6.692s] -- Up-to-date: /workspaces/diffbot/ros2_ws/install/control_msgs/include/control_msgs/control_msgs/msg/detail/joint_trajectory_controller_state__struct.h
[6.694s] -- Up-to-date: /workspaces/diffbot/ros2_ws/install/control_msgs/include/control_msgs/control_msgs/msg/detail/joint_tolerance__functions.c
[6.694s] -- Up-to-date: /workspaces/diffbot/ros2_ws/install/control_msgs/include/control_msgs/control_msgs/msg/detail/joint_trajectory_controller_state__functions.h
[6.695s] -- Up-to-date: /workspaces/diffbot/ros2_ws/install/control_msgs/include/control_msgs/control_msgs/msg/detail/steering_controller_status__functions.h
[6.695s] -- Up-to-date: /workspaces/diffbot/ros2_ws/install/control_msgs/include/control_msgs/control_msgs/msg/detail/dynamic_joint_state__type_support.h
[6.696s] -- Up-to-date: /workspaces/diffbot/ros2_ws/install/control_msgs/include/control_msgs/control_msgs/msg/detail/joint_tolerance__functions.h
[6.696s] -- Up-to-date: /workspaces/diffbot/ros2_ws/install/control_msgs/include/control_msgs/control_msgs/msg/detail/gripper_command__struct.h
[6.696s] -- Up-to-date: /workspaces/diffbot/ros2_ws/install/control_msgs/include/control_msgs/control_msgs/msg/gripper_command.h
[6.696s] -- Up-to-date: /workspaces/diffbot/ros2_ws/install/control_msgs/include/control_msgs/control_msgs/msg/interface_value.h
[6.696s] -- Up-to-date: /workspaces/diffbot/ros2_ws/install/control_msgs/include/control_msgs/control_msgs/msg/dynamic_joint_state.h
[6.697s] -- Up-to-date: /workspaces/diffbot/ros2_ws/install/control_msgs/include/control_msgs/control_msgs/msg/rosidl_generator_c__visibility_control.h
[6.698s] -- Up-to-date: /workspaces/diffbot/ros2_ws/install/control_msgs/include/control_msgs/control_msgs/action
[6.698s] -- Up-to-date: /workspaces/diffbot/ros2_ws/install/control_msgs/include/control_msgs/control_msgs/action/follow_joint_trajectory.h
[6.698s] -- Up-to-date: /workspaces/diffbot/ros2_ws/install/control_msgs/include/control_msgs/control_msgs/action/joint_trajectory.h
[6.698s] -- Up-to-date: /workspaces/diffbot/ros2_ws/install/control_msgs/include/control_msgs/control_msgs/action/detail
[6.698s] -- Up-to-date: /workspaces/diffbot/ros2_ws/install/control_msgs/include/control_msgs/control_msgs/action/detail/point_head__functions.c
[6.699s] -- Up-to-date: /workspaces/diffbot/ros2_ws/install/control_msgs/include/control_msgs/control_msgs/action/detail/joint_trajectory__functions.h
[6.699s] -- Up-to-date: /workspaces/diffbot/ros2_ws/install/control_msgs/include/control_msgs/control_msgs/action/detail/point_head__type_support.h
[6.700s] -- Up-to-date: /workspaces/diffbot/ros2_ws/install/control_msgs/include/control_msgs/control_msgs/action/detail/joint_trajectory__type_support.h
[6.701s] -- Up-to-date: /workspaces/diffbot/ros2_ws/install/control_msgs/include/control_msgs/control_msgs/action/detail/follow_joint_trajectory__functions.h
[6.701s] -- Up-to-date: /workspaces/diffbot/ros2_ws/install/control_msgs/include/control_msgs/control_msgs/action/detail/gripper_command__functions.h
[6.701s] -- Up-to-date: /workspaces/diffbot/ros2_ws/install/control_msgs/include/control_msgs/control_msgs/action/detail/single_joint_position__functions.h
[6.701s] -- Up-to-date: /workspaces/diffbot/ros2_ws/install/control_msgs/include/control_msgs/control_msgs/action/detail/joint_trajectory__struct.h
[6.702s] -- Up-to-date: /workspaces/diffbot/ros2_ws/install/control_msgs/include/control_msgs/control_msgs/action/detail/single_joint_position__type_support.h
[6.702s] -- Up-to-date: /workspaces/diffbot/ros2_ws/install/control_msgs/include/control_msgs/control_msgs/action/detail/single_joint_position__functions.c
[6.702s] -- Up-to-date: /workspaces/diffbot/ros2_ws/install/control_msgs/include/control_msgs/control_msgs/action/detail/gripper_command__functions.c
[6.702s] -- Up-to-date: /workspaces/diffbot/ros2_ws/install/control_msgs/include/control_msgs/control_msgs/action/detail/point_head__functions.h
[6.702s] -- Up-to-date: /workspaces/diffbot/ros2_ws/install/control_msgs/include/control_msgs/control_msgs/action/detail/gripper_command__type_support.h
[6.702s] -- Up-to-date: /workspaces/diffbot/ros2_ws/install/control_msgs/include/control_msgs/control_msgs/action/detail/single_joint_position__struct.h
[6.703s] -- Up-to-date: /workspaces/diffbot/ros2_ws/install/control_msgs/include/control_msgs/control_msgs/action/detail/point_head__struct.h
[6.703s] -- Up-to-date: /workspaces/diffbot/ros2_ws/install/control_msgs/include/control_msgs/control_msgs/action/detail/follow_joint_trajectory__type_support.h
[6.703s] -- Up-to-date: /workspaces/diffbot/ros2_ws/install/control_msgs/include/control_msgs/control_msgs/action/detail/joint_trajectory__functions.c
[6.703s] -- Up-to-date: /workspaces/diffbot/ros2_ws/install/control_msgs/include/control_msgs/control_msgs/action/detail/gripper_command__struct.h
[6.703s] -- Up-to-date: /workspaces/diffbot/ros2_ws/install/control_msgs/include/control_msgs/control_msgs/action/detail/follow_joint_trajectory__functions.c
[6.703s] -- Up-to-date: /workspaces/diffbot/ros2_ws/install/control_msgs/include/control_msgs/control_msgs/action/detail/follow_joint_trajectory__struct.h
[6.704s] -- Up-to-date: /workspaces/diffbot/ros2_ws/install/control_msgs/include/control_msgs/control_msgs/action/gripper_command.h
[6.704s] -- Up-to-date: /workspaces/diffbot/ros2_ws/install/control_msgs/include/control_msgs/control_msgs/action/single_joint_position.h
[6.704s] -- Up-to-date: /workspaces/diffbot/ros2_ws/install/control_msgs/include/control_msgs/control_msgs/action/point_head.h
[6.704s] -- Up-to-date: /workspaces/diffbot/ros2_ws/install/control_msgs/include/control_msgs/control_msgs/srv
[6.704s] -- Up-to-date: /workspaces/diffbot/ros2_ws/install/control_msgs/include/control_msgs/control_msgs/srv/detail
[6.704s] -- Up-to-date: /workspaces/diffbot/ros2_ws/install/control_msgs/include/control_msgs/control_msgs/srv/detail/query_trajectory_state__functions.h
[6.705s] -- Up-to-date: /workspaces/diffbot/ros2_ws/install/control_msgs/include/control_msgs/control_msgs/srv/detail/query_calibration_state__functions.h
[6.705s] -- Up-to-date: /workspaces/diffbot/ros2_ws/install/control_msgs/include/control_msgs/control_msgs/srv/detail/query_calibration_state__type_support.h
[6.705s] -- Up-to-date: /workspaces/diffbot/ros2_ws/install/control_msgs/include/control_msgs/control_msgs/srv/detail/query_calibration_state__struct.h
[6.705s] -- Up-to-date: /workspaces/diffbot/ros2_ws/install/control_msgs/include/control_msgs/control_msgs/srv/detail/query_trajectory_state__struct.h
[6.705s] -- Up-to-date: /workspaces/diffbot/ros2_ws/install/control_msgs/include/control_msgs/control_msgs/srv/detail/query_trajectory_state__type_support.h
[6.705s] -- Up-to-date: /workspaces/diffbot/ros2_ws/install/control_msgs/include/control_msgs/control_msgs/srv/detail/query_trajectory_state__functions.c
[6.706s] -- Up-to-date: /workspaces/diffbot/ros2_ws/install/control_msgs/include/control_msgs/control_msgs/srv/detail/query_calibration_state__functions.c
[6.706s] -- Up-to-date: /workspaces/diffbot/ros2_ws/install/control_msgs/include/control_msgs/control_msgs/srv/query_trajectory_state.h
[6.706s] -- Up-to-date: /workspaces/diffbot/ros2_ws/install/control_msgs/include/control_msgs/control_msgs/srv/query_calibration_state.h
[6.707s] -- Up-to-date: /workspaces/diffbot/ros2_ws/install/control_msgs/share/control_msgs/environment/library_path.sh
[6.707s] -- Up-to-date: /workspaces/diffbot/ros2_ws/install/control_msgs/share/control_msgs/environment/library_path.dsv
[6.707s] -- Up-to-date: /workspaces/diffbot/ros2_ws/install/control_msgs/lib/libcontrol_msgs__rosidl_generator_c.so
[6.707s] -- Up-to-date: /workspaces/diffbot/ros2_ws/install/control_msgs/include/control_msgs/control_msgs
[6.707s] -- Up-to-date: /workspaces/diffbot/ros2_ws/install/control_msgs/include/control_msgs/control_msgs/msg
[6.707s] -- Up-to-date: /workspaces/diffbot/ros2_ws/install/control_msgs/include/control_msgs/control_msgs/msg/detail
[6.708s] -- Up-to-date: /workspaces/diffbot/ros2_ws/install/control_msgs/include/control_msgs/control_msgs/msg/detail/joint_component_tolerance__rosidl_typesupport_fastrtps_c.h
[6.708s] -- Up-to-date: /workspaces/diffbot/ros2_ws/install/control_msgs/include/control_msgs/control_msgs/msg/detail/steering_controller_status__rosidl_typesupport_fastrtps_c.h
[6.708s] -- Up-to-date: /workspaces/diffbot/ros2_ws/install/control_msgs/include/control_msgs/control_msgs/msg/detail/joint_tolerance__rosidl_typesupport_fastrtps_c.h
[6.708s] -- Up-to-date: /workspaces/diffbot/ros2_ws/install/control_msgs/include/control_msgs/control_msgs/msg/detail/joint_controller_state__rosidl_typesupport_fastrtps_c.h
[6.708s] -- Up-to-date: /workspaces/diffbot/ros2_ws/install/control_msgs/include/control_msgs/control_msgs/msg/detail/gripper_command__rosidl_typesupport_fastrtps_c.h
[6.708s] -- Up-to-date: /workspaces/diffbot/ros2_ws/install/control_msgs/include/control_msgs/control_msgs/msg/detail/admittance_controller_state__rosidl_typesupport_fastrtps_c.h
[6.708s] -- Up-to-date: /workspaces/diffbot/ros2_ws/install/control_msgs/include/control_msgs/control_msgs/msg/detail/mecanum_drive_controller_state__rosidl_typesupport_fastrtps_c.h
[6.709s] -- Up-to-date: /workspaces/diffbot/ros2_ws/install/control_msgs/include/control_msgs/control_msgs/msg/detail/interface_value__rosidl_typesupport_fastrtps_c.h
[6.709s] -- Up-to-date: /workspaces/diffbot/ros2_ws/install/control_msgs/include/control_msgs/control_msgs/msg/detail/joint_trajectory_controller_state__rosidl_typesupport_fastrtps_c.h
[6.709s] -- Up-to-date: /workspaces/diffbot/ros2_ws/install/control_msgs/include/control_msgs/control_msgs/msg/detail/joint_jog__rosidl_typesupport_fastrtps_c.h
[6.709s] -- Up-to-date: /workspaces/diffbot/ros2_ws/install/control_msgs/include/control_msgs/control_msgs/msg/detail/pid_state__rosidl_typesupport_fastrtps_c.h
[6.709s] -- Up-to-date: /workspaces/diffbot/ros2_ws/install/control_msgs/include/control_msgs/control_msgs/msg/detail/dynamic_joint_state__rosidl_typesupport_fastrtps_c.h
[6.709s] -- Up-to-date: /workspaces/diffbot/ros2_ws/install/control_msgs/include/control_msgs/control_msgs/msg/rosidl_typesupport_fastrtps_c__visibility_control.h
[6.710s] -- Up-to-date: /workspaces/diffbot/ros2_ws/install/control_msgs/include/control_msgs/control_msgs/action
[6.710s] -- Up-to-date: /workspaces/diffbot/ros2_ws/install/control_msgs/include/control_msgs/control_msgs/action/detail
[6.710s] -- Up-to-date: /workspaces/diffbot/ros2_ws/install/control_msgs/include/control_msgs/control_msgs/action/detail/single_joint_position__rosidl_typesupport_fastrtps_c.h
[6.710s] -- Up-to-date: /workspaces/diffbot/ros2_ws/install/control_msgs/include/control_msgs/control_msgs/action/detail/gripper_command__rosidl_typesupport_fastrtps_c.h
[6.710s] -- Up-to-date: /workspaces/diffbot/ros2_ws/install/control_msgs/include/control_msgs/control_msgs/action/detail/point_head__rosidl_typesupport_fastrtps_c.h
[6.710s] -- Up-to-date: /workspaces/diffbot/ros2_ws/install/control_msgs/include/control_msgs/control_msgs/action/detail/follow_joint_trajectory__rosidl_typesupport_fastrtps_c.h
[6.710s] -- Up-to-date: /workspaces/diffbot/ros2_ws/install/control_msgs/include/control_msgs/control_msgs/action/detail/joint_trajectory__rosidl_typesupport_fastrtps_c.h
[6.711s] -- Up-to-date: /workspaces/diffbot/ros2_ws/install/control_msgs/include/control_msgs/control_msgs/srv
[6.711s] -- Up-to-date: /workspaces/diffbot/ros2_ws/install/control_msgs/include/control_msgs/control_msgs/srv/detail
[6.711s] -- Up-to-date: /workspaces/diffbot/ros2_ws/install/control_msgs/include/control_msgs/control_msgs/srv/detail/query_calibration_state__rosidl_typesupport_fastrtps_c.h
[6.712s] -- Up-to-date: /workspaces/diffbot/ros2_ws/install/control_msgs/include/control_msgs/control_msgs/srv/detail/query_trajectory_state__rosidl_typesupport_fastrtps_c.h
[6.712s] -- Up-to-date: /workspaces/diffbot/ros2_ws/install/control_msgs/lib/libcontrol_msgs__rosidl_typesupport_fastrtps_c.so
[6.712s] -- Up-to-date: /workspaces/diffbot/ros2_ws/install/control_msgs/include/control_msgs/control_msgs
[6.712s] -- Up-to-date: /workspaces/diffbot/ros2_ws/install/control_msgs/include/control_msgs/control_msgs/msg
[6.712s] -- Up-to-date: /workspaces/diffbot/ros2_ws/install/control_msgs/include/control_msgs/control_msgs/msg/joint_controller_state.hpp
[6.713s] -- Up-to-date: /workspaces/diffbot/ros2_ws/install/control_msgs/include/control_msgs/control_msgs/msg/joint_trajectory_controller_state.hpp
[6.713s] -- Up-to-date: /workspaces/diffbot/ros2_ws/install/control_msgs/include/control_msgs/control_msgs/msg/admittance_controller_state.hpp
[6.713s] -- Up-to-date: /workspaces/diffbot/ros2_ws/install/control_msgs/include/control_msgs/control_msgs/msg/dynamic_joint_state.hpp
[6.714s] -- Up-to-date: /workspaces/diffbot/ros2_ws/install/control_msgs/include/control_msgs/control_msgs/msg/gripper_command.hpp
[6.714s] -- Up-to-date: /workspaces/diffbot/ros2_ws/install/control_msgs/include/control_msgs/control_msgs/msg/interface_value.hpp
[6.714s] -- Up-to-date: /workspaces/diffbot/ros2_ws/install/control_msgs/include/control_msgs/control_msgs/msg/steering_controller_status.hpp
[6.714s] -- Up-to-date: /workspaces/diffbot/ros2_ws/install/control_msgs/include/control_msgs/control_msgs/msg/detail
[6.714s] -- Up-to-date: /workspaces/diffbot/ros2_ws/install/control_msgs/include/control_msgs/control_msgs/msg/detail/gripper_command__struct.hpp
[6.714s] -- Up-to-date: /workspaces/diffbot/ros2_ws/install/control_msgs/include/control_msgs/control_msgs/msg/detail/admittance_controller_state__builder.hpp
[6.714s] -- Up-to-date: /workspaces/diffbot/ros2_ws/install/control_msgs/include/control_msgs/control_msgs/msg/detail/pid_state__builder.hpp
[6.715s] -- Up-to-date: /workspaces/diffbot/ros2_ws/install/control_msgs/include/control_msgs/control_msgs/msg/detail/joint_jog__traits.hpp
[6.715s] -- Up-to-date: /workspaces/diffbot/ros2_ws/install/control_msgs/include/control_msgs/control_msgs/msg/detail/mecanum_drive_controller_state__builder.hpp
[6.715s] -- Up-to-date: /workspaces/diffbot/ros2_ws/install/control_msgs/include/control_msgs/control_msgs/msg/detail/dynamic_joint_state__traits.hpp
[6.715s] -- Up-to-date: /workspaces/diffbot/ros2_ws/install/control_msgs/include/control_msgs/control_msgs/msg/detail/dynamic_joint_state__struct.hpp
[6.715s] -- Up-to-date: /workspaces/diffbot/ros2_ws/install/control_msgs/include/control_msgs/control_msgs/msg/detail/joint_tolerance__traits.hpp
[6.716s] -- Up-to-date: /workspaces/diffbot/ros2_ws/install/control_msgs/include/control_msgs/control_msgs/msg/detail/interface_value__struct.hpp
[6.716s] -- Up-to-date: /workspaces/diffbot/ros2_ws/install/control_msgs/include/control_msgs/control_msgs/msg/detail/dynamic_joint_state__builder.hpp
[6.716s] -- Up-to-date: /workspaces/diffbot/ros2_ws/install/control_msgs/include/control_msgs/control_msgs/msg/detail/interface_value__builder.hpp
[6.716s] -- Up-to-date: /workspaces/diffbot/ros2_ws/install/control_msgs/include/control_msgs/control_msgs/msg/detail/mecanum_drive_controller_state__struct.hpp
[6.716s] -- Up-to-date: /workspaces/diffbot/ros2_ws/install/control_msgs/include/control_msgs/control_msgs/msg/detail/mecanum_drive_controller_state__traits.hpp
[6.716s] -- Up-to-date: /workspaces/diffbot/ros2_ws/install/control_msgs/include/control_msgs/control_msgs/msg/detail/joint_component_tolerance__traits.hpp
[6.716s] -- Up-to-date: /workspaces/diffbot/ros2_ws/install/control_msgs/include/control_msgs/control_msgs/msg/detail/steering_controller_status__builder.hpp
[6.717s] -- Up-to-date: /workspaces/diffbot/ros2_ws/install/control_msgs/include/control_msgs/control_msgs/msg/detail/joint_jog__struct.hpp
[6.717s] -- Up-to-date: /workspaces/diffbot/ros2_ws/install/control_msgs/include/control_msgs/control_msgs/msg/detail/joint_trajectory_controller_state__builder.hpp
[6.717s] -- Up-to-date: /workspaces/diffbot/ros2_ws/install/control_msgs/include/control_msgs/control_msgs/msg/detail/pid_state__struct.hpp
[6.717s] -- Up-to-date: /workspaces/diffbot/ros2_ws/install/control_msgs/include/control_msgs/control_msgs/msg/detail/joint_trajectory_controller_state__traits.hpp
[6.717s] -- Up-to-date: /workspaces/diffbot/ros2_ws/install/control_msgs/include/control_msgs/control_msgs/msg/detail/interface_value__traits.hpp
[6.717s] -- Up-to-date: /workspaces/diffbot/ros2_ws/install/control_msgs/include/control_msgs/control_msgs/msg/detail/joint_trajectory_controller_state__struct.hpp
[6.717s] -- Up-to-date: /workspaces/diffbot/ros2_ws/install/control_msgs/include/control_msgs/control_msgs/msg/detail/admittance_controller_state__struct.hpp
[6.718s] -- Up-to-date: /workspaces/diffbot/ros2_ws/install/control_msgs/include/control_msgs/control_msgs/msg/detail/joint_tolerance__struct.hpp
[6.718s] -- Up-to-date: /workspaces/diffbot/ros2_ws/install/control_msgs/include/control_msgs/control_msgs/msg/detail/gripper_command__traits.hpp
[6.718s] -- Up-to-date: /workspaces/diffbot/ros2_ws/install/control_msgs/include/control_msgs/control_msgs/msg/detail/pid_state__traits.hpp
[6.718s] -- Up-to-date: /workspaces/diffbot/ros2_ws/install/control_msgs/include/control_msgs/control_msgs/msg/detail/joint_component_tolerance__struct.hpp
[6.718s] -- Up-to-date: /workspaces/diffbot/ros2_ws/install/control_msgs/include/control_msgs/control_msgs/msg/detail/joint_tolerance__builder.hpp
[6.719s] -- Up-to-date: /workspaces/diffbot/ros2_ws/install/control_msgs/include/control_msgs/control_msgs/msg/detail/joint_jog__builder.hpp
[6.719s] -- Up-to-date: /workspaces/diffbot/ros2_ws/install/control_msgs/include/control_msgs/control_msgs/msg/detail/admittance_controller_state__traits.hpp
[6.719s] -- Up-to-date: /workspaces/diffbot/ros2_ws/install/control_msgs/include/control_msgs/control_msgs/msg/detail/joint_controller_state__traits.hpp
[6.719s] -- Up-to-date: /workspaces/diffbot/ros2_ws/install/control_msgs/include/control_msgs/control_msgs/msg/detail/gripper_command__builder.hpp
[6.719s] -- Up-to-date: /workspaces/diffbot/ros2_ws/install/control_msgs/include/control_msgs/control_msgs/msg/detail/steering_controller_status__struct.hpp
[6.720s] -- Up-to-date: /workspaces/diffbot/ros2_ws/install/control_msgs/include/control_msgs/control_msgs/msg/detail/joint_component_tolerance__builder.hpp
[6.720s] -- Up-to-date: /workspaces/diffbot/ros2_ws/install/control_msgs/include/control_msgs/control_msgs/msg/detail/joint_controller_state__builder.hpp
[6.720s] -- Up-to-date: /workspaces/diffbot/ros2_ws/install/control_msgs/include/control_msgs/control_msgs/msg/detail/joint_controller_state__struct.hpp
[6.720s] -- Up-to-date: /workspaces/diffbot/ros2_ws/install/control_msgs/include/control_msgs/control_msgs/msg/detail/steering_controller_status__traits.hpp
[6.720s] -- Up-to-date: /workspaces/diffbot/ros2_ws/install/control_msgs/include/control_msgs/control_msgs/msg/joint_jog.hpp
[6.720s] -- Up-to-date: /workspaces/diffbot/ros2_ws/install/control_msgs/include/control_msgs/control_msgs/msg/pid_state.hpp
[6.720s] -- Up-to-date: /workspaces/diffbot/ros2_ws/install/control_msgs/include/control_msgs/control_msgs/msg/joint_tolerance.hpp
[6.721s] -- Up-to-date: /workspaces/diffbot/ros2_ws/install/control_msgs/include/control_msgs/control_msgs/msg/joint_component_tolerance.hpp
[6.721s] -- Up-to-date: /workspaces/diffbot/ros2_ws/install/control_msgs/include/control_msgs/control_msgs/msg/mecanum_drive_controller_state.hpp
[6.721s] -- Up-to-date: /workspaces/diffbot/ros2_ws/install/control_msgs/include/control_msgs/control_msgs/action
[6.721s] -- Up-to-date: /workspaces/diffbot/ros2_ws/install/control_msgs/include/control_msgs/control_msgs/action/gripper_command.hpp
[6.721s] -- Up-to-date: /workspaces/diffbot/ros2_ws/install/control_msgs/include/control_msgs/control_msgs/action/joint_trajectory.hpp
[6.721s] -- Up-to-date: /workspaces/diffbot/ros2_ws/install/control_msgs/include/control_msgs/control_msgs/action/detail
[6.721s] -- Up-to-date: /workspaces/diffbot/ros2_ws/install/control_msgs/include/control_msgs/control_msgs/action/detail/gripper_command__struct.hpp
[6.722s] -- Up-to-date: /workspaces/diffbot/ros2_ws/install/control_msgs/include/control_msgs/control_msgs/action/detail/single_joint_position__traits.hpp
[6.722s] -- Up-to-date: /workspaces/diffbot/ros2_ws/install/control_msgs/include/control_msgs/control_msgs/action/detail/follow_joint_trajectory__traits.hpp
[6.722s] -- Up-to-date: /workspaces/diffbot/ros2_ws/install/control_msgs/include/control_msgs/control_msgs/action/detail/point_head__struct.hpp
[6.722s] -- Up-to-date: /workspaces/diffbot/ros2_ws/install/control_msgs/include/control_msgs/control_msgs/action/detail/follow_joint_trajectory__builder.hpp
[6.723s] -- Up-to-date: /workspaces/diffbot/ros2_ws/install/control_msgs/include/control_msgs/control_msgs/action/detail/single_joint_position__struct.hpp
[6.723s] -- Up-to-date: /workspaces/diffbot/ros2_ws/install/control_msgs/include/control_msgs/control_msgs/action/detail/single_joint_position__builder.hpp
[6.723s] -- Up-to-date: /workspaces/diffbot/ros2_ws/install/control_msgs/include/control_msgs/control_msgs/action/detail/joint_trajectory__traits.hpp
[6.723s] -- Up-to-date: /workspaces/diffbot/ros2_ws/install/control_msgs/include/control_msgs/control_msgs/action/detail/point_head__traits.hpp
[6.723s] -- Up-to-date: /workspaces/diffbot/ros2_ws/install/control_msgs/include/control_msgs/control_msgs/action/detail/gripper_command__traits.hpp
[6.723s] -- Up-to-date: /workspaces/diffbot/ros2_ws/install/control_msgs/include/control_msgs/control_msgs/action/detail/point_head__builder.hpp
[6.723s] -- Up-to-date: /workspaces/diffbot/ros2_ws/install/control_msgs/include/control_msgs/control_msgs/action/detail/joint_trajectory__struct.hpp
[6.724s] -- Up-to-date: /workspaces/diffbot/ros2_ws/install/control_msgs/include/control_msgs/control_msgs/action/detail/gripper_command__builder.hpp
[6.724s] -- Up-to-date: /workspaces/diffbot/ros2_ws/install/control_msgs/include/control_msgs/control_msgs/action/detail/follow_joint_trajectory__struct.hpp
[6.724s] -- Up-to-date: /workspaces/diffbot/ros2_ws/install/control_msgs/include/control_msgs/control_msgs/action/detail/joint_trajectory__builder.hpp
[6.724s] -- Up-to-date: /workspaces/diffbot/ros2_ws/install/control_msgs/include/control_msgs/control_msgs/action/follow_joint_trajectory.hpp
[6.724s] -- Up-to-date: /workspaces/diffbot/ros2_ws/install/control_msgs/include/control_msgs/control_msgs/action/point_head.hpp
[6.724s] -- Up-to-date: /workspaces/diffbot/ros2_ws/install/control_msgs/include/control_msgs/control_msgs/action/single_joint_position.hpp
[6.725s] -- Up-to-date: /workspaces/diffbot/ros2_ws/install/control_msgs/include/control_msgs/control_msgs/srv
[6.725s] -- Up-to-date: /workspaces/diffbot/ros2_ws/install/control_msgs/include/control_msgs/control_msgs/srv/detail
[6.725s] -- Up-to-date: /workspaces/diffbot/ros2_ws/install/control_msgs/include/control_msgs/control_msgs/srv/detail/query_trajectory_state__struct.hpp
[6.725s] -- Up-to-date: /workspaces/diffbot/ros2_ws/install/control_msgs/include/control_msgs/control_msgs/srv/detail/query_trajectory_state__traits.hpp
[6.725s] -- Up-to-date: /workspaces/diffbot/ros2_ws/install/control_msgs/include/control_msgs/control_msgs/srv/detail/query_calibration_state__builder.hpp
[6.726s] -- Up-to-date: /workspaces/diffbot/ros2_ws/install/control_msgs/include/control_msgs/control_msgs/srv/detail/query_trajectory_state__builder.hpp
[6.726s] -- Up-to-date: /workspaces/diffbot/ros2_ws/install/control_msgs/include/control_msgs/control_msgs/srv/detail/query_calibration_state__struct.hpp
[6.726s] -- Up-to-date: /workspaces/diffbot/ros2_ws/install/control_msgs/include/control_msgs/control_msgs/srv/detail/query_calibration_state__traits.hpp
[6.726s] -- Up-to-date: /workspaces/diffbot/ros2_ws/install/control_msgs/include/control_msgs/control_msgs/srv/query_calibration_state.hpp
[6.726s] -- Up-to-date: /workspaces/diffbot/ros2_ws/install/control_msgs/include/control_msgs/control_msgs/srv/query_trajectory_state.hpp
[6.726s] -- Up-to-date: /workspaces/diffbot/ros2_ws/install/control_msgs/include/control_msgs/control_msgs
[6.726s] -- Up-to-date: /workspaces/diffbot/ros2_ws/install/control_msgs/include/control_msgs/control_msgs/msg
[6.727s] -- Up-to-date: /workspaces/diffbot/ros2_ws/install/control_msgs/include/control_msgs/control_msgs/msg/detail
[6.727s] -- Up-to-date: /workspaces/diffbot/ros2_ws/install/control_msgs/include/control_msgs/control_msgs/msg/detail/joint_controller_state__rosidl_typesupport_fastrtps_cpp.hpp
[6.727s] -- Up-to-date: /workspaces/diffbot/ros2_ws/install/control_msgs/include/control_msgs/control_msgs/msg/detail/dynamic_joint_state__rosidl_typesupport_fastrtps_cpp.hpp
[6.727s] -- Up-to-date: /workspaces/diffbot/ros2_ws/install/control_msgs/include/control_msgs/control_msgs/msg/detail/joint_jog__rosidl_typesupport_fastrtps_cpp.hpp
[6.727s] -- Up-to-date: /workspaces/diffbot/ros2_ws/install/control_msgs/include/control_msgs/control_msgs/msg/detail/steering_controller_status__rosidl_typesupport_fastrtps_cpp.hpp
[6.727s] -- Up-to-date: /workspaces/diffbot/ros2_ws/install/control_msgs/include/control_msgs/control_msgs/msg/detail/dds_fastrtps
[6.728s] -- Up-to-date: /workspaces/diffbot/ros2_ws/install/control_msgs/include/control_msgs/control_msgs/msg/detail/interface_value__rosidl_typesupport_fastrtps_cpp.hpp
[6.728s] -- Up-to-date: /workspaces/diffbot/ros2_ws/install/control_msgs/include/control_msgs/control_msgs/msg/detail/joint_component_tolerance__rosidl_typesupport_fastrtps_cpp.hpp
[6.728s] -- Up-to-date: /workspaces/diffbot/ros2_ws/install/control_msgs/include/control_msgs/control_msgs/msg/detail/mecanum_drive_controller_state__rosidl_typesupport_fastrtps_cpp.hpp
[6.728s] -- Up-to-date: /workspaces/diffbot/ros2_ws/install/control_msgs/include/control_msgs/control_msgs/msg/detail/admittance_controller_state__rosidl_typesupport_fastrtps_cpp.hpp
[6.728s] -- Up-to-date: /workspaces/diffbot/ros2_ws/install/control_msgs/include/control_msgs/control_msgs/msg/detail/joint_trajectory_controller_state__rosidl_typesupport_fastrtps_cpp.hpp
[6.728s] -- Up-to-date: /workspaces/diffbot/ros2_ws/install/control_msgs/include/control_msgs/control_msgs/msg/detail/pid_state__rosidl_typesupport_fastrtps_cpp.hpp
[6.729s] -- Up-to-date: /workspaces/diffbot/ros2_ws/install/control_msgs/include/control_msgs/control_msgs/msg/detail/joint_tolerance__rosidl_typesupport_fastrtps_cpp.hpp
[6.729s] -- Up-to-date: /workspaces/diffbot/ros2_ws/install/control_msgs/include/control_msgs/control_msgs/msg/detail/gripper_command__rosidl_typesupport_fastrtps_cpp.hpp
[6.729s] -- Up-to-date: /workspaces/diffbot/ros2_ws/install/control_msgs/include/control_msgs/control_msgs/msg/rosidl_typesupport_fastrtps_cpp__visibility_control.h
[6.729s] -- Up-to-date: /workspaces/diffbot/ros2_ws/install/control_msgs/include/control_msgs/control_msgs/action
[6.729s] -- Up-to-date: /workspaces/diffbot/ros2_ws/install/control_msgs/include/control_msgs/control_msgs/action/detail
[6.729s] -- Up-to-date: /workspaces/diffbot/ros2_ws/install/control_msgs/include/control_msgs/control_msgs/action/detail/dds_fastrtps
[6.729s] -- Up-to-date: /workspaces/diffbot/ros2_ws/install/control_msgs/include/control_msgs/control_msgs/action/detail/joint_trajectory__rosidl_typesupport_fastrtps_cpp.hpp
[6.730s] -- Up-to-date: /workspaces/diffbot/ros2_ws/install/control_msgs/include/control_msgs/control_msgs/action/detail/point_head__rosidl_typesupport_fastrtps_cpp.hpp
[6.730s] -- Up-to-date: /workspaces/diffbot/ros2_ws/install/control_msgs/include/control_msgs/control_msgs/action/detail/follow_joint_trajectory__rosidl_typesupport_fastrtps_cpp.hpp
[6.730s] -- Up-to-date: /workspaces/diffbot/ros2_ws/install/control_msgs/include/control_msgs/control_msgs/action/detail/single_joint_position__rosidl_typesupport_fastrtps_cpp.hpp
[6.730s] -- Up-to-date: /workspaces/diffbot/ros2_ws/install/control_msgs/include/control_msgs/control_msgs/action/detail/gripper_command__rosidl_typesupport_fastrtps_cpp.hpp
[6.730s] -- Up-to-date: /workspaces/diffbot/ros2_ws/install/control_msgs/include/control_msgs/control_msgs/srv
[6.730s] -- Up-to-date: /workspaces/diffbot/ros2_ws/install/control_msgs/include/control_msgs/control_msgs/srv/detail
[6.731s] -- Up-to-date: /workspaces/diffbot/ros2_ws/install/control_msgs/include/control_msgs/control_msgs/srv/detail/query_trajectory_state__rosidl_typesupport_fastrtps_cpp.hpp
[6.731s] -- Up-to-date: /workspaces/diffbot/ros2_ws/install/control_msgs/include/control_msgs/control_msgs/srv/detail/dds_fastrtps
[6.731s] -- Up-to-date: /workspaces/diffbot/ros2_ws/install/control_msgs/include/control_msgs/control_msgs/srv/detail/query_calibration_state__rosidl_typesupport_fastrtps_cpp.hpp
[6.731s] -- Up-to-date: /workspaces/diffbot/ros2_ws/install/control_msgs/lib/libcontrol_msgs__rosidl_typesupport_fastrtps_cpp.so
[6.731s] -- Up-to-date: /workspaces/diffbot/ros2_ws/install/control_msgs/include/control_msgs/control_msgs
[6.732s] -- Up-to-date: /workspaces/diffbot/ros2_ws/install/control_msgs/include/control_msgs/control_msgs/msg
[6.732s] -- Up-to-date: /workspaces/diffbot/ros2_ws/install/control_msgs/include/control_msgs/control_msgs/msg/rosidl_typesupport_introspection_c__visibility_control.h
[6.732s] -- Up-to-date: /workspaces/diffbot/ros2_ws/install/control_msgs/include/control_msgs/control_msgs/msg/detail
[6.732s] -- Up-to-date: /workspaces/diffbot/ros2_ws/install/control_msgs/include/control_msgs/control_msgs/msg/detail/admittance_controller_state__type_support.c
[6.732s] -- Up-to-date: /workspaces/diffbot/ros2_ws/install/control_msgs/include/control_msgs/control_msgs/msg/detail/gripper_command__rosidl_typesupport_introspection_c.h
[6.732s] -- Up-to-date: /workspaces/diffbot/ros2_ws/install/control_msgs/include/control_msgs/control_msgs/msg/detail/joint_component_tolerance__rosidl_typesupport_introspection_c.h
[6.733s] -- Up-to-date: /workspaces/diffbot/ros2_ws/install/control_msgs/include/control_msgs/control_msgs/msg/detail/mecanum_drive_controller_state__type_support.c
[6.733s] -- Up-to-date: /workspaces/diffbot/ros2_ws/install/control_msgs/include/control_msgs/control_msgs/msg/detail/joint_component_tolerance__type_support.c
[6.733s] -- Up-to-date: /workspaces/diffbot/ros2_ws/install/control_msgs/include/control_msgs/control_msgs/msg/detail/pid_state__type_support.c
[6.733s] -- Up-to-date: /workspaces/diffbot/ros2_ws/install/control_msgs/include/control_msgs/control_msgs/msg/detail/joint_tolerance__type_support.c
[6.733s] -- Up-to-date: /workspaces/diffbot/ros2_ws/install/control_msgs/include/control_msgs/control_msgs/msg/detail/admittance_controller_state__rosidl_typesupport_introspection_c.h
[6.733s] -- Up-to-date: /workspaces/diffbot/ros2_ws/install/control_msgs/include/control_msgs/control_msgs/msg/detail/joint_trajectory_controller_state__rosidl_typesupport_introspection_c.h
[6.734s] -- Up-to-date: /workspaces/diffbot/ros2_ws/install/control_msgs/include/control_msgs/control_msgs/msg/detail/mecanum_drive_controller_state__rosidl_typesupport_introspection_c.h
[6.734s] -- Up-to-date: /workspaces/diffbot/ros2_ws/install/control_msgs/include/control_msgs/control_msgs/msg/detail/joint_controller_state__type_support.c
[6.734s] -- Up-to-date: /workspaces/diffbot/ros2_ws/install/control_msgs/include/control_msgs/control_msgs/msg/detail/joint_trajectory_controller_state__type_support.c
[6.734s] -- Up-to-date: /workspaces/diffbot/ros2_ws/install/control_msgs/include/control_msgs/control_msgs/msg/detail/joint_tolerance__rosidl_typesupport_introspection_c.h
[6.734s] -- Up-to-date: /workspaces/diffbot/ros2_ws/install/control_msgs/include/control_msgs/control_msgs/msg/detail/pid_state__rosidl_typesupport_introspection_c.h
[6.734s] -- Up-to-date: /workspaces/diffbot/ros2_ws/install/control_msgs/include/control_msgs/control_msgs/msg/detail/gripper_command__type_support.c
[6.734s] -- Up-to-date: /workspaces/diffbot/ros2_ws/install/control_msgs/include/control_msgs/control_msgs/msg/detail/interface_value__rosidl_typesupport_introspection_c.h
[6.735s] -- Up-to-date: /workspaces/diffbot/ros2_ws/install/control_msgs/include/control_msgs/control_msgs/msg/detail/dynamic_joint_state__type_support.c
[6.735s] -- Up-to-date: /workspaces/diffbot/ros2_ws/install/control_msgs/include/control_msgs/control_msgs/msg/detail/joint_jog__rosidl_typesupport_introspection_c.h
[6.735s] -- Up-to-date: /workspaces/diffbot/ros2_ws/install/control_msgs/include/control_msgs/control_msgs/msg/detail/joint_controller_state__rosidl_typesupport_introspection_c.h
[6.735s] -- Up-to-date: /workspaces/diffbot/ros2_ws/install/control_msgs/include/control_msgs/control_msgs/msg/detail/steering_controller_status__type_support.c
[6.735s] -- Up-to-date: /workspaces/diffbot/ros2_ws/install/control_msgs/include/control_msgs/control_msgs/msg/detail/dynamic_joint_state__rosidl_typesupport_introspection_c.h
[6.735s] -- Up-to-date: /workspaces/diffbot/ros2_ws/install/control_msgs/include/control_msgs/control_msgs/msg/detail/steering_controller_status__rosidl_typesupport_introspection_c.h
[6.735s] -- Up-to-date: /workspaces/diffbot/ros2_ws/install/control_msgs/include/control_msgs/control_msgs/msg/detail/joint_jog__type_support.c
[6.736s] -- Up-to-date: /workspaces/diffbot/ros2_ws/install/control_msgs/include/control_msgs/control_msgs/msg/detail/interface_value__type_support.c
[6.736s] -- Up-to-date: /workspaces/diffbot/ros2_ws/install/control_msgs/include/control_msgs/control_msgs/action
[6.736s] -- Up-to-date: /workspaces/diffbot/ros2_ws/install/control_msgs/include/control_msgs/control_msgs/action/detail
[6.736s] -- Up-to-date: /workspaces/diffbot/ros2_ws/install/control_msgs/include/control_msgs/control_msgs/action/detail/follow_joint_trajectory__rosidl_typesupport_introspection_c.h
[6.736s] -- Up-to-date: /workspaces/diffbot/ros2_ws/install/control_msgs/include/control_msgs/control_msgs/action/detail/gripper_command__rosidl_typesupport_introspection_c.h
[6.736s] -- Up-to-date: /workspaces/diffbot/ros2_ws/install/control_msgs/include/control_msgs/control_msgs/action/detail/point_head__rosidl_typesupport_introspection_c.h
[6.740s] -- Up-to-date: /workspaces/diffbot/ros2_ws/install/control_msgs/include/control_msgs/control_msgs/action/detail/point_head__type_support.c
[6.740s] -- Up-to-date: /workspaces/diffbot/ros2_ws/install/control_msgs/include/control_msgs/control_msgs/action/detail/joint_trajectory__type_support.c
[6.740s] -- Up-to-date: /workspaces/diffbot/ros2_ws/install/control_msgs/include/control_msgs/control_msgs/action/detail/gripper_command__type_support.c
[6.741s] -- Up-to-date: /workspaces/diffbot/ros2_ws/install/control_msgs/include/control_msgs/control_msgs/action/detail/single_joint_position__rosidl_typesupport_introspection_c.h
[6.741s] -- Up-to-date: /workspaces/diffbot/ros2_ws/install/control_msgs/include/control_msgs/control_msgs/action/detail/single_joint_position__type_support.c
[6.741s] -- Up-to-date: /workspaces/diffbot/ros2_ws/install/control_msgs/include/control_msgs/control_msgs/action/detail/joint_trajectory__rosidl_typesupport_introspection_c.h
[6.741s] -- Up-to-date: /workspaces/diffbot/ros2_ws/install/control_msgs/include/control_msgs/control_msgs/action/detail/follow_joint_trajectory__type_support.c
[6.741s] -- Up-to-date: /workspaces/diffbot/ros2_ws/install/control_msgs/include/control_msgs/control_msgs/srv
[6.741s] -- Up-to-date: /workspaces/diffbot/ros2_ws/install/control_msgs/include/control_msgs/control_msgs/srv/detail
[6.741s] -- Up-to-date: /workspaces/diffbot/ros2_ws/install/control_msgs/include/control_msgs/control_msgs/srv/detail/query_trajectory_state__type_support.c
[6.742s] -- Up-to-date: /workspaces/diffbot/ros2_ws/install/control_msgs/include/control_msgs/control_msgs/srv/detail/query_calibration_state__type_support.c
[6.742s] -- Up-to-date: /workspaces/diffbot/ros2_ws/install/control_msgs/include/control_msgs/control_msgs/srv/detail/query_calibration_state__rosidl_typesupport_introspection_c.h
[6.742s] -- Up-to-date: /workspaces/diffbot/ros2_ws/install/control_msgs/include/control_msgs/control_msgs/srv/detail/query_trajectory_state__rosidl_typesupport_introspection_c.h
[6.742s] -- Up-to-date: /workspaces/diffbot/ros2_ws/install/control_msgs/lib/libcontrol_msgs__rosidl_typesupport_introspection_c.so
[6.742s] -- Up-to-date: /workspaces/diffbot/ros2_ws/install/control_msgs/lib/libcontrol_msgs__rosidl_typesupport_c.so
[6.742s] -- Up-to-date: /workspaces/diffbot/ros2_ws/install/control_msgs/include/control_msgs/control_msgs
[6.742s] -- Up-to-date: /workspaces/diffbot/ros2_ws/install/control_msgs/include/control_msgs/control_msgs/msg
[6.743s] -- Up-to-date: /workspaces/diffbot/ros2_ws/install/control_msgs/include/control_msgs/control_msgs/msg/detail
[6.743s] -- Up-to-date: /workspaces/diffbot/ros2_ws/install/control_msgs/include/control_msgs/control_msgs/msg/detail/joint_trajectory_controller_state__rosidl_typesupport_introspection_cpp.hpp
[6.743s] -- Up-to-date: /workspaces/diffbot/ros2_ws/install/control_msgs/include/control_msgs/control_msgs/msg/detail/joint_trajectory_controller_state__type_support.cpp
[6.743s] -- Up-to-date: /workspaces/diffbot/ros2_ws/install/control_msgs/include/control_msgs/control_msgs/msg/detail/steering_controller_status__rosidl_typesupport_introspection_cpp.hpp
[6.743s] -- Up-to-date: /workspaces/diffbot/ros2_ws/install/control_msgs/include/control_msgs/control_msgs/msg/detail/mecanum_drive_controller_state__type_support.cpp
[6.744s] -- Up-to-date: /workspaces/diffbot/ros2_ws/install/control_msgs/include/control_msgs/control_msgs/msg/detail/joint_jog__rosidl_typesupport_introspection_cpp.hpp
[6.744s] -- Up-to-date: /workspaces/diffbot/ros2_ws/install/control_msgs/include/control_msgs/control_msgs/msg/detail/dynamic_joint_state__type_support.cpp
[6.744s] -- Up-to-date: /workspaces/diffbot/ros2_ws/install/control_msgs/include/control_msgs/control_msgs/msg/detail/interface_value__rosidl_typesupport_introspection_cpp.hpp
[6.744s] -- Up-to-date: /workspaces/diffbot/ros2_ws/install/control_msgs/include/control_msgs/control_msgs/msg/detail/mecanum_drive_controller_state__rosidl_typesupport_introspection_cpp.hpp
[6.744s] -- Up-to-date: /workspaces/diffbot/ros2_ws/install/control_msgs/include/control_msgs/control_msgs/msg/detail/steering_controller_status__type_support.cpp
[6.744s] -- Up-to-date: /workspaces/diffbot/ros2_ws/install/control_msgs/include/control_msgs/control_msgs/msg/detail/pid_state__type_support.cpp
[6.744s] -- Up-to-date: /workspaces/diffbot/ros2_ws/install/control_msgs/include/control_msgs/control_msgs/msg/detail/joint_controller_state__rosidl_typesupport_introspection_cpp.hpp
[6.745s] -- Up-to-date: /workspaces/diffbot/ros2_ws/install/control_msgs/include/control_msgs/control_msgs/msg/detail/joint_jog__type_support.cpp
[6.745s] -- Up-to-date: /workspaces/diffbot/ros2_ws/install/control_msgs/include/control_msgs/control_msgs/msg/detail/admittance_controller_state__rosidl_typesupport_introspection_cpp.hpp
[6.745s] -- Up-to-date: /workspaces/diffbot/ros2_ws/install/control_msgs/include/control_msgs/control_msgs/msg/detail/admittance_controller_state__type_support.cpp
[6.745s] -- Up-to-date: /workspaces/diffbot/ros2_ws/install/control_msgs/include/control_msgs/control_msgs/msg/detail/joint_tolerance__rosidl_typesupport_introspection_cpp.hpp
[6.745s] -- Up-to-date: /workspaces/diffbot/ros2_ws/install/control_msgs/include/control_msgs/control_msgs/msg/detail/gripper_command__type_support.cpp
[6.745s] -- Up-to-date: /workspaces/diffbot/ros2_ws/install/control_msgs/include/control_msgs/control_msgs/msg/detail/joint_tolerance__type_support.cpp
[6.745s] -- Up-to-date: /workspaces/diffbot/ros2_ws/install/control_msgs/include/control_msgs/control_msgs/msg/detail/pid_state__rosidl_typesupport_introspection_cpp.hpp
[6.745s] -- Up-to-date: /workspaces/diffbot/ros2_ws/install/control_msgs/include/control_msgs/control_msgs/msg/detail/dynamic_joint_state__rosidl_typesupport_introspection_cpp.hpp
[6.746s] -- Up-to-date: /workspaces/diffbot/ros2_ws/install/control_msgs/include/control_msgs/control_msgs/msg/detail/joint_component_tolerance__type_support.cpp
[6.746s] -- Up-to-date: /workspaces/diffbot/ros2_ws/install/control_msgs/include/control_msgs/control_msgs/msg/detail/joint_controller_state__type_support.cpp
[6.746s] -- Up-to-date: /workspaces/diffbot/ros2_ws/install/control_msgs/include/control_msgs/control_msgs/msg/detail/interface_value__type_support.cpp
[6.746s] -- Up-to-date: /workspaces/diffbot/ros2_ws/install/control_msgs/include/control_msgs/control_msgs/msg/detail/joint_component_tolerance__rosidl_typesupport_introspection_cpp.hpp
[6.746s] -- Up-to-date: /workspaces/diffbot/ros2_ws/install/control_msgs/include/control_msgs/control_msgs/msg/detail/gripper_command__rosidl_typesupport_introspection_cpp.hpp
[6.746s] -- Up-to-date: /workspaces/diffbot/ros2_ws/install/control_msgs/include/control_msgs/control_msgs/action
[6.746s] -- Up-to-date: /workspaces/diffbot/ros2_ws/install/control_msgs/include/control_msgs/control_msgs/action/detail
[6.747s] -- Up-to-date: /workspaces/diffbot/ros2_ws/install/control_msgs/include/control_msgs/control_msgs/action/detail/joint_trajectory__type_support.cpp
[6.747s] -- Up-to-date: /workspaces/diffbot/ros2_ws/install/control_msgs/include/control_msgs/control_msgs/action/detail/point_head__rosidl_typesupport_introspection_cpp.hpp
[6.747s] -- Up-to-date: /workspaces/diffbot/ros2_ws/install/control_msgs/include/control_msgs/control_msgs/action/detail/follow_joint_trajectory__type_support.cpp
[6.747s] -- Up-to-date: /workspaces/diffbot/ros2_ws/install/control_msgs/include/control_msgs/control_msgs/action/detail/joint_trajectory__rosidl_typesupport_introspection_cpp.hpp
[6.747s] -- Up-to-date: /workspaces/diffbot/ros2_ws/install/control_msgs/include/control_msgs/control_msgs/action/detail/follow_joint_trajectory__rosidl_typesupport_introspection_cpp.hpp
[6.747s] -- Up-to-date: /workspaces/diffbot/ros2_ws/install/control_msgs/include/control_msgs/control_msgs/action/detail/gripper_command__type_support.cpp
[6.747s] -- Up-to-date: /workspaces/diffbot/ros2_ws/install/control_msgs/include/control_msgs/control_msgs/action/detail/single_joint_position__type_support.cpp
[6.747s] -- Up-to-date: /workspaces/diffbot/ros2_ws/install/control_msgs/include/control_msgs/control_msgs/action/detail/single_joint_position__rosidl_typesupport_introspection_cpp.hpp
[6.748s] -- Up-to-date: /workspaces/diffbot/ros2_ws/install/control_msgs/include/control_msgs/control_msgs/action/detail/point_head__type_support.cpp
[6.748s] -- Up-to-date: /workspaces/diffbot/ros2_ws/install/control_msgs/include/control_msgs/control_msgs/action/detail/gripper_command__rosidl_typesupport_introspection_cpp.hpp
[6.748s] -- Up-to-date: /workspaces/diffbot/ros2_ws/install/control_msgs/include/control_msgs/control_msgs/srv
[6.748s] -- Up-to-date: /workspaces/diffbot/ros2_ws/install/control_msgs/include/control_msgs/control_msgs/srv/detail
[6.748s] -- Up-to-date: /workspaces/diffbot/ros2_ws/install/control_msgs/include/control_msgs/control_msgs/srv/detail/query_calibration_state__rosidl_typesupport_introspection_cpp.hpp
[6.748s] -- Up-to-date: /workspaces/diffbot/ros2_ws/install/control_msgs/include/control_msgs/control_msgs/srv/detail/query_trajectory_state__rosidl_typesupport_introspection_cpp.hpp
[6.748s] -- Up-to-date: /workspaces/diffbot/ros2_ws/install/control_msgs/include/control_msgs/control_msgs/srv/detail/query_calibration_state__type_support.cpp
[6.749s] -- Up-to-date: /workspaces/diffbot/ros2_ws/install/control_msgs/include/control_msgs/control_msgs/srv/detail/query_trajectory_state__type_support.cpp
[6.749s] -- Up-to-date: /workspaces/diffbot/ros2_ws/install/control_msgs/lib/libcontrol_msgs__rosidl_typesupport_introspection_cpp.so
[6.749s] -- Up-to-date: /workspaces/diffbot/ros2_ws/install/control_msgs/lib/libcontrol_msgs__rosidl_typesupport_cpp.so
[6.749s] -- Up-to-date: /workspaces/diffbot/ros2_ws/install/control_msgs/share/control_msgs/environment/pythonpath.sh
[6.749s] -- Up-to-date: /workspaces/diffbot/ros2_ws/install/control_msgs/share/control_msgs/environment/pythonpath.dsv
[6.749s] -- Up-to-date: /workspaces/diffbot/ros2_ws/install/control_msgs/local/lib/python3.10/dist-packages/control_msgs-4.4.0-py3.10.egg-info
[6.749s] -- Installing: /workspaces/diffbot/ros2_ws/install/control_msgs/local/lib/python3.10/dist-packages/control_msgs-4.4.0-py3.10.egg-info/top_level.txt
[6.750s] -- Installing: /workspaces/diffbot/ros2_ws/install/control_msgs/local/lib/python3.10/dist-packages/control_msgs-4.4.0-py3.10.egg-info/dependency_links.txt
[6.750s] -- Installing: /workspaces/diffbot/ros2_ws/install/control_msgs/local/lib/python3.10/dist-packages/control_msgs-4.4.0-py3.10.egg-info/PKG-INFO
[6.750s] -- Installing: /workspaces/diffbot/ros2_ws/install/control_msgs/local/lib/python3.10/dist-packages/control_msgs-4.4.0-py3.10.egg-info/SOURCES.txt
[6.750s] -- Up-to-date: /workspaces/diffbot/ros2_ws/install/control_msgs/local/lib/python3.10/dist-packages/control_msgs
[6.750s] -- Up-to-date: /workspaces/diffbot/ros2_ws/install/control_msgs/local/lib/python3.10/dist-packages/control_msgs/msg
[6.750s] -- Up-to-date: /workspaces/diffbot/ros2_ws/install/control_msgs/local/lib/python3.10/dist-packages/control_msgs/msg/_admittance_controller_state_s.c
[6.751s] -- Up-to-date: /workspaces/diffbot/ros2_ws/install/control_msgs/local/lib/python3.10/dist-packages/control_msgs/msg/_joint_tolerance_s.c
[6.751s] -- Up-to-date: /workspaces/diffbot/ros2_ws/install/control_msgs/local/lib/python3.10/dist-packages/control_msgs/msg/_dynamic_joint_state_s.c
[6.751s] -- Up-to-date: /workspaces/diffbot/ros2_ws/install/control_msgs/local/lib/python3.10/dist-packages/control_msgs/msg/_admittance_controller_state.py
[6.751s] -- Up-to-date: /workspaces/diffbot/ros2_ws/install/control_msgs/local/lib/python3.10/dist-packages/control_msgs/msg/_steering_controller_status_s.c
[6.751s] -- Up-to-date: /workspaces/diffbot/ros2_ws/install/control_msgs/local/lib/python3.10/dist-packages/control_msgs/msg/_pid_state_s.c
[6.751s] -- Up-to-date: /workspaces/diffbot/ros2_ws/install/control_msgs/local/lib/python3.10/dist-packages/control_msgs/msg/_mecanum_drive_controller_state_s.c
[6.751s] -- Up-to-date: /workspaces/diffbot/ros2_ws/install/control_msgs/local/lib/python3.10/dist-packages/control_msgs/msg/_joint_controller_state.py
[6.752s] -- Up-to-date: /workspaces/diffbot/ros2_ws/install/control_msgs/local/lib/python3.10/dist-packages/control_msgs/msg/_joint_tolerance.py
[6.752s] -- Up-to-date: /workspaces/diffbot/ros2_ws/install/control_msgs/local/lib/python3.10/dist-packages/control_msgs/msg/_steering_controller_status.py
[6.752s] -- Up-to-date: /workspaces/diffbot/ros2_ws/install/control_msgs/local/lib/python3.10/dist-packages/control_msgs/msg/_joint_jog_s.c
[6.752s] -- Up-to-date: /workspaces/diffbot/ros2_ws/install/control_msgs/local/lib/python3.10/dist-packages/control_msgs/msg/_joint_trajectory_controller_state_s.c
[6.752s] -- Up-to-date: /workspaces/diffbot/ros2_ws/install/control_msgs/local/lib/python3.10/dist-packages/control_msgs/msg/_interface_value.py
[6.752s] -- Up-to-date: /workspaces/diffbot/ros2_ws/install/control_msgs/local/lib/python3.10/dist-packages/control_msgs/msg/_gripper_command.py
[6.753s] -- Up-to-date: /workspaces/diffbot/ros2_ws/install/control_msgs/local/lib/python3.10/dist-packages/control_msgs/msg/_joint_jog.py
[6.753s] -- Up-to-date: /workspaces/diffbot/ros2_ws/install/control_msgs/local/lib/python3.10/dist-packages/control_msgs/msg/_joint_component_tolerance_s.c
[6.753s] -- Up-to-date: /workspaces/diffbot/ros2_ws/install/control_msgs/local/lib/python3.10/dist-packages/control_msgs/msg/_joint_controller_state_s.c
[6.753s] -- Up-to-date: /workspaces/diffbot/ros2_ws/install/control_msgs/local/lib/python3.10/dist-packages/control_msgs/msg/_interface_value_s.c
[6.754s] -- Up-to-date: /workspaces/diffbot/ros2_ws/install/control_msgs/local/lib/python3.10/dist-packages/control_msgs/msg/__init__.py
[6.754s] -- Up-to-date: /workspaces/diffbot/ros2_ws/install/control_msgs/local/lib/python3.10/dist-packages/control_msgs/msg/_dynamic_joint_state.py
[6.754s] -- Up-to-date: /workspaces/diffbot/ros2_ws/install/control_msgs/local/lib/python3.10/dist-packages/control_msgs/msg/_pid_state.py
[6.754s] -- Up-to-date: /workspaces/diffbot/ros2_ws/install/control_msgs/local/lib/python3.10/dist-packages/control_msgs/msg/_mecanum_drive_controller_state.py
[6.754s] -- Up-to-date: /workspaces/diffbot/ros2_ws/install/control_msgs/local/lib/python3.10/dist-packages/control_msgs/msg/_gripper_command_s.c
[6.754s] -- Up-to-date: /workspaces/diffbot/ros2_ws/install/control_msgs/local/lib/python3.10/dist-packages/control_msgs/msg/_joint_trajectory_controller_state.py
[6.755s] -- Up-to-date: /workspaces/diffbot/ros2_ws/install/control_msgs/local/lib/python3.10/dist-packages/control_msgs/msg/_joint_component_tolerance.py
[6.755s] -- Up-to-date: /workspaces/diffbot/ros2_ws/install/control_msgs/local/lib/python3.10/dist-packages/control_msgs/_control_msgs_s.ep.rosidl_typesupport_introspection_c.c
[6.755s] -- Up-to-date: /workspaces/diffbot/ros2_ws/install/control_msgs/local/lib/python3.10/dist-packages/control_msgs/action
[6.755s] -- Up-to-date: /workspaces/diffbot/ros2_ws/install/control_msgs/local/lib/python3.10/dist-packages/control_msgs/action/_single_joint_position_s.c
[6.755s] -- Up-to-date: /workspaces/diffbot/ros2_ws/install/control_msgs/local/lib/python3.10/dist-packages/control_msgs/action/_follow_joint_trajectory.py
[6.755s] -- Up-to-date: /workspaces/diffbot/ros2_ws/install/control_msgs/local/lib/python3.10/dist-packages/control_msgs/action/_gripper_command.py
[6.755s] -- Up-to-date: /workspaces/diffbot/ros2_ws/install/control_msgs/local/lib/python3.10/dist-packages/control_msgs/action/_joint_trajectory_s.c
[6.756s] -- Up-to-date: /workspaces/diffbot/ros2_ws/install/control_msgs/local/lib/python3.10/dist-packages/control_msgs/action/_joint_trajectory.py
[6.756s] -- Up-to-date: /workspaces/diffbot/ros2_ws/install/control_msgs/local/lib/python3.10/dist-packages/control_msgs/action/_single_joint_position.py
[6.756s] -- Up-to-date: /workspaces/diffbot/ros2_ws/install/control_msgs/local/lib/python3.10/dist-packages/control_msgs/action/__init__.py
[6.756s] -- Up-to-date: /workspaces/diffbot/ros2_ws/install/control_msgs/local/lib/python3.10/dist-packages/control_msgs/action/_follow_joint_trajectory_s.c
[6.756s] -- Up-to-date: /workspaces/diffbot/ros2_ws/install/control_msgs/local/lib/python3.10/dist-packages/control_msgs/action/_point_head.py
[6.756s] -- Up-to-date: /workspaces/diffbot/ros2_ws/install/control_msgs/local/lib/python3.10/dist-packages/control_msgs/action/_point_head_s.c
[6.757s] -- Up-to-date: /workspaces/diffbot/ros2_ws/install/control_msgs/local/lib/python3.10/dist-packages/control_msgs/action/_gripper_command_s.c
[6.757s] -- Up-to-date: /workspaces/diffbot/ros2_ws/install/control_msgs/local/lib/python3.10/dist-packages/control_msgs/srv
[6.757s] -- Up-to-date: /workspaces/diffbot/ros2_ws/install/control_msgs/local/lib/python3.10/dist-packages/control_msgs/srv/_query_calibration_state.py
[6.757s] -- Up-to-date: /workspaces/diffbot/ros2_ws/install/control_msgs/local/lib/python3.10/dist-packages/control_msgs/srv/_query_calibration_state_s.c
[6.757s] -- Up-to-date: /workspaces/diffbot/ros2_ws/install/control_msgs/local/lib/python3.10/dist-packages/control_msgs/srv/_query_trajectory_state.py
[6.757s] -- Up-to-date: /workspaces/diffbot/ros2_ws/install/control_msgs/local/lib/python3.10/dist-packages/control_msgs/srv/__init__.py
[6.757s] -- Up-to-date: /workspaces/diffbot/ros2_ws/install/control_msgs/local/lib/python3.10/dist-packages/control_msgs/srv/_query_trajectory_state_s.c
[6.757s] -- Up-to-date: /workspaces/diffbot/ros2_ws/install/control_msgs/local/lib/python3.10/dist-packages/control_msgs/libcontrol_msgs__rosidl_generator_py.so
[6.758s] -- Up-to-date: /workspaces/diffbot/ros2_ws/install/control_msgs/local/lib/python3.10/dist-packages/control_msgs/_control_msgs_s.ep.rosidl_typesupport_fastrtps_c.c
[6.758s] -- Up-to-date: /workspaces/diffbot/ros2_ws/install/control_msgs/local/lib/python3.10/dist-packages/control_msgs/__init__.py
[6.758s] -- Up-to-date: /workspaces/diffbot/ros2_ws/install/control_msgs/local/lib/python3.10/dist-packages/control_msgs/control_msgs_s__rosidl_typesupport_c.cpython-310-x86_64-linux-gnu.so
[6.758s] -- Up-to-date: /workspaces/diffbot/ros2_ws/install/control_msgs/local/lib/python3.10/dist-packages/control_msgs/control_msgs_s__rosidl_typesupport_fastrtps_c.cpython-310-x86_64-linux-gnu.so
[6.758s] -- Up-to-date: /workspaces/diffbot/ros2_ws/install/control_msgs/local/lib/python3.10/dist-packages/control_msgs/control_msgs_s__rosidl_typesupport_introspection_c.cpython-310-x86_64-linux-gnu.so
[6.758s] -- Up-to-date: /workspaces/diffbot/ros2_ws/install/control_msgs/local/lib/python3.10/dist-packages/control_msgs/_control_msgs_s.ep.rosidl_typesupport_c.c
[6.821s] Listing '/workspaces/diffbot/ros2_ws/install/control_msgs/local/lib/python3.10/dist-packages/control_msgs'...
[6.821s] Listing '/workspaces/diffbot/ros2_ws/install/control_msgs/local/lib/python3.10/dist-packages/control_msgs/action'...
[6.822s] Listing '/workspaces/diffbot/ros2_ws/install/control_msgs/local/lib/python3.10/dist-packages/control_msgs/msg'...
[6.822s] Listing '/workspaces/diffbot/ros2_ws/install/control_msgs/local/lib/python3.10/dist-packages/control_msgs/srv'...
[6.832s] -- Up-to-date: /workspaces/diffbot/ros2_ws/install/control_msgs/local/lib/python3.10/dist-packages/control_msgs/control_msgs_s__rosidl_typesupport_fastrtps_c.cpython-310-x86_64-linux-gnu.so
[6.835s] -- Up-to-date: /workspaces/diffbot/ros2_ws/install/control_msgs/local/lib/python3.10/dist-packages/control_msgs/control_msgs_s__rosidl_typesupport_introspection_c.cpython-310-x86_64-linux-gnu.so
[6.836s] -- Up-to-date: /workspaces/diffbot/ros2_ws/install/control_msgs/local/lib/python3.10/dist-packages/control_msgs/control_msgs_s__rosidl_typesupport_c.cpython-310-x86_64-linux-gnu.so
[6.837s] -- Up-to-date: /workspaces/diffbot/ros2_ws/install/control_msgs/lib/libcontrol_msgs__rosidl_generator_py.so
[6.838s] -- Up-to-date: /workspaces/diffbot/ros2_ws/install/control_msgs/share/control_msgs/action/FollowJointTrajectory.idl
[6.839s] -- Up-to-date: /workspaces/diffbot/ros2_ws/install/control_msgs/share/control_msgs/action/GripperCommand.idl
[6.839s] -- Up-to-date: /workspaces/diffbot/ros2_ws/install/control_msgs/share/control_msgs/action/JointTrajectory.idl
[6.839s] -- Up-to-date: /workspaces/diffbot/ros2_ws/install/control_msgs/share/control_msgs/action/PointHead.idl
[6.840s] -- Up-to-date: /workspaces/diffbot/ros2_ws/install/control_msgs/share/control_msgs/action/SingleJointPosition.idl
[6.840s] -- Up-to-date: /workspaces/diffbot/ros2_ws/install/control_msgs/share/control_msgs/msg/AdmittanceControllerState.idl
[6.841s] -- Up-to-date: /workspaces/diffbot/ros2_ws/install/control_msgs/share/control_msgs/msg/DynamicJointState.idl
[6.841s] -- Up-to-date: /workspaces/diffbot/ros2_ws/install/control_msgs/share/control_msgs/msg/GripperCommand.idl
[6.841s] -- Up-to-date: /workspaces/diffbot/ros2_ws/install/control_msgs/share/control_msgs/msg/InterfaceValue.idl
[6.842s] -- Up-to-date: /workspaces/diffbot/ros2_ws/install/control_msgs/share/control_msgs/msg/JointComponentTolerance.idl
[6.842s] -- Up-to-date: /workspaces/diffbot/ros2_ws/install/control_msgs/share/control_msgs/msg/JointControllerState.idl
[6.843s] -- Up-to-date: /workspaces/diffbot/ros2_ws/install/control_msgs/share/control_msgs/msg/JointJog.idl
[6.843s] -- Up-to-date: /workspaces/diffbot/ros2_ws/install/control_msgs/share/control_msgs/msg/JointTolerance.idl
[6.843s] -- Up-to-date: /workspaces/diffbot/ros2_ws/install/control_msgs/share/control_msgs/msg/JointTrajectoryControllerState.idl
[6.844s] -- Up-to-date: /workspaces/diffbot/ros2_ws/install/control_msgs/share/control_msgs/msg/MecanumDriveControllerState.idl
[6.844s] -- Up-to-date: /workspaces/diffbot/ros2_ws/install/control_msgs/share/control_msgs/msg/PidState.idl
[6.846s] -- Up-to-date: /workspaces/diffbot/ros2_ws/install/control_msgs/share/control_msgs/msg/SteeringControllerStatus.idl
[6.846s] -- Up-to-date: /workspaces/diffbot/ros2_ws/install/control_msgs/share/control_msgs/srv/QueryCalibrationState.idl
[6.847s] -- Up-to-date: /workspaces/diffbot/ros2_ws/install/control_msgs/share/control_msgs/srv/QueryTrajectoryState.idl
[6.847s] -- Up-to-date: /workspaces/diffbot/ros2_ws/install/control_msgs/share/control_msgs/action/FollowJointTrajectory.action
[6.848s] -- Up-to-date: /workspaces/diffbot/ros2_ws/install/control_msgs/share/control_msgs/action/GripperCommand.action
[6.848s] -- Up-to-date: /workspaces/diffbot/ros2_ws/install/control_msgs/share/control_msgs/action/JointTrajectory.action
[6.849s] -- Up-to-date: /workspaces/diffbot/ros2_ws/install/control_msgs/share/control_msgs/action/PointHead.action
[6.852s] -- Up-to-date: /workspaces/diffbot/ros2_ws/install/control_msgs/share/control_msgs/action/SingleJointPosition.action
[6.852s] -- Up-to-date: /workspaces/diffbot/ros2_ws/install/control_msgs/share/control_msgs/msg/AdmittanceControllerState.msg
[6.852s] -- Up-to-date: /workspaces/diffbot/ros2_ws/install/control_msgs/share/control_msgs/msg/DynamicJointState.msg
[6.853s] -- Up-to-date: /workspaces/diffbot/ros2_ws/install/control_msgs/share/control_msgs/msg/GripperCommand.msg
[6.853s] -- Up-to-date: /workspaces/diffbot/ros2_ws/install/control_msgs/share/control_msgs/msg/InterfaceValue.msg
[6.853s] -- Up-to-date: /workspaces/diffbot/ros2_ws/install/control_msgs/share/control_msgs/msg/JointComponentTolerance.msg
[6.853s] -- Up-to-date: /workspaces/diffbot/ros2_ws/install/control_msgs/share/control_msgs/msg/JointControllerState.msg
[6.853s] -- Up-to-date: /workspaces/diffbot/ros2_ws/install/control_msgs/share/control_msgs/msg/JointJog.msg
[6.853s] -- Up-to-date: /workspaces/diffbot/ros2_ws/install/control_msgs/share/control_msgs/msg/JointTolerance.msg
[6.854s] -- Up-to-date: /workspaces/diffbot/ros2_ws/install/control_msgs/share/control_msgs/msg/JointTrajectoryControllerState.msg
[6.855s] -- Up-to-date: /workspaces/diffbot/ros2_ws/install/control_msgs/share/control_msgs/msg/MecanumDriveControllerState.msg
[6.855s] -- Up-to-date: /workspaces/diffbot/ros2_ws/install/control_msgs/share/control_msgs/msg/PidState.msg
[6.865s] -- Up-to-date: /workspaces/diffbot/ros2_ws/install/control_msgs/share/control_msgs/msg/SteeringControllerStatus.msg
[6.866s] -- Up-to-date: /workspaces/diffbot/ros2_ws/install/control_msgs/share/control_msgs/srv/QueryCalibrationState.srv
[6.866s] -- Up-to-date: /workspaces/diffbot/ros2_ws/install/control_msgs/share/control_msgs/srv/QueryCalibrationState_Request.msg
[6.866s] -- Up-to-date: /workspaces/diffbot/ros2_ws/install/control_msgs/share/control_msgs/srv/QueryCalibrationState_Response.msg
[6.866s] -- Up-to-date: /workspaces/diffbot/ros2_ws/install/control_msgs/share/control_msgs/srv/QueryTrajectoryState.srv
[6.867s] -- Up-to-date: /workspaces/diffbot/ros2_ws/install/control_msgs/share/control_msgs/srv/QueryTrajectoryState_Request.msg
[6.867s] -- Up-to-date: /workspaces/diffbot/ros2_ws/install/control_msgs/share/control_msgs/srv/QueryTrajectoryState_Response.msg
[6.867s] -- Up-to-date: /workspaces/diffbot/ros2_ws/install/control_msgs/share/ament_index/resource_index/package_run_dependencies/control_msgs
[6.868s] -- Up-to-date: /workspaces/diffbot/ros2_ws/install/control_msgs/share/ament_index/resource_index/parent_prefix_path/control_msgs
[6.868s] -- Up-to-date: /workspaces/diffbot/ros2_ws/install/control_msgs/share/control_msgs/environment/ament_prefix_path.sh
[6.868s] -- Up-to-date: /workspaces/diffbot/ros2_ws/install/control_msgs/share/control_msgs/environment/ament_prefix_path.dsv
[6.868s] -- Up-to-date: /workspaces/diffbot/ros2_ws/install/control_msgs/share/control_msgs/environment/path.sh
[6.868s] -- Up-to-date: /workspaces/diffbot/ros2_ws/install/control_msgs/share/control_msgs/environment/path.dsv
[6.870s] -- Up-to-date: /workspaces/diffbot/ros2_ws/install/control_msgs/share/control_msgs/local_setup.bash
[6.871s] -- Up-to-date: /workspaces/diffbot/ros2_ws/install/control_msgs/share/control_msgs/local_setup.sh
[6.871s] -- Up-to-date: /workspaces/diffbot/ros2_ws/install/control_msgs/share/control_msgs/local_setup.zsh
[6.871s] -- Up-to-date: /workspaces/diffbot/ros2_ws/install/control_msgs/share/control_msgs/local_setup.dsv
[6.871s] -- Installing: /workspaces/diffbot/ros2_ws/install/control_msgs/share/control_msgs/package.dsv
[6.871s] -- Up-to-date: /workspaces/diffbot/ros2_ws/install/control_msgs/share/ament_index/resource_index/packages/control_msgs
[6.871s] -- Up-to-date: /workspaces/diffbot/ros2_ws/install/control_msgs/share/control_msgs/cmake/export_control_msgs__rosidl_generator_cExport.cmake
[6.872s] -- Up-to-date: /workspaces/diffbot/ros2_ws/install/control_msgs/share/control_msgs/cmake/export_control_msgs__rosidl_generator_cExport-noconfig.cmake
[6.875s] -- Up-to-date: /workspaces/diffbot/ros2_ws/install/control_msgs/share/control_msgs/cmake/export_control_msgs__rosidl_typesupport_fastrtps_cExport.cmake
[6.876s] -- Up-to-date: /workspaces/diffbot/ros2_ws/install/control_msgs/share/control_msgs/cmake/export_control_msgs__rosidl_typesupport_fastrtps_cExport-noconfig.cmake
[6.876s] -- Up-to-date: /workspaces/diffbot/ros2_ws/install/control_msgs/share/control_msgs/cmake/export_control_msgs__rosidl_generator_cppExport.cmake
[6.876s] -- Up-to-date: /workspaces/diffbot/ros2_ws/install/control_msgs/share/control_msgs/cmake/export_control_msgs__rosidl_typesupport_fastrtps_cppExport.cmake
[6.876s] -- Up-to-date: /workspaces/diffbot/ros2_ws/install/control_msgs/share/control_msgs/cmake/export_control_msgs__rosidl_typesupport_fastrtps_cppExport-noconfig.cmake
[6.876s] -- Up-to-date: /workspaces/diffbot/ros2_ws/install/control_msgs/share/control_msgs/cmake/control_msgs__rosidl_typesupport_introspection_cExport.cmake
[6.876s] -- Up-to-date: /workspaces/diffbot/ros2_ws/install/control_msgs/share/control_msgs/cmake/control_msgs__rosidl_typesupport_introspection_cExport-noconfig.cmake
[6.877s] -- Up-to-date: /workspaces/diffbot/ros2_ws/install/control_msgs/share/control_msgs/cmake/control_msgs__rosidl_typesupport_cExport.cmake
[6.877s] -- Up-to-date: /workspaces/diffbot/ros2_ws/install/control_msgs/share/control_msgs/cmake/control_msgs__rosidl_typesupport_cExport-noconfig.cmake
[6.877s] -- Up-to-date: /workspaces/diffbot/ros2_ws/install/control_msgs/share/control_msgs/cmake/control_msgs__rosidl_typesupport_introspection_cppExport.cmake
[6.877s] -- Up-to-date: /workspaces/diffbot/ros2_ws/install/control_msgs/share/control_msgs/cmake/control_msgs__rosidl_typesupport_introspection_cppExport-noconfig.cmake
[6.884s] -- Up-to-date: /workspaces/diffbot/ros2_ws/install/control_msgs/share/control_msgs/cmake/control_msgs__rosidl_typesupport_cppExport.cmake
[6.885s] -- Up-to-date: /workspaces/diffbot/ros2_ws/install/control_msgs/share/control_msgs/cmake/control_msgs__rosidl_typesupport_cppExport-noconfig.cmake
[6.897s] -- Up-to-date: /workspaces/diffbot/ros2_ws/install/control_msgs/share/control_msgs/cmake/export_control_msgs__rosidl_generator_pyExport.cmake
[6.898s] -- Up-to-date: /workspaces/diffbot/ros2_ws/install/control_msgs/share/control_msgs/cmake/export_control_msgs__rosidl_generator_pyExport-noconfig.cmake
[6.900s] -- Up-to-date: /workspaces/diffbot/ros2_ws/install/control_msgs/share/control_msgs/cmake/rosidl_cmake-extras.cmake
[6.900s] -- Up-to-date: /workspaces/diffbot/ros2_ws/install/control_msgs/share/control_msgs/cmake/ament_cmake_export_dependencies-extras.cmake
[6.901s] -- Up-to-date: /workspaces/diffbot/ros2_ws/install/control_msgs/share/control_msgs/cmake/ament_cmake_export_include_directories-extras.cmake
[6.901s] -- Up-to-date: /workspaces/diffbot/ros2_ws/install/control_msgs/share/control_msgs/cmake/ament_cmake_export_libraries-extras.cmake
[6.902s] -- Up-to-date: /workspaces/diffbot/ros2_ws/install/control_msgs/share/control_msgs/cmake/ament_cmake_export_targets-extras.cmake
[6.902s] -- Up-to-date: /workspaces/diffbot/ros2_ws/install/control_msgs/share/control_msgs/cmake/rosidl_cmake_export_typesupport_targets-extras.cmake
[6.903s] -- Up-to-date: /workspaces/diffbot/ros2_ws/install/control_msgs/share/control_msgs/cmake/rosidl_cmake_export_typesupport_libraries-extras.cmake
[6.903s] -- Up-to-date: /workspaces/diffbot/ros2_ws/install/control_msgs/share/control_msgs/cmake/control_msgsConfig.cmake
[6.904s] -- Up-to-date: /workspaces/diffbot/ros2_ws/install/control_msgs/share/control_msgs/cmake/control_msgsConfig-version.cmake
[6.907s] -- Up-to-date: /workspaces/diffbot/ros2_ws/install/control_msgs/share/control_msgs/package.xml
[6.927s] Invoked command in '/workspaces/diffbot/ros2_ws/build/control_msgs' returned '0': CMAKE_PREFIX_PATH=${CMAKE_PREFIX_PATH}:/workspaces/diffbot/ros2_ws/install/rqt_controller_manager:/workspaces/diffbot/ros2_ws/install/ros2controlcli:/workspaces/diffbot/ros2_ws/install/ros2_controllers_test_nodes:/workspaces/diffbot/ros2_ws/install/controller:/opt/ros/humble /usr/bin/cmake --install /workspaces/diffbot/ros2_ws/build/control_msgs
