[0.093s] Invoking command in '/home/lulav/ros2_ws/build/control_msgs': CMAKE_PREFIX_PATH=/opt/ros/humble /usr/bin/cmake --build /home/lulav/ros2_ws/build/control_msgs -- -j8 -l8
[0.331s] [  0%] Built target control_msgs__cpp
[0.342s] [ 12%] Built target control_msgs__rosidl_generator_c
[0.349s] [ 12%] Built target ament_cmake_python_symlink_control_msgs
[0.599s] [ 24%] Built target control_msgs__rosidl_typesupport_introspection_c
[0.608s] [ 36%] Built target control_msgs__rosidl_typesupport_cpp
[0.614s] [ 48%] Built target control_msgs__rosidl_typesupport_fastrtps_c
[0.630s] [ 60%] Built target control_msgs__rosidl_typesupport_c
[0.639s] [ 72%] Built target control_msgs__rosidl_typesupport_fastrtps_cpp
[0.641s] [ 84%] Built target control_msgs__rosidl_typesupport_introspection_cpp
[0.731s] [ 84%] Built target control_msgs
[0.893s] [ 85%] Built target control_msgs__py
[1.048s] [ 96%] Built target control_msgs__rosidl_generator_py
[1.201s] [ 98%] Built target control_msgs__rosidl_typesupport_introspection_c__pyext
[1.219s] [ 99%] Built target control_msgs__rosidl_typesupport_c__pyext
[1.236s] [100%] Built target control_msgs__rosidl_typesupport_fastrtps_c__pyext
[1.419s] running egg_info
[1.423s] writing control_msgs.egg-info/PKG-INFO
[1.423s] writing dependency_links to control_msgs.egg-info/dependency_links.txt
[1.423s] writing top-level names to control_msgs.egg-info/top_level.txt
[1.430s] reading manifest file 'control_msgs.egg-info/SOURCES.txt'
[1.432s] writing manifest file 'control_msgs.egg-info/SOURCES.txt'
[1.494s] [100%] Built target ament_cmake_python_build_control_msgs_egg
[1.578s] Invoked command in '/home/lulav/ros2_ws/build/control_msgs' returned '0': CMAKE_PREFIX_PATH=/opt/ros/humble /usr/bin/cmake --build /home/lulav/ros2_ws/build/control_msgs -- -j8 -l8
[2.542s] Invoking command in '/home/lulav/ros2_ws/build/control_msgs': CMAKE_PREFIX_PATH=/opt/ros/humble /usr/bin/cmake --install /home/lulav/ros2_ws/build/control_msgs
[2.560s] -- Install configuration: ""
[2.561s] -- Execute custom install script
[2.562s] -- Up-to-date symlink: /home/lulav/ros2_ws/install/control_msgs/share/ament_index/resource_index/rosidl_interfaces/control_msgs
[2.564s] -- Up-to-date symlink: /home/lulav/ros2_ws/install/control_msgs/include/control_msgs/control_msgs/action/detail/follow_joint_trajectory__functions.h
[2.564s] -- Up-to-date symlink: /home/lulav/ros2_ws/install/control_msgs/include/control_msgs/control_msgs/action/detail/follow_joint_trajectory__struct.h
[2.565s] -- Up-to-date symlink: /home/lulav/ros2_ws/install/control_msgs/include/control_msgs/control_msgs/action/detail/follow_joint_trajectory__type_support.h
[2.565s] -- Up-to-date symlink: /home/lulav/ros2_ws/install/control_msgs/include/control_msgs/control_msgs/action/detail/gripper_command__functions.h
[2.565s] -- Up-to-date symlink: /home/lulav/ros2_ws/install/control_msgs/include/control_msgs/control_msgs/action/detail/gripper_command__struct.h
[2.566s] -- Up-to-date symlink: /home/lulav/ros2_ws/install/control_msgs/include/control_msgs/control_msgs/action/detail/gripper_command__type_support.h
[2.566s] -- Up-to-date symlink: /home/lulav/ros2_ws/install/control_msgs/include/control_msgs/control_msgs/action/detail/joint_trajectory__functions.h
[2.566s] -- Up-to-date symlink: /home/lulav/ros2_ws/install/control_msgs/include/control_msgs/control_msgs/action/detail/joint_trajectory__struct.h
[2.566s] -- Up-to-date symlink: /home/lulav/ros2_ws/install/control_msgs/include/control_msgs/control_msgs/action/detail/joint_trajectory__type_support.h
[2.567s] -- Up-to-date symlink: /home/lulav/ros2_ws/install/control_msgs/include/control_msgs/control_msgs/action/detail/point_head__functions.h
[2.567s] -- Up-to-date symlink: /home/lulav/ros2_ws/install/control_msgs/include/control_msgs/control_msgs/action/detail/point_head__struct.h
[2.567s] -- Up-to-date symlink: /home/lulav/ros2_ws/install/control_msgs/include/control_msgs/control_msgs/action/detail/point_head__type_support.h
[2.568s] -- Up-to-date symlink: /home/lulav/ros2_ws/install/control_msgs/include/control_msgs/control_msgs/action/detail/single_joint_position__functions.h
[2.568s] -- Up-to-date symlink: /home/lulav/ros2_ws/install/control_msgs/include/control_msgs/control_msgs/action/detail/single_joint_position__struct.h
[2.568s] -- Up-to-date symlink: /home/lulav/ros2_ws/install/control_msgs/include/control_msgs/control_msgs/action/detail/single_joint_position__type_support.h
[2.568s] -- Up-to-date symlink: /home/lulav/ros2_ws/install/control_msgs/include/control_msgs/control_msgs/action/follow_joint_trajectory.h
[2.569s] -- Up-to-date symlink: /home/lulav/ros2_ws/install/control_msgs/include/control_msgs/control_msgs/action/gripper_command.h
[2.570s] -- Up-to-date symlink: /home/lulav/ros2_ws/install/control_msgs/include/control_msgs/control_msgs/action/joint_trajectory.h
[2.570s] -- Up-to-date symlink: /home/lulav/ros2_ws/install/control_msgs/include/control_msgs/control_msgs/action/point_head.h
[2.571s] -- Up-to-date symlink: /home/lulav/ros2_ws/install/control_msgs/include/control_msgs/control_msgs/action/single_joint_position.h
[2.571s] -- Up-to-date symlink: /home/lulav/ros2_ws/install/control_msgs/include/control_msgs/control_msgs/msg/admittance_controller_state.h
[2.571s] -- Up-to-date symlink: /home/lulav/ros2_ws/install/control_msgs/include/control_msgs/control_msgs/msg/detail/admittance_controller_state__functions.h
[2.571s] -- Up-to-date symlink: /home/lulav/ros2_ws/install/control_msgs/include/control_msgs/control_msgs/msg/detail/admittance_controller_state__struct.h
[2.572s] -- Up-to-date symlink: /home/lulav/ros2_ws/install/control_msgs/include/control_msgs/control_msgs/msg/detail/admittance_controller_state__type_support.h
[2.572s] -- Up-to-date symlink: /home/lulav/ros2_ws/install/control_msgs/include/control_msgs/control_msgs/msg/detail/dynamic_joint_state__functions.h
[2.573s] -- Up-to-date symlink: /home/lulav/ros2_ws/install/control_msgs/include/control_msgs/control_msgs/msg/detail/dynamic_joint_state__struct.h
[2.573s] -- Up-to-date symlink: /home/lulav/ros2_ws/install/control_msgs/include/control_msgs/control_msgs/msg/detail/dynamic_joint_state__type_support.h
[2.573s] -- Up-to-date symlink: /home/lulav/ros2_ws/install/control_msgs/include/control_msgs/control_msgs/msg/detail/gripper_command__functions.h
[2.573s] -- Up-to-date symlink: /home/lulav/ros2_ws/install/control_msgs/include/control_msgs/control_msgs/msg/detail/gripper_command__struct.h
[2.574s] -- Up-to-date symlink: /home/lulav/ros2_ws/install/control_msgs/include/control_msgs/control_msgs/msg/detail/gripper_command__type_support.h
[2.574s] -- Up-to-date symlink: /home/lulav/ros2_ws/install/control_msgs/include/control_msgs/control_msgs/msg/detail/interface_value__functions.h
[2.574s] -- Up-to-date symlink: /home/lulav/ros2_ws/install/control_msgs/include/control_msgs/control_msgs/msg/detail/interface_value__struct.h
[2.575s] -- Up-to-date symlink: /home/lulav/ros2_ws/install/control_msgs/include/control_msgs/control_msgs/msg/detail/interface_value__type_support.h
[2.575s] -- Up-to-date symlink: /home/lulav/ros2_ws/install/control_msgs/include/control_msgs/control_msgs/msg/detail/joint_component_tolerance__functions.h
[2.575s] -- Up-to-date symlink: /home/lulav/ros2_ws/install/control_msgs/include/control_msgs/control_msgs/msg/detail/joint_component_tolerance__struct.h
[2.575s] -- Up-to-date symlink: /home/lulav/ros2_ws/install/control_msgs/include/control_msgs/control_msgs/msg/detail/joint_component_tolerance__type_support.h
[2.576s] -- Up-to-date symlink: /home/lulav/ros2_ws/install/control_msgs/include/control_msgs/control_msgs/msg/detail/joint_controller_state__functions.h
[2.576s] -- Up-to-date symlink: /home/lulav/ros2_ws/install/control_msgs/include/control_msgs/control_msgs/msg/detail/joint_controller_state__struct.h
[2.576s] -- Up-to-date symlink: /home/lulav/ros2_ws/install/control_msgs/include/control_msgs/control_msgs/msg/detail/joint_controller_state__type_support.h
[2.576s] -- Up-to-date symlink: /home/lulav/ros2_ws/install/control_msgs/include/control_msgs/control_msgs/msg/detail/joint_jog__functions.h
[2.577s] -- Up-to-date symlink: /home/lulav/ros2_ws/install/control_msgs/include/control_msgs/control_msgs/msg/detail/joint_jog__struct.h
[2.577s] -- Up-to-date symlink: /home/lulav/ros2_ws/install/control_msgs/include/control_msgs/control_msgs/msg/detail/joint_jog__type_support.h
[2.577s] -- Up-to-date symlink: /home/lulav/ros2_ws/install/control_msgs/include/control_msgs/control_msgs/msg/detail/joint_tolerance__functions.h
[2.577s] -- Up-to-date symlink: /home/lulav/ros2_ws/install/control_msgs/include/control_msgs/control_msgs/msg/detail/joint_tolerance__struct.h
[2.578s] -- Up-to-date symlink: /home/lulav/ros2_ws/install/control_msgs/include/control_msgs/control_msgs/msg/detail/joint_tolerance__type_support.h
[2.579s] -- Up-to-date symlink: /home/lulav/ros2_ws/install/control_msgs/include/control_msgs/control_msgs/msg/detail/joint_trajectory_controller_state__functions.h
[2.579s] -- Up-to-date symlink: /home/lulav/ros2_ws/install/control_msgs/include/control_msgs/control_msgs/msg/detail/joint_trajectory_controller_state__struct.h
[2.579s] -- Up-to-date symlink: /home/lulav/ros2_ws/install/control_msgs/include/control_msgs/control_msgs/msg/detail/joint_trajectory_controller_state__type_support.h
[2.579s] -- Up-to-date symlink: /home/lulav/ros2_ws/install/control_msgs/include/control_msgs/control_msgs/msg/detail/mecanum_drive_controller_state__functions.h
[2.579s] -- Up-to-date symlink: /home/lulav/ros2_ws/install/control_msgs/include/control_msgs/control_msgs/msg/detail/mecanum_drive_controller_state__struct.h
[2.580s] -- Up-to-date symlink: /home/lulav/ros2_ws/install/control_msgs/include/control_msgs/control_msgs/msg/detail/mecanum_drive_controller_state__type_support.h
[2.580s] -- Up-to-date symlink: /home/lulav/ros2_ws/install/control_msgs/include/control_msgs/control_msgs/msg/detail/pid_state__functions.h
[2.580s] -- Up-to-date symlink: /home/lulav/ros2_ws/install/control_msgs/include/control_msgs/control_msgs/msg/detail/pid_state__struct.h
[2.581s] -- Up-to-date symlink: /home/lulav/ros2_ws/install/control_msgs/include/control_msgs/control_msgs/msg/detail/pid_state__type_support.h
[2.581s] -- Up-to-date symlink: /home/lulav/ros2_ws/install/control_msgs/include/control_msgs/control_msgs/msg/detail/steering_controller_status__functions.h
[2.582s] -- Up-to-date symlink: /home/lulav/ros2_ws/install/control_msgs/include/control_msgs/control_msgs/msg/detail/steering_controller_status__struct.h
[2.582s] -- Up-to-date symlink: /home/lulav/ros2_ws/install/control_msgs/include/control_msgs/control_msgs/msg/detail/steering_controller_status__type_support.h
[2.583s] -- Up-to-date symlink: /home/lulav/ros2_ws/install/control_msgs/include/control_msgs/control_msgs/msg/dynamic_joint_state.h
[2.583s] -- Up-to-date symlink: /home/lulav/ros2_ws/install/control_msgs/include/control_msgs/control_msgs/msg/gripper_command.h
[2.584s] -- Up-to-date symlink: /home/lulav/ros2_ws/install/control_msgs/include/control_msgs/control_msgs/msg/interface_value.h
[2.585s] -- Up-to-date symlink: /home/lulav/ros2_ws/install/control_msgs/include/control_msgs/control_msgs/msg/joint_component_tolerance.h
[2.585s] -- Up-to-date symlink: /home/lulav/ros2_ws/install/control_msgs/include/control_msgs/control_msgs/msg/joint_controller_state.h
[2.586s] -- Up-to-date symlink: /home/lulav/ros2_ws/install/control_msgs/include/control_msgs/control_msgs/msg/joint_jog.h
[2.586s] -- Up-to-date symlink: /home/lulav/ros2_ws/install/control_msgs/include/control_msgs/control_msgs/msg/joint_tolerance.h
[2.591s] -- Up-to-date symlink: /home/lulav/ros2_ws/install/control_msgs/include/control_msgs/control_msgs/msg/joint_trajectory_controller_state.h
[2.591s] -- Up-to-date symlink: /home/lulav/ros2_ws/install/control_msgs/include/control_msgs/control_msgs/msg/mecanum_drive_controller_state.h
[2.591s] -- Up-to-date symlink: /home/lulav/ros2_ws/install/control_msgs/include/control_msgs/control_msgs/msg/pid_state.h
[2.591s] -- Up-to-date symlink: /home/lulav/ros2_ws/install/control_msgs/include/control_msgs/control_msgs/msg/rosidl_generator_c__visibility_control.h
[2.591s] -- Up-to-date symlink: /home/lulav/ros2_ws/install/control_msgs/include/control_msgs/control_msgs/msg/steering_controller_status.h
[2.591s] -- Up-to-date symlink: /home/lulav/ros2_ws/install/control_msgs/include/control_msgs/control_msgs/srv/detail/query_calibration_state__functions.h
[2.592s] -- Up-to-date symlink: /home/lulav/ros2_ws/install/control_msgs/include/control_msgs/control_msgs/srv/detail/query_calibration_state__struct.h
[2.592s] -- Up-to-date symlink: /home/lulav/ros2_ws/install/control_msgs/include/control_msgs/control_msgs/srv/detail/query_calibration_state__type_support.h
[2.592s] -- Up-to-date symlink: /home/lulav/ros2_ws/install/control_msgs/include/control_msgs/control_msgs/srv/detail/query_trajectory_state__functions.h
[2.592s] -- Up-to-date symlink: /home/lulav/ros2_ws/install/control_msgs/include/control_msgs/control_msgs/srv/detail/query_trajectory_state__struct.h
[2.592s] -- Up-to-date symlink: /home/lulav/ros2_ws/install/control_msgs/include/control_msgs/control_msgs/srv/detail/query_trajectory_state__type_support.h
[2.592s] -- Up-to-date symlink: /home/lulav/ros2_ws/install/control_msgs/include/control_msgs/control_msgs/srv/query_calibration_state.h
[2.592s] -- Up-to-date symlink: /home/lulav/ros2_ws/install/control_msgs/include/control_msgs/control_msgs/srv/query_trajectory_state.h
[2.592s] -- Up-to-date symlink: /home/lulav/ros2_ws/install/control_msgs/share/control_msgs/environment/library_path.sh
[2.593s] -- Up-to-date symlink: /home/lulav/ros2_ws/install/control_msgs/share/control_msgs/environment/library_path.dsv
[2.596s] -- Up-to-date symlink: /home/lulav/ros2_ws/install/control_msgs/include/control_msgs/control_msgs/action/detail/follow_joint_trajectory__rosidl_typesupport_fastrtps_c.h
[2.596s] -- Up-to-date symlink: /home/lulav/ros2_ws/install/control_msgs/include/control_msgs/control_msgs/action/detail/gripper_command__rosidl_typesupport_fastrtps_c.h
[2.596s] -- Up-to-date symlink: /home/lulav/ros2_ws/install/control_msgs/include/control_msgs/control_msgs/action/detail/joint_trajectory__rosidl_typesupport_fastrtps_c.h
[2.597s] -- Up-to-date symlink: /home/lulav/ros2_ws/install/control_msgs/include/control_msgs/control_msgs/action/detail/point_head__rosidl_typesupport_fastrtps_c.h
[2.597s] -- Up-to-date symlink: /home/lulav/ros2_ws/install/control_msgs/include/control_msgs/control_msgs/action/detail/single_joint_position__rosidl_typesupport_fastrtps_c.h
[2.598s] -- Up-to-date symlink: /home/lulav/ros2_ws/install/control_msgs/include/control_msgs/control_msgs/msg/detail/admittance_controller_state__rosidl_typesupport_fastrtps_c.h
[2.598s] -- Up-to-date symlink: /home/lulav/ros2_ws/install/control_msgs/include/control_msgs/control_msgs/msg/detail/dynamic_joint_state__rosidl_typesupport_fastrtps_c.h
[2.599s] -- Up-to-date symlink: /home/lulav/ros2_ws/install/control_msgs/include/control_msgs/control_msgs/msg/detail/gripper_command__rosidl_typesupport_fastrtps_c.h
[2.599s] -- Up-to-date symlink: /home/lulav/ros2_ws/install/control_msgs/include/control_msgs/control_msgs/msg/detail/interface_value__rosidl_typesupport_fastrtps_c.h
[2.600s] -- Up-to-date symlink: /home/lulav/ros2_ws/install/control_msgs/include/control_msgs/control_msgs/msg/detail/joint_component_tolerance__rosidl_typesupport_fastrtps_c.h
[2.601s] -- Up-to-date symlink: /home/lulav/ros2_ws/install/control_msgs/include/control_msgs/control_msgs/msg/detail/joint_controller_state__rosidl_typesupport_fastrtps_c.h
[2.601s] -- Up-to-date symlink: /home/lulav/ros2_ws/install/control_msgs/include/control_msgs/control_msgs/msg/detail/joint_jog__rosidl_typesupport_fastrtps_c.h
[2.601s] -- Up-to-date symlink: /home/lulav/ros2_ws/install/control_msgs/include/control_msgs/control_msgs/msg/detail/joint_tolerance__rosidl_typesupport_fastrtps_c.h
[2.602s] -- Up-to-date symlink: /home/lulav/ros2_ws/install/control_msgs/include/control_msgs/control_msgs/msg/detail/joint_trajectory_controller_state__rosidl_typesupport_fastrtps_c.h
[2.602s] -- Up-to-date symlink: /home/lulav/ros2_ws/install/control_msgs/include/control_msgs/control_msgs/msg/detail/mecanum_drive_controller_state__rosidl_typesupport_fastrtps_c.h
[2.602s] -- Up-to-date symlink: /home/lulav/ros2_ws/install/control_msgs/include/control_msgs/control_msgs/msg/detail/pid_state__rosidl_typesupport_fastrtps_c.h
[2.603s] -- Up-to-date symlink: /home/lulav/ros2_ws/install/control_msgs/include/control_msgs/control_msgs/msg/detail/steering_controller_status__rosidl_typesupport_fastrtps_c.h
[2.603s] -- Up-to-date symlink: /home/lulav/ros2_ws/install/control_msgs/include/control_msgs/control_msgs/msg/rosidl_typesupport_fastrtps_c__visibility_control.h
[2.603s] -- Up-to-date symlink: /home/lulav/ros2_ws/install/control_msgs/include/control_msgs/control_msgs/srv/detail/query_calibration_state__rosidl_typesupport_fastrtps_c.h
[2.603s] -- Up-to-date symlink: /home/lulav/ros2_ws/install/control_msgs/include/control_msgs/control_msgs/srv/detail/query_trajectory_state__rosidl_typesupport_fastrtps_c.h
[2.607s] -- Up-to-date symlink: /home/lulav/ros2_ws/install/control_msgs/include/control_msgs/control_msgs/action/detail/follow_joint_trajectory__builder.hpp
[2.607s] -- Up-to-date symlink: /home/lulav/ros2_ws/install/control_msgs/include/control_msgs/control_msgs/action/detail/follow_joint_trajectory__struct.hpp
[2.608s] -- Up-to-date symlink: /home/lulav/ros2_ws/install/control_msgs/include/control_msgs/control_msgs/action/detail/follow_joint_trajectory__traits.hpp
[2.608s] -- Up-to-date symlink: /home/lulav/ros2_ws/install/control_msgs/include/control_msgs/control_msgs/action/detail/gripper_command__builder.hpp
[2.608s] -- Up-to-date symlink: /home/lulav/ros2_ws/install/control_msgs/include/control_msgs/control_msgs/action/detail/gripper_command__struct.hpp
[2.609s] -- Up-to-date symlink: /home/lulav/ros2_ws/install/control_msgs/include/control_msgs/control_msgs/action/detail/gripper_command__traits.hpp
[2.609s] -- Up-to-date symlink: /home/lulav/ros2_ws/install/control_msgs/include/control_msgs/control_msgs/action/detail/joint_trajectory__builder.hpp
[2.609s] -- Up-to-date symlink: /home/lulav/ros2_ws/install/control_msgs/include/control_msgs/control_msgs/action/detail/joint_trajectory__struct.hpp
[2.610s] -- Up-to-date symlink: /home/lulav/ros2_ws/install/control_msgs/include/control_msgs/control_msgs/action/detail/joint_trajectory__traits.hpp
[2.610s] -- Up-to-date symlink: /home/lulav/ros2_ws/install/control_msgs/include/control_msgs/control_msgs/action/detail/point_head__builder.hpp
[2.610s] -- Up-to-date symlink: /home/lulav/ros2_ws/install/control_msgs/include/control_msgs/control_msgs/action/detail/point_head__struct.hpp
[2.611s] -- Up-to-date symlink: /home/lulav/ros2_ws/install/control_msgs/include/control_msgs/control_msgs/action/detail/point_head__traits.hpp
[2.612s] -- Up-to-date symlink: /home/lulav/ros2_ws/install/control_msgs/include/control_msgs/control_msgs/action/detail/single_joint_position__builder.hpp
[2.614s] -- Up-to-date symlink: /home/lulav/ros2_ws/install/control_msgs/include/control_msgs/control_msgs/action/detail/single_joint_position__struct.hpp
[2.614s] -- Up-to-date symlink: /home/lulav/ros2_ws/install/control_msgs/include/control_msgs/control_msgs/action/detail/single_joint_position__traits.hpp
[2.614s] -- Up-to-date symlink: /home/lulav/ros2_ws/install/control_msgs/include/control_msgs/control_msgs/action/follow_joint_trajectory.hpp
[2.615s] -- Up-to-date symlink: /home/lulav/ros2_ws/install/control_msgs/include/control_msgs/control_msgs/action/gripper_command.hpp
[2.615s] -- Up-to-date symlink: /home/lulav/ros2_ws/install/control_msgs/include/control_msgs/control_msgs/action/joint_trajectory.hpp
[2.617s] -- Up-to-date symlink: /home/lulav/ros2_ws/install/control_msgs/include/control_msgs/control_msgs/action/point_head.hpp
[2.618s] -- Up-to-date symlink: /home/lulav/ros2_ws/install/control_msgs/include/control_msgs/control_msgs/action/single_joint_position.hpp
[2.618s] -- Up-to-date symlink: /home/lulav/ros2_ws/install/control_msgs/include/control_msgs/control_msgs/msg/admittance_controller_state.hpp
[2.618s] -- Up-to-date symlink: /home/lulav/ros2_ws/install/control_msgs/include/control_msgs/control_msgs/msg/detail/admittance_controller_state__builder.hpp
[2.619s] -- Up-to-date symlink: /home/lulav/ros2_ws/install/control_msgs/include/control_msgs/control_msgs/msg/detail/admittance_controller_state__struct.hpp
[2.619s] -- Up-to-date symlink: /home/lulav/ros2_ws/install/control_msgs/include/control_msgs/control_msgs/msg/detail/admittance_controller_state__traits.hpp
[2.620s] -- Up-to-date symlink: /home/lulav/ros2_ws/install/control_msgs/include/control_msgs/control_msgs/msg/detail/dynamic_joint_state__builder.hpp
[2.620s] -- Up-to-date symlink: /home/lulav/ros2_ws/install/control_msgs/include/control_msgs/control_msgs/msg/detail/dynamic_joint_state__struct.hpp
[2.620s] -- Up-to-date symlink: /home/lulav/ros2_ws/install/control_msgs/include/control_msgs/control_msgs/msg/detail/dynamic_joint_state__traits.hpp
[2.621s] -- Up-to-date symlink: /home/lulav/ros2_ws/install/control_msgs/include/control_msgs/control_msgs/msg/detail/gripper_command__builder.hpp
[2.621s] -- Up-to-date symlink: /home/lulav/ros2_ws/install/control_msgs/include/control_msgs/control_msgs/msg/detail/gripper_command__struct.hpp
[2.621s] -- Up-to-date symlink: /home/lulav/ros2_ws/install/control_msgs/include/control_msgs/control_msgs/msg/detail/gripper_command__traits.hpp
[2.621s] -- Up-to-date symlink: /home/lulav/ros2_ws/install/control_msgs/include/control_msgs/control_msgs/msg/detail/interface_value__builder.hpp
[2.621s] -- Up-to-date symlink: /home/lulav/ros2_ws/install/control_msgs/include/control_msgs/control_msgs/msg/detail/interface_value__struct.hpp
[2.622s] -- Up-to-date symlink: /home/lulav/ros2_ws/install/control_msgs/include/control_msgs/control_msgs/msg/detail/interface_value__traits.hpp
[2.622s] -- Up-to-date symlink: /home/lulav/ros2_ws/install/control_msgs/include/control_msgs/control_msgs/msg/detail/joint_component_tolerance__builder.hpp
[2.622s] -- Up-to-date symlink: /home/lulav/ros2_ws/install/control_msgs/include/control_msgs/control_msgs/msg/detail/joint_component_tolerance__struct.hpp
[2.622s] -- Up-to-date symlink: /home/lulav/ros2_ws/install/control_msgs/include/control_msgs/control_msgs/msg/detail/joint_component_tolerance__traits.hpp
[2.622s] -- Up-to-date symlink: /home/lulav/ros2_ws/install/control_msgs/include/control_msgs/control_msgs/msg/detail/joint_controller_state__builder.hpp
[2.623s] -- Up-to-date symlink: /home/lulav/ros2_ws/install/control_msgs/include/control_msgs/control_msgs/msg/detail/joint_controller_state__struct.hpp
[2.623s] -- Up-to-date symlink: /home/lulav/ros2_ws/install/control_msgs/include/control_msgs/control_msgs/msg/detail/joint_controller_state__traits.hpp
[2.623s] -- Up-to-date symlink: /home/lulav/ros2_ws/install/control_msgs/include/control_msgs/control_msgs/msg/detail/joint_jog__builder.hpp
[2.623s] -- Up-to-date symlink: /home/lulav/ros2_ws/install/control_msgs/include/control_msgs/control_msgs/msg/detail/joint_jog__struct.hpp
[2.634s] -- Up-to-date symlink: /home/lulav/ros2_ws/install/control_msgs/include/control_msgs/control_msgs/msg/detail/joint_jog__traits.hpp
[2.636s] -- Up-to-date symlink: /home/lulav/ros2_ws/install/control_msgs/include/control_msgs/control_msgs/msg/detail/joint_tolerance__builder.hpp
[2.637s] -- Up-to-date symlink: /home/lulav/ros2_ws/install/control_msgs/include/control_msgs/control_msgs/msg/detail/joint_tolerance__struct.hpp
[2.637s] -- Up-to-date symlink: /home/lulav/ros2_ws/install/control_msgs/include/control_msgs/control_msgs/msg/detail/joint_tolerance__traits.hpp
[2.638s] -- Up-to-date symlink: /home/lulav/ros2_ws/install/control_msgs/include/control_msgs/control_msgs/msg/detail/joint_trajectory_controller_state__builder.hpp
[2.638s] -- Up-to-date symlink: /home/lulav/ros2_ws/install/control_msgs/include/control_msgs/control_msgs/msg/detail/joint_trajectory_controller_state__struct.hpp
[2.642s] -- Up-to-date symlink: /home/lulav/ros2_ws/install/control_msgs/include/control_msgs/control_msgs/msg/detail/joint_trajectory_controller_state__traits.hpp
[2.643s] -- Up-to-date symlink: /home/lulav/ros2_ws/install/control_msgs/include/control_msgs/control_msgs/msg/detail/mecanum_drive_controller_state__builder.hpp
[2.643s] -- Up-to-date symlink: /home/lulav/ros2_ws/install/control_msgs/include/control_msgs/control_msgs/msg/detail/mecanum_drive_controller_state__struct.hpp
[2.644s] -- Up-to-date symlink: /home/lulav/ros2_ws/install/control_msgs/include/control_msgs/control_msgs/msg/detail/mecanum_drive_controller_state__traits.hpp
[2.644s] -- Up-to-date symlink: /home/lulav/ros2_ws/install/control_msgs/include/control_msgs/control_msgs/msg/detail/pid_state__builder.hpp
[2.645s] -- Up-to-date symlink: /home/lulav/ros2_ws/install/control_msgs/include/control_msgs/control_msgs/msg/detail/pid_state__struct.hpp
[2.645s] -- Up-to-date symlink: /home/lulav/ros2_ws/install/control_msgs/include/control_msgs/control_msgs/msg/detail/pid_state__traits.hpp
[2.646s] -- Up-to-date symlink: /home/lulav/ros2_ws/install/control_msgs/include/control_msgs/control_msgs/msg/detail/steering_controller_status__builder.hpp
[2.646s] -- Up-to-date symlink: /home/lulav/ros2_ws/install/control_msgs/include/control_msgs/control_msgs/msg/detail/steering_controller_status__struct.hpp
[2.647s] -- Up-to-date symlink: /home/lulav/ros2_ws/install/control_msgs/include/control_msgs/control_msgs/msg/detail/steering_controller_status__traits.hpp
[2.648s] -- Up-to-date symlink: /home/lulav/ros2_ws/install/control_msgs/include/control_msgs/control_msgs/msg/dynamic_joint_state.hpp
[2.649s] -- Up-to-date symlink: /home/lulav/ros2_ws/install/control_msgs/include/control_msgs/control_msgs/msg/gripper_command.hpp
[2.656s] -- Up-to-date symlink: /home/lulav/ros2_ws/install/control_msgs/include/control_msgs/control_msgs/msg/interface_value.hpp
[2.656s] -- Up-to-date symlink: /home/lulav/ros2_ws/install/control_msgs/include/control_msgs/control_msgs/msg/joint_component_tolerance.hpp
[2.657s] -- Up-to-date symlink: /home/lulav/ros2_ws/install/control_msgs/include/control_msgs/control_msgs/msg/joint_controller_state.hpp
[2.657s] -- Up-to-date symlink: /home/lulav/ros2_ws/install/control_msgs/include/control_msgs/control_msgs/msg/joint_jog.hpp
[2.657s] -- Up-to-date symlink: /home/lulav/ros2_ws/install/control_msgs/include/control_msgs/control_msgs/msg/joint_tolerance.hpp
[2.658s] -- Up-to-date symlink: /home/lulav/ros2_ws/install/control_msgs/include/control_msgs/control_msgs/msg/joint_trajectory_controller_state.hpp
[2.658s] -- Up-to-date symlink: /home/lulav/ros2_ws/install/control_msgs/include/control_msgs/control_msgs/msg/mecanum_drive_controller_state.hpp
[2.658s] -- Up-to-date symlink: /home/lulav/ros2_ws/install/control_msgs/include/control_msgs/control_msgs/msg/pid_state.hpp
[2.658s] -- Up-to-date symlink: /home/lulav/ros2_ws/install/control_msgs/include/control_msgs/control_msgs/msg/steering_controller_status.hpp
[2.658s] -- Up-to-date symlink: /home/lulav/ros2_ws/install/control_msgs/include/control_msgs/control_msgs/srv/detail/query_calibration_state__builder.hpp
[2.659s] -- Up-to-date symlink: /home/lulav/ros2_ws/install/control_msgs/include/control_msgs/control_msgs/srv/detail/query_calibration_state__struct.hpp
[2.659s] -- Up-to-date symlink: /home/lulav/ros2_ws/install/control_msgs/include/control_msgs/control_msgs/srv/detail/query_calibration_state__traits.hpp
[2.659s] -- Up-to-date symlink: /home/lulav/ros2_ws/install/control_msgs/include/control_msgs/control_msgs/srv/detail/query_trajectory_state__builder.hpp
[2.659s] -- Up-to-date symlink: /home/lulav/ros2_ws/install/control_msgs/include/control_msgs/control_msgs/srv/detail/query_trajectory_state__struct.hpp
[2.659s] -- Up-to-date symlink: /home/lulav/ros2_ws/install/control_msgs/include/control_msgs/control_msgs/srv/detail/query_trajectory_state__traits.hpp
[2.660s] -- Up-to-date symlink: /home/lulav/ros2_ws/install/control_msgs/include/control_msgs/control_msgs/srv/query_calibration_state.hpp
[2.660s] -- Up-to-date symlink: /home/lulav/ros2_ws/install/control_msgs/include/control_msgs/control_msgs/srv/query_trajectory_state.hpp
[2.661s] -- Up-to-date symlink: /home/lulav/ros2_ws/install/control_msgs/include/control_msgs/control_msgs/action/detail/follow_joint_trajectory__rosidl_typesupport_fastrtps_cpp.hpp
[2.661s] -- Up-to-date symlink: /home/lulav/ros2_ws/install/control_msgs/include/control_msgs/control_msgs/action/detail/gripper_command__rosidl_typesupport_fastrtps_cpp.hpp
[2.662s] -- Up-to-date symlink: /home/lulav/ros2_ws/install/control_msgs/include/control_msgs/control_msgs/action/detail/joint_trajectory__rosidl_typesupport_fastrtps_cpp.hpp
[2.663s] -- Up-to-date symlink: /home/lulav/ros2_ws/install/control_msgs/include/control_msgs/control_msgs/action/detail/point_head__rosidl_typesupport_fastrtps_cpp.hpp
[2.663s] -- Up-to-date symlink: /home/lulav/ros2_ws/install/control_msgs/include/control_msgs/control_msgs/action/detail/single_joint_position__rosidl_typesupport_fastrtps_cpp.hpp
[2.664s] -- Up-to-date symlink: /home/lulav/ros2_ws/install/control_msgs/include/control_msgs/control_msgs/msg/detail/admittance_controller_state__rosidl_typesupport_fastrtps_cpp.hpp
[2.664s] -- Up-to-date symlink: /home/lulav/ros2_ws/install/control_msgs/include/control_msgs/control_msgs/msg/detail/dynamic_joint_state__rosidl_typesupport_fastrtps_cpp.hpp
[2.664s] -- Up-to-date symlink: /home/lulav/ros2_ws/install/control_msgs/include/control_msgs/control_msgs/msg/detail/gripper_command__rosidl_typesupport_fastrtps_cpp.hpp
[2.665s] -- Up-to-date symlink: /home/lulav/ros2_ws/install/control_msgs/include/control_msgs/control_msgs/msg/detail/interface_value__rosidl_typesupport_fastrtps_cpp.hpp
[2.666s] -- Up-to-date symlink: /home/lulav/ros2_ws/install/control_msgs/include/control_msgs/control_msgs/msg/detail/joint_component_tolerance__rosidl_typesupport_fastrtps_cpp.hpp
[2.667s] -- Up-to-date symlink: /home/lulav/ros2_ws/install/control_msgs/include/control_msgs/control_msgs/msg/detail/joint_controller_state__rosidl_typesupport_fastrtps_cpp.hpp
[2.668s] -- Up-to-date symlink: /home/lulav/ros2_ws/install/control_msgs/include/control_msgs/control_msgs/msg/detail/joint_jog__rosidl_typesupport_fastrtps_cpp.hpp
[2.668s] -- Up-to-date symlink: /home/lulav/ros2_ws/install/control_msgs/include/control_msgs/control_msgs/msg/detail/joint_tolerance__rosidl_typesupport_fastrtps_cpp.hpp
[2.668s] -- Up-to-date symlink: /home/lulav/ros2_ws/install/control_msgs/include/control_msgs/control_msgs/msg/detail/joint_trajectory_controller_state__rosidl_typesupport_fastrtps_cpp.hpp
[2.670s] -- Up-to-date symlink: /home/lulav/ros2_ws/install/control_msgs/include/control_msgs/control_msgs/msg/detail/mecanum_drive_controller_state__rosidl_typesupport_fastrtps_cpp.hpp
[2.671s] -- Up-to-date symlink: /home/lulav/ros2_ws/install/control_msgs/include/control_msgs/control_msgs/msg/detail/pid_state__rosidl_typesupport_fastrtps_cpp.hpp
[2.671s] -- Up-to-date symlink: /home/lulav/ros2_ws/install/control_msgs/include/control_msgs/control_msgs/msg/detail/steering_controller_status__rosidl_typesupport_fastrtps_cpp.hpp
[2.671s] -- Up-to-date symlink: /home/lulav/ros2_ws/install/control_msgs/include/control_msgs/control_msgs/msg/rosidl_typesupport_fastrtps_cpp__visibility_control.h
[2.671s] -- Up-to-date symlink: /home/lulav/ros2_ws/install/control_msgs/include/control_msgs/control_msgs/srv/detail/query_calibration_state__rosidl_typesupport_fastrtps_cpp.hpp
[2.671s] -- Up-to-date symlink: /home/lulav/ros2_ws/install/control_msgs/include/control_msgs/control_msgs/srv/detail/query_trajectory_state__rosidl_typesupport_fastrtps_cpp.hpp
[2.672s] -- Up-to-date symlink: /home/lulav/ros2_ws/install/control_msgs/include/control_msgs/control_msgs/action/detail/follow_joint_trajectory__rosidl_typesupport_introspection_c.h
[2.672s] -- Up-to-date symlink: /home/lulav/ros2_ws/install/control_msgs/include/control_msgs/control_msgs/action/detail/gripper_command__rosidl_typesupport_introspection_c.h
[2.681s] -- Up-to-date symlink: /home/lulav/ros2_ws/install/control_msgs/include/control_msgs/control_msgs/action/detail/joint_trajectory__rosidl_typesupport_introspection_c.h
[2.681s] -- Up-to-date symlink: /home/lulav/ros2_ws/install/control_msgs/include/control_msgs/control_msgs/action/detail/point_head__rosidl_typesupport_introspection_c.h
[2.682s] -- Up-to-date symlink: /home/lulav/ros2_ws/install/control_msgs/include/control_msgs/control_msgs/action/detail/single_joint_position__rosidl_typesupport_introspection_c.h
[2.683s] -- Up-to-date symlink: /home/lulav/ros2_ws/install/control_msgs/include/control_msgs/control_msgs/msg/detail/admittance_controller_state__rosidl_typesupport_introspection_c.h
[2.683s] -- Up-to-date symlink: /home/lulav/ros2_ws/install/control_msgs/include/control_msgs/control_msgs/msg/detail/dynamic_joint_state__rosidl_typesupport_introspection_c.h
[2.684s] -- Up-to-date symlink: /home/lulav/ros2_ws/install/control_msgs/include/control_msgs/control_msgs/msg/detail/gripper_command__rosidl_typesupport_introspection_c.h
[2.684s] -- Up-to-date symlink: /home/lulav/ros2_ws/install/control_msgs/include/control_msgs/control_msgs/msg/detail/interface_value__rosidl_typesupport_introspection_c.h
[2.684s] -- Up-to-date symlink: /home/lulav/ros2_ws/install/control_msgs/include/control_msgs/control_msgs/msg/detail/joint_component_tolerance__rosidl_typesupport_introspection_c.h
[2.684s] -- Up-to-date symlink: /home/lulav/ros2_ws/install/control_msgs/include/control_msgs/control_msgs/msg/detail/joint_controller_state__rosidl_typesupport_introspection_c.h
[2.684s] -- Up-to-date symlink: /home/lulav/ros2_ws/install/control_msgs/include/control_msgs/control_msgs/msg/detail/joint_jog__rosidl_typesupport_introspection_c.h
[2.684s] -- Up-to-date symlink: /home/lulav/ros2_ws/install/control_msgs/include/control_msgs/control_msgs/msg/detail/joint_tolerance__rosidl_typesupport_introspection_c.h
[2.685s] -- Up-to-date symlink: /home/lulav/ros2_ws/install/control_msgs/include/control_msgs/control_msgs/msg/detail/joint_trajectory_controller_state__rosidl_typesupport_introspection_c.h
[2.685s] -- Up-to-date symlink: /home/lulav/ros2_ws/install/control_msgs/include/control_msgs/control_msgs/msg/detail/mecanum_drive_controller_state__rosidl_typesupport_introspection_c.h
[2.685s] -- Up-to-date symlink: /home/lulav/ros2_ws/install/control_msgs/include/control_msgs/control_msgs/msg/detail/pid_state__rosidl_typesupport_introspection_c.h
[2.691s] -- Up-to-date symlink: /home/lulav/ros2_ws/install/control_msgs/include/control_msgs/control_msgs/msg/detail/steering_controller_status__rosidl_typesupport_introspection_c.h
[2.692s] -- Up-to-date symlink: /home/lulav/ros2_ws/install/control_msgs/include/control_msgs/control_msgs/msg/rosidl_typesupport_introspection_c__visibility_control.h
[2.692s] -- Up-to-date symlink: /home/lulav/ros2_ws/install/control_msgs/include/control_msgs/control_msgs/srv/detail/query_calibration_state__rosidl_typesupport_introspection_c.h
[2.692s] -- Up-to-date symlink: /home/lulav/ros2_ws/install/control_msgs/include/control_msgs/control_msgs/srv/detail/query_trajectory_state__rosidl_typesupport_introspection_c.h
[2.692s] -- Up-to-date symlink: /home/lulav/ros2_ws/install/control_msgs/include/control_msgs/control_msgs/action/detail/follow_joint_trajectory__rosidl_typesupport_introspection_cpp.hpp
[2.692s] -- Up-to-date symlink: /home/lulav/ros2_ws/install/control_msgs/include/control_msgs/control_msgs/action/detail/gripper_command__rosidl_typesupport_introspection_cpp.hpp
[2.693s] -- Up-to-date symlink: /home/lulav/ros2_ws/install/control_msgs/include/control_msgs/control_msgs/action/detail/joint_trajectory__rosidl_typesupport_introspection_cpp.hpp
[2.693s] -- Up-to-date symlink: /home/lulav/ros2_ws/install/control_msgs/include/control_msgs/control_msgs/action/detail/point_head__rosidl_typesupport_introspection_cpp.hpp
[2.693s] -- Up-to-date symlink: /home/lulav/ros2_ws/install/control_msgs/include/control_msgs/control_msgs/action/detail/single_joint_position__rosidl_typesupport_introspection_cpp.hpp
[2.693s] -- Up-to-date symlink: /home/lulav/ros2_ws/install/control_msgs/include/control_msgs/control_msgs/msg/detail/admittance_controller_state__rosidl_typesupport_introspection_cpp.hpp
[2.693s] -- Up-to-date symlink: /home/lulav/ros2_ws/install/control_msgs/include/control_msgs/control_msgs/msg/detail/dynamic_joint_state__rosidl_typesupport_introspection_cpp.hpp
[2.693s] -- Up-to-date symlink: /home/lulav/ros2_ws/install/control_msgs/include/control_msgs/control_msgs/msg/detail/gripper_command__rosidl_typesupport_introspection_cpp.hpp
[2.694s] -- Up-to-date symlink: /home/lulav/ros2_ws/install/control_msgs/include/control_msgs/control_msgs/msg/detail/interface_value__rosidl_typesupport_introspection_cpp.hpp
[2.694s] -- Up-to-date symlink: /home/lulav/ros2_ws/install/control_msgs/include/control_msgs/control_msgs/msg/detail/joint_component_tolerance__rosidl_typesupport_introspection_cpp.hpp
[2.694s] -- Up-to-date symlink: /home/lulav/ros2_ws/install/control_msgs/include/control_msgs/control_msgs/msg/detail/joint_controller_state__rosidl_typesupport_introspection_cpp.hpp
[2.694s] -- Up-to-date symlink: /home/lulav/ros2_ws/install/control_msgs/include/control_msgs/control_msgs/msg/detail/joint_jog__rosidl_typesupport_introspection_cpp.hpp
[2.694s] -- Up-to-date symlink: /home/lulav/ros2_ws/install/control_msgs/include/control_msgs/control_msgs/msg/detail/joint_tolerance__rosidl_typesupport_introspection_cpp.hpp
[2.694s] -- Up-to-date symlink: /home/lulav/ros2_ws/install/control_msgs/include/control_msgs/control_msgs/msg/detail/joint_trajectory_controller_state__rosidl_typesupport_introspection_cpp.hpp
[2.695s] -- Up-to-date symlink: /home/lulav/ros2_ws/install/control_msgs/include/control_msgs/control_msgs/msg/detail/mecanum_drive_controller_state__rosidl_typesupport_introspection_cpp.hpp
[2.695s] -- Up-to-date symlink: /home/lulav/ros2_ws/install/control_msgs/include/control_msgs/control_msgs/msg/detail/pid_state__rosidl_typesupport_introspection_cpp.hpp
[2.695s] -- Up-to-date symlink: /home/lulav/ros2_ws/install/control_msgs/include/control_msgs/control_msgs/msg/detail/steering_controller_status__rosidl_typesupport_introspection_cpp.hpp
[2.695s] -- Up-to-date symlink: /home/lulav/ros2_ws/install/control_msgs/include/control_msgs/control_msgs/srv/detail/query_calibration_state__rosidl_typesupport_introspection_cpp.hpp
[2.695s] -- Up-to-date symlink: /home/lulav/ros2_ws/install/control_msgs/include/control_msgs/control_msgs/srv/detail/query_trajectory_state__rosidl_typesupport_introspection_cpp.hpp
[2.695s] -- Up-to-date symlink: /home/lulav/ros2_ws/install/control_msgs/share/control_msgs/environment/pythonpath.sh
[2.696s] -- Up-to-date symlink: /home/lulav/ros2_ws/install/control_msgs/share/control_msgs/environment/pythonpath.dsv
[2.696s] -- Up-to-date symlink: /home/lulav/ros2_ws/install/control_msgs/local/lib/python3.10/dist-packages/control_msgs-4.4.0-py3.10.egg-info/PKG-INFO
[2.696s] -- Up-to-date symlink: /home/lulav/ros2_ws/install/control_msgs/local/lib/python3.10/dist-packages/control_msgs-4.4.0-py3.10.egg-info/SOURCES.txt
[2.696s] -- Up-to-date symlink: /home/lulav/ros2_ws/install/control_msgs/local/lib/python3.10/dist-packages/control_msgs-4.4.0-py3.10.egg-info/dependency_links.txt
[2.696s] -- Up-to-date symlink: /home/lulav/ros2_ws/install/control_msgs/local/lib/python3.10/dist-packages/control_msgs-4.4.0-py3.10.egg-info/top_level.txt
[2.696s] -- Up-to-date symlink: /home/lulav/ros2_ws/install/control_msgs/local/lib/python3.10/dist-packages/control_msgs/__init__.py
[2.697s] -- Up-to-date symlink: /home/lulav/ros2_ws/install/control_msgs/local/lib/python3.10/dist-packages/control_msgs/_control_msgs_s.ep.rosidl_typesupport_c.c
[2.697s] -- Up-to-date symlink: /home/lulav/ros2_ws/install/control_msgs/local/lib/python3.10/dist-packages/control_msgs/_control_msgs_s.ep.rosidl_typesupport_fastrtps_c.c
[2.697s] -- Up-to-date symlink: /home/lulav/ros2_ws/install/control_msgs/local/lib/python3.10/dist-packages/control_msgs/_control_msgs_s.ep.rosidl_typesupport_introspection_c.c
[2.697s] -- Up-to-date symlink: /home/lulav/ros2_ws/install/control_msgs/local/lib/python3.10/dist-packages/control_msgs/action/__init__.py
[2.697s] -- Up-to-date symlink: /home/lulav/ros2_ws/install/control_msgs/local/lib/python3.10/dist-packages/control_msgs/action/_follow_joint_trajectory.py
[2.697s] -- Up-to-date symlink: /home/lulav/ros2_ws/install/control_msgs/local/lib/python3.10/dist-packages/control_msgs/action/_follow_joint_trajectory_s.c
[2.699s] -- Up-to-date symlink: /home/lulav/ros2_ws/install/control_msgs/local/lib/python3.10/dist-packages/control_msgs/action/_gripper_command.py
[2.699s] -- Up-to-date symlink: /home/lulav/ros2_ws/install/control_msgs/local/lib/python3.10/dist-packages/control_msgs/action/_gripper_command_s.c
[2.699s] -- Up-to-date symlink: /home/lulav/ros2_ws/install/control_msgs/local/lib/python3.10/dist-packages/control_msgs/action/_joint_trajectory.py
[2.699s] -- Up-to-date symlink: /home/lulav/ros2_ws/install/control_msgs/local/lib/python3.10/dist-packages/control_msgs/action/_joint_trajectory_s.c
[2.700s] -- Up-to-date symlink: /home/lulav/ros2_ws/install/control_msgs/local/lib/python3.10/dist-packages/control_msgs/action/_point_head.py
[2.700s] -- Up-to-date symlink: /home/lulav/ros2_ws/install/control_msgs/local/lib/python3.10/dist-packages/control_msgs/action/_point_head_s.c
[2.700s] -- Up-to-date symlink: /home/lulav/ros2_ws/install/control_msgs/local/lib/python3.10/dist-packages/control_msgs/action/_single_joint_position.py
[2.700s] -- Up-to-date symlink: /home/lulav/ros2_ws/install/control_msgs/local/lib/python3.10/dist-packages/control_msgs/action/_single_joint_position_s.c
[2.700s] -- Up-to-date symlink: /home/lulav/ros2_ws/install/control_msgs/local/lib/python3.10/dist-packages/control_msgs/control_msgs_s__rosidl_typesupport_c.cpython-310-x86_64-linux-gnu.so
[2.700s] -- Up-to-date symlink: /home/lulav/ros2_ws/install/control_msgs/local/lib/python3.10/dist-packages/control_msgs/control_msgs_s__rosidl_typesupport_fastrtps_c.cpython-310-x86_64-linux-gnu.so
[2.701s] -- Up-to-date symlink: /home/lulav/ros2_ws/install/control_msgs/local/lib/python3.10/dist-packages/control_msgs/control_msgs_s__rosidl_typesupport_introspection_c.cpython-310-x86_64-linux-gnu.so
[2.701s] -- Up-to-date symlink: /home/lulav/ros2_ws/install/control_msgs/local/lib/python3.10/dist-packages/control_msgs/libcontrol_msgs__rosidl_generator_py.so
[2.701s] -- Up-to-date symlink: /home/lulav/ros2_ws/install/control_msgs/local/lib/python3.10/dist-packages/control_msgs/msg/__init__.py
[2.701s] -- Up-to-date symlink: /home/lulav/ros2_ws/install/control_msgs/local/lib/python3.10/dist-packages/control_msgs/msg/_admittance_controller_state.py
[2.701s] -- Up-to-date symlink: /home/lulav/ros2_ws/install/control_msgs/local/lib/python3.10/dist-packages/control_msgs/msg/_admittance_controller_state_s.c
[2.701s] -- Up-to-date symlink: /home/lulav/ros2_ws/install/control_msgs/local/lib/python3.10/dist-packages/control_msgs/msg/_dynamic_joint_state.py
[2.702s] -- Up-to-date symlink: /home/lulav/ros2_ws/install/control_msgs/local/lib/python3.10/dist-packages/control_msgs/msg/_dynamic_joint_state_s.c
[2.702s] -- Up-to-date symlink: /home/lulav/ros2_ws/install/control_msgs/local/lib/python3.10/dist-packages/control_msgs/msg/_gripper_command.py
[2.702s] -- Up-to-date symlink: /home/lulav/ros2_ws/install/control_msgs/local/lib/python3.10/dist-packages/control_msgs/msg/_gripper_command_s.c
[2.702s] -- Up-to-date symlink: /home/lulav/ros2_ws/install/control_msgs/local/lib/python3.10/dist-packages/control_msgs/msg/_interface_value.py
[2.702s] -- Up-to-date symlink: /home/lulav/ros2_ws/install/control_msgs/local/lib/python3.10/dist-packages/control_msgs/msg/_interface_value_s.c
[2.703s] -- Up-to-date symlink: /home/lulav/ros2_ws/install/control_msgs/local/lib/python3.10/dist-packages/control_msgs/msg/_joint_component_tolerance.py
[2.703s] -- Up-to-date symlink: /home/lulav/ros2_ws/install/control_msgs/local/lib/python3.10/dist-packages/control_msgs/msg/_joint_component_tolerance_s.c
[2.703s] -- Up-to-date symlink: /home/lulav/ros2_ws/install/control_msgs/local/lib/python3.10/dist-packages/control_msgs/msg/_joint_controller_state.py
[2.703s] -- Up-to-date symlink: /home/lulav/ros2_ws/install/control_msgs/local/lib/python3.10/dist-packages/control_msgs/msg/_joint_controller_state_s.c
[2.703s] -- Up-to-date symlink: /home/lulav/ros2_ws/install/control_msgs/local/lib/python3.10/dist-packages/control_msgs/msg/_joint_jog.py
[2.703s] -- Up-to-date symlink: /home/lulav/ros2_ws/install/control_msgs/local/lib/python3.10/dist-packages/control_msgs/msg/_joint_jog_s.c
[2.704s] -- Up-to-date symlink: /home/lulav/ros2_ws/install/control_msgs/local/lib/python3.10/dist-packages/control_msgs/msg/_joint_tolerance.py
[2.704s] -- Up-to-date symlink: /home/lulav/ros2_ws/install/control_msgs/local/lib/python3.10/dist-packages/control_msgs/msg/_joint_tolerance_s.c
[2.704s] -- Up-to-date symlink: /home/lulav/ros2_ws/install/control_msgs/local/lib/python3.10/dist-packages/control_msgs/msg/_joint_trajectory_controller_state.py
[2.704s] -- Up-to-date symlink: /home/lulav/ros2_ws/install/control_msgs/local/lib/python3.10/dist-packages/control_msgs/msg/_joint_trajectory_controller_state_s.c
[2.704s] -- Up-to-date symlink: /home/lulav/ros2_ws/install/control_msgs/local/lib/python3.10/dist-packages/control_msgs/msg/_mecanum_drive_controller_state.py
[2.704s] -- Up-to-date symlink: /home/lulav/ros2_ws/install/control_msgs/local/lib/python3.10/dist-packages/control_msgs/msg/_mecanum_drive_controller_state_s.c
[2.705s] -- Up-to-date symlink: /home/lulav/ros2_ws/install/control_msgs/local/lib/python3.10/dist-packages/control_msgs/msg/_pid_state.py
[2.705s] -- Up-to-date symlink: /home/lulav/ros2_ws/install/control_msgs/local/lib/python3.10/dist-packages/control_msgs/msg/_pid_state_s.c
[2.705s] -- Up-to-date symlink: /home/lulav/ros2_ws/install/control_msgs/local/lib/python3.10/dist-packages/control_msgs/msg/_steering_controller_status.py
[2.705s] -- Up-to-date symlink: /home/lulav/ros2_ws/install/control_msgs/local/lib/python3.10/dist-packages/control_msgs/msg/_steering_controller_status_s.c
[2.705s] -- Up-to-date symlink: /home/lulav/ros2_ws/install/control_msgs/local/lib/python3.10/dist-packages/control_msgs/srv/__init__.py
[2.705s] -- Up-to-date symlink: /home/lulav/ros2_ws/install/control_msgs/local/lib/python3.10/dist-packages/control_msgs/srv/_query_calibration_state.py
[2.709s] -- Up-to-date symlink: /home/lulav/ros2_ws/install/control_msgs/local/lib/python3.10/dist-packages/control_msgs/srv/_query_calibration_state_s.c
[2.710s] -- Up-to-date symlink: /home/lulav/ros2_ws/install/control_msgs/local/lib/python3.10/dist-packages/control_msgs/srv/_query_trajectory_state.py
[2.710s] -- Up-to-date symlink: /home/lulav/ros2_ws/install/control_msgs/local/lib/python3.10/dist-packages/control_msgs/srv/_query_trajectory_state_s.c
[2.710s] -- Up-to-date symlink: /home/lulav/ros2_ws/install/control_msgs/local/lib/python3.10/dist-packages/control_msgs/control_msgs_s__rosidl_typesupport_fastrtps_c.cpython-310-x86_64-linux-gnu.so
[2.710s] -- Up-to-date symlink: /home/lulav/ros2_ws/install/control_msgs/local/lib/python3.10/dist-packages/control_msgs/control_msgs_s__rosidl_typesupport_introspection_c.cpython-310-x86_64-linux-gnu.so
[2.710s] -- Up-to-date symlink: /home/lulav/ros2_ws/install/control_msgs/local/lib/python3.10/dist-packages/control_msgs/control_msgs_s__rosidl_typesupport_c.cpython-310-x86_64-linux-gnu.so
[2.711s] -- Up-to-date symlink: /home/lulav/ros2_ws/install/control_msgs/share/control_msgs/action/FollowJointTrajectory.idl
[2.711s] -- Up-to-date symlink: /home/lulav/ros2_ws/install/control_msgs/share/control_msgs/action/GripperCommand.idl
[2.713s] -- Up-to-date symlink: /home/lulav/ros2_ws/install/control_msgs/share/control_msgs/action/JointTrajectory.idl
[2.713s] -- Up-to-date symlink: /home/lulav/ros2_ws/install/control_msgs/share/control_msgs/action/PointHead.idl
[2.713s] -- Up-to-date symlink: /home/lulav/ros2_ws/install/control_msgs/share/control_msgs/action/SingleJointPosition.idl
[2.726s] -- Up-to-date symlink: /home/lulav/ros2_ws/install/control_msgs/share/control_msgs/msg/AdmittanceControllerState.idl
[2.726s] -- Up-to-date symlink: /home/lulav/ros2_ws/install/control_msgs/share/control_msgs/msg/DynamicJointState.idl
[2.726s] -- Up-to-date symlink: /home/lulav/ros2_ws/install/control_msgs/share/control_msgs/msg/GripperCommand.idl
[2.727s] -- Up-to-date symlink: /home/lulav/ros2_ws/install/control_msgs/share/control_msgs/msg/InterfaceValue.idl
[2.727s] -- Up-to-date symlink: /home/lulav/ros2_ws/install/control_msgs/share/control_msgs/msg/JointComponentTolerance.idl
[2.727s] -- Up-to-date symlink: /home/lulav/ros2_ws/install/control_msgs/share/control_msgs/msg/JointControllerState.idl
[2.727s] -- Up-to-date symlink: /home/lulav/ros2_ws/install/control_msgs/share/control_msgs/msg/JointJog.idl
[2.727s] -- Up-to-date symlink: /home/lulav/ros2_ws/install/control_msgs/share/control_msgs/msg/JointTolerance.idl
[2.727s] -- Up-to-date symlink: /home/lulav/ros2_ws/install/control_msgs/share/control_msgs/msg/JointTrajectoryControllerState.idl
[2.728s] -- Up-to-date symlink: /home/lulav/ros2_ws/install/control_msgs/share/control_msgs/msg/MecanumDriveControllerState.idl
[2.728s] -- Up-to-date symlink: /home/lulav/ros2_ws/install/control_msgs/share/control_msgs/msg/PidState.idl
[2.728s] -- Up-to-date symlink: /home/lulav/ros2_ws/install/control_msgs/share/control_msgs/msg/SteeringControllerStatus.idl
[2.728s] -- Up-to-date symlink: /home/lulav/ros2_ws/install/control_msgs/share/control_msgs/srv/QueryCalibrationState.idl
[2.728s] -- Up-to-date symlink: /home/lulav/ros2_ws/install/control_msgs/share/control_msgs/srv/QueryTrajectoryState.idl
[2.728s] -- Up-to-date symlink: /home/lulav/ros2_ws/install/control_msgs/share/control_msgs/action/FollowJointTrajectory.action
[2.729s] -- Up-to-date symlink: /home/lulav/ros2_ws/install/control_msgs/share/control_msgs/action/GripperCommand.action
[2.729s] -- Up-to-date symlink: /home/lulav/ros2_ws/install/control_msgs/share/control_msgs/action/JointTrajectory.action
[2.729s] -- Up-to-date symlink: /home/lulav/ros2_ws/install/control_msgs/share/control_msgs/action/PointHead.action
[2.729s] -- Up-to-date symlink: /home/lulav/ros2_ws/install/control_msgs/share/control_msgs/action/SingleJointPosition.action
[2.729s] -- Up-to-date symlink: /home/lulav/ros2_ws/install/control_msgs/share/control_msgs/msg/AdmittanceControllerState.msg
[2.729s] -- Up-to-date symlink: /home/lulav/ros2_ws/install/control_msgs/share/control_msgs/msg/DynamicJointState.msg
[2.730s] -- Up-to-date symlink: /home/lulav/ros2_ws/install/control_msgs/share/control_msgs/msg/GripperCommand.msg
[2.730s] -- Up-to-date symlink: /home/lulav/ros2_ws/install/control_msgs/share/control_msgs/msg/InterfaceValue.msg
[2.730s] -- Up-to-date symlink: /home/lulav/ros2_ws/install/control_msgs/share/control_msgs/msg/JointComponentTolerance.msg
[2.730s] -- Up-to-date symlink: /home/lulav/ros2_ws/install/control_msgs/share/control_msgs/msg/JointControllerState.msg
[2.730s] -- Up-to-date symlink: /home/lulav/ros2_ws/install/control_msgs/share/control_msgs/msg/JointJog.msg
[2.730s] -- Up-to-date symlink: /home/lulav/ros2_ws/install/control_msgs/share/control_msgs/msg/JointTolerance.msg
[2.731s] -- Up-to-date symlink: /home/lulav/ros2_ws/install/control_msgs/share/control_msgs/msg/JointTrajectoryControllerState.msg
[2.731s] -- Up-to-date symlink: /home/lulav/ros2_ws/install/control_msgs/share/control_msgs/msg/MecanumDriveControllerState.msg
[2.731s] -- Up-to-date symlink: /home/lulav/ros2_ws/install/control_msgs/share/control_msgs/msg/PidState.msg
[2.731s] -- Up-to-date symlink: /home/lulav/ros2_ws/install/control_msgs/share/control_msgs/msg/SteeringControllerStatus.msg
[2.732s] -- Up-to-date symlink: /home/lulav/ros2_ws/install/control_msgs/share/control_msgs/srv/QueryCalibrationState.srv
[2.732s] -- Up-to-date symlink: /home/lulav/ros2_ws/install/control_msgs/share/control_msgs/srv/QueryCalibrationState_Request.msg
[2.732s] -- Up-to-date symlink: /home/lulav/ros2_ws/install/control_msgs/share/control_msgs/srv/QueryCalibrationState_Response.msg
[2.732s] -- Up-to-date symlink: /home/lulav/ros2_ws/install/control_msgs/share/control_msgs/srv/QueryTrajectoryState.srv
[2.732s] -- Up-to-date symlink: /home/lulav/ros2_ws/install/control_msgs/share/control_msgs/srv/QueryTrajectoryState_Request.msg
[2.732s] -- Up-to-date symlink: /home/lulav/ros2_ws/install/control_msgs/share/control_msgs/srv/QueryTrajectoryState_Response.msg
[2.733s] -- Up-to-date symlink: /home/lulav/ros2_ws/install/control_msgs/share/ament_index/resource_index/package_run_dependencies/control_msgs
[2.733s] -- Up-to-date symlink: /home/lulav/ros2_ws/install/control_msgs/share/ament_index/resource_index/parent_prefix_path/control_msgs
[2.733s] -- Up-to-date symlink: /home/lulav/ros2_ws/install/control_msgs/share/control_msgs/environment/ament_prefix_path.sh
[2.733s] -- Up-to-date symlink: /home/lulav/ros2_ws/install/control_msgs/share/control_msgs/environment/ament_prefix_path.dsv
[2.733s] -- Up-to-date symlink: /home/lulav/ros2_ws/install/control_msgs/share/control_msgs/environment/path.sh
[2.734s] -- Up-to-date symlink: /home/lulav/ros2_ws/install/control_msgs/share/control_msgs/environment/path.dsv
[2.734s] -- Up-to-date symlink: /home/lulav/ros2_ws/install/control_msgs/share/control_msgs/local_setup.bash
[2.734s] -- Up-to-date symlink: /home/lulav/ros2_ws/install/control_msgs/share/control_msgs/local_setup.sh
[2.734s] -- Up-to-date symlink: /home/lulav/ros2_ws/install/control_msgs/share/control_msgs/local_setup.zsh
[2.734s] -- Up-to-date symlink: /home/lulav/ros2_ws/install/control_msgs/share/control_msgs/local_setup.dsv
[2.734s] -- Symlinking: /home/lulav/ros2_ws/install/control_msgs/share/control_msgs/package.dsv
[2.735s] -- Up-to-date symlink: /home/lulav/ros2_ws/install/control_msgs/share/ament_index/resource_index/packages/control_msgs
[2.735s] -- Up-to-date symlink: /home/lulav/ros2_ws/install/control_msgs/share/control_msgs/cmake/rosidl_cmake-extras.cmake
[2.735s] -- Up-to-date symlink: /home/lulav/ros2_ws/install/control_msgs/share/control_msgs/cmake/ament_cmake_export_dependencies-extras.cmake
[2.735s] -- Up-to-date symlink: /home/lulav/ros2_ws/install/control_msgs/share/control_msgs/cmake/ament_cmake_export_include_directories-extras.cmake
[2.735s] -- Up-to-date symlink: /home/lulav/ros2_ws/install/control_msgs/share/control_msgs/cmake/ament_cmake_export_libraries-extras.cmake
[2.735s] -- Up-to-date symlink: /home/lulav/ros2_ws/install/control_msgs/share/control_msgs/cmake/ament_cmake_export_targets-extras.cmake
[2.736s] -- Up-to-date symlink: /home/lulav/ros2_ws/install/control_msgs/share/control_msgs/cmake/rosidl_cmake_export_typesupport_targets-extras.cmake
[2.736s] -- Up-to-date symlink: /home/lulav/ros2_ws/install/control_msgs/share/control_msgs/cmake/rosidl_cmake_export_typesupport_libraries-extras.cmake
[2.736s] -- Up-to-date symlink: /home/lulav/ros2_ws/install/control_msgs/share/control_msgs/cmake/control_msgsConfig.cmake
[2.736s] -- Up-to-date symlink: /home/lulav/ros2_ws/install/control_msgs/share/control_msgs/cmake/control_msgsConfig-version.cmake
[2.736s] -- Up-to-date symlink: /home/lulav/ros2_ws/install/control_msgs/share/control_msgs/package.xml
[2.736s] -- Up-to-date: /home/lulav/ros2_ws/install/control_msgs/lib/libcontrol_msgs__rosidl_generator_c.so
[2.737s] -- Up-to-date: /home/lulav/ros2_ws/install/control_msgs/lib/libcontrol_msgs__rosidl_typesupport_fastrtps_c.so
[2.737s] -- Up-to-date: /home/lulav/ros2_ws/install/control_msgs/lib/libcontrol_msgs__rosidl_typesupport_fastrtps_cpp.so
[2.737s] -- Up-to-date: /home/lulav/ros2_ws/install/control_msgs/lib/libcontrol_msgs__rosidl_typesupport_introspection_c.so
[2.737s] -- Up-to-date: /home/lulav/ros2_ws/install/control_msgs/lib/libcontrol_msgs__rosidl_typesupport_c.so
[2.737s] -- Up-to-date: /home/lulav/ros2_ws/install/control_msgs/lib/libcontrol_msgs__rosidl_typesupport_introspection_cpp.so
[2.738s] -- Up-to-date: /home/lulav/ros2_ws/install/control_msgs/lib/libcontrol_msgs__rosidl_typesupport_cpp.so
[2.796s] Listing '/home/lulav/ros2_ws/install/control_msgs/local/lib/python3.10/dist-packages/control_msgs'...
[2.796s] Listing '/home/lulav/ros2_ws/install/control_msgs/local/lib/python3.10/dist-packages/control_msgs/action'...
[2.796s] Listing '/home/lulav/ros2_ws/install/control_msgs/local/lib/python3.10/dist-packages/control_msgs/msg'...
[2.796s] Listing '/home/lulav/ros2_ws/install/control_msgs/local/lib/python3.10/dist-packages/control_msgs/srv'...
[2.806s] -- Up-to-date: /home/lulav/ros2_ws/install/control_msgs/lib/libcontrol_msgs__rosidl_generator_py.so
[2.806s] -- Up-to-date: /home/lulav/ros2_ws/install/control_msgs/share/control_msgs/cmake/export_control_msgs__rosidl_generator_cExport.cmake
[2.807s] -- Up-to-date: /home/lulav/ros2_ws/install/control_msgs/share/control_msgs/cmake/export_control_msgs__rosidl_generator_cExport-noconfig.cmake
[2.807s] -- Up-to-date: /home/lulav/ros2_ws/install/control_msgs/share/control_msgs/cmake/export_control_msgs__rosidl_typesupport_fastrtps_cExport.cmake
[2.807s] -- Up-to-date: /home/lulav/ros2_ws/install/control_msgs/share/control_msgs/cmake/export_control_msgs__rosidl_typesupport_fastrtps_cExport-noconfig.cmake
[2.807s] -- Up-to-date: /home/lulav/ros2_ws/install/control_msgs/share/control_msgs/cmake/export_control_msgs__rosidl_generator_cppExport.cmake
[2.807s] -- Up-to-date: /home/lulav/ros2_ws/install/control_msgs/share/control_msgs/cmake/export_control_msgs__rosidl_typesupport_fastrtps_cppExport.cmake
[2.808s] -- Up-to-date: /home/lulav/ros2_ws/install/control_msgs/share/control_msgs/cmake/export_control_msgs__rosidl_typesupport_fastrtps_cppExport-noconfig.cmake
[2.808s] -- Up-to-date: /home/lulav/ros2_ws/install/control_msgs/share/control_msgs/cmake/control_msgs__rosidl_typesupport_introspection_cExport.cmake
[2.808s] -- Up-to-date: /home/lulav/ros2_ws/install/control_msgs/share/control_msgs/cmake/control_msgs__rosidl_typesupport_introspection_cExport-noconfig.cmake
[2.808s] -- Up-to-date: /home/lulav/ros2_ws/install/control_msgs/share/control_msgs/cmake/control_msgs__rosidl_typesupport_cExport.cmake
[2.808s] -- Up-to-date: /home/lulav/ros2_ws/install/control_msgs/share/control_msgs/cmake/control_msgs__rosidl_typesupport_cExport-noconfig.cmake
[2.809s] -- Up-to-date: /home/lulav/ros2_ws/install/control_msgs/share/control_msgs/cmake/control_msgs__rosidl_typesupport_introspection_cppExport.cmake
[2.809s] -- Up-to-date: /home/lulav/ros2_ws/install/control_msgs/share/control_msgs/cmake/control_msgs__rosidl_typesupport_introspection_cppExport-noconfig.cmake
[2.809s] -- Up-to-date: /home/lulav/ros2_ws/install/control_msgs/share/control_msgs/cmake/control_msgs__rosidl_typesupport_cppExport.cmake
[2.809s] -- Up-to-date: /home/lulav/ros2_ws/install/control_msgs/share/control_msgs/cmake/control_msgs__rosidl_typesupport_cppExport-noconfig.cmake
[2.809s] -- Up-to-date: /home/lulav/ros2_ws/install/control_msgs/share/control_msgs/cmake/export_control_msgs__rosidl_generator_pyExport.cmake
[2.809s] -- Up-to-date: /home/lulav/ros2_ws/install/control_msgs/share/control_msgs/cmake/export_control_msgs__rosidl_generator_pyExport-noconfig.cmake
[2.827s] Invoked command in '/home/lulav/ros2_ws/build/control_msgs' returned '0': CMAKE_PREFIX_PATH=/opt/ros/humble /usr/bin/cmake --install /home/lulav/ros2_ws/build/control_msgs
