[0.132s] Invoking command in '/home/lulav/ros2_ws/build/forward_command_controller': AMENT_PREFIX_PATH=/home/lulav/ros2_ws/install/controller_manager:/home/lulav/ros2_ws/install/controller_interface:/home/lulav/ros2_ws/install/hardware_interface:/home/lulav/ros2_ws/install/ros2_control_test_assets:/home/lulav/ros2_ws/install/realtime_tools:/home/lulav/ros2_ws/install/controller_manager_msgs:/home/lulav/ros2_ws/install/control_msgs:${AMENT_PREFIX_PATH} CMAKE_PREFIX_PATH=/home/lulav/ros2_ws/install/controller_manager:/home/lulav/ros2_ws/install/controller_interface:/home/lulav/ros2_ws/install/hardware_interface:/home/lulav/ros2_ws/install/ros2_control_test_assets:/home/lulav/ros2_ws/install/realtime_tools:/home/lulav/ros2_ws/install/controller_manager_msgs:/home/lulav/ros2_ws/install/control_msgs:/opt/ros/humble LD_LIBRARY_PATH=/home/lulav/ros2_ws/install/controller_manager/lib:/home/lulav/ros2_ws/install/controller_interface/lib:/home/lulav/ros2_ws/install/hardware_interface/lib:/home/lulav/ros2_ws/install/realtime_tools/lib:/home/lulav/ros2_ws/install/controller_manager_msgs/lib:/home/lulav/ros2_ws/install/control_msgs/lib:${LD_LIBRARY_PATH} PYTHONPATH=/home/lulav/ros2_ws/install/controller_manager/local/lib/python3.10/dist-packages:/home/lulav/ros2_ws/install/controller_manager_msgs/local/lib/python3.10/dist-packages:/home/lulav/ros2_ws/install/control_msgs/local/lib/python3.10/dist-packages:${PYTHONPATH} /usr/bin/cmake --build /home/lulav/ros2_ws/build/forward_command_controller -- -j8 -l8
[0.284s] [  5%] Built target forward_command_controller_parameters
[0.329s] [ 21%] Built target gmock
[0.333s] [ 31%] Built target gmock_main
[0.337s] [ 36%] Built target multi_interface_forward_command_controller_parameters
[0.468s] [ 57%] Built target forward_command_controller
[0.593s] [ 68%] Built target test_load_forward_command_controller
[0.594s] [ 78%] Built target test_forward_command_controller
[0.614s] [ 89%] Built target test_load_multi_interface_forward_command_controller
[0.654s] [100%] Built target test_multi_interface_forward_command_controller
[1.014s] Invoked command in '/home/lulav/ros2_ws/build/forward_command_controller' returned '0': AMENT_PREFIX_PATH=/home/lulav/ros2_ws/install/controller_manager:/home/lulav/ros2_ws/install/controller_interface:/home/lulav/ros2_ws/install/hardware_interface:/home/lulav/ros2_ws/install/ros2_control_test_assets:/home/lulav/ros2_ws/install/realtime_tools:/home/lulav/ros2_ws/install/controller_manager_msgs:/home/lulav/ros2_ws/install/control_msgs:${AMENT_PREFIX_PATH} CMAKE_PREFIX_PATH=/home/lulav/ros2_ws/install/controller_manager:/home/lulav/ros2_ws/install/controller_interface:/home/lulav/ros2_ws/install/hardware_interface:/home/lulav/ros2_ws/install/ros2_control_test_assets:/home/lulav/ros2_ws/install/realtime_tools:/home/lulav/ros2_ws/install/controller_manager_msgs:/home/lulav/ros2_ws/install/control_msgs:/opt/ros/humble LD_LIBRARY_PATH=/home/lulav/ros2_ws/install/controller_manager/lib:/home/lulav/ros2_ws/install/controller_interface/lib:/home/lulav/ros2_ws/install/hardware_interface/lib:/home/lulav/ros2_ws/install/realtime_tools/lib:/home/lulav/ros2_ws/install/controller_manager_msgs/lib:/home/lulav/ros2_ws/install/control_msgs/lib:${LD_LIBRARY_PATH} PYTHONPATH=/home/lulav/ros2_ws/install/controller_manager/local/lib/python3.10/dist-packages:/home/lulav/ros2_ws/install/controller_manager_msgs/local/lib/python3.10/dist-packages:/home/lulav/ros2_ws/install/control_msgs/local/lib/python3.10/dist-packages:${PYTHONPATH} /usr/bin/cmake --build /home/lulav/ros2_ws/build/forward_command_controller -- -j8 -l8
[1.277s] Invoking command in '/home/lulav/ros2_ws/build/forward_command_controller': AMENT_PREFIX_PATH=/home/lulav/ros2_ws/install/controller_manager:/home/lulav/ros2_ws/install/controller_interface:/home/lulav/ros2_ws/install/hardware_interface:/home/lulav/ros2_ws/install/ros2_control_test_assets:/home/lulav/ros2_ws/install/realtime_tools:/home/lulav/ros2_ws/install/controller_manager_msgs:/home/lulav/ros2_ws/install/control_msgs:${AMENT_PREFIX_PATH} CMAKE_PREFIX_PATH=/home/lulav/ros2_ws/install/controller_manager:/home/lulav/ros2_ws/install/controller_interface:/home/lulav/ros2_ws/install/hardware_interface:/home/lulav/ros2_ws/install/ros2_control_test_assets:/home/lulav/ros2_ws/install/realtime_tools:/home/lulav/ros2_ws/install/controller_manager_msgs:/home/lulav/ros2_ws/install/control_msgs:/opt/ros/humble LD_LIBRARY_PATH=/home/lulav/ros2_ws/install/controller_manager/lib:/home/lulav/ros2_ws/install/controller_interface/lib:/home/lulav/ros2_ws/install/hardware_interface/lib:/home/lulav/ros2_ws/install/realtime_tools/lib:/home/lulav/ros2_ws/install/controller_manager_msgs/lib:/home/lulav/ros2_ws/install/control_msgs/lib:${LD_LIBRARY_PATH} PYTHONPATH=/home/lulav/ros2_ws/install/controller_manager/local/lib/python3.10/dist-packages:/home/lulav/ros2_ws/install/controller_manager_msgs/local/lib/python3.10/dist-packages:/home/lulav/ros2_ws/install/control_msgs/local/lib/python3.10/dist-packages:${PYTHONPATH} /usr/bin/cmake --install /home/lulav/ros2_ws/build/forward_command_controller
[1.328s] -- Install configuration: ""
[1.328s] -- Execute custom install script
[1.328s] -- Up-to-date symlink: /home/lulav/ros2_ws/install/forward_command_controller/include/forward_command_controller_parameters/forward_command_controller_parameters.hpp
[1.328s] -- Up-to-date symlink: /home/lulav/ros2_ws/install/forward_command_controller/include/multi_interface_forward_command_controller_parameters/multi_interface_forward_command_controller_parameters.hpp
[1.328s] -- Up-to-date symlink: /home/lulav/ros2_ws/install/forward_command_controller/share/forward_command_controller//forward_command_plugin.xml
[1.329s] -- Up-to-date symlink: /home/lulav/ros2_ws/install/forward_command_controller/include/forward_command_controller/forward_command_controller/forward_command_controller.hpp
[1.329s] -- Up-to-date symlink: /home/lulav/ros2_ws/install/forward_command_controller/include/forward_command_controller/forward_command_controller/forward_controllers_base.hpp
[1.329s] -- Up-to-date symlink: /home/lulav/ros2_ws/install/forward_command_controller/include/forward_command_controller/forward_command_controller/multi_interface_forward_command_controller.hpp
[1.329s] -- Up-to-date symlink: /home/lulav/ros2_ws/install/forward_command_controller/include/forward_command_controller/forward_command_controller/visibility_control.h
[1.329s] -- Up-to-date symlink: /home/lulav/ros2_ws/install/forward_command_controller/share/forward_command_controller/environment/library_path.sh
[1.336s] -- Up-to-date symlink: /home/lulav/ros2_ws/install/forward_command_controller/share/forward_command_controller/environment/library_path.dsv
[1.336s] -- Up-to-date symlink: /home/lulav/ros2_ws/install/forward_command_controller/share/ament_index/resource_index/package_run_dependencies/forward_command_controller
[1.337s] -- Up-to-date symlink: /home/lulav/ros2_ws/install/forward_command_controller/share/ament_index/resource_index/parent_prefix_path/forward_command_controller
[1.337s] -- Up-to-date symlink: /home/lulav/ros2_ws/install/forward_command_controller/share/forward_command_controller/environment/ament_prefix_path.sh
[1.337s] -- Up-to-date symlink: /home/lulav/ros2_ws/install/forward_command_controller/share/forward_command_controller/environment/ament_prefix_path.dsv
[1.337s] -- Up-to-date symlink: /home/lulav/ros2_ws/install/forward_command_controller/share/forward_command_controller/environment/path.sh
[1.337s] -- Up-to-date symlink: /home/lulav/ros2_ws/install/forward_command_controller/share/forward_command_controller/environment/path.dsv
[1.337s] -- Up-to-date symlink: /home/lulav/ros2_ws/install/forward_command_controller/share/forward_command_controller/local_setup.bash
[1.337s] -- Up-to-date symlink: /home/lulav/ros2_ws/install/forward_command_controller/share/forward_command_controller/local_setup.sh
[1.338s] -- Up-to-date symlink: /home/lulav/ros2_ws/install/forward_command_controller/share/forward_command_controller/local_setup.zsh
[1.338s] -- Up-to-date symlink: /home/lulav/ros2_ws/install/forward_command_controller/share/forward_command_controller/local_setup.dsv
[1.338s] -- Symlinking: /home/lulav/ros2_ws/install/forward_command_controller/share/forward_command_controller/package.dsv
[1.356s] -- Up-to-date symlink: /home/lulav/ros2_ws/install/forward_command_controller/share/ament_index/resource_index/packages/forward_command_controller
[1.356s] -- Up-to-date symlink: /home/lulav/ros2_ws/install/forward_command_controller/share/ament_index/resource_index/controller_interface__pluginlib__plugin/forward_command_controller
[1.356s] -- Up-to-date symlink: /home/lulav/ros2_ws/install/forward_command_controller/share/forward_command_controller/cmake/ament_cmake_export_targets-extras.cmake
[1.357s] -- Up-to-date symlink: /home/lulav/ros2_ws/install/forward_command_controller/share/forward_command_controller/cmake/ament_cmake_export_dependencies-extras.cmake
[1.357s] -- Up-to-date symlink: /home/lulav/ros2_ws/install/forward_command_controller/share/forward_command_controller/cmake/forward_command_controllerConfig.cmake
[1.357s] -- Up-to-date symlink: /home/lulav/ros2_ws/install/forward_command_controller/share/forward_command_controller/cmake/forward_command_controllerConfig-version.cmake
[1.357s] -- Up-to-date symlink: /home/lulav/ros2_ws/install/forward_command_controller/share/forward_command_controller/package.xml
[1.358s] -- Up-to-date: /home/lulav/ros2_ws/install/forward_command_controller/lib/libforward_command_controller.so
[1.358s] -- Up-to-date: /home/lulav/ros2_ws/install/forward_command_controller/share/forward_command_controller/cmake/export_forward_command_controllerExport.cmake
[1.358s] -- Up-to-date: /home/lulav/ros2_ws/install/forward_command_controller/share/forward_command_controller/cmake/export_forward_command_controllerExport-noconfig.cmake
[1.454s] Invoked command in '/home/lulav/ros2_ws/build/forward_command_controller' returned '0': AMENT_PREFIX_PATH=/home/lulav/ros2_ws/install/controller_manager:/home/lulav/ros2_ws/install/controller_interface:/home/lulav/ros2_ws/install/hardware_interface:/home/lulav/ros2_ws/install/ros2_control_test_assets:/home/lulav/ros2_ws/install/realtime_tools:/home/lulav/ros2_ws/install/controller_manager_msgs:/home/lulav/ros2_ws/install/control_msgs:${AMENT_PREFIX_PATH} CMAKE_PREFIX_PATH=/home/lulav/ros2_ws/install/controller_manager:/home/lulav/ros2_ws/install/controller_interface:/home/lulav/ros2_ws/install/hardware_interface:/home/lulav/ros2_ws/install/ros2_control_test_assets:/home/lulav/ros2_ws/install/realtime_tools:/home/lulav/ros2_ws/install/controller_manager_msgs:/home/lulav/ros2_ws/install/control_msgs:/opt/ros/humble LD_LIBRARY_PATH=/home/lulav/ros2_ws/install/controller_manager/lib:/home/lulav/ros2_ws/install/controller_interface/lib:/home/lulav/ros2_ws/install/hardware_interface/lib:/home/lulav/ros2_ws/install/realtime_tools/lib:/home/lulav/ros2_ws/install/controller_manager_msgs/lib:/home/lulav/ros2_ws/install/control_msgs/lib:${LD_LIBRARY_PATH} PYTHONPATH=/home/lulav/ros2_ws/install/controller_manager/local/lib/python3.10/dist-packages:/home/lulav/ros2_ws/install/controller_manager_msgs/local/lib/python3.10/dist-packages:/home/lulav/ros2_ws/install/control_msgs/local/lib/python3.10/dist-packages:${PYTHONPATH} /usr/bin/cmake --install /home/lulav/ros2_ws/build/forward_command_controller
