[0.199s] Invoking command in '/home/lulav/ros2_ws/build/effort_controllers': AMENT_PREFIX_PATH=/home/lulav/ros2_ws/install/forward_command_controller:/home/lulav/ros2_ws/install/controller_manager:/home/lulav/ros2_ws/install/controller_interface:/home/lulav/ros2_ws/install/hardware_interface:/home/lulav/ros2_ws/install/ros2_control_test_assets:/home/lulav/ros2_ws/install/realtime_tools:/home/lulav/ros2_ws/install/controller_manager_msgs:/home/lulav/ros2_ws/install/control_msgs:${AMENT_PREFIX_PATH} CMAKE_PREFIX_PATH=/home/lulav/ros2_ws/install/forward_command_controller:/home/lulav/ros2_ws/install/controller_manager:/home/lulav/ros2_ws/install/controller_interface:/home/lulav/ros2_ws/install/hardware_interface:/home/lulav/ros2_ws/install/ros2_control_test_assets:/home/lulav/ros2_ws/install/realtime_tools:/home/lulav/ros2_ws/install/controller_manager_msgs:/home/lulav/ros2_ws/install/control_msgs:/opt/ros/humble LD_LIBRARY_PATH=/home/lulav/ros2_ws/install/forward_command_controller/lib:/home/lulav/ros2_ws/install/controller_manager/lib:/home/lulav/ros2_ws/install/controller_interface/lib:/home/lulav/ros2_ws/install/hardware_interface/lib:/home/lulav/ros2_ws/install/realtime_tools/lib:/home/lulav/ros2_ws/install/controller_manager_msgs/lib:/home/lulav/ros2_ws/install/control_msgs/lib:${LD_LIBRARY_PATH} PYTHONPATH=/home/lulav/ros2_ws/install/controller_manager/local/lib/python3.10/dist-packages:/home/lulav/ros2_ws/install/controller_manager_msgs/local/lib/python3.10/dist-packages:/home/lulav/ros2_ws/install/control_msgs/local/lib/python3.10/dist-packages:${PYTHONPATH} /usr/bin/cmake --build /home/lulav/ros2_ws/build/effort_controllers -- -j8 -l8
[0.417s] [ 27%] Built target gmock
[0.441s] [ 45%] Built target effort_controllers
[0.441s] [ 63%] Built target gmock_main
[0.610s] [ 81%] Built target test_load_joint_group_effort_controller
[0.647s] [100%] Built target test_joint_group_effort_controller
[0.733s] Invoked command in '/home/lulav/ros2_ws/build/effort_controllers' returned '0': AMENT_PREFIX_PATH=/home/lulav/ros2_ws/install/forward_command_controller:/home/lulav/ros2_ws/install/controller_manager:/home/lulav/ros2_ws/install/controller_interface:/home/lulav/ros2_ws/install/hardware_interface:/home/lulav/ros2_ws/install/ros2_control_test_assets:/home/lulav/ros2_ws/install/realtime_tools:/home/lulav/ros2_ws/install/controller_manager_msgs:/home/lulav/ros2_ws/install/control_msgs:${AMENT_PREFIX_PATH} CMAKE_PREFIX_PATH=/home/lulav/ros2_ws/install/forward_command_controller:/home/lulav/ros2_ws/install/controller_manager:/home/lulav/ros2_ws/install/controller_interface:/home/lulav/ros2_ws/install/hardware_interface:/home/lulav/ros2_ws/install/ros2_control_test_assets:/home/lulav/ros2_ws/install/realtime_tools:/home/lulav/ros2_ws/install/controller_manager_msgs:/home/lulav/ros2_ws/install/control_msgs:/opt/ros/humble LD_LIBRARY_PATH=/home/lulav/ros2_ws/install/forward_command_controller/lib:/home/lulav/ros2_ws/install/controller_manager/lib:/home/lulav/ros2_ws/install/controller_interface/lib:/home/lulav/ros2_ws/install/hardware_interface/lib:/home/lulav/ros2_ws/install/realtime_tools/lib:/home/lulav/ros2_ws/install/controller_manager_msgs/lib:/home/lulav/ros2_ws/install/control_msgs/lib:${LD_LIBRARY_PATH} PYTHONPATH=/home/lulav/ros2_ws/install/controller_manager/local/lib/python3.10/dist-packages:/home/lulav/ros2_ws/install/controller_manager_msgs/local/lib/python3.10/dist-packages:/home/lulav/ros2_ws/install/control_msgs/local/lib/python3.10/dist-packages:${PYTHONPATH} /usr/bin/cmake --build /home/lulav/ros2_ws/build/effort_controllers -- -j8 -l8
[1.000s] Invoking command in '/home/lulav/ros2_ws/build/effort_controllers': AMENT_PREFIX_PATH=/home/lulav/ros2_ws/install/forward_command_controller:/home/lulav/ros2_ws/install/controller_manager:/home/lulav/ros2_ws/install/controller_interface:/home/lulav/ros2_ws/install/hardware_interface:/home/lulav/ros2_ws/install/ros2_control_test_assets:/home/lulav/ros2_ws/install/realtime_tools:/home/lulav/ros2_ws/install/controller_manager_msgs:/home/lulav/ros2_ws/install/control_msgs:${AMENT_PREFIX_PATH} CMAKE_PREFIX_PATH=/home/lulav/ros2_ws/install/forward_command_controller:/home/lulav/ros2_ws/install/controller_manager:/home/lulav/ros2_ws/install/controller_interface:/home/lulav/ros2_ws/install/hardware_interface:/home/lulav/ros2_ws/install/ros2_control_test_assets:/home/lulav/ros2_ws/install/realtime_tools:/home/lulav/ros2_ws/install/controller_manager_msgs:/home/lulav/ros2_ws/install/control_msgs:/opt/ros/humble LD_LIBRARY_PATH=/home/lulav/ros2_ws/install/forward_command_controller/lib:/home/lulav/ros2_ws/install/controller_manager/lib:/home/lulav/ros2_ws/install/controller_interface/lib:/home/lulav/ros2_ws/install/hardware_interface/lib:/home/lulav/ros2_ws/install/realtime_tools/lib:/home/lulav/ros2_ws/install/controller_manager_msgs/lib:/home/lulav/ros2_ws/install/control_msgs/lib:${LD_LIBRARY_PATH} PYTHONPATH=/home/lulav/ros2_ws/install/controller_manager/local/lib/python3.10/dist-packages:/home/lulav/ros2_ws/install/controller_manager_msgs/local/lib/python3.10/dist-packages:/home/lulav/ros2_ws/install/control_msgs/local/lib/python3.10/dist-packages:${PYTHONPATH} /usr/bin/cmake --install /home/lulav/ros2_ws/build/effort_controllers
[1.135s] -- Install configuration: ""
[1.135s] -- Execute custom install script
[1.135s] -- Up-to-date symlink: /home/lulav/ros2_ws/install/effort_controllers/share/effort_controllers//effort_controllers_plugins.xml
[1.135s] -- Up-to-date symlink: /home/lulav/ros2_ws/install/effort_controllers/include/effort_controllers/effort_controllers/joint_group_effort_controller.hpp
[1.136s] -- Up-to-date symlink: /home/lulav/ros2_ws/install/effort_controllers/include/effort_controllers/effort_controllers/visibility_control.h
[1.136s] -- Up-to-date symlink: /home/lulav/ros2_ws/install/effort_controllers/share/effort_controllers/environment/library_path.sh
[1.136s] -- Up-to-date symlink: /home/lulav/ros2_ws/install/effort_controllers/share/effort_controllers/environment/library_path.dsv
[1.136s] -- Up-to-date symlink: /home/lulav/ros2_ws/install/effort_controllers/share/ament_index/resource_index/package_run_dependencies/effort_controllers
[1.136s] -- Up-to-date symlink: /home/lulav/ros2_ws/install/effort_controllers/share/ament_index/resource_index/parent_prefix_path/effort_controllers
[1.136s] -- Up-to-date symlink: /home/lulav/ros2_ws/install/effort_controllers/share/effort_controllers/environment/ament_prefix_path.sh
[1.136s] -- Up-to-date symlink: /home/lulav/ros2_ws/install/effort_controllers/share/effort_controllers/environment/ament_prefix_path.dsv
[1.137s] -- Up-to-date symlink: /home/lulav/ros2_ws/install/effort_controllers/share/effort_controllers/environment/path.sh
[1.137s] -- Up-to-date symlink: /home/lulav/ros2_ws/install/effort_controllers/share/effort_controllers/environment/path.dsv
[1.137s] -- Up-to-date symlink: /home/lulav/ros2_ws/install/effort_controllers/share/effort_controllers/local_setup.bash
[1.137s] -- Up-to-date symlink: /home/lulav/ros2_ws/install/effort_controllers/share/effort_controllers/local_setup.sh
[1.137s] -- Up-to-date symlink: /home/lulav/ros2_ws/install/effort_controllers/share/effort_controllers/local_setup.zsh
[1.137s] -- Up-to-date symlink: /home/lulav/ros2_ws/install/effort_controllers/share/effort_controllers/local_setup.dsv
[1.138s] -- Symlinking: /home/lulav/ros2_ws/install/effort_controllers/share/effort_controllers/package.dsv
[1.138s] -- Up-to-date symlink: /home/lulav/ros2_ws/install/effort_controllers/share/ament_index/resource_index/packages/effort_controllers
[1.138s] -- Up-to-date symlink: /home/lulav/ros2_ws/install/effort_controllers/share/ament_index/resource_index/controller_interface__pluginlib__plugin/effort_controllers
[1.138s] -- Up-to-date symlink: /home/lulav/ros2_ws/install/effort_controllers/share/effort_controllers/cmake/ament_cmake_export_targets-extras.cmake
[1.138s] -- Up-to-date symlink: /home/lulav/ros2_ws/install/effort_controllers/share/effort_controllers/cmake/ament_cmake_export_dependencies-extras.cmake
[1.138s] -- Up-to-date symlink: /home/lulav/ros2_ws/install/effort_controllers/share/effort_controllers/cmake/effort_controllersConfig.cmake
[1.138s] -- Up-to-date symlink: /home/lulav/ros2_ws/install/effort_controllers/share/effort_controllers/cmake/effort_controllersConfig-version.cmake
[1.139s] -- Up-to-date symlink: /home/lulav/ros2_ws/install/effort_controllers/share/effort_controllers/package.xml
[1.139s] -- Up-to-date: /home/lulav/ros2_ws/install/effort_controllers/lib/libeffort_controllers.so
[1.139s] -- Up-to-date: /home/lulav/ros2_ws/install/effort_controllers/share/effort_controllers/cmake/export_effort_controllersExport.cmake
[1.139s] -- Up-to-date: /home/lulav/ros2_ws/install/effort_controllers/share/effort_controllers/cmake/export_effort_controllersExport-noconfig.cmake
[1.146s] Invoked command in '/home/lulav/ros2_ws/build/effort_controllers' returned '0': AMENT_PREFIX_PATH=/home/lulav/ros2_ws/install/forward_command_controller:/home/lulav/ros2_ws/install/controller_manager:/home/lulav/ros2_ws/install/controller_interface:/home/lulav/ros2_ws/install/hardware_interface:/home/lulav/ros2_ws/install/ros2_control_test_assets:/home/lulav/ros2_ws/install/realtime_tools:/home/lulav/ros2_ws/install/controller_manager_msgs:/home/lulav/ros2_ws/install/control_msgs:${AMENT_PREFIX_PATH} CMAKE_PREFIX_PATH=/home/lulav/ros2_ws/install/forward_command_controller:/home/lulav/ros2_ws/install/controller_manager:/home/lulav/ros2_ws/install/controller_interface:/home/lulav/ros2_ws/install/hardware_interface:/home/lulav/ros2_ws/install/ros2_control_test_assets:/home/lulav/ros2_ws/install/realtime_tools:/home/lulav/ros2_ws/install/controller_manager_msgs:/home/lulav/ros2_ws/install/control_msgs:/opt/ros/humble LD_LIBRARY_PATH=/home/lulav/ros2_ws/install/forward_command_controller/lib:/home/lulav/ros2_ws/install/controller_manager/lib:/home/lulav/ros2_ws/install/controller_interface/lib:/home/lulav/ros2_ws/install/hardware_interface/lib:/home/lulav/ros2_ws/install/realtime_tools/lib:/home/lulav/ros2_ws/install/controller_manager_msgs/lib:/home/lulav/ros2_ws/install/control_msgs/lib:${LD_LIBRARY_PATH} PYTHONPATH=/home/lulav/ros2_ws/install/controller_manager/local/lib/python3.10/dist-packages:/home/lulav/ros2_ws/install/controller_manager_msgs/local/lib/python3.10/dist-packages:/home/lulav/ros2_ws/install/control_msgs/local/lib/python3.10/dist-packages:${PYTHONPATH} /usr/bin/cmake --install /home/lulav/ros2_ws/build/effort_controllers
