[0.093s] Invoking command in '/home/lulav/ros2_ws/build/steering_controllers_library': AMENT_PREFIX_PATH=/home/lulav/ros2_ws/install/controller_manager:/home/lulav/ros2_ws/install/controller_interface:/home/lulav/ros2_ws/install/hardware_interface:/home/lulav/ros2_ws/install/ros2_control_test_assets:/home/lulav/ros2_ws/install/realtime_tools:/home/lulav/ros2_ws/install/controller_manager_msgs:/home/lulav/ros2_ws/install/control_msgs:${AMENT_PREFIX_PATH} CMAKE_PREFIX_PATH=/home/lulav/ros2_ws/install/controller_manager:/home/lulav/ros2_ws/install/controller_interface:/home/lulav/ros2_ws/install/hardware_interface:/home/lulav/ros2_ws/install/ros2_control_test_assets:/home/lulav/ros2_ws/install/realtime_tools:/home/lulav/ros2_ws/install/controller_manager_msgs:/home/lulav/ros2_ws/install/control_msgs:/opt/ros/humble LD_LIBRARY_PATH=/home/lulav/ros2_ws/install/controller_manager/lib:/home/lulav/ros2_ws/install/controller_interface/lib:/home/lulav/ros2_ws/install/hardware_interface/lib:/home/lulav/ros2_ws/install/realtime_tools/lib:/home/lulav/ros2_ws/install/controller_manager_msgs/lib:/home/lulav/ros2_ws/install/control_msgs/lib:${LD_LIBRARY_PATH} PYTHONPATH=/home/lulav/ros2_ws/install/controller_manager/local/lib/python3.10/dist-packages:/home/lulav/ros2_ws/install/controller_manager_msgs/local/lib/python3.10/dist-packages:/home/lulav/ros2_ws/install/control_msgs/local/lib/python3.10/dist-packages:${PYTHONPATH} /usr/bin/cmake --build /home/lulav/ros2_ws/build/steering_controllers_library -- -j8 -l8
[0.249s] [ 33%] Built target gmock
[0.267s] [ 44%] Built target steering_controllers_library_parameters
[0.370s] [ 77%] Built target steering_controllers_library
[0.459s] [100%] Built target test_steering_controllers_library
[0.735s] Invoked command in '/home/lulav/ros2_ws/build/steering_controllers_library' returned '0': AMENT_PREFIX_PATH=/home/lulav/ros2_ws/install/controller_manager:/home/lulav/ros2_ws/install/controller_interface:/home/lulav/ros2_ws/install/hardware_interface:/home/lulav/ros2_ws/install/ros2_control_test_assets:/home/lulav/ros2_ws/install/realtime_tools:/home/lulav/ros2_ws/install/controller_manager_msgs:/home/lulav/ros2_ws/install/control_msgs:${AMENT_PREFIX_PATH} CMAKE_PREFIX_PATH=/home/lulav/ros2_ws/install/controller_manager:/home/lulav/ros2_ws/install/controller_interface:/home/lulav/ros2_ws/install/hardware_interface:/home/lulav/ros2_ws/install/ros2_control_test_assets:/home/lulav/ros2_ws/install/realtime_tools:/home/lulav/ros2_ws/install/controller_manager_msgs:/home/lulav/ros2_ws/install/control_msgs:/opt/ros/humble LD_LIBRARY_PATH=/home/lulav/ros2_ws/install/controller_manager/lib:/home/lulav/ros2_ws/install/controller_interface/lib:/home/lulav/ros2_ws/install/hardware_interface/lib:/home/lulav/ros2_ws/install/realtime_tools/lib:/home/lulav/ros2_ws/install/controller_manager_msgs/lib:/home/lulav/ros2_ws/install/control_msgs/lib:${LD_LIBRARY_PATH} PYTHONPATH=/home/lulav/ros2_ws/install/controller_manager/local/lib/python3.10/dist-packages:/home/lulav/ros2_ws/install/controller_manager_msgs/local/lib/python3.10/dist-packages:/home/lulav/ros2_ws/install/control_msgs/local/lib/python3.10/dist-packages:${PYTHONPATH} /usr/bin/cmake --build /home/lulav/ros2_ws/build/steering_controllers_library -- -j8 -l8
[0.815s] Invoking command in '/home/lulav/ros2_ws/build/steering_controllers_library': AMENT_PREFIX_PATH=/home/lulav/ros2_ws/install/controller_manager:/home/lulav/ros2_ws/install/controller_interface:/home/lulav/ros2_ws/install/hardware_interface:/home/lulav/ros2_ws/install/ros2_control_test_assets:/home/lulav/ros2_ws/install/realtime_tools:/home/lulav/ros2_ws/install/controller_manager_msgs:/home/lulav/ros2_ws/install/control_msgs:${AMENT_PREFIX_PATH} CMAKE_PREFIX_PATH=/home/lulav/ros2_ws/install/controller_manager:/home/lulav/ros2_ws/install/controller_interface:/home/lulav/ros2_ws/install/hardware_interface:/home/lulav/ros2_ws/install/ros2_control_test_assets:/home/lulav/ros2_ws/install/realtime_tools:/home/lulav/ros2_ws/install/controller_manager_msgs:/home/lulav/ros2_ws/install/control_msgs:/opt/ros/humble LD_LIBRARY_PATH=/home/lulav/ros2_ws/install/controller_manager/lib:/home/lulav/ros2_ws/install/controller_interface/lib:/home/lulav/ros2_ws/install/hardware_interface/lib:/home/lulav/ros2_ws/install/realtime_tools/lib:/home/lulav/ros2_ws/install/controller_manager_msgs/lib:/home/lulav/ros2_ws/install/control_msgs/lib:${LD_LIBRARY_PATH} PYTHONPATH=/home/lulav/ros2_ws/install/controller_manager/local/lib/python3.10/dist-packages:/home/lulav/ros2_ws/install/controller_manager_msgs/local/lib/python3.10/dist-packages:/home/lulav/ros2_ws/install/control_msgs/local/lib/python3.10/dist-packages:${PYTHONPATH} /usr/bin/cmake --install /home/lulav/ros2_ws/build/steering_controllers_library
[0.838s] -- Install configuration: ""
[0.839s] -- Execute custom install script
[0.844s] -- Up-to-date symlink: /home/lulav/ros2_ws/install/steering_controllers_library/include/steering_controllers_library_parameters/steering_controllers_library_parameters.hpp
[0.844s] -- Up-to-date symlink: /home/lulav/ros2_ws/install/steering_controllers_library/include/steering_controllers_library/steering_controllers_library/steering_controllers_library.hpp
[0.845s] -- Up-to-date symlink: /home/lulav/ros2_ws/install/steering_controllers_library/include/steering_controllers_library/steering_controllers_library/steering_odometry.hpp
[0.845s] -- Up-to-date symlink: /home/lulav/ros2_ws/install/steering_controllers_library/include/steering_controllers_library/steering_controllers_library/visibility_control.h
[0.845s] -- Up-to-date symlink: /home/lulav/ros2_ws/install/steering_controllers_library/share/steering_controllers_library/environment/library_path.sh
[0.845s] -- Up-to-date symlink: /home/lulav/ros2_ws/install/steering_controllers_library/share/steering_controllers_library/environment/library_path.dsv
[0.845s] -- Up-to-date symlink: /home/lulav/ros2_ws/install/steering_controllers_library/share/ament_index/resource_index/package_run_dependencies/steering_controllers_library
[0.846s] -- Up-to-date symlink: /home/lulav/ros2_ws/install/steering_controllers_library/share/ament_index/resource_index/parent_prefix_path/steering_controllers_library
[0.846s] -- Up-to-date symlink: /home/lulav/ros2_ws/install/steering_controllers_library/share/steering_controllers_library/environment/ament_prefix_path.sh
[0.846s] -- Up-to-date symlink: /home/lulav/ros2_ws/install/steering_controllers_library/share/steering_controllers_library/environment/ament_prefix_path.dsv
[0.847s] -- Up-to-date symlink: /home/lulav/ros2_ws/install/steering_controllers_library/share/steering_controllers_library/environment/path.sh
[0.847s] -- Up-to-date symlink: /home/lulav/ros2_ws/install/steering_controllers_library/share/steering_controllers_library/environment/path.dsv
[0.848s] -- Up-to-date symlink: /home/lulav/ros2_ws/install/steering_controllers_library/share/steering_controllers_library/local_setup.bash
[0.848s] -- Up-to-date symlink: /home/lulav/ros2_ws/install/steering_controllers_library/share/steering_controllers_library/local_setup.sh
[0.848s] -- Up-to-date symlink: /home/lulav/ros2_ws/install/steering_controllers_library/share/steering_controllers_library/local_setup.zsh
[0.848s] -- Up-to-date symlink: /home/lulav/ros2_ws/install/steering_controllers_library/share/steering_controllers_library/local_setup.dsv
[0.848s] -- Symlinking: /home/lulav/ros2_ws/install/steering_controllers_library/share/steering_controllers_library/package.dsv
[0.874s] -- Up-to-date symlink: /home/lulav/ros2_ws/install/steering_controllers_library/share/ament_index/resource_index/packages/steering_controllers_library
[0.874s] -- Up-to-date symlink: /home/lulav/ros2_ws/install/steering_controllers_library/share/steering_controllers_library/cmake/ament_cmake_export_targets-extras.cmake
[0.877s] -- Up-to-date symlink: /home/lulav/ros2_ws/install/steering_controllers_library/share/steering_controllers_library/cmake/ament_cmake_export_dependencies-extras.cmake
[0.877s] -- Up-to-date symlink: /home/lulav/ros2_ws/install/steering_controllers_library/share/steering_controllers_library/cmake/steering_controllers_libraryConfig.cmake
[0.877s] -- Up-to-date symlink: /home/lulav/ros2_ws/install/steering_controllers_library/share/steering_controllers_library/cmake/steering_controllers_libraryConfig-version.cmake
[0.877s] -- Up-to-date symlink: /home/lulav/ros2_ws/install/steering_controllers_library/share/steering_controllers_library/package.xml
[0.878s] -- Up-to-date: /home/lulav/ros2_ws/install/steering_controllers_library/lib/libsteering_controllers_library.so
[0.878s] -- Up-to-date: /home/lulav/ros2_ws/install/steering_controllers_library/share/steering_controllers_library/cmake/export_steering_controllers_libraryExport.cmake
[0.878s] -- Up-to-date: /home/lulav/ros2_ws/install/steering_controllers_library/share/steering_controllers_library/cmake/export_steering_controllers_libraryExport-noconfig.cmake
[0.887s] Invoked command in '/home/lulav/ros2_ws/build/steering_controllers_library' returned '0': AMENT_PREFIX_PATH=/home/lulav/ros2_ws/install/controller_manager:/home/lulav/ros2_ws/install/controller_interface:/home/lulav/ros2_ws/install/hardware_interface:/home/lulav/ros2_ws/install/ros2_control_test_assets:/home/lulav/ros2_ws/install/realtime_tools:/home/lulav/ros2_ws/install/controller_manager_msgs:/home/lulav/ros2_ws/install/control_msgs:${AMENT_PREFIX_PATH} CMAKE_PREFIX_PATH=/home/lulav/ros2_ws/install/controller_manager:/home/lulav/ros2_ws/install/controller_interface:/home/lulav/ros2_ws/install/hardware_interface:/home/lulav/ros2_ws/install/ros2_control_test_assets:/home/lulav/ros2_ws/install/realtime_tools:/home/lulav/ros2_ws/install/controller_manager_msgs:/home/lulav/ros2_ws/install/control_msgs:/opt/ros/humble LD_LIBRARY_PATH=/home/lulav/ros2_ws/install/controller_manager/lib:/home/lulav/ros2_ws/install/controller_interface/lib:/home/lulav/ros2_ws/install/hardware_interface/lib:/home/lulav/ros2_ws/install/realtime_tools/lib:/home/lulav/ros2_ws/install/controller_manager_msgs/lib:/home/lulav/ros2_ws/install/control_msgs/lib:${LD_LIBRARY_PATH} PYTHONPATH=/home/lulav/ros2_ws/install/controller_manager/local/lib/python3.10/dist-packages:/home/lulav/ros2_ws/install/controller_manager_msgs/local/lib/python3.10/dist-packages:/home/lulav/ros2_ws/install/control_msgs/local/lib/python3.10/dist-packages:${PYTHONPATH} /usr/bin/cmake --install /home/lulav/ros2_ws/build/steering_controllers_library
