[0.931s] Invoking command in '/home/lulav/ros2_ws/build/force_torque_sensor_broadcaster': AMENT_PREFIX_PATH=/home/lulav/ros2_ws/install/controller_manager:/home/lulav/ros2_ws/install/controller_interface:/home/lulav/ros2_ws/install/hardware_interface:/home/lulav/ros2_ws/install/ros2_control_test_assets:/home/lulav/ros2_ws/install/realtime_tools:/home/lulav/ros2_ws/install/controller_manager_msgs:/home/lulav/ros2_ws/install/control_msgs:${AMENT_PREFIX_PATH} CMAKE_PREFIX_PATH=/home/lulav/ros2_ws/install/controller_manager:/home/lulav/ros2_ws/install/controller_interface:/home/lulav/ros2_ws/install/hardware_interface:/home/lulav/ros2_ws/install/ros2_control_test_assets:/home/lulav/ros2_ws/install/realtime_tools:/home/lulav/ros2_ws/install/controller_manager_msgs:/home/lulav/ros2_ws/install/control_msgs:/opt/ros/humble LD_LIBRARY_PATH=/home/lulav/ros2_ws/install/controller_manager/lib:/home/lulav/ros2_ws/install/controller_interface/lib:/home/lulav/ros2_ws/install/hardware_interface/lib:/home/lulav/ros2_ws/install/realtime_tools/lib:/home/lulav/ros2_ws/install/controller_manager_msgs/lib:/home/lulav/ros2_ws/install/control_msgs/lib:${LD_LIBRARY_PATH} PYTHONPATH=/home/lulav/ros2_ws/install/controller_manager/local/lib/python3.10/dist-packages:/home/lulav/ros2_ws/install/controller_manager_msgs/local/lib/python3.10/dist-packages:/home/lulav/ros2_ws/install/control_msgs/local/lib/python3.10/dist-packages:${PYTHONPATH} /usr/bin/cmake /home/lulav/ros2_ws/src/ros2_controllers/force_torque_sensor_broadcaster -DCMAKE_INSTALL_PREFIX=/home/lulav/ros2_ws/install/force_torque_sensor_broadcaster
[0.971s] -- Found ament_cmake: 1.3.5 (/opt/ros/humble/share/ament_cmake/cmake)
[1.524s] -- Override CMake install command with custom implementation using symlinks instead of copying resources
[1.536s] -- Found backward_ros: 1.0.2 (/opt/ros/humble/share/backward_ros/cmake)
[1.611s] -- Could NOT find libbfd (missing: LIBBFD_LIBRARY LIBBFD_INCLUDE_DIR) 
[1.612s] -- BACKWARD_HAS_UNWIND=1
[1.612s] -- BACKWARD_HAS_BACKTRACE=0
[1.613s] -- BACKWARD_HAS_BACKTRACE_SYMBOL=0
[1.613s] -- BACKWARD_HAS_DW=1
[1.613s] -- BACKWARD_HAS_BFD=0
[1.615s] -- Found Backward: /opt/ros/humble/share/backward_ros/cmake  
[1.617s] -- Found controller_interface: 2.29.0 (/home/lulav/ros2_ws/install/controller_interface/share/controller_interface/cmake)
[1.719s] -- Found rosidl_generator_c: 3.1.5 (/opt/ros/humble/share/rosidl_generator_c/cmake)
[1.748s] -- Found rosidl_adapter: 3.1.5 (/opt/ros/humble/share/rosidl_adapter/cmake)
[1.763s] -- Found rosidl_generator_cpp: 3.1.5 (/opt/ros/humble/share/rosidl_generator_cpp/cmake)
[1.847s] -- Using all available rosidl_typesupport_c: rosidl_typesupport_fastrtps_c;rosidl_typesupport_introspection_c
[1.919s] -- Using all available rosidl_typesupport_cpp: rosidl_typesupport_fastrtps_cpp;rosidl_typesupport_introspection_cpp
[4.849s] -- Found rmw_implementation_cmake: 6.1.1 (/opt/ros/humble/share/rmw_implementation_cmake/cmake)
[4.853s] -- Found rmw_fastrtps_cpp: 6.2.3 (/opt/ros/humble/share/rmw_fastrtps_cpp/cmake)
[5.265s] -- Using RMW implementation 'rmw_fastrtps_cpp' as default
[6.253s] -- Found generate_parameter_library: 0.3.3 (/opt/ros/humble/share/generate_parameter_library/cmake)
[6.255s] -- Found parameter_traits: 0.3.3 (/opt/ros/humble/share/parameter_traits/cmake)
[6.359s] -- Found realtime_tools: 2.5.0 (/home/lulav/ros2_ws/install/realtime_tools/share/realtime_tools/cmake)
[7.318s] -- Found ament_cmake_gmock: 1.3.5 (/opt/ros/humble/share/ament_cmake_gmock/cmake)
[7.319s] -- Found controller_manager: 2.29.0 (/home/lulav/ros2_ws/install/controller_manager/share/controller_manager/cmake)
[8.813s] -- Found ros2_control_test_assets: 2.29.0 (/home/lulav/ros2_ws/install/ros2_control_test_assets/share/ros2_control_test_assets/cmake)
[8.816s] -- Found gmock sources under '/opt/ros/humble/src/gmock_vendor': C++ tests using 'Google Mock' will be built
[8.831s] -- Found ament_cmake_gtest: 1.3.5 (/opt/ros/humble/share/ament_cmake_gtest/cmake)
[8.831s] -- Found gtest sources under '/opt/ros/humble/src/gtest_vendor': C++ tests using 'Google Test' will be built
[10.706s] -- Found gmock sources under '/opt/ros/humble/src/gmock_vendor': C++ tests using 'Google Mock' will be built
[10.707s] -- Found ament_cmake_gtest: 1.3.5 (/opt/ros/humble/share/ament_cmake_gtest/cmake)
[10.709s] -- Found gtest sources under '/opt/ros/humble/src/gtest_vendor': C++ tests using 'Google Test' will be built
[11.223s] -- Configuring done
[11.559s] -- Generating done
[11.567s] -- Build files have been written to: /home/lulav/ros2_ws/build/force_torque_sensor_broadcaster
[11.599s] Invoked command in '/home/lulav/ros2_ws/build/force_torque_sensor_broadcaster' returned '0': AMENT_PREFIX_PATH=/home/lulav/ros2_ws/install/controller_manager:/home/lulav/ros2_ws/install/controller_interface:/home/lulav/ros2_ws/install/hardware_interface:/home/lulav/ros2_ws/install/ros2_control_test_assets:/home/lulav/ros2_ws/install/realtime_tools:/home/lulav/ros2_ws/install/controller_manager_msgs:/home/lulav/ros2_ws/install/control_msgs:${AMENT_PREFIX_PATH} CMAKE_PREFIX_PATH=/home/lulav/ros2_ws/install/controller_manager:/home/lulav/ros2_ws/install/controller_interface:/home/lulav/ros2_ws/install/hardware_interface:/home/lulav/ros2_ws/install/ros2_control_test_assets:/home/lulav/ros2_ws/install/realtime_tools:/home/lulav/ros2_ws/install/controller_manager_msgs:/home/lulav/ros2_ws/install/control_msgs:/opt/ros/humble LD_LIBRARY_PATH=/home/lulav/ros2_ws/install/controller_manager/lib:/home/lulav/ros2_ws/install/controller_interface/lib:/home/lulav/ros2_ws/install/hardware_interface/lib:/home/lulav/ros2_ws/install/realtime_tools/lib:/home/lulav/ros2_ws/install/controller_manager_msgs/lib:/home/lulav/ros2_ws/install/control_msgs/lib:${LD_LIBRARY_PATH} PYTHONPATH=/home/lulav/ros2_ws/install/controller_manager/local/lib/python3.10/dist-packages:/home/lulav/ros2_ws/install/controller_manager_msgs/local/lib/python3.10/dist-packages:/home/lulav/ros2_ws/install/control_msgs/local/lib/python3.10/dist-packages:${PYTHONPATH} /usr/bin/cmake /home/lulav/ros2_ws/src/ros2_controllers/force_torque_sensor_broadcaster -DCMAKE_INSTALL_PREFIX=/home/lulav/ros2_ws/install/force_torque_sensor_broadcaster
[11.600s] Invoking command in '/home/lulav/ros2_ws/build/force_torque_sensor_broadcaster': AMENT_PREFIX_PATH=/home/lulav/ros2_ws/install/controller_manager:/home/lulav/ros2_ws/install/controller_interface:/home/lulav/ros2_ws/install/hardware_interface:/home/lulav/ros2_ws/install/ros2_control_test_assets:/home/lulav/ros2_ws/install/realtime_tools:/home/lulav/ros2_ws/install/controller_manager_msgs:/home/lulav/ros2_ws/install/control_msgs:${AMENT_PREFIX_PATH} CMAKE_PREFIX_PATH=/home/lulav/ros2_ws/install/controller_manager:/home/lulav/ros2_ws/install/controller_interface:/home/lulav/ros2_ws/install/hardware_interface:/home/lulav/ros2_ws/install/ros2_control_test_assets:/home/lulav/ros2_ws/install/realtime_tools:/home/lulav/ros2_ws/install/controller_manager_msgs:/home/lulav/ros2_ws/install/control_msgs:/opt/ros/humble LD_LIBRARY_PATH=/home/lulav/ros2_ws/install/controller_manager/lib:/home/lulav/ros2_ws/install/controller_interface/lib:/home/lulav/ros2_ws/install/hardware_interface/lib:/home/lulav/ros2_ws/install/realtime_tools/lib:/home/lulav/ros2_ws/install/controller_manager_msgs/lib:/home/lulav/ros2_ws/install/control_msgs/lib:${LD_LIBRARY_PATH} PYTHONPATH=/home/lulav/ros2_ws/install/controller_manager/local/lib/python3.10/dist-packages:/home/lulav/ros2_ws/install/controller_manager_msgs/local/lib/python3.10/dist-packages:/home/lulav/ros2_ws/install/control_msgs/local/lib/python3.10/dist-packages:${PYTHONPATH} /usr/bin/cmake --build /home/lulav/ros2_ws/build/force_torque_sensor_broadcaster -- -j8 -l8
[11.869s] [35m[1mConsolidate compiler generated dependencies of target gmock[0m
[11.877s] [ 10%] Built target force_torque_sensor_broadcaster_parameters
[11.937s] [35m[1mConsolidate compiler generated dependencies of target force_torque_sensor_broadcaster[0m
[11.974s] [ 40%] Built target gmock
[12.061s] [ 60%] Built target force_torque_sensor_broadcaster
[12.104s] [35m[1mConsolidate compiler generated dependencies of target test_load_force_torque_sensor_broadcaster[0m
[12.140s] [35m[1mConsolidate compiler generated dependencies of target test_force_torque_sensor_broadcaster[0m
[12.227s] [ 80%] Built target test_load_force_torque_sensor_broadcaster
[12.239s] [100%] Built target test_force_torque_sensor_broadcaster
[12.342s] Invoked command in '/home/lulav/ros2_ws/build/force_torque_sensor_broadcaster' returned '0': AMENT_PREFIX_PATH=/home/lulav/ros2_ws/install/controller_manager:/home/lulav/ros2_ws/install/controller_interface:/home/lulav/ros2_ws/install/hardware_interface:/home/lulav/ros2_ws/install/ros2_control_test_assets:/home/lulav/ros2_ws/install/realtime_tools:/home/lulav/ros2_ws/install/controller_manager_msgs:/home/lulav/ros2_ws/install/control_msgs:${AMENT_PREFIX_PATH} CMAKE_PREFIX_PATH=/home/lulav/ros2_ws/install/controller_manager:/home/lulav/ros2_ws/install/controller_interface:/home/lulav/ros2_ws/install/hardware_interface:/home/lulav/ros2_ws/install/ros2_control_test_assets:/home/lulav/ros2_ws/install/realtime_tools:/home/lulav/ros2_ws/install/controller_manager_msgs:/home/lulav/ros2_ws/install/control_msgs:/opt/ros/humble LD_LIBRARY_PATH=/home/lulav/ros2_ws/install/controller_manager/lib:/home/lulav/ros2_ws/install/controller_interface/lib:/home/lulav/ros2_ws/install/hardware_interface/lib:/home/lulav/ros2_ws/install/realtime_tools/lib:/home/lulav/ros2_ws/install/controller_manager_msgs/lib:/home/lulav/ros2_ws/install/control_msgs/lib:${LD_LIBRARY_PATH} PYTHONPATH=/home/lulav/ros2_ws/install/controller_manager/local/lib/python3.10/dist-packages:/home/lulav/ros2_ws/install/controller_manager_msgs/local/lib/python3.10/dist-packages:/home/lulav/ros2_ws/install/control_msgs/local/lib/python3.10/dist-packages:${PYTHONPATH} /usr/bin/cmake --build /home/lulav/ros2_ws/build/force_torque_sensor_broadcaster -- -j8 -l8
[12.520s] Invoking command in '/home/lulav/ros2_ws/build/force_torque_sensor_broadcaster': AMENT_PREFIX_PATH=/home/lulav/ros2_ws/install/controller_manager:/home/lulav/ros2_ws/install/controller_interface:/home/lulav/ros2_ws/install/hardware_interface:/home/lulav/ros2_ws/install/ros2_control_test_assets:/home/lulav/ros2_ws/install/realtime_tools:/home/lulav/ros2_ws/install/controller_manager_msgs:/home/lulav/ros2_ws/install/control_msgs:${AMENT_PREFIX_PATH} CMAKE_PREFIX_PATH=/home/lulav/ros2_ws/install/controller_manager:/home/lulav/ros2_ws/install/controller_interface:/home/lulav/ros2_ws/install/hardware_interface:/home/lulav/ros2_ws/install/ros2_control_test_assets:/home/lulav/ros2_ws/install/realtime_tools:/home/lulav/ros2_ws/install/controller_manager_msgs:/home/lulav/ros2_ws/install/control_msgs:/opt/ros/humble LD_LIBRARY_PATH=/home/lulav/ros2_ws/install/controller_manager/lib:/home/lulav/ros2_ws/install/controller_interface/lib:/home/lulav/ros2_ws/install/hardware_interface/lib:/home/lulav/ros2_ws/install/realtime_tools/lib:/home/lulav/ros2_ws/install/controller_manager_msgs/lib:/home/lulav/ros2_ws/install/control_msgs/lib:${LD_LIBRARY_PATH} PYTHONPATH=/home/lulav/ros2_ws/install/controller_manager/local/lib/python3.10/dist-packages:/home/lulav/ros2_ws/install/controller_manager_msgs/local/lib/python3.10/dist-packages:/home/lulav/ros2_ws/install/control_msgs/local/lib/python3.10/dist-packages:${PYTHONPATH} /usr/bin/cmake --install /home/lulav/ros2_ws/build/force_torque_sensor_broadcaster
[12.538s] -- Install configuration: ""
[12.539s] -- Execute custom install script
[12.539s] -- Up-to-date symlink: /home/lulav/ros2_ws/install/force_torque_sensor_broadcaster/include/force_torque_sensor_broadcaster_parameters/force_torque_sensor_broadcaster_parameters.hpp
[12.539s] -- Up-to-date symlink: /home/lulav/ros2_ws/install/force_torque_sensor_broadcaster/share/force_torque_sensor_broadcaster//force_torque_sensor_broadcaster.xml
[12.540s] -- Up-to-date symlink: /home/lulav/ros2_ws/install/force_torque_sensor_broadcaster/include/force_torque_sensor_broadcaster/force_torque_sensor_broadcaster/force_torque_sensor_broadcaster.hpp
[12.541s] -- Up-to-date symlink: /home/lulav/ros2_ws/install/force_torque_sensor_broadcaster/include/force_torque_sensor_broadcaster/force_torque_sensor_broadcaster/visibility_control.h
[12.541s] -- Up-to-date symlink: /home/lulav/ros2_ws/install/force_torque_sensor_broadcaster/share/force_torque_sensor_broadcaster/environment/library_path.sh
[12.541s] -- Up-to-date symlink: /home/lulav/ros2_ws/install/force_torque_sensor_broadcaster/share/force_torque_sensor_broadcaster/environment/library_path.dsv
[12.542s] -- Up-to-date symlink: /home/lulav/ros2_ws/install/force_torque_sensor_broadcaster/share/ament_index/resource_index/package_run_dependencies/force_torque_sensor_broadcaster
[12.542s] -- Up-to-date symlink: /home/lulav/ros2_ws/install/force_torque_sensor_broadcaster/share/ament_index/resource_index/parent_prefix_path/force_torque_sensor_broadcaster
[12.542s] -- Up-to-date symlink: /home/lulav/ros2_ws/install/force_torque_sensor_broadcaster/share/force_torque_sensor_broadcaster/environment/ament_prefix_path.sh
[12.543s] -- Up-to-date symlink: /home/lulav/ros2_ws/install/force_torque_sensor_broadcaster/share/force_torque_sensor_broadcaster/environment/ament_prefix_path.dsv
[12.543s] -- Up-to-date symlink: /home/lulav/ros2_ws/install/force_torque_sensor_broadcaster/share/force_torque_sensor_broadcaster/environment/path.sh
[12.544s] -- Up-to-date symlink: /home/lulav/ros2_ws/install/force_torque_sensor_broadcaster/share/force_torque_sensor_broadcaster/environment/path.dsv
[12.544s] -- Up-to-date symlink: /home/lulav/ros2_ws/install/force_torque_sensor_broadcaster/share/force_torque_sensor_broadcaster/local_setup.bash
[12.544s] -- Up-to-date symlink: /home/lulav/ros2_ws/install/force_torque_sensor_broadcaster/share/force_torque_sensor_broadcaster/local_setup.sh
[12.545s] -- Up-to-date symlink: /home/lulav/ros2_ws/install/force_torque_sensor_broadcaster/share/force_torque_sensor_broadcaster/local_setup.zsh
[12.545s] -- Up-to-date symlink: /home/lulav/ros2_ws/install/force_torque_sensor_broadcaster/share/force_torque_sensor_broadcaster/local_setup.dsv
[12.566s] -- Symlinking: /home/lulav/ros2_ws/install/force_torque_sensor_broadcaster/share/force_torque_sensor_broadcaster/package.dsv
[12.567s] -- Up-to-date symlink: /home/lulav/ros2_ws/install/force_torque_sensor_broadcaster/share/ament_index/resource_index/packages/force_torque_sensor_broadcaster
[12.568s] -- Up-to-date symlink: /home/lulav/ros2_ws/install/force_torque_sensor_broadcaster/share/ament_index/resource_index/controller_interface__pluginlib__plugin/force_torque_sensor_broadcaster
[12.568s] -- Up-to-date symlink: /home/lulav/ros2_ws/install/force_torque_sensor_broadcaster/share/force_torque_sensor_broadcaster/cmake/ament_cmake_export_targets-extras.cmake
[12.569s] -- Up-to-date symlink: /home/lulav/ros2_ws/install/force_torque_sensor_broadcaster/share/force_torque_sensor_broadcaster/cmake/ament_cmake_export_dependencies-extras.cmake
[12.569s] -- Up-to-date symlink: /home/lulav/ros2_ws/install/force_torque_sensor_broadcaster/share/force_torque_sensor_broadcaster/cmake/force_torque_sensor_broadcasterConfig.cmake
[12.569s] -- Up-to-date symlink: /home/lulav/ros2_ws/install/force_torque_sensor_broadcaster/share/force_torque_sensor_broadcaster/cmake/force_torque_sensor_broadcasterConfig-version.cmake
[12.570s] -- Up-to-date symlink: /home/lulav/ros2_ws/install/force_torque_sensor_broadcaster/share/force_torque_sensor_broadcaster/package.xml
[12.574s] -- Up-to-date: /home/lulav/ros2_ws/install/force_torque_sensor_broadcaster/lib/libforce_torque_sensor_broadcaster.so
[12.575s] -- Up-to-date: /home/lulav/ros2_ws/install/force_torque_sensor_broadcaster/share/force_torque_sensor_broadcaster/cmake/export_force_torque_sensor_broadcasterExport.cmake
[12.575s] -- Up-to-date: /home/lulav/ros2_ws/install/force_torque_sensor_broadcaster/share/force_torque_sensor_broadcaster/cmake/export_force_torque_sensor_broadcasterExport-noconfig.cmake
[12.622s] Invoked command in '/home/lulav/ros2_ws/build/force_torque_sensor_broadcaster' returned '0': AMENT_PREFIX_PATH=/home/lulav/ros2_ws/install/controller_manager:/home/lulav/ros2_ws/install/controller_interface:/home/lulav/ros2_ws/install/hardware_interface:/home/lulav/ros2_ws/install/ros2_control_test_assets:/home/lulav/ros2_ws/install/realtime_tools:/home/lulav/ros2_ws/install/controller_manager_msgs:/home/lulav/ros2_ws/install/control_msgs:${AMENT_PREFIX_PATH} CMAKE_PREFIX_PATH=/home/lulav/ros2_ws/install/controller_manager:/home/lulav/ros2_ws/install/controller_interface:/home/lulav/ros2_ws/install/hardware_interface:/home/lulav/ros2_ws/install/ros2_control_test_assets:/home/lulav/ros2_ws/install/realtime_tools:/home/lulav/ros2_ws/install/controller_manager_msgs:/home/lulav/ros2_ws/install/control_msgs:/opt/ros/humble LD_LIBRARY_PATH=/home/lulav/ros2_ws/install/controller_manager/lib:/home/lulav/ros2_ws/install/controller_interface/lib:/home/lulav/ros2_ws/install/hardware_interface/lib:/home/lulav/ros2_ws/install/realtime_tools/lib:/home/lulav/ros2_ws/install/controller_manager_msgs/lib:/home/lulav/ros2_ws/install/control_msgs/lib:${LD_LIBRARY_PATH} PYTHONPATH=/home/lulav/ros2_ws/install/controller_manager/local/lib/python3.10/dist-packages:/home/lulav/ros2_ws/install/controller_manager_msgs/local/lib/python3.10/dist-packages:/home/lulav/ros2_ws/install/control_msgs/local/lib/python3.10/dist-packages:${PYTHONPATH} /usr/bin/cmake --install /home/lulav/ros2_ws/build/force_torque_sensor_broadcaster
