[0.142s] Invoking command in '/home/lulav/ros2_ws/build/position_controllers': AMENT_PREFIX_PATH=/home/lulav/ros2_ws/install/forward_command_controller:/home/lulav/ros2_ws/install/controller_manager:/home/lulav/ros2_ws/install/controller_interface:/home/lulav/ros2_ws/install/hardware_interface:/home/lulav/ros2_ws/install/ros2_control_test_assets:/home/lulav/ros2_ws/install/realtime_tools:/home/lulav/ros2_ws/install/controller_manager_msgs:/home/lulav/ros2_ws/install/control_msgs:${AMENT_PREFIX_PATH} CMAKE_PREFIX_PATH=/home/lulav/ros2_ws/install/forward_command_controller:/home/lulav/ros2_ws/install/controller_manager:/home/lulav/ros2_ws/install/controller_interface:/home/lulav/ros2_ws/install/hardware_interface:/home/lulav/ros2_ws/install/ros2_control_test_assets:/home/lulav/ros2_ws/install/realtime_tools:/home/lulav/ros2_ws/install/controller_manager_msgs:/home/lulav/ros2_ws/install/control_msgs:/opt/ros/humble LD_LIBRARY_PATH=/home/lulav/ros2_ws/install/forward_command_controller/lib:/home/lulav/ros2_ws/install/controller_manager/lib:/home/lulav/ros2_ws/install/controller_interface/lib:/home/lulav/ros2_ws/install/hardware_interface/lib:/home/lulav/ros2_ws/install/realtime_tools/lib:/home/lulav/ros2_ws/install/controller_manager_msgs/lib:/home/lulav/ros2_ws/install/control_msgs/lib:${LD_LIBRARY_PATH} PYTHONPATH=/home/lulav/ros2_ws/install/controller_manager/local/lib/python3.10/dist-packages:/home/lulav/ros2_ws/install/controller_manager_msgs/local/lib/python3.10/dist-packages:/home/lulav/ros2_ws/install/control_msgs/local/lib/python3.10/dist-packages:${PYTHONPATH} /usr/bin/cmake --build /home/lulav/ros2_ws/build/position_controllers -- -j8 -l8
[0.299s] [35m[1mConsolidate compiler generated dependencies of target gmock_main[0m
[0.302s] [35m[1mConsolidate compiler generated dependencies of target gmock[0m
[0.320s] [35m[1mConsolidate compiler generated dependencies of target position_controllers[0m
[0.345s] [ 18%] Built target gmock_main
[0.350s] [ 45%] Built target gmock
[0.384s] [ 63%] Built target position_controllers
[0.437s] [35m[1mConsolidate compiler generated dependencies of target test_joint_group_position_controller[0m
[0.442s] [35m[1mConsolidate compiler generated dependencies of target test_load_joint_group_position_controller[0m
[0.484s] [ 81%] Built target test_joint_group_position_controller
[0.510s] [100%] Built target test_load_joint_group_position_controller
[0.605s] Invoked command in '/home/lulav/ros2_ws/build/position_controllers' returned '0': AMENT_PREFIX_PATH=/home/lulav/ros2_ws/install/forward_command_controller:/home/lulav/ros2_ws/install/controller_manager:/home/lulav/ros2_ws/install/controller_interface:/home/lulav/ros2_ws/install/hardware_interface:/home/lulav/ros2_ws/install/ros2_control_test_assets:/home/lulav/ros2_ws/install/realtime_tools:/home/lulav/ros2_ws/install/controller_manager_msgs:/home/lulav/ros2_ws/install/control_msgs:${AMENT_PREFIX_PATH} CMAKE_PREFIX_PATH=/home/lulav/ros2_ws/install/forward_command_controller:/home/lulav/ros2_ws/install/controller_manager:/home/lulav/ros2_ws/install/controller_interface:/home/lulav/ros2_ws/install/hardware_interface:/home/lulav/ros2_ws/install/ros2_control_test_assets:/home/lulav/ros2_ws/install/realtime_tools:/home/lulav/ros2_ws/install/controller_manager_msgs:/home/lulav/ros2_ws/install/control_msgs:/opt/ros/humble LD_LIBRARY_PATH=/home/lulav/ros2_ws/install/forward_command_controller/lib:/home/lulav/ros2_ws/install/controller_manager/lib:/home/lulav/ros2_ws/install/controller_interface/lib:/home/lulav/ros2_ws/install/hardware_interface/lib:/home/lulav/ros2_ws/install/realtime_tools/lib:/home/lulav/ros2_ws/install/controller_manager_msgs/lib:/home/lulav/ros2_ws/install/control_msgs/lib:${LD_LIBRARY_PATH} PYTHONPATH=/home/lulav/ros2_ws/install/controller_manager/local/lib/python3.10/dist-packages:/home/lulav/ros2_ws/install/controller_manager_msgs/local/lib/python3.10/dist-packages:/home/lulav/ros2_ws/install/control_msgs/local/lib/python3.10/dist-packages:${PYTHONPATH} /usr/bin/cmake --build /home/lulav/ros2_ws/build/position_controllers -- -j8 -l8
[0.773s] Invoking command in '/home/lulav/ros2_ws/build/position_controllers': AMENT_PREFIX_PATH=/home/lulav/ros2_ws/install/forward_command_controller:/home/lulav/ros2_ws/install/controller_manager:/home/lulav/ros2_ws/install/controller_interface:/home/lulav/ros2_ws/install/hardware_interface:/home/lulav/ros2_ws/install/ros2_control_test_assets:/home/lulav/ros2_ws/install/realtime_tools:/home/lulav/ros2_ws/install/controller_manager_msgs:/home/lulav/ros2_ws/install/control_msgs:${AMENT_PREFIX_PATH} CMAKE_PREFIX_PATH=/home/lulav/ros2_ws/install/forward_command_controller:/home/lulav/ros2_ws/install/controller_manager:/home/lulav/ros2_ws/install/controller_interface:/home/lulav/ros2_ws/install/hardware_interface:/home/lulav/ros2_ws/install/ros2_control_test_assets:/home/lulav/ros2_ws/install/realtime_tools:/home/lulav/ros2_ws/install/controller_manager_msgs:/home/lulav/ros2_ws/install/control_msgs:/opt/ros/humble LD_LIBRARY_PATH=/home/lulav/ros2_ws/install/forward_command_controller/lib:/home/lulav/ros2_ws/install/controller_manager/lib:/home/lulav/ros2_ws/install/controller_interface/lib:/home/lulav/ros2_ws/install/hardware_interface/lib:/home/lulav/ros2_ws/install/realtime_tools/lib:/home/lulav/ros2_ws/install/controller_manager_msgs/lib:/home/lulav/ros2_ws/install/control_msgs/lib:${LD_LIBRARY_PATH} PYTHONPATH=/home/lulav/ros2_ws/install/controller_manager/local/lib/python3.10/dist-packages:/home/lulav/ros2_ws/install/controller_manager_msgs/local/lib/python3.10/dist-packages:/home/lulav/ros2_ws/install/control_msgs/local/lib/python3.10/dist-packages:${PYTHONPATH} /usr/bin/cmake --install /home/lulav/ros2_ws/build/position_controllers
[0.835s] -- Install configuration: ""
[0.835s] -- Execute custom install script
[0.835s] -- Up-to-date symlink: /home/lulav/ros2_ws/install/position_controllers/share/position_controllers//position_controllers_plugins.xml
[0.835s] -- Up-to-date symlink: /home/lulav/ros2_ws/install/position_controllers/include/position_controllers/position_controllers/joint_group_position_controller.hpp
[0.835s] -- Up-to-date symlink: /home/lulav/ros2_ws/install/position_controllers/include/position_controllers/position_controllers/visibility_control.h
[0.835s] -- Up-to-date symlink: /home/lulav/ros2_ws/install/position_controllers/share/position_controllers/environment/library_path.sh
[0.836s] -- Up-to-date symlink: /home/lulav/ros2_ws/install/position_controllers/share/position_controllers/environment/library_path.dsv
[0.836s] -- Up-to-date symlink: /home/lulav/ros2_ws/install/position_controllers/share/ament_index/resource_index/package_run_dependencies/position_controllers
[0.836s] -- Up-to-date symlink: /home/lulav/ros2_ws/install/position_controllers/share/ament_index/resource_index/parent_prefix_path/position_controllers
[0.836s] -- Up-to-date symlink: /home/lulav/ros2_ws/install/position_controllers/share/position_controllers/environment/ament_prefix_path.sh
[0.836s] -- Up-to-date symlink: /home/lulav/ros2_ws/install/position_controllers/share/position_controllers/environment/ament_prefix_path.dsv
[0.836s] -- Up-to-date symlink: /home/lulav/ros2_ws/install/position_controllers/share/position_controllers/environment/path.sh
[0.837s] -- Up-to-date symlink: /home/lulav/ros2_ws/install/position_controllers/share/position_controllers/environment/path.dsv
[0.837s] -- Up-to-date symlink: /home/lulav/ros2_ws/install/position_controllers/share/position_controllers/local_setup.bash
[0.837s] -- Up-to-date symlink: /home/lulav/ros2_ws/install/position_controllers/share/position_controllers/local_setup.sh
[0.837s] -- Up-to-date symlink: /home/lulav/ros2_ws/install/position_controllers/share/position_controllers/local_setup.zsh
[0.837s] -- Up-to-date symlink: /home/lulav/ros2_ws/install/position_controllers/share/position_controllers/local_setup.dsv
[0.838s] -- Symlinking: /home/lulav/ros2_ws/install/position_controllers/share/position_controllers/package.dsv
[0.838s] -- Up-to-date symlink: /home/lulav/ros2_ws/install/position_controllers/share/ament_index/resource_index/packages/position_controllers
[0.838s] -- Up-to-date symlink: /home/lulav/ros2_ws/install/position_controllers/share/ament_index/resource_index/controller_interface__pluginlib__plugin/position_controllers
[0.838s] -- Up-to-date symlink: /home/lulav/ros2_ws/install/position_controllers/share/position_controllers/cmake/ament_cmake_export_targets-extras.cmake
[0.838s] -- Up-to-date symlink: /home/lulav/ros2_ws/install/position_controllers/share/position_controllers/cmake/ament_cmake_export_dependencies-extras.cmake
[0.838s] -- Up-to-date symlink: /home/lulav/ros2_ws/install/position_controllers/share/position_controllers/cmake/position_controllersConfig.cmake
[0.838s] -- Up-to-date symlink: /home/lulav/ros2_ws/install/position_controllers/share/position_controllers/cmake/position_controllersConfig-version.cmake
[0.839s] -- Up-to-date symlink: /home/lulav/ros2_ws/install/position_controllers/share/position_controllers/package.xml
[0.839s] -- Installing: /home/lulav/ros2_ws/install/position_controllers/lib/libposition_controllers.so
[0.839s] -- Set runtime path of "/home/lulav/ros2_ws/install/position_controllers/lib/libposition_controllers.so" to ""
[0.839s] -- Installing: /home/lulav/ros2_ws/install/position_controllers/share/position_controllers/cmake/export_position_controllersExport.cmake
[0.840s] -- Installing: /home/lulav/ros2_ws/install/position_controllers/share/position_controllers/cmake/export_position_controllersExport-noconfig.cmake
[0.891s] Invoked command in '/home/lulav/ros2_ws/build/position_controllers' returned '0': AMENT_PREFIX_PATH=/home/lulav/ros2_ws/install/forward_command_controller:/home/lulav/ros2_ws/install/controller_manager:/home/lulav/ros2_ws/install/controller_interface:/home/lulav/ros2_ws/install/hardware_interface:/home/lulav/ros2_ws/install/ros2_control_test_assets:/home/lulav/ros2_ws/install/realtime_tools:/home/lulav/ros2_ws/install/controller_manager_msgs:/home/lulav/ros2_ws/install/control_msgs:${AMENT_PREFIX_PATH} CMAKE_PREFIX_PATH=/home/lulav/ros2_ws/install/forward_command_controller:/home/lulav/ros2_ws/install/controller_manager:/home/lulav/ros2_ws/install/controller_interface:/home/lulav/ros2_ws/install/hardware_interface:/home/lulav/ros2_ws/install/ros2_control_test_assets:/home/lulav/ros2_ws/install/realtime_tools:/home/lulav/ros2_ws/install/controller_manager_msgs:/home/lulav/ros2_ws/install/control_msgs:/opt/ros/humble LD_LIBRARY_PATH=/home/lulav/ros2_ws/install/forward_command_controller/lib:/home/lulav/ros2_ws/install/controller_manager/lib:/home/lulav/ros2_ws/install/controller_interface/lib:/home/lulav/ros2_ws/install/hardware_interface/lib:/home/lulav/ros2_ws/install/realtime_tools/lib:/home/lulav/ros2_ws/install/controller_manager_msgs/lib:/home/lulav/ros2_ws/install/control_msgs/lib:${LD_LIBRARY_PATH} PYTHONPATH=/home/lulav/ros2_ws/install/controller_manager/local/lib/python3.10/dist-packages:/home/lulav/ros2_ws/install/controller_manager_msgs/local/lib/python3.10/dist-packages:/home/lulav/ros2_ws/install/control_msgs/local/lib/python3.10/dist-packages:${PYTHONPATH} /usr/bin/cmake --install /home/lulav/ros2_ws/build/position_controllers
