[0.096s] Invoking command in '/home/lulav/ros2_ws/build/control_msgs': CMAKE_PREFIX_PATH=/opt/ros/humble /usr/bin/cmake --build /home/lulav/ros2_ws/build/control_msgs -- -j8 -l8
[0.311s] [  0%] Built target control_msgs__cpp
[0.340s] [ 12%] Built target control_msgs__rosidl_generator_c
[0.343s] [ 12%] Built target ament_cmake_python_symlink_control_msgs
[0.516s] [ 24%] Built target control_msgs__rosidl_typesupport_cpp
[0.540s] [ 36%] Built target control_msgs__rosidl_typesupport_fastrtps_cpp
[0.587s] [ 48%] Built target control_msgs__rosidl_typesupport_introspection_cpp
[0.693s] [ 69%] Built target control_msgs__rosidl_typesupport_fastrtps_c
[0.701s] [ 72%] Built target control_msgs__rosidl_typesupport_c
[0.701s] [ 84%] Built target control_msgs__rosidl_typesupport_introspection_c
[0.758s] [ 84%] Built target control_msgs
[0.810s] [ 85%] Built target control_msgs__py
[0.887s] [ 96%] Built target control_msgs__rosidl_generator_py
[1.004s] [ 97%] Built target control_msgs__rosidl_typesupport_fastrtps_c__pyext
[1.016s] [ 99%] Built target control_msgs__rosidl_typesupport_introspection_c__pyext
[1.032s] [100%] Built target control_msgs__rosidl_typesupport_c__pyext
[1.182s] running egg_info
[1.185s] writing control_msgs.egg-info/PKG-INFO
[1.186s] writing dependency_links to control_msgs.egg-info/dependency_links.txt
[1.188s] writing top-level names to control_msgs.egg-info/top_level.txt
[1.197s] reading manifest file 'control_msgs.egg-info/SOURCES.txt'
[1.201s] writing manifest file 'control_msgs.egg-info/SOURCES.txt'
[1.281s] [100%] Built target ament_cmake_python_build_control_msgs_egg
[1.366s] Invoked command in '/home/lulav/ros2_ws/build/control_msgs' returned '0': CMAKE_PREFIX_PATH=/opt/ros/humble /usr/bin/cmake --build /home/lulav/ros2_ws/build/control_msgs -- -j8 -l8
[2.292s] Invoking command in '/home/lulav/ros2_ws/build/control_msgs': CMAKE_PREFIX_PATH=/opt/ros/humble /usr/bin/cmake --install /home/lulav/ros2_ws/build/control_msgs
[2.304s] -- Install configuration: ""
[2.305s] -- Execute custom install script
[2.305s] -- Up-to-date symlink: /home/lulav/ros2_ws/install/control_msgs/share/ament_index/resource_index/rosidl_interfaces/control_msgs
[2.308s] -- Up-to-date symlink: /home/lulav/ros2_ws/install/control_msgs/include/control_msgs/control_msgs/action/detail/follow_joint_trajectory__functions.h
[2.308s] -- Up-to-date symlink: /home/lulav/ros2_ws/install/control_msgs/include/control_msgs/control_msgs/action/detail/follow_joint_trajectory__struct.h
[2.308s] -- Up-to-date symlink: /home/lulav/ros2_ws/install/control_msgs/include/control_msgs/control_msgs/action/detail/follow_joint_trajectory__type_support.h
[2.309s] -- Up-to-date symlink: /home/lulav/ros2_ws/install/control_msgs/include/control_msgs/control_msgs/action/detail/gripper_command__functions.h
[2.309s] -- Up-to-date symlink: /home/lulav/ros2_ws/install/control_msgs/include/control_msgs/control_msgs/action/detail/gripper_command__struct.h
[2.309s] -- Up-to-date symlink: /home/lulav/ros2_ws/install/control_msgs/include/control_msgs/control_msgs/action/detail/gripper_command__type_support.h
[2.309s] -- Up-to-date symlink: /home/lulav/ros2_ws/install/control_msgs/include/control_msgs/control_msgs/action/detail/joint_trajectory__functions.h
[2.310s] -- Up-to-date symlink: /home/lulav/ros2_ws/install/control_msgs/include/control_msgs/control_msgs/action/detail/joint_trajectory__struct.h
[2.310s] -- Up-to-date symlink: /home/lulav/ros2_ws/install/control_msgs/include/control_msgs/control_msgs/action/detail/joint_trajectory__type_support.h
[2.310s] -- Up-to-date symlink: /home/lulav/ros2_ws/install/control_msgs/include/control_msgs/control_msgs/action/detail/point_head__functions.h
[2.310s] -- Up-to-date symlink: /home/lulav/ros2_ws/install/control_msgs/include/control_msgs/control_msgs/action/detail/point_head__struct.h
[2.311s] -- Up-to-date symlink: /home/lulav/ros2_ws/install/control_msgs/include/control_msgs/control_msgs/action/detail/point_head__type_support.h
[2.311s] -- Up-to-date symlink: /home/lulav/ros2_ws/install/control_msgs/include/control_msgs/control_msgs/action/detail/single_joint_position__functions.h
[2.311s] -- Up-to-date symlink: /home/lulav/ros2_ws/install/control_msgs/include/control_msgs/control_msgs/action/detail/single_joint_position__struct.h
[2.311s] -- Up-to-date symlink: /home/lulav/ros2_ws/install/control_msgs/include/control_msgs/control_msgs/action/detail/single_joint_position__type_support.h
[2.311s] -- Up-to-date symlink: /home/lulav/ros2_ws/install/control_msgs/include/control_msgs/control_msgs/action/follow_joint_trajectory.h
[2.312s] -- Up-to-date symlink: /home/lulav/ros2_ws/install/control_msgs/include/control_msgs/control_msgs/action/gripper_command.h
[2.312s] -- Up-to-date symlink: /home/lulav/ros2_ws/install/control_msgs/include/control_msgs/control_msgs/action/joint_trajectory.h
[2.312s] -- Up-to-date symlink: /home/lulav/ros2_ws/install/control_msgs/include/control_msgs/control_msgs/action/point_head.h
[2.312s] -- Up-to-date symlink: /home/lulav/ros2_ws/install/control_msgs/include/control_msgs/control_msgs/action/single_joint_position.h
[2.313s] -- Up-to-date symlink: /home/lulav/ros2_ws/install/control_msgs/include/control_msgs/control_msgs/msg/admittance_controller_state.h
[2.313s] -- Up-to-date symlink: /home/lulav/ros2_ws/install/control_msgs/include/control_msgs/control_msgs/msg/detail/admittance_controller_state__functions.h
[2.313s] -- Up-to-date symlink: /home/lulav/ros2_ws/install/control_msgs/include/control_msgs/control_msgs/msg/detail/admittance_controller_state__struct.h
[2.313s] -- Up-to-date symlink: /home/lulav/ros2_ws/install/control_msgs/include/control_msgs/control_msgs/msg/detail/admittance_controller_state__type_support.h
[2.313s] -- Up-to-date symlink: /home/lulav/ros2_ws/install/control_msgs/include/control_msgs/control_msgs/msg/detail/dynamic_joint_state__functions.h
[2.313s] -- Up-to-date symlink: /home/lulav/ros2_ws/install/control_msgs/include/control_msgs/control_msgs/msg/detail/dynamic_joint_state__struct.h
[2.314s] -- Up-to-date symlink: /home/lulav/ros2_ws/install/control_msgs/include/control_msgs/control_msgs/msg/detail/dynamic_joint_state__type_support.h
[2.314s] -- Up-to-date symlink: /home/lulav/ros2_ws/install/control_msgs/include/control_msgs/control_msgs/msg/detail/gripper_command__functions.h
[2.314s] -- Up-to-date symlink: /home/lulav/ros2_ws/install/control_msgs/include/control_msgs/control_msgs/msg/detail/gripper_command__struct.h
[2.314s] -- Up-to-date symlink: /home/lulav/ros2_ws/install/control_msgs/include/control_msgs/control_msgs/msg/detail/gripper_command__type_support.h
[2.315s] -- Up-to-date symlink: /home/lulav/ros2_ws/install/control_msgs/include/control_msgs/control_msgs/msg/detail/interface_value__functions.h
[2.315s] -- Up-to-date symlink: /home/lulav/ros2_ws/install/control_msgs/include/control_msgs/control_msgs/msg/detail/interface_value__struct.h
[2.315s] -- Up-to-date symlink: /home/lulav/ros2_ws/install/control_msgs/include/control_msgs/control_msgs/msg/detail/interface_value__type_support.h
[2.315s] -- Up-to-date symlink: /home/lulav/ros2_ws/install/control_msgs/include/control_msgs/control_msgs/msg/detail/joint_component_tolerance__functions.h
[2.316s] -- Up-to-date symlink: /home/lulav/ros2_ws/install/control_msgs/include/control_msgs/control_msgs/msg/detail/joint_component_tolerance__struct.h
[2.316s] -- Up-to-date symlink: /home/lulav/ros2_ws/install/control_msgs/include/control_msgs/control_msgs/msg/detail/joint_component_tolerance__type_support.h
[2.316s] -- Up-to-date symlink: /home/lulav/ros2_ws/install/control_msgs/include/control_msgs/control_msgs/msg/detail/joint_controller_state__functions.h
[2.316s] -- Up-to-date symlink: /home/lulav/ros2_ws/install/control_msgs/include/control_msgs/control_msgs/msg/detail/joint_controller_state__struct.h
[2.316s] -- Up-to-date symlink: /home/lulav/ros2_ws/install/control_msgs/include/control_msgs/control_msgs/msg/detail/joint_controller_state__type_support.h
[2.316s] -- Up-to-date symlink: /home/lulav/ros2_ws/install/control_msgs/include/control_msgs/control_msgs/msg/detail/joint_jog__functions.h
[2.317s] -- Up-to-date symlink: /home/lulav/ros2_ws/install/control_msgs/include/control_msgs/control_msgs/msg/detail/joint_jog__struct.h
[2.317s] -- Up-to-date symlink: /home/lulav/ros2_ws/install/control_msgs/include/control_msgs/control_msgs/msg/detail/joint_jog__type_support.h
[2.317s] -- Up-to-date symlink: /home/lulav/ros2_ws/install/control_msgs/include/control_msgs/control_msgs/msg/detail/joint_tolerance__functions.h
[2.317s] -- Up-to-date symlink: /home/lulav/ros2_ws/install/control_msgs/include/control_msgs/control_msgs/msg/detail/joint_tolerance__struct.h
[2.317s] -- Up-to-date symlink: /home/lulav/ros2_ws/install/control_msgs/include/control_msgs/control_msgs/msg/detail/joint_tolerance__type_support.h
[2.318s] -- Up-to-date symlink: /home/lulav/ros2_ws/install/control_msgs/include/control_msgs/control_msgs/msg/detail/joint_trajectory_controller_state__functions.h
[2.318s] -- Up-to-date symlink: /home/lulav/ros2_ws/install/control_msgs/include/control_msgs/control_msgs/msg/detail/joint_trajectory_controller_state__struct.h
[2.318s] -- Up-to-date symlink: /home/lulav/ros2_ws/install/control_msgs/include/control_msgs/control_msgs/msg/detail/joint_trajectory_controller_state__type_support.h
[2.319s] -- Up-to-date symlink: /home/lulav/ros2_ws/install/control_msgs/include/control_msgs/control_msgs/msg/detail/mecanum_drive_controller_state__functions.h
[2.319s] -- Up-to-date symlink: /home/lulav/ros2_ws/install/control_msgs/include/control_msgs/control_msgs/msg/detail/mecanum_drive_controller_state__struct.h
[2.319s] -- Up-to-date symlink: /home/lulav/ros2_ws/install/control_msgs/include/control_msgs/control_msgs/msg/detail/mecanum_drive_controller_state__type_support.h
[2.320s] -- Up-to-date symlink: /home/lulav/ros2_ws/install/control_msgs/include/control_msgs/control_msgs/msg/detail/pid_state__functions.h
[2.320s] -- Up-to-date symlink: /home/lulav/ros2_ws/install/control_msgs/include/control_msgs/control_msgs/msg/detail/pid_state__struct.h
[2.320s] -- Up-to-date symlink: /home/lulav/ros2_ws/install/control_msgs/include/control_msgs/control_msgs/msg/detail/pid_state__type_support.h
[2.321s] -- Up-to-date symlink: /home/lulav/ros2_ws/install/control_msgs/include/control_msgs/control_msgs/msg/detail/steering_controller_status__functions.h
[2.321s] -- Up-to-date symlink: /home/lulav/ros2_ws/install/control_msgs/include/control_msgs/control_msgs/msg/detail/steering_controller_status__struct.h
[2.321s] -- Up-to-date symlink: /home/lulav/ros2_ws/install/control_msgs/include/control_msgs/control_msgs/msg/detail/steering_controller_status__type_support.h
[2.321s] -- Up-to-date symlink: /home/lulav/ros2_ws/install/control_msgs/include/control_msgs/control_msgs/msg/dynamic_joint_state.h
[2.321s] -- Up-to-date symlink: /home/lulav/ros2_ws/install/control_msgs/include/control_msgs/control_msgs/msg/gripper_command.h
[2.321s] -- Up-to-date symlink: /home/lulav/ros2_ws/install/control_msgs/include/control_msgs/control_msgs/msg/interface_value.h
[2.322s] -- Up-to-date symlink: /home/lulav/ros2_ws/install/control_msgs/include/control_msgs/control_msgs/msg/joint_component_tolerance.h
[2.322s] -- Up-to-date symlink: /home/lulav/ros2_ws/install/control_msgs/include/control_msgs/control_msgs/msg/joint_controller_state.h
[2.322s] -- Up-to-date symlink: /home/lulav/ros2_ws/install/control_msgs/include/control_msgs/control_msgs/msg/joint_jog.h
[2.323s] -- Up-to-date symlink: /home/lulav/ros2_ws/install/control_msgs/include/control_msgs/control_msgs/msg/joint_tolerance.h
[2.323s] -- Up-to-date symlink: /home/lulav/ros2_ws/install/control_msgs/include/control_msgs/control_msgs/msg/joint_trajectory_controller_state.h
[2.323s] -- Up-to-date symlink: /home/lulav/ros2_ws/install/control_msgs/include/control_msgs/control_msgs/msg/mecanum_drive_controller_state.h
[2.323s] -- Up-to-date symlink: /home/lulav/ros2_ws/install/control_msgs/include/control_msgs/control_msgs/msg/pid_state.h
[2.324s] -- Up-to-date symlink: /home/lulav/ros2_ws/install/control_msgs/include/control_msgs/control_msgs/msg/rosidl_generator_c__visibility_control.h
[2.324s] -- Up-to-date symlink: /home/lulav/ros2_ws/install/control_msgs/include/control_msgs/control_msgs/msg/steering_controller_status.h
[2.324s] -- Up-to-date symlink: /home/lulav/ros2_ws/install/control_msgs/include/control_msgs/control_msgs/srv/detail/query_calibration_state__functions.h
[2.324s] -- Up-to-date symlink: /home/lulav/ros2_ws/install/control_msgs/include/control_msgs/control_msgs/srv/detail/query_calibration_state__struct.h
[2.324s] -- Up-to-date symlink: /home/lulav/ros2_ws/install/control_msgs/include/control_msgs/control_msgs/srv/detail/query_calibration_state__type_support.h
[2.325s] -- Up-to-date symlink: /home/lulav/ros2_ws/install/control_msgs/include/control_msgs/control_msgs/srv/detail/query_trajectory_state__functions.h
[2.325s] -- Up-to-date symlink: /home/lulav/ros2_ws/install/control_msgs/include/control_msgs/control_msgs/srv/detail/query_trajectory_state__struct.h
[2.325s] -- Up-to-date symlink: /home/lulav/ros2_ws/install/control_msgs/include/control_msgs/control_msgs/srv/detail/query_trajectory_state__type_support.h
[2.325s] -- Up-to-date symlink: /home/lulav/ros2_ws/install/control_msgs/include/control_msgs/control_msgs/srv/query_calibration_state.h
[2.326s] -- Up-to-date symlink: /home/lulav/ros2_ws/install/control_msgs/include/control_msgs/control_msgs/srv/query_trajectory_state.h
[2.326s] -- Up-to-date symlink: /home/lulav/ros2_ws/install/control_msgs/share/control_msgs/environment/library_path.sh
[2.326s] -- Up-to-date symlink: /home/lulav/ros2_ws/install/control_msgs/share/control_msgs/environment/library_path.dsv
[2.327s] -- Up-to-date symlink: /home/lulav/ros2_ws/install/control_msgs/include/control_msgs/control_msgs/action/detail/follow_joint_trajectory__rosidl_typesupport_fastrtps_c.h
[2.328s] -- Up-to-date symlink: /home/lulav/ros2_ws/install/control_msgs/include/control_msgs/control_msgs/action/detail/gripper_command__rosidl_typesupport_fastrtps_c.h
[2.328s] -- Up-to-date symlink: /home/lulav/ros2_ws/install/control_msgs/include/control_msgs/control_msgs/action/detail/joint_trajectory__rosidl_typesupport_fastrtps_c.h
[2.328s] -- Up-to-date symlink: /home/lulav/ros2_ws/install/control_msgs/include/control_msgs/control_msgs/action/detail/point_head__rosidl_typesupport_fastrtps_c.h
[2.328s] -- Up-to-date symlink: /home/lulav/ros2_ws/install/control_msgs/include/control_msgs/control_msgs/action/detail/single_joint_position__rosidl_typesupport_fastrtps_c.h
[2.328s] -- Up-to-date symlink: /home/lulav/ros2_ws/install/control_msgs/include/control_msgs/control_msgs/msg/detail/admittance_controller_state__rosidl_typesupport_fastrtps_c.h
[2.329s] -- Up-to-date symlink: /home/lulav/ros2_ws/install/control_msgs/include/control_msgs/control_msgs/msg/detail/dynamic_joint_state__rosidl_typesupport_fastrtps_c.h
[2.329s] -- Up-to-date symlink: /home/lulav/ros2_ws/install/control_msgs/include/control_msgs/control_msgs/msg/detail/gripper_command__rosidl_typesupport_fastrtps_c.h
[2.329s] -- Up-to-date symlink: /home/lulav/ros2_ws/install/control_msgs/include/control_msgs/control_msgs/msg/detail/interface_value__rosidl_typesupport_fastrtps_c.h
[2.329s] -- Up-to-date symlink: /home/lulav/ros2_ws/install/control_msgs/include/control_msgs/control_msgs/msg/detail/joint_component_tolerance__rosidl_typesupport_fastrtps_c.h
[2.329s] -- Up-to-date symlink: /home/lulav/ros2_ws/install/control_msgs/include/control_msgs/control_msgs/msg/detail/joint_controller_state__rosidl_typesupport_fastrtps_c.h
[2.329s] -- Up-to-date symlink: /home/lulav/ros2_ws/install/control_msgs/include/control_msgs/control_msgs/msg/detail/joint_jog__rosidl_typesupport_fastrtps_c.h
[2.329s] -- Up-to-date symlink: /home/lulav/ros2_ws/install/control_msgs/include/control_msgs/control_msgs/msg/detail/joint_tolerance__rosidl_typesupport_fastrtps_c.h
[2.330s] -- Up-to-date symlink: /home/lulav/ros2_ws/install/control_msgs/include/control_msgs/control_msgs/msg/detail/joint_trajectory_controller_state__rosidl_typesupport_fastrtps_c.h
[2.330s] -- Up-to-date symlink: /home/lulav/ros2_ws/install/control_msgs/include/control_msgs/control_msgs/msg/detail/mecanum_drive_controller_state__rosidl_typesupport_fastrtps_c.h
[2.330s] -- Up-to-date symlink: /home/lulav/ros2_ws/install/control_msgs/include/control_msgs/control_msgs/msg/detail/pid_state__rosidl_typesupport_fastrtps_c.h
[2.330s] -- Up-to-date symlink: /home/lulav/ros2_ws/install/control_msgs/include/control_msgs/control_msgs/msg/detail/steering_controller_status__rosidl_typesupport_fastrtps_c.h
[2.331s] -- Up-to-date symlink: /home/lulav/ros2_ws/install/control_msgs/include/control_msgs/control_msgs/msg/rosidl_typesupport_fastrtps_c__visibility_control.h
[2.331s] -- Up-to-date symlink: /home/lulav/ros2_ws/install/control_msgs/include/control_msgs/control_msgs/srv/detail/query_calibration_state__rosidl_typesupport_fastrtps_c.h
[2.331s] -- Up-to-date symlink: /home/lulav/ros2_ws/install/control_msgs/include/control_msgs/control_msgs/srv/detail/query_trajectory_state__rosidl_typesupport_fastrtps_c.h
[2.331s] -- Up-to-date symlink: /home/lulav/ros2_ws/install/control_msgs/include/control_msgs/control_msgs/action/detail/follow_joint_trajectory__builder.hpp
[2.332s] -- Up-to-date symlink: /home/lulav/ros2_ws/install/control_msgs/include/control_msgs/control_msgs/action/detail/follow_joint_trajectory__struct.hpp
[2.332s] -- Up-to-date symlink: /home/lulav/ros2_ws/install/control_msgs/include/control_msgs/control_msgs/action/detail/follow_joint_trajectory__traits.hpp
[2.332s] -- Up-to-date symlink: /home/lulav/ros2_ws/install/control_msgs/include/control_msgs/control_msgs/action/detail/gripper_command__builder.hpp
[2.332s] -- Up-to-date symlink: /home/lulav/ros2_ws/install/control_msgs/include/control_msgs/control_msgs/action/detail/gripper_command__struct.hpp
[2.332s] -- Up-to-date symlink: /home/lulav/ros2_ws/install/control_msgs/include/control_msgs/control_msgs/action/detail/gripper_command__traits.hpp
[2.333s] -- Up-to-date symlink: /home/lulav/ros2_ws/install/control_msgs/include/control_msgs/control_msgs/action/detail/joint_trajectory__builder.hpp
[2.333s] -- Up-to-date symlink: /home/lulav/ros2_ws/install/control_msgs/include/control_msgs/control_msgs/action/detail/joint_trajectory__struct.hpp
[2.334s] -- Up-to-date symlink: /home/lulav/ros2_ws/install/control_msgs/include/control_msgs/control_msgs/action/detail/joint_trajectory__traits.hpp
[2.334s] -- Up-to-date symlink: /home/lulav/ros2_ws/install/control_msgs/include/control_msgs/control_msgs/action/detail/point_head__builder.hpp
[2.334s] -- Up-to-date symlink: /home/lulav/ros2_ws/install/control_msgs/include/control_msgs/control_msgs/action/detail/point_head__struct.hpp
[2.334s] -- Up-to-date symlink: /home/lulav/ros2_ws/install/control_msgs/include/control_msgs/control_msgs/action/detail/point_head__traits.hpp
[2.334s] -- Up-to-date symlink: /home/lulav/ros2_ws/install/control_msgs/include/control_msgs/control_msgs/action/detail/single_joint_position__builder.hpp
[2.334s] -- Up-to-date symlink: /home/lulav/ros2_ws/install/control_msgs/include/control_msgs/control_msgs/action/detail/single_joint_position__struct.hpp
[2.334s] -- Up-to-date symlink: /home/lulav/ros2_ws/install/control_msgs/include/control_msgs/control_msgs/action/detail/single_joint_position__traits.hpp
[2.334s] -- Up-to-date symlink: /home/lulav/ros2_ws/install/control_msgs/include/control_msgs/control_msgs/action/follow_joint_trajectory.hpp
[2.335s] -- Up-to-date symlink: /home/lulav/ros2_ws/install/control_msgs/include/control_msgs/control_msgs/action/gripper_command.hpp
[2.335s] -- Up-to-date symlink: /home/lulav/ros2_ws/install/control_msgs/include/control_msgs/control_msgs/action/joint_trajectory.hpp
[2.335s] -- Up-to-date symlink: /home/lulav/ros2_ws/install/control_msgs/include/control_msgs/control_msgs/action/point_head.hpp
[2.335s] -- Up-to-date symlink: /home/lulav/ros2_ws/install/control_msgs/include/control_msgs/control_msgs/action/single_joint_position.hpp
[2.335s] -- Up-to-date symlink: /home/lulav/ros2_ws/install/control_msgs/include/control_msgs/control_msgs/msg/admittance_controller_state.hpp
[2.335s] -- Up-to-date symlink: /home/lulav/ros2_ws/install/control_msgs/include/control_msgs/control_msgs/msg/detail/admittance_controller_state__builder.hpp
[2.335s] -- Up-to-date symlink: /home/lulav/ros2_ws/install/control_msgs/include/control_msgs/control_msgs/msg/detail/admittance_controller_state__struct.hpp
[2.336s] -- Up-to-date symlink: /home/lulav/ros2_ws/install/control_msgs/include/control_msgs/control_msgs/msg/detail/admittance_controller_state__traits.hpp
[2.336s] -- Up-to-date symlink: /home/lulav/ros2_ws/install/control_msgs/include/control_msgs/control_msgs/msg/detail/dynamic_joint_state__builder.hpp
[2.336s] -- Up-to-date symlink: /home/lulav/ros2_ws/install/control_msgs/include/control_msgs/control_msgs/msg/detail/dynamic_joint_state__struct.hpp
[2.336s] -- Up-to-date symlink: /home/lulav/ros2_ws/install/control_msgs/include/control_msgs/control_msgs/msg/detail/dynamic_joint_state__traits.hpp
[2.336s] -- Up-to-date symlink: /home/lulav/ros2_ws/install/control_msgs/include/control_msgs/control_msgs/msg/detail/gripper_command__builder.hpp
[2.337s] -- Up-to-date symlink: /home/lulav/ros2_ws/install/control_msgs/include/control_msgs/control_msgs/msg/detail/gripper_command__struct.hpp
[2.337s] -- Up-to-date symlink: /home/lulav/ros2_ws/install/control_msgs/include/control_msgs/control_msgs/msg/detail/gripper_command__traits.hpp
[2.337s] -- Up-to-date symlink: /home/lulav/ros2_ws/install/control_msgs/include/control_msgs/control_msgs/msg/detail/interface_value__builder.hpp
[2.337s] -- Up-to-date symlink: /home/lulav/ros2_ws/install/control_msgs/include/control_msgs/control_msgs/msg/detail/interface_value__struct.hpp
[2.337s] -- Up-to-date symlink: /home/lulav/ros2_ws/install/control_msgs/include/control_msgs/control_msgs/msg/detail/interface_value__traits.hpp
[2.337s] -- Up-to-date symlink: /home/lulav/ros2_ws/install/control_msgs/include/control_msgs/control_msgs/msg/detail/joint_component_tolerance__builder.hpp
[2.338s] -- Up-to-date symlink: /home/lulav/ros2_ws/install/control_msgs/include/control_msgs/control_msgs/msg/detail/joint_component_tolerance__struct.hpp
[2.338s] -- Up-to-date symlink: /home/lulav/ros2_ws/install/control_msgs/include/control_msgs/control_msgs/msg/detail/joint_component_tolerance__traits.hpp
[2.339s] -- Up-to-date symlink: /home/lulav/ros2_ws/install/control_msgs/include/control_msgs/control_msgs/msg/detail/joint_controller_state__builder.hpp
[2.339s] -- Up-to-date symlink: /home/lulav/ros2_ws/install/control_msgs/include/control_msgs/control_msgs/msg/detail/joint_controller_state__struct.hpp
[2.339s] -- Up-to-date symlink: /home/lulav/ros2_ws/install/control_msgs/include/control_msgs/control_msgs/msg/detail/joint_controller_state__traits.hpp
[2.339s] -- Up-to-date symlink: /home/lulav/ros2_ws/install/control_msgs/include/control_msgs/control_msgs/msg/detail/joint_jog__builder.hpp
[2.339s] -- Up-to-date symlink: /home/lulav/ros2_ws/install/control_msgs/include/control_msgs/control_msgs/msg/detail/joint_jog__struct.hpp
[2.339s] -- Up-to-date symlink: /home/lulav/ros2_ws/install/control_msgs/include/control_msgs/control_msgs/msg/detail/joint_jog__traits.hpp
[2.340s] -- Up-to-date symlink: /home/lulav/ros2_ws/install/control_msgs/include/control_msgs/control_msgs/msg/detail/joint_tolerance__builder.hpp
[2.340s] -- Up-to-date symlink: /home/lulav/ros2_ws/install/control_msgs/include/control_msgs/control_msgs/msg/detail/joint_tolerance__struct.hpp
[2.341s] -- Up-to-date symlink: /home/lulav/ros2_ws/install/control_msgs/include/control_msgs/control_msgs/msg/detail/joint_tolerance__traits.hpp
[2.341s] -- Up-to-date symlink: /home/lulav/ros2_ws/install/control_msgs/include/control_msgs/control_msgs/msg/detail/joint_trajectory_controller_state__builder.hpp
[2.341s] -- Up-to-date symlink: /home/lulav/ros2_ws/install/control_msgs/include/control_msgs/control_msgs/msg/detail/joint_trajectory_controller_state__struct.hpp
[2.341s] -- Up-to-date symlink: /home/lulav/ros2_ws/install/control_msgs/include/control_msgs/control_msgs/msg/detail/joint_trajectory_controller_state__traits.hpp
[2.342s] -- Up-to-date symlink: /home/lulav/ros2_ws/install/control_msgs/include/control_msgs/control_msgs/msg/detail/mecanum_drive_controller_state__builder.hpp
[2.342s] -- Up-to-date symlink: /home/lulav/ros2_ws/install/control_msgs/include/control_msgs/control_msgs/msg/detail/mecanum_drive_controller_state__struct.hpp
[2.342s] -- Up-to-date symlink: /home/lulav/ros2_ws/install/control_msgs/include/control_msgs/control_msgs/msg/detail/mecanum_drive_controller_state__traits.hpp
[2.342s] -- Up-to-date symlink: /home/lulav/ros2_ws/install/control_msgs/include/control_msgs/control_msgs/msg/detail/pid_state__builder.hpp
[2.342s] -- Up-to-date symlink: /home/lulav/ros2_ws/install/control_msgs/include/control_msgs/control_msgs/msg/detail/pid_state__struct.hpp
[2.342s] -- Up-to-date symlink: /home/lulav/ros2_ws/install/control_msgs/include/control_msgs/control_msgs/msg/detail/pid_state__traits.hpp
[2.342s] -- Up-to-date symlink: /home/lulav/ros2_ws/install/control_msgs/include/control_msgs/control_msgs/msg/detail/steering_controller_status__builder.hpp
[2.343s] -- Up-to-date symlink: /home/lulav/ros2_ws/install/control_msgs/include/control_msgs/control_msgs/msg/detail/steering_controller_status__struct.hpp
[2.343s] -- Up-to-date symlink: /home/lulav/ros2_ws/install/control_msgs/include/control_msgs/control_msgs/msg/detail/steering_controller_status__traits.hpp
[2.343s] -- Up-to-date symlink: /home/lulav/ros2_ws/install/control_msgs/include/control_msgs/control_msgs/msg/dynamic_joint_state.hpp
[2.343s] -- Up-to-date symlink: /home/lulav/ros2_ws/install/control_msgs/include/control_msgs/control_msgs/msg/gripper_command.hpp
[2.343s] -- Up-to-date symlink: /home/lulav/ros2_ws/install/control_msgs/include/control_msgs/control_msgs/msg/interface_value.hpp
[2.343s] -- Up-to-date symlink: /home/lulav/ros2_ws/install/control_msgs/include/control_msgs/control_msgs/msg/joint_component_tolerance.hpp
[2.344s] -- Up-to-date symlink: /home/lulav/ros2_ws/install/control_msgs/include/control_msgs/control_msgs/msg/joint_controller_state.hpp
[2.344s] -- Up-to-date symlink: /home/lulav/ros2_ws/install/control_msgs/include/control_msgs/control_msgs/msg/joint_jog.hpp
[2.344s] -- Up-to-date symlink: /home/lulav/ros2_ws/install/control_msgs/include/control_msgs/control_msgs/msg/joint_tolerance.hpp
[2.344s] -- Up-to-date symlink: /home/lulav/ros2_ws/install/control_msgs/include/control_msgs/control_msgs/msg/joint_trajectory_controller_state.hpp
[2.344s] -- Up-to-date symlink: /home/lulav/ros2_ws/install/control_msgs/include/control_msgs/control_msgs/msg/mecanum_drive_controller_state.hpp
[2.344s] -- Up-to-date symlink: /home/lulav/ros2_ws/install/control_msgs/include/control_msgs/control_msgs/msg/pid_state.hpp
[2.345s] -- Up-to-date symlink: /home/lulav/ros2_ws/install/control_msgs/include/control_msgs/control_msgs/msg/steering_controller_status.hpp
[2.345s] -- Up-to-date symlink: /home/lulav/ros2_ws/install/control_msgs/include/control_msgs/control_msgs/srv/detail/query_calibration_state__builder.hpp
[2.345s] -- Up-to-date symlink: /home/lulav/ros2_ws/install/control_msgs/include/control_msgs/control_msgs/srv/detail/query_calibration_state__struct.hpp
[2.345s] -- Up-to-date symlink: /home/lulav/ros2_ws/install/control_msgs/include/control_msgs/control_msgs/srv/detail/query_calibration_state__traits.hpp
[2.345s] -- Up-to-date symlink: /home/lulav/ros2_ws/install/control_msgs/include/control_msgs/control_msgs/srv/detail/query_trajectory_state__builder.hpp
[2.345s] -- Up-to-date symlink: /home/lulav/ros2_ws/install/control_msgs/include/control_msgs/control_msgs/srv/detail/query_trajectory_state__struct.hpp
[2.345s] -- Up-to-date symlink: /home/lulav/ros2_ws/install/control_msgs/include/control_msgs/control_msgs/srv/detail/query_trajectory_state__traits.hpp
[2.346s] -- Up-to-date symlink: /home/lulav/ros2_ws/install/control_msgs/include/control_msgs/control_msgs/srv/query_calibration_state.hpp
[2.346s] -- Up-to-date symlink: /home/lulav/ros2_ws/install/control_msgs/include/control_msgs/control_msgs/srv/query_trajectory_state.hpp
[2.355s] -- Up-to-date symlink: /home/lulav/ros2_ws/install/control_msgs/include/control_msgs/control_msgs/action/detail/follow_joint_trajectory__rosidl_typesupport_fastrtps_cpp.hpp
[2.355s] -- Up-to-date symlink: /home/lulav/ros2_ws/install/control_msgs/include/control_msgs/control_msgs/action/detail/gripper_command__rosidl_typesupport_fastrtps_cpp.hpp
[2.356s] -- Up-to-date symlink: /home/lulav/ros2_ws/install/control_msgs/include/control_msgs/control_msgs/action/detail/joint_trajectory__rosidl_typesupport_fastrtps_cpp.hpp
[2.367s] -- Up-to-date symlink: /home/lulav/ros2_ws/install/control_msgs/include/control_msgs/control_msgs/action/detail/point_head__rosidl_typesupport_fastrtps_cpp.hpp
[2.367s] -- Up-to-date symlink: /home/lulav/ros2_ws/install/control_msgs/include/control_msgs/control_msgs/action/detail/single_joint_position__rosidl_typesupport_fastrtps_cpp.hpp
[2.368s] -- Up-to-date symlink: /home/lulav/ros2_ws/install/control_msgs/include/control_msgs/control_msgs/msg/detail/admittance_controller_state__rosidl_typesupport_fastrtps_cpp.hpp
[2.368s] -- Up-to-date symlink: /home/lulav/ros2_ws/install/control_msgs/include/control_msgs/control_msgs/msg/detail/dynamic_joint_state__rosidl_typesupport_fastrtps_cpp.hpp
[2.368s] -- Up-to-date symlink: /home/lulav/ros2_ws/install/control_msgs/include/control_msgs/control_msgs/msg/detail/gripper_command__rosidl_typesupport_fastrtps_cpp.hpp
[2.368s] -- Up-to-date symlink: /home/lulav/ros2_ws/install/control_msgs/include/control_msgs/control_msgs/msg/detail/interface_value__rosidl_typesupport_fastrtps_cpp.hpp
[2.368s] -- Up-to-date symlink: /home/lulav/ros2_ws/install/control_msgs/include/control_msgs/control_msgs/msg/detail/joint_component_tolerance__rosidl_typesupport_fastrtps_cpp.hpp
[2.368s] -- Up-to-date symlink: /home/lulav/ros2_ws/install/control_msgs/include/control_msgs/control_msgs/msg/detail/joint_controller_state__rosidl_typesupport_fastrtps_cpp.hpp
[2.369s] -- Up-to-date symlink: /home/lulav/ros2_ws/install/control_msgs/include/control_msgs/control_msgs/msg/detail/joint_jog__rosidl_typesupport_fastrtps_cpp.hpp
[2.369s] -- Up-to-date symlink: /home/lulav/ros2_ws/install/control_msgs/include/control_msgs/control_msgs/msg/detail/joint_tolerance__rosidl_typesupport_fastrtps_cpp.hpp
[2.369s] -- Up-to-date symlink: /home/lulav/ros2_ws/install/control_msgs/include/control_msgs/control_msgs/msg/detail/joint_trajectory_controller_state__rosidl_typesupport_fastrtps_cpp.hpp
[2.369s] -- Up-to-date symlink: /home/lulav/ros2_ws/install/control_msgs/include/control_msgs/control_msgs/msg/detail/mecanum_drive_controller_state__rosidl_typesupport_fastrtps_cpp.hpp
[2.369s] -- Up-to-date symlink: /home/lulav/ros2_ws/install/control_msgs/include/control_msgs/control_msgs/msg/detail/pid_state__rosidl_typesupport_fastrtps_cpp.hpp
[2.369s] -- Up-to-date symlink: /home/lulav/ros2_ws/install/control_msgs/include/control_msgs/control_msgs/msg/detail/steering_controller_status__rosidl_typesupport_fastrtps_cpp.hpp
[2.369s] -- Up-to-date symlink: /home/lulav/ros2_ws/install/control_msgs/include/control_msgs/control_msgs/msg/rosidl_typesupport_fastrtps_cpp__visibility_control.h
[2.370s] -- Up-to-date symlink: /home/lulav/ros2_ws/install/control_msgs/include/control_msgs/control_msgs/srv/detail/query_calibration_state__rosidl_typesupport_fastrtps_cpp.hpp
[2.370s] -- Up-to-date symlink: /home/lulav/ros2_ws/install/control_msgs/include/control_msgs/control_msgs/srv/detail/query_trajectory_state__rosidl_typesupport_fastrtps_cpp.hpp
[2.372s] -- Up-to-date symlink: /home/lulav/ros2_ws/install/control_msgs/include/control_msgs/control_msgs/action/detail/follow_joint_trajectory__rosidl_typesupport_introspection_c.h
[2.372s] -- Up-to-date symlink: /home/lulav/ros2_ws/install/control_msgs/include/control_msgs/control_msgs/action/detail/gripper_command__rosidl_typesupport_introspection_c.h
[2.372s] -- Up-to-date symlink: /home/lulav/ros2_ws/install/control_msgs/include/control_msgs/control_msgs/action/detail/joint_trajectory__rosidl_typesupport_introspection_c.h
[2.372s] -- Up-to-date symlink: /home/lulav/ros2_ws/install/control_msgs/include/control_msgs/control_msgs/action/detail/point_head__rosidl_typesupport_introspection_c.h
[2.373s] -- Up-to-date symlink: /home/lulav/ros2_ws/install/control_msgs/include/control_msgs/control_msgs/action/detail/single_joint_position__rosidl_typesupport_introspection_c.h
[2.373s] -- Up-to-date symlink: /home/lulav/ros2_ws/install/control_msgs/include/control_msgs/control_msgs/msg/detail/admittance_controller_state__rosidl_typesupport_introspection_c.h
[2.373s] -- Up-to-date symlink: /home/lulav/ros2_ws/install/control_msgs/include/control_msgs/control_msgs/msg/detail/dynamic_joint_state__rosidl_typesupport_introspection_c.h
[2.373s] -- Up-to-date symlink: /home/lulav/ros2_ws/install/control_msgs/include/control_msgs/control_msgs/msg/detail/gripper_command__rosidl_typesupport_introspection_c.h
[2.373s] -- Up-to-date symlink: /home/lulav/ros2_ws/install/control_msgs/include/control_msgs/control_msgs/msg/detail/interface_value__rosidl_typesupport_introspection_c.h
[2.374s] -- Up-to-date symlink: /home/lulav/ros2_ws/install/control_msgs/include/control_msgs/control_msgs/msg/detail/joint_component_tolerance__rosidl_typesupport_introspection_c.h
[2.374s] -- Up-to-date symlink: /home/lulav/ros2_ws/install/control_msgs/include/control_msgs/control_msgs/msg/detail/joint_controller_state__rosidl_typesupport_introspection_c.h
[2.374s] -- Up-to-date symlink: /home/lulav/ros2_ws/install/control_msgs/include/control_msgs/control_msgs/msg/detail/joint_jog__rosidl_typesupport_introspection_c.h
[2.374s] -- Up-to-date symlink: /home/lulav/ros2_ws/install/control_msgs/include/control_msgs/control_msgs/msg/detail/joint_tolerance__rosidl_typesupport_introspection_c.h
[2.375s] -- Up-to-date symlink: /home/lulav/ros2_ws/install/control_msgs/include/control_msgs/control_msgs/msg/detail/joint_trajectory_controller_state__rosidl_typesupport_introspection_c.h
[2.375s] -- Up-to-date symlink: /home/lulav/ros2_ws/install/control_msgs/include/control_msgs/control_msgs/msg/detail/mecanum_drive_controller_state__rosidl_typesupport_introspection_c.h
[2.375s] -- Up-to-date symlink: /home/lulav/ros2_ws/install/control_msgs/include/control_msgs/control_msgs/msg/detail/pid_state__rosidl_typesupport_introspection_c.h
[2.375s] -- Up-to-date symlink: /home/lulav/ros2_ws/install/control_msgs/include/control_msgs/control_msgs/msg/detail/steering_controller_status__rosidl_typesupport_introspection_c.h
[2.375s] -- Up-to-date symlink: /home/lulav/ros2_ws/install/control_msgs/include/control_msgs/control_msgs/msg/rosidl_typesupport_introspection_c__visibility_control.h
[2.376s] -- Up-to-date symlink: /home/lulav/ros2_ws/install/control_msgs/include/control_msgs/control_msgs/srv/detail/query_calibration_state__rosidl_typesupport_introspection_c.h
[2.376s] -- Up-to-date symlink: /home/lulav/ros2_ws/install/control_msgs/include/control_msgs/control_msgs/srv/detail/query_trajectory_state__rosidl_typesupport_introspection_c.h
[2.376s] -- Up-to-date symlink: /home/lulav/ros2_ws/install/control_msgs/include/control_msgs/control_msgs/action/detail/follow_joint_trajectory__rosidl_typesupport_introspection_cpp.hpp
[2.376s] -- Up-to-date symlink: /home/lulav/ros2_ws/install/control_msgs/include/control_msgs/control_msgs/action/detail/gripper_command__rosidl_typesupport_introspection_cpp.hpp
[2.376s] -- Up-to-date symlink: /home/lulav/ros2_ws/install/control_msgs/include/control_msgs/control_msgs/action/detail/joint_trajectory__rosidl_typesupport_introspection_cpp.hpp
[2.377s] -- Up-to-date symlink: /home/lulav/ros2_ws/install/control_msgs/include/control_msgs/control_msgs/action/detail/point_head__rosidl_typesupport_introspection_cpp.hpp
[2.377s] -- Up-to-date symlink: /home/lulav/ros2_ws/install/control_msgs/include/control_msgs/control_msgs/action/detail/single_joint_position__rosidl_typesupport_introspection_cpp.hpp
[2.377s] -- Up-to-date symlink: /home/lulav/ros2_ws/install/control_msgs/include/control_msgs/control_msgs/msg/detail/admittance_controller_state__rosidl_typesupport_introspection_cpp.hpp
[2.377s] -- Up-to-date symlink: /home/lulav/ros2_ws/install/control_msgs/include/control_msgs/control_msgs/msg/detail/dynamic_joint_state__rosidl_typesupport_introspection_cpp.hpp
[2.378s] -- Up-to-date symlink: /home/lulav/ros2_ws/install/control_msgs/include/control_msgs/control_msgs/msg/detail/gripper_command__rosidl_typesupport_introspection_cpp.hpp
[2.378s] -- Up-to-date symlink: /home/lulav/ros2_ws/install/control_msgs/include/control_msgs/control_msgs/msg/detail/interface_value__rosidl_typesupport_introspection_cpp.hpp
[2.378s] -- Up-to-date symlink: /home/lulav/ros2_ws/install/control_msgs/include/control_msgs/control_msgs/msg/detail/joint_component_tolerance__rosidl_typesupport_introspection_cpp.hpp
[2.378s] -- Up-to-date symlink: /home/lulav/ros2_ws/install/control_msgs/include/control_msgs/control_msgs/msg/detail/joint_controller_state__rosidl_typesupport_introspection_cpp.hpp
[2.378s] -- Up-to-date symlink: /home/lulav/ros2_ws/install/control_msgs/include/control_msgs/control_msgs/msg/detail/joint_jog__rosidl_typesupport_introspection_cpp.hpp
[2.379s] -- Up-to-date symlink: /home/lulav/ros2_ws/install/control_msgs/include/control_msgs/control_msgs/msg/detail/joint_tolerance__rosidl_typesupport_introspection_cpp.hpp
[2.379s] -- Up-to-date symlink: /home/lulav/ros2_ws/install/control_msgs/include/control_msgs/control_msgs/msg/detail/joint_trajectory_controller_state__rosidl_typesupport_introspection_cpp.hpp
[2.379s] -- Up-to-date symlink: /home/lulav/ros2_ws/install/control_msgs/include/control_msgs/control_msgs/msg/detail/mecanum_drive_controller_state__rosidl_typesupport_introspection_cpp.hpp
[2.379s] -- Up-to-date symlink: /home/lulav/ros2_ws/install/control_msgs/include/control_msgs/control_msgs/msg/detail/pid_state__rosidl_typesupport_introspection_cpp.hpp
[2.379s] -- Up-to-date symlink: /home/lulav/ros2_ws/install/control_msgs/include/control_msgs/control_msgs/msg/detail/steering_controller_status__rosidl_typesupport_introspection_cpp.hpp
[2.380s] -- Up-to-date symlink: /home/lulav/ros2_ws/install/control_msgs/include/control_msgs/control_msgs/srv/detail/query_calibration_state__rosidl_typesupport_introspection_cpp.hpp
[2.380s] -- Up-to-date symlink: /home/lulav/ros2_ws/install/control_msgs/include/control_msgs/control_msgs/srv/detail/query_trajectory_state__rosidl_typesupport_introspection_cpp.hpp
[2.380s] -- Up-to-date symlink: /home/lulav/ros2_ws/install/control_msgs/share/control_msgs/environment/pythonpath.sh
[2.380s] -- Up-to-date symlink: /home/lulav/ros2_ws/install/control_msgs/share/control_msgs/environment/pythonpath.dsv
[2.380s] -- Up-to-date symlink: /home/lulav/ros2_ws/install/control_msgs/local/lib/python3.10/dist-packages/control_msgs-4.4.0-py3.10.egg-info/PKG-INFO
[2.381s] -- Up-to-date symlink: /home/lulav/ros2_ws/install/control_msgs/local/lib/python3.10/dist-packages/control_msgs-4.4.0-py3.10.egg-info/SOURCES.txt
[2.381s] -- Up-to-date symlink: /home/lulav/ros2_ws/install/control_msgs/local/lib/python3.10/dist-packages/control_msgs-4.4.0-py3.10.egg-info/dependency_links.txt
[2.381s] -- Up-to-date symlink: /home/lulav/ros2_ws/install/control_msgs/local/lib/python3.10/dist-packages/control_msgs-4.4.0-py3.10.egg-info/top_level.txt
[2.381s] -- Up-to-date symlink: /home/lulav/ros2_ws/install/control_msgs/local/lib/python3.10/dist-packages/control_msgs/__init__.py
[2.382s] -- Up-to-date symlink: /home/lulav/ros2_ws/install/control_msgs/local/lib/python3.10/dist-packages/control_msgs/_control_msgs_s.ep.rosidl_typesupport_c.c
[2.382s] -- Up-to-date symlink: /home/lulav/ros2_ws/install/control_msgs/local/lib/python3.10/dist-packages/control_msgs/_control_msgs_s.ep.rosidl_typesupport_fastrtps_c.c
[2.382s] -- Up-to-date symlink: /home/lulav/ros2_ws/install/control_msgs/local/lib/python3.10/dist-packages/control_msgs/_control_msgs_s.ep.rosidl_typesupport_introspection_c.c
[2.382s] -- Up-to-date symlink: /home/lulav/ros2_ws/install/control_msgs/local/lib/python3.10/dist-packages/control_msgs/action/__init__.py
[2.382s] -- Up-to-date symlink: /home/lulav/ros2_ws/install/control_msgs/local/lib/python3.10/dist-packages/control_msgs/action/_follow_joint_trajectory.py
[2.382s] -- Up-to-date symlink: /home/lulav/ros2_ws/install/control_msgs/local/lib/python3.10/dist-packages/control_msgs/action/_follow_joint_trajectory_s.c
[2.382s] -- Up-to-date symlink: /home/lulav/ros2_ws/install/control_msgs/local/lib/python3.10/dist-packages/control_msgs/action/_gripper_command.py
[2.383s] -- Up-to-date symlink: /home/lulav/ros2_ws/install/control_msgs/local/lib/python3.10/dist-packages/control_msgs/action/_gripper_command_s.c
[2.383s] -- Up-to-date symlink: /home/lulav/ros2_ws/install/control_msgs/local/lib/python3.10/dist-packages/control_msgs/action/_joint_trajectory.py
[2.383s] -- Up-to-date symlink: /home/lulav/ros2_ws/install/control_msgs/local/lib/python3.10/dist-packages/control_msgs/action/_joint_trajectory_s.c
[2.383s] -- Up-to-date symlink: /home/lulav/ros2_ws/install/control_msgs/local/lib/python3.10/dist-packages/control_msgs/action/_point_head.py
[2.383s] -- Up-to-date symlink: /home/lulav/ros2_ws/install/control_msgs/local/lib/python3.10/dist-packages/control_msgs/action/_point_head_s.c
[2.384s] -- Up-to-date symlink: /home/lulav/ros2_ws/install/control_msgs/local/lib/python3.10/dist-packages/control_msgs/action/_single_joint_position.py
[2.384s] -- Up-to-date symlink: /home/lulav/ros2_ws/install/control_msgs/local/lib/python3.10/dist-packages/control_msgs/action/_single_joint_position_s.c
[2.384s] -- Up-to-date symlink: /home/lulav/ros2_ws/install/control_msgs/local/lib/python3.10/dist-packages/control_msgs/control_msgs_s__rosidl_typesupport_c.cpython-310-x86_64-linux-gnu.so
[2.385s] -- Up-to-date symlink: /home/lulav/ros2_ws/install/control_msgs/local/lib/python3.10/dist-packages/control_msgs/control_msgs_s__rosidl_typesupport_fastrtps_c.cpython-310-x86_64-linux-gnu.so
[2.385s] -- Up-to-date symlink: /home/lulav/ros2_ws/install/control_msgs/local/lib/python3.10/dist-packages/control_msgs/control_msgs_s__rosidl_typesupport_introspection_c.cpython-310-x86_64-linux-gnu.so
[2.386s] -- Up-to-date symlink: /home/lulav/ros2_ws/install/control_msgs/local/lib/python3.10/dist-packages/control_msgs/libcontrol_msgs__rosidl_generator_py.so
[2.386s] -- Up-to-date symlink: /home/lulav/ros2_ws/install/control_msgs/local/lib/python3.10/dist-packages/control_msgs/msg/__init__.py
[2.386s] -- Up-to-date symlink: /home/lulav/ros2_ws/install/control_msgs/local/lib/python3.10/dist-packages/control_msgs/msg/_admittance_controller_state.py
[2.386s] -- Up-to-date symlink: /home/lulav/ros2_ws/install/control_msgs/local/lib/python3.10/dist-packages/control_msgs/msg/_admittance_controller_state_s.c
[2.387s] -- Up-to-date symlink: /home/lulav/ros2_ws/install/control_msgs/local/lib/python3.10/dist-packages/control_msgs/msg/_dynamic_joint_state.py
[2.387s] -- Up-to-date symlink: /home/lulav/ros2_ws/install/control_msgs/local/lib/python3.10/dist-packages/control_msgs/msg/_dynamic_joint_state_s.c
[2.387s] -- Up-to-date symlink: /home/lulav/ros2_ws/install/control_msgs/local/lib/python3.10/dist-packages/control_msgs/msg/_gripper_command.py
[2.388s] -- Up-to-date symlink: /home/lulav/ros2_ws/install/control_msgs/local/lib/python3.10/dist-packages/control_msgs/msg/_gripper_command_s.c
[2.388s] -- Up-to-date symlink: /home/lulav/ros2_ws/install/control_msgs/local/lib/python3.10/dist-packages/control_msgs/msg/_interface_value.py
[2.388s] -- Up-to-date symlink: /home/lulav/ros2_ws/install/control_msgs/local/lib/python3.10/dist-packages/control_msgs/msg/_interface_value_s.c
[2.388s] -- Up-to-date symlink: /home/lulav/ros2_ws/install/control_msgs/local/lib/python3.10/dist-packages/control_msgs/msg/_joint_component_tolerance.py
[2.388s] -- Up-to-date symlink: /home/lulav/ros2_ws/install/control_msgs/local/lib/python3.10/dist-packages/control_msgs/msg/_joint_component_tolerance_s.c
[2.389s] -- Up-to-date symlink: /home/lulav/ros2_ws/install/control_msgs/local/lib/python3.10/dist-packages/control_msgs/msg/_joint_controller_state.py
[2.389s] -- Up-to-date symlink: /home/lulav/ros2_ws/install/control_msgs/local/lib/python3.10/dist-packages/control_msgs/msg/_joint_controller_state_s.c
[2.389s] -- Up-to-date symlink: /home/lulav/ros2_ws/install/control_msgs/local/lib/python3.10/dist-packages/control_msgs/msg/_joint_jog.py
[2.389s] -- Up-to-date symlink: /home/lulav/ros2_ws/install/control_msgs/local/lib/python3.10/dist-packages/control_msgs/msg/_joint_jog_s.c
[2.390s] -- Up-to-date symlink: /home/lulav/ros2_ws/install/control_msgs/local/lib/python3.10/dist-packages/control_msgs/msg/_joint_tolerance.py
[2.390s] -- Up-to-date symlink: /home/lulav/ros2_ws/install/control_msgs/local/lib/python3.10/dist-packages/control_msgs/msg/_joint_tolerance_s.c
[2.390s] -- Up-to-date symlink: /home/lulav/ros2_ws/install/control_msgs/local/lib/python3.10/dist-packages/control_msgs/msg/_joint_trajectory_controller_state.py
[2.390s] -- Up-to-date symlink: /home/lulav/ros2_ws/install/control_msgs/local/lib/python3.10/dist-packages/control_msgs/msg/_joint_trajectory_controller_state_s.c
[2.390s] -- Up-to-date symlink: /home/lulav/ros2_ws/install/control_msgs/local/lib/python3.10/dist-packages/control_msgs/msg/_mecanum_drive_controller_state.py
[2.391s] -- Up-to-date symlink: /home/lulav/ros2_ws/install/control_msgs/local/lib/python3.10/dist-packages/control_msgs/msg/_mecanum_drive_controller_state_s.c
[2.391s] -- Up-to-date symlink: /home/lulav/ros2_ws/install/control_msgs/local/lib/python3.10/dist-packages/control_msgs/msg/_pid_state.py
[2.391s] -- Up-to-date symlink: /home/lulav/ros2_ws/install/control_msgs/local/lib/python3.10/dist-packages/control_msgs/msg/_pid_state_s.c
[2.391s] -- Up-to-date symlink: /home/lulav/ros2_ws/install/control_msgs/local/lib/python3.10/dist-packages/control_msgs/msg/_steering_controller_status.py
[2.392s] -- Up-to-date symlink: /home/lulav/ros2_ws/install/control_msgs/local/lib/python3.10/dist-packages/control_msgs/msg/_steering_controller_status_s.c
[2.392s] -- Up-to-date symlink: /home/lulav/ros2_ws/install/control_msgs/local/lib/python3.10/dist-packages/control_msgs/srv/__init__.py
[2.393s] -- Up-to-date symlink: /home/lulav/ros2_ws/install/control_msgs/local/lib/python3.10/dist-packages/control_msgs/srv/_query_calibration_state.py
[2.393s] -- Up-to-date symlink: /home/lulav/ros2_ws/install/control_msgs/local/lib/python3.10/dist-packages/control_msgs/srv/_query_calibration_state_s.c
[2.393s] -- Up-to-date symlink: /home/lulav/ros2_ws/install/control_msgs/local/lib/python3.10/dist-packages/control_msgs/srv/_query_trajectory_state.py
[2.393s] -- Up-to-date symlink: /home/lulav/ros2_ws/install/control_msgs/local/lib/python3.10/dist-packages/control_msgs/srv/_query_trajectory_state_s.c
[2.393s] -- Up-to-date symlink: /home/lulav/ros2_ws/install/control_msgs/local/lib/python3.10/dist-packages/control_msgs/control_msgs_s__rosidl_typesupport_fastrtps_c.cpython-310-x86_64-linux-gnu.so
[2.394s] -- Up-to-date symlink: /home/lulav/ros2_ws/install/control_msgs/local/lib/python3.10/dist-packages/control_msgs/control_msgs_s__rosidl_typesupport_introspection_c.cpython-310-x86_64-linux-gnu.so
[2.394s] -- Up-to-date symlink: /home/lulav/ros2_ws/install/control_msgs/local/lib/python3.10/dist-packages/control_msgs/control_msgs_s__rosidl_typesupport_c.cpython-310-x86_64-linux-gnu.so
[2.394s] -- Up-to-date symlink: /home/lulav/ros2_ws/install/control_msgs/share/control_msgs/action/FollowJointTrajectory.idl
[2.394s] -- Up-to-date symlink: /home/lulav/ros2_ws/install/control_msgs/share/control_msgs/action/GripperCommand.idl
[2.394s] -- Up-to-date symlink: /home/lulav/ros2_ws/install/control_msgs/share/control_msgs/action/JointTrajectory.idl
[2.395s] -- Up-to-date symlink: /home/lulav/ros2_ws/install/control_msgs/share/control_msgs/action/PointHead.idl
[2.395s] -- Up-to-date symlink: /home/lulav/ros2_ws/install/control_msgs/share/control_msgs/action/SingleJointPosition.idl
[2.395s] -- Up-to-date symlink: /home/lulav/ros2_ws/install/control_msgs/share/control_msgs/msg/AdmittanceControllerState.idl
[2.395s] -- Up-to-date symlink: /home/lulav/ros2_ws/install/control_msgs/share/control_msgs/msg/DynamicJointState.idl
[2.396s] -- Up-to-date symlink: /home/lulav/ros2_ws/install/control_msgs/share/control_msgs/msg/GripperCommand.idl
[2.396s] -- Up-to-date symlink: /home/lulav/ros2_ws/install/control_msgs/share/control_msgs/msg/InterfaceValue.idl
[2.396s] -- Up-to-date symlink: /home/lulav/ros2_ws/install/control_msgs/share/control_msgs/msg/JointComponentTolerance.idl
[2.397s] -- Up-to-date symlink: /home/lulav/ros2_ws/install/control_msgs/share/control_msgs/msg/JointControllerState.idl
[2.397s] -- Up-to-date symlink: /home/lulav/ros2_ws/install/control_msgs/share/control_msgs/msg/JointJog.idl
[2.397s] -- Up-to-date symlink: /home/lulav/ros2_ws/install/control_msgs/share/control_msgs/msg/JointTolerance.idl
[2.397s] -- Up-to-date symlink: /home/lulav/ros2_ws/install/control_msgs/share/control_msgs/msg/JointTrajectoryControllerState.idl
[2.397s] -- Up-to-date symlink: /home/lulav/ros2_ws/install/control_msgs/share/control_msgs/msg/MecanumDriveControllerState.idl
[2.398s] -- Up-to-date symlink: /home/lulav/ros2_ws/install/control_msgs/share/control_msgs/msg/PidState.idl
[2.398s] -- Up-to-date symlink: /home/lulav/ros2_ws/install/control_msgs/share/control_msgs/msg/SteeringControllerStatus.idl
[2.398s] -- Up-to-date symlink: /home/lulav/ros2_ws/install/control_msgs/share/control_msgs/srv/QueryCalibrationState.idl
[2.398s] -- Up-to-date symlink: /home/lulav/ros2_ws/install/control_msgs/share/control_msgs/srv/QueryTrajectoryState.idl
[2.398s] -- Up-to-date symlink: /home/lulav/ros2_ws/install/control_msgs/share/control_msgs/action/FollowJointTrajectory.action
[2.398s] -- Up-to-date symlink: /home/lulav/ros2_ws/install/control_msgs/share/control_msgs/action/GripperCommand.action
[2.399s] -- Up-to-date symlink: /home/lulav/ros2_ws/install/control_msgs/share/control_msgs/action/JointTrajectory.action
[2.399s] -- Up-to-date symlink: /home/lulav/ros2_ws/install/control_msgs/share/control_msgs/action/PointHead.action
[2.399s] -- Up-to-date symlink: /home/lulav/ros2_ws/install/control_msgs/share/control_msgs/action/SingleJointPosition.action
[2.399s] -- Up-to-date symlink: /home/lulav/ros2_ws/install/control_msgs/share/control_msgs/msg/AdmittanceControllerState.msg
[2.399s] -- Up-to-date symlink: /home/lulav/ros2_ws/install/control_msgs/share/control_msgs/msg/DynamicJointState.msg
[2.400s] -- Up-to-date symlink: /home/lulav/ros2_ws/install/control_msgs/share/control_msgs/msg/GripperCommand.msg
[2.400s] -- Up-to-date symlink: /home/lulav/ros2_ws/install/control_msgs/share/control_msgs/msg/InterfaceValue.msg
[2.400s] -- Up-to-date symlink: /home/lulav/ros2_ws/install/control_msgs/share/control_msgs/msg/JointComponentTolerance.msg
[2.400s] -- Up-to-date symlink: /home/lulav/ros2_ws/install/control_msgs/share/control_msgs/msg/JointControllerState.msg
[2.400s] -- Up-to-date symlink: /home/lulav/ros2_ws/install/control_msgs/share/control_msgs/msg/JointJog.msg
[2.400s] -- Up-to-date symlink: /home/lulav/ros2_ws/install/control_msgs/share/control_msgs/msg/JointTolerance.msg
[2.401s] -- Up-to-date symlink: /home/lulav/ros2_ws/install/control_msgs/share/control_msgs/msg/JointTrajectoryControllerState.msg
[2.401s] -- Up-to-date symlink: /home/lulav/ros2_ws/install/control_msgs/share/control_msgs/msg/MecanumDriveControllerState.msg
[2.401s] -- Up-to-date symlink: /home/lulav/ros2_ws/install/control_msgs/share/control_msgs/msg/PidState.msg
[2.401s] -- Up-to-date symlink: /home/lulav/ros2_ws/install/control_msgs/share/control_msgs/msg/SteeringControllerStatus.msg
[2.401s] -- Up-to-date symlink: /home/lulav/ros2_ws/install/control_msgs/share/control_msgs/srv/QueryCalibrationState.srv
[2.402s] -- Up-to-date symlink: /home/lulav/ros2_ws/install/control_msgs/share/control_msgs/srv/QueryCalibrationState_Request.msg
[2.402s] -- Up-to-date symlink: /home/lulav/ros2_ws/install/control_msgs/share/control_msgs/srv/QueryCalibrationState_Response.msg
[2.402s] -- Up-to-date symlink: /home/lulav/ros2_ws/install/control_msgs/share/control_msgs/srv/QueryTrajectoryState.srv
[2.402s] -- Up-to-date symlink: /home/lulav/ros2_ws/install/control_msgs/share/control_msgs/srv/QueryTrajectoryState_Request.msg
[2.402s] -- Up-to-date symlink: /home/lulav/ros2_ws/install/control_msgs/share/control_msgs/srv/QueryTrajectoryState_Response.msg
[2.403s] -- Up-to-date symlink: /home/lulav/ros2_ws/install/control_msgs/share/ament_index/resource_index/package_run_dependencies/control_msgs
[2.403s] -- Up-to-date symlink: /home/lulav/ros2_ws/install/control_msgs/share/ament_index/resource_index/parent_prefix_path/control_msgs
[2.403s] -- Up-to-date symlink: /home/lulav/ros2_ws/install/control_msgs/share/control_msgs/environment/ament_prefix_path.sh
[2.403s] -- Up-to-date symlink: /home/lulav/ros2_ws/install/control_msgs/share/control_msgs/environment/ament_prefix_path.dsv
[2.403s] -- Up-to-date symlink: /home/lulav/ros2_ws/install/control_msgs/share/control_msgs/environment/path.sh
[2.404s] -- Up-to-date symlink: /home/lulav/ros2_ws/install/control_msgs/share/control_msgs/environment/path.dsv
[2.404s] -- Up-to-date symlink: /home/lulav/ros2_ws/install/control_msgs/share/control_msgs/local_setup.bash
[2.404s] -- Up-to-date symlink: /home/lulav/ros2_ws/install/control_msgs/share/control_msgs/local_setup.sh
[2.404s] -- Up-to-date symlink: /home/lulav/ros2_ws/install/control_msgs/share/control_msgs/local_setup.zsh
[2.405s] -- Up-to-date symlink: /home/lulav/ros2_ws/install/control_msgs/share/control_msgs/local_setup.dsv
[2.405s] -- Symlinking: /home/lulav/ros2_ws/install/control_msgs/share/control_msgs/package.dsv
[2.411s] -- Up-to-date symlink: /home/lulav/ros2_ws/install/control_msgs/share/ament_index/resource_index/packages/control_msgs
[2.411s] -- Up-to-date symlink: /home/lulav/ros2_ws/install/control_msgs/share/control_msgs/cmake/rosidl_cmake-extras.cmake
[2.412s] -- Up-to-date symlink: /home/lulav/ros2_ws/install/control_msgs/share/control_msgs/cmake/ament_cmake_export_dependencies-extras.cmake
[2.412s] -- Up-to-date symlink: /home/lulav/ros2_ws/install/control_msgs/share/control_msgs/cmake/ament_cmake_export_include_directories-extras.cmake
[2.413s] -- Up-to-date symlink: /home/lulav/ros2_ws/install/control_msgs/share/control_msgs/cmake/ament_cmake_export_libraries-extras.cmake
[2.413s] -- Up-to-date symlink: /home/lulav/ros2_ws/install/control_msgs/share/control_msgs/cmake/ament_cmake_export_targets-extras.cmake
[2.413s] -- Up-to-date symlink: /home/lulav/ros2_ws/install/control_msgs/share/control_msgs/cmake/rosidl_cmake_export_typesupport_targets-extras.cmake
[2.413s] -- Up-to-date symlink: /home/lulav/ros2_ws/install/control_msgs/share/control_msgs/cmake/rosidl_cmake_export_typesupport_libraries-extras.cmake
[2.414s] -- Up-to-date symlink: /home/lulav/ros2_ws/install/control_msgs/share/control_msgs/cmake/control_msgsConfig.cmake
[2.414s] -- Up-to-date symlink: /home/lulav/ros2_ws/install/control_msgs/share/control_msgs/cmake/control_msgsConfig-version.cmake
[2.414s] -- Up-to-date symlink: /home/lulav/ros2_ws/install/control_msgs/share/control_msgs/package.xml
[2.414s] -- Up-to-date: /home/lulav/ros2_ws/install/control_msgs/lib/libcontrol_msgs__rosidl_generator_c.so
[2.415s] -- Up-to-date: /home/lulav/ros2_ws/install/control_msgs/lib/libcontrol_msgs__rosidl_typesupport_fastrtps_c.so
[2.415s] -- Up-to-date: /home/lulav/ros2_ws/install/control_msgs/lib/libcontrol_msgs__rosidl_typesupport_fastrtps_cpp.so
[2.416s] -- Up-to-date: /home/lulav/ros2_ws/install/control_msgs/lib/libcontrol_msgs__rosidl_typesupport_introspection_c.so
[2.416s] -- Up-to-date: /home/lulav/ros2_ws/install/control_msgs/lib/libcontrol_msgs__rosidl_typesupport_c.so
[2.416s] -- Up-to-date: /home/lulav/ros2_ws/install/control_msgs/lib/libcontrol_msgs__rosidl_typesupport_introspection_cpp.so
[2.417s] -- Up-to-date: /home/lulav/ros2_ws/install/control_msgs/lib/libcontrol_msgs__rosidl_typesupport_cpp.so
[2.488s] Listing '/home/lulav/ros2_ws/install/control_msgs/local/lib/python3.10/dist-packages/control_msgs'...
[2.488s] Listing '/home/lulav/ros2_ws/install/control_msgs/local/lib/python3.10/dist-packages/control_msgs/action'...
[2.488s] Listing '/home/lulav/ros2_ws/install/control_msgs/local/lib/python3.10/dist-packages/control_msgs/msg'...
[2.488s] Listing '/home/lulav/ros2_ws/install/control_msgs/local/lib/python3.10/dist-packages/control_msgs/srv'...
[2.496s] -- Up-to-date: /home/lulav/ros2_ws/install/control_msgs/lib/libcontrol_msgs__rosidl_generator_py.so
[2.496s] -- Up-to-date: /home/lulav/ros2_ws/install/control_msgs/share/control_msgs/cmake/export_control_msgs__rosidl_generator_cExport.cmake
[2.496s] -- Up-to-date: /home/lulav/ros2_ws/install/control_msgs/share/control_msgs/cmake/export_control_msgs__rosidl_generator_cExport-noconfig.cmake
[2.496s] -- Up-to-date: /home/lulav/ros2_ws/install/control_msgs/share/control_msgs/cmake/export_control_msgs__rosidl_typesupport_fastrtps_cExport.cmake
[2.497s] -- Up-to-date: /home/lulav/ros2_ws/install/control_msgs/share/control_msgs/cmake/export_control_msgs__rosidl_typesupport_fastrtps_cExport-noconfig.cmake
[2.497s] -- Up-to-date: /home/lulav/ros2_ws/install/control_msgs/share/control_msgs/cmake/export_control_msgs__rosidl_generator_cppExport.cmake
[2.497s] -- Up-to-date: /home/lulav/ros2_ws/install/control_msgs/share/control_msgs/cmake/export_control_msgs__rosidl_typesupport_fastrtps_cppExport.cmake
[2.498s] -- Up-to-date: /home/lulav/ros2_ws/install/control_msgs/share/control_msgs/cmake/export_control_msgs__rosidl_typesupport_fastrtps_cppExport-noconfig.cmake
[2.498s] -- Up-to-date: /home/lulav/ros2_ws/install/control_msgs/share/control_msgs/cmake/control_msgs__rosidl_typesupport_introspection_cExport.cmake
[2.498s] -- Up-to-date: /home/lulav/ros2_ws/install/control_msgs/share/control_msgs/cmake/control_msgs__rosidl_typesupport_introspection_cExport-noconfig.cmake
[2.498s] -- Up-to-date: /home/lulav/ros2_ws/install/control_msgs/share/control_msgs/cmake/control_msgs__rosidl_typesupport_cExport.cmake
[2.498s] -- Up-to-date: /home/lulav/ros2_ws/install/control_msgs/share/control_msgs/cmake/control_msgs__rosidl_typesupport_cExport-noconfig.cmake
[2.498s] -- Up-to-date: /home/lulav/ros2_ws/install/control_msgs/share/control_msgs/cmake/control_msgs__rosidl_typesupport_introspection_cppExport.cmake
[2.499s] -- Up-to-date: /home/lulav/ros2_ws/install/control_msgs/share/control_msgs/cmake/control_msgs__rosidl_typesupport_introspection_cppExport-noconfig.cmake
[2.499s] -- Up-to-date: /home/lulav/ros2_ws/install/control_msgs/share/control_msgs/cmake/control_msgs__rosidl_typesupport_cppExport.cmake
[2.499s] -- Up-to-date: /home/lulav/ros2_ws/install/control_msgs/share/control_msgs/cmake/control_msgs__rosidl_typesupport_cppExport-noconfig.cmake
[2.499s] -- Up-to-date: /home/lulav/ros2_ws/install/control_msgs/share/control_msgs/cmake/export_control_msgs__rosidl_generator_pyExport.cmake
[2.500s] -- Up-to-date: /home/lulav/ros2_ws/install/control_msgs/share/control_msgs/cmake/export_control_msgs__rosidl_generator_pyExport-noconfig.cmake
[2.507s] Invoked command in '/home/lulav/ros2_ws/build/control_msgs' returned '0': CMAKE_PREFIX_PATH=/opt/ros/humble /usr/bin/cmake --install /home/lulav/ros2_ws/build/control_msgs
