[0.078s] Invoking command in '/home/lulav/ros2_ws/build/controller_manager_msgs': CMAKE_PREFIX_PATH=/opt/ros/humble /usr/bin/cmake --build /home/lulav/ros2_ws/build/controller_manager_msgs -- -j8 -l8
[0.268s] [  8%] Built target controller_manager_msgs__cpp
[0.275s] [ 12%] Built target controller_manager_msgs__rosidl_generator_c
[0.283s] [ 12%] Built target ament_cmake_python_symlink_controller_manager_msgs
[0.420s] [ 24%] Built target controller_manager_msgs__rosidl_typesupport_cpp
[0.460s] [ 36%] Built target controller_manager_msgs__rosidl_typesupport_introspection_c
[0.470s] [ 48%] Built target controller_manager_msgs__rosidl_typesupport_c
[0.507s] [ 60%] Built target controller_manager_msgs__rosidl_typesupport_introspection_cpp
[0.508s] [ 72%] Built target controller_manager_msgs__rosidl_typesupport_fastrtps_cpp
[0.603s] [ 84%] Built target controller_manager_msgs__rosidl_typesupport_fastrtps_c
[0.648s] [ 84%] Built target controller_manager_msgs
[0.694s] [ 85%] Built target controller_manager_msgs__py
[0.761s] [ 96%] Built target controller_manager_msgs__rosidl_generator_py
[0.816s] [ 97%] Built target controller_manager_msgs__rosidl_typesupport_fastrtps_c__pyext
[0.853s] [ 98%] Built target controller_manager_msgs__rosidl_typesupport_c__pyext
[0.871s] [100%] Built target controller_manager_msgs__rosidl_typesupport_introspection_c__pyext
[1.241s] running egg_info
[1.245s] writing controller_manager_msgs.egg-info/PKG-INFO
[1.246s] writing dependency_links to controller_manager_msgs.egg-info/dependency_links.txt
[1.246s] writing top-level names to controller_manager_msgs.egg-info/top_level.txt
[1.253s] reading manifest file 'controller_manager_msgs.egg-info/SOURCES.txt'
[1.253s] writing manifest file 'controller_manager_msgs.egg-info/SOURCES.txt'
[1.315s] [100%] Built target ament_cmake_python_build_controller_manager_msgs_egg
[1.467s] Invoked command in '/home/lulav/ros2_ws/build/controller_manager_msgs' returned '0': CMAKE_PREFIX_PATH=/opt/ros/humble /usr/bin/cmake --build /home/lulav/ros2_ws/build/controller_manager_msgs -- -j8 -l8
[2.192s] Invoking command in '/home/lulav/ros2_ws/build/controller_manager_msgs': CMAKE_PREFIX_PATH=/opt/ros/humble /usr/bin/cmake --install /home/lulav/ros2_ws/build/controller_manager_msgs
[2.208s] -- Install configuration: ""
[2.210s] -- Execute custom install script
[2.211s] -- Up-to-date symlink: /home/lulav/ros2_ws/install/controller_manager_msgs/share/ament_index/resource_index/rosidl_interfaces/controller_manager_msgs
[2.214s] -- Up-to-date symlink: /home/lulav/ros2_ws/install/controller_manager_msgs/include/controller_manager_msgs/controller_manager_msgs/msg/chain_connection.h
[2.214s] -- Up-to-date symlink: /home/lulav/ros2_ws/install/controller_manager_msgs/include/controller_manager_msgs/controller_manager_msgs/msg/controller_state.h
[2.214s] -- Up-to-date symlink: /home/lulav/ros2_ws/install/controller_manager_msgs/include/controller_manager_msgs/controller_manager_msgs/msg/detail/chain_connection__functions.h
[2.215s] -- Up-to-date symlink: /home/lulav/ros2_ws/install/controller_manager_msgs/include/controller_manager_msgs/controller_manager_msgs/msg/detail/chain_connection__struct.h
[2.215s] -- Up-to-date symlink: /home/lulav/ros2_ws/install/controller_manager_msgs/include/controller_manager_msgs/controller_manager_msgs/msg/detail/chain_connection__type_support.h
[2.215s] -- Up-to-date symlink: /home/lulav/ros2_ws/install/controller_manager_msgs/include/controller_manager_msgs/controller_manager_msgs/msg/detail/controller_state__functions.h
[2.216s] -- Up-to-date symlink: /home/lulav/ros2_ws/install/controller_manager_msgs/include/controller_manager_msgs/controller_manager_msgs/msg/detail/controller_state__struct.h
[2.216s] -- Up-to-date symlink: /home/lulav/ros2_ws/install/controller_manager_msgs/include/controller_manager_msgs/controller_manager_msgs/msg/detail/controller_state__type_support.h
[2.216s] -- Up-to-date symlink: /home/lulav/ros2_ws/install/controller_manager_msgs/include/controller_manager_msgs/controller_manager_msgs/msg/detail/hardware_component_state__functions.h
[2.217s] -- Up-to-date symlink: /home/lulav/ros2_ws/install/controller_manager_msgs/include/controller_manager_msgs/controller_manager_msgs/msg/detail/hardware_component_state__struct.h
[2.217s] -- Up-to-date symlink: /home/lulav/ros2_ws/install/controller_manager_msgs/include/controller_manager_msgs/controller_manager_msgs/msg/detail/hardware_component_state__type_support.h
[2.217s] -- Up-to-date symlink: /home/lulav/ros2_ws/install/controller_manager_msgs/include/controller_manager_msgs/controller_manager_msgs/msg/detail/hardware_interface__functions.h
[2.217s] -- Up-to-date symlink: /home/lulav/ros2_ws/install/controller_manager_msgs/include/controller_manager_msgs/controller_manager_msgs/msg/detail/hardware_interface__struct.h
[2.217s] -- Up-to-date symlink: /home/lulav/ros2_ws/install/controller_manager_msgs/include/controller_manager_msgs/controller_manager_msgs/msg/detail/hardware_interface__type_support.h
[2.219s] -- Up-to-date symlink: /home/lulav/ros2_ws/install/controller_manager_msgs/include/controller_manager_msgs/controller_manager_msgs/msg/hardware_component_state.h
[2.220s] -- Up-to-date symlink: /home/lulav/ros2_ws/install/controller_manager_msgs/include/controller_manager_msgs/controller_manager_msgs/msg/hardware_interface.h
[2.220s] -- Up-to-date symlink: /home/lulav/ros2_ws/install/controller_manager_msgs/include/controller_manager_msgs/controller_manager_msgs/msg/rosidl_generator_c__visibility_control.h
[2.220s] -- Up-to-date symlink: /home/lulav/ros2_ws/install/controller_manager_msgs/include/controller_manager_msgs/controller_manager_msgs/srv/configure_controller.h
[2.220s] -- Up-to-date symlink: /home/lulav/ros2_ws/install/controller_manager_msgs/include/controller_manager_msgs/controller_manager_msgs/srv/detail/configure_controller__functions.h
[2.220s] -- Up-to-date symlink: /home/lulav/ros2_ws/install/controller_manager_msgs/include/controller_manager_msgs/controller_manager_msgs/srv/detail/configure_controller__struct.h
[2.221s] -- Up-to-date symlink: /home/lulav/ros2_ws/install/controller_manager_msgs/include/controller_manager_msgs/controller_manager_msgs/srv/detail/configure_controller__type_support.h
[2.221s] -- Up-to-date symlink: /home/lulav/ros2_ws/install/controller_manager_msgs/include/controller_manager_msgs/controller_manager_msgs/srv/detail/list_controller_types__functions.h
[2.221s] -- Up-to-date symlink: /home/lulav/ros2_ws/install/controller_manager_msgs/include/controller_manager_msgs/controller_manager_msgs/srv/detail/list_controller_types__struct.h
[2.222s] -- Up-to-date symlink: /home/lulav/ros2_ws/install/controller_manager_msgs/include/controller_manager_msgs/controller_manager_msgs/srv/detail/list_controller_types__type_support.h
[2.222s] -- Up-to-date symlink: /home/lulav/ros2_ws/install/controller_manager_msgs/include/controller_manager_msgs/controller_manager_msgs/srv/detail/list_controllers__functions.h
[2.222s] -- Up-to-date symlink: /home/lulav/ros2_ws/install/controller_manager_msgs/include/controller_manager_msgs/controller_manager_msgs/srv/detail/list_controllers__struct.h
[2.222s] -- Up-to-date symlink: /home/lulav/ros2_ws/install/controller_manager_msgs/include/controller_manager_msgs/controller_manager_msgs/srv/detail/list_controllers__type_support.h
[2.222s] -- Up-to-date symlink: /home/lulav/ros2_ws/install/controller_manager_msgs/include/controller_manager_msgs/controller_manager_msgs/srv/detail/list_hardware_components__functions.h
[2.223s] -- Up-to-date symlink: /home/lulav/ros2_ws/install/controller_manager_msgs/include/controller_manager_msgs/controller_manager_msgs/srv/detail/list_hardware_components__struct.h
[2.223s] -- Up-to-date symlink: /home/lulav/ros2_ws/install/controller_manager_msgs/include/controller_manager_msgs/controller_manager_msgs/srv/detail/list_hardware_components__type_support.h
[2.223s] -- Up-to-date symlink: /home/lulav/ros2_ws/install/controller_manager_msgs/include/controller_manager_msgs/controller_manager_msgs/srv/detail/list_hardware_interfaces__functions.h
[2.223s] -- Up-to-date symlink: /home/lulav/ros2_ws/install/controller_manager_msgs/include/controller_manager_msgs/controller_manager_msgs/srv/detail/list_hardware_interfaces__struct.h
[2.224s] -- Up-to-date symlink: /home/lulav/ros2_ws/install/controller_manager_msgs/include/controller_manager_msgs/controller_manager_msgs/srv/detail/list_hardware_interfaces__type_support.h
[2.224s] -- Up-to-date symlink: /home/lulav/ros2_ws/install/controller_manager_msgs/include/controller_manager_msgs/controller_manager_msgs/srv/detail/load_controller__functions.h
[2.224s] -- Up-to-date symlink: /home/lulav/ros2_ws/install/controller_manager_msgs/include/controller_manager_msgs/controller_manager_msgs/srv/detail/load_controller__struct.h
[2.225s] -- Up-to-date symlink: /home/lulav/ros2_ws/install/controller_manager_msgs/include/controller_manager_msgs/controller_manager_msgs/srv/detail/load_controller__type_support.h
[2.225s] -- Up-to-date symlink: /home/lulav/ros2_ws/install/controller_manager_msgs/include/controller_manager_msgs/controller_manager_msgs/srv/detail/reload_controller_libraries__functions.h
[2.225s] -- Up-to-date symlink: /home/lulav/ros2_ws/install/controller_manager_msgs/include/controller_manager_msgs/controller_manager_msgs/srv/detail/reload_controller_libraries__struct.h
[2.226s] -- Up-to-date symlink: /home/lulav/ros2_ws/install/controller_manager_msgs/include/controller_manager_msgs/controller_manager_msgs/srv/detail/reload_controller_libraries__type_support.h
[2.226s] -- Up-to-date symlink: /home/lulav/ros2_ws/install/controller_manager_msgs/include/controller_manager_msgs/controller_manager_msgs/srv/detail/set_hardware_component_state__functions.h
[2.226s] -- Up-to-date symlink: /home/lulav/ros2_ws/install/controller_manager_msgs/include/controller_manager_msgs/controller_manager_msgs/srv/detail/set_hardware_component_state__struct.h
[2.227s] -- Up-to-date symlink: /home/lulav/ros2_ws/install/controller_manager_msgs/include/controller_manager_msgs/controller_manager_msgs/srv/detail/set_hardware_component_state__type_support.h
[2.227s] -- Up-to-date symlink: /home/lulav/ros2_ws/install/controller_manager_msgs/include/controller_manager_msgs/controller_manager_msgs/srv/detail/switch_controller__functions.h
[2.227s] -- Up-to-date symlink: /home/lulav/ros2_ws/install/controller_manager_msgs/include/controller_manager_msgs/controller_manager_msgs/srv/detail/switch_controller__struct.h
[2.228s] -- Up-to-date symlink: /home/lulav/ros2_ws/install/controller_manager_msgs/include/controller_manager_msgs/controller_manager_msgs/srv/detail/switch_controller__type_support.h
[2.228s] -- Up-to-date symlink: /home/lulav/ros2_ws/install/controller_manager_msgs/include/controller_manager_msgs/controller_manager_msgs/srv/detail/unload_controller__functions.h
[2.228s] -- Up-to-date symlink: /home/lulav/ros2_ws/install/controller_manager_msgs/include/controller_manager_msgs/controller_manager_msgs/srv/detail/unload_controller__struct.h
[2.228s] -- Up-to-date symlink: /home/lulav/ros2_ws/install/controller_manager_msgs/include/controller_manager_msgs/controller_manager_msgs/srv/detail/unload_controller__type_support.h
[2.229s] -- Up-to-date symlink: /home/lulav/ros2_ws/install/controller_manager_msgs/include/controller_manager_msgs/controller_manager_msgs/srv/list_controller_types.h
[2.229s] -- Up-to-date symlink: /home/lulav/ros2_ws/install/controller_manager_msgs/include/controller_manager_msgs/controller_manager_msgs/srv/list_controllers.h
[2.229s] -- Up-to-date symlink: /home/lulav/ros2_ws/install/controller_manager_msgs/include/controller_manager_msgs/controller_manager_msgs/srv/list_hardware_components.h
[2.230s] -- Up-to-date symlink: /home/lulav/ros2_ws/install/controller_manager_msgs/include/controller_manager_msgs/controller_manager_msgs/srv/list_hardware_interfaces.h
[2.230s] -- Up-to-date symlink: /home/lulav/ros2_ws/install/controller_manager_msgs/include/controller_manager_msgs/controller_manager_msgs/srv/load_controller.h
[2.230s] -- Up-to-date symlink: /home/lulav/ros2_ws/install/controller_manager_msgs/include/controller_manager_msgs/controller_manager_msgs/srv/reload_controller_libraries.h
[2.231s] -- Up-to-date symlink: /home/lulav/ros2_ws/install/controller_manager_msgs/include/controller_manager_msgs/controller_manager_msgs/srv/set_hardware_component_state.h
[2.231s] -- Up-to-date symlink: /home/lulav/ros2_ws/install/controller_manager_msgs/include/controller_manager_msgs/controller_manager_msgs/srv/switch_controller.h
[2.232s] -- Up-to-date symlink: /home/lulav/ros2_ws/install/controller_manager_msgs/include/controller_manager_msgs/controller_manager_msgs/srv/unload_controller.h
[2.232s] -- Up-to-date symlink: /home/lulav/ros2_ws/install/controller_manager_msgs/share/controller_manager_msgs/environment/library_path.sh
[2.232s] -- Up-to-date symlink: /home/lulav/ros2_ws/install/controller_manager_msgs/share/controller_manager_msgs/environment/library_path.dsv
[2.235s] -- Up-to-date symlink: /home/lulav/ros2_ws/install/controller_manager_msgs/include/controller_manager_msgs/controller_manager_msgs/msg/detail/chain_connection__rosidl_typesupport_fastrtps_c.h
[2.236s] -- Up-to-date symlink: /home/lulav/ros2_ws/install/controller_manager_msgs/include/controller_manager_msgs/controller_manager_msgs/msg/detail/controller_state__rosidl_typesupport_fastrtps_c.h
[2.236s] -- Up-to-date symlink: /home/lulav/ros2_ws/install/controller_manager_msgs/include/controller_manager_msgs/controller_manager_msgs/msg/detail/hardware_component_state__rosidl_typesupport_fastrtps_c.h
[2.237s] -- Up-to-date symlink: /home/lulav/ros2_ws/install/controller_manager_msgs/include/controller_manager_msgs/controller_manager_msgs/msg/detail/hardware_interface__rosidl_typesupport_fastrtps_c.h
[2.237s] -- Up-to-date symlink: /home/lulav/ros2_ws/install/controller_manager_msgs/include/controller_manager_msgs/controller_manager_msgs/msg/rosidl_typesupport_fastrtps_c__visibility_control.h
[2.237s] -- Up-to-date symlink: /home/lulav/ros2_ws/install/controller_manager_msgs/include/controller_manager_msgs/controller_manager_msgs/srv/detail/configure_controller__rosidl_typesupport_fastrtps_c.h
[2.237s] -- Up-to-date symlink: /home/lulav/ros2_ws/install/controller_manager_msgs/include/controller_manager_msgs/controller_manager_msgs/srv/detail/list_controller_types__rosidl_typesupport_fastrtps_c.h
[2.238s] -- Up-to-date symlink: /home/lulav/ros2_ws/install/controller_manager_msgs/include/controller_manager_msgs/controller_manager_msgs/srv/detail/list_controllers__rosidl_typesupport_fastrtps_c.h
[2.238s] -- Up-to-date symlink: /home/lulav/ros2_ws/install/controller_manager_msgs/include/controller_manager_msgs/controller_manager_msgs/srv/detail/list_hardware_components__rosidl_typesupport_fastrtps_c.h
[2.238s] -- Up-to-date symlink: /home/lulav/ros2_ws/install/controller_manager_msgs/include/controller_manager_msgs/controller_manager_msgs/srv/detail/list_hardware_interfaces__rosidl_typesupport_fastrtps_c.h
[2.239s] -- Up-to-date symlink: /home/lulav/ros2_ws/install/controller_manager_msgs/include/controller_manager_msgs/controller_manager_msgs/srv/detail/load_controller__rosidl_typesupport_fastrtps_c.h
[2.239s] -- Up-to-date symlink: /home/lulav/ros2_ws/install/controller_manager_msgs/include/controller_manager_msgs/controller_manager_msgs/srv/detail/reload_controller_libraries__rosidl_typesupport_fastrtps_c.h
[2.239s] -- Up-to-date symlink: /home/lulav/ros2_ws/install/controller_manager_msgs/include/controller_manager_msgs/controller_manager_msgs/srv/detail/set_hardware_component_state__rosidl_typesupport_fastrtps_c.h
[2.240s] -- Up-to-date symlink: /home/lulav/ros2_ws/install/controller_manager_msgs/include/controller_manager_msgs/controller_manager_msgs/srv/detail/switch_controller__rosidl_typesupport_fastrtps_c.h
[2.241s] -- Up-to-date symlink: /home/lulav/ros2_ws/install/controller_manager_msgs/include/controller_manager_msgs/controller_manager_msgs/srv/detail/unload_controller__rosidl_typesupport_fastrtps_c.h
[2.243s] -- Up-to-date symlink: /home/lulav/ros2_ws/install/controller_manager_msgs/include/controller_manager_msgs/controller_manager_msgs/msg/chain_connection.hpp
[2.243s] -- Up-to-date symlink: /home/lulav/ros2_ws/install/controller_manager_msgs/include/controller_manager_msgs/controller_manager_msgs/msg/controller_state.hpp
[2.243s] -- Up-to-date symlink: /home/lulav/ros2_ws/install/controller_manager_msgs/include/controller_manager_msgs/controller_manager_msgs/msg/detail/chain_connection__builder.hpp
[2.244s] -- Up-to-date symlink: /home/lulav/ros2_ws/install/controller_manager_msgs/include/controller_manager_msgs/controller_manager_msgs/msg/detail/chain_connection__struct.hpp
[2.244s] -- Up-to-date symlink: /home/lulav/ros2_ws/install/controller_manager_msgs/include/controller_manager_msgs/controller_manager_msgs/msg/detail/chain_connection__traits.hpp
[2.255s] -- Up-to-date symlink: /home/lulav/ros2_ws/install/controller_manager_msgs/include/controller_manager_msgs/controller_manager_msgs/msg/detail/controller_state__builder.hpp
[2.255s] -- Up-to-date symlink: /home/lulav/ros2_ws/install/controller_manager_msgs/include/controller_manager_msgs/controller_manager_msgs/msg/detail/controller_state__struct.hpp
[2.257s] -- Up-to-date symlink: /home/lulav/ros2_ws/install/controller_manager_msgs/include/controller_manager_msgs/controller_manager_msgs/msg/detail/controller_state__traits.hpp
[2.257s] -- Up-to-date symlink: /home/lulav/ros2_ws/install/controller_manager_msgs/include/controller_manager_msgs/controller_manager_msgs/msg/detail/hardware_component_state__builder.hpp
[2.258s] -- Up-to-date symlink: /home/lulav/ros2_ws/install/controller_manager_msgs/include/controller_manager_msgs/controller_manager_msgs/msg/detail/hardware_component_state__struct.hpp
[2.259s] -- Up-to-date symlink: /home/lulav/ros2_ws/install/controller_manager_msgs/include/controller_manager_msgs/controller_manager_msgs/msg/detail/hardware_component_state__traits.hpp
[2.259s] -- Up-to-date symlink: /home/lulav/ros2_ws/install/controller_manager_msgs/include/controller_manager_msgs/controller_manager_msgs/msg/detail/hardware_interface__builder.hpp
[2.259s] -- Up-to-date symlink: /home/lulav/ros2_ws/install/controller_manager_msgs/include/controller_manager_msgs/controller_manager_msgs/msg/detail/hardware_interface__struct.hpp
[2.259s] -- Up-to-date symlink: /home/lulav/ros2_ws/install/controller_manager_msgs/include/controller_manager_msgs/controller_manager_msgs/msg/detail/hardware_interface__traits.hpp
[2.259s] -- Up-to-date symlink: /home/lulav/ros2_ws/install/controller_manager_msgs/include/controller_manager_msgs/controller_manager_msgs/msg/hardware_component_state.hpp
[2.260s] -- Up-to-date symlink: /home/lulav/ros2_ws/install/controller_manager_msgs/include/controller_manager_msgs/controller_manager_msgs/msg/hardware_interface.hpp
[2.260s] -- Up-to-date symlink: /home/lulav/ros2_ws/install/controller_manager_msgs/include/controller_manager_msgs/controller_manager_msgs/srv/configure_controller.hpp
[2.260s] -- Up-to-date symlink: /home/lulav/ros2_ws/install/controller_manager_msgs/include/controller_manager_msgs/controller_manager_msgs/srv/detail/configure_controller__builder.hpp
[2.260s] -- Up-to-date symlink: /home/lulav/ros2_ws/install/controller_manager_msgs/include/controller_manager_msgs/controller_manager_msgs/srv/detail/configure_controller__struct.hpp
[2.260s] -- Up-to-date symlink: /home/lulav/ros2_ws/install/controller_manager_msgs/include/controller_manager_msgs/controller_manager_msgs/srv/detail/configure_controller__traits.hpp
[2.260s] -- Up-to-date symlink: /home/lulav/ros2_ws/install/controller_manager_msgs/include/controller_manager_msgs/controller_manager_msgs/srv/detail/list_controller_types__builder.hpp
[2.261s] -- Up-to-date symlink: /home/lulav/ros2_ws/install/controller_manager_msgs/include/controller_manager_msgs/controller_manager_msgs/srv/detail/list_controller_types__struct.hpp
[2.261s] -- Up-to-date symlink: /home/lulav/ros2_ws/install/controller_manager_msgs/include/controller_manager_msgs/controller_manager_msgs/srv/detail/list_controller_types__traits.hpp
[2.261s] -- Up-to-date symlink: /home/lulav/ros2_ws/install/controller_manager_msgs/include/controller_manager_msgs/controller_manager_msgs/srv/detail/list_controllers__builder.hpp
[2.261s] -- Up-to-date symlink: /home/lulav/ros2_ws/install/controller_manager_msgs/include/controller_manager_msgs/controller_manager_msgs/srv/detail/list_controllers__struct.hpp
[2.261s] -- Up-to-date symlink: /home/lulav/ros2_ws/install/controller_manager_msgs/include/controller_manager_msgs/controller_manager_msgs/srv/detail/list_controllers__traits.hpp
[2.261s] -- Up-to-date symlink: /home/lulav/ros2_ws/install/controller_manager_msgs/include/controller_manager_msgs/controller_manager_msgs/srv/detail/list_hardware_components__builder.hpp
[2.262s] -- Up-to-date symlink: /home/lulav/ros2_ws/install/controller_manager_msgs/include/controller_manager_msgs/controller_manager_msgs/srv/detail/list_hardware_components__struct.hpp
[2.262s] -- Up-to-date symlink: /home/lulav/ros2_ws/install/controller_manager_msgs/include/controller_manager_msgs/controller_manager_msgs/srv/detail/list_hardware_components__traits.hpp
[2.262s] -- Up-to-date symlink: /home/lulav/ros2_ws/install/controller_manager_msgs/include/controller_manager_msgs/controller_manager_msgs/srv/detail/list_hardware_interfaces__builder.hpp
[2.262s] -- Up-to-date symlink: /home/lulav/ros2_ws/install/controller_manager_msgs/include/controller_manager_msgs/controller_manager_msgs/srv/detail/list_hardware_interfaces__struct.hpp
[2.262s] -- Up-to-date symlink: /home/lulav/ros2_ws/install/controller_manager_msgs/include/controller_manager_msgs/controller_manager_msgs/srv/detail/list_hardware_interfaces__traits.hpp
[2.262s] -- Up-to-date symlink: /home/lulav/ros2_ws/install/controller_manager_msgs/include/controller_manager_msgs/controller_manager_msgs/srv/detail/load_controller__builder.hpp
[2.263s] -- Up-to-date symlink: /home/lulav/ros2_ws/install/controller_manager_msgs/include/controller_manager_msgs/controller_manager_msgs/srv/detail/load_controller__struct.hpp
[2.263s] -- Up-to-date symlink: /home/lulav/ros2_ws/install/controller_manager_msgs/include/controller_manager_msgs/controller_manager_msgs/srv/detail/load_controller__traits.hpp
[2.263s] -- Up-to-date symlink: /home/lulav/ros2_ws/install/controller_manager_msgs/include/controller_manager_msgs/controller_manager_msgs/srv/detail/reload_controller_libraries__builder.hpp
[2.263s] -- Up-to-date symlink: /home/lulav/ros2_ws/install/controller_manager_msgs/include/controller_manager_msgs/controller_manager_msgs/srv/detail/reload_controller_libraries__struct.hpp
[2.264s] -- Up-to-date symlink: /home/lulav/ros2_ws/install/controller_manager_msgs/include/controller_manager_msgs/controller_manager_msgs/srv/detail/reload_controller_libraries__traits.hpp
[2.264s] -- Up-to-date symlink: /home/lulav/ros2_ws/install/controller_manager_msgs/include/controller_manager_msgs/controller_manager_msgs/srv/detail/set_hardware_component_state__builder.hpp
[2.264s] -- Up-to-date symlink: /home/lulav/ros2_ws/install/controller_manager_msgs/include/controller_manager_msgs/controller_manager_msgs/srv/detail/set_hardware_component_state__struct.hpp
[2.264s] -- Up-to-date symlink: /home/lulav/ros2_ws/install/controller_manager_msgs/include/controller_manager_msgs/controller_manager_msgs/srv/detail/set_hardware_component_state__traits.hpp
[2.264s] -- Up-to-date symlink: /home/lulav/ros2_ws/install/controller_manager_msgs/include/controller_manager_msgs/controller_manager_msgs/srv/detail/switch_controller__builder.hpp
[2.265s] -- Up-to-date symlink: /home/lulav/ros2_ws/install/controller_manager_msgs/include/controller_manager_msgs/controller_manager_msgs/srv/detail/switch_controller__struct.hpp
[2.265s] -- Up-to-date symlink: /home/lulav/ros2_ws/install/controller_manager_msgs/include/controller_manager_msgs/controller_manager_msgs/srv/detail/switch_controller__traits.hpp
[2.265s] -- Up-to-date symlink: /home/lulav/ros2_ws/install/controller_manager_msgs/include/controller_manager_msgs/controller_manager_msgs/srv/detail/unload_controller__builder.hpp
[2.265s] -- Up-to-date symlink: /home/lulav/ros2_ws/install/controller_manager_msgs/include/controller_manager_msgs/controller_manager_msgs/srv/detail/unload_controller__struct.hpp
[2.265s] -- Up-to-date symlink: /home/lulav/ros2_ws/install/controller_manager_msgs/include/controller_manager_msgs/controller_manager_msgs/srv/detail/unload_controller__traits.hpp
[2.265s] -- Up-to-date symlink: /home/lulav/ros2_ws/install/controller_manager_msgs/include/controller_manager_msgs/controller_manager_msgs/srv/list_controller_types.hpp
[2.266s] -- Up-to-date symlink: /home/lulav/ros2_ws/install/controller_manager_msgs/include/controller_manager_msgs/controller_manager_msgs/srv/list_controllers.hpp
[2.267s] -- Up-to-date symlink: /home/lulav/ros2_ws/install/controller_manager_msgs/include/controller_manager_msgs/controller_manager_msgs/srv/list_hardware_components.hpp
[2.267s] -- Up-to-date symlink: /home/lulav/ros2_ws/install/controller_manager_msgs/include/controller_manager_msgs/controller_manager_msgs/srv/list_hardware_interfaces.hpp
[2.267s] -- Up-to-date symlink: /home/lulav/ros2_ws/install/controller_manager_msgs/include/controller_manager_msgs/controller_manager_msgs/srv/load_controller.hpp
[2.267s] -- Up-to-date symlink: /home/lulav/ros2_ws/install/controller_manager_msgs/include/controller_manager_msgs/controller_manager_msgs/srv/reload_controller_libraries.hpp
[2.267s] -- Up-to-date symlink: /home/lulav/ros2_ws/install/controller_manager_msgs/include/controller_manager_msgs/controller_manager_msgs/srv/set_hardware_component_state.hpp
[2.268s] -- Up-to-date symlink: /home/lulav/ros2_ws/install/controller_manager_msgs/include/controller_manager_msgs/controller_manager_msgs/srv/switch_controller.hpp
[2.268s] -- Up-to-date symlink: /home/lulav/ros2_ws/install/controller_manager_msgs/include/controller_manager_msgs/controller_manager_msgs/srv/unload_controller.hpp
[2.268s] -- Up-to-date symlink: /home/lulav/ros2_ws/install/controller_manager_msgs/include/controller_manager_msgs/controller_manager_msgs/msg/detail/chain_connection__rosidl_typesupport_fastrtps_cpp.hpp
[2.268s] -- Up-to-date symlink: /home/lulav/ros2_ws/install/controller_manager_msgs/include/controller_manager_msgs/controller_manager_msgs/msg/detail/controller_state__rosidl_typesupport_fastrtps_cpp.hpp
[2.268s] -- Up-to-date symlink: /home/lulav/ros2_ws/install/controller_manager_msgs/include/controller_manager_msgs/controller_manager_msgs/msg/detail/hardware_component_state__rosidl_typesupport_fastrtps_cpp.hpp
[2.268s] -- Up-to-date symlink: /home/lulav/ros2_ws/install/controller_manager_msgs/include/controller_manager_msgs/controller_manager_msgs/msg/detail/hardware_interface__rosidl_typesupport_fastrtps_cpp.hpp
[2.269s] -- Up-to-date symlink: /home/lulav/ros2_ws/install/controller_manager_msgs/include/controller_manager_msgs/controller_manager_msgs/msg/rosidl_typesupport_fastrtps_cpp__visibility_control.h
[2.269s] -- Up-to-date symlink: /home/lulav/ros2_ws/install/controller_manager_msgs/include/controller_manager_msgs/controller_manager_msgs/srv/detail/configure_controller__rosidl_typesupport_fastrtps_cpp.hpp
[2.269s] -- Up-to-date symlink: /home/lulav/ros2_ws/install/controller_manager_msgs/include/controller_manager_msgs/controller_manager_msgs/srv/detail/list_controller_types__rosidl_typesupport_fastrtps_cpp.hpp
[2.271s] -- Up-to-date symlink: /home/lulav/ros2_ws/install/controller_manager_msgs/include/controller_manager_msgs/controller_manager_msgs/srv/detail/list_controllers__rosidl_typesupport_fastrtps_cpp.hpp
[2.271s] -- Up-to-date symlink: /home/lulav/ros2_ws/install/controller_manager_msgs/include/controller_manager_msgs/controller_manager_msgs/srv/detail/list_hardware_components__rosidl_typesupport_fastrtps_cpp.hpp
[2.271s] -- Up-to-date symlink: /home/lulav/ros2_ws/install/controller_manager_msgs/include/controller_manager_msgs/controller_manager_msgs/srv/detail/list_hardware_interfaces__rosidl_typesupport_fastrtps_cpp.hpp
[2.271s] -- Up-to-date symlink: /home/lulav/ros2_ws/install/controller_manager_msgs/include/controller_manager_msgs/controller_manager_msgs/srv/detail/load_controller__rosidl_typesupport_fastrtps_cpp.hpp
[2.271s] -- Up-to-date symlink: /home/lulav/ros2_ws/install/controller_manager_msgs/include/controller_manager_msgs/controller_manager_msgs/srv/detail/reload_controller_libraries__rosidl_typesupport_fastrtps_cpp.hpp
[2.272s] -- Up-to-date symlink: /home/lulav/ros2_ws/install/controller_manager_msgs/include/controller_manager_msgs/controller_manager_msgs/srv/detail/set_hardware_component_state__rosidl_typesupport_fastrtps_cpp.hpp
[2.272s] -- Up-to-date symlink: /home/lulav/ros2_ws/install/controller_manager_msgs/include/controller_manager_msgs/controller_manager_msgs/srv/detail/switch_controller__rosidl_typesupport_fastrtps_cpp.hpp
[2.273s] -- Up-to-date symlink: /home/lulav/ros2_ws/install/controller_manager_msgs/include/controller_manager_msgs/controller_manager_msgs/srv/detail/unload_controller__rosidl_typesupport_fastrtps_cpp.hpp
[2.273s] -- Up-to-date symlink: /home/lulav/ros2_ws/install/controller_manager_msgs/include/controller_manager_msgs/controller_manager_msgs/msg/detail/chain_connection__rosidl_typesupport_introspection_c.h
[2.274s] -- Up-to-date symlink: /home/lulav/ros2_ws/install/controller_manager_msgs/include/controller_manager_msgs/controller_manager_msgs/msg/detail/controller_state__rosidl_typesupport_introspection_c.h
[2.274s] -- Up-to-date symlink: /home/lulav/ros2_ws/install/controller_manager_msgs/include/controller_manager_msgs/controller_manager_msgs/msg/detail/hardware_component_state__rosidl_typesupport_introspection_c.h
[2.274s] -- Up-to-date symlink: /home/lulav/ros2_ws/install/controller_manager_msgs/include/controller_manager_msgs/controller_manager_msgs/msg/detail/hardware_interface__rosidl_typesupport_introspection_c.h
[2.274s] -- Up-to-date symlink: /home/lulav/ros2_ws/install/controller_manager_msgs/include/controller_manager_msgs/controller_manager_msgs/msg/rosidl_typesupport_introspection_c__visibility_control.h
[2.274s] -- Up-to-date symlink: /home/lulav/ros2_ws/install/controller_manager_msgs/include/controller_manager_msgs/controller_manager_msgs/srv/detail/configure_controller__rosidl_typesupport_introspection_c.h
[2.275s] -- Up-to-date symlink: /home/lulav/ros2_ws/install/controller_manager_msgs/include/controller_manager_msgs/controller_manager_msgs/srv/detail/list_controller_types__rosidl_typesupport_introspection_c.h
[2.275s] -- Up-to-date symlink: /home/lulav/ros2_ws/install/controller_manager_msgs/include/controller_manager_msgs/controller_manager_msgs/srv/detail/list_controllers__rosidl_typesupport_introspection_c.h
[2.275s] -- Up-to-date symlink: /home/lulav/ros2_ws/install/controller_manager_msgs/include/controller_manager_msgs/controller_manager_msgs/srv/detail/list_hardware_components__rosidl_typesupport_introspection_c.h
[2.275s] -- Up-to-date symlink: /home/lulav/ros2_ws/install/controller_manager_msgs/include/controller_manager_msgs/controller_manager_msgs/srv/detail/list_hardware_interfaces__rosidl_typesupport_introspection_c.h
[2.275s] -- Up-to-date symlink: /home/lulav/ros2_ws/install/controller_manager_msgs/include/controller_manager_msgs/controller_manager_msgs/srv/detail/load_controller__rosidl_typesupport_introspection_c.h
[2.275s] -- Up-to-date symlink: /home/lulav/ros2_ws/install/controller_manager_msgs/include/controller_manager_msgs/controller_manager_msgs/srv/detail/reload_controller_libraries__rosidl_typesupport_introspection_c.h
[2.276s] -- Up-to-date symlink: /home/lulav/ros2_ws/install/controller_manager_msgs/include/controller_manager_msgs/controller_manager_msgs/srv/detail/set_hardware_component_state__rosidl_typesupport_introspection_c.h
[2.276s] -- Up-to-date symlink: /home/lulav/ros2_ws/install/controller_manager_msgs/include/controller_manager_msgs/controller_manager_msgs/srv/detail/switch_controller__rosidl_typesupport_introspection_c.h
[2.276s] -- Up-to-date symlink: /home/lulav/ros2_ws/install/controller_manager_msgs/include/controller_manager_msgs/controller_manager_msgs/srv/detail/unload_controller__rosidl_typesupport_introspection_c.h
[2.276s] -- Up-to-date symlink: /home/lulav/ros2_ws/install/controller_manager_msgs/include/controller_manager_msgs/controller_manager_msgs/msg/detail/chain_connection__rosidl_typesupport_introspection_cpp.hpp
[2.276s] -- Up-to-date symlink: /home/lulav/ros2_ws/install/controller_manager_msgs/include/controller_manager_msgs/controller_manager_msgs/msg/detail/controller_state__rosidl_typesupport_introspection_cpp.hpp
[2.277s] -- Up-to-date symlink: /home/lulav/ros2_ws/install/controller_manager_msgs/include/controller_manager_msgs/controller_manager_msgs/msg/detail/hardware_component_state__rosidl_typesupport_introspection_cpp.hpp
[2.277s] -- Up-to-date symlink: /home/lulav/ros2_ws/install/controller_manager_msgs/include/controller_manager_msgs/controller_manager_msgs/msg/detail/hardware_interface__rosidl_typesupport_introspection_cpp.hpp
[2.277s] -- Up-to-date symlink: /home/lulav/ros2_ws/install/controller_manager_msgs/include/controller_manager_msgs/controller_manager_msgs/srv/detail/configure_controller__rosidl_typesupport_introspection_cpp.hpp
[2.277s] -- Up-to-date symlink: /home/lulav/ros2_ws/install/controller_manager_msgs/include/controller_manager_msgs/controller_manager_msgs/srv/detail/list_controller_types__rosidl_typesupport_introspection_cpp.hpp
[2.277s] -- Up-to-date symlink: /home/lulav/ros2_ws/install/controller_manager_msgs/include/controller_manager_msgs/controller_manager_msgs/srv/detail/list_controllers__rosidl_typesupport_introspection_cpp.hpp
[2.278s] -- Up-to-date symlink: /home/lulav/ros2_ws/install/controller_manager_msgs/include/controller_manager_msgs/controller_manager_msgs/srv/detail/list_hardware_components__rosidl_typesupport_introspection_cpp.hpp
[2.278s] -- Up-to-date symlink: /home/lulav/ros2_ws/install/controller_manager_msgs/include/controller_manager_msgs/controller_manager_msgs/srv/detail/list_hardware_interfaces__rosidl_typesupport_introspection_cpp.hpp
[2.278s] -- Up-to-date symlink: /home/lulav/ros2_ws/install/controller_manager_msgs/include/controller_manager_msgs/controller_manager_msgs/srv/detail/load_controller__rosidl_typesupport_introspection_cpp.hpp
[2.278s] -- Up-to-date symlink: /home/lulav/ros2_ws/install/controller_manager_msgs/include/controller_manager_msgs/controller_manager_msgs/srv/detail/reload_controller_libraries__rosidl_typesupport_introspection_cpp.hpp
[2.278s] -- Up-to-date symlink: /home/lulav/ros2_ws/install/controller_manager_msgs/include/controller_manager_msgs/controller_manager_msgs/srv/detail/set_hardware_component_state__rosidl_typesupport_introspection_cpp.hpp
[2.278s] -- Up-to-date symlink: /home/lulav/ros2_ws/install/controller_manager_msgs/include/controller_manager_msgs/controller_manager_msgs/srv/detail/switch_controller__rosidl_typesupport_introspection_cpp.hpp
[2.279s] -- Up-to-date symlink: /home/lulav/ros2_ws/install/controller_manager_msgs/include/controller_manager_msgs/controller_manager_msgs/srv/detail/unload_controller__rosidl_typesupport_introspection_cpp.hpp
[2.279s] -- Up-to-date symlink: /home/lulav/ros2_ws/install/controller_manager_msgs/share/controller_manager_msgs/environment/pythonpath.sh
[2.279s] -- Up-to-date symlink: /home/lulav/ros2_ws/install/controller_manager_msgs/share/controller_manager_msgs/environment/pythonpath.dsv
[2.280s] -- Up-to-date symlink: /home/lulav/ros2_ws/install/controller_manager_msgs/local/lib/python3.10/dist-packages/controller_manager_msgs-2.29.0-py3.10.egg-info/PKG-INFO
[2.281s] -- Up-to-date symlink: /home/lulav/ros2_ws/install/controller_manager_msgs/local/lib/python3.10/dist-packages/controller_manager_msgs-2.29.0-py3.10.egg-info/SOURCES.txt
[2.281s] -- Up-to-date symlink: /home/lulav/ros2_ws/install/controller_manager_msgs/local/lib/python3.10/dist-packages/controller_manager_msgs-2.29.0-py3.10.egg-info/dependency_links.txt
[2.281s] -- Up-to-date symlink: /home/lulav/ros2_ws/install/controller_manager_msgs/local/lib/python3.10/dist-packages/controller_manager_msgs-2.29.0-py3.10.egg-info/top_level.txt
[2.295s] -- Up-to-date symlink: /home/lulav/ros2_ws/install/controller_manager_msgs/local/lib/python3.10/dist-packages/controller_manager_msgs/__init__.py
[2.295s] -- Up-to-date symlink: /home/lulav/ros2_ws/install/controller_manager_msgs/local/lib/python3.10/dist-packages/controller_manager_msgs/_controller_manager_msgs_s.ep.rosidl_typesupport_c.c
[2.296s] -- Up-to-date symlink: /home/lulav/ros2_ws/install/controller_manager_msgs/local/lib/python3.10/dist-packages/controller_manager_msgs/_controller_manager_msgs_s.ep.rosidl_typesupport_fastrtps_c.c
[2.296s] -- Up-to-date symlink: /home/lulav/ros2_ws/install/controller_manager_msgs/local/lib/python3.10/dist-packages/controller_manager_msgs/_controller_manager_msgs_s.ep.rosidl_typesupport_introspection_c.c
[2.297s] -- Up-to-date symlink: /home/lulav/ros2_ws/install/controller_manager_msgs/local/lib/python3.10/dist-packages/controller_manager_msgs/controller_manager_msgs_s__rosidl_typesupport_c.cpython-310-x86_64-linux-gnu.so
[2.297s] -- Up-to-date symlink: /home/lulav/ros2_ws/install/controller_manager_msgs/local/lib/python3.10/dist-packages/controller_manager_msgs/controller_manager_msgs_s__rosidl_typesupport_fastrtps_c.cpython-310-x86_64-linux-gnu.so
[2.297s] -- Up-to-date symlink: /home/lulav/ros2_ws/install/controller_manager_msgs/local/lib/python3.10/dist-packages/controller_manager_msgs/controller_manager_msgs_s__rosidl_typesupport_introspection_c.cpython-310-x86_64-linux-gnu.so
[2.297s] -- Up-to-date symlink: /home/lulav/ros2_ws/install/controller_manager_msgs/local/lib/python3.10/dist-packages/controller_manager_msgs/libcontroller_manager_msgs__rosidl_generator_py.so
[2.297s] -- Up-to-date symlink: /home/lulav/ros2_ws/install/controller_manager_msgs/local/lib/python3.10/dist-packages/controller_manager_msgs/msg/__init__.py
[2.298s] -- Up-to-date symlink: /home/lulav/ros2_ws/install/controller_manager_msgs/local/lib/python3.10/dist-packages/controller_manager_msgs/msg/_chain_connection.py
[2.298s] -- Up-to-date symlink: /home/lulav/ros2_ws/install/controller_manager_msgs/local/lib/python3.10/dist-packages/controller_manager_msgs/msg/_chain_connection_s.c
[2.298s] -- Up-to-date symlink: /home/lulav/ros2_ws/install/controller_manager_msgs/local/lib/python3.10/dist-packages/controller_manager_msgs/msg/_controller_state.py
[2.298s] -- Up-to-date symlink: /home/lulav/ros2_ws/install/controller_manager_msgs/local/lib/python3.10/dist-packages/controller_manager_msgs/msg/_controller_state_s.c
[2.298s] -- Up-to-date symlink: /home/lulav/ros2_ws/install/controller_manager_msgs/local/lib/python3.10/dist-packages/controller_manager_msgs/msg/_hardware_component_state.py
[2.298s] -- Up-to-date symlink: /home/lulav/ros2_ws/install/controller_manager_msgs/local/lib/python3.10/dist-packages/controller_manager_msgs/msg/_hardware_component_state_s.c
[2.299s] -- Up-to-date symlink: /home/lulav/ros2_ws/install/controller_manager_msgs/local/lib/python3.10/dist-packages/controller_manager_msgs/msg/_hardware_interface.py
[2.299s] -- Up-to-date symlink: /home/lulav/ros2_ws/install/controller_manager_msgs/local/lib/python3.10/dist-packages/controller_manager_msgs/msg/_hardware_interface_s.c
[2.299s] -- Up-to-date symlink: /home/lulav/ros2_ws/install/controller_manager_msgs/local/lib/python3.10/dist-packages/controller_manager_msgs/srv/__init__.py
[2.299s] -- Up-to-date symlink: /home/lulav/ros2_ws/install/controller_manager_msgs/local/lib/python3.10/dist-packages/controller_manager_msgs/srv/_configure_controller.py
[2.299s] -- Up-to-date symlink: /home/lulav/ros2_ws/install/controller_manager_msgs/local/lib/python3.10/dist-packages/controller_manager_msgs/srv/_configure_controller_s.c
[2.300s] -- Up-to-date symlink: /home/lulav/ros2_ws/install/controller_manager_msgs/local/lib/python3.10/dist-packages/controller_manager_msgs/srv/_list_controller_types.py
[2.300s] -- Up-to-date symlink: /home/lulav/ros2_ws/install/controller_manager_msgs/local/lib/python3.10/dist-packages/controller_manager_msgs/srv/_list_controller_types_s.c
[2.300s] -- Up-to-date symlink: /home/lulav/ros2_ws/install/controller_manager_msgs/local/lib/python3.10/dist-packages/controller_manager_msgs/srv/_list_controllers.py
[2.300s] -- Up-to-date symlink: /home/lulav/ros2_ws/install/controller_manager_msgs/local/lib/python3.10/dist-packages/controller_manager_msgs/srv/_list_controllers_s.c
[2.300s] -- Up-to-date symlink: /home/lulav/ros2_ws/install/controller_manager_msgs/local/lib/python3.10/dist-packages/controller_manager_msgs/srv/_list_hardware_components.py
[2.301s] -- Up-to-date symlink: /home/lulav/ros2_ws/install/controller_manager_msgs/local/lib/python3.10/dist-packages/controller_manager_msgs/srv/_list_hardware_components_s.c
[2.301s] -- Up-to-date symlink: /home/lulav/ros2_ws/install/controller_manager_msgs/local/lib/python3.10/dist-packages/controller_manager_msgs/srv/_list_hardware_interfaces.py
[2.301s] -- Up-to-date symlink: /home/lulav/ros2_ws/install/controller_manager_msgs/local/lib/python3.10/dist-packages/controller_manager_msgs/srv/_list_hardware_interfaces_s.c
[2.301s] -- Up-to-date symlink: /home/lulav/ros2_ws/install/controller_manager_msgs/local/lib/python3.10/dist-packages/controller_manager_msgs/srv/_load_controller.py
[2.302s] -- Up-to-date symlink: /home/lulav/ros2_ws/install/controller_manager_msgs/local/lib/python3.10/dist-packages/controller_manager_msgs/srv/_load_controller_s.c
[2.302s] -- Up-to-date symlink: /home/lulav/ros2_ws/install/controller_manager_msgs/local/lib/python3.10/dist-packages/controller_manager_msgs/srv/_reload_controller_libraries.py
[2.302s] -- Up-to-date symlink: /home/lulav/ros2_ws/install/controller_manager_msgs/local/lib/python3.10/dist-packages/controller_manager_msgs/srv/_reload_controller_libraries_s.c
[2.303s] -- Up-to-date symlink: /home/lulav/ros2_ws/install/controller_manager_msgs/local/lib/python3.10/dist-packages/controller_manager_msgs/srv/_set_hardware_component_state.py
[2.303s] -- Up-to-date symlink: /home/lulav/ros2_ws/install/controller_manager_msgs/local/lib/python3.10/dist-packages/controller_manager_msgs/srv/_set_hardware_component_state_s.c
[2.303s] -- Up-to-date symlink: /home/lulav/ros2_ws/install/controller_manager_msgs/local/lib/python3.10/dist-packages/controller_manager_msgs/srv/_switch_controller.py
[2.303s] -- Up-to-date symlink: /home/lulav/ros2_ws/install/controller_manager_msgs/local/lib/python3.10/dist-packages/controller_manager_msgs/srv/_switch_controller_s.c
[2.303s] -- Up-to-date symlink: /home/lulav/ros2_ws/install/controller_manager_msgs/local/lib/python3.10/dist-packages/controller_manager_msgs/srv/_unload_controller.py
[2.304s] -- Up-to-date symlink: /home/lulav/ros2_ws/install/controller_manager_msgs/local/lib/python3.10/dist-packages/controller_manager_msgs/srv/_unload_controller_s.c
[2.304s] -- Up-to-date symlink: /home/lulav/ros2_ws/install/controller_manager_msgs/local/lib/python3.10/dist-packages/controller_manager_msgs/controller_manager_msgs_s__rosidl_typesupport_fastrtps_c.cpython-310-x86_64-linux-gnu.so
[2.304s] -- Up-to-date symlink: /home/lulav/ros2_ws/install/controller_manager_msgs/local/lib/python3.10/dist-packages/controller_manager_msgs/controller_manager_msgs_s__rosidl_typesupport_introspection_c.cpython-310-x86_64-linux-gnu.so
[2.305s] -- Up-to-date symlink: /home/lulav/ros2_ws/install/controller_manager_msgs/local/lib/python3.10/dist-packages/controller_manager_msgs/controller_manager_msgs_s__rosidl_typesupport_c.cpython-310-x86_64-linux-gnu.so
[2.305s] -- Up-to-date symlink: /home/lulav/ros2_ws/install/controller_manager_msgs/share/controller_manager_msgs/msg/ControllerState.idl
[2.305s] -- Up-to-date symlink: /home/lulav/ros2_ws/install/controller_manager_msgs/share/controller_manager_msgs/msg/ChainConnection.idl
[2.305s] -- Up-to-date symlink: /home/lulav/ros2_ws/install/controller_manager_msgs/share/controller_manager_msgs/msg/HardwareComponentState.idl
[2.308s] -- Up-to-date symlink: /home/lulav/ros2_ws/install/controller_manager_msgs/share/controller_manager_msgs/msg/HardwareInterface.idl
[2.308s] -- Up-to-date symlink: /home/lulav/ros2_ws/install/controller_manager_msgs/share/controller_manager_msgs/srv/ConfigureController.idl
[2.309s] -- Up-to-date symlink: /home/lulav/ros2_ws/install/controller_manager_msgs/share/controller_manager_msgs/srv/ListControllers.idl
[2.309s] -- Up-to-date symlink: /home/lulav/ros2_ws/install/controller_manager_msgs/share/controller_manager_msgs/srv/ListControllerTypes.idl
[2.309s] -- Up-to-date symlink: /home/lulav/ros2_ws/install/controller_manager_msgs/share/controller_manager_msgs/srv/ListHardwareComponents.idl
[2.309s] -- Up-to-date symlink: /home/lulav/ros2_ws/install/controller_manager_msgs/share/controller_manager_msgs/srv/ListHardwareInterfaces.idl
[2.309s] -- Up-to-date symlink: /home/lulav/ros2_ws/install/controller_manager_msgs/share/controller_manager_msgs/srv/LoadController.idl
[2.310s] -- Up-to-date symlink: /home/lulav/ros2_ws/install/controller_manager_msgs/share/controller_manager_msgs/srv/ReloadControllerLibraries.idl
[2.310s] -- Up-to-date symlink: /home/lulav/ros2_ws/install/controller_manager_msgs/share/controller_manager_msgs/srv/SetHardwareComponentState.idl
[2.310s] -- Up-to-date symlink: /home/lulav/ros2_ws/install/controller_manager_msgs/share/controller_manager_msgs/srv/SwitchController.idl
[2.310s] -- Up-to-date symlink: /home/lulav/ros2_ws/install/controller_manager_msgs/share/controller_manager_msgs/srv/UnloadController.idl
[2.310s] -- Up-to-date symlink: /home/lulav/ros2_ws/install/controller_manager_msgs/share/controller_manager_msgs/msg/ControllerState.msg
[2.311s] -- Up-to-date symlink: /home/lulav/ros2_ws/install/controller_manager_msgs/share/controller_manager_msgs/msg/ChainConnection.msg
[2.311s] -- Up-to-date symlink: /home/lulav/ros2_ws/install/controller_manager_msgs/share/controller_manager_msgs/msg/HardwareComponentState.msg
[2.311s] -- Up-to-date symlink: /home/lulav/ros2_ws/install/controller_manager_msgs/share/controller_manager_msgs/msg/HardwareInterface.msg
[2.312s] -- Up-to-date symlink: /home/lulav/ros2_ws/install/controller_manager_msgs/share/controller_manager_msgs/srv/ConfigureController.srv
[2.312s] -- Up-to-date symlink: /home/lulav/ros2_ws/install/controller_manager_msgs/share/controller_manager_msgs/srv/ConfigureController_Request.msg
[2.312s] -- Up-to-date symlink: /home/lulav/ros2_ws/install/controller_manager_msgs/share/controller_manager_msgs/srv/ConfigureController_Response.msg
[2.312s] -- Up-to-date symlink: /home/lulav/ros2_ws/install/controller_manager_msgs/share/controller_manager_msgs/srv/ListControllers.srv
[2.313s] -- Up-to-date symlink: /home/lulav/ros2_ws/install/controller_manager_msgs/share/controller_manager_msgs/srv/ListControllers_Request.msg
[2.313s] -- Up-to-date symlink: /home/lulav/ros2_ws/install/controller_manager_msgs/share/controller_manager_msgs/srv/ListControllers_Response.msg
[2.313s] -- Up-to-date symlink: /home/lulav/ros2_ws/install/controller_manager_msgs/share/controller_manager_msgs/srv/ListControllerTypes.srv
[2.313s] -- Up-to-date symlink: /home/lulav/ros2_ws/install/controller_manager_msgs/share/controller_manager_msgs/srv/ListControllerTypes_Request.msg
[2.313s] -- Up-to-date symlink: /home/lulav/ros2_ws/install/controller_manager_msgs/share/controller_manager_msgs/srv/ListControllerTypes_Response.msg
[2.314s] -- Up-to-date symlink: /home/lulav/ros2_ws/install/controller_manager_msgs/share/controller_manager_msgs/srv/ListHardwareComponents.srv
[2.314s] -- Up-to-date symlink: /home/lulav/ros2_ws/install/controller_manager_msgs/share/controller_manager_msgs/srv/ListHardwareComponents_Request.msg
[2.314s] -- Up-to-date symlink: /home/lulav/ros2_ws/install/controller_manager_msgs/share/controller_manager_msgs/srv/ListHardwareComponents_Response.msg
[2.314s] -- Up-to-date symlink: /home/lulav/ros2_ws/install/controller_manager_msgs/share/controller_manager_msgs/srv/ListHardwareInterfaces.srv
[2.315s] -- Up-to-date symlink: /home/lulav/ros2_ws/install/controller_manager_msgs/share/controller_manager_msgs/srv/ListHardwareInterfaces_Request.msg
[2.315s] -- Up-to-date symlink: /home/lulav/ros2_ws/install/controller_manager_msgs/share/controller_manager_msgs/srv/ListHardwareInterfaces_Response.msg
[2.315s] -- Up-to-date symlink: /home/lulav/ros2_ws/install/controller_manager_msgs/share/controller_manager_msgs/srv/LoadController.srv
[2.315s] -- Up-to-date symlink: /home/lulav/ros2_ws/install/controller_manager_msgs/share/controller_manager_msgs/srv/LoadController_Request.msg
[2.315s] -- Up-to-date symlink: /home/lulav/ros2_ws/install/controller_manager_msgs/share/controller_manager_msgs/srv/LoadController_Response.msg
[2.316s] -- Up-to-date symlink: /home/lulav/ros2_ws/install/controller_manager_msgs/share/controller_manager_msgs/srv/ReloadControllerLibraries.srv
[2.316s] -- Up-to-date symlink: /home/lulav/ros2_ws/install/controller_manager_msgs/share/controller_manager_msgs/srv/ReloadControllerLibraries_Request.msg
[2.316s] -- Up-to-date symlink: /home/lulav/ros2_ws/install/controller_manager_msgs/share/controller_manager_msgs/srv/ReloadControllerLibraries_Response.msg
[2.316s] -- Up-to-date symlink: /home/lulav/ros2_ws/install/controller_manager_msgs/share/controller_manager_msgs/srv/SetHardwareComponentState.srv
[2.316s] -- Up-to-date symlink: /home/lulav/ros2_ws/install/controller_manager_msgs/share/controller_manager_msgs/srv/SetHardwareComponentState_Request.msg
[2.317s] -- Up-to-date symlink: /home/lulav/ros2_ws/install/controller_manager_msgs/share/controller_manager_msgs/srv/SetHardwareComponentState_Response.msg
[2.317s] -- Up-to-date symlink: /home/lulav/ros2_ws/install/controller_manager_msgs/share/controller_manager_msgs/srv/SwitchController.srv
[2.317s] -- Up-to-date symlink: /home/lulav/ros2_ws/install/controller_manager_msgs/share/controller_manager_msgs/srv/SwitchController_Request.msg
[2.317s] -- Up-to-date symlink: /home/lulav/ros2_ws/install/controller_manager_msgs/share/controller_manager_msgs/srv/SwitchController_Response.msg
[2.318s] -- Up-to-date symlink: /home/lulav/ros2_ws/install/controller_manager_msgs/share/controller_manager_msgs/srv/UnloadController.srv
[2.318s] -- Up-to-date symlink: /home/lulav/ros2_ws/install/controller_manager_msgs/share/controller_manager_msgs/srv/UnloadController_Request.msg
[2.318s] -- Up-to-date symlink: /home/lulav/ros2_ws/install/controller_manager_msgs/share/controller_manager_msgs/srv/UnloadController_Response.msg
[2.318s] -- Up-to-date symlink: /home/lulav/ros2_ws/install/controller_manager_msgs/share/ament_index/resource_index/package_run_dependencies/controller_manager_msgs
[2.319s] -- Up-to-date symlink: /home/lulav/ros2_ws/install/controller_manager_msgs/share/ament_index/resource_index/parent_prefix_path/controller_manager_msgs
[2.319s] -- Up-to-date symlink: /home/lulav/ros2_ws/install/controller_manager_msgs/share/controller_manager_msgs/environment/ament_prefix_path.sh
[2.319s] -- Up-to-date symlink: /home/lulav/ros2_ws/install/controller_manager_msgs/share/controller_manager_msgs/environment/ament_prefix_path.dsv
[2.319s] -- Up-to-date symlink: /home/lulav/ros2_ws/install/controller_manager_msgs/share/controller_manager_msgs/environment/path.sh
[2.320s] -- Up-to-date symlink: /home/lulav/ros2_ws/install/controller_manager_msgs/share/controller_manager_msgs/environment/path.dsv
[2.320s] -- Up-to-date symlink: /home/lulav/ros2_ws/install/controller_manager_msgs/share/controller_manager_msgs/local_setup.bash
[2.320s] -- Up-to-date symlink: /home/lulav/ros2_ws/install/controller_manager_msgs/share/controller_manager_msgs/local_setup.sh
[2.320s] -- Up-to-date symlink: /home/lulav/ros2_ws/install/controller_manager_msgs/share/controller_manager_msgs/local_setup.zsh
[2.321s] -- Up-to-date symlink: /home/lulav/ros2_ws/install/controller_manager_msgs/share/controller_manager_msgs/local_setup.dsv
[2.321s] -- Symlinking: /home/lulav/ros2_ws/install/controller_manager_msgs/share/controller_manager_msgs/package.dsv
[2.341s] -- Up-to-date symlink: /home/lulav/ros2_ws/install/controller_manager_msgs/share/ament_index/resource_index/packages/controller_manager_msgs
[2.341s] -- Up-to-date symlink: /home/lulav/ros2_ws/install/controller_manager_msgs/share/controller_manager_msgs/cmake/rosidl_cmake-extras.cmake
[2.342s] -- Up-to-date symlink: /home/lulav/ros2_ws/install/controller_manager_msgs/share/controller_manager_msgs/cmake/ament_cmake_export_dependencies-extras.cmake
[2.342s] -- Up-to-date symlink: /home/lulav/ros2_ws/install/controller_manager_msgs/share/controller_manager_msgs/cmake/ament_cmake_export_include_directories-extras.cmake
[2.342s] -- Up-to-date symlink: /home/lulav/ros2_ws/install/controller_manager_msgs/share/controller_manager_msgs/cmake/ament_cmake_export_libraries-extras.cmake
[2.343s] -- Up-to-date symlink: /home/lulav/ros2_ws/install/controller_manager_msgs/share/controller_manager_msgs/cmake/ament_cmake_export_targets-extras.cmake
[2.343s] -- Up-to-date symlink: /home/lulav/ros2_ws/install/controller_manager_msgs/share/controller_manager_msgs/cmake/rosidl_cmake_export_typesupport_targets-extras.cmake
[2.344s] -- Up-to-date symlink: /home/lulav/ros2_ws/install/controller_manager_msgs/share/controller_manager_msgs/cmake/rosidl_cmake_export_typesupport_libraries-extras.cmake
[2.344s] -- Up-to-date symlink: /home/lulav/ros2_ws/install/controller_manager_msgs/share/controller_manager_msgs/cmake/controller_manager_msgsConfig.cmake
[2.345s] -- Up-to-date symlink: /home/lulav/ros2_ws/install/controller_manager_msgs/share/controller_manager_msgs/cmake/controller_manager_msgsConfig-version.cmake
[2.345s] -- Up-to-date symlink: /home/lulav/ros2_ws/install/controller_manager_msgs/share/controller_manager_msgs/package.xml
[2.347s] -- Up-to-date: /home/lulav/ros2_ws/install/controller_manager_msgs/lib/libcontroller_manager_msgs__rosidl_generator_c.so
[2.347s] -- Up-to-date: /home/lulav/ros2_ws/install/controller_manager_msgs/lib/libcontroller_manager_msgs__rosidl_typesupport_fastrtps_c.so
[2.348s] -- Up-to-date: /home/lulav/ros2_ws/install/controller_manager_msgs/lib/libcontroller_manager_msgs__rosidl_typesupport_fastrtps_cpp.so
[2.348s] -- Up-to-date: /home/lulav/ros2_ws/install/controller_manager_msgs/lib/libcontroller_manager_msgs__rosidl_typesupport_introspection_c.so
[2.351s] -- Up-to-date: /home/lulav/ros2_ws/install/controller_manager_msgs/lib/libcontroller_manager_msgs__rosidl_typesupport_c.so
[2.352s] -- Up-to-date: /home/lulav/ros2_ws/install/controller_manager_msgs/lib/libcontroller_manager_msgs__rosidl_typesupport_introspection_cpp.so
[2.353s] -- Up-to-date: /home/lulav/ros2_ws/install/controller_manager_msgs/lib/libcontroller_manager_msgs__rosidl_typesupport_cpp.so
[2.430s] Listing '/home/lulav/ros2_ws/install/controller_manager_msgs/local/lib/python3.10/dist-packages/controller_manager_msgs'...
[2.430s] Listing '/home/lulav/ros2_ws/install/controller_manager_msgs/local/lib/python3.10/dist-packages/controller_manager_msgs/msg'...
[2.431s] Listing '/home/lulav/ros2_ws/install/controller_manager_msgs/local/lib/python3.10/dist-packages/controller_manager_msgs/srv'...
[2.462s] -- Up-to-date: /home/lulav/ros2_ws/install/controller_manager_msgs/lib/libcontroller_manager_msgs__rosidl_generator_py.so
[2.463s] -- Up-to-date: /home/lulav/ros2_ws/install/controller_manager_msgs/share/controller_manager_msgs/cmake/export_controller_manager_msgs__rosidl_generator_cExport.cmake
[2.463s] -- Up-to-date: /home/lulav/ros2_ws/install/controller_manager_msgs/share/controller_manager_msgs/cmake/export_controller_manager_msgs__rosidl_generator_cExport-noconfig.cmake
[2.464s] -- Up-to-date: /home/lulav/ros2_ws/install/controller_manager_msgs/share/controller_manager_msgs/cmake/export_controller_manager_msgs__rosidl_typesupport_fastrtps_cExport.cmake
[2.464s] -- Up-to-date: /home/lulav/ros2_ws/install/controller_manager_msgs/share/controller_manager_msgs/cmake/export_controller_manager_msgs__rosidl_typesupport_fastrtps_cExport-noconfig.cmake
[2.465s] -- Up-to-date: /home/lulav/ros2_ws/install/controller_manager_msgs/share/controller_manager_msgs/cmake/export_controller_manager_msgs__rosidl_generator_cppExport.cmake
[2.465s] -- Up-to-date: /home/lulav/ros2_ws/install/controller_manager_msgs/share/controller_manager_msgs/cmake/export_controller_manager_msgs__rosidl_typesupport_fastrtps_cppExport.cmake
[2.466s] -- Up-to-date: /home/lulav/ros2_ws/install/controller_manager_msgs/share/controller_manager_msgs/cmake/export_controller_manager_msgs__rosidl_typesupport_fastrtps_cppExport-noconfig.cmake
[2.466s] -- Up-to-date: /home/lulav/ros2_ws/install/controller_manager_msgs/share/controller_manager_msgs/cmake/controller_manager_msgs__rosidl_typesupport_introspection_cExport.cmake
[2.466s] -- Up-to-date: /home/lulav/ros2_ws/install/controller_manager_msgs/share/controller_manager_msgs/cmake/controller_manager_msgs__rosidl_typesupport_introspection_cExport-noconfig.cmake
[2.467s] -- Up-to-date: /home/lulav/ros2_ws/install/controller_manager_msgs/share/controller_manager_msgs/cmake/controller_manager_msgs__rosidl_typesupport_cExport.cmake
[2.467s] -- Up-to-date: /home/lulav/ros2_ws/install/controller_manager_msgs/share/controller_manager_msgs/cmake/controller_manager_msgs__rosidl_typesupport_cExport-noconfig.cmake
[2.468s] -- Up-to-date: /home/lulav/ros2_ws/install/controller_manager_msgs/share/controller_manager_msgs/cmake/controller_manager_msgs__rosidl_typesupport_introspection_cppExport.cmake
[2.487s] -- Up-to-date: /home/lulav/ros2_ws/install/controller_manager_msgs/share/controller_manager_msgs/cmake/controller_manager_msgs__rosidl_typesupport_introspection_cppExport-noconfig.cmake
[2.489s] -- Up-to-date: /home/lulav/ros2_ws/install/controller_manager_msgs/share/controller_manager_msgs/cmake/controller_manager_msgs__rosidl_typesupport_cppExport.cmake
[2.489s] -- Up-to-date: /home/lulav/ros2_ws/install/controller_manager_msgs/share/controller_manager_msgs/cmake/controller_manager_msgs__rosidl_typesupport_cppExport-noconfig.cmake
[2.490s] -- Up-to-date: /home/lulav/ros2_ws/install/controller_manager_msgs/share/controller_manager_msgs/cmake/export_controller_manager_msgs__rosidl_generator_pyExport.cmake
[2.491s] -- Up-to-date: /home/lulav/ros2_ws/install/controller_manager_msgs/share/controller_manager_msgs/cmake/export_controller_manager_msgs__rosidl_generator_pyExport-noconfig.cmake
[2.501s] Invoked command in '/home/lulav/ros2_ws/build/controller_manager_msgs' returned '0': CMAKE_PREFIX_PATH=/opt/ros/humble /usr/bin/cmake --install /home/lulav/ros2_ws/build/controller_manager_msgs
