[35m[1mConsolidate compiler generated dependencies of target realtime_tools[0m
[  9%] Built target realtime_tools
[35m[1mConsolidate compiler generated dependencies of target gmock[0m
[ 23%] Built target gmock
[35m[1mConsolidate compiler generated dependencies of target gmock_main[0m
[ 33%] Built target gmock_main
[35m[1mConsolidate compiler generated dependencies of target thread_priority[0m
[ 42%] Built target thread_priority
[35m[1mConsolidate compiler generated dependencies of target realtime_server_goal_handle_tests[0m
[ 52%] Built target realtime_server_goal_handle_tests
[35m[1mConsolidate compiler generated dependencies of target realtime_publisher_tests[0m
[ 61%] Built target realtime_publisher_tests
[35m[1mConsolidate compiler generated dependencies of target realtime_publisher_tests_non_polling[0m
[ 71%] Built target realtime_publisher_tests_non_polling
[35m[1mConsolidate compiler generated dependencies of target realtime_clock_tests[0m
[ 80%] Built target realtime_clock_tests
[35m[1mConsolidate compiler generated dependencies of target realtime_buffer_tests[0m
[ 90%] Built target realtime_buffer_tests
[35m[1mConsolidate compiler generated dependencies of target realtime_box_tests[0m
[100%] Built target realtime_box_tests
-- Install configuration: ""
-- Up-to-date: /workspaces/diffbot/ros2_ws/install/realtime_tools/include/realtime_tools
-- Up-to-date: /workspaces/diffbot/ros2_ws/install/realtime_tools/include/realtime_tools/realtime_tools
-- Up-to-date: /workspaces/diffbot/ros2_ws/install/realtime_tools/include/realtime_tools/realtime_tools/realtime_clock.h
-- Up-to-date: /workspaces/diffbot/ros2_ws/install/realtime_tools/include/realtime_tools/realtime_tools/thread_priority.hpp
-- Up-to-date: /workspaces/diffbot/ros2_ws/install/realtime_tools/include/realtime_tools/realtime_tools/realtime_buffer.h
-- Up-to-date: /workspaces/diffbot/ros2_ws/install/realtime_tools/include/realtime_tools/realtime_tools/realtime_box.h
-- Up-to-date: /workspaces/diffbot/ros2_ws/install/realtime_tools/include/realtime_tools/realtime_tools/realtime_server_goal_handle.h
-- Up-to-date: /workspaces/diffbot/ros2_ws/install/realtime_tools/include/realtime_tools/realtime_tools/realtime_publisher.h
-- Up-to-date: /workspaces/diffbot/ros2_ws/install/realtime_tools/lib/librealtime_tools.so
-- Up-to-date: /workspaces/diffbot/ros2_ws/install/realtime_tools/lib/libthread_priority.so
-- Up-to-date: /workspaces/diffbot/ros2_ws/install/realtime_tools/share/realtime_tools/environment/library_path.sh
-- Up-to-date: /workspaces/diffbot/ros2_ws/install/realtime_tools/share/realtime_tools/environment/library_path.dsv
-- Up-to-date: /workspaces/diffbot/ros2_ws/install/realtime_tools/share/ament_index/resource_index/package_run_dependencies/realtime_tools
-- Up-to-date: /workspaces/diffbot/ros2_ws/install/realtime_tools/share/ament_index/resource_index/parent_prefix_path/realtime_tools
-- Up-to-date: /workspaces/diffbot/ros2_ws/install/realtime_tools/share/realtime_tools/environment/ament_prefix_path.sh
-- Up-to-date: /workspaces/diffbot/ros2_ws/install/realtime_tools/share/realtime_tools/environment/ament_prefix_path.dsv
-- Up-to-date: /workspaces/diffbot/ros2_ws/install/realtime_tools/share/realtime_tools/environment/path.sh
-- Up-to-date: /workspaces/diffbot/ros2_ws/install/realtime_tools/share/realtime_tools/environment/path.dsv
-- Up-to-date: /workspaces/diffbot/ros2_ws/install/realtime_tools/share/realtime_tools/local_setup.bash
-- Up-to-date: /workspaces/diffbot/ros2_ws/install/realtime_tools/share/realtime_tools/local_setup.sh
-- Up-to-date: /workspaces/diffbot/ros2_ws/install/realtime_tools/share/realtime_tools/local_setup.zsh
-- Up-to-date: /workspaces/diffbot/ros2_ws/install/realtime_tools/share/realtime_tools/local_setup.dsv
-- Installing: /workspaces/diffbot/ros2_ws/install/realtime_tools/share/realtime_tools/package.dsv
-- Up-to-date: /workspaces/diffbot/ros2_ws/install/realtime_tools/share/ament_index/resource_index/packages/realtime_tools
-- Up-to-date: /workspaces/diffbot/ros2_ws/install/realtime_tools/share/realtime_tools/cmake/export_realtime_toolsExport.cmake
-- Up-to-date: /workspaces/diffbot/ros2_ws/install/realtime_tools/share/realtime_tools/cmake/export_realtime_toolsExport-noconfig.cmake
-- Up-to-date: /workspaces/diffbot/ros2_ws/install/realtime_tools/share/realtime_tools/cmake/ament_cmake_export_targets-extras.cmake
-- Up-to-date: /workspaces/diffbot/ros2_ws/install/realtime_tools/share/realtime_tools/cmake/ament_cmake_export_dependencies-extras.cmake
-- Up-to-date: /workspaces/diffbot/ros2_ws/install/realtime_tools/share/realtime_tools/cmake/realtime_toolsConfig.cmake
-- Up-to-date: /workspaces/diffbot/ros2_ws/install/realtime_tools/share/realtime_tools/cmake/realtime_toolsConfig-version.cmake
-- Up-to-date: /workspaces/diffbot/ros2_ws/install/realtime_tools/share/realtime_tools/package.xml
