[0.138s] Invoking command in '/workspaces/diffbot/ros2_ws/build/realtime_tools': CMAKE_PREFIX_PATH=${CMAKE_PREFIX_PATH}:/workspaces/diffbot/ros2_ws/install/rqt_controller_manager:/workspaces/diffbot/ros2_ws/install/ros2controlcli:/workspaces/diffbot/ros2_ws/install/ros2_controllers_test_nodes:/workspaces/diffbot/ros2_ws/install/controller:/opt/ros/humble /usr/bin/cmake --build /workspaces/diffbot/ros2_ws/build/realtime_tools -- -j8 -l8
[1.476s] [35m[1mConsolidate compiler generated dependencies of target realtime_tools[0m
[1.477s] [  9%] Built target realtime_tools
[1.477s] [35m[1mConsolidate compiler generated dependencies of target gmock[0m
[1.477s] [ 23%] Built target gmock
[1.477s] [35m[1mConsolidate compiler generated dependencies of target gmock_main[0m
[1.477s] [ 33%] Built target gmock_main
[1.477s] [35m[1mConsolidate compiler generated dependencies of target thread_priority[0m
[1.478s] [ 42%] Built target thread_priority
[1.478s] [35m[1mConsolidate compiler generated dependencies of target realtime_server_goal_handle_tests[0m
[1.478s] [ 52%] Built target realtime_server_goal_handle_tests
[1.478s] [35m[1mConsolidate compiler generated dependencies of target realtime_publisher_tests[0m
[1.478s] [ 61%] Built target realtime_publisher_tests
[1.478s] [35m[1mConsolidate compiler generated dependencies of target realtime_publisher_tests_non_polling[0m
[1.479s] [ 71%] Built target realtime_publisher_tests_non_polling
[1.479s] [35m[1mConsolidate compiler generated dependencies of target realtime_clock_tests[0m
[1.480s] [ 80%] Built target realtime_clock_tests
[1.480s] [35m[1mConsolidate compiler generated dependencies of target realtime_buffer_tests[0m
[1.480s] [ 90%] Built target realtime_buffer_tests
[1.480s] [35m[1mConsolidate compiler generated dependencies of target realtime_box_tests[0m
[1.480s] [100%] Built target realtime_box_tests
[1.512s] Invoked command in '/workspaces/diffbot/ros2_ws/build/realtime_tools' returned '0': CMAKE_PREFIX_PATH=${CMAKE_PREFIX_PATH}:/workspaces/diffbot/ros2_ws/install/rqt_controller_manager:/workspaces/diffbot/ros2_ws/install/ros2controlcli:/workspaces/diffbot/ros2_ws/install/ros2_controllers_test_nodes:/workspaces/diffbot/ros2_ws/install/controller:/opt/ros/humble /usr/bin/cmake --build /workspaces/diffbot/ros2_ws/build/realtime_tools -- -j8 -l8
[3.144s] Invoking command in '/workspaces/diffbot/ros2_ws/build/realtime_tools': CMAKE_PREFIX_PATH=${CMAKE_PREFIX_PATH}:/workspaces/diffbot/ros2_ws/install/rqt_controller_manager:/workspaces/diffbot/ros2_ws/install/ros2controlcli:/workspaces/diffbot/ros2_ws/install/ros2_controllers_test_nodes:/workspaces/diffbot/ros2_ws/install/controller:/opt/ros/humble /usr/bin/cmake --install /workspaces/diffbot/ros2_ws/build/realtime_tools
[3.212s] -- Install configuration: ""
[3.212s] -- Up-to-date: /workspaces/diffbot/ros2_ws/install/realtime_tools/include/realtime_tools
[3.212s] -- Up-to-date: /workspaces/diffbot/ros2_ws/install/realtime_tools/include/realtime_tools/realtime_tools
[3.212s] -- Up-to-date: /workspaces/diffbot/ros2_ws/install/realtime_tools/include/realtime_tools/realtime_tools/realtime_clock.h
[3.213s] -- Up-to-date: /workspaces/diffbot/ros2_ws/install/realtime_tools/include/realtime_tools/realtime_tools/thread_priority.hpp
[3.213s] -- Up-to-date: /workspaces/diffbot/ros2_ws/install/realtime_tools/include/realtime_tools/realtime_tools/realtime_buffer.h
[3.213s] -- Up-to-date: /workspaces/diffbot/ros2_ws/install/realtime_tools/include/realtime_tools/realtime_tools/realtime_box.h
[3.213s] -- Up-to-date: /workspaces/diffbot/ros2_ws/install/realtime_tools/include/realtime_tools/realtime_tools/realtime_server_goal_handle.h
[3.213s] -- Up-to-date: /workspaces/diffbot/ros2_ws/install/realtime_tools/include/realtime_tools/realtime_tools/realtime_publisher.h
[3.213s] -- Up-to-date: /workspaces/diffbot/ros2_ws/install/realtime_tools/lib/librealtime_tools.so
[3.214s] -- Up-to-date: /workspaces/diffbot/ros2_ws/install/realtime_tools/lib/libthread_priority.so
[3.214s] -- Up-to-date: /workspaces/diffbot/ros2_ws/install/realtime_tools/share/realtime_tools/environment/library_path.sh
[3.214s] -- Up-to-date: /workspaces/diffbot/ros2_ws/install/realtime_tools/share/realtime_tools/environment/library_path.dsv
[3.214s] -- Up-to-date: /workspaces/diffbot/ros2_ws/install/realtime_tools/share/ament_index/resource_index/package_run_dependencies/realtime_tools
[3.214s] -- Up-to-date: /workspaces/diffbot/ros2_ws/install/realtime_tools/share/ament_index/resource_index/parent_prefix_path/realtime_tools
[3.214s] -- Up-to-date: /workspaces/diffbot/ros2_ws/install/realtime_tools/share/realtime_tools/environment/ament_prefix_path.sh
[3.215s] -- Up-to-date: /workspaces/diffbot/ros2_ws/install/realtime_tools/share/realtime_tools/environment/ament_prefix_path.dsv
[3.215s] -- Up-to-date: /workspaces/diffbot/ros2_ws/install/realtime_tools/share/realtime_tools/environment/path.sh
[3.215s] -- Up-to-date: /workspaces/diffbot/ros2_ws/install/realtime_tools/share/realtime_tools/environment/path.dsv
[3.215s] -- Up-to-date: /workspaces/diffbot/ros2_ws/install/realtime_tools/share/realtime_tools/local_setup.bash
[3.215s] -- Up-to-date: /workspaces/diffbot/ros2_ws/install/realtime_tools/share/realtime_tools/local_setup.sh
[3.215s] -- Up-to-date: /workspaces/diffbot/ros2_ws/install/realtime_tools/share/realtime_tools/local_setup.zsh
[3.215s] -- Up-to-date: /workspaces/diffbot/ros2_ws/install/realtime_tools/share/realtime_tools/local_setup.dsv
[3.216s] -- Installing: /workspaces/diffbot/ros2_ws/install/realtime_tools/share/realtime_tools/package.dsv
[3.216s] -- Up-to-date: /workspaces/diffbot/ros2_ws/install/realtime_tools/share/ament_index/resource_index/packages/realtime_tools
[3.216s] -- Up-to-date: /workspaces/diffbot/ros2_ws/install/realtime_tools/share/realtime_tools/cmake/export_realtime_toolsExport.cmake
[3.216s] -- Up-to-date: /workspaces/diffbot/ros2_ws/install/realtime_tools/share/realtime_tools/cmake/export_realtime_toolsExport-noconfig.cmake
[3.216s] -- Up-to-date: /workspaces/diffbot/ros2_ws/install/realtime_tools/share/realtime_tools/cmake/ament_cmake_export_targets-extras.cmake
[3.216s] -- Up-to-date: /workspaces/diffbot/ros2_ws/install/realtime_tools/share/realtime_tools/cmake/ament_cmake_export_dependencies-extras.cmake
[3.216s] -- Up-to-date: /workspaces/diffbot/ros2_ws/install/realtime_tools/share/realtime_tools/cmake/realtime_toolsConfig.cmake
[3.217s] -- Up-to-date: /workspaces/diffbot/ros2_ws/install/realtime_tools/share/realtime_tools/cmake/realtime_toolsConfig-version.cmake
[3.217s] -- Up-to-date: /workspaces/diffbot/ros2_ws/install/realtime_tools/share/realtime_tools/package.xml
[3.286s] Invoked command in '/workspaces/diffbot/ros2_ws/build/realtime_tools' returned '0': CMAKE_PREFIX_PATH=${CMAKE_PREFIX_PATH}:/workspaces/diffbot/ros2_ws/install/rqt_controller_manager:/workspaces/diffbot/ros2_ws/install/ros2controlcli:/workspaces/diffbot/ros2_ws/install/ros2_controllers_test_nodes:/workspaces/diffbot/ros2_ws/install/controller:/opt/ros/humble /usr/bin/cmake --install /workspaces/diffbot/ros2_ws/build/realtime_tools
