[35m[1mConsolidate compiler generated dependencies of target ros2_control_demo_mydiffbot[0m
[100%] Built target ros2_control_demo_mydiffbot
-- Install configuration: ""
-- Execute custom install script
-- Up-to-date symlink: /home/lulav/ros2_ws/install/ros2_control_demo_mydiffbot/share/ros2_control_demo_mydiffbot//ros2_control_demo_mydiffbot.xml
-- Up-to-date symlink: /home/lulav/ros2_ws/install/ros2_control_demo_mydiffbot/include/ros2_control_demo_mydiffbot/ros2_control_demo_example_2/diffbot_system.hpp
-- Up-to-date symlink: /home/lulav/ros2_ws/install/ros2_control_demo_mydiffbot/include/ros2_control_demo_mydiffbot/ros2_control_demo_example_2/visibility_control.h
-- Up-to-date symlink: /home/lulav/ros2_ws/install/ros2_control_demo_mydiffbot/share/ros2_control_demo_mydiffbot/launch/view_robot.launch.py
-- Up-to-date symlink: /home/lulav/ros2_ws/install/ros2_control_demo_mydiffbot/share/ros2_control_demo_mydiffbot/ros2_control/diffbot.ros2_control.xacro
-- Up-to-date symlink: /home/lulav/ros2_ws/install/ros2_control_demo_mydiffbot/share/ros2_control_demo_mydiffbot/urdf/diffbot.materials.xacro
-- Up-to-date symlink: /home/lulav/ros2_ws/install/ros2_control_demo_mydiffbot/share/ros2_control_demo_mydiffbot/urdf/diffbot.urdf.xacro
-- Up-to-date symlink: /home/lulav/ros2_ws/install/ros2_control_demo_mydiffbot/share/ros2_control_demo_mydiffbot/urdf/diffbot_description.urdf.xacro
-- Up-to-date symlink: /home/lulav/ros2_ws/install/ros2_control_demo_mydiffbot/share/ros2_control_demo_mydiffbot/rviz/diffbot.rviz
-- Up-to-date symlink: /home/lulav/ros2_ws/install/ros2_control_demo_mydiffbot/share/ros2_control_demo_mydiffbot/rviz/diffbot_view.rviz
-- Up-to-date symlink: /home/lulav/ros2_ws/install/ros2_control_demo_mydiffbot/share/ros2_control_demo_mydiffbot/launch/diffbot.launch.py
-- Up-to-date symlink: /home/lulav/ros2_ws/install/ros2_control_demo_mydiffbot/share/ros2_control_demo_mydiffbot/config/diffbot_controllers.yaml
-- Up-to-date symlink: /home/lulav/ros2_ws/install/ros2_control_demo_mydiffbot/share/ros2_control_demo_mydiffbot/environment/library_path.sh
-- Up-to-date symlink: /home/lulav/ros2_ws/install/ros2_control_demo_mydiffbot/share/ros2_control_demo_mydiffbot/environment/library_path.dsv
-- Up-to-date symlink: /home/lulav/ros2_ws/install/ros2_control_demo_mydiffbot/share/ament_index/resource_index/package_run_dependencies/ros2_control_demo_mydiffbot
-- Up-to-date symlink: /home/lulav/ros2_ws/install/ros2_control_demo_mydiffbot/share/ament_index/resource_index/parent_prefix_path/ros2_control_demo_mydiffbot
-- Up-to-date symlink: /home/lulav/ros2_ws/install/ros2_control_demo_mydiffbot/share/ros2_control_demo_mydiffbot/environment/ament_prefix_path.sh
-- Up-to-date symlink: /home/lulav/ros2_ws/install/ros2_control_demo_mydiffbot/share/ros2_control_demo_mydiffbot/environment/ament_prefix_path.dsv
-- Up-to-date symlink: /home/lulav/ros2_ws/install/ros2_control_demo_mydiffbot/share/ros2_control_demo_mydiffbot/environment/path.sh
-- Up-to-date symlink: /home/lulav/ros2_ws/install/ros2_control_demo_mydiffbot/share/ros2_control_demo_mydiffbot/environment/path.dsv
-- Up-to-date symlink: /home/lulav/ros2_ws/install/ros2_control_demo_mydiffbot/share/ros2_control_demo_mydiffbot/local_setup.bash
-- Up-to-date symlink: /home/lulav/ros2_ws/install/ros2_control_demo_mydiffbot/share/ros2_control_demo_mydiffbot/local_setup.sh
-- Up-to-date symlink: /home/lulav/ros2_ws/install/ros2_control_demo_mydiffbot/share/ros2_control_demo_mydiffbot/local_setup.zsh
-- Up-to-date symlink: /home/lulav/ros2_ws/install/ros2_control_demo_mydiffbot/share/ros2_control_demo_mydiffbot/local_setup.dsv
-- Symlinking: /home/lulav/ros2_ws/install/ros2_control_demo_mydiffbot/share/ros2_control_demo_mydiffbot/package.dsv
-- Up-to-date symlink: /home/lulav/ros2_ws/install/ros2_control_demo_mydiffbot/share/ament_index/resource_index/packages/ros2_control_demo_mydiffbot
-- Up-to-date symlink: /home/lulav/ros2_ws/install/ros2_control_demo_mydiffbot/share/ament_index/resource_index/hardware_interface__pluginlib__plugin/ros2_control_demo_mydiffbot
-- Up-to-date symlink: /home/lulav/ros2_ws/install/ros2_control_demo_mydiffbot/share/ros2_control_demo_mydiffbot/cmake/ament_cmake_export_targets-extras.cmake
-- Up-to-date symlink: /home/lulav/ros2_ws/install/ros2_control_demo_mydiffbot/share/ros2_control_demo_mydiffbot/cmake/ament_cmake_export_dependencies-extras.cmake
-- Up-to-date symlink: /home/lulav/ros2_ws/install/ros2_control_demo_mydiffbot/share/ros2_control_demo_mydiffbot/cmake/ros2_control_demo_mydiffbotConfig.cmake
-- Up-to-date symlink: /home/lulav/ros2_ws/install/ros2_control_demo_mydiffbot/share/ros2_control_demo_mydiffbot/cmake/ros2_control_demo_mydiffbotConfig-version.cmake
-- Up-to-date symlink: /home/lulav/ros2_ws/install/ros2_control_demo_mydiffbot/share/ros2_control_demo_mydiffbot/package.xml
-- Up-to-date: /home/lulav/ros2_ws/install/ros2_control_demo_mydiffbot/lib/libros2_control_demo_mydiffbot.so
-- Up-to-date: /home/lulav/ros2_ws/install/ros2_control_demo_mydiffbot/share/ros2_control_demo_mydiffbot/cmake/export_ros2_control_demo_mydiffbotExport.cmake
-- Up-to-date: /home/lulav/ros2_ws/install/ros2_control_demo_mydiffbot/share/ros2_control_demo_mydiffbot/cmake/export_ros2_control_demo_mydiffbotExport-noconfig.cmake
