[1.556s] Invoking command in '/workspaces/diffbot/ros2_ws/build/joint_limits': CMAKE_PREFIX_PATH=${CMAKE_PREFIX_PATH}:/workspaces/diffbot/ros2_ws/install/rqt_controller_manager:/workspaces/diffbot/ros2_ws/install/ros2controlcli:/workspaces/diffbot/ros2_ws/install/ros2_controllers_test_nodes:/workspaces/diffbot/ros2_ws/install/controller:/opt/ros/humble /usr/bin/cmake /workspaces/diffbot/ros2_ws/src/ros2_control/joint_limits -DCMAKE_INSTALL_PREFIX=/workspaces/diffbot/ros2_ws/install/joint_limits
[1.897s] -- The C compiler identification is GNU 11.4.0
[2.197s] -- The CXX compiler identification is GNU 11.4.0
[2.234s] -- Detecting C compiler ABI info
[2.681s] -- Detecting C compiler ABI info - done
[2.738s] -- Check for working C compiler: /usr/bin/cc - skipped
[2.739s] -- Detecting C compile features
[2.740s] -- Detecting C compile features - done
[2.748s] -- Detecting CXX compiler ABI info
[3.053s] -- Detecting CXX compiler ABI info - done
[3.101s] -- Check for working CXX compiler: /usr/bin/c++ - skipped
[3.102s] -- Detecting CXX compile features
[3.115s] -- Detecting CXX compile features - done
[3.122s] -- Found ament_cmake: 1.3.5 (/opt/ros/humble/share/ament_cmake/cmake)
[3.758s] -- Found Python3: /usr/bin/python3.10 (found version "3.10.12") found components: Interpreter 
[4.045s] -- Found rclcpp: 16.0.5 (/opt/ros/humble/share/rclcpp/cmake)
[4.168s] -- Found rosidl_generator_c: 3.1.5 (/opt/ros/humble/share/rosidl_generator_c/cmake)
[4.190s] -- Found rosidl_adapter: 3.1.5 (/opt/ros/humble/share/rosidl_adapter/cmake)
[4.213s] -- Found rosidl_generator_cpp: 3.1.5 (/opt/ros/humble/share/rosidl_generator_cpp/cmake)
[4.263s] -- Using all available rosidl_typesupport_c: rosidl_typesupport_fastrtps_c;rosidl_typesupport_introspection_c
[4.342s] -- Using all available rosidl_typesupport_cpp: rosidl_typesupport_fastrtps_cpp;rosidl_typesupport_introspection_cpp
[4.602s] -- Found rmw_implementation_cmake: 6.1.1 (/opt/ros/humble/share/rmw_implementation_cmake/cmake)
[4.620s] -- Found rmw_fastrtps_cpp: 6.2.3 (/opt/ros/humble/share/rmw_fastrtps_cpp/cmake)
[4.998s] -- Found OpenSSL: /usr/lib/x86_64-linux-gnu/libcrypto.so (found version "3.0.2")  
[5.086s] -- Found FastRTPS: /opt/ros/humble/include  
[5.268s] -- Using RMW implementation 'rmw_fastrtps_cpp' as default
[5.299s] -- Looking for pthread.h
[5.526s] -- Looking for pthread.h - found
[5.527s] -- Performing Test CMAKE_HAVE_LIBC_PTHREAD
[5.768s] -- Performing Test CMAKE_HAVE_LIBC_PTHREAD - Success
[5.774s] -- Found Threads: TRUE  
[6.638s] -- Found rclcpp_lifecycle: 16.0.5 (/opt/ros/humble/share/rclcpp_lifecycle/cmake)
[7.012s] -- Found ament_cmake_gtest: 1.3.5 (/opt/ros/humble/share/ament_cmake_gtest/cmake)
[7.033s] -- Found launch_testing_ament_cmake: 1.0.4 (/opt/ros/humble/share/launch_testing_ament_cmake/cmake)
[7.068s] -- Found python_cmake_module: 0.10.0 (/opt/ros/humble/share/python_cmake_module/cmake)
[7.192s] -- Found PythonInterp: /usr/bin/python3 (found suitable version "3.10.12", minimum required is "3.6") 
[7.203s] -- Found PythonLibs: /usr/lib/x86_64-linux-gnu/libpython3.10.so (found suitable version "3.10.12", minimum required is "3.5") 
[7.203s] -- Using PYTHON_EXECUTABLE: /usr/bin/python3
[7.203s] -- Using PYTHON_INCLUDE_DIRS: /usr/include/python3.10
[7.204s] -- Using PYTHON_LIBRARIES: /usr/lib/x86_64-linux-gnu/libpython3.10.so
[7.348s] -- Found PythonExtra: .so  
[7.380s] -- Found gtest sources under '/opt/ros/humble/src/gtest_vendor': C++ tests using 'Google Test' will be built
[7.788s] -- Configuring done
[7.884s] -- Generating done
[7.902s] -- Build files have been written to: /workspaces/diffbot/ros2_ws/build/joint_limits
[7.972s] Invoked command in '/workspaces/diffbot/ros2_ws/build/joint_limits' returned '0': CMAKE_PREFIX_PATH=${CMAKE_PREFIX_PATH}:/workspaces/diffbot/ros2_ws/install/rqt_controller_manager:/workspaces/diffbot/ros2_ws/install/ros2controlcli:/workspaces/diffbot/ros2_ws/install/ros2_controllers_test_nodes:/workspaces/diffbot/ros2_ws/install/controller:/opt/ros/humble /usr/bin/cmake /workspaces/diffbot/ros2_ws/src/ros2_control/joint_limits -DCMAKE_INSTALL_PREFIX=/workspaces/diffbot/ros2_ws/install/joint_limits
[7.974s] Invoking command in '/workspaces/diffbot/ros2_ws/build/joint_limits': CMAKE_PREFIX_PATH=${CMAKE_PREFIX_PATH}:/workspaces/diffbot/ros2_ws/install/rqt_controller_manager:/workspaces/diffbot/ros2_ws/install/ros2controlcli:/workspaces/diffbot/ros2_ws/install/ros2_controllers_test_nodes:/workspaces/diffbot/ros2_ws/install/controller:/opt/ros/humble /usr/bin/cmake --build /workspaces/diffbot/ros2_ws/build/joint_limits -- -j8 -l8
[8.338s] [ 16%] [32mBuilding CXX object gtest/CMakeFiles/gtest.dir/src/gtest-all.cc.o[0m
[8.377s] [ 33%] [32mBuilding CXX object gtest/CMakeFiles/gtest_main.dir/src/gtest_main.cc.o[0m
[11.466s] [ 50%] [32m[1mLinking CXX static library libgtest_main.a[0m
[11.802s] [ 50%] Built target gtest_main
[21.748s] [ 66%] [32m[1mLinking CXX static library libgtest.a[0m
[22.095s] [ 66%] Built target gtest
[22.401s] [ 83%] [32mBuilding CXX object CMakeFiles/joint_limits_rosparam_test.dir/test/joint_limits_rosparam_test.cpp.o[0m
[47.266s] [100%] [32m[1mLinking CXX executable joint_limits_rosparam_test[0m
[48.584s] [100%] Built target joint_limits_rosparam_test
[48.623s] Invoked command in '/workspaces/diffbot/ros2_ws/build/joint_limits' returned '0': CMAKE_PREFIX_PATH=${CMAKE_PREFIX_PATH}:/workspaces/diffbot/ros2_ws/install/rqt_controller_manager:/workspaces/diffbot/ros2_ws/install/ros2controlcli:/workspaces/diffbot/ros2_ws/install/ros2_controllers_test_nodes:/workspaces/diffbot/ros2_ws/install/controller:/opt/ros/humble /usr/bin/cmake --build /workspaces/diffbot/ros2_ws/build/joint_limits -- -j8 -l8
[49.021s] Invoking command in '/workspaces/diffbot/ros2_ws/build/joint_limits': CMAKE_PREFIX_PATH=${CMAKE_PREFIX_PATH}:/workspaces/diffbot/ros2_ws/install/rqt_controller_manager:/workspaces/diffbot/ros2_ws/install/ros2controlcli:/workspaces/diffbot/ros2_ws/install/ros2_controllers_test_nodes:/workspaces/diffbot/ros2_ws/install/controller:/opt/ros/humble /usr/bin/cmake --install /workspaces/diffbot/ros2_ws/build/joint_limits
[49.073s] -- Install configuration: ""
[49.074s] -- Installing: /workspaces/diffbot/ros2_ws/install/joint_limits/include
[49.084s] -- Installing: /workspaces/diffbot/ros2_ws/install/joint_limits/include/joint_limits
[49.084s] -- Installing: /workspaces/diffbot/ros2_ws/install/joint_limits/include/joint_limits/joint_limits.hpp
[49.085s] -- Installing: /workspaces/diffbot/ros2_ws/install/joint_limits/include/joint_limits/joint_limits_rosparam.hpp
[49.087s] -- Installing: /workspaces/diffbot/ros2_ws/install/joint_limits/lib/joint_limits/joint_limits_rosparam_test
[49.089s] -- Set runtime path of "/workspaces/diffbot/ros2_ws/install/joint_limits/lib/joint_limits/joint_limits_rosparam_test" to ""
[49.090s] -- Installing: /workspaces/diffbot/ros2_ws/install/joint_limits/share/joint_limits/test/joint_limits_rosparam.yaml
[49.090s] -- Installing: /workspaces/diffbot/ros2_ws/install/joint_limits/share/ament_index/resource_index/package_run_dependencies/joint_limits
[49.092s] -- Installing: /workspaces/diffbot/ros2_ws/install/joint_limits/share/ament_index/resource_index/parent_prefix_path/joint_limits
[49.093s] -- Installing: /workspaces/diffbot/ros2_ws/install/joint_limits/share/joint_limits/environment/ament_prefix_path.sh
[49.093s] -- Installing: /workspaces/diffbot/ros2_ws/install/joint_limits/share/joint_limits/environment/ament_prefix_path.dsv
[49.093s] -- Installing: /workspaces/diffbot/ros2_ws/install/joint_limits/share/joint_limits/environment/path.sh
[49.093s] -- Installing: /workspaces/diffbot/ros2_ws/install/joint_limits/share/joint_limits/environment/path.dsv
[49.095s] -- Installing: /workspaces/diffbot/ros2_ws/install/joint_limits/share/joint_limits/local_setup.bash
[49.096s] -- Installing: /workspaces/diffbot/ros2_ws/install/joint_limits/share/joint_limits/local_setup.sh
[49.102s] -- Installing: /workspaces/diffbot/ros2_ws/install/joint_limits/share/joint_limits/local_setup.zsh
[49.102s] -- Installing: /workspaces/diffbot/ros2_ws/install/joint_limits/share/joint_limits/local_setup.dsv
[49.102s] -- Installing: /workspaces/diffbot/ros2_ws/install/joint_limits/share/joint_limits/package.dsv
[49.102s] -- Installing: /workspaces/diffbot/ros2_ws/install/joint_limits/share/ament_index/resource_index/packages/joint_limits
[49.103s] -- Installing: /workspaces/diffbot/ros2_ws/install/joint_limits/share/joint_limits/cmake/ament_cmake_export_dependencies-extras.cmake
[49.103s] -- Installing: /workspaces/diffbot/ros2_ws/install/joint_limits/share/joint_limits/cmake/ament_cmake_export_include_directories-extras.cmake
[49.103s] -- Installing: /workspaces/diffbot/ros2_ws/install/joint_limits/share/joint_limits/cmake/joint_limitsConfig.cmake
[49.103s] -- Installing: /workspaces/diffbot/ros2_ws/install/joint_limits/share/joint_limits/cmake/joint_limitsConfig-version.cmake
[49.104s] -- Installing: /workspaces/diffbot/ros2_ws/install/joint_limits/share/joint_limits/package.xml
[49.118s] Invoked command in '/workspaces/diffbot/ros2_ws/build/joint_limits' returned '0': CMAKE_PREFIX_PATH=${CMAKE_PREFIX_PATH}:/workspaces/diffbot/ros2_ws/install/rqt_controller_manager:/workspaces/diffbot/ros2_ws/install/ros2controlcli:/workspaces/diffbot/ros2_ws/install/ros2_controllers_test_nodes:/workspaces/diffbot/ros2_ws/install/controller:/opt/ros/humble /usr/bin/cmake --install /workspaces/diffbot/ros2_ws/build/joint_limits
